<?xml version="1.0" encoding="UTF-8"?>
<testsuite name="com.marcnuri.isotope.api.folder.FolderResourceTest" tests="15" skipped="0" failures="0" errors="0" timestamp="2020-02-10T16:43:14" hostname="DESKTOP-U7U4TE6" time="0.841">
  <properties/>
  <testcase name="deleteMessages_validFolderAndValidIds_shouldReturnOk" classname="com.marcnuri.isotope.api.folder.FolderResourceTest" time="0.293"/>
  <testcase name="deleteFolder_validFolderAndNewName_shouldReturnOk" classname="com.marcnuri.isotope.api.folder.FolderResourceTest" time="0.055"/>
  <testcase name="getMessages_validFolderId_shouldReturnOk" classname="com.marcnuri.isotope.api.folder.FolderResourceTest" time="0.099"/>
  <testcase name="setMessageSeen_validFolderAndMessage_shouldReturnNoContent" classname="com.marcnuri.isotope.api.folder.FolderResourceTest" time="0.03"/>
  <testcase name="setMessagesSeen_validFolderAndMessages_shouldReturnNoContent" classname="com.marcnuri.isotope.api.folder.FolderResourceTest" time="0.044"/>
  <testcase name="deleteAllFolderMessages_validFolderAndValidIds_shouldReturnOk" classname="com.marcnuri.isotope.api.folder.FolderResourceTest" time="0.041"/>
  <testcase name="moveFolder_validFolderAndNewName_shouldReturnOk" classname="com.marcnuri.isotope.api.folder.FolderResourceTest" time="0.03"/>
  <testcase name="preloadMessages_validFolderAndValidIds_shouldReturnOk" classname="com.marcnuri.isotope.api.folder.FolderResourceTest" time="0.031"/>
  <testcase name="createChildFolder_validFolderParentAndNewName_shouldReturnOk" classname="com.marcnuri.isotope.api.folder.FolderResourceTest" time="0.029"/>
  <testcase name="setMessageFlagged_validFolderAndMessage_shouldReturnNoContent" classname="com.marcnuri.isotope.api.folder.FolderResourceTest" time="0.021"/>
  <testcase name="getMessage_validFolderAndMessageIds_shouldReturnOk" classname="com.marcnuri.isotope.api.folder.FolderResourceTest" time="0.032"/>
  <testcase name="moveFolder_validFolderAndNullBody_shouldReturnOk_movesTargetToRoot" classname="com.marcnuri.isotope.api.folder.FolderResourceTest" time="0.029"/>
  <testcase name="getFolders_na_shouldReturnOk" classname="com.marcnuri.isotope.api.folder.FolderResourceTest" time="0.029"/>
  <testcase name="renameFolder_validFolderAndNewName_shouldReturnOk" classname="com.marcnuri.isotope.api.folder.FolderResourceTest" time="0.029"/>
  <testcase name="createRootFolder_validNewName_shouldReturnOk" classname="com.marcnuri.isotope.api.folder.FolderResourceTest" time="0.032"/>
  <system-out><![CDATA[17:43:14.282 [Test worker] DEBUG org.springframework.test.context.junit4.SpringJUnit4ClassRunner - SpringJUnit4ClassRunner constructor called with [class com.marcnuri.isotope.api.folder.FolderResourceTest]
17:43:14.282 [Test worker] DEBUG org.springframework.test.context.BootstrapUtils - Instantiating CacheAwareContextLoaderDelegate from class [org.springframework.test.context.cache.DefaultCacheAwareContextLoaderDelegate]
17:43:14.282 [Test worker] DEBUG org.springframework.test.context.BootstrapUtils - Instantiating BootstrapContext using constructor [public org.springframework.test.context.support.DefaultBootstrapContext(java.lang.Class,org.springframework.test.context.CacheAwareContextLoaderDelegate)]
17:43:14.282 [Test worker] DEBUG org.springframework.test.context.BootstrapUtils - Instantiating TestContextBootstrapper for test class [com.marcnuri.isotope.api.folder.FolderResourceTest] from class [org.springframework.test.context.support.DefaultTestContextBootstrapper]
17:43:14.287 [Test worker] DEBUG org.springframework.test.context.support.AbstractDelegatingSmartContextLoader - Delegating to AnnotationConfigContextLoader to process context configuration [ContextConfigurationAttributes@747688f4 declaringClass = 'com.marcnuri.isotope.api.folder.FolderResourceTest', classes = '{class com.marcnuri.isotope.api.folder.FolderResource}', locations = '{}', inheritLocations = true, initializers = '{}', inheritInitializers = true, name = [null], contextLoaderClass = 'org.springframework.test.context.ContextLoader'].
17:43:14.289 [Test worker] DEBUG org.springframework.test.context.support.ActiveProfilesUtils - Could not find an 'annotation declaring class' for annotation type [org.springframework.test.context.ActiveProfiles] and class [com.marcnuri.isotope.api.folder.FolderResourceTest]
17:43:14.289 [Test worker] DEBUG org.springframework.test.context.support.DefaultTestContextBootstrapper - @TestExecutionListeners is not present for class [com.marcnuri.isotope.api.folder.FolderResourceTest]: using defaults.
17:43:14.289 [Test worker] INFO org.springframework.test.context.support.DefaultTestContextBootstrapper - Loaded default TestExecutionListener class names from location [META-INF/spring.factories]: [org.springframework.security.test.context.support.WithSecurityContextTestExecutionListener, org.springframework.security.test.context.support.ReactorContextTestExecutionListener, org.springframework.boot.test.autoconfigure.restdocs.RestDocsTestExecutionListener, org.springframework.boot.test.autoconfigure.web.client.MockRestServiceServerResetTestExecutionListener, org.springframework.boot.test.autoconfigure.web.servlet.MockMvcPrintOnlyOnFailureTestExecutionListener, org.springframework.boot.test.autoconfigure.web.servlet.WebDriverTestExecutionListener, org.springframework.boot.test.mock.mockito.MockitoTestExecutionListener, org.springframework.boot.test.mock.mockito.ResetMocksTestExecutionListener, org.springframework.test.context.web.ServletTestExecutionListener, org.springframework.test.context.support.DirtiesContextBeforeModesTestExecutionListener, org.springframework.test.context.support.DependencyInjectionTestExecutionListener, org.springframework.test.context.support.DirtiesContextTestExecutionListener, org.springframework.test.context.transaction.TransactionalTestExecutionListener, org.springframework.test.context.jdbc.SqlScriptsTestExecutionListener]
17:43:14.290 [Test worker] DEBUG org.springframework.test.context.support.DefaultTestContextBootstrapper - Skipping candidate TestExecutionListener [org.springframework.test.context.transaction.TransactionalTestExecutionListener] due to a missing dependency. Specify custom listener classes or make the default listener classes and their required dependencies available. Offending class: [org/springframework/transaction/interceptor/TransactionAttributeSource]
17:43:14.290 [Test worker] DEBUG org.springframework.test.context.support.DefaultTestContextBootstrapper - Skipping candidate TestExecutionListener [org.springframework.test.context.jdbc.SqlScriptsTestExecutionListener] due to a missing dependency. Specify custom listener classes or make the default listener classes and their required dependencies available. Offending class: [org/springframework/transaction/interceptor/TransactionAttribute]
17:43:14.291 [Test worker] INFO org.springframework.test.context.support.DefaultTestContextBootstrapper - Using TestExecutionListeners: [org.springframework.test.context.web.ServletTestExecutionListener@4b007bac, org.springframework.test.context.support.DirtiesContextBeforeModesTestExecutionListener@5df4ac57, org.springframework.boot.test.mock.mockito.MockitoTestExecutionListener@e43c0aa, org.springframework.test.context.support.DependencyInjectionTestExecutionListener@5bab8133, org.springframework.test.context.support.DirtiesContextTestExecutionListener@133e5cf1, org.springframework.security.test.context.support.WithSecurityContextTestExecutionListener@6bd0ccd5, org.springframework.security.test.context.support.ReactorContextTestExecutionListener@7b060795, org.springframework.boot.test.autoconfigure.restdocs.RestDocsTestExecutionListener@7c23b3df, org.springframework.boot.test.autoconfigure.web.client.MockRestServiceServerResetTestExecutionListener@1d9ba17e, org.springframework.boot.test.autoconfigure.web.servlet.MockMvcPrintOnlyOnFailureTestExecutionListener@7040607c, org.springframework.boot.test.autoconfigure.web.servlet.WebDriverTestExecutionListener@3b31eb4e, org.springframework.boot.test.mock.mockito.ResetMocksTestExecutionListener@5a6d0abc]
17:43:14.291 [Test worker] DEBUG org.springframework.test.annotation.ProfileValueUtils - Retrieved @ProfileValueSourceConfiguration [null] for test class [com.marcnuri.isotope.api.folder.FolderResourceTest]
17:43:14.291 [Test worker] DEBUG org.springframework.test.annotation.ProfileValueUtils - Retrieved ProfileValueSource type [class org.springframework.test.annotation.SystemProfileValueSource] for class [com.marcnuri.isotope.api.folder.FolderResourceTest]
17:43:14.291 [Test worker] DEBUG org.springframework.test.annotation.ProfileValueUtils - Retrieved @ProfileValueSourceConfiguration [null] for test class [com.marcnuri.isotope.api.folder.FolderResourceTest]
17:43:14.291 [Test worker] DEBUG org.springframework.test.annotation.ProfileValueUtils - Retrieved ProfileValueSource type [class org.springframework.test.annotation.SystemProfileValueSource] for class [com.marcnuri.isotope.api.folder.FolderResourceTest]
17:43:14.292 [Test worker] DEBUG org.springframework.test.context.support.AbstractDirtiesContextTestExecutionListener - Before test class: context [DefaultTestContext@1abdc0de testClass = FolderResourceTest, testInstance = [null], testMethod = [null], testException = [null], mergedContextConfiguration = [MergedContextConfiguration@690d0075 testClass = FolderResourceTest, locations = '{}', classes = '{class com.marcnuri.isotope.api.folder.FolderResource}', contextInitializerClasses = '[]', activeProfiles = '{}', propertySourceLocations = '{}', propertySourceProperties = '{}', contextCustomizers = set[org.springframework.boot.test.autoconfigure.properties.PropertyMappingContextCustomizer@0, org.springframework.boot.test.autoconfigure.web.servlet.WebDriverContextCustomizerFactory$Customizer@42a343c1, org.springframework.boot.test.context.filter.ExcludeFilterContextCustomizer@3d8dc3, org.springframework.boot.test.json.DuplicateJsonObjectContextCustomizerFactory$DuplicateJsonObjectContextCustomizer@5f493529, org.springframework.boot.test.mock.mockito.MockitoContextCustomizer@8186d819], contextLoader = 'org.springframework.test.context.support.DelegatingSmartContextLoader', parent = [null]], attributes = map[[empty]]], class annotated with @DirtiesContext [false] with mode [null].
17:43:14.292 [Test worker] DEBUG org.springframework.test.annotation.ProfileValueUtils - Retrieved @ProfileValueSourceConfiguration [null] for test class [com.marcnuri.isotope.api.folder.FolderResourceTest]
17:43:14.292 [Test worker] DEBUG org.springframework.test.annotation.ProfileValueUtils - Retrieved ProfileValueSource type [class org.springframework.test.annotation.SystemProfileValueSource] for class [com.marcnuri.isotope.api.folder.FolderResourceTest]
17:43:14.294 [Test worker] DEBUG org.springframework.test.context.support.AbstractDelegatingSmartContextLoader - Delegating to AnnotationConfigContextLoader to load context from [MergedContextConfiguration@690d0075 testClass = FolderResourceTest, locations = '{}', classes = '{class com.marcnuri.isotope.api.folder.FolderResource}', contextInitializerClasses = '[]', activeProfiles = '{}', propertySourceLocations = '{}', propertySourceProperties = '{}', contextCustomizers = set[org.springframework.boot.test.autoconfigure.properties.PropertyMappingContextCustomizer@0, org.springframework.boot.test.autoconfigure.web.servlet.WebDriverContextCustomizerFactory$Customizer@42a343c1, org.springframework.boot.test.context.filter.ExcludeFilterContextCustomizer@3d8dc3, org.springframework.boot.test.json.DuplicateJsonObjectContextCustomizerFactory$DuplicateJsonObjectContextCustomizer@5f493529, org.springframework.boot.test.mock.mockito.MockitoContextCustomizer@8186d819], contextLoader = 'org.springframework.test.context.support.DelegatingSmartContextLoader', parent = [null]].
17:43:14.294 [Test worker] DEBUG org.springframework.test.context.support.AbstractGenericContextLoader - Loading ApplicationContext for merged context configuration [[MergedContextConfiguration@690d0075 testClass = FolderResourceTest, locations = '{}', classes = '{class com.marcnuri.isotope.api.folder.FolderResource}', contextInitializerClasses = '[]', activeProfiles = '{}', propertySourceLocations = '{}', propertySourceProperties = '{}', contextCustomizers = set[org.springframework.boot.test.autoconfigure.properties.PropertyMappingContextCustomizer@0, org.springframework.boot.test.autoconfigure.web.servlet.WebDriverContextCustomizerFactory$Customizer@42a343c1, org.springframework.boot.test.context.filter.ExcludeFilterContextCustomizer@3d8dc3, org.springframework.boot.test.json.DuplicateJsonObjectContextCustomizerFactory$DuplicateJsonObjectContextCustomizer@5f493529, org.springframework.boot.test.mock.mockito.MockitoContextCustomizer@8186d819], contextLoader = 'org.springframework.test.context.support.DelegatingSmartContextLoader', parent = [null]]].
17:43:14.294 [Test worker] DEBUG org.springframework.core.env.StandardEnvironment - Adding PropertySource 'systemProperties' with lowest search precedence
17:43:14.294 [Test worker] DEBUG org.springframework.core.env.StandardEnvironment - Adding PropertySource 'systemEnvironment' with lowest search precedence
17:43:14.294 [Test worker] DEBUG org.springframework.core.env.StandardEnvironment - Initialized StandardEnvironment with PropertySources [MapPropertySource@999152502 {name='systemProperties', properties={java.runtime.name=OpenJDK Runtime Environment, sun.boot.library.path=C:\Program Files\AdoptOpenJDK\jdk-8.0.242.08-hotspot\jre\bin, java.vm.version=25.242-b08, java.vm.vendor=, java.vendor.url=http://java.oracle.com/, path.separator=;, java.vm.name=OpenJDK 64-Bit Server VM, file.encoding.pkg=sun.io, user.script=, sun.java.launcher=SUN_STANDARD, user.country=GB, sun.os.patch.level=, java.vm.specification.name=Java Virtual Machine Specification, user.dir=C:\azure-devops\git\eShopOnContainers\src\Web\WebImapClient\Client\server, java.runtime.version=1.8.0_242-b08, java.awt.graphicsenv=sun.awt.Win32GraphicsEnvironment, java.endorsed.dirs=C:\Program Files\AdoptOpenJDK\jdk-8.0.242.08-hotspot\jre\lib\endorsed, os.arch=amd64, java.io.tmpdir=C:\Users\jorge\AppData\Local\Temp\, line.separator=
, java.vm.specification.vendor=Oracle Corporation, user.variant=, os.name=Windows 10, sun.jnu.encoding=Cp1252, java.library.path=C:\Program Files\AdoptOpenJDK\jdk-8.0.242.08-hotspot\bin;C:\Windows\Sun\Java\bin;C:\Windows\system32;C:\Windows;C:\Program Files\AdoptOpenJDK\jdk-8.0.242.08-hotspot\bin;C:\Program Files (x86)\Common Files\Oracle\Java\javapath;C:\Python27\;C:\Python27\Scripts;C:\ProgramData\DockerDesktop\version-bin;C:\Program Files\Docker\Docker\Resources\bin;C:\Windows\system32;C:\Windows;C:\Windows\System32\Wbem;C:\Windows\System32\WindowsPowerShell\v1.0\;C:\Windows\System32\OpenSSH\;C:\Program Files (x86)\NVIDIA Corporation\PhysX\Common;C:\Program Files\dotnet\;C:\Program Files\Microsoft SQL Server\130\Tools\Binn\;C:\Program Files\Microsoft SQL Server\Client SDK\ODBC\170\Tools\Binn\;C:\Program Files (x86)\Microsoft SQL Server\150\DTS\Binn\;C:\Program Files\Git\cmd;C:\Program Files (x86)\Microsoft ASP.NET\ASP.NET Web Pages\v1.0\;C:\Program Files\Microsoft SQL Server\110\Tools\Binn\;C:\Users\jorge\.dnx\bin;C:\Program Files\Microsoft DNX\Dnvm\;C:\Program Files\nodejs\;C:\ProgramData\chocolatey\bin;C:\Program Files\Microsoft\Web Platform Installer\;C:\Users\jorge\AppData\Local\Microsoft\WindowsApps;C:\Users\jorge\AppData\Local\Programs\Microsoft VS Code\bin;C:\Users\jorge\.dotnet\tools;C:\Users\jorge\AppData\Roaming\npm;C:\Users\jorge\AppData\Local\GitHubDesktop\bin;., java.specification.name=Java Platform API Specification, java.class.version=52.0, org.gradle.native=false, sun.management.compiler=HotSpot 64-Bit Tiered Compilers, os.version=10.0, user.home=C:\Users\jorge, user.timezone=Europe/Paris, java.awt.printerjob=sun.awt.windows.WPrinterJob, file.encoding=windows-1252, java.specification.version=1.8, java.class.path=C:\azure-devops\git\eShopOnContainers\src\Web\WebImapClient\Client\server\build\classes\java\test;C:\azure-devops\git\eShopOnContainers\src\Web\WebImapClient\Client\server\build\resources\test;C:\azure-devops\git\eShopOnContainers\src\Web\WebImapClient\Client\server\build\classes\java\main;C:\azure-devops\git\eShopOnContainers\src\Web\WebImapClient\Client\server\build\resources\main;C:\Users\jorge\.gradle\caches\modules-2\files-2.1\org.springframework.boot\spring-boot-starter-actuator\2.0.4.RELEASE\24e901473279d9c18e0a0f8037d58b18c8297dca\spring-boot-starter-actuator-2.0.4.RELEASE.jar;C:\Users\jorge\.gradle\caches\modules-2\files-2.1\org.springframework.boot\spring-boot-starter-security\2.0.4.RELEASE\2ac314e5985fd9ae0d2acaea450f4f6c3dbd7f92\spring-boot-starter-security-2.0.4.RELEASE.jar;C:\Users\jorge\.gradle\caches\modules-2\files-2.1\org.springframework.boot\spring-boot-starter-webflux\2.0.4.RELEASE\a52fcd02fb6129e14f2b4b36acc5748368563c93\spring-boot-starter-webflux-2.0.4.RELEASE.jar;C:\Users\jorge\.gradle\caches\modules-2\files-2.1\org.springframework.boot\spring-boot-starter-test\2.0.4.RELEASE\8f473705d2742b669f0318f10a956f94a93ba3d2\spring-boot-starter-test-2.0.4.RELEASE.jar;C:\Users\jorge\.gradle\caches\modules-2\files-2.1\org.springframework.boot\spring-boot-starter-hateoas\2.0.4.RELEASE\2f115bebeffea81859c6d874457fa8db16b10747\spring-boot-starter-hateoas-2.0.4.RELEASE.jar;C:\Users\jorge\.gradle\caches\modules-2\files-2.1\org.springframework.boot\spring-boot-starter-web\2.0.4.RELEASE\98d49e981ecf804da877d84259b7b0d1ec2fb6f6\spring-boot-starter-web-2.0.4.RELEASE.jar;C:\Users\jorge\.gradle\caches\modules-2\files-2.1\org.springframework.boot\spring-boot-starter-json\2.0.4.RELEASE\c7afabf0d7c85db178da4ce0634e3bd2ddb0eb71\spring-boot-starter-json-2.0.4.RELEASE.jar;C:\Users\jorge\.gradle\caches\modules-2\files-2.1\org.springframework.boot\spring-boot-starter\2.0.4.RELEASE\ec46c63a2adeee40058eff1a6baefca13975dc94\spring-boot-starter-2.0.4.RELEASE.jar;C:\Users\jorge\.gradle\caches\modules-2\files-2.1\com.sun.mail\javax.mail\1.6.1\757ba4630692bb2a1ec2d9d57a616b63f15e947e\javax.mail-1.6.1.jar;C:\Users\jorge\.gradle\caches\modules-2\files-2.1\org.springframework.boot\spring-boot-actuator-autoconfigure\2.0.4.RELEASE\2cadc1d20a1f9ee667a608cfee154138e954f5f2\spring-boot-actuator-autoconfigure-2.0.4.RELEASE.jar;C:\Users\jorge\.gradle\caches\modules-2\files-2.1\com.fasterxml.jackson.datatype\jackson-datatype-jsr310\2.9.6\ea54f6193d224e5e5732bbd4262327eb465397c2\jackson-datatype-jsr310-2.9.6.jar;C:\Users\jorge\.gradle\caches\modules-2\files-2.1\commons-io\commons-io\2.6\815893df5f31da2ece4040fe0a12fd44b577afaf\commons-io-2.6.jar;C:\Users\jorge\.gradle\caches\modules-2\files-2.1\org.springframework.security\spring-security-test\5.0.7.RELEASE\a74c9ab10d53baa3bb7a731753fe0c6d9ab9d848\spring-security-test-5.0.7.RELEASE.jar;C:\Users\jorge\.gradle\caches\modules-2\files-2.1\com.marcnuri\spring-common-test\0.0.2\da9c2c5e849c7dcbbe99d190bedffa5e6fe450a5\spring-common-test-0.0.2.jar;C:\Users\jorge\.gradle\caches\modules-2\files-2.1\org.hamcrest\java-hamcrest\2.0.0.0\f1c8853ade0ecf707f5a261c830e98893983813\java-hamcrest-2.0.0.0.jar;C:\Users\jorge\.gradle\caches\modules-2\files-2.1\org.powermock\powermock-module-junit4\2.0.0-RC.3\b9a04b492e2b93e93617ba457f76aebbf00fc221\powermock-module-junit4-2.0.0-RC.3.jar;C:\Users\jorge\.gradle\caches\modules-2\files-2.1\org.powermock\powermock-api-mockito2\2.0.0-RC.3\f85a8404be063ef15c5fdd3745b11d2fba875fcd\powermock-api-mockito2-2.0.0-RC.3.jar;C:\Users\jorge\.gradle\caches\modules-2\files-2.1\org.springframework.boot\spring-boot-test-autoconfigure\2.0.4.RELEASE\8a2e3f31e607fdb08deda2f59263ce177f1c4310\spring-boot-test-autoconfigure-2.0.4.RELEASE.jar;C:\Users\jorge\.gradle\caches\modules-2\files-2.1\org.springframework.boot\spring-boot-test\2.0.4.RELEASE\8a17fc3cf16b6d75f2ba132ade04409a670095de\spring-boot-test-2.0.4.RELEASE.jar;C:\Users\jorge\.gradle\caches\modules-2\files-2.1\org.springframework.boot\spring-boot-autoconfigure\2.0.4.RELEASE\65cd1244d606acc02ab7bfc47a203a3fe2400dda\spring-boot-autoconfigure-2.0.4.RELEASE.jar;C:\Users\jorge\.gradle\caches\modules-2\files-2.1\org.springframework.boot\spring-boot-actuator\2.0.4.RELEASE\9c02c968eb50a7cdc14fc4c7b586d767df6dc48d\spring-boot-actuator-2.0.4.RELEASE.jar;C:\Users\jorge\.gradle\caches\modules-2\files-2.1\org.springframework.boot\spring-boot\2.0.4.RELEASE\c8619c5b06d4dcdb4cac1e5e9c839e6e8b1c8574\spring-boot-2.0.4.RELEASE.jar;C:\Users\jorge\.gradle\caches\modules-2\files-2.1\org.springframework.boot\spring-boot-starter-logging\2.0.4.RELEASE\dcd1a2c431c970f44adae64d9145133979a513ab\spring-boot-starter-logging-2.0.4.RELEASE.jar;C:\Users\jorge\.gradle\caches\modules-2\files-2.1\org.springframework.boot\spring-boot-starter-tomcat\2.0.4.RELEASE\dcf28989a34b0801fea0e810c371fb9dab1e7784\spring-boot-starter-tomcat-2.0.4.RELEASE.jar;C:\Users\jorge\.gradle\caches\modules-2\files-2.1\javax.annotation\javax.annotation-api\1.3.2\934c04d3cfef185a8008e7bf34331b79730a9d43\javax.annotation-api-1.3.2.jar;C:\Users\jorge\.gradle\caches\modules-2\files-2.1\org.springframework.security\spring-security-config\5.0.7.RELEASE\d702e01048687db4ec6c97fb32d28ffbe348b3e\spring-security-config-5.0.7.RELEASE.jar;C:\Users\jorge\.gradle\caches\modules-2\files-2.1\org.springframework.security\spring-security-web\5.0.7.RELEASE\bab3ed579d4550bb5cc40b0a7fddd0106db7c66\spring-security-web-5.0.7.RELEASE.jar;C:\Users\jorge\.gradle\caches\modules-2\files-2.1\org.springframework.hateoas\spring-hateoas\0.25.0.RELEASE\22d1abd575426709734ab83e7d81d6deb4addbf6\spring-hateoas-0.25.0.RELEASE.jar;C:\Users\jorge\.gradle\caches\modules-2\files-2.1\org.springframework\spring-webflux\5.0.8.RELEASE\d16ce1cf6f95771e821619d6ef13c1f0333fafb\spring-webflux-5.0.8.RELEASE.jar;C:\Users\jorge\.gradle\caches\modules-2\files-2.1\org.springframework\spring-webmvc\5.0.8.RELEASE\7e5fe57590ca8e4468e50fe1d92b0b67aa4a327a\spring-webmvc-5.0.8.RELEASE.jar;C:\Users\jorge\.gradle\caches\modules-2\files-2.1\org.springframework\spring-web\5.0.8.RELEASE\fa43cdadb4ab2491fd1d0ddb06c0808e4b60fc85\spring-web-5.0.8.RELEASE.jar;C:\Users\jorge\.gradle\caches\modules-2\files-2.1\org.springframework\spring-test\5.0.8.RELEASE\5782619373bd7e7b7d9106203c317b04bb613ebb\spring-test-5.0.8.RELEASE.jar;C:\Users\jorge\.gradle\caches\modules-2\files-2.1\org.springframework.security\spring-security-core\5.0.7.RELEASE\40a0c57af6b4c3f8c611216d2579c6ab19672694\spring-security-core-5.0.7.RELEASE.jar;C:\Users\jorge\.gradle\caches\modules-2\files-2.1\org.springframework.plugin\spring-plugin-core\1.2.0.RELEASE\f380e7760032e7d929184f8ad8a33716b75c0657\spring-plugin-core-1.2.0.RELEASE.jar;C:\Users\jorge\.gradle\caches\modules-2\files-2.1\org.springframework\spring-context\5.0.8.RELEASE\3a067d8990761111c9b6d1d895640be26cc1fb38\spring-context-5.0.8.RELEASE.jar;C:\Users\jorge\.gradle\caches\modules-2\files-2.1\org.springframework\spring-aop\5.0.8.RELEASE\f5086c1a3185c481104511837427b39a07a57aa2\spring-aop-5.0.8.RELEASE.jar;C:\Users\jorge\.gradle\caches\modules-2\files-2.1\org.springframework\spring-beans\5.0.8.RELEASE\5fc965d3e7f5515099244857a8ae9e2a208c169b\spring-beans-5.0.8.RELEASE.jar;C:\Users\jorge\.gradle\caches\modules-2\files-2.1\org.springframework\spring-expression\5.0.8.RELEASE\f23158f22c917df2cddf2ecebc398a9e95f95fae\spring-expression-5.0.8.RELEASE.jar;C:\Users\jorge\.gradle\caches\modules-2\files-2.1\org.springframework\spring-core\5.0.8.RELEASE\dc39c49e3246cdf73d3786ac41119140aed3fa08\spring-core-5.0.8.RELEASE.jar;C:\Users\jorge\.gradle\caches\modules-2\files-2.1\org.yaml\snakeyaml\1.19\2d998d3d674b172a588e54ab619854d073f555b5\snakeyaml-1.19.jar;C:\Users\jorge\.gradle\caches\modules-2\files-2.1\io.micrometer\micrometer-core\1.0.6\50299bc8a34c251d62311bbb1a297f3942a82e42\micrometer-core-1.0.6.jar;C:\Users\jorge\.gradle\caches\modules-2\files-2.1\org.springframework.boot\spring-boot-starter-reactor-netty\2.0.4.RELEASE\ed4ac88f7fc699a9cbb6ee804a26e2e30239ca35\spring-boot-starter-reactor-netty-2.0.4.RELEASE.jar;C:\Users\jorge\.gradle\caches\modules-2\files-2.1\org.hibernate.validator\hibernate-validator\6.0.11.Final\36f9d10a11e4768f55e8fb91ebe4338a5c43954e\hibernate-validator-6.0.11.Final.jar;C:\Users\jorge\.gradle\caches\modules-2\files-2.1\org.synchronoss.cloud\nio-multipart-parser\1.1.0\c6c417fec6612584b1c34d4dd98c5a4e47e8c754\nio-multipart-parser-1.1.0.jar;C:\Users\jorge\.gradle\caches\modules-2\files-2.1\javax.activation\activation\1.1\e6cb541461c2834bdea3eb920f1884d1eb508b50\activation-1.1.jar;C:\Users\jorge\.gradle\caches\modules-2\files-2.1\com.fasterxml.jackson.datatype\jackson-datatype-jdk8\2.9.6\456895fc91bf7180b216fead220373e6278230c9\jackson-datatype-jdk8-2.9.6.jar;C:\Users\jorge\.gradle\caches\modules-2\files-2.1\com.fasterxml.jackson.module\jackson-module-parameter-names\2.9.6\129acd77a4b6ee30d62d3a0899b1344c8ec2bff8\jackson-module-parameter-names-2.9.6.jar;C:\Users\jorge\.gradle\caches\modules-2\files-2.1\com.fasterxml.jackson.core\jackson-databind\2.9.6\cfa4f316351a91bfd95cb0644c6a2c95f52db1fc\jackson-databind-2.9.6.jar;C:\Users\jorge\.gradle\caches\modules-2\files-2.1\com.fasterxml.jackson.core\jackson-annotations\2.9.0\7c10d545325e3a6e72e06381afe469fd40eb701\jackson-annotations-2.9.0.jar;C:\Users\jorge\.gradle\caches\modules-2\files-2.1\com.fasterxml.jackson.core\jackson-core\2.9.6\4e393793c37c77e042ccc7be5a914ae39251b365\jackson-core-2.9.6.jar;C:\Users\jorge\.gradle\caches\modules-2\files-2.1\com.jayway.jsonpath\json-path\2.4.0\765a4401ceb2dc8d40553c2075eb80a8fa35c2ae\json-path-2.4.0.jar;C:\Users\jorge\.gradle\caches\modules-2\files-2.1\org.powermock\powermock-module-junit4-common\2.0.0-RC.3\f09137abdf1aeea2df214037eab50ed864602c9a\powermock-module-junit4-common-2.0.0-RC.3.jar;C:\Users\jorge\.gradle\caches\modules-2\files-2.1\junit\junit\4.12\2973d150c0dc1fefe998f834810d68f278ea58ec\junit-4.12.jar;C:\Users\jorge\.gradle\caches\modules-2\files-2.1\org.assertj\assertj-core\3.9.1\c5ce126b15f28d56cd8f960c1a6a058b9c9aea87\assertj-core-3.9.1.jar;C:\Users\jorge\.gradle\caches\modules-2\files-2.1\org.mockito\mockito-core\2.15.0\b84bfbbc29cd22c9529409627af6ea2897f4fa85\mockito-core-2.15.0.jar;C:\Users\jorge\.gradle\caches\modules-2\files-2.1\org.hamcrest\hamcrest-library\1.3\4785a3c21320980282f9f33d0d1264a69040538f\hamcrest-library-1.3.jar;C:\Users\jorge\.gradle\caches\modules-2\files-2.1\org.hamcrest\hamcrest-core\1.3\42a25dc3219429f0e5d060061f71acb49bf010a0\hamcrest-core-1.3.jar;C:\Users\jorge\.gradle\caches\modules-2\files-2.1\org.skyscreamer\jsonassert\1.5.0\6c9d5fe2f59da598d9aefc1cfc6528ff3cf32df3\jsonassert-1.5.0.jar;C:\Users\jorge\.gradle\caches\modules-2\files-2.1\org.xmlunit\xmlunit-core\2.5.1\4ffdb346572a7356f7521cd3119ce5287d2e339d\xmlunit-core-2.5.1.jar;C:\Users\jorge\.gradle\caches\modules-2\files-2.1\org.powermock\powermock-api-support\2.0.0-RC.3\a23d6bdbcf865513c9f6992134152be80504e499\powermock-api-support-2.0.0-RC.3.jar;C:\Users\jorge\.gradle\caches\modules-2\files-2.1\ch.qos.logback\logback-classic\1.2.3\7c4f3c474fb2c041d8028740440937705ebb473a\logback-classic-1.2.3.jar;C:\Users\jorge\.gradle\caches\modules-2\files-2.1\org.apache.logging.log4j\log4j-to-slf4j\2.10.0\f7e631ccf49cfc0aefa4a2a728da7d374c05bd3c\log4j-to-slf4j-2.10.0.jar;C:\Users\jorge\.gradle\caches\modules-2\files-2.1\org.slf4j\jul-to-slf4j\1.7.25\af5364cd6679bfffb114f0dec8a157aaa283b76\jul-to-slf4j-1.7.25.jar;C:\Users\jorge\.gradle\caches\modules-2\files-2.1\org.springframework\spring-jcl\5.0.8.RELEASE\a1fa8fb560fb252321776e16bc9ac8201af4ef5e\spring-jcl-5.0.8.RELEASE.jar;C:\Users\jorge\.gradle\caches\modules-2\files-2.1\org.hdrhistogram\HdrHistogram\2.1.10\9e1ac84eed220281841b75e72fb9de5a297fbf04\HdrHistogram-2.1.10.jar;C:\Users\jorge\.gradle\caches\modules-2\files-2.1\org.latencyutils\LatencyUtils\2.0.3\769c0b82cb2421c8256300e907298a9410a2a3d3\LatencyUtils-2.0.3.jar;C:\Users\jorge\.gradle\caches\modules-2\files-2.1\org.synchronoss.cloud\nio-stream-storage\1.1.3\986dba5f6e5eed20f0dba6ddc8e8a64a9ebdc2f3\nio-stream-storage-1.1.3.jar;C:\Users\jorge\.gradle\caches\modules-2\files-2.1\org.slf4j\slf4j-api\1.7.25\da76ca59f6a57ee3102f8f9bd9cee742973efa8a\slf4j-api-1.7.25.jar;C:\Users\jorge\.gradle\caches\modules-2\files-2.1\io.projectreactor.ipc\reactor-netty\0.7.8.RELEASE\fe25c7d3042b6005690f7d243cef987b696a12ee\reactor-netty-0.7.8.RELEASE.jar;C:\Users\jorge\.gradle\caches\modules-2\files-2.1\javax.validation\validation-api\2.0.1.Final\cb855558e6271b1b32e716d24cb85c7f583ce09e\validation-api-2.0.1.Final.jar;C:\Users\jorge\.gradle\caches\modules-2\files-2.1\org.jboss.logging\jboss-logging\3.3.2.Final\3789d00e859632e6c6206adc0c71625559e6e3b0\jboss-logging-3.3.2.Final.jar;C:\Users\jorge\.gradle\caches\modules-2\files-2.1\com.fasterxml\classmate\1.3.4\3d5f48f10bbe4eb7bd862f10c0583be2e0053c6\classmate-1.3.4.jar;C:\Users\jorge\.gradle\caches\modules-2\files-2.1\io.projectreactor\reactor-core\3.1.8.RELEASE\3bcc30f9161d3d17abe44b4aa20e397e5170566e\reactor-core-3.1.8.RELEASE.jar;C:\Users\jorge\.gradle\caches\modules-2\files-2.1\net.minidev\json-smart\2.3\7396407491352ce4fa30de92efb158adb76b5b\json-smart-2.3.jar;C:\Users\jorge\.gradle\caches\modules-2\files-2.1\org.powermock\powermock-core\2.0.0-RC.3\f958479ea1f0d1ba37cf65b6612fccfbaf4d8dd3\powermock-core-2.0.0-RC.3.jar;C:\Users\jorge\.gradle\caches\modules-2\files-2.1\org.powermock\powermock-reflect\2.0.0-RC.3\c10437486ae35b91666c2591fd7b1a8054b4573c\powermock-reflect-2.0.0-RC.3.jar;C:\Users\jorge\.gradle\caches\modules-2\files-2.1\net.bytebuddy\byte-buddy\1.7.11\f02857a4e2c66ccbe7aaad6100a0a6c461bce9b3\byte-buddy-1.7.11.jar;C:\Users\jorge\.gradle\caches\modules-2\files-2.1\net.bytebuddy\byte-buddy-agent\1.7.11\b425a8933ca07edd03c6dbc8bc3b595fba9780de\byte-buddy-agent-1.7.11.jar;C:\Users\jorge\.gradle\caches\modules-2\files-2.1\org.objenesis\objenesis\3.0.1\11cfac598df9dc48bb9ed9357ed04212694b7808\objenesis-3.0.1.jar;C:\Users\jorge\.gradle\caches\modules-2\files-2.1\com.vaadin.external.google\android-json\0.0.20131108.vaadin1\fa26d351fe62a6a17f5cda1287c1c6110dec413f\android-json-0.0.20131108.vaadin1.jar;C:\Users\jorge\.gradle\caches\modules-2\files-2.1\ch.qos.logback\logback-core\1.2.3\864344400c3d4d92dfeb0a305dc87d953677c03c\logback-core-1.2.3.jar;C:\Users\jorge\.gradle\caches\modules-2\files-2.1\org.apache.logging.log4j\log4j-api\2.10.0\fec5797a55b786184a537abd39c3fa1449d752d6\log4j-api-2.10.0.jar;C:\Users\jorge\.gradle\caches\modules-2\files-2.1\org.apache.tomcat.embed\tomcat-embed-websocket\8.5.32\ea5302e378f1449d4e5dda79e8d810c1e7931f91\tomcat-embed-websocket-8.5.32.jar;C:\Users\jorge\.gradle\caches\modules-2\files-2.1\org.apache.tomcat.embed\tomcat-embed-core\8.5.32\6bc6896200146010cc4666bdc6b9b0cbb453ee22\tomcat-embed-core-8.5.32.jar;C:\Users\jorge\.gradle\caches\modules-2\files-2.1\org.apache.tomcat.embed\tomcat-embed-el\8.5.32\e4fd0ee015d83fa1c5ec93ff1d05bdaf9a4480c5\tomcat-embed-el-8.5.32.jar;C:\Users\jorge\.gradle\caches\modules-2\files-2.1\io.netty\netty-handler-proxy\4.1.27.Final\1a822ce7760bc6eb4937b7e448c9e081fedcc807\netty-handler-proxy-4.1.27.Final.jar;C:\Users\jorge\.gradle\caches\modules-2\files-2.1\io.netty\netty-codec-http\4.1.27.Final\a1722d6bcbbef1c4c7877e8bf38b07a3db5ed07f\netty-codec-http-4.1.27.Final.jar;C:\Users\jorge\.gradle\caches\modules-2\files-2.1\io.netty\netty-handler\4.1.27.Final\21bd9cf565390a8d72579b8664303e3c175dfc6a\netty-handler-4.1.27.Final.jar;C:\Users\jorge\.gradle\caches\modules-2\files-2.1\io.netty\netty-transport-native-epoll\4.1.27.Final\8c3a61a7dd53eafe2f0fe31356f1379598f74517\netty-transport-native-epoll-4.1.27.Final-linux-x86_64.jar;C:\Users\jorge\.gradle\caches\modules-2\files-2.1\org.reactivestreams\reactive-streams\1.0.2\323964c36556eb0e6209f65c1cef72b53b461ab8\reactive-streams-1.0.2.jar;C:\Users\jorge\.gradle\caches\modules-2\files-2.1\net.minidev\accessors-smart\1.2\c592b500269bfde36096641b01238a8350f8aa31\accessors-smart-1.2.jar;C:\Users\jorge\.gradle\caches\modules-2\files-2.1\org.javassist\javassist\3.24.0-GA\d7466fc2e3af7c023e95c510f06448ad29b225b3\javassist-3.24.0-GA.jar;C:\Users\jorge\.gradle\caches\modules-2\files-2.1\io.netty\netty-codec-socks\4.1.27.Final\285b09af98764cf02e4b77b3d95af188469a7133\netty-codec-socks-4.1.27.Final.jar;C:\Users\jorge\.gradle\caches\modules-2\files-2.1\io.netty\netty-codec\4.1.27.Final\d2653d78ebaa650064768fb26b10051f5c8efb2c\netty-codec-4.1.27.Final.jar;C:\Users\jorge\.gradle\caches\modules-2\files-2.1\io.netty\netty-transport-native-unix-common\4.1.27.Final\2b0667fe5c1df78c6cfbf9d53ad8b1fb533fb8e8\netty-transport-native-unix-common-4.1.27.Final.jar;C:\Users\jorge\.gradle\caches\modules-2\files-2.1\io.netty\netty-transport\4.1.27.Final\b5c2da3ea89dd67320925f1504c9eb3615241b7c\netty-transport-4.1.27.Final.jar;C:\Users\jorge\.gradle\caches\modules-2\files-2.1\io.netty\netty-buffer\4.1.27.Final\aafe2b9fb0d8f3b200cf10b9fd6486c6a722d7a1\netty-buffer-4.1.27.Final.jar;C:\Users\jorge\.gradle\caches\modules-2\files-2.1\io.netty\netty-resolver\4.1.27.Final\2536447ef9605ccb2b5203aa22392c6514484ea9\netty-resolver-4.1.27.Final.jar;C:\Users\jorge\.gradle\caches\modules-2\files-2.1\io.netty\netty-common\4.1.27.Final\6a12a969c27fb37b230c4bde5a67bd822fa6b7a4\netty-common-4.1.27.Final.jar;C:\Users\jorge\.gradle\caches\modules-2\files-2.1\org.ow2.asm\asm\5.0.4\da08b8cce7bbf903602a25a3a163ae252435795\asm-5.0.4.jar, user.name=jorge, java.vm.specification.version=1.8, sun.java.command=worker.org.gradle.process.internal.worker.GradleWorkerMain 'Gradle Test Executor 3', java.home=C:\Program Files\AdoptOpenJDK\jdk-8.0.242.08-hotspot\jre, sun.arch.data.model=64, user.language=en, java.specification.vendor=Oracle Corporation, awt.toolkit=sun.awt.windows.WToolkit, java.vm.info=mixed mode, java.version=1.8.0_242, java.ext.dirs=C:\Program Files\AdoptOpenJDK\jdk-8.0.242.08-hotspot\jre\lib\ext;C:\Windows\Sun\Java\lib\ext, sun.boot.class.path=C:\Program Files\AdoptOpenJDK\jdk-8.0.242.08-hotspot\jre\lib\resources.jar;C:\Program Files\AdoptOpenJDK\jdk-8.0.242.08-hotspot\jre\lib\rt.jar;C:\Program Files\AdoptOpenJDK\jdk-8.0.242.08-hotspot\jre\lib\sunrsasign.jar;C:\Program Files\AdoptOpenJDK\jdk-8.0.242.08-hotspot\jre\lib\jsse.jar;C:\Program Files\AdoptOpenJDK\jdk-8.0.242.08-hotspot\jre\lib\jce.jar;C:\Program Files\AdoptOpenJDK\jdk-8.0.242.08-hotspot\jre\lib\charsets.jar;C:\Program Files\AdoptOpenJDK\jdk-8.0.242.08-hotspot\jre\lib\jfr.jar;C:\Program Files\AdoptOpenJDK\jdk-8.0.242.08-hotspot\jre\classes, java.vendor=AdoptOpenJDK, org.gradle.test.worker=3, file.separator=\, java.vendor.url.bug=http://bugreport.sun.com/bugreport/, sun.io.unicode.encoding=UnicodeLittle, sun.cpu.endian=little, sun.desktop=windows, sun.cpu.isalist=amd64}}, SystemEnvironmentPropertySource@432123667 {name='systemEnvironment', properties={USERDOMAIN_ROAMINGPROFILE=DESKTOP-U7U4TE6, PROCESSOR_LEVEL=6, VS140COMNTOOLS=C:\Program Files (x86)\Microsoft Visual Studio 14.0\Common7\Tools\, ALLUSERSPROFILE=C:\ProgramData, PROCESSOR_ARCHITECTURE=AMD64, PSModulePath=C:\Users\jorge\Documents\WindowsPowerShell\Modules;C:\Program Files\WindowsPowerShell\Modules;C:\Windows\system32\WindowsPowerShell\v1.0\Modules, SystemDrive=C:, =ExitCode=00000000, DIRNAME=C:\azure-devops\git\eShopOnContainers\src\Web\WebImapClient\Client\server\, USERNAME=jorge, CMD_LINE_ARGS=b, ProgramFiles(x86)=C:\Program Files (x86), APP_HOME=C:\azure-devops\git\eShopOnContainers\src\Web\WebImapClient\Client\server\, PATHEXT=.COM;.EXE;.BAT;.CMD;.VBS;.VBE;.JS;.JSE;.WSF;.WSH;.MSC;.CPL, DriverData=C:\Windows\System32\Drivers\DriverData, OneDriveConsumer=C:\Users\jorge\OneDrive, ProgramData=C:\ProgramData, ProgramW6432=C:\Program Files, HOMEPATH=\Users\jorge, PROCESSOR_IDENTIFIER=Intel64 Family 6 Model 158 Stepping 13, GenuineIntel, ProgramFiles=C:\Program Files, PUBLIC=C:\Users\Public, windir=C:\Windows, _SKIP=2, LOCALAPPDATA=C:\Users\jorge\AppData\Local, ChocolateyLastPathUpdate=132229495750090469, USERDOMAIN=DESKTOP-U7U4TE6, LOGONSERVER=\\DESKTOP-U7U4TE6, PROMPT=$P$G, OneDrive=C:\Users\jorge\OneDrive, =C:=C:\azure-devops\git\eShopOnContainers\src\Web\WebImapClient\Client\server, APPDATA=C:\Users\jorge\AppData\Roaming, JAVA_EXE=java.exe, ChocolateyInstall=C:\ProgramData\chocolatey, CommonProgramFiles=C:\Program Files\Common Files, Path=C:\Program Files\AdoptOpenJDK\jdk-8.0.242.08-hotspot\bin;C:\Program Files (x86)\Common Files\Oracle\Java\javapath;C:\Python27\;C:\Python27\Scripts;C:\ProgramData\DockerDesktop\version-bin;C:\Program Files\Docker\Docker\Resources\bin;C:\Windows\system32;C:\Windows;C:\Windows\System32\Wbem;C:\Windows\System32\WindowsPowerShell\v1.0\;C:\Windows\System32\OpenSSH\;C:\Program Files (x86)\NVIDIA Corporation\PhysX\Common;C:\Program Files\dotnet\;C:\Program Files\Microsoft SQL Server\130\Tools\Binn\;C:\Program Files\Microsoft SQL Server\Client SDK\ODBC\170\Tools\Binn\;C:\Program Files (x86)\Microsoft SQL Server\150\DTS\Binn\;C:\Program Files\Git\cmd;C:\Program Files (x86)\Microsoft ASP.NET\ASP.NET Web Pages\v1.0\;C:\Program Files\Microsoft SQL Server\110\Tools\Binn\;C:\Users\jorge\.dnx\bin;C:\Program Files\Microsoft DNX\Dnvm\;C:\Program Files\nodejs\;C:\ProgramData\chocolatey\bin;C:\Program Files\Microsoft\Web Platform Installer\;C:\Users\jorge\AppData\Local\Microsoft\WindowsApps;C:\Users\jorge\AppData\Local\Programs\Microsoft VS Code\bin;C:\Users\jorge\.dotnet\tools;C:\Users\jorge\AppData\Roaming\npm;C:\Users\jorge\AppData\Local\GitHubDesktop\bin, OS=Windows_NT, COMPUTERNAME=DESKTOP-U7U4TE6, PROCESSOR_REVISION=9e0d, CLASSPATH=C:\azure-devops\git\eShopOnContainers\src\Web\WebImapClient\Client\server\\gradle\wrapper\gradle-wrapper.jar, CommonProgramW6432=C:\Program Files\Common Files, ComSpec=C:\Windows\system32\cmd.exe, APP_BASE_NAME=gradlew, SystemRoot=C:\Windows, TEMP=C:\Users\jorge\AppData\Local\Temp, HOMEDRIVE=C:, USERPROFILE=C:\Users\jorge, TMP=C:\Users\jorge\AppData\Local\Temp, VS110COMNTOOLS=C:\Program Files (x86)\Microsoft Visual Studio 11.0\Common7\Tools\, CommonProgramFiles(x86)=C:\Program Files (x86)\Common Files, NUMBER_OF_PROCESSORS=12}}]
17:43:14.295 [Test worker] DEBUG org.springframework.core.env.StandardEnvironment - Activating profiles []
17:43:14.295 [Test worker] DEBUG org.springframework.test.context.support.AnnotationConfigContextLoader - Registering annotated classes: {class com.marcnuri.isotope.api.folder.FolderResource}
17:43:14.302 [Test worker] INFO org.springframework.context.support.GenericApplicationContext - Refreshing org.springframework.context.support.GenericApplicationContext@59fbef6: startup date [Mon Feb 10 17:43:14 CET 2020]; root of context hierarchy
17:43:14.302 [Test worker] DEBUG org.springframework.context.support.GenericApplicationContext - Bean factory for org.springframework.context.support.GenericApplicationContext@59fbef6: org.springframework.beans.factory.support.DefaultListableBeanFactory@263d8219: defining beans [org.springframework.context.annotation.internalConfigurationAnnotationProcessor,org.springframework.context.annotation.internalAutowiredAnnotationProcessor,org.springframework.context.annotation.internalRequiredAnnotationProcessor,org.springframework.context.annotation.internalCommonAnnotationProcessor,org.springframework.context.event.internalEventListenerProcessor,org.springframework.context.event.internalEventListenerFactory,folderResource,org.springframework.boot.test.mock.mockito.MockitoPostProcessor$SpyPostProcessor,org.springframework.boot.test.mock.mockito.MockitoPostProcessor]; root of factory hierarchy
17:43:14.302 [Test worker] DEBUG org.springframework.beans.factory.support.DefaultListableBeanFactory - Creating shared instance of singleton bean 'org.springframework.context.annotation.internalConfigurationAnnotationProcessor'
17:43:14.302 [Test worker] DEBUG org.springframework.beans.factory.support.DefaultListableBeanFactory - Creating instance of bean 'org.springframework.context.annotation.internalConfigurationAnnotationProcessor'
17:43:14.302 [Test worker] DEBUG org.springframework.beans.factory.support.DefaultListableBeanFactory - Eagerly caching bean 'org.springframework.context.annotation.internalConfigurationAnnotationProcessor' to allow for resolving potential circular references
17:43:14.303 [Test worker] DEBUG org.springframework.beans.factory.support.DefaultListableBeanFactory - Finished creating instance of bean 'org.springframework.context.annotation.internalConfigurationAnnotationProcessor'
17:43:14.330 [Test worker] DEBUG org.springframework.beans.factory.support.DefaultListableBeanFactory - Creating shared instance of singleton bean 'org.springframework.boot.test.mock.mockito.MockitoPostProcessor'
17:43:14.330 [Test worker] DEBUG org.springframework.beans.factory.support.DefaultListableBeanFactory - Creating instance of bean 'org.springframework.boot.test.mock.mockito.MockitoPostProcessor'
17:43:14.331 [Test worker] DEBUG org.springframework.beans.factory.support.DefaultListableBeanFactory - Eagerly caching bean 'org.springframework.boot.test.mock.mockito.MockitoPostProcessor' to allow for resolving potential circular references
17:43:14.331 [Test worker] DEBUG org.springframework.beans.factory.support.DefaultListableBeanFactory - Finished creating instance of bean 'org.springframework.boot.test.mock.mockito.MockitoPostProcessor'
17:43:14.401 [Test worker] DEBUG org.springframework.beans.factory.support.DefaultListableBeanFactory - Creating shared instance of singleton bean 'org.springframework.context.annotation.internalAutowiredAnnotationProcessor'
17:43:14.401 [Test worker] DEBUG org.springframework.beans.factory.support.DefaultListableBeanFactory - Creating instance of bean 'org.springframework.context.annotation.internalAutowiredAnnotationProcessor'
17:43:14.402 [Test worker] DEBUG org.springframework.beans.factory.support.DefaultListableBeanFactory - Eagerly caching bean 'org.springframework.context.annotation.internalAutowiredAnnotationProcessor' to allow for resolving potential circular references
17:43:14.403 [Test worker] DEBUG org.springframework.beans.factory.support.DefaultListableBeanFactory - Finished creating instance of bean 'org.springframework.context.annotation.internalAutowiredAnnotationProcessor'
17:43:14.403 [Test worker] DEBUG org.springframework.beans.factory.support.DefaultListableBeanFactory - Creating shared instance of singleton bean 'org.springframework.context.annotation.internalRequiredAnnotationProcessor'
17:43:14.403 [Test worker] DEBUG org.springframework.beans.factory.support.DefaultListableBeanFactory - Creating instance of bean 'org.springframework.context.annotation.internalRequiredAnnotationProcessor'
17:43:14.403 [Test worker] DEBUG org.springframework.beans.factory.support.DefaultListableBeanFactory - Eagerly caching bean 'org.springframework.context.annotation.internalRequiredAnnotationProcessor' to allow for resolving potential circular references
17:43:14.403 [Test worker] DEBUG org.springframework.beans.factory.support.DefaultListableBeanFactory - Finished creating instance of bean 'org.springframework.context.annotation.internalRequiredAnnotationProcessor'
17:43:14.403 [Test worker] DEBUG org.springframework.beans.factory.support.DefaultListableBeanFactory - Creating shared instance of singleton bean 'org.springframework.context.annotation.internalCommonAnnotationProcessor'
17:43:14.403 [Test worker] DEBUG org.springframework.beans.factory.support.DefaultListableBeanFactory - Creating instance of bean 'org.springframework.context.annotation.internalCommonAnnotationProcessor'
17:43:14.403 [Test worker] DEBUG org.springframework.beans.factory.support.DefaultListableBeanFactory - Eagerly caching bean 'org.springframework.context.annotation.internalCommonAnnotationProcessor' to allow for resolving potential circular references
17:43:14.404 [Test worker] DEBUG org.springframework.beans.factory.support.DefaultListableBeanFactory - Finished creating instance of bean 'org.springframework.context.annotation.internalCommonAnnotationProcessor'
17:43:14.404 [Test worker] DEBUG org.springframework.beans.factory.support.DefaultListableBeanFactory - Creating shared instance of singleton bean 'org.springframework.boot.test.mock.mockito.MockitoPostProcessor$SpyPostProcessor'
17:43:14.404 [Test worker] DEBUG org.springframework.beans.factory.support.DefaultListableBeanFactory - Creating instance of bean 'org.springframework.boot.test.mock.mockito.MockitoPostProcessor$SpyPostProcessor'
17:43:14.404 [Test worker] DEBUG org.springframework.beans.factory.support.DefaultListableBeanFactory - Returning cached instance of singleton bean 'org.springframework.boot.test.mock.mockito.MockitoPostProcessor'
17:43:14.404 [Test worker] DEBUG org.springframework.beans.factory.support.DefaultListableBeanFactory - Eagerly caching bean 'org.springframework.boot.test.mock.mockito.MockitoPostProcessor$SpyPostProcessor' to allow for resolving potential circular references
17:43:14.405 [Test worker] DEBUG org.springframework.beans.factory.support.DefaultListableBeanFactory - Finished creating instance of bean 'org.springframework.boot.test.mock.mockito.MockitoPostProcessor$SpyPostProcessor'
17:43:14.405 [Test worker] DEBUG org.springframework.beans.factory.support.DefaultListableBeanFactory - Returning cached instance of singleton bean 'org.springframework.boot.test.mock.mockito.MockitoPostProcessor'
17:43:14.405 [Test worker] DEBUG org.springframework.beans.factory.support.DefaultListableBeanFactory - Returning cached instance of singleton bean 'org.springframework.boot.test.autoconfigure.properties.PropertyMappingContextCustomizer$PropertyMappingCheckBeanPostProcessor'
17:43:14.405 [Test worker] DEBUG org.springframework.context.support.GenericApplicationContext - Unable to locate MessageSource with name 'messageSource': using default [org.springframework.context.support.DelegatingMessageSource@742d88a]
17:43:14.405 [Test worker] DEBUG org.springframework.context.support.GenericApplicationContext - Unable to locate ApplicationEventMulticaster with name 'applicationEventMulticaster': using default [org.springframework.context.event.SimpleApplicationEventMulticaster@5e002fdb]
17:43:14.405 [Test worker] DEBUG org.springframework.beans.factory.support.DefaultListableBeanFactory - Pre-instantiating singletons in org.springframework.beans.factory.support.DefaultListableBeanFactory@263d8219: defining beans [org.springframework.context.annotation.internalConfigurationAnnotationProcessor,org.springframework.context.annotation.internalAutowiredAnnotationProcessor,org.springframework.context.annotation.internalRequiredAnnotationProcessor,org.springframework.context.annotation.internalCommonAnnotationProcessor,org.springframework.context.event.internalEventListenerProcessor,org.springframework.context.event.internalEventListenerFactory,folderResource,org.springframework.boot.test.mock.mockito.MockitoPostProcessor$SpyPostProcessor,org.springframework.boot.test.mock.mockito.MockitoPostProcessor,prototypeImapService]; root of factory hierarchy
17:43:14.405 [Test worker] DEBUG org.springframework.beans.factory.support.DefaultListableBeanFactory - Returning cached instance of singleton bean 'org.springframework.context.annotation.internalConfigurationAnnotationProcessor'
17:43:14.405 [Test worker] DEBUG org.springframework.beans.factory.support.DefaultListableBeanFactory - Returning cached instance of singleton bean 'org.springframework.context.annotation.internalAutowiredAnnotationProcessor'
17:43:14.405 [Test worker] DEBUG org.springframework.beans.factory.support.DefaultListableBeanFactory - Returning cached instance of singleton bean 'org.springframework.context.annotation.internalRequiredAnnotationProcessor'
17:43:14.405 [Test worker] DEBUG org.springframework.beans.factory.support.DefaultListableBeanFactory - Returning cached instance of singleton bean 'org.springframework.context.annotation.internalCommonAnnotationProcessor'
17:43:14.405 [Test worker] DEBUG org.springframework.beans.factory.support.DefaultListableBeanFactory - Creating shared instance of singleton bean 'org.springframework.context.event.internalEventListenerProcessor'
17:43:14.405 [Test worker] DEBUG org.springframework.beans.factory.support.DefaultListableBeanFactory - Creating instance of bean 'org.springframework.context.event.internalEventListenerProcessor'
17:43:14.406 [Test worker] DEBUG org.springframework.beans.factory.support.DefaultListableBeanFactory - Eagerly caching bean 'org.springframework.context.event.internalEventListenerProcessor' to allow for resolving potential circular references
17:43:14.406 [Test worker] DEBUG org.springframework.beans.factory.support.DefaultListableBeanFactory - Finished creating instance of bean 'org.springframework.context.event.internalEventListenerProcessor'
17:43:14.406 [Test worker] DEBUG org.springframework.beans.factory.support.DefaultListableBeanFactory - Creating shared instance of singleton bean 'org.springframework.context.event.internalEventListenerFactory'
17:43:14.406 [Test worker] DEBUG org.springframework.beans.factory.support.DefaultListableBeanFactory - Creating instance of bean 'org.springframework.context.event.internalEventListenerFactory'
17:43:14.407 [Test worker] DEBUG org.springframework.beans.factory.support.DefaultListableBeanFactory - Eagerly caching bean 'org.springframework.context.event.internalEventListenerFactory' to allow for resolving potential circular references
17:43:14.407 [Test worker] DEBUG org.springframework.beans.factory.support.DefaultListableBeanFactory - Finished creating instance of bean 'org.springframework.context.event.internalEventListenerFactory'
17:43:14.407 [Test worker] DEBUG org.springframework.beans.factory.support.DefaultListableBeanFactory - Creating shared instance of singleton bean 'folderResource'
17:43:14.407 [Test worker] DEBUG org.springframework.beans.factory.support.DefaultListableBeanFactory - Creating instance of bean 'folderResource'
17:43:14.414 [Test worker] DEBUG org.springframework.beans.factory.support.DefaultListableBeanFactory - Eagerly caching bean 'folderResource' to allow for resolving potential circular references
17:43:14.416 [Test worker] DEBUG org.springframework.beans.factory.support.DefaultListableBeanFactory - Finished creating instance of bean 'folderResource'
17:43:14.416 [Test worker] DEBUG org.springframework.beans.factory.support.DefaultListableBeanFactory - Returning cached instance of singleton bean 'org.springframework.boot.test.mock.mockito.MockitoPostProcessor$SpyPostProcessor'
17:43:14.417 [Test worker] DEBUG org.springframework.beans.factory.support.DefaultListableBeanFactory - Returning cached instance of singleton bean 'org.springframework.boot.test.mock.mockito.MockitoPostProcessor'
17:43:14.417 [Test worker] DEBUG org.springframework.beans.factory.support.DefaultListableBeanFactory - Returning cached instance of singleton bean 'prototypeImapService'
17:43:14.417 [Test worker] DEBUG org.springframework.beans.factory.support.DefaultListableBeanFactory - Returning cached instance of singleton bean 'org.springframework.context.event.internalEventListenerFactory'
17:43:14.421 [Test worker] DEBUG org.springframework.context.support.GenericApplicationContext - Unable to locate LifecycleProcessor with name 'lifecycleProcessor': using default [org.springframework.context.support.DefaultLifecycleProcessor@e645a74]
17:43:14.422 [Test worker] DEBUG org.springframework.beans.factory.support.DefaultListableBeanFactory - Returning cached instance of singleton bean 'lifecycleProcessor'
17:43:14.422 [Test worker] DEBUG org.springframework.core.env.PropertySourcesPropertyResolver - Could not find key 'spring.liveBeansView.mbeanDomain' in any property source
17:43:14.422 [Test worker] DEBUG org.springframework.test.context.cache.DefaultCacheAwareContextLoaderDelegate - Storing ApplicationContext in cache under key [[MergedContextConfiguration@690d0075 testClass = FolderResourceTest, locations = '{}', classes = '{class com.marcnuri.isotope.api.folder.FolderResource}', contextInitializerClasses = '[]', activeProfiles = '{}', propertySourceLocations = '{}', propertySourceProperties = '{}', contextCustomizers = set[org.springframework.boot.test.autoconfigure.properties.PropertyMappingContextCustomizer@0, org.springframework.boot.test.autoconfigure.web.servlet.WebDriverContextCustomizerFactory$Customizer@42a343c1, org.springframework.boot.test.context.filter.ExcludeFilterContextCustomizer@3d8dc3, org.springframework.boot.test.json.DuplicateJsonObjectContextCustomizerFactory$DuplicateJsonObjectContextCustomizer@5f493529, org.springframework.boot.test.mock.mockito.MockitoContextCustomizer@8186d819], contextLoader = 'org.springframework.test.context.support.DelegatingSmartContextLoader', parent = [null]]]
17:43:14.422 [Test worker] DEBUG org.springframework.test.context.cache - Spring test ApplicationContext cache statistics: [DefaultContextCache@11fd1fb9 size = 2, maxSize = 32, parentContextCount = 0, hitCount = 35, missCount = 2]
17:43:14.422 [Test worker] DEBUG org.springframework.beans.factory.support.DefaultListableBeanFactory - Returning cached instance of singleton bean 'org.springframework.boot.test.mock.mockito.MockitoPostProcessor'
17:43:14.422 [Test worker] DEBUG org.springframework.beans.factory.support.DefaultListableBeanFactory - Returning cached instance of singleton bean 'prototypeImapService'
17:43:14.422 [Test worker] DEBUG org.springframework.test.context.support.DependencyInjectionTestExecutionListener - Performing dependency injection for test context [[DefaultTestContext@1abdc0de testClass = FolderResourceTest, testInstance = com.marcnuri.isotope.api.folder.FolderResourceTest@6be1eb9f, testMethod = [null], testException = [null], mergedContextConfiguration = [MergedContextConfiguration@690d0075 testClass = FolderResourceTest, locations = '{}', classes = '{class com.marcnuri.isotope.api.folder.FolderResource}', contextInitializerClasses = '[]', activeProfiles = '{}', propertySourceLocations = '{}', propertySourceProperties = '{}', contextCustomizers = set[org.springframework.boot.test.autoconfigure.properties.PropertyMappingContextCustomizer@0, org.springframework.boot.test.autoconfigure.web.servlet.WebDriverContextCustomizerFactory$Customizer@42a343c1, org.springframework.boot.test.context.filter.ExcludeFilterContextCustomizer@3d8dc3, org.springframework.boot.test.json.DuplicateJsonObjectContextCustomizerFactory$DuplicateJsonObjectContextCustomizer@5f493529, org.springframework.boot.test.mock.mockito.MockitoContextCustomizer@8186d819], contextLoader = 'org.springframework.test.context.support.DelegatingSmartContextLoader', parent = [null]], attributes = map[[empty]]]].
17:43:14.423 [Test worker] DEBUG org.springframework.test.context.cache.DefaultCacheAwareContextLoaderDelegate - Retrieved ApplicationContext from cache with key [[MergedContextConfiguration@690d0075 testClass = FolderResourceTest, locations = '{}', classes = '{class com.marcnuri.isotope.api.folder.FolderResource}', contextInitializerClasses = '[]', activeProfiles = '{}', propertySourceLocations = '{}', propertySourceProperties = '{}', contextCustomizers = set[org.springframework.boot.test.autoconfigure.properties.PropertyMappingContextCustomizer@0, org.springframework.boot.test.autoconfigure.web.servlet.WebDriverContextCustomizerFactory$Customizer@42a343c1, org.springframework.boot.test.context.filter.ExcludeFilterContextCustomizer@3d8dc3, org.springframework.boot.test.json.DuplicateJsonObjectContextCustomizerFactory$DuplicateJsonObjectContextCustomizer@5f493529, org.springframework.boot.test.mock.mockito.MockitoContextCustomizer@8186d819], contextLoader = 'org.springframework.test.context.support.DelegatingSmartContextLoader', parent = [null]]]
17:43:14.423 [Test worker] DEBUG org.springframework.test.context.cache - Spring test ApplicationContext cache statistics: [DefaultContextCache@11fd1fb9 size = 2, maxSize = 32, parentContextCount = 0, hitCount = 36, missCount = 2]
17:43:14.428 [Test worker] DEBUG org.springframework.beans.factory.annotation.InjectionMetadata - Processing injected element of bean 'com.marcnuri.isotope.api.folder.FolderResourceTest': AutowiredFieldElement for private com.marcnuri.isotope.api.folder.FolderResource com.marcnuri.isotope.api.folder.FolderResourceTest.folderResource
17:43:14.431 [Test worker] DEBUG org.springframework.beans.factory.support.DefaultListableBeanFactory - Returning cached instance of singleton bean 'folderResource'
17:43:14.431 [Test worker] DEBUG org.springframework.beans.factory.annotation.AutowiredAnnotationBeanPostProcessor - Autowiring by type from bean name 'com.marcnuri.isotope.api.folder.FolderResourceTest' to bean named 'folderResource'
17:43:14.432 [Test worker] DEBUG org.springframework.test.context.support.AbstractDirtiesContextTestExecutionListener - Before test method: context [DefaultTestContext@1abdc0de testClass = FolderResourceTest, testInstance = com.marcnuri.isotope.api.folder.FolderResourceTest@6be1eb9f, testMethod = deleteMessages_validFolderAndValidIds_shouldReturnOk@FolderResourceTest, testException = [null], mergedContextConfiguration = [MergedContextConfiguration@690d0075 testClass = FolderResourceTest, locations = '{}', classes = '{class com.marcnuri.isotope.api.folder.FolderResource}', contextInitializerClasses = '[]', activeProfiles = '{}', propertySourceLocations = '{}', propertySourceProperties = '{}', contextCustomizers = set[org.springframework.boot.test.autoconfigure.properties.PropertyMappingContextCustomizer@0, org.springframework.boot.test.autoconfigure.web.servlet.WebDriverContextCustomizerFactory$Customizer@42a343c1, org.springframework.boot.test.context.filter.ExcludeFilterContextCustomizer@3d8dc3, org.springframework.boot.test.json.DuplicateJsonObjectContextCustomizerFactory$DuplicateJsonObjectContextCustomizer@5f493529, org.springframework.boot.test.mock.mockito.MockitoContextCustomizer@8186d819], contextLoader = 'org.springframework.test.context.support.DelegatingSmartContextLoader', parent = [null]], attributes = map[[empty]]], class annotated with @DirtiesContext [false] with mode [null], method annotated with @DirtiesContext [false] with mode [null].
17:43:14.432 [Test worker] DEBUG reactor.core.publisher.Hooks - Hooking onLastOperator: reactor.core.publisher.Operators$LiftFunction@18a38a7e
17:43:14.433 [Test worker] DEBUG org.springframework.test.context.cache.DefaultCacheAwareContextLoaderDelegate - Retrieved ApplicationContext from cache with key [[MergedContextConfiguration@690d0075 testClass = FolderResourceTest, locations = '{}', classes = '{class com.marcnuri.isotope.api.folder.FolderResource}', contextInitializerClasses = '[]', activeProfiles = '{}', propertySourceLocations = '{}', propertySourceProperties = '{}', contextCustomizers = set[org.springframework.boot.test.autoconfigure.properties.PropertyMappingContextCustomizer@0, org.springframework.boot.test.autoconfigure.web.servlet.WebDriverContextCustomizerFactory$Customizer@42a343c1, org.springframework.boot.test.context.filter.ExcludeFilterContextCustomizer@3d8dc3, org.springframework.boot.test.json.DuplicateJsonObjectContextCustomizerFactory$DuplicateJsonObjectContextCustomizer@5f493529, org.springframework.boot.test.mock.mockito.MockitoContextCustomizer@8186d819], contextLoader = 'org.springframework.test.context.support.DelegatingSmartContextLoader', parent = [null]]]
17:43:14.433 [Test worker] DEBUG org.springframework.test.context.cache - Spring test ApplicationContext cache statistics: [DefaultContextCache@11fd1fb9 size = 2, maxSize = 32, parentContextCount = 0, hitCount = 37, missCount = 2]
17:43:14.433 [Test worker] DEBUG org.springframework.beans.factory.support.DefaultListableBeanFactory - Returning cached instance of singleton bean 'org.springframework.boot.test.mock.mockito.MockitoBeans'
17:43:14.433 [Test worker] DEBUG org.springframework.core.env.StandardEnvironment - Adding PropertySource 'systemProperties' with lowest search precedence
17:43:14.433 [Test worker] DEBUG org.springframework.core.env.StandardEnvironment - Adding PropertySource 'systemEnvironment' with lowest search precedence
17:43:14.433 [Test worker] DEBUG org.springframework.core.env.StandardEnvironment - Initialized StandardEnvironment with PropertySources [MapPropertySource@1713510378 {name='systemProperties', properties={java.runtime.name=OpenJDK Runtime Environment, sun.boot.library.path=C:\Program Files\AdoptOpenJDK\jdk-8.0.242.08-hotspot\jre\bin, java.vm.version=25.242-b08, java.vm.vendor=, java.vendor.url=http://java.oracle.com/, path.separator=;, java.vm.name=OpenJDK 64-Bit Server VM, file.encoding.pkg=sun.io, user.script=, sun.java.launcher=SUN_STANDARD, user.country=GB, sun.os.patch.level=, java.vm.specification.name=Java Virtual Machine Specification, user.dir=C:\azure-devops\git\eShopOnContainers\src\Web\WebImapClient\Client\server, java.runtime.version=1.8.0_242-b08, java.awt.graphicsenv=sun.awt.Win32GraphicsEnvironment, java.endorsed.dirs=C:\Program Files\AdoptOpenJDK\jdk-8.0.242.08-hotspot\jre\lib\endorsed, os.arch=amd64, java.io.tmpdir=C:\Users\jorge\AppData\Local\Temp\, line.separator=
, java.vm.specification.vendor=Oracle Corporation, user.variant=, os.name=Windows 10, sun.jnu.encoding=Cp1252, java.library.path=C:\Program Files\AdoptOpenJDK\jdk-8.0.242.08-hotspot\bin;C:\Windows\Sun\Java\bin;C:\Windows\system32;C:\Windows;C:\Program Files\AdoptOpenJDK\jdk-8.0.242.08-hotspot\bin;C:\Program Files (x86)\Common Files\Oracle\Java\javapath;C:\Python27\;C:\Python27\Scripts;C:\ProgramData\DockerDesktop\version-bin;C:\Program Files\Docker\Docker\Resources\bin;C:\Windows\system32;C:\Windows;C:\Windows\System32\Wbem;C:\Windows\System32\WindowsPowerShell\v1.0\;C:\Windows\System32\OpenSSH\;C:\Program Files (x86)\NVIDIA Corporation\PhysX\Common;C:\Program Files\dotnet\;C:\Program Files\Microsoft SQL Server\130\Tools\Binn\;C:\Program Files\Microsoft SQL Server\Client SDK\ODBC\170\Tools\Binn\;C:\Program Files (x86)\Microsoft SQL Server\150\DTS\Binn\;C:\Program Files\Git\cmd;C:\Program Files (x86)\Microsoft ASP.NET\ASP.NET Web Pages\v1.0\;C:\Program Files\Microsoft SQL Server\110\Tools\Binn\;C:\Users\jorge\.dnx\bin;C:\Program Files\Microsoft DNX\Dnvm\;C:\Program Files\nodejs\;C:\ProgramData\chocolatey\bin;C:\Program Files\Microsoft\Web Platform Installer\;C:\Users\jorge\AppData\Local\Microsoft\WindowsApps;C:\Users\jorge\AppData\Local\Programs\Microsoft VS Code\bin;C:\Users\jorge\.dotnet\tools;C:\Users\jorge\AppData\Roaming\npm;C:\Users\jorge\AppData\Local\GitHubDesktop\bin;., java.specification.name=Java Platform API Specification, java.class.version=52.0, org.gradle.native=false, sun.management.compiler=HotSpot 64-Bit Tiered Compilers, os.version=10.0, user.home=C:\Users\jorge, user.timezone=Europe/Paris, java.awt.printerjob=sun.awt.windows.WPrinterJob, file.encoding=windows-1252, java.specification.version=1.8, java.class.path=C:\azure-devops\git\eShopOnContainers\src\Web\WebImapClient\Client\server\build\classes\java\test;C:\azure-devops\git\eShopOnContainers\src\Web\WebImapClient\Client\server\build\resources\test;C:\azure-devops\git\eShopOnContainers\src\Web\WebImapClient\Client\server\build\classes\java\main;C:\azure-devops\git\eShopOnContainers\src\Web\WebImapClient\Client\server\build\resources\main;C:\Users\jorge\.gradle\caches\modules-2\files-2.1\org.springframework.boot\spring-boot-starter-actuator\2.0.4.RELEASE\24e901473279d9c18e0a0f8037d58b18c8297dca\spring-boot-starter-actuator-2.0.4.RELEASE.jar;C:\Users\jorge\.gradle\caches\modules-2\files-2.1\org.springframework.boot\spring-boot-starter-security\2.0.4.RELEASE\2ac314e5985fd9ae0d2acaea450f4f6c3dbd7f92\spring-boot-starter-security-2.0.4.RELEASE.jar;C:\Users\jorge\.gradle\caches\modules-2\files-2.1\org.springframework.boot\spring-boot-starter-webflux\2.0.4.RELEASE\a52fcd02fb6129e14f2b4b36acc5748368563c93\spring-boot-starter-webflux-2.0.4.RELEASE.jar;C:\Users\jorge\.gradle\caches\modules-2\files-2.1\org.springframework.boot\spring-boot-starter-test\2.0.4.RELEASE\8f473705d2742b669f0318f10a956f94a93ba3d2\spring-boot-starter-test-2.0.4.RELEASE.jar;C:\Users\jorge\.gradle\caches\modules-2\files-2.1\org.springframework.boot\spring-boot-starter-hateoas\2.0.4.RELEASE\2f115bebeffea81859c6d874457fa8db16b10747\spring-boot-starter-hateoas-2.0.4.RELEASE.jar;C:\Users\jorge\.gradle\caches\modules-2\files-2.1\org.springframework.boot\spring-boot-starter-web\2.0.4.RELEASE\98d49e981ecf804da877d84259b7b0d1ec2fb6f6\spring-boot-starter-web-2.0.4.RELEASE.jar;C:\Users\jorge\.gradle\caches\modules-2\files-2.1\org.springframework.boot\spring-boot-starter-json\2.0.4.RELEASE\c7afabf0d7c85db178da4ce0634e3bd2ddb0eb71\spring-boot-starter-json-2.0.4.RELEASE.jar;C:\Users\jorge\.gradle\caches\modules-2\files-2.1\org.springframework.boot\spring-boot-starter\2.0.4.RELEASE\ec46c63a2adeee40058eff1a6baefca13975dc94\spring-boot-starter-2.0.4.RELEASE.jar;C:\Users\jorge\.gradle\caches\modules-2\files-2.1\com.sun.mail\javax.mail\1.6.1\757ba4630692bb2a1ec2d9d57a616b63f15e947e\javax.mail-1.6.1.jar;C:\Users\jorge\.gradle\caches\modules-2\files-2.1\org.springframework.boot\spring-boot-actuator-autoconfigure\2.0.4.RELEASE\2cadc1d20a1f9ee667a608cfee154138e954f5f2\spring-boot-actuator-autoconfigure-2.0.4.RELEASE.jar;C:\Users\jorge\.gradle\caches\modules-2\files-2.1\com.fasterxml.jackson.datatype\jackson-datatype-jsr310\2.9.6\ea54f6193d224e5e5732bbd4262327eb465397c2\jackson-datatype-jsr310-2.9.6.jar;C:\Users\jorge\.gradle\caches\modules-2\files-2.1\commons-io\commons-io\2.6\815893df5f31da2ece4040fe0a12fd44b577afaf\commons-io-2.6.jar;C:\Users\jorge\.gradle\caches\modules-2\files-2.1\org.springframework.security\spring-security-test\5.0.7.RELEASE\a74c9ab10d53baa3bb7a731753fe0c6d9ab9d848\spring-security-test-5.0.7.RELEASE.jar;C:\Users\jorge\.gradle\caches\modules-2\files-2.1\com.marcnuri\spring-common-test\0.0.2\da9c2c5e849c7dcbbe99d190bedffa5e6fe450a5\spring-common-test-0.0.2.jar;C:\Users\jorge\.gradle\caches\modules-2\files-2.1\org.hamcrest\java-hamcrest\2.0.0.0\f1c8853ade0ecf707f5a261c830e98893983813\java-hamcrest-2.0.0.0.jar;C:\Users\jorge\.gradle\caches\modules-2\files-2.1\org.powermock\powermock-module-junit4\2.0.0-RC.3\b9a04b492e2b93e93617ba457f76aebbf00fc221\powermock-module-junit4-2.0.0-RC.3.jar;C:\Users\jorge\.gradle\caches\modules-2\files-2.1\org.powermock\powermock-api-mockito2\2.0.0-RC.3\f85a8404be063ef15c5fdd3745b11d2fba875fcd\powermock-api-mockito2-2.0.0-RC.3.jar;C:\Users\jorge\.gradle\caches\modules-2\files-2.1\org.springframework.boot\spring-boot-test-autoconfigure\2.0.4.RELEASE\8a2e3f31e607fdb08deda2f59263ce177f1c4310\spring-boot-test-autoconfigure-2.0.4.RELEASE.jar;C:\Users\jorge\.gradle\caches\modules-2\files-2.1\org.springframework.boot\spring-boot-test\2.0.4.RELEASE\8a17fc3cf16b6d75f2ba132ade04409a670095de\spring-boot-test-2.0.4.RELEASE.jar;C:\Users\jorge\.gradle\caches\modules-2\files-2.1\org.springframework.boot\spring-boot-autoconfigure\2.0.4.RELEASE\65cd1244d606acc02ab7bfc47a203a3fe2400dda\spring-boot-autoconfigure-2.0.4.RELEASE.jar;C:\Users\jorge\.gradle\caches\modules-2\files-2.1\org.springframework.boot\spring-boot-actuator\2.0.4.RELEASE\9c02c968eb50a7cdc14fc4c7b586d767df6dc48d\spring-boot-actuator-2.0.4.RELEASE.jar;C:\Users\jorge\.gradle\caches\modules-2\files-2.1\org.springframework.boot\spring-boot\2.0.4.RELEASE\c8619c5b06d4dcdb4cac1e5e9c839e6e8b1c8574\spring-boot-2.0.4.RELEASE.jar;C:\Users\jorge\.gradle\caches\modules-2\files-2.1\org.springframework.boot\spring-boot-starter-logging\2.0.4.RELEASE\dcd1a2c431c970f44adae64d9145133979a513ab\spring-boot-starter-logging-2.0.4.RELEASE.jar;C:\Users\jorge\.gradle\caches\modules-2\files-2.1\org.springframework.boot\spring-boot-starter-tomcat\2.0.4.RELEASE\dcf28989a34b0801fea0e810c371fb9dab1e7784\spring-boot-starter-tomcat-2.0.4.RELEASE.jar;C:\Users\jorge\.gradle\caches\modules-2\files-2.1\javax.annotation\javax.annotation-api\1.3.2\934c04d3cfef185a8008e7bf34331b79730a9d43\javax.annotation-api-1.3.2.jar;C:\Users\jorge\.gradle\caches\modules-2\files-2.1\org.springframework.security\spring-security-config\5.0.7.RELEASE\d702e01048687db4ec6c97fb32d28ffbe348b3e\spring-security-config-5.0.7.RELEASE.jar;C:\Users\jorge\.gradle\caches\modules-2\files-2.1\org.springframework.security\spring-security-web\5.0.7.RELEASE\bab3ed579d4550bb5cc40b0a7fddd0106db7c66\spring-security-web-5.0.7.RELEASE.jar;C:\Users\jorge\.gradle\caches\modules-2\files-2.1\org.springframework.hateoas\spring-hateoas\0.25.0.RELEASE\22d1abd575426709734ab83e7d81d6deb4addbf6\spring-hateoas-0.25.0.RELEASE.jar;C:\Users\jorge\.gradle\caches\modules-2\files-2.1\org.springframework\spring-webflux\5.0.8.RELEASE\d16ce1cf6f95771e821619d6ef13c1f0333fafb\spring-webflux-5.0.8.RELEASE.jar;C:\Users\jorge\.gradle\caches\modules-2\files-2.1\org.springframework\spring-webmvc\5.0.8.RELEASE\7e5fe57590ca8e4468e50fe1d92b0b67aa4a327a\spring-webmvc-5.0.8.RELEASE.jar;C:\Users\jorge\.gradle\caches\modules-2\files-2.1\org.springframework\spring-web\5.0.8.RELEASE\fa43cdadb4ab2491fd1d0ddb06c0808e4b60fc85\spring-web-5.0.8.RELEASE.jar;C:\Users\jorge\.gradle\caches\modules-2\files-2.1\org.springframework\spring-test\5.0.8.RELEASE\5782619373bd7e7b7d9106203c317b04bb613ebb\spring-test-5.0.8.RELEASE.jar;C:\Users\jorge\.gradle\caches\modules-2\files-2.1\org.springframework.security\spring-security-core\5.0.7.RELEASE\40a0c57af6b4c3f8c611216d2579c6ab19672694\spring-security-core-5.0.7.RELEASE.jar;C:\Users\jorge\.gradle\caches\modules-2\files-2.1\org.springframework.plugin\spring-plugin-core\1.2.0.RELEASE\f380e7760032e7d929184f8ad8a33716b75c0657\spring-plugin-core-1.2.0.RELEASE.jar;C:\Users\jorge\.gradle\caches\modules-2\files-2.1\org.springframework\spring-context\5.0.8.RELEASE\3a067d8990761111c9b6d1d895640be26cc1fb38\spring-context-5.0.8.RELEASE.jar;C:\Users\jorge\.gradle\caches\modules-2\files-2.1\org.springframework\spring-aop\5.0.8.RELEASE\f5086c1a3185c481104511837427b39a07a57aa2\spring-aop-5.0.8.RELEASE.jar;C:\Users\jorge\.gradle\caches\modules-2\files-2.1\org.springframework\spring-beans\5.0.8.RELEASE\5fc965d3e7f5515099244857a8ae9e2a208c169b\spring-beans-5.0.8.RELEASE.jar;C:\Users\jorge\.gradle\caches\modules-2\files-2.1\org.springframework\spring-expression\5.0.8.RELEASE\f23158f22c917df2cddf2ecebc398a9e95f95fae\spring-expression-5.0.8.RELEASE.jar;C:\Users\jorge\.gradle\caches\modules-2\files-2.1\org.springframework\spring-core\5.0.8.RELEASE\dc39c49e3246cdf73d3786ac41119140aed3fa08\spring-core-5.0.8.RELEASE.jar;C:\Users\jorge\.gradle\caches\modules-2\files-2.1\org.yaml\snakeyaml\1.19\2d998d3d674b172a588e54ab619854d073f555b5\snakeyaml-1.19.jar;C:\Users\jorge\.gradle\caches\modules-2\files-2.1\io.micrometer\micrometer-core\1.0.6\50299bc8a34c251d62311bbb1a297f3942a82e42\micrometer-core-1.0.6.jar;C:\Users\jorge\.gradle\caches\modules-2\files-2.1\org.springframework.boot\spring-boot-starter-reactor-netty\2.0.4.RELEASE\ed4ac88f7fc699a9cbb6ee804a26e2e30239ca35\spring-boot-starter-reactor-netty-2.0.4.RELEASE.jar;C:\Users\jorge\.gradle\caches\modules-2\files-2.1\org.hibernate.validator\hibernate-validator\6.0.11.Final\36f9d10a11e4768f55e8fb91ebe4338a5c43954e\hibernate-validator-6.0.11.Final.jar;C:\Users\jorge\.gradle\caches\modules-2\files-2.1\org.synchronoss.cloud\nio-multipart-parser\1.1.0\c6c417fec6612584b1c34d4dd98c5a4e47e8c754\nio-multipart-parser-1.1.0.jar;C:\Users\jorge\.gradle\caches\modules-2\files-2.1\javax.activation\activation\1.1\e6cb541461c2834bdea3eb920f1884d1eb508b50\activation-1.1.jar;C:\Users\jorge\.gradle\caches\modules-2\files-2.1\com.fasterxml.jackson.datatype\jackson-datatype-jdk8\2.9.6\456895fc91bf7180b216fead220373e6278230c9\jackson-datatype-jdk8-2.9.6.jar;C:\Users\jorge\.gradle\caches\modules-2\files-2.1\com.fasterxml.jackson.module\jackson-module-parameter-names\2.9.6\129acd77a4b6ee30d62d3a0899b1344c8ec2bff8\jackson-module-parameter-names-2.9.6.jar;C:\Users\jorge\.gradle\caches\modules-2\files-2.1\com.fasterxml.jackson.core\jackson-databind\2.9.6\cfa4f316351a91bfd95cb0644c6a2c95f52db1fc\jackson-databind-2.9.6.jar;C:\Users\jorge\.gradle\caches\modules-2\files-2.1\com.fasterxml.jackson.core\jackson-annotations\2.9.0\7c10d545325e3a6e72e06381afe469fd40eb701\jackson-annotations-2.9.0.jar;C:\Users\jorge\.gradle\caches\modules-2\files-2.1\com.fasterxml.jackson.core\jackson-core\2.9.6\4e393793c37c77e042ccc7be5a914ae39251b365\jackson-core-2.9.6.jar;C:\Users\jorge\.gradle\caches\modules-2\files-2.1\com.jayway.jsonpath\json-path\2.4.0\765a4401ceb2dc8d40553c2075eb80a8fa35c2ae\json-path-2.4.0.jar;C:\Users\jorge\.gradle\caches\modules-2\files-2.1\org.powermock\powermock-module-junit4-common\2.0.0-RC.3\f09137abdf1aeea2df214037eab50ed864602c9a\powermock-module-junit4-common-2.0.0-RC.3.jar;C:\Users\jorge\.gradle\caches\modules-2\files-2.1\junit\junit\4.12\2973d150c0dc1fefe998f834810d68f278ea58ec\junit-4.12.jar;C:\Users\jorge\.gradle\caches\modules-2\files-2.1\org.assertj\assertj-core\3.9.1\c5ce126b15f28d56cd8f960c1a6a058b9c9aea87\assertj-core-3.9.1.jar;C:\Users\jorge\.gradle\caches\modules-2\files-2.1\org.mockito\mockito-core\2.15.0\b84bfbbc29cd22c9529409627af6ea2897f4fa85\mockito-core-2.15.0.jar;C:\Users\jorge\.gradle\caches\modules-2\files-2.1\org.hamcrest\hamcrest-library\1.3\4785a3c21320980282f9f33d0d1264a69040538f\hamcrest-library-1.3.jar;C:\Users\jorge\.gradle\caches\modules-2\files-2.1\org.hamcrest\hamcrest-core\1.3\42a25dc3219429f0e5d060061f71acb49bf010a0\hamcrest-core-1.3.jar;C:\Users\jorge\.gradle\caches\modules-2\files-2.1\org.skyscreamer\jsonassert\1.5.0\6c9d5fe2f59da598d9aefc1cfc6528ff3cf32df3\jsonassert-1.5.0.jar;C:\Users\jorge\.gradle\caches\modules-2\files-2.1\org.xmlunit\xmlunit-core\2.5.1\4ffdb346572a7356f7521cd3119ce5287d2e339d\xmlunit-core-2.5.1.jar;C:\Users\jorge\.gradle\caches\modules-2\files-2.1\org.powermock\powermock-api-support\2.0.0-RC.3\a23d6bdbcf865513c9f6992134152be80504e499\powermock-api-support-2.0.0-RC.3.jar;C:\Users\jorge\.gradle\caches\modules-2\files-2.1\ch.qos.logback\logback-classic\1.2.3\7c4f3c474fb2c041d8028740440937705ebb473a\logback-classic-1.2.3.jar;C:\Users\jorge\.gradle\caches\modules-2\files-2.1\org.apache.logging.log4j\log4j-to-slf4j\2.10.0\f7e631ccf49cfc0aefa4a2a728da7d374c05bd3c\log4j-to-slf4j-2.10.0.jar;C:\Users\jorge\.gradle\caches\modules-2\files-2.1\org.slf4j\jul-to-slf4j\1.7.25\af5364cd6679bfffb114f0dec8a157aaa283b76\jul-to-slf4j-1.7.25.jar;C:\Users\jorge\.gradle\caches\modules-2\files-2.1\org.springframework\spring-jcl\5.0.8.RELEASE\a1fa8fb560fb252321776e16bc9ac8201af4ef5e\spring-jcl-5.0.8.RELEASE.jar;C:\Users\jorge\.gradle\caches\modules-2\files-2.1\org.hdrhistogram\HdrHistogram\2.1.10\9e1ac84eed220281841b75e72fb9de5a297fbf04\HdrHistogram-2.1.10.jar;C:\Users\jorge\.gradle\caches\modules-2\files-2.1\org.latencyutils\LatencyUtils\2.0.3\769c0b82cb2421c8256300e907298a9410a2a3d3\LatencyUtils-2.0.3.jar;C:\Users\jorge\.gradle\caches\modules-2\files-2.1\org.synchronoss.cloud\nio-stream-storage\1.1.3\986dba5f6e5eed20f0dba6ddc8e8a64a9ebdc2f3\nio-stream-storage-1.1.3.jar;C:\Users\jorge\.gradle\caches\modules-2\files-2.1\org.slf4j\slf4j-api\1.7.25\da76ca59f6a57ee3102f8f9bd9cee742973efa8a\slf4j-api-1.7.25.jar;C:\Users\jorge\.gradle\caches\modules-2\files-2.1\io.projectreactor.ipc\reactor-netty\0.7.8.RELEASE\fe25c7d3042b6005690f7d243cef987b696a12ee\reactor-netty-0.7.8.RELEASE.jar;C:\Users\jorge\.gradle\caches\modules-2\files-2.1\javax.validation\validation-api\2.0.1.Final\cb855558e6271b1b32e716d24cb85c7f583ce09e\validation-api-2.0.1.Final.jar;C:\Users\jorge\.gradle\caches\modules-2\files-2.1\org.jboss.logging\jboss-logging\3.3.2.Final\3789d00e859632e6c6206adc0c71625559e6e3b0\jboss-logging-3.3.2.Final.jar;C:\Users\jorge\.gradle\caches\modules-2\files-2.1\com.fasterxml\classmate\1.3.4\3d5f48f10bbe4eb7bd862f10c0583be2e0053c6\classmate-1.3.4.jar;C:\Users\jorge\.gradle\caches\modules-2\files-2.1\io.projectreactor\reactor-core\3.1.8.RELEASE\3bcc30f9161d3d17abe44b4aa20e397e5170566e\reactor-core-3.1.8.RELEASE.jar;C:\Users\jorge\.gradle\caches\modules-2\files-2.1\net.minidev\json-smart\2.3\7396407491352ce4fa30de92efb158adb76b5b\json-smart-2.3.jar;C:\Users\jorge\.gradle\caches\modules-2\files-2.1\org.powermock\powermock-core\2.0.0-RC.3\f958479ea1f0d1ba37cf65b6612fccfbaf4d8dd3\powermock-core-2.0.0-RC.3.jar;C:\Users\jorge\.gradle\caches\modules-2\files-2.1\org.powermock\powermock-reflect\2.0.0-RC.3\c10437486ae35b91666c2591fd7b1a8054b4573c\powermock-reflect-2.0.0-RC.3.jar;C:\Users\jorge\.gradle\caches\modules-2\files-2.1\net.bytebuddy\byte-buddy\1.7.11\f02857a4e2c66ccbe7aaad6100a0a6c461bce9b3\byte-buddy-1.7.11.jar;C:\Users\jorge\.gradle\caches\modules-2\files-2.1\net.bytebuddy\byte-buddy-agent\1.7.11\b425a8933ca07edd03c6dbc8bc3b595fba9780de\byte-buddy-agent-1.7.11.jar;C:\Users\jorge\.gradle\caches\modules-2\files-2.1\org.objenesis\objenesis\3.0.1\11cfac598df9dc48bb9ed9357ed04212694b7808\objenesis-3.0.1.jar;C:\Users\jorge\.gradle\caches\modules-2\files-2.1\com.vaadin.external.google\android-json\0.0.20131108.vaadin1\fa26d351fe62a6a17f5cda1287c1c6110dec413f\android-json-0.0.20131108.vaadin1.jar;C:\Users\jorge\.gradle\caches\modules-2\files-2.1\ch.qos.logback\logback-core\1.2.3\864344400c3d4d92dfeb0a305dc87d953677c03c\logback-core-1.2.3.jar;C:\Users\jorge\.gradle\caches\modules-2\files-2.1\org.apache.logging.log4j\log4j-api\2.10.0\fec5797a55b786184a537abd39c3fa1449d752d6\log4j-api-2.10.0.jar;C:\Users\jorge\.gradle\caches\modules-2\files-2.1\org.apache.tomcat.embed\tomcat-embed-websocket\8.5.32\ea5302e378f1449d4e5dda79e8d810c1e7931f91\tomcat-embed-websocket-8.5.32.jar;C:\Users\jorge\.gradle\caches\modules-2\files-2.1\org.apache.tomcat.embed\tomcat-embed-core\8.5.32\6bc6896200146010cc4666bdc6b9b0cbb453ee22\tomcat-embed-core-8.5.32.jar;C:\Users\jorge\.gradle\caches\modules-2\files-2.1\org.apache.tomcat.embed\tomcat-embed-el\8.5.32\e4fd0ee015d83fa1c5ec93ff1d05bdaf9a4480c5\tomcat-embed-el-8.5.32.jar;C:\Users\jorge\.gradle\caches\modules-2\files-2.1\io.netty\netty-handler-proxy\4.1.27.Final\1a822ce7760bc6eb4937b7e448c9e081fedcc807\netty-handler-proxy-4.1.27.Final.jar;C:\Users\jorge\.gradle\caches\modules-2\files-2.1\io.netty\netty-codec-http\4.1.27.Final\a1722d6bcbbef1c4c7877e8bf38b07a3db5ed07f\netty-codec-http-4.1.27.Final.jar;C:\Users\jorge\.gradle\caches\modules-2\files-2.1\io.netty\netty-handler\4.1.27.Final\21bd9cf565390a8d72579b8664303e3c175dfc6a\netty-handler-4.1.27.Final.jar;C:\Users\jorge\.gradle\caches\modules-2\files-2.1\io.netty\netty-transport-native-epoll\4.1.27.Final\8c3a61a7dd53eafe2f0fe31356f1379598f74517\netty-transport-native-epoll-4.1.27.Final-linux-x86_64.jar;C:\Users\jorge\.gradle\caches\modules-2\files-2.1\org.reactivestreams\reactive-streams\1.0.2\323964c36556eb0e6209f65c1cef72b53b461ab8\reactive-streams-1.0.2.jar;C:\Users\jorge\.gradle\caches\modules-2\files-2.1\net.minidev\accessors-smart\1.2\c592b500269bfde36096641b01238a8350f8aa31\accessors-smart-1.2.jar;C:\Users\jorge\.gradle\caches\modules-2\files-2.1\org.javassist\javassist\3.24.0-GA\d7466fc2e3af7c023e95c510f06448ad29b225b3\javassist-3.24.0-GA.jar;C:\Users\jorge\.gradle\caches\modules-2\files-2.1\io.netty\netty-codec-socks\4.1.27.Final\285b09af98764cf02e4b77b3d95af188469a7133\netty-codec-socks-4.1.27.Final.jar;C:\Users\jorge\.gradle\caches\modules-2\files-2.1\io.netty\netty-codec\4.1.27.Final\d2653d78ebaa650064768fb26b10051f5c8efb2c\netty-codec-4.1.27.Final.jar;C:\Users\jorge\.gradle\caches\modules-2\files-2.1\io.netty\netty-transport-native-unix-common\4.1.27.Final\2b0667fe5c1df78c6cfbf9d53ad8b1fb533fb8e8\netty-transport-native-unix-common-4.1.27.Final.jar;C:\Users\jorge\.gradle\caches\modules-2\files-2.1\io.netty\netty-transport\4.1.27.Final\b5c2da3ea89dd67320925f1504c9eb3615241b7c\netty-transport-4.1.27.Final.jar;C:\Users\jorge\.gradle\caches\modules-2\files-2.1\io.netty\netty-buffer\4.1.27.Final\aafe2b9fb0d8f3b200cf10b9fd6486c6a722d7a1\netty-buffer-4.1.27.Final.jar;C:\Users\jorge\.gradle\caches\modules-2\files-2.1\io.netty\netty-resolver\4.1.27.Final\2536447ef9605ccb2b5203aa22392c6514484ea9\netty-resolver-4.1.27.Final.jar;C:\Users\jorge\.gradle\caches\modules-2\files-2.1\io.netty\netty-common\4.1.27.Final\6a12a969c27fb37b230c4bde5a67bd822fa6b7a4\netty-common-4.1.27.Final.jar;C:\Users\jorge\.gradle\caches\modules-2\files-2.1\org.ow2.asm\asm\5.0.4\da08b8cce7bbf903602a25a3a163ae252435795\asm-5.0.4.jar, user.name=jorge, java.vm.specification.version=1.8, sun.java.command=worker.org.gradle.process.internal.worker.GradleWorkerMain 'Gradle Test Executor 3', java.home=C:\Program Files\AdoptOpenJDK\jdk-8.0.242.08-hotspot\jre, sun.arch.data.model=64, user.language=en, java.specification.vendor=Oracle Corporation, awt.toolkit=sun.awt.windows.WToolkit, java.vm.info=mixed mode, java.version=1.8.0_242, java.ext.dirs=C:\Program Files\AdoptOpenJDK\jdk-8.0.242.08-hotspot\jre\lib\ext;C:\Windows\Sun\Java\lib\ext, sun.boot.class.path=C:\Program Files\AdoptOpenJDK\jdk-8.0.242.08-hotspot\jre\lib\resources.jar;C:\Program Files\AdoptOpenJDK\jdk-8.0.242.08-hotspot\jre\lib\rt.jar;C:\Program Files\AdoptOpenJDK\jdk-8.0.242.08-hotspot\jre\lib\sunrsasign.jar;C:\Program Files\AdoptOpenJDK\jdk-8.0.242.08-hotspot\jre\lib\jsse.jar;C:\Program Files\AdoptOpenJDK\jdk-8.0.242.08-hotspot\jre\lib\jce.jar;C:\Program Files\AdoptOpenJDK\jdk-8.0.242.08-hotspot\jre\lib\charsets.jar;C:\Program Files\AdoptOpenJDK\jdk-8.0.242.08-hotspot\jre\lib\jfr.jar;C:\Program Files\AdoptOpenJDK\jdk-8.0.242.08-hotspot\jre\classes, java.vendor=AdoptOpenJDK, org.gradle.test.worker=3, file.separator=\, java.vendor.url.bug=http://bugreport.sun.com/bugreport/, sun.io.unicode.encoding=UnicodeLittle, sun.cpu.endian=little, sun.desktop=windows, sun.cpu.isalist=amd64}}, SystemEnvironmentPropertySource@1317707217 {name='systemEnvironment', properties={USERDOMAIN_ROAMINGPROFILE=DESKTOP-U7U4TE6, PROCESSOR_LEVEL=6, VS140COMNTOOLS=C:\Program Files (x86)\Microsoft Visual Studio 14.0\Common7\Tools\, ALLUSERSPROFILE=C:\ProgramData, PROCESSOR_ARCHITECTURE=AMD64, PSModulePath=C:\Users\jorge\Documents\WindowsPowerShell\Modules;C:\Program Files\WindowsPowerShell\Modules;C:\Windows\system32\WindowsPowerShell\v1.0\Modules, SystemDrive=C:, =ExitCode=00000000, DIRNAME=C:\azure-devops\git\eShopOnContainers\src\Web\WebImapClient\Client\server\, USERNAME=jorge, CMD_LINE_ARGS=b, ProgramFiles(x86)=C:\Program Files (x86), APP_HOME=C:\azure-devops\git\eShopOnContainers\src\Web\WebImapClient\Client\server\, PATHEXT=.COM;.EXE;.BAT;.CMD;.VBS;.VBE;.JS;.JSE;.WSF;.WSH;.MSC;.CPL, DriverData=C:\Windows\System32\Drivers\DriverData, OneDriveConsumer=C:\Users\jorge\OneDrive, ProgramData=C:\ProgramData, ProgramW6432=C:\Program Files, HOMEPATH=\Users\jorge, PROCESSOR_IDENTIFIER=Intel64 Family 6 Model 158 Stepping 13, GenuineIntel, ProgramFiles=C:\Program Files, PUBLIC=C:\Users\Public, windir=C:\Windows, _SKIP=2, LOCALAPPDATA=C:\Users\jorge\AppData\Local, ChocolateyLastPathUpdate=132229495750090469, USERDOMAIN=DESKTOP-U7U4TE6, LOGONSERVER=\\DESKTOP-U7U4TE6, PROMPT=$P$G, OneDrive=C:\Users\jorge\OneDrive, =C:=C:\azure-devops\git\eShopOnContainers\src\Web\WebImapClient\Client\server, APPDATA=C:\Users\jorge\AppData\Roaming, JAVA_EXE=java.exe, ChocolateyInstall=C:\ProgramData\chocolatey, CommonProgramFiles=C:\Program Files\Common Files, Path=C:\Program Files\AdoptOpenJDK\jdk-8.0.242.08-hotspot\bin;C:\Program Files (x86)\Common Files\Oracle\Java\javapath;C:\Python27\;C:\Python27\Scripts;C:\ProgramData\DockerDesktop\version-bin;C:\Program Files\Docker\Docker\Resources\bin;C:\Windows\system32;C:\Windows;C:\Windows\System32\Wbem;C:\Windows\System32\WindowsPowerShell\v1.0\;C:\Windows\System32\OpenSSH\;C:\Program Files (x86)\NVIDIA Corporation\PhysX\Common;C:\Program Files\dotnet\;C:\Program Files\Microsoft SQL Server\130\Tools\Binn\;C:\Program Files\Microsoft SQL Server\Client SDK\ODBC\170\Tools\Binn\;C:\Program Files (x86)\Microsoft SQL Server\150\DTS\Binn\;C:\Program Files\Git\cmd;C:\Program Files (x86)\Microsoft ASP.NET\ASP.NET Web Pages\v1.0\;C:\Program Files\Microsoft SQL Server\110\Tools\Binn\;C:\Users\jorge\.dnx\bin;C:\Program Files\Microsoft DNX\Dnvm\;C:\Program Files\nodejs\;C:\ProgramData\chocolatey\bin;C:\Program Files\Microsoft\Web Platform Installer\;C:\Users\jorge\AppData\Local\Microsoft\WindowsApps;C:\Users\jorge\AppData\Local\Programs\Microsoft VS Code\bin;C:\Users\jorge\.dotnet\tools;C:\Users\jorge\AppData\Roaming\npm;C:\Users\jorge\AppData\Local\GitHubDesktop\bin, OS=Windows_NT, COMPUTERNAME=DESKTOP-U7U4TE6, PROCESSOR_REVISION=9e0d, CLASSPATH=C:\azure-devops\git\eShopOnContainers\src\Web\WebImapClient\Client\server\\gradle\wrapper\gradle-wrapper.jar, CommonProgramW6432=C:\Program Files\Common Files, ComSpec=C:\Windows\system32\cmd.exe, APP_BASE_NAME=gradlew, SystemRoot=C:\Windows, TEMP=C:\Users\jorge\AppData\Local\Temp, HOMEDRIVE=C:, USERPROFILE=C:\Users\jorge, TMP=C:\Users\jorge\AppData\Local\Temp, VS110COMNTOOLS=C:\Program Files (x86)\Microsoft Visual Studio 11.0\Common7\Tools\, CommonProgramFiles(x86)=C:\Program Files (x86)\Common Files, NUMBER_OF_PROCESSORS=12}}]
17:43:14.437 [Test worker] DEBUG org.springframework.web.servlet.mvc.method.annotation.RequestMappingHandlerMapping - Looking for request mappings in application context: org.springframework.test.web.servlet.setup.StubWebApplicationContext@7eecdfc2
17:43:14.451 [Test worker] DEBUG org.springframework.web.servlet.mvc.method.annotation.RequestMappingHandlerMapping - 17 request handler methods found on class com.marcnuri.isotope.api.folder.FolderResource: {public org.springframework.http.ResponseEntity com.marcnuri.isotope.api.folder.FolderResource.getMessage(java.lang.String,java.lang.Long)={[/v1/folders/{folderId}/messages/{messageId}],methods=[GET]}, public org.springframework.http.ResponseEntity com.marcnuri.isotope.api.folder.FolderResource.getFolders(java.lang.Boolean)={[/v1/folders],methods=[GET],produces=[application/hal+json]}, public org.springframework.http.ResponseEntity com.marcnuri.isotope.api.folder.FolderResource.setMessageFlagged(java.lang.String,java.lang.Long,boolean)={[/v1/folders/{folderId}/messages/{messageId}/flagged],methods=[PUT]}, public org.springframework.http.ResponseEntity com.marcnuri.isotope.api.folder.FolderResource.deleteAllFolderMessages(java.lang.String)={[/v1/folders/{folderId}/messages],methods=[DELETE]}, public org.springframework.http.ResponseEntity com.marcnuri.isotope.api.folder.FolderResource.createChildFolder(java.lang.String,java.lang.String)={[/v1/folders/{folderId}],methods=[POST],produces=[application/hal+json]}, public org.springframework.http.ResponseEntity com.marcnuri.isotope.api.folder.FolderResource.moveMessage(java.lang.String,java.lang.Long,java.lang.String)={[/v1/folders/{fromFolderId}/messages/{messageId}/folder/{toFolderId}],methods=[PUT]}, public org.springframework.http.ResponseEntity com.marcnuri.isotope.api.folder.FolderResource.moveMessages(java.lang.String,java.lang.String,java.util.List)={[/v1/folders/{fromFolderId}/messages/folder/{toFolderId}],methods=[PUT]}, public org.springframework.http.ResponseEntity com.marcnuri.isotope.api.folder.FolderResource.setMessageSeen(java.lang.String,java.lang.Long,boolean)={[/v1/folders/{folderId}/messages/{messageId}/seen],methods=[PUT]}, public org.springframework.http.ResponseEntity com.marcnuri.isotope.api.folder.FolderResource.setMessagesSeen(java.lang.String,java.lang.Boolean,java.util.List)={[/v1/folders/{folderId}/messages/seen/{seen}],methods=[PUT]}, public org.springframework.http.ResponseEntity com.marcnuri.isotope.api.folder.FolderResource.getAttachment(java.lang.String,java.lang.Long,java.lang.String,java.lang.Boolean,javax.servlet.http.HttpServletResponse)={[/v1/folders/{folderId}/messages/{messageId}/attachments/{id}],methods=[GET]}, public org.springframework.http.ResponseEntity com.marcnuri.isotope.api.folder.FolderResource.deleteFolder(java.lang.String)={[/v1/folders/{folderId}],methods=[DELETE],produces=[application/hal+json]}, public org.springframework.http.ResponseEntity com.marcnuri.isotope.api.folder.FolderResource.renameFolder(java.lang.String,java.lang.String)={[/v1/folders/{folderId}/name],methods=[PUT],produces=[application/hal+json]}, public org.springframework.http.ResponseEntity com.marcnuri.isotope.api.folder.FolderResource.moveFolder(java.lang.String,java.lang.String)={[/v1/folders/{folderId}/parent],methods=[PUT],produces=[application/hal+json]}, public org.springframework.http.ResponseEntity com.marcnuri.isotope.api.folder.FolderResource.createRootFolder(java.lang.String)={[/v1/folders],methods=[POST],produces=[application/hal+json]}, public org.springframework.http.ResponseEntity com.marcnuri.isotope.api.folder.FolderResource.preloadMessages(java.lang.String,java.util.List)={[/v1/folders/{folderId}/messages],methods=[GET]}, public org.springframework.http.ResponseEntity com.marcnuri.isotope.api.folder.FolderResource.deleteMessages(java.lang.String,java.util.List)={[/v1/folders/{folderId}/messages],methods=[DELETE],params=[id]}, public reactor.core.publisher.Flux com.marcnuri.isotope.api.folder.FolderResource.getMessages(java.lang.String,javax.servlet.http.HttpServletResponse)={[/v1/folders/{folderId}/messages],methods=[GET],produces=[text/event-stream]}}
17:43:14.451 [Test worker] INFO org.springframework.web.servlet.mvc.method.annotation.RequestMappingHandlerMapping - Mapped "{[/v1/folders/{folderId}/messages/{messageId}],methods=[GET]}" onto public org.springframework.http.ResponseEntity<com.marcnuri.isotope.api.message.MessageWithFolder> com.marcnuri.isotope.api.folder.FolderResource.getMessage(java.lang.String,java.lang.Long)
17:43:14.452 [Test worker] INFO org.springframework.web.servlet.mvc.method.annotation.RequestMappingHandlerMapping - Mapped "{[/v1/folders],methods=[GET],produces=[application/hal+json]}" onto public org.springframework.http.ResponseEntity<java.util.List<com.marcnuri.isotope.api.folder.Folder>> com.marcnuri.isotope.api.folder.FolderResource.getFolders(java.lang.Boolean)
17:43:14.452 [Test worker] INFO org.springframework.web.servlet.mvc.method.annotation.RequestMappingHandlerMapping - Mapped "{[/v1/folders/{folderId}/messages/{messageId}/flagged],methods=[PUT]}" onto public org.springframework.http.ResponseEntity<java.lang.Void> com.marcnuri.isotope.api.folder.FolderResource.setMessageFlagged(java.lang.String,java.lang.Long,boolean)
17:43:14.452 [Test worker] INFO org.springframework.web.servlet.mvc.method.annotation.RequestMappingHandlerMapping - Mapped "{[/v1/folders/{folderId}/messages],methods=[DELETE]}" onto public org.springframework.http.ResponseEntity<com.marcnuri.isotope.api.folder.Folder> com.marcnuri.isotope.api.folder.FolderResource.deleteAllFolderMessages(java.lang.String)
17:43:14.453 [Test worker] INFO org.springframework.web.servlet.mvc.method.annotation.RequestMappingHandlerMapping - Mapped "{[/v1/folders/{folderId}],methods=[POST],produces=[application/hal+json]}" onto public org.springframework.http.ResponseEntity<com.marcnuri.isotope.api.folder.Folder> com.marcnuri.isotope.api.folder.FolderResource.createChildFolder(java.lang.String,java.lang.String)
17:43:14.453 [Test worker] INFO org.springframework.web.servlet.mvc.method.annotation.RequestMappingHandlerMapping - Mapped "{[/v1/folders/{fromFolderId}/messages/{messageId}/folder/{toFolderId}],methods=[PUT]}" onto public org.springframework.http.ResponseEntity<java.util.List<com.marcnuri.isotope.api.message.MessageWithFolder>> com.marcnuri.isotope.api.folder.FolderResource.moveMessage(java.lang.String,java.lang.Long,java.lang.String)
17:43:14.453 [Test worker] INFO org.springframework.web.servlet.mvc.method.annotation.RequestMappingHandlerMapping - Mapped "{[/v1/folders/{fromFolderId}/messages/folder/{toFolderId}],methods=[PUT]}" onto public org.springframework.http.ResponseEntity<java.util.List<com.marcnuri.isotope.api.message.MessageWithFolder>> com.marcnuri.isotope.api.folder.FolderResource.moveMessages(java.lang.String,java.lang.String,java.util.List<java.lang.Long>)
17:43:14.453 [Test worker] INFO org.springframework.web.servlet.mvc.method.annotation.RequestMappingHandlerMapping - Mapped "{[/v1/folders/{folderId}/messages/{messageId}/seen],methods=[PUT]}" onto public org.springframework.http.ResponseEntity<java.lang.Void> com.marcnuri.isotope.api.folder.FolderResource.setMessageSeen(java.lang.String,java.lang.Long,boolean)
17:43:14.454 [Test worker] INFO org.springframework.web.servlet.mvc.method.annotation.RequestMappingHandlerMapping - Mapped "{[/v1/folders/{folderId}/messages/seen/{seen}],methods=[PUT]}" onto public org.springframework.http.ResponseEntity<java.lang.Void> com.marcnuri.isotope.api.folder.FolderResource.setMessagesSeen(java.lang.String,java.lang.Boolean,java.util.List<java.lang.Long>)
17:43:14.454 [Test worker] INFO org.springframework.web.servlet.mvc.method.annotation.RequestMappingHandlerMapping - Mapped "{[/v1/folders/{folderId}/messages/{messageId}/attachments/{id}],methods=[GET]}" onto public org.springframework.http.ResponseEntity<java.lang.Void> com.marcnuri.isotope.api.folder.FolderResource.getAttachment(java.lang.String,java.lang.Long,java.lang.String,java.lang.Boolean,javax.servlet.http.HttpServletResponse)
17:43:14.454 [Test worker] INFO org.springframework.web.servlet.mvc.method.annotation.RequestMappingHandlerMapping - Mapped "{[/v1/folders/{folderId}],methods=[DELETE],produces=[application/hal+json]}" onto public org.springframework.http.ResponseEntity<com.marcnuri.isotope.api.folder.Folder> com.marcnuri.isotope.api.folder.FolderResource.deleteFolder(java.lang.String)
17:43:14.454 [Test worker] INFO org.springframework.web.servlet.mvc.method.annotation.RequestMappingHandlerMapping - Mapped "{[/v1/folders/{folderId}/name],methods=[PUT],produces=[application/hal+json]}" onto public org.springframework.http.ResponseEntity<com.marcnuri.isotope.api.folder.Folder> com.marcnuri.isotope.api.folder.FolderResource.renameFolder(java.lang.String,java.lang.String)
17:43:14.455 [Test worker] INFO org.springframework.web.servlet.mvc.method.annotation.RequestMappingHandlerMapping - Mapped "{[/v1/folders/{folderId}/parent],methods=[PUT],produces=[application/hal+json]}" onto public org.springframework.http.ResponseEntity<com.marcnuri.isotope.api.folder.Folder> com.marcnuri.isotope.api.folder.FolderResource.moveFolder(java.lang.String,java.lang.String)
17:43:14.455 [Test worker] INFO org.springframework.web.servlet.mvc.method.annotation.RequestMappingHandlerMapping - Mapped "{[/v1/folders],methods=[POST],produces=[application/hal+json]}" onto public org.springframework.http.ResponseEntity<java.util.List<com.marcnuri.isotope.api.folder.Folder>> com.marcnuri.isotope.api.folder.FolderResource.createRootFolder(java.lang.String)
17:43:14.455 [Test worker] INFO org.springframework.web.servlet.mvc.method.annotation.RequestMappingHandlerMapping - Mapped "{[/v1/folders/{folderId}/messages],methods=[GET]}" onto public org.springframework.http.ResponseEntity<java.util.List<com.marcnuri.isotope.api.message.Message>> com.marcnuri.isotope.api.folder.FolderResource.preloadMessages(java.lang.String,java.util.List<java.lang.Long>)
17:43:14.455 [Test worker] INFO org.springframework.web.servlet.mvc.method.annotation.RequestMappingHandlerMapping - Mapped "{[/v1/folders/{folderId}/messages],methods=[DELETE],params=[id]}" onto public org.springframework.http.ResponseEntity<com.marcnuri.isotope.api.folder.Folder> com.marcnuri.isotope.api.folder.FolderResource.deleteMessages(java.lang.String,java.util.List<java.lang.Long>)
17:43:14.456 [Test worker] INFO org.springframework.web.servlet.mvc.method.annotation.RequestMappingHandlerMapping - Mapped "{[/v1/folders/{folderId}/messages],methods=[GET],produces=[text/event-stream]}" onto public reactor.core.publisher.Flux<org.springframework.http.codec.ServerSentEvent<java.util.List<com.marcnuri.isotope.api.message.Message>>> com.marcnuri.isotope.api.folder.FolderResource.getMessages(java.lang.String,javax.servlet.http.HttpServletResponse)
17:43:14.461 [Test worker] DEBUG org.hibernate.validator.internal.engine.resolver.TraversableResolvers - Cannot find javax.persistence.Persistence on classpath. Assuming non JPA 2 environment. All properties will per default be traversable.
17:43:14.461 [Test worker] DEBUG org.hibernate.validator.messageinterpolation.ResourceBundleMessageInterpolator - Loaded expression factory via original TCCL
17:43:14.461 [Test worker] DEBUG org.hibernate.validator.internal.engine.ConfigurationImpl - Setting custom MessageInterpolator of type org.springframework.validation.beanvalidation.LocaleContextMessageInterpolator
17:43:14.461 [Test worker] DEBUG org.hibernate.validator.internal.engine.ConfigurationImpl - Setting custom ParameterNameProvider of type org.springframework.validation.beanvalidation.LocalValidatorFactoryBean$1
17:43:14.461 [Test worker] DEBUG org.hibernate.validator.internal.xml.config.ValidationXmlParser - Trying to load META-INF/validation.xml for XML based Validator configuration.
17:43:14.461 [Test worker] DEBUG org.hibernate.validator.internal.xml.config.ResourceLoaderHelper - Trying to load META-INF/validation.xml via TCCL
17:43:14.462 [Test worker] DEBUG org.hibernate.validator.internal.xml.config.ResourceLoaderHelper - Trying to load META-INF/validation.xml via Hibernate Validator's class loader
17:43:14.462 [Test worker] DEBUG org.hibernate.validator.internal.xml.config.ValidationXmlParser - No META-INF/validation.xml found. Using annotation based configuration only.
17:43:14.466 [Test worker] DEBUG org.hibernate.validator.internal.engine.ValidatorFactoryImpl - HV000234: Using org.springframework.validation.beanvalidation.LocaleContextMessageInterpolator as ValidatorFactory-scoped message interpolator.
17:43:14.466 [Test worker] DEBUG org.hibernate.validator.internal.engine.ValidatorFactoryImpl - HV000234: Using org.hibernate.validator.internal.engine.resolver.TraverseAllTraversableResolver as ValidatorFactory-scoped traversable resolver.
17:43:14.466 [Test worker] DEBUG org.hibernate.validator.internal.engine.ValidatorFactoryImpl - HV000234: Using org.hibernate.validator.internal.util.ExecutableParameterNameProvider as ValidatorFactory-scoped parameter name provider.
17:43:14.466 [Test worker] DEBUG org.hibernate.validator.internal.engine.ValidatorFactoryImpl - HV000234: Using org.hibernate.validator.internal.engine.DefaultClockProvider as ValidatorFactory-scoped clock provider.
17:43:14.466 [Test worker] DEBUG org.hibernate.validator.internal.engine.ValidatorFactoryImpl - HV000234: Using org.hibernate.validator.internal.engine.scripting.DefaultScriptEvaluatorFactory as ValidatorFactory-scoped script evaluator factory.
17:43:14.467 [Test worker] INFO org.springframework.web.servlet.mvc.method.annotation.RequestMappingHandlerAdapter - Looking for @ControllerAdvice: org.springframework.test.web.servlet.setup.StubWebApplicationContext@7eecdfc2
17:43:14.468 [Test worker] DEBUG org.springframework.web.servlet.mvc.method.annotation.ExceptionHandlerExceptionResolver - Looking for exception mappings: org.springframework.test.web.servlet.setup.StubWebApplicationContext@7eecdfc2
17:43:14.469 [Test worker] DEBUG org.springframework.test.web.servlet.TestDispatcherServlet - Initializing servlet ''
17:43:14.469 [Test worker] INFO org.springframework.mock.web.MockServletContext - Initializing Spring FrameworkServlet ''
17:43:14.469 [Test worker] INFO org.springframework.test.web.servlet.TestDispatcherServlet - FrameworkServlet '': initialization started
17:43:14.469 [Test worker] DEBUG org.springframework.test.web.servlet.TestDispatcherServlet - Unable to locate MultipartResolver with name 'multipartResolver': no multipart request handling provided
17:43:14.469 [Test worker] DEBUG org.springframework.test.web.servlet.TestDispatcherServlet - Using LocaleResolver [org.springframework.web.servlet.i18n.AcceptHeaderLocaleResolver@3d8c6102]
17:43:14.469 [Test worker] DEBUG org.springframework.test.web.servlet.TestDispatcherServlet - Using ThemeResolver [org.springframework.web.servlet.theme.FixedThemeResolver@8876b57]
17:43:14.469 [Test worker] DEBUG org.springframework.test.web.servlet.TestDispatcherServlet - Using RequestToViewNameTranslator [org.springframework.web.servlet.view.DefaultRequestToViewNameTranslator@5bb24ecd]
17:43:14.469 [Test worker] DEBUG org.springframework.test.web.servlet.TestDispatcherServlet - Using FlashMapManager [org.springframework.web.servlet.support.SessionFlashMapManager@7dbd85d]
17:43:14.469 [Test worker] DEBUG org.springframework.test.web.servlet.TestDispatcherServlet - Published WebApplicationContext of servlet '' as ServletContext attribute with name [org.springframework.web.servlet.FrameworkServlet.CONTEXT.]
17:43:14.469 [Test worker] INFO org.springframework.test.web.servlet.TestDispatcherServlet - FrameworkServlet '': initialization completed in 0 ms
17:43:14.469 [Test worker] DEBUG org.springframework.test.web.servlet.TestDispatcherServlet - Servlet '' configured successfully
17:43:14.470 [Test worker] DEBUG org.springframework.test.web.servlet.TestDispatcherServlet - DispatcherServlet with name '' processing DELETE request for [/v1/folders/1337/messages]
17:43:14.471 [Test worker] DEBUG org.springframework.web.servlet.mvc.method.annotation.RequestMappingHandlerMapping - Looking up handler method for path /v1/folders/1337/messages
17:43:14.473 [Test worker] DEBUG org.springframework.web.servlet.mvc.method.annotation.RequestMappingHandlerMapping - Returning handler method [public org.springframework.http.ResponseEntity<com.marcnuri.isotope.api.folder.Folder> com.marcnuri.isotope.api.folder.FolderResource.deleteMessages(java.lang.String,java.util.List<java.lang.Long>)]
17:43:14.480 [Test worker] DEBUG com.marcnuri.isotope.api.folder.FolderResource - Deleting 1 messages for folder 1337 
17:43:14.480 [Test worker] DEBUG org.springframework.beans.factory.support.DefaultListableBeanFactory - Returning cached instance of singleton bean 'prototypeImapService'
17:43:14.661 [Test worker] DEBUG org.springframework.web.servlet.mvc.method.annotation.HttpEntityMethodProcessor - Written [links: [<http://localhost/v1/folders/1337>;rel="self", <http://localhost/v1/folders/1337/messages>;rel="messages", <http://localhost/v1/folders/1337>;rel="delete", <http://localhost/v1/folders/1337/name>;rel="rename", <http://localhost/v1/folders/1337/parent>;rel="move", <http://localhost/v1/folders/1337/messages/{messageId}>;rel="message", <http://localhost/v1/folders/1337/messages/{messageId}/flagged>;rel="message.flagged", <http://localhost/v1/folders/1337/messages/{messageId}/folder/{toFolderId}>;rel="message.move", <http://localhost/v1/folders/1337/messages/folder/{toFolderId}>;rel="message.move.bulk", <http://localhost/v1/folders/1337/messages/{messageId}/seen>;rel="message.seen", <http://localhost/v1/folders/1337/messages/seen/{seen}>;rel="message.seen.bulk"]] as "application/hal+json" using [org.springframework.http.converter.json.MappingJackson2HttpMessageConverter@4014141a]
17:43:14.662 [Test worker] DEBUG org.springframework.test.web.servlet.TestDispatcherServlet - Null ModelAndView returned to DispatcherServlet with name '': assuming HandlerAdapter completed request handling
17:43:14.662 [Test worker] DEBUG org.springframework.test.web.servlet.TestDispatcherServlet - Successfully completed request
17:43:14.716 [Test worker] DEBUG com.jayway.jsonpath.internal.path.CompiledPath - Evaluating path: $['folderId']
17:43:14.721 [Test worker] DEBUG com.jayway.jsonpath.internal.path.CompiledPath - Evaluating path: $['_links']
17:43:14.722 [Test worker] DEBUG com.jayway.jsonpath.internal.path.CompiledPath - Evaluating path: $['_links']
17:43:14.723 [Test worker] DEBUG org.springframework.test.context.cache.DefaultCacheAwareContextLoaderDelegate - Retrieved ApplicationContext from cache with key [[MergedContextConfiguration@690d0075 testClass = FolderResourceTest, locations = '{}', classes = '{class com.marcnuri.isotope.api.folder.FolderResource}', contextInitializerClasses = '[]', activeProfiles = '{}', propertySourceLocations = '{}', propertySourceProperties = '{}', contextCustomizers = set[org.springframework.boot.test.autoconfigure.properties.PropertyMappingContextCustomizer@0, org.springframework.boot.test.autoconfigure.web.servlet.WebDriverContextCustomizerFactory$Customizer@42a343c1, org.springframework.boot.test.context.filter.ExcludeFilterContextCustomizer@3d8dc3, org.springframework.boot.test.json.DuplicateJsonObjectContextCustomizerFactory$DuplicateJsonObjectContextCustomizer@5f493529, org.springframework.boot.test.mock.mockito.MockitoContextCustomizer@8186d819], contextLoader = 'org.springframework.test.context.support.DelegatingSmartContextLoader', parent = [null]]]
17:43:14.723 [Test worker] DEBUG org.springframework.test.context.cache - Spring test ApplicationContext cache statistics: [DefaultContextCache@11fd1fb9 size = 2, maxSize = 32, parentContextCount = 0, hitCount = 38, missCount = 2]
17:43:14.723 [Test worker] DEBUG org.springframework.beans.factory.support.DefaultListableBeanFactory - Returning cached instance of singleton bean 'org.springframework.boot.test.mock.mockito.MockitoBeans'
17:43:14.724 [Test worker] DEBUG org.springframework.test.context.cache.DefaultCacheAwareContextLoaderDelegate - Retrieved ApplicationContext from cache with key [[MergedContextConfiguration@690d0075 testClass = FolderResourceTest, locations = '{}', classes = '{class com.marcnuri.isotope.api.folder.FolderResource}', contextInitializerClasses = '[]', activeProfiles = '{}', propertySourceLocations = '{}', propertySourceProperties = '{}', contextCustomizers = set[org.springframework.boot.test.autoconfigure.properties.PropertyMappingContextCustomizer@0, org.springframework.boot.test.autoconfigure.web.servlet.WebDriverContextCustomizerFactory$Customizer@42a343c1, org.springframework.boot.test.context.filter.ExcludeFilterContextCustomizer@3d8dc3, org.springframework.boot.test.json.DuplicateJsonObjectContextCustomizerFactory$DuplicateJsonObjectContextCustomizer@5f493529, org.springframework.boot.test.mock.mockito.MockitoContextCustomizer@8186d819], contextLoader = 'org.springframework.test.context.support.DelegatingSmartContextLoader', parent = [null]]]
17:43:14.724 [Test worker] DEBUG org.springframework.test.context.cache - Spring test ApplicationContext cache statistics: [DefaultContextCache@11fd1fb9 size = 2, maxSize = 32, parentContextCount = 0, hitCount = 39, missCount = 2]
17:43:14.724 [Test worker] DEBUG org.springframework.test.context.cache.DefaultCacheAwareContextLoaderDelegate - Retrieved ApplicationContext from cache with key [[MergedContextConfiguration@690d0075 testClass = FolderResourceTest, locations = '{}', classes = '{class com.marcnuri.isotope.api.folder.FolderResource}', contextInitializerClasses = '[]', activeProfiles = '{}', propertySourceLocations = '{}', propertySourceProperties = '{}', contextCustomizers = set[org.springframework.boot.test.autoconfigure.properties.PropertyMappingContextCustomizer@0, org.springframework.boot.test.autoconfigure.web.servlet.WebDriverContextCustomizerFactory$Customizer@42a343c1, org.springframework.boot.test.context.filter.ExcludeFilterContextCustomizer@3d8dc3, org.springframework.boot.test.json.DuplicateJsonObjectContextCustomizerFactory$DuplicateJsonObjectContextCustomizer@5f493529, org.springframework.boot.test.mock.mockito.MockitoContextCustomizer@8186d819], contextLoader = 'org.springframework.test.context.support.DelegatingSmartContextLoader', parent = [null]]]
17:43:14.724 [Test worker] DEBUG org.springframework.test.context.cache - Spring test ApplicationContext cache statistics: [DefaultContextCache@11fd1fb9 size = 2, maxSize = 32, parentContextCount = 0, hitCount = 40, missCount = 2]
17:43:14.725 [Test worker] DEBUG reactor.core.publisher.Hooks - Reset to factory defaults : onLastOperator
17:43:14.725 [Test worker] DEBUG org.springframework.test.context.support.AbstractDirtiesContextTestExecutionListener - After test method: context [DefaultTestContext@1abdc0de testClass = FolderResourceTest, testInstance = com.marcnuri.isotope.api.folder.FolderResourceTest@6be1eb9f, testMethod = deleteMessages_validFolderAndValidIds_shouldReturnOk@FolderResourceTest, testException = [null], mergedContextConfiguration = [MergedContextConfiguration@690d0075 testClass = FolderResourceTest, locations = '{}', classes = '{class com.marcnuri.isotope.api.folder.FolderResource}', contextInitializerClasses = '[]', activeProfiles = '{}', propertySourceLocations = '{}', propertySourceProperties = '{}', contextCustomizers = set[org.springframework.boot.test.autoconfigure.properties.PropertyMappingContextCustomizer@0, org.springframework.boot.test.autoconfigure.web.servlet.WebDriverContextCustomizerFactory$Customizer@42a343c1, org.springframework.boot.test.context.filter.ExcludeFilterContextCustomizer@3d8dc3, org.springframework.boot.test.json.DuplicateJsonObjectContextCustomizerFactory$DuplicateJsonObjectContextCustomizer@5f493529, org.springframework.boot.test.mock.mockito.MockitoContextCustomizer@8186d819], contextLoader = 'org.springframework.test.context.support.DelegatingSmartContextLoader', parent = [null]], attributes = map[[empty]]], class annotated with @DirtiesContext [false] with mode [null], method annotated with @DirtiesContext [false] with mode [null].
17:43:14.725 [Test worker] DEBUG org.springframework.test.annotation.ProfileValueUtils - Retrieved @ProfileValueSourceConfiguration [null] for test class [com.marcnuri.isotope.api.folder.FolderResourceTest]
17:43:14.725 [Test worker] DEBUG org.springframework.test.annotation.ProfileValueUtils - Retrieved ProfileValueSource type [class org.springframework.test.annotation.SystemProfileValueSource] for class [com.marcnuri.isotope.api.folder.FolderResourceTest]
17:43:14.726 [Test worker] DEBUG org.springframework.test.context.cache.DefaultCacheAwareContextLoaderDelegate - Retrieved ApplicationContext from cache with key [[MergedContextConfiguration@690d0075 testClass = FolderResourceTest, locations = '{}', classes = '{class com.marcnuri.isotope.api.folder.FolderResource}', contextInitializerClasses = '[]', activeProfiles = '{}', propertySourceLocations = '{}', propertySourceProperties = '{}', contextCustomizers = set[org.springframework.boot.test.autoconfigure.properties.PropertyMappingContextCustomizer@0, org.springframework.boot.test.autoconfigure.web.servlet.WebDriverContextCustomizerFactory$Customizer@42a343c1, org.springframework.boot.test.context.filter.ExcludeFilterContextCustomizer@3d8dc3, org.springframework.boot.test.json.DuplicateJsonObjectContextCustomizerFactory$DuplicateJsonObjectContextCustomizer@5f493529, org.springframework.boot.test.mock.mockito.MockitoContextCustomizer@8186d819], contextLoader = 'org.springframework.test.context.support.DelegatingSmartContextLoader', parent = [null]]]
17:43:14.726 [Test worker] DEBUG org.springframework.test.context.cache - Spring test ApplicationContext cache statistics: [DefaultContextCache@11fd1fb9 size = 2, maxSize = 32, parentContextCount = 0, hitCount = 41, missCount = 2]
17:43:14.726 [Test worker] DEBUG org.springframework.beans.factory.support.DefaultListableBeanFactory - Returning cached instance of singleton bean 'org.springframework.boot.test.mock.mockito.MockitoPostProcessor'
17:43:14.726 [Test worker] DEBUG org.springframework.beans.factory.support.DefaultListableBeanFactory - Returning cached instance of singleton bean 'prototypeImapService'
17:43:14.726 [Test worker] DEBUG org.springframework.test.context.support.DependencyInjectionTestExecutionListener - Performing dependency injection for test context [[DefaultTestContext@1abdc0de testClass = FolderResourceTest, testInstance = com.marcnuri.isotope.api.folder.FolderResourceTest@52a71421, testMethod = [null], testException = [null], mergedContextConfiguration = [MergedContextConfiguration@690d0075 testClass = FolderResourceTest, locations = '{}', classes = '{class com.marcnuri.isotope.api.folder.FolderResource}', contextInitializerClasses = '[]', activeProfiles = '{}', propertySourceLocations = '{}', propertySourceProperties = '{}', contextCustomizers = set[org.springframework.boot.test.autoconfigure.properties.PropertyMappingContextCustomizer@0, org.springframework.boot.test.autoconfigure.web.servlet.WebDriverContextCustomizerFactory$Customizer@42a343c1, org.springframework.boot.test.context.filter.ExcludeFilterContextCustomizer@3d8dc3, org.springframework.boot.test.json.DuplicateJsonObjectContextCustomizerFactory$DuplicateJsonObjectContextCustomizer@5f493529, org.springframework.boot.test.mock.mockito.MockitoContextCustomizer@8186d819], contextLoader = 'org.springframework.test.context.support.DelegatingSmartContextLoader', parent = [null]], attributes = map[[empty]]]].
17:43:14.726 [Test worker] DEBUG org.springframework.test.context.cache.DefaultCacheAwareContextLoaderDelegate - Retrieved ApplicationContext from cache with key [[MergedContextConfiguration@690d0075 testClass = FolderResourceTest, locations = '{}', classes = '{class com.marcnuri.isotope.api.folder.FolderResource}', contextInitializerClasses = '[]', activeProfiles = '{}', propertySourceLocations = '{}', propertySourceProperties = '{}', contextCustomizers = set[org.springframework.boot.test.autoconfigure.properties.PropertyMappingContextCustomizer@0, org.springframework.boot.test.autoconfigure.web.servlet.WebDriverContextCustomizerFactory$Customizer@42a343c1, org.springframework.boot.test.context.filter.ExcludeFilterContextCustomizer@3d8dc3, org.springframework.boot.test.json.DuplicateJsonObjectContextCustomizerFactory$DuplicateJsonObjectContextCustomizer@5f493529, org.springframework.boot.test.mock.mockito.MockitoContextCustomizer@8186d819], contextLoader = 'org.springframework.test.context.support.DelegatingSmartContextLoader', parent = [null]]]
17:43:14.726 [Test worker] DEBUG org.springframework.test.context.cache - Spring test ApplicationContext cache statistics: [DefaultContextCache@11fd1fb9 size = 2, maxSize = 32, parentContextCount = 0, hitCount = 42, missCount = 2]
17:43:14.726 [Test worker] DEBUG org.springframework.beans.factory.annotation.InjectionMetadata - Processing injected element of bean 'com.marcnuri.isotope.api.folder.FolderResourceTest': AutowiredFieldElement for private com.marcnuri.isotope.api.folder.FolderResource com.marcnuri.isotope.api.folder.FolderResourceTest.folderResource
17:43:14.726 [Test worker] DEBUG org.springframework.beans.factory.support.DefaultListableBeanFactory - Returning cached instance of singleton bean 'folderResource'
17:43:14.726 [Test worker] DEBUG org.springframework.test.context.support.AbstractDirtiesContextTestExecutionListener - Before test method: context [DefaultTestContext@1abdc0de testClass = FolderResourceTest, testInstance = com.marcnuri.isotope.api.folder.FolderResourceTest@52a71421, testMethod = deleteFolder_validFolderAndNewName_shouldReturnOk@FolderResourceTest, testException = [null], mergedContextConfiguration = [MergedContextConfiguration@690d0075 testClass = FolderResourceTest, locations = '{}', classes = '{class com.marcnuri.isotope.api.folder.FolderResource}', contextInitializerClasses = '[]', activeProfiles = '{}', propertySourceLocations = '{}', propertySourceProperties = '{}', contextCustomizers = set[org.springframework.boot.test.autoconfigure.properties.PropertyMappingContextCustomizer@0, org.springframework.boot.test.autoconfigure.web.servlet.WebDriverContextCustomizerFactory$Customizer@42a343c1, org.springframework.boot.test.context.filter.ExcludeFilterContextCustomizer@3d8dc3, org.springframework.boot.test.json.DuplicateJsonObjectContextCustomizerFactory$DuplicateJsonObjectContextCustomizer@5f493529, org.springframework.boot.test.mock.mockito.MockitoContextCustomizer@8186d819], contextLoader = 'org.springframework.test.context.support.DelegatingSmartContextLoader', parent = [null]], attributes = map[[empty]]], class annotated with @DirtiesContext [false] with mode [null], method annotated with @DirtiesContext [false] with mode [null].
17:43:14.727 [Test worker] DEBUG reactor.core.publisher.Hooks - Hooking onLastOperator: reactor.core.publisher.Operators$LiftFunction@168d0425
17:43:14.727 [Test worker] DEBUG org.springframework.test.context.cache.DefaultCacheAwareContextLoaderDelegate - Retrieved ApplicationContext from cache with key [[MergedContextConfiguration@690d0075 testClass = FolderResourceTest, locations = '{}', classes = '{class com.marcnuri.isotope.api.folder.FolderResource}', contextInitializerClasses = '[]', activeProfiles = '{}', propertySourceLocations = '{}', propertySourceProperties = '{}', contextCustomizers = set[org.springframework.boot.test.autoconfigure.properties.PropertyMappingContextCustomizer@0, org.springframework.boot.test.autoconfigure.web.servlet.WebDriverContextCustomizerFactory$Customizer@42a343c1, org.springframework.boot.test.context.filter.ExcludeFilterContextCustomizer@3d8dc3, org.springframework.boot.test.json.DuplicateJsonObjectContextCustomizerFactory$DuplicateJsonObjectContextCustomizer@5f493529, org.springframework.boot.test.mock.mockito.MockitoContextCustomizer@8186d819], contextLoader = 'org.springframework.test.context.support.DelegatingSmartContextLoader', parent = [null]]]
17:43:14.727 [Test worker] DEBUG org.springframework.test.context.cache - Spring test ApplicationContext cache statistics: [DefaultContextCache@11fd1fb9 size = 2, maxSize = 32, parentContextCount = 0, hitCount = 43, missCount = 2]
17:43:14.727 [Test worker] DEBUG org.springframework.beans.factory.support.DefaultListableBeanFactory - Returning cached instance of singleton bean 'org.springframework.boot.test.mock.mockito.MockitoBeans'
17:43:14.727 [Test worker] DEBUG org.springframework.core.env.StandardEnvironment - Adding PropertySource 'systemProperties' with lowest search precedence
17:43:14.727 [Test worker] DEBUG org.springframework.core.env.StandardEnvironment - Adding PropertySource 'systemEnvironment' with lowest search precedence
17:43:14.728 [Test worker] DEBUG org.springframework.core.env.StandardEnvironment - Initialized StandardEnvironment with PropertySources [MapPropertySource@484007168 {name='systemProperties', properties={java.runtime.name=OpenJDK Runtime Environment, sun.boot.library.path=C:\Program Files\AdoptOpenJDK\jdk-8.0.242.08-hotspot\jre\bin, java.vm.version=25.242-b08, java.vm.vendor=, java.vendor.url=http://java.oracle.com/, path.separator=;, java.vm.name=OpenJDK 64-Bit Server VM, file.encoding.pkg=sun.io, user.script=, sun.java.launcher=SUN_STANDARD, user.country=GB, sun.os.patch.level=, java.vm.specification.name=Java Virtual Machine Specification, user.dir=C:\azure-devops\git\eShopOnContainers\src\Web\WebImapClient\Client\server, java.runtime.version=1.8.0_242-b08, java.awt.graphicsenv=sun.awt.Win32GraphicsEnvironment, java.endorsed.dirs=C:\Program Files\AdoptOpenJDK\jdk-8.0.242.08-hotspot\jre\lib\endorsed, os.arch=amd64, java.io.tmpdir=C:\Users\jorge\AppData\Local\Temp\, line.separator=
, java.vm.specification.vendor=Oracle Corporation, user.variant=, os.name=Windows 10, sun.jnu.encoding=Cp1252, java.library.path=C:\Program Files\AdoptOpenJDK\jdk-8.0.242.08-hotspot\bin;C:\Windows\Sun\Java\bin;C:\Windows\system32;C:\Windows;C:\Program Files\AdoptOpenJDK\jdk-8.0.242.08-hotspot\bin;C:\Program Files (x86)\Common Files\Oracle\Java\javapath;C:\Python27\;C:\Python27\Scripts;C:\ProgramData\DockerDesktop\version-bin;C:\Program Files\Docker\Docker\Resources\bin;C:\Windows\system32;C:\Windows;C:\Windows\System32\Wbem;C:\Windows\System32\WindowsPowerShell\v1.0\;C:\Windows\System32\OpenSSH\;C:\Program Files (x86)\NVIDIA Corporation\PhysX\Common;C:\Program Files\dotnet\;C:\Program Files\Microsoft SQL Server\130\Tools\Binn\;C:\Program Files\Microsoft SQL Server\Client SDK\ODBC\170\Tools\Binn\;C:\Program Files (x86)\Microsoft SQL Server\150\DTS\Binn\;C:\Program Files\Git\cmd;C:\Program Files (x86)\Microsoft ASP.NET\ASP.NET Web Pages\v1.0\;C:\Program Files\Microsoft SQL Server\110\Tools\Binn\;C:\Users\jorge\.dnx\bin;C:\Program Files\Microsoft DNX\Dnvm\;C:\Program Files\nodejs\;C:\ProgramData\chocolatey\bin;C:\Program Files\Microsoft\Web Platform Installer\;C:\Users\jorge\AppData\Local\Microsoft\WindowsApps;C:\Users\jorge\AppData\Local\Programs\Microsoft VS Code\bin;C:\Users\jorge\.dotnet\tools;C:\Users\jorge\AppData\Roaming\npm;C:\Users\jorge\AppData\Local\GitHubDesktop\bin;., java.specification.name=Java Platform API Specification, java.class.version=52.0, org.gradle.native=false, sun.management.compiler=HotSpot 64-Bit Tiered Compilers, os.version=10.0, user.home=C:\Users\jorge, user.timezone=Europe/Paris, java.awt.printerjob=sun.awt.windows.WPrinterJob, file.encoding=windows-1252, java.specification.version=1.8, java.class.path=C:\azure-devops\git\eShopOnContainers\src\Web\WebImapClient\Client\server\build\classes\java\test;C:\azure-devops\git\eShopOnContainers\src\Web\WebImapClient\Client\server\build\resources\test;C:\azure-devops\git\eShopOnContainers\src\Web\WebImapClient\Client\server\build\classes\java\main;C:\azure-devops\git\eShopOnContainers\src\Web\WebImapClient\Client\server\build\resources\main;C:\Users\jorge\.gradle\caches\modules-2\files-2.1\org.springframework.boot\spring-boot-starter-actuator\2.0.4.RELEASE\24e901473279d9c18e0a0f8037d58b18c8297dca\spring-boot-starter-actuator-2.0.4.RELEASE.jar;C:\Users\jorge\.gradle\caches\modules-2\files-2.1\org.springframework.boot\spring-boot-starter-security\2.0.4.RELEASE\2ac314e5985fd9ae0d2acaea450f4f6c3dbd7f92\spring-boot-starter-security-2.0.4.RELEASE.jar;C:\Users\jorge\.gradle\caches\modules-2\files-2.1\org.springframework.boot\spring-boot-starter-webflux\2.0.4.RELEASE\a52fcd02fb6129e14f2b4b36acc5748368563c93\spring-boot-starter-webflux-2.0.4.RELEASE.jar;C:\Users\jorge\.gradle\caches\modules-2\files-2.1\org.springframework.boot\spring-boot-starter-test\2.0.4.RELEASE\8f473705d2742b669f0318f10a956f94a93ba3d2\spring-boot-starter-test-2.0.4.RELEASE.jar;C:\Users\jorge\.gradle\caches\modules-2\files-2.1\org.springframework.boot\spring-boot-starter-hateoas\2.0.4.RELEASE\2f115bebeffea81859c6d874457fa8db16b10747\spring-boot-starter-hateoas-2.0.4.RELEASE.jar;C:\Users\jorge\.gradle\caches\modules-2\files-2.1\org.springframework.boot\spring-boot-starter-web\2.0.4.RELEASE\98d49e981ecf804da877d84259b7b0d1ec2fb6f6\spring-boot-starter-web-2.0.4.RELEASE.jar;C:\Users\jorge\.gradle\caches\modules-2\files-2.1\org.springframework.boot\spring-boot-starter-json\2.0.4.RELEASE\c7afabf0d7c85db178da4ce0634e3bd2ddb0eb71\spring-boot-starter-json-2.0.4.RELEASE.jar;C:\Users\jorge\.gradle\caches\modules-2\files-2.1\org.springframework.boot\spring-boot-starter\2.0.4.RELEASE\ec46c63a2adeee40058eff1a6baefca13975dc94\spring-boot-starter-2.0.4.RELEASE.jar;C:\Users\jorge\.gradle\caches\modules-2\files-2.1\com.sun.mail\javax.mail\1.6.1\757ba4630692bb2a1ec2d9d57a616b63f15e947e\javax.mail-1.6.1.jar;C:\Users\jorge\.gradle\caches\modules-2\files-2.1\org.springframework.boot\spring-boot-actuator-autoconfigure\2.0.4.RELEASE\2cadc1d20a1f9ee667a608cfee154138e954f5f2\spring-boot-actuator-autoconfigure-2.0.4.RELEASE.jar;C:\Users\jorge\.gradle\caches\modules-2\files-2.1\com.fasterxml.jackson.datatype\jackson-datatype-jsr310\2.9.6\ea54f6193d224e5e5732bbd4262327eb465397c2\jackson-datatype-jsr310-2.9.6.jar;C:\Users\jorge\.gradle\caches\modules-2\files-2.1\commons-io\commons-io\2.6\815893df5f31da2ece4040fe0a12fd44b577afaf\commons-io-2.6.jar;C:\Users\jorge\.gradle\caches\modules-2\files-2.1\org.springframework.security\spring-security-test\5.0.7.RELEASE\a74c9ab10d53baa3bb7a731753fe0c6d9ab9d848\spring-security-test-5.0.7.RELEASE.jar;C:\Users\jorge\.gradle\caches\modules-2\files-2.1\com.marcnuri\spring-common-test\0.0.2\da9c2c5e849c7dcbbe99d190bedffa5e6fe450a5\spring-common-test-0.0.2.jar;C:\Users\jorge\.gradle\caches\modules-2\files-2.1\org.hamcrest\java-hamcrest\2.0.0.0\f1c8853ade0ecf707f5a261c830e98893983813\java-hamcrest-2.0.0.0.jar;C:\Users\jorge\.gradle\caches\modules-2\files-2.1\org.powermock\powermock-module-junit4\2.0.0-RC.3\b9a04b492e2b93e93617ba457f76aebbf00fc221\powermock-module-junit4-2.0.0-RC.3.jar;C:\Users\jorge\.gradle\caches\modules-2\files-2.1\org.powermock\powermock-api-mockito2\2.0.0-RC.3\f85a8404be063ef15c5fdd3745b11d2fba875fcd\powermock-api-mockito2-2.0.0-RC.3.jar;C:\Users\jorge\.gradle\caches\modules-2\files-2.1\org.springframework.boot\spring-boot-test-autoconfigure\2.0.4.RELEASE\8a2e3f31e607fdb08deda2f59263ce177f1c4310\spring-boot-test-autoconfigure-2.0.4.RELEASE.jar;C:\Users\jorge\.gradle\caches\modules-2\files-2.1\org.springframework.boot\spring-boot-test\2.0.4.RELEASE\8a17fc3cf16b6d75f2ba132ade04409a670095de\spring-boot-test-2.0.4.RELEASE.jar;C:\Users\jorge\.gradle\caches\modules-2\files-2.1\org.springframework.boot\spring-boot-autoconfigure\2.0.4.RELEASE\65cd1244d606acc02ab7bfc47a203a3fe2400dda\spring-boot-autoconfigure-2.0.4.RELEASE.jar;C:\Users\jorge\.gradle\caches\modules-2\files-2.1\org.springframework.boot\spring-boot-actuator\2.0.4.RELEASE\9c02c968eb50a7cdc14fc4c7b586d767df6dc48d\spring-boot-actuator-2.0.4.RELEASE.jar;C:\Users\jorge\.gradle\caches\modules-2\files-2.1\org.springframework.boot\spring-boot\2.0.4.RELEASE\c8619c5b06d4dcdb4cac1e5e9c839e6e8b1c8574\spring-boot-2.0.4.RELEASE.jar;C:\Users\jorge\.gradle\caches\modules-2\files-2.1\org.springframework.boot\spring-boot-starter-logging\2.0.4.RELEASE\dcd1a2c431c970f44adae64d9145133979a513ab\spring-boot-starter-logging-2.0.4.RELEASE.jar;C:\Users\jorge\.gradle\caches\modules-2\files-2.1\org.springframework.boot\spring-boot-starter-tomcat\2.0.4.RELEASE\dcf28989a34b0801fea0e810c371fb9dab1e7784\spring-boot-starter-tomcat-2.0.4.RELEASE.jar;C:\Users\jorge\.gradle\caches\modules-2\files-2.1\javax.annotation\javax.annotation-api\1.3.2\934c04d3cfef185a8008e7bf34331b79730a9d43\javax.annotation-api-1.3.2.jar;C:\Users\jorge\.gradle\caches\modules-2\files-2.1\org.springframework.security\spring-security-config\5.0.7.RELEASE\d702e01048687db4ec6c97fb32d28ffbe348b3e\spring-security-config-5.0.7.RELEASE.jar;C:\Users\jorge\.gradle\caches\modules-2\files-2.1\org.springframework.security\spring-security-web\5.0.7.RELEASE\bab3ed579d4550bb5cc40b0a7fddd0106db7c66\spring-security-web-5.0.7.RELEASE.jar;C:\Users\jorge\.gradle\caches\modules-2\files-2.1\org.springframework.hateoas\spring-hateoas\0.25.0.RELEASE\22d1abd575426709734ab83e7d81d6deb4addbf6\spring-hateoas-0.25.0.RELEASE.jar;C:\Users\jorge\.gradle\caches\modules-2\files-2.1\org.springframework\spring-webflux\5.0.8.RELEASE\d16ce1cf6f95771e821619d6ef13c1f0333fafb\spring-webflux-5.0.8.RELEASE.jar;C:\Users\jorge\.gradle\caches\modules-2\files-2.1\org.springframework\spring-webmvc\5.0.8.RELEASE\7e5fe57590ca8e4468e50fe1d92b0b67aa4a327a\spring-webmvc-5.0.8.RELEASE.jar;C:\Users\jorge\.gradle\caches\modules-2\files-2.1\org.springframework\spring-web\5.0.8.RELEASE\fa43cdadb4ab2491fd1d0ddb06c0808e4b60fc85\spring-web-5.0.8.RELEASE.jar;C:\Users\jorge\.gradle\caches\modules-2\files-2.1\org.springframework\spring-test\5.0.8.RELEASE\5782619373bd7e7b7d9106203c317b04bb613ebb\spring-test-5.0.8.RELEASE.jar;C:\Users\jorge\.gradle\caches\modules-2\files-2.1\org.springframework.security\spring-security-core\5.0.7.RELEASE\40a0c57af6b4c3f8c611216d2579c6ab19672694\spring-security-core-5.0.7.RELEASE.jar;C:\Users\jorge\.gradle\caches\modules-2\files-2.1\org.springframework.plugin\spring-plugin-core\1.2.0.RELEASE\f380e7760032e7d929184f8ad8a33716b75c0657\spring-plugin-core-1.2.0.RELEASE.jar;C:\Users\jorge\.gradle\caches\modules-2\files-2.1\org.springframework\spring-context\5.0.8.RELEASE\3a067d8990761111c9b6d1d895640be26cc1fb38\spring-context-5.0.8.RELEASE.jar;C:\Users\jorge\.gradle\caches\modules-2\files-2.1\org.springframework\spring-aop\5.0.8.RELEASE\f5086c1a3185c481104511837427b39a07a57aa2\spring-aop-5.0.8.RELEASE.jar;C:\Users\jorge\.gradle\caches\modules-2\files-2.1\org.springframework\spring-beans\5.0.8.RELEASE\5fc965d3e7f5515099244857a8ae9e2a208c169b\spring-beans-5.0.8.RELEASE.jar;C:\Users\jorge\.gradle\caches\modules-2\files-2.1\org.springframework\spring-expression\5.0.8.RELEASE\f23158f22c917df2cddf2ecebc398a9e95f95fae\spring-expression-5.0.8.RELEASE.jar;C:\Users\jorge\.gradle\caches\modules-2\files-2.1\org.springframework\spring-core\5.0.8.RELEASE\dc39c49e3246cdf73d3786ac41119140aed3fa08\spring-core-5.0.8.RELEASE.jar;C:\Users\jorge\.gradle\caches\modules-2\files-2.1\org.yaml\snakeyaml\1.19\2d998d3d674b172a588e54ab619854d073f555b5\snakeyaml-1.19.jar;C:\Users\jorge\.gradle\caches\modules-2\files-2.1\io.micrometer\micrometer-core\1.0.6\50299bc8a34c251d62311bbb1a297f3942a82e42\micrometer-core-1.0.6.jar;C:\Users\jorge\.gradle\caches\modules-2\files-2.1\org.springframework.boot\spring-boot-starter-reactor-netty\2.0.4.RELEASE\ed4ac88f7fc699a9cbb6ee804a26e2e30239ca35\spring-boot-starter-reactor-netty-2.0.4.RELEASE.jar;C:\Users\jorge\.gradle\caches\modules-2\files-2.1\org.hibernate.validator\hibernate-validator\6.0.11.Final\36f9d10a11e4768f55e8fb91ebe4338a5c43954e\hibernate-validator-6.0.11.Final.jar;C:\Users\jorge\.gradle\caches\modules-2\files-2.1\org.synchronoss.cloud\nio-multipart-parser\1.1.0\c6c417fec6612584b1c34d4dd98c5a4e47e8c754\nio-multipart-parser-1.1.0.jar;C:\Users\jorge\.gradle\caches\modules-2\files-2.1\javax.activation\activation\1.1\e6cb541461c2834bdea3eb920f1884d1eb508b50\activation-1.1.jar;C:\Users\jorge\.gradle\caches\modules-2\files-2.1\com.fasterxml.jackson.datatype\jackson-datatype-jdk8\2.9.6\456895fc91bf7180b216fead220373e6278230c9\jackson-datatype-jdk8-2.9.6.jar;C:\Users\jorge\.gradle\caches\modules-2\files-2.1\com.fasterxml.jackson.module\jackson-module-parameter-names\2.9.6\129acd77a4b6ee30d62d3a0899b1344c8ec2bff8\jackson-module-parameter-names-2.9.6.jar;C:\Users\jorge\.gradle\caches\modules-2\files-2.1\com.fasterxml.jackson.core\jackson-databind\2.9.6\cfa4f316351a91bfd95cb0644c6a2c95f52db1fc\jackson-databind-2.9.6.jar;C:\Users\jorge\.gradle\caches\modules-2\files-2.1\com.fasterxml.jackson.core\jackson-annotations\2.9.0\7c10d545325e3a6e72e06381afe469fd40eb701\jackson-annotations-2.9.0.jar;C:\Users\jorge\.gradle\caches\modules-2\files-2.1\com.fasterxml.jackson.core\jackson-core\2.9.6\4e393793c37c77e042ccc7be5a914ae39251b365\jackson-core-2.9.6.jar;C:\Users\jorge\.gradle\caches\modules-2\files-2.1\com.jayway.jsonpath\json-path\2.4.0\765a4401ceb2dc8d40553c2075eb80a8fa35c2ae\json-path-2.4.0.jar;C:\Users\jorge\.gradle\caches\modules-2\files-2.1\org.powermock\powermock-module-junit4-common\2.0.0-RC.3\f09137abdf1aeea2df214037eab50ed864602c9a\powermock-module-junit4-common-2.0.0-RC.3.jar;C:\Users\jorge\.gradle\caches\modules-2\files-2.1\junit\junit\4.12\2973d150c0dc1fefe998f834810d68f278ea58ec\junit-4.12.jar;C:\Users\jorge\.gradle\caches\modules-2\files-2.1\org.assertj\assertj-core\3.9.1\c5ce126b15f28d56cd8f960c1a6a058b9c9aea87\assertj-core-3.9.1.jar;C:\Users\jorge\.gradle\caches\modules-2\files-2.1\org.mockito\mockito-core\2.15.0\b84bfbbc29cd22c9529409627af6ea2897f4fa85\mockito-core-2.15.0.jar;C:\Users\jorge\.gradle\caches\modules-2\files-2.1\org.hamcrest\hamcrest-library\1.3\4785a3c21320980282f9f33d0d1264a69040538f\hamcrest-library-1.3.jar;C:\Users\jorge\.gradle\caches\modules-2\files-2.1\org.hamcrest\hamcrest-core\1.3\42a25dc3219429f0e5d060061f71acb49bf010a0\hamcrest-core-1.3.jar;C:\Users\jorge\.gradle\caches\modules-2\files-2.1\org.skyscreamer\jsonassert\1.5.0\6c9d5fe2f59da598d9aefc1cfc6528ff3cf32df3\jsonassert-1.5.0.jar;C:\Users\jorge\.gradle\caches\modules-2\files-2.1\org.xmlunit\xmlunit-core\2.5.1\4ffdb346572a7356f7521cd3119ce5287d2e339d\xmlunit-core-2.5.1.jar;C:\Users\jorge\.gradle\caches\modules-2\files-2.1\org.powermock\powermock-api-support\2.0.0-RC.3\a23d6bdbcf865513c9f6992134152be80504e499\powermock-api-support-2.0.0-RC.3.jar;C:\Users\jorge\.gradle\caches\modules-2\files-2.1\ch.qos.logback\logback-classic\1.2.3\7c4f3c474fb2c041d8028740440937705ebb473a\logback-classic-1.2.3.jar;C:\Users\jorge\.gradle\caches\modules-2\files-2.1\org.apache.logging.log4j\log4j-to-slf4j\2.10.0\f7e631ccf49cfc0aefa4a2a728da7d374c05bd3c\log4j-to-slf4j-2.10.0.jar;C:\Users\jorge\.gradle\caches\modules-2\files-2.1\org.slf4j\jul-to-slf4j\1.7.25\af5364cd6679bfffb114f0dec8a157aaa283b76\jul-to-slf4j-1.7.25.jar;C:\Users\jorge\.gradle\caches\modules-2\files-2.1\org.springframework\spring-jcl\5.0.8.RELEASE\a1fa8fb560fb252321776e16bc9ac8201af4ef5e\spring-jcl-5.0.8.RELEASE.jar;C:\Users\jorge\.gradle\caches\modules-2\files-2.1\org.hdrhistogram\HdrHistogram\2.1.10\9e1ac84eed220281841b75e72fb9de5a297fbf04\HdrHistogram-2.1.10.jar;C:\Users\jorge\.gradle\caches\modules-2\files-2.1\org.latencyutils\LatencyUtils\2.0.3\769c0b82cb2421c8256300e907298a9410a2a3d3\LatencyUtils-2.0.3.jar;C:\Users\jorge\.gradle\caches\modules-2\files-2.1\org.synchronoss.cloud\nio-stream-storage\1.1.3\986dba5f6e5eed20f0dba6ddc8e8a64a9ebdc2f3\nio-stream-storage-1.1.3.jar;C:\Users\jorge\.gradle\caches\modules-2\files-2.1\org.slf4j\slf4j-api\1.7.25\da76ca59f6a57ee3102f8f9bd9cee742973efa8a\slf4j-api-1.7.25.jar;C:\Users\jorge\.gradle\caches\modules-2\files-2.1\io.projectreactor.ipc\reactor-netty\0.7.8.RELEASE\fe25c7d3042b6005690f7d243cef987b696a12ee\reactor-netty-0.7.8.RELEASE.jar;C:\Users\jorge\.gradle\caches\modules-2\files-2.1\javax.validation\validation-api\2.0.1.Final\cb855558e6271b1b32e716d24cb85c7f583ce09e\validation-api-2.0.1.Final.jar;C:\Users\jorge\.gradle\caches\modules-2\files-2.1\org.jboss.logging\jboss-logging\3.3.2.Final\3789d00e859632e6c6206adc0c71625559e6e3b0\jboss-logging-3.3.2.Final.jar;C:\Users\jorge\.gradle\caches\modules-2\files-2.1\com.fasterxml\classmate\1.3.4\3d5f48f10bbe4eb7bd862f10c0583be2e0053c6\classmate-1.3.4.jar;C:\Users\jorge\.gradle\caches\modules-2\files-2.1\io.projectreactor\reactor-core\3.1.8.RELEASE\3bcc30f9161d3d17abe44b4aa20e397e5170566e\reactor-core-3.1.8.RELEASE.jar;C:\Users\jorge\.gradle\caches\modules-2\files-2.1\net.minidev\json-smart\2.3\7396407491352ce4fa30de92efb158adb76b5b\json-smart-2.3.jar;C:\Users\jorge\.gradle\caches\modules-2\files-2.1\org.powermock\powermock-core\2.0.0-RC.3\f958479ea1f0d1ba37cf65b6612fccfbaf4d8dd3\powermock-core-2.0.0-RC.3.jar;C:\Users\jorge\.gradle\caches\modules-2\files-2.1\org.powermock\powermock-reflect\2.0.0-RC.3\c10437486ae35b91666c2591fd7b1a8054b4573c\powermock-reflect-2.0.0-RC.3.jar;C:\Users\jorge\.gradle\caches\modules-2\files-2.1\net.bytebuddy\byte-buddy\1.7.11\f02857a4e2c66ccbe7aaad6100a0a6c461bce9b3\byte-buddy-1.7.11.jar;C:\Users\jorge\.gradle\caches\modules-2\files-2.1\net.bytebuddy\byte-buddy-agent\1.7.11\b425a8933ca07edd03c6dbc8bc3b595fba9780de\byte-buddy-agent-1.7.11.jar;C:\Users\jorge\.gradle\caches\modules-2\files-2.1\org.objenesis\objenesis\3.0.1\11cfac598df9dc48bb9ed9357ed04212694b7808\objenesis-3.0.1.jar;C:\Users\jorge\.gradle\caches\modules-2\files-2.1\com.vaadin.external.google\android-json\0.0.20131108.vaadin1\fa26d351fe62a6a17f5cda1287c1c6110dec413f\android-json-0.0.20131108.vaadin1.jar;C:\Users\jorge\.gradle\caches\modules-2\files-2.1\ch.qos.logback\logback-core\1.2.3\864344400c3d4d92dfeb0a305dc87d953677c03c\logback-core-1.2.3.jar;C:\Users\jorge\.gradle\caches\modules-2\files-2.1\org.apache.logging.log4j\log4j-api\2.10.0\fec5797a55b786184a537abd39c3fa1449d752d6\log4j-api-2.10.0.jar;C:\Users\jorge\.gradle\caches\modules-2\files-2.1\org.apache.tomcat.embed\tomcat-embed-websocket\8.5.32\ea5302e378f1449d4e5dda79e8d810c1e7931f91\tomcat-embed-websocket-8.5.32.jar;C:\Users\jorge\.gradle\caches\modules-2\files-2.1\org.apache.tomcat.embed\tomcat-embed-core\8.5.32\6bc6896200146010cc4666bdc6b9b0cbb453ee22\tomcat-embed-core-8.5.32.jar;C:\Users\jorge\.gradle\caches\modules-2\files-2.1\org.apache.tomcat.embed\tomcat-embed-el\8.5.32\e4fd0ee015d83fa1c5ec93ff1d05bdaf9a4480c5\tomcat-embed-el-8.5.32.jar;C:\Users\jorge\.gradle\caches\modules-2\files-2.1\io.netty\netty-handler-proxy\4.1.27.Final\1a822ce7760bc6eb4937b7e448c9e081fedcc807\netty-handler-proxy-4.1.27.Final.jar;C:\Users\jorge\.gradle\caches\modules-2\files-2.1\io.netty\netty-codec-http\4.1.27.Final\a1722d6bcbbef1c4c7877e8bf38b07a3db5ed07f\netty-codec-http-4.1.27.Final.jar;C:\Users\jorge\.gradle\caches\modules-2\files-2.1\io.netty\netty-handler\4.1.27.Final\21bd9cf565390a8d72579b8664303e3c175dfc6a\netty-handler-4.1.27.Final.jar;C:\Users\jorge\.gradle\caches\modules-2\files-2.1\io.netty\netty-transport-native-epoll\4.1.27.Final\8c3a61a7dd53eafe2f0fe31356f1379598f74517\netty-transport-native-epoll-4.1.27.Final-linux-x86_64.jar;C:\Users\jorge\.gradle\caches\modules-2\files-2.1\org.reactivestreams\reactive-streams\1.0.2\323964c36556eb0e6209f65c1cef72b53b461ab8\reactive-streams-1.0.2.jar;C:\Users\jorge\.gradle\caches\modules-2\files-2.1\net.minidev\accessors-smart\1.2\c592b500269bfde36096641b01238a8350f8aa31\accessors-smart-1.2.jar;C:\Users\jorge\.gradle\caches\modules-2\files-2.1\org.javassist\javassist\3.24.0-GA\d7466fc2e3af7c023e95c510f06448ad29b225b3\javassist-3.24.0-GA.jar;C:\Users\jorge\.gradle\caches\modules-2\files-2.1\io.netty\netty-codec-socks\4.1.27.Final\285b09af98764cf02e4b77b3d95af188469a7133\netty-codec-socks-4.1.27.Final.jar;C:\Users\jorge\.gradle\caches\modules-2\files-2.1\io.netty\netty-codec\4.1.27.Final\d2653d78ebaa650064768fb26b10051f5c8efb2c\netty-codec-4.1.27.Final.jar;C:\Users\jorge\.gradle\caches\modules-2\files-2.1\io.netty\netty-transport-native-unix-common\4.1.27.Final\2b0667fe5c1df78c6cfbf9d53ad8b1fb533fb8e8\netty-transport-native-unix-common-4.1.27.Final.jar;C:\Users\jorge\.gradle\caches\modules-2\files-2.1\io.netty\netty-transport\4.1.27.Final\b5c2da3ea89dd67320925f1504c9eb3615241b7c\netty-transport-4.1.27.Final.jar;C:\Users\jorge\.gradle\caches\modules-2\files-2.1\io.netty\netty-buffer\4.1.27.Final\aafe2b9fb0d8f3b200cf10b9fd6486c6a722d7a1\netty-buffer-4.1.27.Final.jar;C:\Users\jorge\.gradle\caches\modules-2\files-2.1\io.netty\netty-resolver\4.1.27.Final\2536447ef9605ccb2b5203aa22392c6514484ea9\netty-resolver-4.1.27.Final.jar;C:\Users\jorge\.gradle\caches\modules-2\files-2.1\io.netty\netty-common\4.1.27.Final\6a12a969c27fb37b230c4bde5a67bd822fa6b7a4\netty-common-4.1.27.Final.jar;C:\Users\jorge\.gradle\caches\modules-2\files-2.1\org.ow2.asm\asm\5.0.4\da08b8cce7bbf903602a25a3a163ae252435795\asm-5.0.4.jar, user.name=jorge, java.vm.specification.version=1.8, sun.java.command=worker.org.gradle.process.internal.worker.GradleWorkerMain 'Gradle Test Executor 3', java.home=C:\Program Files\AdoptOpenJDK\jdk-8.0.242.08-hotspot\jre, sun.arch.data.model=64, user.language=en, java.specification.vendor=Oracle Corporation, awt.toolkit=sun.awt.windows.WToolkit, java.vm.info=mixed mode, java.version=1.8.0_242, java.ext.dirs=C:\Program Files\AdoptOpenJDK\jdk-8.0.242.08-hotspot\jre\lib\ext;C:\Windows\Sun\Java\lib\ext, sun.boot.class.path=C:\Program Files\AdoptOpenJDK\jdk-8.0.242.08-hotspot\jre\lib\resources.jar;C:\Program Files\AdoptOpenJDK\jdk-8.0.242.08-hotspot\jre\lib\rt.jar;C:\Program Files\AdoptOpenJDK\jdk-8.0.242.08-hotspot\jre\lib\sunrsasign.jar;C:\Program Files\AdoptOpenJDK\jdk-8.0.242.08-hotspot\jre\lib\jsse.jar;C:\Program Files\AdoptOpenJDK\jdk-8.0.242.08-hotspot\jre\lib\jce.jar;C:\Program Files\AdoptOpenJDK\jdk-8.0.242.08-hotspot\jre\lib\charsets.jar;C:\Program Files\AdoptOpenJDK\jdk-8.0.242.08-hotspot\jre\lib\jfr.jar;C:\Program Files\AdoptOpenJDK\jdk-8.0.242.08-hotspot\jre\classes, java.vendor=AdoptOpenJDK, org.gradle.test.worker=3, file.separator=\, java.vendor.url.bug=http://bugreport.sun.com/bugreport/, sun.io.unicode.encoding=UnicodeLittle, sun.cpu.endian=little, sun.desktop=windows, sun.cpu.isalist=amd64}}, SystemEnvironmentPropertySource@1983206566 {name='systemEnvironment', properties={USERDOMAIN_ROAMINGPROFILE=DESKTOP-U7U4TE6, PROCESSOR_LEVEL=6, VS140COMNTOOLS=C:\Program Files (x86)\Microsoft Visual Studio 14.0\Common7\Tools\, ALLUSERSPROFILE=C:\ProgramData, PROCESSOR_ARCHITECTURE=AMD64, PSModulePath=C:\Users\jorge\Documents\WindowsPowerShell\Modules;C:\Program Files\WindowsPowerShell\Modules;C:\Windows\system32\WindowsPowerShell\v1.0\Modules, SystemDrive=C:, =ExitCode=00000000, DIRNAME=C:\azure-devops\git\eShopOnContainers\src\Web\WebImapClient\Client\server\, USERNAME=jorge, CMD_LINE_ARGS=b, ProgramFiles(x86)=C:\Program Files (x86), APP_HOME=C:\azure-devops\git\eShopOnContainers\src\Web\WebImapClient\Client\server\, PATHEXT=.COM;.EXE;.BAT;.CMD;.VBS;.VBE;.JS;.JSE;.WSF;.WSH;.MSC;.CPL, DriverData=C:\Windows\System32\Drivers\DriverData, OneDriveConsumer=C:\Users\jorge\OneDrive, ProgramData=C:\ProgramData, ProgramW6432=C:\Program Files, HOMEPATH=\Users\jorge, PROCESSOR_IDENTIFIER=Intel64 Family 6 Model 158 Stepping 13, GenuineIntel, ProgramFiles=C:\Program Files, PUBLIC=C:\Users\Public, windir=C:\Windows, _SKIP=2, LOCALAPPDATA=C:\Users\jorge\AppData\Local, ChocolateyLastPathUpdate=132229495750090469, USERDOMAIN=DESKTOP-U7U4TE6, LOGONSERVER=\\DESKTOP-U7U4TE6, PROMPT=$P$G, OneDrive=C:\Users\jorge\OneDrive, =C:=C:\azure-devops\git\eShopOnContainers\src\Web\WebImapClient\Client\server, APPDATA=C:\Users\jorge\AppData\Roaming, JAVA_EXE=java.exe, ChocolateyInstall=C:\ProgramData\chocolatey, CommonProgramFiles=C:\Program Files\Common Files, Path=C:\Program Files\AdoptOpenJDK\jdk-8.0.242.08-hotspot\bin;C:\Program Files (x86)\Common Files\Oracle\Java\javapath;C:\Python27\;C:\Python27\Scripts;C:\ProgramData\DockerDesktop\version-bin;C:\Program Files\Docker\Docker\Resources\bin;C:\Windows\system32;C:\Windows;C:\Windows\System32\Wbem;C:\Windows\System32\WindowsPowerShell\v1.0\;C:\Windows\System32\OpenSSH\;C:\Program Files (x86)\NVIDIA Corporation\PhysX\Common;C:\Program Files\dotnet\;C:\Program Files\Microsoft SQL Server\130\Tools\Binn\;C:\Program Files\Microsoft SQL Server\Client SDK\ODBC\170\Tools\Binn\;C:\Program Files (x86)\Microsoft SQL Server\150\DTS\Binn\;C:\Program Files\Git\cmd;C:\Program Files (x86)\Microsoft ASP.NET\ASP.NET Web Pages\v1.0\;C:\Program Files\Microsoft SQL Server\110\Tools\Binn\;C:\Users\jorge\.dnx\bin;C:\Program Files\Microsoft DNX\Dnvm\;C:\Program Files\nodejs\;C:\ProgramData\chocolatey\bin;C:\Program Files\Microsoft\Web Platform Installer\;C:\Users\jorge\AppData\Local\Microsoft\WindowsApps;C:\Users\jorge\AppData\Local\Programs\Microsoft VS Code\bin;C:\Users\jorge\.dotnet\tools;C:\Users\jorge\AppData\Roaming\npm;C:\Users\jorge\AppData\Local\GitHubDesktop\bin, OS=Windows_NT, COMPUTERNAME=DESKTOP-U7U4TE6, PROCESSOR_REVISION=9e0d, CLASSPATH=C:\azure-devops\git\eShopOnContainers\src\Web\WebImapClient\Client\server\\gradle\wrapper\gradle-wrapper.jar, CommonProgramW6432=C:\Program Files\Common Files, ComSpec=C:\Windows\system32\cmd.exe, APP_BASE_NAME=gradlew, SystemRoot=C:\Windows, TEMP=C:\Users\jorge\AppData\Local\Temp, HOMEDRIVE=C:, USERPROFILE=C:\Users\jorge, TMP=C:\Users\jorge\AppData\Local\Temp, VS110COMNTOOLS=C:\Program Files (x86)\Microsoft Visual Studio 11.0\Common7\Tools\, CommonProgramFiles(x86)=C:\Program Files (x86)\Common Files, NUMBER_OF_PROCESSORS=12}}]
17:43:14.729 [Test worker] DEBUG org.springframework.web.servlet.mvc.method.annotation.RequestMappingHandlerMapping - Looking for request mappings in application context: org.springframework.test.web.servlet.setup.StubWebApplicationContext@5ac8766b
17:43:14.736 [Test worker] DEBUG org.springframework.web.servlet.mvc.method.annotation.RequestMappingHandlerMapping - 17 request handler methods found on class com.marcnuri.isotope.api.folder.FolderResource: {public org.springframework.http.ResponseEntity com.marcnuri.isotope.api.folder.FolderResource.getMessage(java.lang.String,java.lang.Long)={[/v1/folders/{folderId}/messages/{messageId}],methods=[GET]}, public org.springframework.http.ResponseEntity com.marcnuri.isotope.api.folder.FolderResource.getFolders(java.lang.Boolean)={[/v1/folders],methods=[GET],produces=[application/hal+json]}, public org.springframework.http.ResponseEntity com.marcnuri.isotope.api.folder.FolderResource.setMessageFlagged(java.lang.String,java.lang.Long,boolean)={[/v1/folders/{folderId}/messages/{messageId}/flagged],methods=[PUT]}, public org.springframework.http.ResponseEntity com.marcnuri.isotope.api.folder.FolderResource.deleteAllFolderMessages(java.lang.String)={[/v1/folders/{folderId}/messages],methods=[DELETE]}, public org.springframework.http.ResponseEntity com.marcnuri.isotope.api.folder.FolderResource.createChildFolder(java.lang.String,java.lang.String)={[/v1/folders/{folderId}],methods=[POST],produces=[application/hal+json]}, public org.springframework.http.ResponseEntity com.marcnuri.isotope.api.folder.FolderResource.moveMessage(java.lang.String,java.lang.Long,java.lang.String)={[/v1/folders/{fromFolderId}/messages/{messageId}/folder/{toFolderId}],methods=[PUT]}, public org.springframework.http.ResponseEntity com.marcnuri.isotope.api.folder.FolderResource.moveMessages(java.lang.String,java.lang.String,java.util.List)={[/v1/folders/{fromFolderId}/messages/folder/{toFolderId}],methods=[PUT]}, public org.springframework.http.ResponseEntity com.marcnuri.isotope.api.folder.FolderResource.setMessageSeen(java.lang.String,java.lang.Long,boolean)={[/v1/folders/{folderId}/messages/{messageId}/seen],methods=[PUT]}, public org.springframework.http.ResponseEntity com.marcnuri.isotope.api.folder.FolderResource.setMessagesSeen(java.lang.String,java.lang.Boolean,java.util.List)={[/v1/folders/{folderId}/messages/seen/{seen}],methods=[PUT]}, public org.springframework.http.ResponseEntity com.marcnuri.isotope.api.folder.FolderResource.getAttachment(java.lang.String,java.lang.Long,java.lang.String,java.lang.Boolean,javax.servlet.http.HttpServletResponse)={[/v1/folders/{folderId}/messages/{messageId}/attachments/{id}],methods=[GET]}, public org.springframework.http.ResponseEntity com.marcnuri.isotope.api.folder.FolderResource.deleteFolder(java.lang.String)={[/v1/folders/{folderId}],methods=[DELETE],produces=[application/hal+json]}, public org.springframework.http.ResponseEntity com.marcnuri.isotope.api.folder.FolderResource.renameFolder(java.lang.String,java.lang.String)={[/v1/folders/{folderId}/name],methods=[PUT],produces=[application/hal+json]}, public org.springframework.http.ResponseEntity com.marcnuri.isotope.api.folder.FolderResource.moveFolder(java.lang.String,java.lang.String)={[/v1/folders/{folderId}/parent],methods=[PUT],produces=[application/hal+json]}, public org.springframework.http.ResponseEntity com.marcnuri.isotope.api.folder.FolderResource.createRootFolder(java.lang.String)={[/v1/folders],methods=[POST],produces=[application/hal+json]}, public org.springframework.http.ResponseEntity com.marcnuri.isotope.api.folder.FolderResource.preloadMessages(java.lang.String,java.util.List)={[/v1/folders/{folderId}/messages],methods=[GET]}, public org.springframework.http.ResponseEntity com.marcnuri.isotope.api.folder.FolderResource.deleteMessages(java.lang.String,java.util.List)={[/v1/folders/{folderId}/messages],methods=[DELETE],params=[id]}, public reactor.core.publisher.Flux com.marcnuri.isotope.api.folder.FolderResource.getMessages(java.lang.String,javax.servlet.http.HttpServletResponse)={[/v1/folders/{folderId}/messages],methods=[GET],produces=[text/event-stream]}}
17:43:14.737 [Test worker] INFO org.springframework.web.servlet.mvc.method.annotation.RequestMappingHandlerMapping - Mapped "{[/v1/folders/{folderId}/messages/{messageId}],methods=[GET]}" onto public org.springframework.http.ResponseEntity<com.marcnuri.isotope.api.message.MessageWithFolder> com.marcnuri.isotope.api.folder.FolderResource.getMessage(java.lang.String,java.lang.Long)
17:43:14.737 [Test worker] INFO org.springframework.web.servlet.mvc.method.annotation.RequestMappingHandlerMapping - Mapped "{[/v1/folders],methods=[GET],produces=[application/hal+json]}" onto public org.springframework.http.ResponseEntity<java.util.List<com.marcnuri.isotope.api.folder.Folder>> com.marcnuri.isotope.api.folder.FolderResource.getFolders(java.lang.Boolean)
17:43:14.737 [Test worker] INFO org.springframework.web.servlet.mvc.method.annotation.RequestMappingHandlerMapping - Mapped "{[/v1/folders/{folderId}/messages/{messageId}/flagged],methods=[PUT]}" onto public org.springframework.http.ResponseEntity<java.lang.Void> com.marcnuri.isotope.api.folder.FolderResource.setMessageFlagged(java.lang.String,java.lang.Long,boolean)
17:43:14.738 [Test worker] INFO org.springframework.web.servlet.mvc.method.annotation.RequestMappingHandlerMapping - Mapped "{[/v1/folders/{folderId}/messages],methods=[DELETE]}" onto public org.springframework.http.ResponseEntity<com.marcnuri.isotope.api.folder.Folder> com.marcnuri.isotope.api.folder.FolderResource.deleteAllFolderMessages(java.lang.String)
17:43:14.738 [Test worker] INFO org.springframework.web.servlet.mvc.method.annotation.RequestMappingHandlerMapping - Mapped "{[/v1/folders/{folderId}],methods=[POST],produces=[application/hal+json]}" onto public org.springframework.http.ResponseEntity<com.marcnuri.isotope.api.folder.Folder> com.marcnuri.isotope.api.folder.FolderResource.createChildFolder(java.lang.String,java.lang.String)
17:43:14.738 [Test worker] INFO org.springframework.web.servlet.mvc.method.annotation.RequestMappingHandlerMapping - Mapped "{[/v1/folders/{fromFolderId}/messages/{messageId}/folder/{toFolderId}],methods=[PUT]}" onto public org.springframework.http.ResponseEntity<java.util.List<com.marcnuri.isotope.api.message.MessageWithFolder>> com.marcnuri.isotope.api.folder.FolderResource.moveMessage(java.lang.String,java.lang.Long,java.lang.String)
17:43:14.738 [Test worker] INFO org.springframework.web.servlet.mvc.method.annotation.RequestMappingHandlerMapping - Mapped "{[/v1/folders/{fromFolderId}/messages/folder/{toFolderId}],methods=[PUT]}" onto public org.springframework.http.ResponseEntity<java.util.List<com.marcnuri.isotope.api.message.MessageWithFolder>> com.marcnuri.isotope.api.folder.FolderResource.moveMessages(java.lang.String,java.lang.String,java.util.List<java.lang.Long>)
17:43:14.739 [Test worker] INFO org.springframework.web.servlet.mvc.method.annotation.RequestMappingHandlerMapping - Mapped "{[/v1/folders/{folderId}/messages/{messageId}/seen],methods=[PUT]}" onto public org.springframework.http.ResponseEntity<java.lang.Void> com.marcnuri.isotope.api.folder.FolderResource.setMessageSeen(java.lang.String,java.lang.Long,boolean)
17:43:14.739 [Test worker] INFO org.springframework.web.servlet.mvc.method.annotation.RequestMappingHandlerMapping - Mapped "{[/v1/folders/{folderId}/messages/seen/{seen}],methods=[PUT]}" onto public org.springframework.http.ResponseEntity<java.lang.Void> com.marcnuri.isotope.api.folder.FolderResource.setMessagesSeen(java.lang.String,java.lang.Boolean,java.util.List<java.lang.Long>)
17:43:14.739 [Test worker] INFO org.springframework.web.servlet.mvc.method.annotation.RequestMappingHandlerMapping - Mapped "{[/v1/folders/{folderId}/messages/{messageId}/attachments/{id}],methods=[GET]}" onto public org.springframework.http.ResponseEntity<java.lang.Void> com.marcnuri.isotope.api.folder.FolderResource.getAttachment(java.lang.String,java.lang.Long,java.lang.String,java.lang.Boolean,javax.servlet.http.HttpServletResponse)
17:43:14.740 [Test worker] INFO org.springframework.web.servlet.mvc.method.annotation.RequestMappingHandlerMapping - Mapped "{[/v1/folders/{folderId}],methods=[DELETE],produces=[application/hal+json]}" onto public org.springframework.http.ResponseEntity<com.marcnuri.isotope.api.folder.Folder> com.marcnuri.isotope.api.folder.FolderResource.deleteFolder(java.lang.String)
17:43:14.740 [Test worker] INFO org.springframework.web.servlet.mvc.method.annotation.RequestMappingHandlerMapping - Mapped "{[/v1/folders/{folderId}/name],methods=[PUT],produces=[application/hal+json]}" onto public org.springframework.http.ResponseEntity<com.marcnuri.isotope.api.folder.Folder> com.marcnuri.isotope.api.folder.FolderResource.renameFolder(java.lang.String,java.lang.String)
17:43:14.740 [Test worker] INFO org.springframework.web.servlet.mvc.method.annotation.RequestMappingHandlerMapping - Mapped "{[/v1/folders/{folderId}/parent],methods=[PUT],produces=[application/hal+json]}" onto public org.springframework.http.ResponseEntity<com.marcnuri.isotope.api.folder.Folder> com.marcnuri.isotope.api.folder.FolderResource.moveFolder(java.lang.String,java.lang.String)
17:43:14.740 [Test worker] INFO org.springframework.web.servlet.mvc.method.annotation.RequestMappingHandlerMapping - Mapped "{[/v1/folders],methods=[POST],produces=[application/hal+json]}" onto public org.springframework.http.ResponseEntity<java.util.List<com.marcnuri.isotope.api.folder.Folder>> com.marcnuri.isotope.api.folder.FolderResource.createRootFolder(java.lang.String)
17:43:14.741 [Test worker] INFO org.springframework.web.servlet.mvc.method.annotation.RequestMappingHandlerMapping - Mapped "{[/v1/folders/{folderId}/messages],methods=[GET]}" onto public org.springframework.http.ResponseEntity<java.util.List<com.marcnuri.isotope.api.message.Message>> com.marcnuri.isotope.api.folder.FolderResource.preloadMessages(java.lang.String,java.util.List<java.lang.Long>)
17:43:14.741 [Test worker] INFO org.springframework.web.servlet.mvc.method.annotation.RequestMappingHandlerMapping - Mapped "{[/v1/folders/{folderId}/messages],methods=[DELETE],params=[id]}" onto public org.springframework.http.ResponseEntity<com.marcnuri.isotope.api.folder.Folder> com.marcnuri.isotope.api.folder.FolderResource.deleteMessages(java.lang.String,java.util.List<java.lang.Long>)
17:43:14.741 [Test worker] INFO org.springframework.web.servlet.mvc.method.annotation.RequestMappingHandlerMapping - Mapped "{[/v1/folders/{folderId}/messages],methods=[GET],produces=[text/event-stream]}" onto public reactor.core.publisher.Flux<org.springframework.http.codec.ServerSentEvent<java.util.List<com.marcnuri.isotope.api.message.Message>>> com.marcnuri.isotope.api.folder.FolderResource.getMessages(java.lang.String,javax.servlet.http.HttpServletResponse)
17:43:14.748 [Test worker] DEBUG org.hibernate.validator.internal.engine.resolver.TraversableResolvers - Cannot find javax.persistence.Persistence on classpath. Assuming non JPA 2 environment. All properties will per default be traversable.
17:43:14.748 [Test worker] DEBUG org.hibernate.validator.messageinterpolation.ResourceBundleMessageInterpolator - Loaded expression factory via original TCCL
17:43:14.748 [Test worker] DEBUG org.hibernate.validator.internal.engine.ConfigurationImpl - Setting custom MessageInterpolator of type org.springframework.validation.beanvalidation.LocaleContextMessageInterpolator
17:43:14.748 [Test worker] DEBUG org.hibernate.validator.internal.engine.ConfigurationImpl - Setting custom ParameterNameProvider of type org.springframework.validation.beanvalidation.LocalValidatorFactoryBean$1
17:43:14.749 [Test worker] DEBUG org.hibernate.validator.internal.xml.config.ValidationXmlParser - Trying to load META-INF/validation.xml for XML based Validator configuration.
17:43:14.749 [Test worker] DEBUG org.hibernate.validator.internal.xml.config.ResourceLoaderHelper - Trying to load META-INF/validation.xml via TCCL
17:43:14.749 [Test worker] DEBUG org.hibernate.validator.internal.xml.config.ResourceLoaderHelper - Trying to load META-INF/validation.xml via Hibernate Validator's class loader
17:43:14.749 [Test worker] DEBUG org.hibernate.validator.internal.xml.config.ValidationXmlParser - No META-INF/validation.xml found. Using annotation based configuration only.
17:43:14.755 [Test worker] DEBUG org.hibernate.validator.internal.engine.ValidatorFactoryImpl - HV000234: Using org.springframework.validation.beanvalidation.LocaleContextMessageInterpolator as ValidatorFactory-scoped message interpolator.
17:43:14.755 [Test worker] DEBUG org.hibernate.validator.internal.engine.ValidatorFactoryImpl - HV000234: Using org.hibernate.validator.internal.engine.resolver.TraverseAllTraversableResolver as ValidatorFactory-scoped traversable resolver.
17:43:14.755 [Test worker] DEBUG org.hibernate.validator.internal.engine.ValidatorFactoryImpl - HV000234: Using org.hibernate.validator.internal.util.ExecutableParameterNameProvider as ValidatorFactory-scoped parameter name provider.
17:43:14.755 [Test worker] DEBUG org.hibernate.validator.internal.engine.ValidatorFactoryImpl - HV000234: Using org.hibernate.validator.internal.engine.DefaultClockProvider as ValidatorFactory-scoped clock provider.
17:43:14.755 [Test worker] DEBUG org.hibernate.validator.internal.engine.ValidatorFactoryImpl - HV000234: Using org.hibernate.validator.internal.engine.scripting.DefaultScriptEvaluatorFactory as ValidatorFactory-scoped script evaluator factory.
17:43:14.756 [Test worker] INFO org.springframework.web.servlet.mvc.method.annotation.RequestMappingHandlerAdapter - Looking for @ControllerAdvice: org.springframework.test.web.servlet.setup.StubWebApplicationContext@5ac8766b
17:43:14.759 [Test worker] DEBUG org.springframework.web.servlet.mvc.method.annotation.ExceptionHandlerExceptionResolver - Looking for exception mappings: org.springframework.test.web.servlet.setup.StubWebApplicationContext@5ac8766b
17:43:14.760 [Test worker] DEBUG org.springframework.test.web.servlet.TestDispatcherServlet - Initializing servlet ''
17:43:14.760 [Test worker] INFO org.springframework.mock.web.MockServletContext - Initializing Spring FrameworkServlet ''
17:43:14.760 [Test worker] INFO org.springframework.test.web.servlet.TestDispatcherServlet - FrameworkServlet '': initialization started
17:43:14.760 [Test worker] DEBUG org.springframework.test.web.servlet.TestDispatcherServlet - Unable to locate MultipartResolver with name 'multipartResolver': no multipart request handling provided
17:43:14.760 [Test worker] DEBUG org.springframework.test.web.servlet.TestDispatcherServlet - Using LocaleResolver [org.springframework.web.servlet.i18n.AcceptHeaderLocaleResolver@20e2b725]
17:43:14.760 [Test worker] DEBUG org.springframework.test.web.servlet.TestDispatcherServlet - Using ThemeResolver [org.springframework.web.servlet.theme.FixedThemeResolver@63bc88db]
17:43:14.760 [Test worker] DEBUG org.springframework.test.web.servlet.TestDispatcherServlet - Using RequestToViewNameTranslator [org.springframework.web.servlet.view.DefaultRequestToViewNameTranslator@18389e37]
17:43:14.760 [Test worker] DEBUG org.springframework.test.web.servlet.TestDispatcherServlet - Using FlashMapManager [org.springframework.web.servlet.support.SessionFlashMapManager@88de470]
17:43:14.760 [Test worker] DEBUG org.springframework.test.web.servlet.TestDispatcherServlet - Published WebApplicationContext of servlet '' as ServletContext attribute with name [org.springframework.web.servlet.FrameworkServlet.CONTEXT.]
17:43:14.760 [Test worker] INFO org.springframework.test.web.servlet.TestDispatcherServlet - FrameworkServlet '': initialization completed in 0 ms
17:43:14.760 [Test worker] DEBUG org.springframework.test.web.servlet.TestDispatcherServlet - Servlet '' configured successfully
17:43:14.761 [Test worker] DEBUG org.springframework.test.web.servlet.TestDispatcherServlet - DispatcherServlet with name '' processing DELETE request for [/v1/folders/L29yaWdpbmFsL2ZvbGRlcg==]
17:43:14.761 [Test worker] DEBUG org.springframework.web.servlet.mvc.method.annotation.RequestMappingHandlerMapping - Looking up handler method for path /v1/folders/L29yaWdpbmFsL2ZvbGRlcg==
17:43:14.762 [Test worker] DEBUG org.springframework.web.servlet.mvc.method.annotation.RequestMappingHandlerMapping - Returning handler method [public org.springframework.http.ResponseEntity<com.marcnuri.isotope.api.folder.Folder> com.marcnuri.isotope.api.folder.FolderResource.deleteFolder(java.lang.String)]
17:43:14.763 [Test worker] DEBUG com.marcnuri.isotope.api.folder.FolderResource - Deleting folder with id L29yaWdpbmFsL2ZvbGRlcg==
17:43:14.764 [Test worker] DEBUG org.springframework.beans.factory.support.DefaultListableBeanFactory - Returning cached instance of singleton bean 'prototypeImapService'
17:43:14.778 [Test worker] DEBUG org.springframework.web.servlet.mvc.method.annotation.HttpEntityMethodProcessor - Written [links: [<http://localhost/v1/folders/1337>;rel="self", <http://localhost/v1/folders/1337/messages>;rel="messages", <http://localhost/v1/folders/1337>;rel="delete", <http://localhost/v1/folders/1337/name>;rel="rename", <http://localhost/v1/folders/1337/parent>;rel="move", <http://localhost/v1/folders/1337/messages/{messageId}>;rel="message", <http://localhost/v1/folders/1337/messages/{messageId}/flagged>;rel="message.flagged", <http://localhost/v1/folders/1337/messages/{messageId}/folder/{toFolderId}>;rel="message.move", <http://localhost/v1/folders/1337/messages/folder/{toFolderId}>;rel="message.move.bulk", <http://localhost/v1/folders/1337/messages/{messageId}/seen>;rel="message.seen", <http://localhost/v1/folders/1337/messages/seen/{seen}>;rel="message.seen.bulk"]] as "application/hal+json" using [org.springframework.http.converter.json.MappingJackson2HttpMessageConverter@6b3cb7d0]
17:43:14.779 [Test worker] DEBUG org.springframework.test.web.servlet.TestDispatcherServlet - Null ModelAndView returned to DispatcherServlet with name '': assuming HandlerAdapter completed request handling
17:43:14.779 [Test worker] DEBUG org.springframework.test.web.servlet.TestDispatcherServlet - Successfully completed request
17:43:14.779 [Test worker] DEBUG com.jayway.jsonpath.internal.path.CompiledPath - Evaluating path: $['folderId']
17:43:14.779 [Test worker] DEBUG com.jayway.jsonpath.internal.path.CompiledPath - Evaluating path: $['_links']
17:43:14.780 [Test worker] DEBUG com.jayway.jsonpath.internal.path.CompiledPath - Evaluating path: $['_links']
17:43:14.780 [Test worker] DEBUG org.springframework.test.context.cache.DefaultCacheAwareContextLoaderDelegate - Retrieved ApplicationContext from cache with key [[MergedContextConfiguration@690d0075 testClass = FolderResourceTest, locations = '{}', classes = '{class com.marcnuri.isotope.api.folder.FolderResource}', contextInitializerClasses = '[]', activeProfiles = '{}', propertySourceLocations = '{}', propertySourceProperties = '{}', contextCustomizers = set[org.springframework.boot.test.autoconfigure.properties.PropertyMappingContextCustomizer@0, org.springframework.boot.test.autoconfigure.web.servlet.WebDriverContextCustomizerFactory$Customizer@42a343c1, org.springframework.boot.test.context.filter.ExcludeFilterContextCustomizer@3d8dc3, org.springframework.boot.test.json.DuplicateJsonObjectContextCustomizerFactory$DuplicateJsonObjectContextCustomizer@5f493529, org.springframework.boot.test.mock.mockito.MockitoContextCustomizer@8186d819], contextLoader = 'org.springframework.test.context.support.DelegatingSmartContextLoader', parent = [null]]]
17:43:14.780 [Test worker] DEBUG org.springframework.test.context.cache - Spring test ApplicationContext cache statistics: [DefaultContextCache@11fd1fb9 size = 2, maxSize = 32, parentContextCount = 0, hitCount = 44, missCount = 2]
17:43:14.780 [Test worker] DEBUG org.springframework.beans.factory.support.DefaultListableBeanFactory - Returning cached instance of singleton bean 'org.springframework.boot.test.mock.mockito.MockitoBeans'
17:43:14.781 [Test worker] DEBUG org.springframework.test.context.cache.DefaultCacheAwareContextLoaderDelegate - Retrieved ApplicationContext from cache with key [[MergedContextConfiguration@690d0075 testClass = FolderResourceTest, locations = '{}', classes = '{class com.marcnuri.isotope.api.folder.FolderResource}', contextInitializerClasses = '[]', activeProfiles = '{}', propertySourceLocations = '{}', propertySourceProperties = '{}', contextCustomizers = set[org.springframework.boot.test.autoconfigure.properties.PropertyMappingContextCustomizer@0, org.springframework.boot.test.autoconfigure.web.servlet.WebDriverContextCustomizerFactory$Customizer@42a343c1, org.springframework.boot.test.context.filter.ExcludeFilterContextCustomizer@3d8dc3, org.springframework.boot.test.json.DuplicateJsonObjectContextCustomizerFactory$DuplicateJsonObjectContextCustomizer@5f493529, org.springframework.boot.test.mock.mockito.MockitoContextCustomizer@8186d819], contextLoader = 'org.springframework.test.context.support.DelegatingSmartContextLoader', parent = [null]]]
17:43:14.781 [Test worker] DEBUG org.springframework.test.context.cache - Spring test ApplicationContext cache statistics: [DefaultContextCache@11fd1fb9 size = 2, maxSize = 32, parentContextCount = 0, hitCount = 45, missCount = 2]
17:43:14.781 [Test worker] DEBUG org.springframework.test.context.cache.DefaultCacheAwareContextLoaderDelegate - Retrieved ApplicationContext from cache with key [[MergedContextConfiguration@690d0075 testClass = FolderResourceTest, locations = '{}', classes = '{class com.marcnuri.isotope.api.folder.FolderResource}', contextInitializerClasses = '[]', activeProfiles = '{}', propertySourceLocations = '{}', propertySourceProperties = '{}', contextCustomizers = set[org.springframework.boot.test.autoconfigure.properties.PropertyMappingContextCustomizer@0, org.springframework.boot.test.autoconfigure.web.servlet.WebDriverContextCustomizerFactory$Customizer@42a343c1, org.springframework.boot.test.context.filter.ExcludeFilterContextCustomizer@3d8dc3, org.springframework.boot.test.json.DuplicateJsonObjectContextCustomizerFactory$DuplicateJsonObjectContextCustomizer@5f493529, org.springframework.boot.test.mock.mockito.MockitoContextCustomizer@8186d819], contextLoader = 'org.springframework.test.context.support.DelegatingSmartContextLoader', parent = [null]]]
17:43:14.781 [Test worker] DEBUG org.springframework.test.context.cache - Spring test ApplicationContext cache statistics: [DefaultContextCache@11fd1fb9 size = 2, maxSize = 32, parentContextCount = 0, hitCount = 46, missCount = 2]
17:43:14.782 [Test worker] DEBUG reactor.core.publisher.Hooks - Reset to factory defaults : onLastOperator
17:43:14.782 [Test worker] DEBUG org.springframework.test.context.support.AbstractDirtiesContextTestExecutionListener - After test method: context [DefaultTestContext@1abdc0de testClass = FolderResourceTest, testInstance = com.marcnuri.isotope.api.folder.FolderResourceTest@52a71421, testMethod = deleteFolder_validFolderAndNewName_shouldReturnOk@FolderResourceTest, testException = [null], mergedContextConfiguration = [MergedContextConfiguration@690d0075 testClass = FolderResourceTest, locations = '{}', classes = '{class com.marcnuri.isotope.api.folder.FolderResource}', contextInitializerClasses = '[]', activeProfiles = '{}', propertySourceLocations = '{}', propertySourceProperties = '{}', contextCustomizers = set[org.springframework.boot.test.autoconfigure.properties.PropertyMappingContextCustomizer@0, org.springframework.boot.test.autoconfigure.web.servlet.WebDriverContextCustomizerFactory$Customizer@42a343c1, org.springframework.boot.test.context.filter.ExcludeFilterContextCustomizer@3d8dc3, org.springframework.boot.test.json.DuplicateJsonObjectContextCustomizerFactory$DuplicateJsonObjectContextCustomizer@5f493529, org.springframework.boot.test.mock.mockito.MockitoContextCustomizer@8186d819], contextLoader = 'org.springframework.test.context.support.DelegatingSmartContextLoader', parent = [null]], attributes = map[[empty]]], class annotated with @DirtiesContext [false] with mode [null], method annotated with @DirtiesContext [false] with mode [null].
17:43:14.782 [Test worker] DEBUG org.springframework.test.annotation.ProfileValueUtils - Retrieved @ProfileValueSourceConfiguration [null] for test class [com.marcnuri.isotope.api.folder.FolderResourceTest]
17:43:14.782 [Test worker] DEBUG org.springframework.test.annotation.ProfileValueUtils - Retrieved ProfileValueSource type [class org.springframework.test.annotation.SystemProfileValueSource] for class [com.marcnuri.isotope.api.folder.FolderResourceTest]
17:43:14.783 [Test worker] DEBUG org.springframework.test.context.cache.DefaultCacheAwareContextLoaderDelegate - Retrieved ApplicationContext from cache with key [[MergedContextConfiguration@690d0075 testClass = FolderResourceTest, locations = '{}', classes = '{class com.marcnuri.isotope.api.folder.FolderResource}', contextInitializerClasses = '[]', activeProfiles = '{}', propertySourceLocations = '{}', propertySourceProperties = '{}', contextCustomizers = set[org.springframework.boot.test.autoconfigure.properties.PropertyMappingContextCustomizer@0, org.springframework.boot.test.autoconfigure.web.servlet.WebDriverContextCustomizerFactory$Customizer@42a343c1, org.springframework.boot.test.context.filter.ExcludeFilterContextCustomizer@3d8dc3, org.springframework.boot.test.json.DuplicateJsonObjectContextCustomizerFactory$DuplicateJsonObjectContextCustomizer@5f493529, org.springframework.boot.test.mock.mockito.MockitoContextCustomizer@8186d819], contextLoader = 'org.springframework.test.context.support.DelegatingSmartContextLoader', parent = [null]]]
17:43:14.783 [Test worker] DEBUG org.springframework.test.context.cache - Spring test ApplicationContext cache statistics: [DefaultContextCache@11fd1fb9 size = 2, maxSize = 32, parentContextCount = 0, hitCount = 47, missCount = 2]
17:43:14.783 [Test worker] DEBUG org.springframework.beans.factory.support.DefaultListableBeanFactory - Returning cached instance of singleton bean 'org.springframework.boot.test.mock.mockito.MockitoPostProcessor'
17:43:14.783 [Test worker] DEBUG org.springframework.beans.factory.support.DefaultListableBeanFactory - Returning cached instance of singleton bean 'prototypeImapService'
17:43:14.783 [Test worker] DEBUG org.springframework.test.context.support.DependencyInjectionTestExecutionListener - Performing dependency injection for test context [[DefaultTestContext@1abdc0de testClass = FolderResourceTest, testInstance = com.marcnuri.isotope.api.folder.FolderResourceTest@562f901d, testMethod = [null], testException = [null], mergedContextConfiguration = [MergedContextConfiguration@690d0075 testClass = FolderResourceTest, locations = '{}', classes = '{class com.marcnuri.isotope.api.folder.FolderResource}', contextInitializerClasses = '[]', activeProfiles = '{}', propertySourceLocations = '{}', propertySourceProperties = '{}', contextCustomizers = set[org.springframework.boot.test.autoconfigure.properties.PropertyMappingContextCustomizer@0, org.springframework.boot.test.autoconfigure.web.servlet.WebDriverContextCustomizerFactory$Customizer@42a343c1, org.springframework.boot.test.context.filter.ExcludeFilterContextCustomizer@3d8dc3, org.springframework.boot.test.json.DuplicateJsonObjectContextCustomizerFactory$DuplicateJsonObjectContextCustomizer@5f493529, org.springframework.boot.test.mock.mockito.MockitoContextCustomizer@8186d819], contextLoader = 'org.springframework.test.context.support.DelegatingSmartContextLoader', parent = [null]], attributes = map[[empty]]]].
17:43:14.783 [Test worker] DEBUG org.springframework.test.context.cache.DefaultCacheAwareContextLoaderDelegate - Retrieved ApplicationContext from cache with key [[MergedContextConfiguration@690d0075 testClass = FolderResourceTest, locations = '{}', classes = '{class com.marcnuri.isotope.api.folder.FolderResource}', contextInitializerClasses = '[]', activeProfiles = '{}', propertySourceLocations = '{}', propertySourceProperties = '{}', contextCustomizers = set[org.springframework.boot.test.autoconfigure.properties.PropertyMappingContextCustomizer@0, org.springframework.boot.test.autoconfigure.web.servlet.WebDriverContextCustomizerFactory$Customizer@42a343c1, org.springframework.boot.test.context.filter.ExcludeFilterContextCustomizer@3d8dc3, org.springframework.boot.test.json.DuplicateJsonObjectContextCustomizerFactory$DuplicateJsonObjectContextCustomizer@5f493529, org.springframework.boot.test.mock.mockito.MockitoContextCustomizer@8186d819], contextLoader = 'org.springframework.test.context.support.DelegatingSmartContextLoader', parent = [null]]]
17:43:14.783 [Test worker] DEBUG org.springframework.test.context.cache - Spring test ApplicationContext cache statistics: [DefaultContextCache@11fd1fb9 size = 2, maxSize = 32, parentContextCount = 0, hitCount = 48, missCount = 2]
17:43:14.784 [Test worker] DEBUG org.springframework.beans.factory.annotation.InjectionMetadata - Processing injected element of bean 'com.marcnuri.isotope.api.folder.FolderResourceTest': AutowiredFieldElement for private com.marcnuri.isotope.api.folder.FolderResource com.marcnuri.isotope.api.folder.FolderResourceTest.folderResource
17:43:14.784 [Test worker] DEBUG org.springframework.beans.factory.support.DefaultListableBeanFactory - Returning cached instance of singleton bean 'folderResource'
17:43:14.784 [Test worker] DEBUG org.springframework.test.context.support.AbstractDirtiesContextTestExecutionListener - Before test method: context [DefaultTestContext@1abdc0de testClass = FolderResourceTest, testInstance = com.marcnuri.isotope.api.folder.FolderResourceTest@562f901d, testMethod = getMessages_validFolderId_shouldReturnOk@FolderResourceTest, testException = [null], mergedContextConfiguration = [MergedContextConfiguration@690d0075 testClass = FolderResourceTest, locations = '{}', classes = '{class com.marcnuri.isotope.api.folder.FolderResource}', contextInitializerClasses = '[]', activeProfiles = '{}', propertySourceLocations = '{}', propertySourceProperties = '{}', contextCustomizers = set[org.springframework.boot.test.autoconfigure.properties.PropertyMappingContextCustomizer@0, org.springframework.boot.test.autoconfigure.web.servlet.WebDriverContextCustomizerFactory$Customizer@42a343c1, org.springframework.boot.test.context.filter.ExcludeFilterContextCustomizer@3d8dc3, org.springframework.boot.test.json.DuplicateJsonObjectContextCustomizerFactory$DuplicateJsonObjectContextCustomizer@5f493529, org.springframework.boot.test.mock.mockito.MockitoContextCustomizer@8186d819], contextLoader = 'org.springframework.test.context.support.DelegatingSmartContextLoader', parent = [null]], attributes = map[[empty]]], class annotated with @DirtiesContext [false] with mode [null], method annotated with @DirtiesContext [false] with mode [null].
17:43:14.784 [Test worker] DEBUG reactor.core.publisher.Hooks - Hooking onLastOperator: reactor.core.publisher.Operators$LiftFunction@42eaa159
17:43:14.785 [Test worker] DEBUG org.springframework.test.context.cache.DefaultCacheAwareContextLoaderDelegate - Retrieved ApplicationContext from cache with key [[MergedContextConfiguration@690d0075 testClass = FolderResourceTest, locations = '{}', classes = '{class com.marcnuri.isotope.api.folder.FolderResource}', contextInitializerClasses = '[]', activeProfiles = '{}', propertySourceLocations = '{}', propertySourceProperties = '{}', contextCustomizers = set[org.springframework.boot.test.autoconfigure.properties.PropertyMappingContextCustomizer@0, org.springframework.boot.test.autoconfigure.web.servlet.WebDriverContextCustomizerFactory$Customizer@42a343c1, org.springframework.boot.test.context.filter.ExcludeFilterContextCustomizer@3d8dc3, org.springframework.boot.test.json.DuplicateJsonObjectContextCustomizerFactory$DuplicateJsonObjectContextCustomizer@5f493529, org.springframework.boot.test.mock.mockito.MockitoContextCustomizer@8186d819], contextLoader = 'org.springframework.test.context.support.DelegatingSmartContextLoader', parent = [null]]]
17:43:14.785 [Test worker] DEBUG org.springframework.test.context.cache - Spring test ApplicationContext cache statistics: [DefaultContextCache@11fd1fb9 size = 2, maxSize = 32, parentContextCount = 0, hitCount = 49, missCount = 2]
17:43:14.785 [Test worker] DEBUG org.springframework.beans.factory.support.DefaultListableBeanFactory - Returning cached instance of singleton bean 'org.springframework.boot.test.mock.mockito.MockitoBeans'
17:43:14.785 [Test worker] DEBUG org.springframework.core.env.StandardEnvironment - Adding PropertySource 'systemProperties' with lowest search precedence
17:43:14.785 [Test worker] DEBUG org.springframework.core.env.StandardEnvironment - Adding PropertySource 'systemEnvironment' with lowest search precedence
17:43:14.785 [Test worker] DEBUG org.springframework.core.env.StandardEnvironment - Initialized StandardEnvironment with PropertySources [MapPropertySource@874909033 {name='systemProperties', properties={java.runtime.name=OpenJDK Runtime Environment, sun.boot.library.path=C:\Program Files\AdoptOpenJDK\jdk-8.0.242.08-hotspot\jre\bin, java.vm.version=25.242-b08, java.vm.vendor=, java.vendor.url=http://java.oracle.com/, path.separator=;, java.vm.name=OpenJDK 64-Bit Server VM, file.encoding.pkg=sun.io, user.script=, sun.java.launcher=SUN_STANDARD, user.country=GB, sun.os.patch.level=, java.vm.specification.name=Java Virtual Machine Specification, user.dir=C:\azure-devops\git\eShopOnContainers\src\Web\WebImapClient\Client\server, java.runtime.version=1.8.0_242-b08, java.awt.graphicsenv=sun.awt.Win32GraphicsEnvironment, java.endorsed.dirs=C:\Program Files\AdoptOpenJDK\jdk-8.0.242.08-hotspot\jre\lib\endorsed, os.arch=amd64, java.io.tmpdir=C:\Users\jorge\AppData\Local\Temp\, line.separator=
, java.vm.specification.vendor=Oracle Corporation, user.variant=, os.name=Windows 10, sun.jnu.encoding=Cp1252, java.library.path=C:\Program Files\AdoptOpenJDK\jdk-8.0.242.08-hotspot\bin;C:\Windows\Sun\Java\bin;C:\Windows\system32;C:\Windows;C:\Program Files\AdoptOpenJDK\jdk-8.0.242.08-hotspot\bin;C:\Program Files (x86)\Common Files\Oracle\Java\javapath;C:\Python27\;C:\Python27\Scripts;C:\ProgramData\DockerDesktop\version-bin;C:\Program Files\Docker\Docker\Resources\bin;C:\Windows\system32;C:\Windows;C:\Windows\System32\Wbem;C:\Windows\System32\WindowsPowerShell\v1.0\;C:\Windows\System32\OpenSSH\;C:\Program Files (x86)\NVIDIA Corporation\PhysX\Common;C:\Program Files\dotnet\;C:\Program Files\Microsoft SQL Server\130\Tools\Binn\;C:\Program Files\Microsoft SQL Server\Client SDK\ODBC\170\Tools\Binn\;C:\Program Files (x86)\Microsoft SQL Server\150\DTS\Binn\;C:\Program Files\Git\cmd;C:\Program Files (x86)\Microsoft ASP.NET\ASP.NET Web Pages\v1.0\;C:\Program Files\Microsoft SQL Server\110\Tools\Binn\;C:\Users\jorge\.dnx\bin;C:\Program Files\Microsoft DNX\Dnvm\;C:\Program Files\nodejs\;C:\ProgramData\chocolatey\bin;C:\Program Files\Microsoft\Web Platform Installer\;C:\Users\jorge\AppData\Local\Microsoft\WindowsApps;C:\Users\jorge\AppData\Local\Programs\Microsoft VS Code\bin;C:\Users\jorge\.dotnet\tools;C:\Users\jorge\AppData\Roaming\npm;C:\Users\jorge\AppData\Local\GitHubDesktop\bin;., java.specification.name=Java Platform API Specification, java.class.version=52.0, org.gradle.native=false, sun.management.compiler=HotSpot 64-Bit Tiered Compilers, os.version=10.0, user.home=C:\Users\jorge, user.timezone=Europe/Paris, java.awt.printerjob=sun.awt.windows.WPrinterJob, file.encoding=windows-1252, java.specification.version=1.8, java.class.path=C:\azure-devops\git\eShopOnContainers\src\Web\WebImapClient\Client\server\build\classes\java\test;C:\azure-devops\git\eShopOnContainers\src\Web\WebImapClient\Client\server\build\resources\test;C:\azure-devops\git\eShopOnContainers\src\Web\WebImapClient\Client\server\build\classes\java\main;C:\azure-devops\git\eShopOnContainers\src\Web\WebImapClient\Client\server\build\resources\main;C:\Users\jorge\.gradle\caches\modules-2\files-2.1\org.springframework.boot\spring-boot-starter-actuator\2.0.4.RELEASE\24e901473279d9c18e0a0f8037d58b18c8297dca\spring-boot-starter-actuator-2.0.4.RELEASE.jar;C:\Users\jorge\.gradle\caches\modules-2\files-2.1\org.springframework.boot\spring-boot-starter-security\2.0.4.RELEASE\2ac314e5985fd9ae0d2acaea450f4f6c3dbd7f92\spring-boot-starter-security-2.0.4.RELEASE.jar;C:\Users\jorge\.gradle\caches\modules-2\files-2.1\org.springframework.boot\spring-boot-starter-webflux\2.0.4.RELEASE\a52fcd02fb6129e14f2b4b36acc5748368563c93\spring-boot-starter-webflux-2.0.4.RELEASE.jar;C:\Users\jorge\.gradle\caches\modules-2\files-2.1\org.springframework.boot\spring-boot-starter-test\2.0.4.RELEASE\8f473705d2742b669f0318f10a956f94a93ba3d2\spring-boot-starter-test-2.0.4.RELEASE.jar;C:\Users\jorge\.gradle\caches\modules-2\files-2.1\org.springframework.boot\spring-boot-starter-hateoas\2.0.4.RELEASE\2f115bebeffea81859c6d874457fa8db16b10747\spring-boot-starter-hateoas-2.0.4.RELEASE.jar;C:\Users\jorge\.gradle\caches\modules-2\files-2.1\org.springframework.boot\spring-boot-starter-web\2.0.4.RELEASE\98d49e981ecf804da877d84259b7b0d1ec2fb6f6\spring-boot-starter-web-2.0.4.RELEASE.jar;C:\Users\jorge\.gradle\caches\modules-2\files-2.1\org.springframework.boot\spring-boot-starter-json\2.0.4.RELEASE\c7afabf0d7c85db178da4ce0634e3bd2ddb0eb71\spring-boot-starter-json-2.0.4.RELEASE.jar;C:\Users\jorge\.gradle\caches\modules-2\files-2.1\org.springframework.boot\spring-boot-starter\2.0.4.RELEASE\ec46c63a2adeee40058eff1a6baefca13975dc94\spring-boot-starter-2.0.4.RELEASE.jar;C:\Users\jorge\.gradle\caches\modules-2\files-2.1\com.sun.mail\javax.mail\1.6.1\757ba4630692bb2a1ec2d9d57a616b63f15e947e\javax.mail-1.6.1.jar;C:\Users\jorge\.gradle\caches\modules-2\files-2.1\org.springframework.boot\spring-boot-actuator-autoconfigure\2.0.4.RELEASE\2cadc1d20a1f9ee667a608cfee154138e954f5f2\spring-boot-actuator-autoconfigure-2.0.4.RELEASE.jar;C:\Users\jorge\.gradle\caches\modules-2\files-2.1\com.fasterxml.jackson.datatype\jackson-datatype-jsr310\2.9.6\ea54f6193d224e5e5732bbd4262327eb465397c2\jackson-datatype-jsr310-2.9.6.jar;C:\Users\jorge\.gradle\caches\modules-2\files-2.1\commons-io\commons-io\2.6\815893df5f31da2ece4040fe0a12fd44b577afaf\commons-io-2.6.jar;C:\Users\jorge\.gradle\caches\modules-2\files-2.1\org.springframework.security\spring-security-test\5.0.7.RELEASE\a74c9ab10d53baa3bb7a731753fe0c6d9ab9d848\spring-security-test-5.0.7.RELEASE.jar;C:\Users\jorge\.gradle\caches\modules-2\files-2.1\com.marcnuri\spring-common-test\0.0.2\da9c2c5e849c7dcbbe99d190bedffa5e6fe450a5\spring-common-test-0.0.2.jar;C:\Users\jorge\.gradle\caches\modules-2\files-2.1\org.hamcrest\java-hamcrest\2.0.0.0\f1c8853ade0ecf707f5a261c830e98893983813\java-hamcrest-2.0.0.0.jar;C:\Users\jorge\.gradle\caches\modules-2\files-2.1\org.powermock\powermock-module-junit4\2.0.0-RC.3\b9a04b492e2b93e93617ba457f76aebbf00fc221\powermock-module-junit4-2.0.0-RC.3.jar;C:\Users\jorge\.gradle\caches\modules-2\files-2.1\org.powermock\powermock-api-mockito2\2.0.0-RC.3\f85a8404be063ef15c5fdd3745b11d2fba875fcd\powermock-api-mockito2-2.0.0-RC.3.jar;C:\Users\jorge\.gradle\caches\modules-2\files-2.1\org.springframework.boot\spring-boot-test-autoconfigure\2.0.4.RELEASE\8a2e3f31e607fdb08deda2f59263ce177f1c4310\spring-boot-test-autoconfigure-2.0.4.RELEASE.jar;C:\Users\jorge\.gradle\caches\modules-2\files-2.1\org.springframework.boot\spring-boot-test\2.0.4.RELEASE\8a17fc3cf16b6d75f2ba132ade04409a670095de\spring-boot-test-2.0.4.RELEASE.jar;C:\Users\jorge\.gradle\caches\modules-2\files-2.1\org.springframework.boot\spring-boot-autoconfigure\2.0.4.RELEASE\65cd1244d606acc02ab7bfc47a203a3fe2400dda\spring-boot-autoconfigure-2.0.4.RELEASE.jar;C:\Users\jorge\.gradle\caches\modules-2\files-2.1\org.springframework.boot\spring-boot-actuator\2.0.4.RELEASE\9c02c968eb50a7cdc14fc4c7b586d767df6dc48d\spring-boot-actuator-2.0.4.RELEASE.jar;C:\Users\jorge\.gradle\caches\modules-2\files-2.1\org.springframework.boot\spring-boot\2.0.4.RELEASE\c8619c5b06d4dcdb4cac1e5e9c839e6e8b1c8574\spring-boot-2.0.4.RELEASE.jar;C:\Users\jorge\.gradle\caches\modules-2\files-2.1\org.springframework.boot\spring-boot-starter-logging\2.0.4.RELEASE\dcd1a2c431c970f44adae64d9145133979a513ab\spring-boot-starter-logging-2.0.4.RELEASE.jar;C:\Users\jorge\.gradle\caches\modules-2\files-2.1\org.springframework.boot\spring-boot-starter-tomcat\2.0.4.RELEASE\dcf28989a34b0801fea0e810c371fb9dab1e7784\spring-boot-starter-tomcat-2.0.4.RELEASE.jar;C:\Users\jorge\.gradle\caches\modules-2\files-2.1\javax.annotation\javax.annotation-api\1.3.2\934c04d3cfef185a8008e7bf34331b79730a9d43\javax.annotation-api-1.3.2.jar;C:\Users\jorge\.gradle\caches\modules-2\files-2.1\org.springframework.security\spring-security-config\5.0.7.RELEASE\d702e01048687db4ec6c97fb32d28ffbe348b3e\spring-security-config-5.0.7.RELEASE.jar;C:\Users\jorge\.gradle\caches\modules-2\files-2.1\org.springframework.security\spring-security-web\5.0.7.RELEASE\bab3ed579d4550bb5cc40b0a7fddd0106db7c66\spring-security-web-5.0.7.RELEASE.jar;C:\Users\jorge\.gradle\caches\modules-2\files-2.1\org.springframework.hateoas\spring-hateoas\0.25.0.RELEASE\22d1abd575426709734ab83e7d81d6deb4addbf6\spring-hateoas-0.25.0.RELEASE.jar;C:\Users\jorge\.gradle\caches\modules-2\files-2.1\org.springframework\spring-webflux\5.0.8.RELEASE\d16ce1cf6f95771e821619d6ef13c1f0333fafb\spring-webflux-5.0.8.RELEASE.jar;C:\Users\jorge\.gradle\caches\modules-2\files-2.1\org.springframework\spring-webmvc\5.0.8.RELEASE\7e5fe57590ca8e4468e50fe1d92b0b67aa4a327a\spring-webmvc-5.0.8.RELEASE.jar;C:\Users\jorge\.gradle\caches\modules-2\files-2.1\org.springframework\spring-web\5.0.8.RELEASE\fa43cdadb4ab2491fd1d0ddb06c0808e4b60fc85\spring-web-5.0.8.RELEASE.jar;C:\Users\jorge\.gradle\caches\modules-2\files-2.1\org.springframework\spring-test\5.0.8.RELEASE\5782619373bd7e7b7d9106203c317b04bb613ebb\spring-test-5.0.8.RELEASE.jar;C:\Users\jorge\.gradle\caches\modules-2\files-2.1\org.springframework.security\spring-security-core\5.0.7.RELEASE\40a0c57af6b4c3f8c611216d2579c6ab19672694\spring-security-core-5.0.7.RELEASE.jar;C:\Users\jorge\.gradle\caches\modules-2\files-2.1\org.springframework.plugin\spring-plugin-core\1.2.0.RELEASE\f380e7760032e7d929184f8ad8a33716b75c0657\spring-plugin-core-1.2.0.RELEASE.jar;C:\Users\jorge\.gradle\caches\modules-2\files-2.1\org.springframework\spring-context\5.0.8.RELEASE\3a067d8990761111c9b6d1d895640be26cc1fb38\spring-context-5.0.8.RELEASE.jar;C:\Users\jorge\.gradle\caches\modules-2\files-2.1\org.springframework\spring-aop\5.0.8.RELEASE\f5086c1a3185c481104511837427b39a07a57aa2\spring-aop-5.0.8.RELEASE.jar;C:\Users\jorge\.gradle\caches\modules-2\files-2.1\org.springframework\spring-beans\5.0.8.RELEASE\5fc965d3e7f5515099244857a8ae9e2a208c169b\spring-beans-5.0.8.RELEASE.jar;C:\Users\jorge\.gradle\caches\modules-2\files-2.1\org.springframework\spring-expression\5.0.8.RELEASE\f23158f22c917df2cddf2ecebc398a9e95f95fae\spring-expression-5.0.8.RELEASE.jar;C:\Users\jorge\.gradle\caches\modules-2\files-2.1\org.springframework\spring-core\5.0.8.RELEASE\dc39c49e3246cdf73d3786ac41119140aed3fa08\spring-core-5.0.8.RELEASE.jar;C:\Users\jorge\.gradle\caches\modules-2\files-2.1\org.yaml\snakeyaml\1.19\2d998d3d674b172a588e54ab619854d073f555b5\snakeyaml-1.19.jar;C:\Users\jorge\.gradle\caches\modules-2\files-2.1\io.micrometer\micrometer-core\1.0.6\50299bc8a34c251d62311bbb1a297f3942a82e42\micrometer-core-1.0.6.jar;C:\Users\jorge\.gradle\caches\modules-2\files-2.1\org.springframework.boot\spring-boot-starter-reactor-netty\2.0.4.RELEASE\ed4ac88f7fc699a9cbb6ee804a26e2e30239ca35\spring-boot-starter-reactor-netty-2.0.4.RELEASE.jar;C:\Users\jorge\.gradle\caches\modules-2\files-2.1\org.hibernate.validator\hibernate-validator\6.0.11.Final\36f9d10a11e4768f55e8fb91ebe4338a5c43954e\hibernate-validator-6.0.11.Final.jar;C:\Users\jorge\.gradle\caches\modules-2\files-2.1\org.synchronoss.cloud\nio-multipart-parser\1.1.0\c6c417fec6612584b1c34d4dd98c5a4e47e8c754\nio-multipart-parser-1.1.0.jar;C:\Users\jorge\.gradle\caches\modules-2\files-2.1\javax.activation\activation\1.1\e6cb541461c2834bdea3eb920f1884d1eb508b50\activation-1.1.jar;C:\Users\jorge\.gradle\caches\modules-2\files-2.1\com.fasterxml.jackson.datatype\jackson-datatype-jdk8\2.9.6\456895fc91bf7180b216fead220373e6278230c9\jackson-datatype-jdk8-2.9.6.jar;C:\Users\jorge\.gradle\caches\modules-2\files-2.1\com.fasterxml.jackson.module\jackson-module-parameter-names\2.9.6\129acd77a4b6ee30d62d3a0899b1344c8ec2bff8\jackson-module-parameter-names-2.9.6.jar;C:\Users\jorge\.gradle\caches\modules-2\files-2.1\com.fasterxml.jackson.core\jackson-databind\2.9.6\cfa4f316351a91bfd95cb0644c6a2c95f52db1fc\jackson-databind-2.9.6.jar;C:\Users\jorge\.gradle\caches\modules-2\files-2.1\com.fasterxml.jackson.core\jackson-annotations\2.9.0\7c10d545325e3a6e72e06381afe469fd40eb701\jackson-annotations-2.9.0.jar;C:\Users\jorge\.gradle\caches\modules-2\files-2.1\com.fasterxml.jackson.core\jackson-core\2.9.6\4e393793c37c77e042ccc7be5a914ae39251b365\jackson-core-2.9.6.jar;C:\Users\jorge\.gradle\caches\modules-2\files-2.1\com.jayway.jsonpath\json-path\2.4.0\765a4401ceb2dc8d40553c2075eb80a8fa35c2ae\json-path-2.4.0.jar;C:\Users\jorge\.gradle\caches\modules-2\files-2.1\org.powermock\powermock-module-junit4-common\2.0.0-RC.3\f09137abdf1aeea2df214037eab50ed864602c9a\powermock-module-junit4-common-2.0.0-RC.3.jar;C:\Users\jorge\.gradle\caches\modules-2\files-2.1\junit\junit\4.12\2973d150c0dc1fefe998f834810d68f278ea58ec\junit-4.12.jar;C:\Users\jorge\.gradle\caches\modules-2\files-2.1\org.assertj\assertj-core\3.9.1\c5ce126b15f28d56cd8f960c1a6a058b9c9aea87\assertj-core-3.9.1.jar;C:\Users\jorge\.gradle\caches\modules-2\files-2.1\org.mockito\mockito-core\2.15.0\b84bfbbc29cd22c9529409627af6ea2897f4fa85\mockito-core-2.15.0.jar;C:\Users\jorge\.gradle\caches\modules-2\files-2.1\org.hamcrest\hamcrest-library\1.3\4785a3c21320980282f9f33d0d1264a69040538f\hamcrest-library-1.3.jar;C:\Users\jorge\.gradle\caches\modules-2\files-2.1\org.hamcrest\hamcrest-core\1.3\42a25dc3219429f0e5d060061f71acb49bf010a0\hamcrest-core-1.3.jar;C:\Users\jorge\.gradle\caches\modules-2\files-2.1\org.skyscreamer\jsonassert\1.5.0\6c9d5fe2f59da598d9aefc1cfc6528ff3cf32df3\jsonassert-1.5.0.jar;C:\Users\jorge\.gradle\caches\modules-2\files-2.1\org.xmlunit\xmlunit-core\2.5.1\4ffdb346572a7356f7521cd3119ce5287d2e339d\xmlunit-core-2.5.1.jar;C:\Users\jorge\.gradle\caches\modules-2\files-2.1\org.powermock\powermock-api-support\2.0.0-RC.3\a23d6bdbcf865513c9f6992134152be80504e499\powermock-api-support-2.0.0-RC.3.jar;C:\Users\jorge\.gradle\caches\modules-2\files-2.1\ch.qos.logback\logback-classic\1.2.3\7c4f3c474fb2c041d8028740440937705ebb473a\logback-classic-1.2.3.jar;C:\Users\jorge\.gradle\caches\modules-2\files-2.1\org.apache.logging.log4j\log4j-to-slf4j\2.10.0\f7e631ccf49cfc0aefa4a2a728da7d374c05bd3c\log4j-to-slf4j-2.10.0.jar;C:\Users\jorge\.gradle\caches\modules-2\files-2.1\org.slf4j\jul-to-slf4j\1.7.25\af5364cd6679bfffb114f0dec8a157aaa283b76\jul-to-slf4j-1.7.25.jar;C:\Users\jorge\.gradle\caches\modules-2\files-2.1\org.springframework\spring-jcl\5.0.8.RELEASE\a1fa8fb560fb252321776e16bc9ac8201af4ef5e\spring-jcl-5.0.8.RELEASE.jar;C:\Users\jorge\.gradle\caches\modules-2\files-2.1\org.hdrhistogram\HdrHistogram\2.1.10\9e1ac84eed220281841b75e72fb9de5a297fbf04\HdrHistogram-2.1.10.jar;C:\Users\jorge\.gradle\caches\modules-2\files-2.1\org.latencyutils\LatencyUtils\2.0.3\769c0b82cb2421c8256300e907298a9410a2a3d3\LatencyUtils-2.0.3.jar;C:\Users\jorge\.gradle\caches\modules-2\files-2.1\org.synchronoss.cloud\nio-stream-storage\1.1.3\986dba5f6e5eed20f0dba6ddc8e8a64a9ebdc2f3\nio-stream-storage-1.1.3.jar;C:\Users\jorge\.gradle\caches\modules-2\files-2.1\org.slf4j\slf4j-api\1.7.25\da76ca59f6a57ee3102f8f9bd9cee742973efa8a\slf4j-api-1.7.25.jar;C:\Users\jorge\.gradle\caches\modules-2\files-2.1\io.projectreactor.ipc\reactor-netty\0.7.8.RELEASE\fe25c7d3042b6005690f7d243cef987b696a12ee\reactor-netty-0.7.8.RELEASE.jar;C:\Users\jorge\.gradle\caches\modules-2\files-2.1\javax.validation\validation-api\2.0.1.Final\cb855558e6271b1b32e716d24cb85c7f583ce09e\validation-api-2.0.1.Final.jar;C:\Users\jorge\.gradle\caches\modules-2\files-2.1\org.jboss.logging\jboss-logging\3.3.2.Final\3789d00e859632e6c6206adc0c71625559e6e3b0\jboss-logging-3.3.2.Final.jar;C:\Users\jorge\.gradle\caches\modules-2\files-2.1\com.fasterxml\classmate\1.3.4\3d5f48f10bbe4eb7bd862f10c0583be2e0053c6\classmate-1.3.4.jar;C:\Users\jorge\.gradle\caches\modules-2\files-2.1\io.projectreactor\reactor-core\3.1.8.RELEASE\3bcc30f9161d3d17abe44b4aa20e397e5170566e\reactor-core-3.1.8.RELEASE.jar;C:\Users\jorge\.gradle\caches\modules-2\files-2.1\net.minidev\json-smart\2.3\7396407491352ce4fa30de92efb158adb76b5b\json-smart-2.3.jar;C:\Users\jorge\.gradle\caches\modules-2\files-2.1\org.powermock\powermock-core\2.0.0-RC.3\f958479ea1f0d1ba37cf65b6612fccfbaf4d8dd3\powermock-core-2.0.0-RC.3.jar;C:\Users\jorge\.gradle\caches\modules-2\files-2.1\org.powermock\powermock-reflect\2.0.0-RC.3\c10437486ae35b91666c2591fd7b1a8054b4573c\powermock-reflect-2.0.0-RC.3.jar;C:\Users\jorge\.gradle\caches\modules-2\files-2.1\net.bytebuddy\byte-buddy\1.7.11\f02857a4e2c66ccbe7aaad6100a0a6c461bce9b3\byte-buddy-1.7.11.jar;C:\Users\jorge\.gradle\caches\modules-2\files-2.1\net.bytebuddy\byte-buddy-agent\1.7.11\b425a8933ca07edd03c6dbc8bc3b595fba9780de\byte-buddy-agent-1.7.11.jar;C:\Users\jorge\.gradle\caches\modules-2\files-2.1\org.objenesis\objenesis\3.0.1\11cfac598df9dc48bb9ed9357ed04212694b7808\objenesis-3.0.1.jar;C:\Users\jorge\.gradle\caches\modules-2\files-2.1\com.vaadin.external.google\android-json\0.0.20131108.vaadin1\fa26d351fe62a6a17f5cda1287c1c6110dec413f\android-json-0.0.20131108.vaadin1.jar;C:\Users\jorge\.gradle\caches\modules-2\files-2.1\ch.qos.logback\logback-core\1.2.3\864344400c3d4d92dfeb0a305dc87d953677c03c\logback-core-1.2.3.jar;C:\Users\jorge\.gradle\caches\modules-2\files-2.1\org.apache.logging.log4j\log4j-api\2.10.0\fec5797a55b786184a537abd39c3fa1449d752d6\log4j-api-2.10.0.jar;C:\Users\jorge\.gradle\caches\modules-2\files-2.1\org.apache.tomcat.embed\tomcat-embed-websocket\8.5.32\ea5302e378f1449d4e5dda79e8d810c1e7931f91\tomcat-embed-websocket-8.5.32.jar;C:\Users\jorge\.gradle\caches\modules-2\files-2.1\org.apache.tomcat.embed\tomcat-embed-core\8.5.32\6bc6896200146010cc4666bdc6b9b0cbb453ee22\tomcat-embed-core-8.5.32.jar;C:\Users\jorge\.gradle\caches\modules-2\files-2.1\org.apache.tomcat.embed\tomcat-embed-el\8.5.32\e4fd0ee015d83fa1c5ec93ff1d05bdaf9a4480c5\tomcat-embed-el-8.5.32.jar;C:\Users\jorge\.gradle\caches\modules-2\files-2.1\io.netty\netty-handler-proxy\4.1.27.Final\1a822ce7760bc6eb4937b7e448c9e081fedcc807\netty-handler-proxy-4.1.27.Final.jar;C:\Users\jorge\.gradle\caches\modules-2\files-2.1\io.netty\netty-codec-http\4.1.27.Final\a1722d6bcbbef1c4c7877e8bf38b07a3db5ed07f\netty-codec-http-4.1.27.Final.jar;C:\Users\jorge\.gradle\caches\modules-2\files-2.1\io.netty\netty-handler\4.1.27.Final\21bd9cf565390a8d72579b8664303e3c175dfc6a\netty-handler-4.1.27.Final.jar;C:\Users\jorge\.gradle\caches\modules-2\files-2.1\io.netty\netty-transport-native-epoll\4.1.27.Final\8c3a61a7dd53eafe2f0fe31356f1379598f74517\netty-transport-native-epoll-4.1.27.Final-linux-x86_64.jar;C:\Users\jorge\.gradle\caches\modules-2\files-2.1\org.reactivestreams\reactive-streams\1.0.2\323964c36556eb0e6209f65c1cef72b53b461ab8\reactive-streams-1.0.2.jar;C:\Users\jorge\.gradle\caches\modules-2\files-2.1\net.minidev\accessors-smart\1.2\c592b500269bfde36096641b01238a8350f8aa31\accessors-smart-1.2.jar;C:\Users\jorge\.gradle\caches\modules-2\files-2.1\org.javassist\javassist\3.24.0-GA\d7466fc2e3af7c023e95c510f06448ad29b225b3\javassist-3.24.0-GA.jar;C:\Users\jorge\.gradle\caches\modules-2\files-2.1\io.netty\netty-codec-socks\4.1.27.Final\285b09af98764cf02e4b77b3d95af188469a7133\netty-codec-socks-4.1.27.Final.jar;C:\Users\jorge\.gradle\caches\modules-2\files-2.1\io.netty\netty-codec\4.1.27.Final\d2653d78ebaa650064768fb26b10051f5c8efb2c\netty-codec-4.1.27.Final.jar;C:\Users\jorge\.gradle\caches\modules-2\files-2.1\io.netty\netty-transport-native-unix-common\4.1.27.Final\2b0667fe5c1df78c6cfbf9d53ad8b1fb533fb8e8\netty-transport-native-unix-common-4.1.27.Final.jar;C:\Users\jorge\.gradle\caches\modules-2\files-2.1\io.netty\netty-transport\4.1.27.Final\b5c2da3ea89dd67320925f1504c9eb3615241b7c\netty-transport-4.1.27.Final.jar;C:\Users\jorge\.gradle\caches\modules-2\files-2.1\io.netty\netty-buffer\4.1.27.Final\aafe2b9fb0d8f3b200cf10b9fd6486c6a722d7a1\netty-buffer-4.1.27.Final.jar;C:\Users\jorge\.gradle\caches\modules-2\files-2.1\io.netty\netty-resolver\4.1.27.Final\2536447ef9605ccb2b5203aa22392c6514484ea9\netty-resolver-4.1.27.Final.jar;C:\Users\jorge\.gradle\caches\modules-2\files-2.1\io.netty\netty-common\4.1.27.Final\6a12a969c27fb37b230c4bde5a67bd822fa6b7a4\netty-common-4.1.27.Final.jar;C:\Users\jorge\.gradle\caches\modules-2\files-2.1\org.ow2.asm\asm\5.0.4\da08b8cce7bbf903602a25a3a163ae252435795\asm-5.0.4.jar, user.name=jorge, java.vm.specification.version=1.8, sun.java.command=worker.org.gradle.process.internal.worker.GradleWorkerMain 'Gradle Test Executor 3', java.home=C:\Program Files\AdoptOpenJDK\jdk-8.0.242.08-hotspot\jre, sun.arch.data.model=64, user.language=en, java.specification.vendor=Oracle Corporation, awt.toolkit=sun.awt.windows.WToolkit, java.vm.info=mixed mode, java.version=1.8.0_242, java.ext.dirs=C:\Program Files\AdoptOpenJDK\jdk-8.0.242.08-hotspot\jre\lib\ext;C:\Windows\Sun\Java\lib\ext, sun.boot.class.path=C:\Program Files\AdoptOpenJDK\jdk-8.0.242.08-hotspot\jre\lib\resources.jar;C:\Program Files\AdoptOpenJDK\jdk-8.0.242.08-hotspot\jre\lib\rt.jar;C:\Program Files\AdoptOpenJDK\jdk-8.0.242.08-hotspot\jre\lib\sunrsasign.jar;C:\Program Files\AdoptOpenJDK\jdk-8.0.242.08-hotspot\jre\lib\jsse.jar;C:\Program Files\AdoptOpenJDK\jdk-8.0.242.08-hotspot\jre\lib\jce.jar;C:\Program Files\AdoptOpenJDK\jdk-8.0.242.08-hotspot\jre\lib\charsets.jar;C:\Program Files\AdoptOpenJDK\jdk-8.0.242.08-hotspot\jre\lib\jfr.jar;C:\Program Files\AdoptOpenJDK\jdk-8.0.242.08-hotspot\jre\classes, java.vendor=AdoptOpenJDK, org.gradle.test.worker=3, file.separator=\, java.vendor.url.bug=http://bugreport.sun.com/bugreport/, sun.io.unicode.encoding=UnicodeLittle, sun.cpu.endian=little, sun.desktop=windows, sun.cpu.isalist=amd64}}, SystemEnvironmentPropertySource@514051208 {name='systemEnvironment', properties={USERDOMAIN_ROAMINGPROFILE=DESKTOP-U7U4TE6, PROCESSOR_LEVEL=6, VS140COMNTOOLS=C:\Program Files (x86)\Microsoft Visual Studio 14.0\Common7\Tools\, ALLUSERSPROFILE=C:\ProgramData, PROCESSOR_ARCHITECTURE=AMD64, PSModulePath=C:\Users\jorge\Documents\WindowsPowerShell\Modules;C:\Program Files\WindowsPowerShell\Modules;C:\Windows\system32\WindowsPowerShell\v1.0\Modules, SystemDrive=C:, =ExitCode=00000000, DIRNAME=C:\azure-devops\git\eShopOnContainers\src\Web\WebImapClient\Client\server\, USERNAME=jorge, CMD_LINE_ARGS=b, ProgramFiles(x86)=C:\Program Files (x86), APP_HOME=C:\azure-devops\git\eShopOnContainers\src\Web\WebImapClient\Client\server\, PATHEXT=.COM;.EXE;.BAT;.CMD;.VBS;.VBE;.JS;.JSE;.WSF;.WSH;.MSC;.CPL, DriverData=C:\Windows\System32\Drivers\DriverData, OneDriveConsumer=C:\Users\jorge\OneDrive, ProgramData=C:\ProgramData, ProgramW6432=C:\Program Files, HOMEPATH=\Users\jorge, PROCESSOR_IDENTIFIER=Intel64 Family 6 Model 158 Stepping 13, GenuineIntel, ProgramFiles=C:\Program Files, PUBLIC=C:\Users\Public, windir=C:\Windows, _SKIP=2, LOCALAPPDATA=C:\Users\jorge\AppData\Local, ChocolateyLastPathUpdate=132229495750090469, USERDOMAIN=DESKTOP-U7U4TE6, LOGONSERVER=\\DESKTOP-U7U4TE6, PROMPT=$P$G, OneDrive=C:\Users\jorge\OneDrive, =C:=C:\azure-devops\git\eShopOnContainers\src\Web\WebImapClient\Client\server, APPDATA=C:\Users\jorge\AppData\Roaming, JAVA_EXE=java.exe, ChocolateyInstall=C:\ProgramData\chocolatey, CommonProgramFiles=C:\Program Files\Common Files, Path=C:\Program Files\AdoptOpenJDK\jdk-8.0.242.08-hotspot\bin;C:\Program Files (x86)\Common Files\Oracle\Java\javapath;C:\Python27\;C:\Python27\Scripts;C:\ProgramData\DockerDesktop\version-bin;C:\Program Files\Docker\Docker\Resources\bin;C:\Windows\system32;C:\Windows;C:\Windows\System32\Wbem;C:\Windows\System32\WindowsPowerShell\v1.0\;C:\Windows\System32\OpenSSH\;C:\Program Files (x86)\NVIDIA Corporation\PhysX\Common;C:\Program Files\dotnet\;C:\Program Files\Microsoft SQL Server\130\Tools\Binn\;C:\Program Files\Microsoft SQL Server\Client SDK\ODBC\170\Tools\Binn\;C:\Program Files (x86)\Microsoft SQL Server\150\DTS\Binn\;C:\Program Files\Git\cmd;C:\Program Files (x86)\Microsoft ASP.NET\ASP.NET Web Pages\v1.0\;C:\Program Files\Microsoft SQL Server\110\Tools\Binn\;C:\Users\jorge\.dnx\bin;C:\Program Files\Microsoft DNX\Dnvm\;C:\Program Files\nodejs\;C:\ProgramData\chocolatey\bin;C:\Program Files\Microsoft\Web Platform Installer\;C:\Users\jorge\AppData\Local\Microsoft\WindowsApps;C:\Users\jorge\AppData\Local\Programs\Microsoft VS Code\bin;C:\Users\jorge\.dotnet\tools;C:\Users\jorge\AppData\Roaming\npm;C:\Users\jorge\AppData\Local\GitHubDesktop\bin, OS=Windows_NT, COMPUTERNAME=DESKTOP-U7U4TE6, PROCESSOR_REVISION=9e0d, CLASSPATH=C:\azure-devops\git\eShopOnContainers\src\Web\WebImapClient\Client\server\\gradle\wrapper\gradle-wrapper.jar, CommonProgramW6432=C:\Program Files\Common Files, ComSpec=C:\Windows\system32\cmd.exe, APP_BASE_NAME=gradlew, SystemRoot=C:\Windows, TEMP=C:\Users\jorge\AppData\Local\Temp, HOMEDRIVE=C:, USERPROFILE=C:\Users\jorge, TMP=C:\Users\jorge\AppData\Local\Temp, VS110COMNTOOLS=C:\Program Files (x86)\Microsoft Visual Studio 11.0\Common7\Tools\, CommonProgramFiles(x86)=C:\Program Files (x86)\Common Files, NUMBER_OF_PROCESSORS=12}}]
17:43:14.786 [Test worker] DEBUG org.springframework.web.servlet.mvc.method.annotation.RequestMappingHandlerMapping - Looking for request mappings in application context: org.springframework.test.web.servlet.setup.StubWebApplicationContext@3a2abfcb
17:43:14.792 [Test worker] DEBUG org.springframework.web.servlet.mvc.method.annotation.RequestMappingHandlerMapping - 17 request handler methods found on class com.marcnuri.isotope.api.folder.FolderResource: {public org.springframework.http.ResponseEntity com.marcnuri.isotope.api.folder.FolderResource.getMessage(java.lang.String,java.lang.Long)={[/v1/folders/{folderId}/messages/{messageId}],methods=[GET]}, public org.springframework.http.ResponseEntity com.marcnuri.isotope.api.folder.FolderResource.getFolders(java.lang.Boolean)={[/v1/folders],methods=[GET],produces=[application/hal+json]}, public org.springframework.http.ResponseEntity com.marcnuri.isotope.api.folder.FolderResource.setMessageFlagged(java.lang.String,java.lang.Long,boolean)={[/v1/folders/{folderId}/messages/{messageId}/flagged],methods=[PUT]}, public org.springframework.http.ResponseEntity com.marcnuri.isotope.api.folder.FolderResource.deleteAllFolderMessages(java.lang.String)={[/v1/folders/{folderId}/messages],methods=[DELETE]}, public org.springframework.http.ResponseEntity com.marcnuri.isotope.api.folder.FolderResource.createChildFolder(java.lang.String,java.lang.String)={[/v1/folders/{folderId}],methods=[POST],produces=[application/hal+json]}, public org.springframework.http.ResponseEntity com.marcnuri.isotope.api.folder.FolderResource.moveMessage(java.lang.String,java.lang.Long,java.lang.String)={[/v1/folders/{fromFolderId}/messages/{messageId}/folder/{toFolderId}],methods=[PUT]}, public org.springframework.http.ResponseEntity com.marcnuri.isotope.api.folder.FolderResource.moveMessages(java.lang.String,java.lang.String,java.util.List)={[/v1/folders/{fromFolderId}/messages/folder/{toFolderId}],methods=[PUT]}, public org.springframework.http.ResponseEntity com.marcnuri.isotope.api.folder.FolderResource.setMessageSeen(java.lang.String,java.lang.Long,boolean)={[/v1/folders/{folderId}/messages/{messageId}/seen],methods=[PUT]}, public org.springframework.http.ResponseEntity com.marcnuri.isotope.api.folder.FolderResource.setMessagesSeen(java.lang.String,java.lang.Boolean,java.util.List)={[/v1/folders/{folderId}/messages/seen/{seen}],methods=[PUT]}, public org.springframework.http.ResponseEntity com.marcnuri.isotope.api.folder.FolderResource.getAttachment(java.lang.String,java.lang.Long,java.lang.String,java.lang.Boolean,javax.servlet.http.HttpServletResponse)={[/v1/folders/{folderId}/messages/{messageId}/attachments/{id}],methods=[GET]}, public org.springframework.http.ResponseEntity com.marcnuri.isotope.api.folder.FolderResource.deleteFolder(java.lang.String)={[/v1/folders/{folderId}],methods=[DELETE],produces=[application/hal+json]}, public org.springframework.http.ResponseEntity com.marcnuri.isotope.api.folder.FolderResource.renameFolder(java.lang.String,java.lang.String)={[/v1/folders/{folderId}/name],methods=[PUT],produces=[application/hal+json]}, public org.springframework.http.ResponseEntity com.marcnuri.isotope.api.folder.FolderResource.moveFolder(java.lang.String,java.lang.String)={[/v1/folders/{folderId}/parent],methods=[PUT],produces=[application/hal+json]}, public org.springframework.http.ResponseEntity com.marcnuri.isotope.api.folder.FolderResource.createRootFolder(java.lang.String)={[/v1/folders],methods=[POST],produces=[application/hal+json]}, public org.springframework.http.ResponseEntity com.marcnuri.isotope.api.folder.FolderResource.preloadMessages(java.lang.String,java.util.List)={[/v1/folders/{folderId}/messages],methods=[GET]}, public org.springframework.http.ResponseEntity com.marcnuri.isotope.api.folder.FolderResource.deleteMessages(java.lang.String,java.util.List)={[/v1/folders/{folderId}/messages],methods=[DELETE],params=[id]}, public reactor.core.publisher.Flux com.marcnuri.isotope.api.folder.FolderResource.getMessages(java.lang.String,javax.servlet.http.HttpServletResponse)={[/v1/folders/{folderId}/messages],methods=[GET],produces=[text/event-stream]}}
17:43:14.793 [Test worker] INFO org.springframework.web.servlet.mvc.method.annotation.RequestMappingHandlerMapping - Mapped "{[/v1/folders/{folderId}/messages/{messageId}],methods=[GET]}" onto public org.springframework.http.ResponseEntity<com.marcnuri.isotope.api.message.MessageWithFolder> com.marcnuri.isotope.api.folder.FolderResource.getMessage(java.lang.String,java.lang.Long)
17:43:14.793 [Test worker] INFO org.springframework.web.servlet.mvc.method.annotation.RequestMappingHandlerMapping - Mapped "{[/v1/folders],methods=[GET],produces=[application/hal+json]}" onto public org.springframework.http.ResponseEntity<java.util.List<com.marcnuri.isotope.api.folder.Folder>> com.marcnuri.isotope.api.folder.FolderResource.getFolders(java.lang.Boolean)
17:43:14.793 [Test worker] INFO org.springframework.web.servlet.mvc.method.annotation.RequestMappingHandlerMapping - Mapped "{[/v1/folders/{folderId}/messages/{messageId}/flagged],methods=[PUT]}" onto public org.springframework.http.ResponseEntity<java.lang.Void> com.marcnuri.isotope.api.folder.FolderResource.setMessageFlagged(java.lang.String,java.lang.Long,boolean)
17:43:14.793 [Test worker] INFO org.springframework.web.servlet.mvc.method.annotation.RequestMappingHandlerMapping - Mapped "{[/v1/folders/{folderId}/messages],methods=[DELETE]}" onto public org.springframework.http.ResponseEntity<com.marcnuri.isotope.api.folder.Folder> com.marcnuri.isotope.api.folder.FolderResource.deleteAllFolderMessages(java.lang.String)
17:43:14.793 [Test worker] INFO org.springframework.web.servlet.mvc.method.annotation.RequestMappingHandlerMapping - Mapped "{[/v1/folders/{folderId}],methods=[POST],produces=[application/hal+json]}" onto public org.springframework.http.ResponseEntity<com.marcnuri.isotope.api.folder.Folder> com.marcnuri.isotope.api.folder.FolderResource.createChildFolder(java.lang.String,java.lang.String)
17:43:14.793 [Test worker] INFO org.springframework.web.servlet.mvc.method.annotation.RequestMappingHandlerMapping - Mapped "{[/v1/folders/{fromFolderId}/messages/{messageId}/folder/{toFolderId}],methods=[PUT]}" onto public org.springframework.http.ResponseEntity<java.util.List<com.marcnuri.isotope.api.message.MessageWithFolder>> com.marcnuri.isotope.api.folder.FolderResource.moveMessage(java.lang.String,java.lang.Long,java.lang.String)
17:43:14.794 [Test worker] INFO org.springframework.web.servlet.mvc.method.annotation.RequestMappingHandlerMapping - Mapped "{[/v1/folders/{fromFolderId}/messages/folder/{toFolderId}],methods=[PUT]}" onto public org.springframework.http.ResponseEntity<java.util.List<com.marcnuri.isotope.api.message.MessageWithFolder>> com.marcnuri.isotope.api.folder.FolderResource.moveMessages(java.lang.String,java.lang.String,java.util.List<java.lang.Long>)
17:43:14.794 [Test worker] INFO org.springframework.web.servlet.mvc.method.annotation.RequestMappingHandlerMapping - Mapped "{[/v1/folders/{folderId}/messages/{messageId}/seen],methods=[PUT]}" onto public org.springframework.http.ResponseEntity<java.lang.Void> com.marcnuri.isotope.api.folder.FolderResource.setMessageSeen(java.lang.String,java.lang.Long,boolean)
17:43:14.794 [Test worker] INFO org.springframework.web.servlet.mvc.method.annotation.RequestMappingHandlerMapping - Mapped "{[/v1/folders/{folderId}/messages/seen/{seen}],methods=[PUT]}" onto public org.springframework.http.ResponseEntity<java.lang.Void> com.marcnuri.isotope.api.folder.FolderResource.setMessagesSeen(java.lang.String,java.lang.Boolean,java.util.List<java.lang.Long>)
17:43:14.794 [Test worker] INFO org.springframework.web.servlet.mvc.method.annotation.RequestMappingHandlerMapping - Mapped "{[/v1/folders/{folderId}/messages/{messageId}/attachments/{id}],methods=[GET]}" onto public org.springframework.http.ResponseEntity<java.lang.Void> com.marcnuri.isotope.api.folder.FolderResource.getAttachment(java.lang.String,java.lang.Long,java.lang.String,java.lang.Boolean,javax.servlet.http.HttpServletResponse)
17:43:14.794 [Test worker] INFO org.springframework.web.servlet.mvc.method.annotation.RequestMappingHandlerMapping - Mapped "{[/v1/folders/{folderId}],methods=[DELETE],produces=[application/hal+json]}" onto public org.springframework.http.ResponseEntity<com.marcnuri.isotope.api.folder.Folder> com.marcnuri.isotope.api.folder.FolderResource.deleteFolder(java.lang.String)
17:43:14.795 [Test worker] INFO org.springframework.web.servlet.mvc.method.annotation.RequestMappingHandlerMapping - Mapped "{[/v1/folders/{folderId}/name],methods=[PUT],produces=[application/hal+json]}" onto public org.springframework.http.ResponseEntity<com.marcnuri.isotope.api.folder.Folder> com.marcnuri.isotope.api.folder.FolderResource.renameFolder(java.lang.String,java.lang.String)
17:43:14.795 [Test worker] INFO org.springframework.web.servlet.mvc.method.annotation.RequestMappingHandlerMapping - Mapped "{[/v1/folders/{folderId}/parent],methods=[PUT],produces=[application/hal+json]}" onto public org.springframework.http.ResponseEntity<com.marcnuri.isotope.api.folder.Folder> com.marcnuri.isotope.api.folder.FolderResource.moveFolder(java.lang.String,java.lang.String)
17:43:14.795 [Test worker] INFO org.springframework.web.servlet.mvc.method.annotation.RequestMappingHandlerMapping - Mapped "{[/v1/folders],methods=[POST],produces=[application/hal+json]}" onto public org.springframework.http.ResponseEntity<java.util.List<com.marcnuri.isotope.api.folder.Folder>> com.marcnuri.isotope.api.folder.FolderResource.createRootFolder(java.lang.String)
17:43:14.795 [Test worker] INFO org.springframework.web.servlet.mvc.method.annotation.RequestMappingHandlerMapping - Mapped "{[/v1/folders/{folderId}/messages],methods=[GET]}" onto public org.springframework.http.ResponseEntity<java.util.List<com.marcnuri.isotope.api.message.Message>> com.marcnuri.isotope.api.folder.FolderResource.preloadMessages(java.lang.String,java.util.List<java.lang.Long>)
17:43:14.795 [Test worker] INFO org.springframework.web.servlet.mvc.method.annotation.RequestMappingHandlerMapping - Mapped "{[/v1/folders/{folderId}/messages],methods=[DELETE],params=[id]}" onto public org.springframework.http.ResponseEntity<com.marcnuri.isotope.api.folder.Folder> com.marcnuri.isotope.api.folder.FolderResource.deleteMessages(java.lang.String,java.util.List<java.lang.Long>)
17:43:14.795 [Test worker] INFO org.springframework.web.servlet.mvc.method.annotation.RequestMappingHandlerMapping - Mapped "{[/v1/folders/{folderId}/messages],methods=[GET],produces=[text/event-stream]}" onto public reactor.core.publisher.Flux<org.springframework.http.codec.ServerSentEvent<java.util.List<com.marcnuri.isotope.api.message.Message>>> com.marcnuri.isotope.api.folder.FolderResource.getMessages(java.lang.String,javax.servlet.http.HttpServletResponse)
17:43:14.800 [Test worker] DEBUG org.hibernate.validator.internal.engine.resolver.TraversableResolvers - Cannot find javax.persistence.Persistence on classpath. Assuming non JPA 2 environment. All properties will per default be traversable.
17:43:14.800 [Test worker] DEBUG org.hibernate.validator.messageinterpolation.ResourceBundleMessageInterpolator - Loaded expression factory via original TCCL
17:43:14.800 [Test worker] DEBUG org.hibernate.validator.internal.engine.ConfigurationImpl - Setting custom MessageInterpolator of type org.springframework.validation.beanvalidation.LocaleContextMessageInterpolator
17:43:14.800 [Test worker] DEBUG org.hibernate.validator.internal.engine.ConfigurationImpl - Setting custom ParameterNameProvider of type org.springframework.validation.beanvalidation.LocalValidatorFactoryBean$1
17:43:14.800 [Test worker] DEBUG org.hibernate.validator.internal.xml.config.ValidationXmlParser - Trying to load META-INF/validation.xml for XML based Validator configuration.
17:43:14.800 [Test worker] DEBUG org.hibernate.validator.internal.xml.config.ResourceLoaderHelper - Trying to load META-INF/validation.xml via TCCL
17:43:14.801 [Test worker] DEBUG org.hibernate.validator.internal.xml.config.ResourceLoaderHelper - Trying to load META-INF/validation.xml via Hibernate Validator's class loader
17:43:14.801 [Test worker] DEBUG org.hibernate.validator.internal.xml.config.ValidationXmlParser - No META-INF/validation.xml found. Using annotation based configuration only.
17:43:14.806 [Test worker] DEBUG org.hibernate.validator.internal.engine.ValidatorFactoryImpl - HV000234: Using org.springframework.validation.beanvalidation.LocaleContextMessageInterpolator as ValidatorFactory-scoped message interpolator.
17:43:14.807 [Test worker] DEBUG org.hibernate.validator.internal.engine.ValidatorFactoryImpl - HV000234: Using org.hibernate.validator.internal.engine.resolver.TraverseAllTraversableResolver as ValidatorFactory-scoped traversable resolver.
17:43:14.807 [Test worker] DEBUG org.hibernate.validator.internal.engine.ValidatorFactoryImpl - HV000234: Using org.hibernate.validator.internal.util.ExecutableParameterNameProvider as ValidatorFactory-scoped parameter name provider.
17:43:14.807 [Test worker] DEBUG org.hibernate.validator.internal.engine.ValidatorFactoryImpl - HV000234: Using org.hibernate.validator.internal.engine.DefaultClockProvider as ValidatorFactory-scoped clock provider.
17:43:14.807 [Test worker] DEBUG org.hibernate.validator.internal.engine.ValidatorFactoryImpl - HV000234: Using org.hibernate.validator.internal.engine.scripting.DefaultScriptEvaluatorFactory as ValidatorFactory-scoped script evaluator factory.
17:43:14.808 [Test worker] INFO org.springframework.web.servlet.mvc.method.annotation.RequestMappingHandlerAdapter - Looking for @ControllerAdvice: org.springframework.test.web.servlet.setup.StubWebApplicationContext@3a2abfcb
17:43:14.810 [Test worker] DEBUG org.springframework.web.servlet.mvc.method.annotation.ExceptionHandlerExceptionResolver - Looking for exception mappings: org.springframework.test.web.servlet.setup.StubWebApplicationContext@3a2abfcb
17:43:14.810 [Test worker] DEBUG org.springframework.test.web.servlet.TestDispatcherServlet - Initializing servlet ''
17:43:14.811 [Test worker] INFO org.springframework.mock.web.MockServletContext - Initializing Spring FrameworkServlet ''
17:43:14.811 [Test worker] INFO org.springframework.test.web.servlet.TestDispatcherServlet - FrameworkServlet '': initialization started
17:43:14.811 [Test worker] DEBUG org.springframework.test.web.servlet.TestDispatcherServlet - Unable to locate MultipartResolver with name 'multipartResolver': no multipart request handling provided
17:43:14.811 [Test worker] DEBUG org.springframework.test.web.servlet.TestDispatcherServlet - Using LocaleResolver [org.springframework.web.servlet.i18n.AcceptHeaderLocaleResolver@e89650b]
17:43:14.811 [Test worker] DEBUG org.springframework.test.web.servlet.TestDispatcherServlet - Using ThemeResolver [org.springframework.web.servlet.theme.FixedThemeResolver@50eb18ab]
17:43:14.811 [Test worker] DEBUG org.springframework.test.web.servlet.TestDispatcherServlet - Using RequestToViewNameTranslator [org.springframework.web.servlet.view.DefaultRequestToViewNameTranslator@600917f7]
17:43:14.811 [Test worker] DEBUG org.springframework.test.web.servlet.TestDispatcherServlet - Using FlashMapManager [org.springframework.web.servlet.support.SessionFlashMapManager@677ed789]
17:43:14.811 [Test worker] DEBUG org.springframework.test.web.servlet.TestDispatcherServlet - Published WebApplicationContext of servlet '' as ServletContext attribute with name [org.springframework.web.servlet.FrameworkServlet.CONTEXT.]
17:43:14.811 [Test worker] INFO org.springframework.test.web.servlet.TestDispatcherServlet - FrameworkServlet '': initialization completed in 0 ms
17:43:14.811 [Test worker] DEBUG org.springframework.test.web.servlet.TestDispatcherServlet - Servlet '' configured successfully
17:43:14.818 [Test worker] DEBUG org.springframework.test.web.servlet.TestDispatcherServlet - DispatcherServlet with name '' processing GET request for [/v1/folders/MTMzNw==/messages]
17:43:14.818 [Test worker] DEBUG org.springframework.web.servlet.mvc.method.annotation.RequestMappingHandlerMapping - Looking up handler method for path /v1/folders/MTMzNw==/messages
17:43:14.820 [Test worker] DEBUG org.springframework.web.servlet.mvc.method.annotation.RequestMappingHandlerMapping - Returning handler method [public reactor.core.publisher.Flux<org.springframework.http.codec.ServerSentEvent<java.util.List<com.marcnuri.isotope.api.message.Message>>> com.marcnuri.isotope.api.folder.FolderResource.getMessages(java.lang.String,javax.servlet.http.HttpServletResponse)]
17:43:14.820 [Test worker] DEBUG org.springframework.test.web.servlet.TestDispatcherServlet - Last-Modified value for [/v1/folders/MTMzNw==/messages] is: -1
17:43:14.821 [Test worker] DEBUG com.marcnuri.isotope.api.folder.FolderResource - Loading list of messages for folder MTMzNw== 
17:43:14.821 [Test worker] DEBUG org.springframework.beans.factory.support.DefaultListableBeanFactory - Returning cached instance of singleton bean 'prototypeImapService'
17:43:14.839 [Test worker] WARN org.springframework.web.servlet.mvc.method.annotation.ReactiveTypeHandler - 
!!!
Streaming through a reactive type requires an Executor to write to the response.
Please, configure a TaskExecutor in the MVC config under "async support".
The SimpleAsyncTaskExecutor currently in use is not suitable under load.
-------------------------------
Controller:	com.marcnuri.isotope.api.folder.FolderResource
Method:		getMessages
Returning:	reactor.core.publisher.Flux<org.springframework.http.codec.ServerSentEvent<java.util.List<com.marcnuri.isotope.api.message.Message>>>
!!!
17:43:14.855 [Test worker] DEBUG org.springframework.web.servlet.mvc.method.annotation.ReactiveTypeHandler - Subscribed to Publisher for SseEmitter@235f4746
17:43:14.867 [Test worker] DEBUG org.springframework.web.context.request.async.WebAsyncManager - Concurrent handling starting for GET [/v1/folders/MTMzNw==/messages]
17:43:14.875 [Test worker] DEBUG org.springframework.test.web.servlet.TestDispatcherServlet - Leaving response open for concurrent processing
17:43:14.875 [MvcAsync2] DEBUG org.springframework.web.servlet.mvc.method.annotation.ReactiveTypeHandler - Publishing completed for SseEmitter@235f4746
17:43:14.876 [MvcAsync2] DEBUG org.springframework.web.context.request.async.WebAsyncManager - Concurrent result value [null] - dispatching request to resume processing
17:43:14.877 [Test worker] DEBUG com.jayway.jsonpath.internal.path.CompiledPath - Evaluating path: $
17:43:14.880 [Test worker] DEBUG com.jayway.jsonpath.internal.path.CompiledPath - Evaluating path: $[0]['subject']
17:43:14.881 [Test worker] DEBUG com.jayway.jsonpath.internal.path.CompiledPath - Evaluating path: $
17:43:14.881 [Test worker] DEBUG com.jayway.jsonpath.internal.path.CompiledPath - Evaluating path: $[0]['subject']
17:43:14.881 [Test worker] DEBUG org.springframework.test.context.cache.DefaultCacheAwareContextLoaderDelegate - Retrieved ApplicationContext from cache with key [[MergedContextConfiguration@690d0075 testClass = FolderResourceTest, locations = '{}', classes = '{class com.marcnuri.isotope.api.folder.FolderResource}', contextInitializerClasses = '[]', activeProfiles = '{}', propertySourceLocations = '{}', propertySourceProperties = '{}', contextCustomizers = set[org.springframework.boot.test.autoconfigure.properties.PropertyMappingContextCustomizer@0, org.springframework.boot.test.autoconfigure.web.servlet.WebDriverContextCustomizerFactory$Customizer@42a343c1, org.springframework.boot.test.context.filter.ExcludeFilterContextCustomizer@3d8dc3, org.springframework.boot.test.json.DuplicateJsonObjectContextCustomizerFactory$DuplicateJsonObjectContextCustomizer@5f493529, org.springframework.boot.test.mock.mockito.MockitoContextCustomizer@8186d819], contextLoader = 'org.springframework.test.context.support.DelegatingSmartContextLoader', parent = [null]]]
17:43:14.882 [Test worker] DEBUG org.springframework.test.context.cache - Spring test ApplicationContext cache statistics: [DefaultContextCache@11fd1fb9 size = 2, maxSize = 32, parentContextCount = 0, hitCount = 50, missCount = 2]
17:43:14.882 [Test worker] DEBUG org.springframework.beans.factory.support.DefaultListableBeanFactory - Returning cached instance of singleton bean 'org.springframework.boot.test.mock.mockito.MockitoBeans'
17:43:14.882 [Test worker] DEBUG org.springframework.test.context.cache.DefaultCacheAwareContextLoaderDelegate - Retrieved ApplicationContext from cache with key [[MergedContextConfiguration@690d0075 testClass = FolderResourceTest, locations = '{}', classes = '{class com.marcnuri.isotope.api.folder.FolderResource}', contextInitializerClasses = '[]', activeProfiles = '{}', propertySourceLocations = '{}', propertySourceProperties = '{}', contextCustomizers = set[org.springframework.boot.test.autoconfigure.properties.PropertyMappingContextCustomizer@0, org.springframework.boot.test.autoconfigure.web.servlet.WebDriverContextCustomizerFactory$Customizer@42a343c1, org.springframework.boot.test.context.filter.ExcludeFilterContextCustomizer@3d8dc3, org.springframework.boot.test.json.DuplicateJsonObjectContextCustomizerFactory$DuplicateJsonObjectContextCustomizer@5f493529, org.springframework.boot.test.mock.mockito.MockitoContextCustomizer@8186d819], contextLoader = 'org.springframework.test.context.support.DelegatingSmartContextLoader', parent = [null]]]
17:43:14.882 [Test worker] DEBUG org.springframework.test.context.cache - Spring test ApplicationContext cache statistics: [DefaultContextCache@11fd1fb9 size = 2, maxSize = 32, parentContextCount = 0, hitCount = 51, missCount = 2]
17:43:14.882 [Test worker] DEBUG org.springframework.test.context.cache.DefaultCacheAwareContextLoaderDelegate - Retrieved ApplicationContext from cache with key [[MergedContextConfiguration@690d0075 testClass = FolderResourceTest, locations = '{}', classes = '{class com.marcnuri.isotope.api.folder.FolderResource}', contextInitializerClasses = '[]', activeProfiles = '{}', propertySourceLocations = '{}', propertySourceProperties = '{}', contextCustomizers = set[org.springframework.boot.test.autoconfigure.properties.PropertyMappingContextCustomizer@0, org.springframework.boot.test.autoconfigure.web.servlet.WebDriverContextCustomizerFactory$Customizer@42a343c1, org.springframework.boot.test.context.filter.ExcludeFilterContextCustomizer@3d8dc3, org.springframework.boot.test.json.DuplicateJsonObjectContextCustomizerFactory$DuplicateJsonObjectContextCustomizer@5f493529, org.springframework.boot.test.mock.mockito.MockitoContextCustomizer@8186d819], contextLoader = 'org.springframework.test.context.support.DelegatingSmartContextLoader', parent = [null]]]
17:43:14.882 [Test worker] DEBUG org.springframework.test.context.cache - Spring test ApplicationContext cache statistics: [DefaultContextCache@11fd1fb9 size = 2, maxSize = 32, parentContextCount = 0, hitCount = 52, missCount = 2]
17:43:14.883 [Test worker] DEBUG reactor.core.publisher.Hooks - Reset to factory defaults : onLastOperator
17:43:14.883 [Test worker] DEBUG org.springframework.test.context.support.AbstractDirtiesContextTestExecutionListener - After test method: context [DefaultTestContext@1abdc0de testClass = FolderResourceTest, testInstance = com.marcnuri.isotope.api.folder.FolderResourceTest@562f901d, testMethod = getMessages_validFolderId_shouldReturnOk@FolderResourceTest, testException = [null], mergedContextConfiguration = [MergedContextConfiguration@690d0075 testClass = FolderResourceTest, locations = '{}', classes = '{class com.marcnuri.isotope.api.folder.FolderResource}', contextInitializerClasses = '[]', activeProfiles = '{}', propertySourceLocations = '{}', propertySourceProperties = '{}', contextCustomizers = set[org.springframework.boot.test.autoconfigure.properties.PropertyMappingContextCustomizer@0, org.springframework.boot.test.autoconfigure.web.servlet.WebDriverContextCustomizerFactory$Customizer@42a343c1, org.springframework.boot.test.context.filter.ExcludeFilterContextCustomizer@3d8dc3, org.springframework.boot.test.json.DuplicateJsonObjectContextCustomizerFactory$DuplicateJsonObjectContextCustomizer@5f493529, org.springframework.boot.test.mock.mockito.MockitoContextCustomizer@8186d819], contextLoader = 'org.springframework.test.context.support.DelegatingSmartContextLoader', parent = [null]], attributes = map[[empty]]], class annotated with @DirtiesContext [false] with mode [null], method annotated with @DirtiesContext [false] with mode [null].
17:43:14.883 [Test worker] DEBUG org.springframework.test.annotation.ProfileValueUtils - Retrieved @ProfileValueSourceConfiguration [null] for test class [com.marcnuri.isotope.api.folder.FolderResourceTest]
17:43:14.883 [Test worker] DEBUG org.springframework.test.annotation.ProfileValueUtils - Retrieved ProfileValueSource type [class org.springframework.test.annotation.SystemProfileValueSource] for class [com.marcnuri.isotope.api.folder.FolderResourceTest]
17:43:14.883 [Test worker] DEBUG org.springframework.test.context.cache.DefaultCacheAwareContextLoaderDelegate - Retrieved ApplicationContext from cache with key [[MergedContextConfiguration@690d0075 testClass = FolderResourceTest, locations = '{}', classes = '{class com.marcnuri.isotope.api.folder.FolderResource}', contextInitializerClasses = '[]', activeProfiles = '{}', propertySourceLocations = '{}', propertySourceProperties = '{}', contextCustomizers = set[org.springframework.boot.test.autoconfigure.properties.PropertyMappingContextCustomizer@0, org.springframework.boot.test.autoconfigure.web.servlet.WebDriverContextCustomizerFactory$Customizer@42a343c1, org.springframework.boot.test.context.filter.ExcludeFilterContextCustomizer@3d8dc3, org.springframework.boot.test.json.DuplicateJsonObjectContextCustomizerFactory$DuplicateJsonObjectContextCustomizer@5f493529, org.springframework.boot.test.mock.mockito.MockitoContextCustomizer@8186d819], contextLoader = 'org.springframework.test.context.support.DelegatingSmartContextLoader', parent = [null]]]
17:43:14.883 [Test worker] DEBUG org.springframework.test.context.cache - Spring test ApplicationContext cache statistics: [DefaultContextCache@11fd1fb9 size = 2, maxSize = 32, parentContextCount = 0, hitCount = 53, missCount = 2]
17:43:14.883 [Test worker] DEBUG org.springframework.beans.factory.support.DefaultListableBeanFactory - Returning cached instance of singleton bean 'org.springframework.boot.test.mock.mockito.MockitoPostProcessor'
17:43:14.884 [Test worker] DEBUG org.springframework.beans.factory.support.DefaultListableBeanFactory - Returning cached instance of singleton bean 'prototypeImapService'
17:43:14.884 [Test worker] DEBUG org.springframework.test.context.support.DependencyInjectionTestExecutionListener - Performing dependency injection for test context [[DefaultTestContext@1abdc0de testClass = FolderResourceTest, testInstance = com.marcnuri.isotope.api.folder.FolderResourceTest@6f3e668c, testMethod = [null], testException = [null], mergedContextConfiguration = [MergedContextConfiguration@690d0075 testClass = FolderResourceTest, locations = '{}', classes = '{class com.marcnuri.isotope.api.folder.FolderResource}', contextInitializerClasses = '[]', activeProfiles = '{}', propertySourceLocations = '{}', propertySourceProperties = '{}', contextCustomizers = set[org.springframework.boot.test.autoconfigure.properties.PropertyMappingContextCustomizer@0, org.springframework.boot.test.autoconfigure.web.servlet.WebDriverContextCustomizerFactory$Customizer@42a343c1, org.springframework.boot.test.context.filter.ExcludeFilterContextCustomizer@3d8dc3, org.springframework.boot.test.json.DuplicateJsonObjectContextCustomizerFactory$DuplicateJsonObjectContextCustomizer@5f493529, org.springframework.boot.test.mock.mockito.MockitoContextCustomizer@8186d819], contextLoader = 'org.springframework.test.context.support.DelegatingSmartContextLoader', parent = [null]], attributes = map[[empty]]]].
17:43:14.884 [Test worker] DEBUG org.springframework.test.context.cache.DefaultCacheAwareContextLoaderDelegate - Retrieved ApplicationContext from cache with key [[MergedContextConfiguration@690d0075 testClass = FolderResourceTest, locations = '{}', classes = '{class com.marcnuri.isotope.api.folder.FolderResource}', contextInitializerClasses = '[]', activeProfiles = '{}', propertySourceLocations = '{}', propertySourceProperties = '{}', contextCustomizers = set[org.springframework.boot.test.autoconfigure.properties.PropertyMappingContextCustomizer@0, org.springframework.boot.test.autoconfigure.web.servlet.WebDriverContextCustomizerFactory$Customizer@42a343c1, org.springframework.boot.test.context.filter.ExcludeFilterContextCustomizer@3d8dc3, org.springframework.boot.test.json.DuplicateJsonObjectContextCustomizerFactory$DuplicateJsonObjectContextCustomizer@5f493529, org.springframework.boot.test.mock.mockito.MockitoContextCustomizer@8186d819], contextLoader = 'org.springframework.test.context.support.DelegatingSmartContextLoader', parent = [null]]]
17:43:14.884 [Test worker] DEBUG org.springframework.test.context.cache - Spring test ApplicationContext cache statistics: [DefaultContextCache@11fd1fb9 size = 2, maxSize = 32, parentContextCount = 0, hitCount = 54, missCount = 2]
17:43:14.884 [Test worker] DEBUG org.springframework.beans.factory.annotation.InjectionMetadata - Processing injected element of bean 'com.marcnuri.isotope.api.folder.FolderResourceTest': AutowiredFieldElement for private com.marcnuri.isotope.api.folder.FolderResource com.marcnuri.isotope.api.folder.FolderResourceTest.folderResource
17:43:14.884 [Test worker] DEBUG org.springframework.beans.factory.support.DefaultListableBeanFactory - Returning cached instance of singleton bean 'folderResource'
17:43:14.885 [Test worker] DEBUG org.springframework.test.context.support.AbstractDirtiesContextTestExecutionListener - Before test method: context [DefaultTestContext@1abdc0de testClass = FolderResourceTest, testInstance = com.marcnuri.isotope.api.folder.FolderResourceTest@6f3e668c, testMethod = setMessageSeen_validFolderAndMessage_shouldReturnNoContent@FolderResourceTest, testException = [null], mergedContextConfiguration = [MergedContextConfiguration@690d0075 testClass = FolderResourceTest, locations = '{}', classes = '{class com.marcnuri.isotope.api.folder.FolderResource}', contextInitializerClasses = '[]', activeProfiles = '{}', propertySourceLocations = '{}', propertySourceProperties = '{}', contextCustomizers = set[org.springframework.boot.test.autoconfigure.properties.PropertyMappingContextCustomizer@0, org.springframework.boot.test.autoconfigure.web.servlet.WebDriverContextCustomizerFactory$Customizer@42a343c1, org.springframework.boot.test.context.filter.ExcludeFilterContextCustomizer@3d8dc3, org.springframework.boot.test.json.DuplicateJsonObjectContextCustomizerFactory$DuplicateJsonObjectContextCustomizer@5f493529, org.springframework.boot.test.mock.mockito.MockitoContextCustomizer@8186d819], contextLoader = 'org.springframework.test.context.support.DelegatingSmartContextLoader', parent = [null]], attributes = map[[empty]]], class annotated with @DirtiesContext [false] with mode [null], method annotated with @DirtiesContext [false] with mode [null].
17:43:14.885 [Test worker] DEBUG reactor.core.publisher.Hooks - Hooking onLastOperator: reactor.core.publisher.Operators$LiftFunction@68a4bd78
17:43:14.885 [Test worker] DEBUG org.springframework.test.context.cache.DefaultCacheAwareContextLoaderDelegate - Retrieved ApplicationContext from cache with key [[MergedContextConfiguration@690d0075 testClass = FolderResourceTest, locations = '{}', classes = '{class com.marcnuri.isotope.api.folder.FolderResource}', contextInitializerClasses = '[]', activeProfiles = '{}', propertySourceLocations = '{}', propertySourceProperties = '{}', contextCustomizers = set[org.springframework.boot.test.autoconfigure.properties.PropertyMappingContextCustomizer@0, org.springframework.boot.test.autoconfigure.web.servlet.WebDriverContextCustomizerFactory$Customizer@42a343c1, org.springframework.boot.test.context.filter.ExcludeFilterContextCustomizer@3d8dc3, org.springframework.boot.test.json.DuplicateJsonObjectContextCustomizerFactory$DuplicateJsonObjectContextCustomizer@5f493529, org.springframework.boot.test.mock.mockito.MockitoContextCustomizer@8186d819], contextLoader = 'org.springframework.test.context.support.DelegatingSmartContextLoader', parent = [null]]]
17:43:14.886 [Test worker] DEBUG org.springframework.test.context.cache - Spring test ApplicationContext cache statistics: [DefaultContextCache@11fd1fb9 size = 2, maxSize = 32, parentContextCount = 0, hitCount = 55, missCount = 2]
17:43:14.886 [Test worker] DEBUG org.springframework.beans.factory.support.DefaultListableBeanFactory - Returning cached instance of singleton bean 'org.springframework.boot.test.mock.mockito.MockitoBeans'
17:43:14.886 [Test worker] DEBUG org.springframework.core.env.StandardEnvironment - Adding PropertySource 'systemProperties' with lowest search precedence
17:43:14.886 [Test worker] DEBUG org.springframework.core.env.StandardEnvironment - Adding PropertySource 'systemEnvironment' with lowest search precedence
17:43:14.886 [Test worker] DEBUG org.springframework.core.env.StandardEnvironment - Initialized StandardEnvironment with PropertySources [MapPropertySource@1989847686 {name='systemProperties', properties={java.runtime.name=OpenJDK Runtime Environment, sun.boot.library.path=C:\Program Files\AdoptOpenJDK\jdk-8.0.242.08-hotspot\jre\bin, java.vm.version=25.242-b08, java.vm.vendor=, java.vendor.url=http://java.oracle.com/, path.separator=;, java.vm.name=OpenJDK 64-Bit Server VM, file.encoding.pkg=sun.io, user.script=, sun.java.launcher=SUN_STANDARD, user.country=GB, sun.os.patch.level=, java.vm.specification.name=Java Virtual Machine Specification, user.dir=C:\azure-devops\git\eShopOnContainers\src\Web\WebImapClient\Client\server, java.runtime.version=1.8.0_242-b08, java.awt.graphicsenv=sun.awt.Win32GraphicsEnvironment, java.endorsed.dirs=C:\Program Files\AdoptOpenJDK\jdk-8.0.242.08-hotspot\jre\lib\endorsed, os.arch=amd64, java.io.tmpdir=C:\Users\jorge\AppData\Local\Temp\, line.separator=
, java.vm.specification.vendor=Oracle Corporation, user.variant=, os.name=Windows 10, sun.jnu.encoding=Cp1252, java.library.path=C:\Program Files\AdoptOpenJDK\jdk-8.0.242.08-hotspot\bin;C:\Windows\Sun\Java\bin;C:\Windows\system32;C:\Windows;C:\Program Files\AdoptOpenJDK\jdk-8.0.242.08-hotspot\bin;C:\Program Files (x86)\Common Files\Oracle\Java\javapath;C:\Python27\;C:\Python27\Scripts;C:\ProgramData\DockerDesktop\version-bin;C:\Program Files\Docker\Docker\Resources\bin;C:\Windows\system32;C:\Windows;C:\Windows\System32\Wbem;C:\Windows\System32\WindowsPowerShell\v1.0\;C:\Windows\System32\OpenSSH\;C:\Program Files (x86)\NVIDIA Corporation\PhysX\Common;C:\Program Files\dotnet\;C:\Program Files\Microsoft SQL Server\130\Tools\Binn\;C:\Program Files\Microsoft SQL Server\Client SDK\ODBC\170\Tools\Binn\;C:\Program Files (x86)\Microsoft SQL Server\150\DTS\Binn\;C:\Program Files\Git\cmd;C:\Program Files (x86)\Microsoft ASP.NET\ASP.NET Web Pages\v1.0\;C:\Program Files\Microsoft SQL Server\110\Tools\Binn\;C:\Users\jorge\.dnx\bin;C:\Program Files\Microsoft DNX\Dnvm\;C:\Program Files\nodejs\;C:\ProgramData\chocolatey\bin;C:\Program Files\Microsoft\Web Platform Installer\;C:\Users\jorge\AppData\Local\Microsoft\WindowsApps;C:\Users\jorge\AppData\Local\Programs\Microsoft VS Code\bin;C:\Users\jorge\.dotnet\tools;C:\Users\jorge\AppData\Roaming\npm;C:\Users\jorge\AppData\Local\GitHubDesktop\bin;., java.specification.name=Java Platform API Specification, java.class.version=52.0, org.gradle.native=false, sun.management.compiler=HotSpot 64-Bit Tiered Compilers, os.version=10.0, user.home=C:\Users\jorge, user.timezone=Europe/Paris, java.awt.printerjob=sun.awt.windows.WPrinterJob, file.encoding=windows-1252, java.specification.version=1.8, java.class.path=C:\azure-devops\git\eShopOnContainers\src\Web\WebImapClient\Client\server\build\classes\java\test;C:\azure-devops\git\eShopOnContainers\src\Web\WebImapClient\Client\server\build\resources\test;C:\azure-devops\git\eShopOnContainers\src\Web\WebImapClient\Client\server\build\classes\java\main;C:\azure-devops\git\eShopOnContainers\src\Web\WebImapClient\Client\server\build\resources\main;C:\Users\jorge\.gradle\caches\modules-2\files-2.1\org.springframework.boot\spring-boot-starter-actuator\2.0.4.RELEASE\24e901473279d9c18e0a0f8037d58b18c8297dca\spring-boot-starter-actuator-2.0.4.RELEASE.jar;C:\Users\jorge\.gradle\caches\modules-2\files-2.1\org.springframework.boot\spring-boot-starter-security\2.0.4.RELEASE\2ac314e5985fd9ae0d2acaea450f4f6c3dbd7f92\spring-boot-starter-security-2.0.4.RELEASE.jar;C:\Users\jorge\.gradle\caches\modules-2\files-2.1\org.springframework.boot\spring-boot-starter-webflux\2.0.4.RELEASE\a52fcd02fb6129e14f2b4b36acc5748368563c93\spring-boot-starter-webflux-2.0.4.RELEASE.jar;C:\Users\jorge\.gradle\caches\modules-2\files-2.1\org.springframework.boot\spring-boot-starter-test\2.0.4.RELEASE\8f473705d2742b669f0318f10a956f94a93ba3d2\spring-boot-starter-test-2.0.4.RELEASE.jar;C:\Users\jorge\.gradle\caches\modules-2\files-2.1\org.springframework.boot\spring-boot-starter-hateoas\2.0.4.RELEASE\2f115bebeffea81859c6d874457fa8db16b10747\spring-boot-starter-hateoas-2.0.4.RELEASE.jar;C:\Users\jorge\.gradle\caches\modules-2\files-2.1\org.springframework.boot\spring-boot-starter-web\2.0.4.RELEASE\98d49e981ecf804da877d84259b7b0d1ec2fb6f6\spring-boot-starter-web-2.0.4.RELEASE.jar;C:\Users\jorge\.gradle\caches\modules-2\files-2.1\org.springframework.boot\spring-boot-starter-json\2.0.4.RELEASE\c7afabf0d7c85db178da4ce0634e3bd2ddb0eb71\spring-boot-starter-json-2.0.4.RELEASE.jar;C:\Users\jorge\.gradle\caches\modules-2\files-2.1\org.springframework.boot\spring-boot-starter\2.0.4.RELEASE\ec46c63a2adeee40058eff1a6baefca13975dc94\spring-boot-starter-2.0.4.RELEASE.jar;C:\Users\jorge\.gradle\caches\modules-2\files-2.1\com.sun.mail\javax.mail\1.6.1\757ba4630692bb2a1ec2d9d57a616b63f15e947e\javax.mail-1.6.1.jar;C:\Users\jorge\.gradle\caches\modules-2\files-2.1\org.springframework.boot\spring-boot-actuator-autoconfigure\2.0.4.RELEASE\2cadc1d20a1f9ee667a608cfee154138e954f5f2\spring-boot-actuator-autoconfigure-2.0.4.RELEASE.jar;C:\Users\jorge\.gradle\caches\modules-2\files-2.1\com.fasterxml.jackson.datatype\jackson-datatype-jsr310\2.9.6\ea54f6193d224e5e5732bbd4262327eb465397c2\jackson-datatype-jsr310-2.9.6.jar;C:\Users\jorge\.gradle\caches\modules-2\files-2.1\commons-io\commons-io\2.6\815893df5f31da2ece4040fe0a12fd44b577afaf\commons-io-2.6.jar;C:\Users\jorge\.gradle\caches\modules-2\files-2.1\org.springframework.security\spring-security-test\5.0.7.RELEASE\a74c9ab10d53baa3bb7a731753fe0c6d9ab9d848\spring-security-test-5.0.7.RELEASE.jar;C:\Users\jorge\.gradle\caches\modules-2\files-2.1\com.marcnuri\spring-common-test\0.0.2\da9c2c5e849c7dcbbe99d190bedffa5e6fe450a5\spring-common-test-0.0.2.jar;C:\Users\jorge\.gradle\caches\modules-2\files-2.1\org.hamcrest\java-hamcrest\2.0.0.0\f1c8853ade0ecf707f5a261c830e98893983813\java-hamcrest-2.0.0.0.jar;C:\Users\jorge\.gradle\caches\modules-2\files-2.1\org.powermock\powermock-module-junit4\2.0.0-RC.3\b9a04b492e2b93e93617ba457f76aebbf00fc221\powermock-module-junit4-2.0.0-RC.3.jar;C:\Users\jorge\.gradle\caches\modules-2\files-2.1\org.powermock\powermock-api-mockito2\2.0.0-RC.3\f85a8404be063ef15c5fdd3745b11d2fba875fcd\powermock-api-mockito2-2.0.0-RC.3.jar;C:\Users\jorge\.gradle\caches\modules-2\files-2.1\org.springframework.boot\spring-boot-test-autoconfigure\2.0.4.RELEASE\8a2e3f31e607fdb08deda2f59263ce177f1c4310\spring-boot-test-autoconfigure-2.0.4.RELEASE.jar;C:\Users\jorge\.gradle\caches\modules-2\files-2.1\org.springframework.boot\spring-boot-test\2.0.4.RELEASE\8a17fc3cf16b6d75f2ba132ade04409a670095de\spring-boot-test-2.0.4.RELEASE.jar;C:\Users\jorge\.gradle\caches\modules-2\files-2.1\org.springframework.boot\spring-boot-autoconfigure\2.0.4.RELEASE\65cd1244d606acc02ab7bfc47a203a3fe2400dda\spring-boot-autoconfigure-2.0.4.RELEASE.jar;C:\Users\jorge\.gradle\caches\modules-2\files-2.1\org.springframework.boot\spring-boot-actuator\2.0.4.RELEASE\9c02c968eb50a7cdc14fc4c7b586d767df6dc48d\spring-boot-actuator-2.0.4.RELEASE.jar;C:\Users\jorge\.gradle\caches\modules-2\files-2.1\org.springframework.boot\spring-boot\2.0.4.RELEASE\c8619c5b06d4dcdb4cac1e5e9c839e6e8b1c8574\spring-boot-2.0.4.RELEASE.jar;C:\Users\jorge\.gradle\caches\modules-2\files-2.1\org.springframework.boot\spring-boot-starter-logging\2.0.4.RELEASE\dcd1a2c431c970f44adae64d9145133979a513ab\spring-boot-starter-logging-2.0.4.RELEASE.jar;C:\Users\jorge\.gradle\caches\modules-2\files-2.1\org.springframework.boot\spring-boot-starter-tomcat\2.0.4.RELEASE\dcf28989a34b0801fea0e810c371fb9dab1e7784\spring-boot-starter-tomcat-2.0.4.RELEASE.jar;C:\Users\jorge\.gradle\caches\modules-2\files-2.1\javax.annotation\javax.annotation-api\1.3.2\934c04d3cfef185a8008e7bf34331b79730a9d43\javax.annotation-api-1.3.2.jar;C:\Users\jorge\.gradle\caches\modules-2\files-2.1\org.springframework.security\spring-security-config\5.0.7.RELEASE\d702e01048687db4ec6c97fb32d28ffbe348b3e\spring-security-config-5.0.7.RELEASE.jar;C:\Users\jorge\.gradle\caches\modules-2\files-2.1\org.springframework.security\spring-security-web\5.0.7.RELEASE\bab3ed579d4550bb5cc40b0a7fddd0106db7c66\spring-security-web-5.0.7.RELEASE.jar;C:\Users\jorge\.gradle\caches\modules-2\files-2.1\org.springframework.hateoas\spring-hateoas\0.25.0.RELEASE\22d1abd575426709734ab83e7d81d6deb4addbf6\spring-hateoas-0.25.0.RELEASE.jar;C:\Users\jorge\.gradle\caches\modules-2\files-2.1\org.springframework\spring-webflux\5.0.8.RELEASE\d16ce1cf6f95771e821619d6ef13c1f0333fafb\spring-webflux-5.0.8.RELEASE.jar;C:\Users\jorge\.gradle\caches\modules-2\files-2.1\org.springframework\spring-webmvc\5.0.8.RELEASE\7e5fe57590ca8e4468e50fe1d92b0b67aa4a327a\spring-webmvc-5.0.8.RELEASE.jar;C:\Users\jorge\.gradle\caches\modules-2\files-2.1\org.springframework\spring-web\5.0.8.RELEASE\fa43cdadb4ab2491fd1d0ddb06c0808e4b60fc85\spring-web-5.0.8.RELEASE.jar;C:\Users\jorge\.gradle\caches\modules-2\files-2.1\org.springframework\spring-test\5.0.8.RELEASE\5782619373bd7e7b7d9106203c317b04bb613ebb\spring-test-5.0.8.RELEASE.jar;C:\Users\jorge\.gradle\caches\modules-2\files-2.1\org.springframework.security\spring-security-core\5.0.7.RELEASE\40a0c57af6b4c3f8c611216d2579c6ab19672694\spring-security-core-5.0.7.RELEASE.jar;C:\Users\jorge\.gradle\caches\modules-2\files-2.1\org.springframework.plugin\spring-plugin-core\1.2.0.RELEASE\f380e7760032e7d929184f8ad8a33716b75c0657\spring-plugin-core-1.2.0.RELEASE.jar;C:\Users\jorge\.gradle\caches\modules-2\files-2.1\org.springframework\spring-context\5.0.8.RELEASE\3a067d8990761111c9b6d1d895640be26cc1fb38\spring-context-5.0.8.RELEASE.jar;C:\Users\jorge\.gradle\caches\modules-2\files-2.1\org.springframework\spring-aop\5.0.8.RELEASE\f5086c1a3185c481104511837427b39a07a57aa2\spring-aop-5.0.8.RELEASE.jar;C:\Users\jorge\.gradle\caches\modules-2\files-2.1\org.springframework\spring-beans\5.0.8.RELEASE\5fc965d3e7f5515099244857a8ae9e2a208c169b\spring-beans-5.0.8.RELEASE.jar;C:\Users\jorge\.gradle\caches\modules-2\files-2.1\org.springframework\spring-expression\5.0.8.RELEASE\f23158f22c917df2cddf2ecebc398a9e95f95fae\spring-expression-5.0.8.RELEASE.jar;C:\Users\jorge\.gradle\caches\modules-2\files-2.1\org.springframework\spring-core\5.0.8.RELEASE\dc39c49e3246cdf73d3786ac41119140aed3fa08\spring-core-5.0.8.RELEASE.jar;C:\Users\jorge\.gradle\caches\modules-2\files-2.1\org.yaml\snakeyaml\1.19\2d998d3d674b172a588e54ab619854d073f555b5\snakeyaml-1.19.jar;C:\Users\jorge\.gradle\caches\modules-2\files-2.1\io.micrometer\micrometer-core\1.0.6\50299bc8a34c251d62311bbb1a297f3942a82e42\micrometer-core-1.0.6.jar;C:\Users\jorge\.gradle\caches\modules-2\files-2.1\org.springframework.boot\spring-boot-starter-reactor-netty\2.0.4.RELEASE\ed4ac88f7fc699a9cbb6ee804a26e2e30239ca35\spring-boot-starter-reactor-netty-2.0.4.RELEASE.jar;C:\Users\jorge\.gradle\caches\modules-2\files-2.1\org.hibernate.validator\hibernate-validator\6.0.11.Final\36f9d10a11e4768f55e8fb91ebe4338a5c43954e\hibernate-validator-6.0.11.Final.jar;C:\Users\jorge\.gradle\caches\modules-2\files-2.1\org.synchronoss.cloud\nio-multipart-parser\1.1.0\c6c417fec6612584b1c34d4dd98c5a4e47e8c754\nio-multipart-parser-1.1.0.jar;C:\Users\jorge\.gradle\caches\modules-2\files-2.1\javax.activation\activation\1.1\e6cb541461c2834bdea3eb920f1884d1eb508b50\activation-1.1.jar;C:\Users\jorge\.gradle\caches\modules-2\files-2.1\com.fasterxml.jackson.datatype\jackson-datatype-jdk8\2.9.6\456895fc91bf7180b216fead220373e6278230c9\jackson-datatype-jdk8-2.9.6.jar;C:\Users\jorge\.gradle\caches\modules-2\files-2.1\com.fasterxml.jackson.module\jackson-module-parameter-names\2.9.6\129acd77a4b6ee30d62d3a0899b1344c8ec2bff8\jackson-module-parameter-names-2.9.6.jar;C:\Users\jorge\.gradle\caches\modules-2\files-2.1\com.fasterxml.jackson.core\jackson-databind\2.9.6\cfa4f316351a91bfd95cb0644c6a2c95f52db1fc\jackson-databind-2.9.6.jar;C:\Users\jorge\.gradle\caches\modules-2\files-2.1\com.fasterxml.jackson.core\jackson-annotations\2.9.0\7c10d545325e3a6e72e06381afe469fd40eb701\jackson-annotations-2.9.0.jar;C:\Users\jorge\.gradle\caches\modules-2\files-2.1\com.fasterxml.jackson.core\jackson-core\2.9.6\4e393793c37c77e042ccc7be5a914ae39251b365\jackson-core-2.9.6.jar;C:\Users\jorge\.gradle\caches\modules-2\files-2.1\com.jayway.jsonpath\json-path\2.4.0\765a4401ceb2dc8d40553c2075eb80a8fa35c2ae\json-path-2.4.0.jar;C:\Users\jorge\.gradle\caches\modules-2\files-2.1\org.powermock\powermock-module-junit4-common\2.0.0-RC.3\f09137abdf1aeea2df214037eab50ed864602c9a\powermock-module-junit4-common-2.0.0-RC.3.jar;C:\Users\jorge\.gradle\caches\modules-2\files-2.1\junit\junit\4.12\2973d150c0dc1fefe998f834810d68f278ea58ec\junit-4.12.jar;C:\Users\jorge\.gradle\caches\modules-2\files-2.1\org.assertj\assertj-core\3.9.1\c5ce126b15f28d56cd8f960c1a6a058b9c9aea87\assertj-core-3.9.1.jar;C:\Users\jorge\.gradle\caches\modules-2\files-2.1\org.mockito\mockito-core\2.15.0\b84bfbbc29cd22c9529409627af6ea2897f4fa85\mockito-core-2.15.0.jar;C:\Users\jorge\.gradle\caches\modules-2\files-2.1\org.hamcrest\hamcrest-library\1.3\4785a3c21320980282f9f33d0d1264a69040538f\hamcrest-library-1.3.jar;C:\Users\jorge\.gradle\caches\modules-2\files-2.1\org.hamcrest\hamcrest-core\1.3\42a25dc3219429f0e5d060061f71acb49bf010a0\hamcrest-core-1.3.jar;C:\Users\jorge\.gradle\caches\modules-2\files-2.1\org.skyscreamer\jsonassert\1.5.0\6c9d5fe2f59da598d9aefc1cfc6528ff3cf32df3\jsonassert-1.5.0.jar;C:\Users\jorge\.gradle\caches\modules-2\files-2.1\org.xmlunit\xmlunit-core\2.5.1\4ffdb346572a7356f7521cd3119ce5287d2e339d\xmlunit-core-2.5.1.jar;C:\Users\jorge\.gradle\caches\modules-2\files-2.1\org.powermock\powermock-api-support\2.0.0-RC.3\a23d6bdbcf865513c9f6992134152be80504e499\powermock-api-support-2.0.0-RC.3.jar;C:\Users\jorge\.gradle\caches\modules-2\files-2.1\ch.qos.logback\logback-classic\1.2.3\7c4f3c474fb2c041d8028740440937705ebb473a\logback-classic-1.2.3.jar;C:\Users\jorge\.gradle\caches\modules-2\files-2.1\org.apache.logging.log4j\log4j-to-slf4j\2.10.0\f7e631ccf49cfc0aefa4a2a728da7d374c05bd3c\log4j-to-slf4j-2.10.0.jar;C:\Users\jorge\.gradle\caches\modules-2\files-2.1\org.slf4j\jul-to-slf4j\1.7.25\af5364cd6679bfffb114f0dec8a157aaa283b76\jul-to-slf4j-1.7.25.jar;C:\Users\jorge\.gradle\caches\modules-2\files-2.1\org.springframework\spring-jcl\5.0.8.RELEASE\a1fa8fb560fb252321776e16bc9ac8201af4ef5e\spring-jcl-5.0.8.RELEASE.jar;C:\Users\jorge\.gradle\caches\modules-2\files-2.1\org.hdrhistogram\HdrHistogram\2.1.10\9e1ac84eed220281841b75e72fb9de5a297fbf04\HdrHistogram-2.1.10.jar;C:\Users\jorge\.gradle\caches\modules-2\files-2.1\org.latencyutils\LatencyUtils\2.0.3\769c0b82cb2421c8256300e907298a9410a2a3d3\LatencyUtils-2.0.3.jar;C:\Users\jorge\.gradle\caches\modules-2\files-2.1\org.synchronoss.cloud\nio-stream-storage\1.1.3\986dba5f6e5eed20f0dba6ddc8e8a64a9ebdc2f3\nio-stream-storage-1.1.3.jar;C:\Users\jorge\.gradle\caches\modules-2\files-2.1\org.slf4j\slf4j-api\1.7.25\da76ca59f6a57ee3102f8f9bd9cee742973efa8a\slf4j-api-1.7.25.jar;C:\Users\jorge\.gradle\caches\modules-2\files-2.1\io.projectreactor.ipc\reactor-netty\0.7.8.RELEASE\fe25c7d3042b6005690f7d243cef987b696a12ee\reactor-netty-0.7.8.RELEASE.jar;C:\Users\jorge\.gradle\caches\modules-2\files-2.1\javax.validation\validation-api\2.0.1.Final\cb855558e6271b1b32e716d24cb85c7f583ce09e\validation-api-2.0.1.Final.jar;C:\Users\jorge\.gradle\caches\modules-2\files-2.1\org.jboss.logging\jboss-logging\3.3.2.Final\3789d00e859632e6c6206adc0c71625559e6e3b0\jboss-logging-3.3.2.Final.jar;C:\Users\jorge\.gradle\caches\modules-2\files-2.1\com.fasterxml\classmate\1.3.4\3d5f48f10bbe4eb7bd862f10c0583be2e0053c6\classmate-1.3.4.jar;C:\Users\jorge\.gradle\caches\modules-2\files-2.1\io.projectreactor\reactor-core\3.1.8.RELEASE\3bcc30f9161d3d17abe44b4aa20e397e5170566e\reactor-core-3.1.8.RELEASE.jar;C:\Users\jorge\.gradle\caches\modules-2\files-2.1\net.minidev\json-smart\2.3\7396407491352ce4fa30de92efb158adb76b5b\json-smart-2.3.jar;C:\Users\jorge\.gradle\caches\modules-2\files-2.1\org.powermock\powermock-core\2.0.0-RC.3\f958479ea1f0d1ba37cf65b6612fccfbaf4d8dd3\powermock-core-2.0.0-RC.3.jar;C:\Users\jorge\.gradle\caches\modules-2\files-2.1\org.powermock\powermock-reflect\2.0.0-RC.3\c10437486ae35b91666c2591fd7b1a8054b4573c\powermock-reflect-2.0.0-RC.3.jar;C:\Users\jorge\.gradle\caches\modules-2\files-2.1\net.bytebuddy\byte-buddy\1.7.11\f02857a4e2c66ccbe7aaad6100a0a6c461bce9b3\byte-buddy-1.7.11.jar;C:\Users\jorge\.gradle\caches\modules-2\files-2.1\net.bytebuddy\byte-buddy-agent\1.7.11\b425a8933ca07edd03c6dbc8bc3b595fba9780de\byte-buddy-agent-1.7.11.jar;C:\Users\jorge\.gradle\caches\modules-2\files-2.1\org.objenesis\objenesis\3.0.1\11cfac598df9dc48bb9ed9357ed04212694b7808\objenesis-3.0.1.jar;C:\Users\jorge\.gradle\caches\modules-2\files-2.1\com.vaadin.external.google\android-json\0.0.20131108.vaadin1\fa26d351fe62a6a17f5cda1287c1c6110dec413f\android-json-0.0.20131108.vaadin1.jar;C:\Users\jorge\.gradle\caches\modules-2\files-2.1\ch.qos.logback\logback-core\1.2.3\864344400c3d4d92dfeb0a305dc87d953677c03c\logback-core-1.2.3.jar;C:\Users\jorge\.gradle\caches\modules-2\files-2.1\org.apache.logging.log4j\log4j-api\2.10.0\fec5797a55b786184a537abd39c3fa1449d752d6\log4j-api-2.10.0.jar;C:\Users\jorge\.gradle\caches\modules-2\files-2.1\org.apache.tomcat.embed\tomcat-embed-websocket\8.5.32\ea5302e378f1449d4e5dda79e8d810c1e7931f91\tomcat-embed-websocket-8.5.32.jar;C:\Users\jorge\.gradle\caches\modules-2\files-2.1\org.apache.tomcat.embed\tomcat-embed-core\8.5.32\6bc6896200146010cc4666bdc6b9b0cbb453ee22\tomcat-embed-core-8.5.32.jar;C:\Users\jorge\.gradle\caches\modules-2\files-2.1\org.apache.tomcat.embed\tomcat-embed-el\8.5.32\e4fd0ee015d83fa1c5ec93ff1d05bdaf9a4480c5\tomcat-embed-el-8.5.32.jar;C:\Users\jorge\.gradle\caches\modules-2\files-2.1\io.netty\netty-handler-proxy\4.1.27.Final\1a822ce7760bc6eb4937b7e448c9e081fedcc807\netty-handler-proxy-4.1.27.Final.jar;C:\Users\jorge\.gradle\caches\modules-2\files-2.1\io.netty\netty-codec-http\4.1.27.Final\a1722d6bcbbef1c4c7877e8bf38b07a3db5ed07f\netty-codec-http-4.1.27.Final.jar;C:\Users\jorge\.gradle\caches\modules-2\files-2.1\io.netty\netty-handler\4.1.27.Final\21bd9cf565390a8d72579b8664303e3c175dfc6a\netty-handler-4.1.27.Final.jar;C:\Users\jorge\.gradle\caches\modules-2\files-2.1\io.netty\netty-transport-native-epoll\4.1.27.Final\8c3a61a7dd53eafe2f0fe31356f1379598f74517\netty-transport-native-epoll-4.1.27.Final-linux-x86_64.jar;C:\Users\jorge\.gradle\caches\modules-2\files-2.1\org.reactivestreams\reactive-streams\1.0.2\323964c36556eb0e6209f65c1cef72b53b461ab8\reactive-streams-1.0.2.jar;C:\Users\jorge\.gradle\caches\modules-2\files-2.1\net.minidev\accessors-smart\1.2\c592b500269bfde36096641b01238a8350f8aa31\accessors-smart-1.2.jar;C:\Users\jorge\.gradle\caches\modules-2\files-2.1\org.javassist\javassist\3.24.0-GA\d7466fc2e3af7c023e95c510f06448ad29b225b3\javassist-3.24.0-GA.jar;C:\Users\jorge\.gradle\caches\modules-2\files-2.1\io.netty\netty-codec-socks\4.1.27.Final\285b09af98764cf02e4b77b3d95af188469a7133\netty-codec-socks-4.1.27.Final.jar;C:\Users\jorge\.gradle\caches\modules-2\files-2.1\io.netty\netty-codec\4.1.27.Final\d2653d78ebaa650064768fb26b10051f5c8efb2c\netty-codec-4.1.27.Final.jar;C:\Users\jorge\.gradle\caches\modules-2\files-2.1\io.netty\netty-transport-native-unix-common\4.1.27.Final\2b0667fe5c1df78c6cfbf9d53ad8b1fb533fb8e8\netty-transport-native-unix-common-4.1.27.Final.jar;C:\Users\jorge\.gradle\caches\modules-2\files-2.1\io.netty\netty-transport\4.1.27.Final\b5c2da3ea89dd67320925f1504c9eb3615241b7c\netty-transport-4.1.27.Final.jar;C:\Users\jorge\.gradle\caches\modules-2\files-2.1\io.netty\netty-buffer\4.1.27.Final\aafe2b9fb0d8f3b200cf10b9fd6486c6a722d7a1\netty-buffer-4.1.27.Final.jar;C:\Users\jorge\.gradle\caches\modules-2\files-2.1\io.netty\netty-resolver\4.1.27.Final\2536447ef9605ccb2b5203aa22392c6514484ea9\netty-resolver-4.1.27.Final.jar;C:\Users\jorge\.gradle\caches\modules-2\files-2.1\io.netty\netty-common\4.1.27.Final\6a12a969c27fb37b230c4bde5a67bd822fa6b7a4\netty-common-4.1.27.Final.jar;C:\Users\jorge\.gradle\caches\modules-2\files-2.1\org.ow2.asm\asm\5.0.4\da08b8cce7bbf903602a25a3a163ae252435795\asm-5.0.4.jar, user.name=jorge, java.vm.specification.version=1.8, sun.java.command=worker.org.gradle.process.internal.worker.GradleWorkerMain 'Gradle Test Executor 3', java.home=C:\Program Files\AdoptOpenJDK\jdk-8.0.242.08-hotspot\jre, sun.arch.data.model=64, user.language=en, java.specification.vendor=Oracle Corporation, awt.toolkit=sun.awt.windows.WToolkit, java.vm.info=mixed mode, java.version=1.8.0_242, java.ext.dirs=C:\Program Files\AdoptOpenJDK\jdk-8.0.242.08-hotspot\jre\lib\ext;C:\Windows\Sun\Java\lib\ext, sun.boot.class.path=C:\Program Files\AdoptOpenJDK\jdk-8.0.242.08-hotspot\jre\lib\resources.jar;C:\Program Files\AdoptOpenJDK\jdk-8.0.242.08-hotspot\jre\lib\rt.jar;C:\Program Files\AdoptOpenJDK\jdk-8.0.242.08-hotspot\jre\lib\sunrsasign.jar;C:\Program Files\AdoptOpenJDK\jdk-8.0.242.08-hotspot\jre\lib\jsse.jar;C:\Program Files\AdoptOpenJDK\jdk-8.0.242.08-hotspot\jre\lib\jce.jar;C:\Program Files\AdoptOpenJDK\jdk-8.0.242.08-hotspot\jre\lib\charsets.jar;C:\Program Files\AdoptOpenJDK\jdk-8.0.242.08-hotspot\jre\lib\jfr.jar;C:\Program Files\AdoptOpenJDK\jdk-8.0.242.08-hotspot\jre\classes, java.vendor=AdoptOpenJDK, org.gradle.test.worker=3, file.separator=\, java.vendor.url.bug=http://bugreport.sun.com/bugreport/, sun.io.unicode.encoding=UnicodeLittle, sun.cpu.endian=little, sun.desktop=windows, sun.cpu.isalist=amd64}}, SystemEnvironmentPropertySource@854658031 {name='systemEnvironment', properties={USERDOMAIN_ROAMINGPROFILE=DESKTOP-U7U4TE6, PROCESSOR_LEVEL=6, VS140COMNTOOLS=C:\Program Files (x86)\Microsoft Visual Studio 14.0\Common7\Tools\, ALLUSERSPROFILE=C:\ProgramData, PROCESSOR_ARCHITECTURE=AMD64, PSModulePath=C:\Users\jorge\Documents\WindowsPowerShell\Modules;C:\Program Files\WindowsPowerShell\Modules;C:\Windows\system32\WindowsPowerShell\v1.0\Modules, SystemDrive=C:, =ExitCode=00000000, DIRNAME=C:\azure-devops\git\eShopOnContainers\src\Web\WebImapClient\Client\server\, USERNAME=jorge, CMD_LINE_ARGS=b, ProgramFiles(x86)=C:\Program Files (x86), APP_HOME=C:\azure-devops\git\eShopOnContainers\src\Web\WebImapClient\Client\server\, PATHEXT=.COM;.EXE;.BAT;.CMD;.VBS;.VBE;.JS;.JSE;.WSF;.WSH;.MSC;.CPL, DriverData=C:\Windows\System32\Drivers\DriverData, OneDriveConsumer=C:\Users\jorge\OneDrive, ProgramData=C:\ProgramData, ProgramW6432=C:\Program Files, HOMEPATH=\Users\jorge, PROCESSOR_IDENTIFIER=Intel64 Family 6 Model 158 Stepping 13, GenuineIntel, ProgramFiles=C:\Program Files, PUBLIC=C:\Users\Public, windir=C:\Windows, _SKIP=2, LOCALAPPDATA=C:\Users\jorge\AppData\Local, ChocolateyLastPathUpdate=132229495750090469, USERDOMAIN=DESKTOP-U7U4TE6, LOGONSERVER=\\DESKTOP-U7U4TE6, PROMPT=$P$G, OneDrive=C:\Users\jorge\OneDrive, =C:=C:\azure-devops\git\eShopOnContainers\src\Web\WebImapClient\Client\server, APPDATA=C:\Users\jorge\AppData\Roaming, JAVA_EXE=java.exe, ChocolateyInstall=C:\ProgramData\chocolatey, CommonProgramFiles=C:\Program Files\Common Files, Path=C:\Program Files\AdoptOpenJDK\jdk-8.0.242.08-hotspot\bin;C:\Program Files (x86)\Common Files\Oracle\Java\javapath;C:\Python27\;C:\Python27\Scripts;C:\ProgramData\DockerDesktop\version-bin;C:\Program Files\Docker\Docker\Resources\bin;C:\Windows\system32;C:\Windows;C:\Windows\System32\Wbem;C:\Windows\System32\WindowsPowerShell\v1.0\;C:\Windows\System32\OpenSSH\;C:\Program Files (x86)\NVIDIA Corporation\PhysX\Common;C:\Program Files\dotnet\;C:\Program Files\Microsoft SQL Server\130\Tools\Binn\;C:\Program Files\Microsoft SQL Server\Client SDK\ODBC\170\Tools\Binn\;C:\Program Files (x86)\Microsoft SQL Server\150\DTS\Binn\;C:\Program Files\Git\cmd;C:\Program Files (x86)\Microsoft ASP.NET\ASP.NET Web Pages\v1.0\;C:\Program Files\Microsoft SQL Server\110\Tools\Binn\;C:\Users\jorge\.dnx\bin;C:\Program Files\Microsoft DNX\Dnvm\;C:\Program Files\nodejs\;C:\ProgramData\chocolatey\bin;C:\Program Files\Microsoft\Web Platform Installer\;C:\Users\jorge\AppData\Local\Microsoft\WindowsApps;C:\Users\jorge\AppData\Local\Programs\Microsoft VS Code\bin;C:\Users\jorge\.dotnet\tools;C:\Users\jorge\AppData\Roaming\npm;C:\Users\jorge\AppData\Local\GitHubDesktop\bin, OS=Windows_NT, COMPUTERNAME=DESKTOP-U7U4TE6, PROCESSOR_REVISION=9e0d, CLASSPATH=C:\azure-devops\git\eShopOnContainers\src\Web\WebImapClient\Client\server\\gradle\wrapper\gradle-wrapper.jar, CommonProgramW6432=C:\Program Files\Common Files, ComSpec=C:\Windows\system32\cmd.exe, APP_BASE_NAME=gradlew, SystemRoot=C:\Windows, TEMP=C:\Users\jorge\AppData\Local\Temp, HOMEDRIVE=C:, USERPROFILE=C:\Users\jorge, TMP=C:\Users\jorge\AppData\Local\Temp, VS110COMNTOOLS=C:\Program Files (x86)\Microsoft Visual Studio 11.0\Common7\Tools\, CommonProgramFiles(x86)=C:\Program Files (x86)\Common Files, NUMBER_OF_PROCESSORS=12}}]
17:43:14.888 [Test worker] DEBUG org.springframework.web.servlet.mvc.method.annotation.RequestMappingHandlerMapping - Looking for request mappings in application context: org.springframework.test.web.servlet.setup.StubWebApplicationContext@6a8cab5d
17:43:14.891 [Test worker] DEBUG org.springframework.web.servlet.mvc.method.annotation.RequestMappingHandlerMapping - 17 request handler methods found on class com.marcnuri.isotope.api.folder.FolderResource: {public org.springframework.http.ResponseEntity com.marcnuri.isotope.api.folder.FolderResource.getMessage(java.lang.String,java.lang.Long)={[/v1/folders/{folderId}/messages/{messageId}],methods=[GET]}, public org.springframework.http.ResponseEntity com.marcnuri.isotope.api.folder.FolderResource.getFolders(java.lang.Boolean)={[/v1/folders],methods=[GET],produces=[application/hal+json]}, public org.springframework.http.ResponseEntity com.marcnuri.isotope.api.folder.FolderResource.setMessageFlagged(java.lang.String,java.lang.Long,boolean)={[/v1/folders/{folderId}/messages/{messageId}/flagged],methods=[PUT]}, public org.springframework.http.ResponseEntity com.marcnuri.isotope.api.folder.FolderResource.deleteAllFolderMessages(java.lang.String)={[/v1/folders/{folderId}/messages],methods=[DELETE]}, public org.springframework.http.ResponseEntity com.marcnuri.isotope.api.folder.FolderResource.createChildFolder(java.lang.String,java.lang.String)={[/v1/folders/{folderId}],methods=[POST],produces=[application/hal+json]}, public org.springframework.http.ResponseEntity com.marcnuri.isotope.api.folder.FolderResource.moveMessage(java.lang.String,java.lang.Long,java.lang.String)={[/v1/folders/{fromFolderId}/messages/{messageId}/folder/{toFolderId}],methods=[PUT]}, public org.springframework.http.ResponseEntity com.marcnuri.isotope.api.folder.FolderResource.moveMessages(java.lang.String,java.lang.String,java.util.List)={[/v1/folders/{fromFolderId}/messages/folder/{toFolderId}],methods=[PUT]}, public org.springframework.http.ResponseEntity com.marcnuri.isotope.api.folder.FolderResource.setMessageSeen(java.lang.String,java.lang.Long,boolean)={[/v1/folders/{folderId}/messages/{messageId}/seen],methods=[PUT]}, public org.springframework.http.ResponseEntity com.marcnuri.isotope.api.folder.FolderResource.setMessagesSeen(java.lang.String,java.lang.Boolean,java.util.List)={[/v1/folders/{folderId}/messages/seen/{seen}],methods=[PUT]}, public org.springframework.http.ResponseEntity com.marcnuri.isotope.api.folder.FolderResource.getAttachment(java.lang.String,java.lang.Long,java.lang.String,java.lang.Boolean,javax.servlet.http.HttpServletResponse)={[/v1/folders/{folderId}/messages/{messageId}/attachments/{id}],methods=[GET]}, public org.springframework.http.ResponseEntity com.marcnuri.isotope.api.folder.FolderResource.deleteFolder(java.lang.String)={[/v1/folders/{folderId}],methods=[DELETE],produces=[application/hal+json]}, public org.springframework.http.ResponseEntity com.marcnuri.isotope.api.folder.FolderResource.renameFolder(java.lang.String,java.lang.String)={[/v1/folders/{folderId}/name],methods=[PUT],produces=[application/hal+json]}, public org.springframework.http.ResponseEntity com.marcnuri.isotope.api.folder.FolderResource.moveFolder(java.lang.String,java.lang.String)={[/v1/folders/{folderId}/parent],methods=[PUT],produces=[application/hal+json]}, public org.springframework.http.ResponseEntity com.marcnuri.isotope.api.folder.FolderResource.createRootFolder(java.lang.String)={[/v1/folders],methods=[POST],produces=[application/hal+json]}, public org.springframework.http.ResponseEntity com.marcnuri.isotope.api.folder.FolderResource.preloadMessages(java.lang.String,java.util.List)={[/v1/folders/{folderId}/messages],methods=[GET]}, public org.springframework.http.ResponseEntity com.marcnuri.isotope.api.folder.FolderResource.deleteMessages(java.lang.String,java.util.List)={[/v1/folders/{folderId}/messages],methods=[DELETE],params=[id]}, public reactor.core.publisher.Flux com.marcnuri.isotope.api.folder.FolderResource.getMessages(java.lang.String,javax.servlet.http.HttpServletResponse)={[/v1/folders/{folderId}/messages],methods=[GET],produces=[text/event-stream]}}
17:43:14.891 [Test worker] INFO org.springframework.web.servlet.mvc.method.annotation.RequestMappingHandlerMapping - Mapped "{[/v1/folders/{folderId}/messages/{messageId}],methods=[GET]}" onto public org.springframework.http.ResponseEntity<com.marcnuri.isotope.api.message.MessageWithFolder> com.marcnuri.isotope.api.folder.FolderResource.getMessage(java.lang.String,java.lang.Long)
17:43:14.892 [Test worker] INFO org.springframework.web.servlet.mvc.method.annotation.RequestMappingHandlerMapping - Mapped "{[/v1/folders],methods=[GET],produces=[application/hal+json]}" onto public org.springframework.http.ResponseEntity<java.util.List<com.marcnuri.isotope.api.folder.Folder>> com.marcnuri.isotope.api.folder.FolderResource.getFolders(java.lang.Boolean)
17:43:14.892 [Test worker] INFO org.springframework.web.servlet.mvc.method.annotation.RequestMappingHandlerMapping - Mapped "{[/v1/folders/{folderId}/messages/{messageId}/flagged],methods=[PUT]}" onto public org.springframework.http.ResponseEntity<java.lang.Void> com.marcnuri.isotope.api.folder.FolderResource.setMessageFlagged(java.lang.String,java.lang.Long,boolean)
17:43:14.892 [Test worker] INFO org.springframework.web.servlet.mvc.method.annotation.RequestMappingHandlerMapping - Mapped "{[/v1/folders/{folderId}/messages],methods=[DELETE]}" onto public org.springframework.http.ResponseEntity<com.marcnuri.isotope.api.folder.Folder> com.marcnuri.isotope.api.folder.FolderResource.deleteAllFolderMessages(java.lang.String)
17:43:14.892 [Test worker] INFO org.springframework.web.servlet.mvc.method.annotation.RequestMappingHandlerMapping - Mapped "{[/v1/folders/{folderId}],methods=[POST],produces=[application/hal+json]}" onto public org.springframework.http.ResponseEntity<com.marcnuri.isotope.api.folder.Folder> com.marcnuri.isotope.api.folder.FolderResource.createChildFolder(java.lang.String,java.lang.String)
17:43:14.892 [Test worker] INFO org.springframework.web.servlet.mvc.method.annotation.RequestMappingHandlerMapping - Mapped "{[/v1/folders/{fromFolderId}/messages/{messageId}/folder/{toFolderId}],methods=[PUT]}" onto public org.springframework.http.ResponseEntity<java.util.List<com.marcnuri.isotope.api.message.MessageWithFolder>> com.marcnuri.isotope.api.folder.FolderResource.moveMessage(java.lang.String,java.lang.Long,java.lang.String)
17:43:14.892 [Test worker] INFO org.springframework.web.servlet.mvc.method.annotation.RequestMappingHandlerMapping - Mapped "{[/v1/folders/{fromFolderId}/messages/folder/{toFolderId}],methods=[PUT]}" onto public org.springframework.http.ResponseEntity<java.util.List<com.marcnuri.isotope.api.message.MessageWithFolder>> com.marcnuri.isotope.api.folder.FolderResource.moveMessages(java.lang.String,java.lang.String,java.util.List<java.lang.Long>)
17:43:14.893 [Test worker] INFO org.springframework.web.servlet.mvc.method.annotation.RequestMappingHandlerMapping - Mapped "{[/v1/folders/{folderId}/messages/{messageId}/seen],methods=[PUT]}" onto public org.springframework.http.ResponseEntity<java.lang.Void> com.marcnuri.isotope.api.folder.FolderResource.setMessageSeen(java.lang.String,java.lang.Long,boolean)
17:43:14.893 [Test worker] INFO org.springframework.web.servlet.mvc.method.annotation.RequestMappingHandlerMapping - Mapped "{[/v1/folders/{folderId}/messages/seen/{seen}],methods=[PUT]}" onto public org.springframework.http.ResponseEntity<java.lang.Void> com.marcnuri.isotope.api.folder.FolderResource.setMessagesSeen(java.lang.String,java.lang.Boolean,java.util.List<java.lang.Long>)
17:43:14.893 [Test worker] INFO org.springframework.web.servlet.mvc.method.annotation.RequestMappingHandlerMapping - Mapped "{[/v1/folders/{folderId}/messages/{messageId}/attachments/{id}],methods=[GET]}" onto public org.springframework.http.ResponseEntity<java.lang.Void> com.marcnuri.isotope.api.folder.FolderResource.getAttachment(java.lang.String,java.lang.Long,java.lang.String,java.lang.Boolean,javax.servlet.http.HttpServletResponse)
17:43:14.893 [Test worker] INFO org.springframework.web.servlet.mvc.method.annotation.RequestMappingHandlerMapping - Mapped "{[/v1/folders/{folderId}],methods=[DELETE],produces=[application/hal+json]}" onto public org.springframework.http.ResponseEntity<com.marcnuri.isotope.api.folder.Folder> com.marcnuri.isotope.api.folder.FolderResource.deleteFolder(java.lang.String)
17:43:14.893 [Test worker] INFO org.springframework.web.servlet.mvc.method.annotation.RequestMappingHandlerMapping - Mapped "{[/v1/folders/{folderId}/name],methods=[PUT],produces=[application/hal+json]}" onto public org.springframework.http.ResponseEntity<com.marcnuri.isotope.api.folder.Folder> com.marcnuri.isotope.api.folder.FolderResource.renameFolder(java.lang.String,java.lang.String)
17:43:14.893 [Test worker] INFO org.springframework.web.servlet.mvc.method.annotation.RequestMappingHandlerMapping - Mapped "{[/v1/folders/{folderId}/parent],methods=[PUT],produces=[application/hal+json]}" onto public org.springframework.http.ResponseEntity<com.marcnuri.isotope.api.folder.Folder> com.marcnuri.isotope.api.folder.FolderResource.moveFolder(java.lang.String,java.lang.String)
17:43:14.893 [Test worker] INFO org.springframework.web.servlet.mvc.method.annotation.RequestMappingHandlerMapping - Mapped "{[/v1/folders],methods=[POST],produces=[application/hal+json]}" onto public org.springframework.http.ResponseEntity<java.util.List<com.marcnuri.isotope.api.folder.Folder>> com.marcnuri.isotope.api.folder.FolderResource.createRootFolder(java.lang.String)
17:43:14.894 [Test worker] INFO org.springframework.web.servlet.mvc.method.annotation.RequestMappingHandlerMapping - Mapped "{[/v1/folders/{folderId}/messages],methods=[GET]}" onto public org.springframework.http.ResponseEntity<java.util.List<com.marcnuri.isotope.api.message.Message>> com.marcnuri.isotope.api.folder.FolderResource.preloadMessages(java.lang.String,java.util.List<java.lang.Long>)
17:43:14.894 [Test worker] INFO org.springframework.web.servlet.mvc.method.annotation.RequestMappingHandlerMapping - Mapped "{[/v1/folders/{folderId}/messages],methods=[DELETE],params=[id]}" onto public org.springframework.http.ResponseEntity<com.marcnuri.isotope.api.folder.Folder> com.marcnuri.isotope.api.folder.FolderResource.deleteMessages(java.lang.String,java.util.List<java.lang.Long>)
17:43:14.894 [Test worker] INFO org.springframework.web.servlet.mvc.method.annotation.RequestMappingHandlerMapping - Mapped "{[/v1/folders/{folderId}/messages],methods=[GET],produces=[text/event-stream]}" onto public reactor.core.publisher.Flux<org.springframework.http.codec.ServerSentEvent<java.util.List<com.marcnuri.isotope.api.message.Message>>> com.marcnuri.isotope.api.folder.FolderResource.getMessages(java.lang.String,javax.servlet.http.HttpServletResponse)
17:43:14.898 [Test worker] DEBUG org.hibernate.validator.internal.engine.resolver.TraversableResolvers - Cannot find javax.persistence.Persistence on classpath. Assuming non JPA 2 environment. All properties will per default be traversable.
17:43:14.898 [Test worker] DEBUG org.hibernate.validator.messageinterpolation.ResourceBundleMessageInterpolator - Loaded expression factory via original TCCL
17:43:14.898 [Test worker] DEBUG org.hibernate.validator.internal.engine.ConfigurationImpl - Setting custom MessageInterpolator of type org.springframework.validation.beanvalidation.LocaleContextMessageInterpolator
17:43:14.898 [Test worker] DEBUG org.hibernate.validator.internal.engine.ConfigurationImpl - Setting custom ParameterNameProvider of type org.springframework.validation.beanvalidation.LocalValidatorFactoryBean$1
17:43:14.899 [Test worker] DEBUG org.hibernate.validator.internal.xml.config.ValidationXmlParser - Trying to load META-INF/validation.xml for XML based Validator configuration.
17:43:14.899 [Test worker] DEBUG org.hibernate.validator.internal.xml.config.ResourceLoaderHelper - Trying to load META-INF/validation.xml via TCCL
17:43:14.899 [Test worker] DEBUG org.hibernate.validator.internal.xml.config.ResourceLoaderHelper - Trying to load META-INF/validation.xml via Hibernate Validator's class loader
17:43:14.899 [Test worker] DEBUG org.hibernate.validator.internal.xml.config.ValidationXmlParser - No META-INF/validation.xml found. Using annotation based configuration only.
17:43:14.903 [Test worker] DEBUG org.hibernate.validator.internal.engine.ValidatorFactoryImpl - HV000234: Using org.springframework.validation.beanvalidation.LocaleContextMessageInterpolator as ValidatorFactory-scoped message interpolator.
17:43:14.903 [Test worker] DEBUG org.hibernate.validator.internal.engine.ValidatorFactoryImpl - HV000234: Using org.hibernate.validator.internal.engine.resolver.TraverseAllTraversableResolver as ValidatorFactory-scoped traversable resolver.
17:43:14.903 [Test worker] DEBUG org.hibernate.validator.internal.engine.ValidatorFactoryImpl - HV000234: Using org.hibernate.validator.internal.util.ExecutableParameterNameProvider as ValidatorFactory-scoped parameter name provider.
17:43:14.903 [Test worker] DEBUG org.hibernate.validator.internal.engine.ValidatorFactoryImpl - HV000234: Using org.hibernate.validator.internal.engine.DefaultClockProvider as ValidatorFactory-scoped clock provider.
17:43:14.903 [Test worker] DEBUG org.hibernate.validator.internal.engine.ValidatorFactoryImpl - HV000234: Using org.hibernate.validator.internal.engine.scripting.DefaultScriptEvaluatorFactory as ValidatorFactory-scoped script evaluator factory.
17:43:14.904 [Test worker] INFO org.springframework.web.servlet.mvc.method.annotation.RequestMappingHandlerAdapter - Looking for @ControllerAdvice: org.springframework.test.web.servlet.setup.StubWebApplicationContext@6a8cab5d
17:43:14.905 [Test worker] DEBUG org.springframework.web.servlet.mvc.method.annotation.ExceptionHandlerExceptionResolver - Looking for exception mappings: org.springframework.test.web.servlet.setup.StubWebApplicationContext@6a8cab5d
17:43:14.906 [Test worker] DEBUG org.springframework.test.web.servlet.TestDispatcherServlet - Initializing servlet ''
17:43:14.906 [Test worker] INFO org.springframework.mock.web.MockServletContext - Initializing Spring FrameworkServlet ''
17:43:14.906 [Test worker] INFO org.springframework.test.web.servlet.TestDispatcherServlet - FrameworkServlet '': initialization started
17:43:14.906 [Test worker] DEBUG org.springframework.test.web.servlet.TestDispatcherServlet - Unable to locate MultipartResolver with name 'multipartResolver': no multipart request handling provided
17:43:14.906 [Test worker] DEBUG org.springframework.test.web.servlet.TestDispatcherServlet - Using LocaleResolver [org.springframework.web.servlet.i18n.AcceptHeaderLocaleResolver@292a4204]
17:43:14.906 [Test worker] DEBUG org.springframework.test.web.servlet.TestDispatcherServlet - Using ThemeResolver [org.springframework.web.servlet.theme.FixedThemeResolver@5609154d]
17:43:14.906 [Test worker] DEBUG org.springframework.test.web.servlet.TestDispatcherServlet - Using RequestToViewNameTranslator [org.springframework.web.servlet.view.DefaultRequestToViewNameTranslator@2ab1b153]
17:43:14.906 [Test worker] DEBUG org.springframework.test.web.servlet.TestDispatcherServlet - Using FlashMapManager [org.springframework.web.servlet.support.SessionFlashMapManager@17a6557]
17:43:14.906 [Test worker] DEBUG org.springframework.test.web.servlet.TestDispatcherServlet - Published WebApplicationContext of servlet '' as ServletContext attribute with name [org.springframework.web.servlet.FrameworkServlet.CONTEXT.]
17:43:14.906 [Test worker] INFO org.springframework.test.web.servlet.TestDispatcherServlet - FrameworkServlet '': initialization completed in 0 ms
17:43:14.906 [Test worker] DEBUG org.springframework.test.web.servlet.TestDispatcherServlet - Servlet '' configured successfully
17:43:14.907 [Test worker] DEBUG org.springframework.test.web.servlet.TestDispatcherServlet - DispatcherServlet with name '' processing PUT request for [/v1/folders/1337/messages/1337/seen]
17:43:14.907 [Test worker] DEBUG org.springframework.web.servlet.mvc.method.annotation.RequestMappingHandlerMapping - Looking up handler method for path /v1/folders/1337/messages/1337/seen
17:43:14.908 [Test worker] DEBUG org.springframework.web.servlet.mvc.method.annotation.RequestMappingHandlerMapping - Returning handler method [public org.springframework.http.ResponseEntity<java.lang.Void> com.marcnuri.isotope.api.folder.FolderResource.setMessageSeen(java.lang.String,java.lang.Long,boolean)]
17:43:14.909 [Test worker] DEBUG org.springframework.web.servlet.mvc.method.annotation.RequestResponseBodyMethodProcessor - Read [boolean] as "application/json" with [org.springframework.http.converter.json.MappingJackson2HttpMessageConverter@61debc1a]
17:43:14.910 [Test worker] DEBUG com.marcnuri.isotope.api.folder.FolderResource - Setting message seen attribute to true in message 1337 from folder 1337
17:43:14.910 [Test worker] DEBUG org.springframework.beans.factory.support.DefaultListableBeanFactory - Returning cached instance of singleton bean 'prototypeImapService'
17:43:14.912 [Test worker] DEBUG org.springframework.test.web.servlet.TestDispatcherServlet - Null ModelAndView returned to DispatcherServlet with name '': assuming HandlerAdapter completed request handling
17:43:14.912 [Test worker] DEBUG org.springframework.test.web.servlet.TestDispatcherServlet - Successfully completed request
17:43:14.912 [Test worker] DEBUG org.springframework.test.context.cache.DefaultCacheAwareContextLoaderDelegate - Retrieved ApplicationContext from cache with key [[MergedContextConfiguration@690d0075 testClass = FolderResourceTest, locations = '{}', classes = '{class com.marcnuri.isotope.api.folder.FolderResource}', contextInitializerClasses = '[]', activeProfiles = '{}', propertySourceLocations = '{}', propertySourceProperties = '{}', contextCustomizers = set[org.springframework.boot.test.autoconfigure.properties.PropertyMappingContextCustomizer@0, org.springframework.boot.test.autoconfigure.web.servlet.WebDriverContextCustomizerFactory$Customizer@42a343c1, org.springframework.boot.test.context.filter.ExcludeFilterContextCustomizer@3d8dc3, org.springframework.boot.test.json.DuplicateJsonObjectContextCustomizerFactory$DuplicateJsonObjectContextCustomizer@5f493529, org.springframework.boot.test.mock.mockito.MockitoContextCustomizer@8186d819], contextLoader = 'org.springframework.test.context.support.DelegatingSmartContextLoader', parent = [null]]]
17:43:14.912 [Test worker] DEBUG org.springframework.test.context.cache - Spring test ApplicationContext cache statistics: [DefaultContextCache@11fd1fb9 size = 2, maxSize = 32, parentContextCount = 0, hitCount = 56, missCount = 2]
17:43:14.912 [Test worker] DEBUG org.springframework.beans.factory.support.DefaultListableBeanFactory - Returning cached instance of singleton bean 'org.springframework.boot.test.mock.mockito.MockitoBeans'
17:43:14.912 [Test worker] DEBUG org.springframework.test.context.cache.DefaultCacheAwareContextLoaderDelegate - Retrieved ApplicationContext from cache with key [[MergedContextConfiguration@690d0075 testClass = FolderResourceTest, locations = '{}', classes = '{class com.marcnuri.isotope.api.folder.FolderResource}', contextInitializerClasses = '[]', activeProfiles = '{}', propertySourceLocations = '{}', propertySourceProperties = '{}', contextCustomizers = set[org.springframework.boot.test.autoconfigure.properties.PropertyMappingContextCustomizer@0, org.springframework.boot.test.autoconfigure.web.servlet.WebDriverContextCustomizerFactory$Customizer@42a343c1, org.springframework.boot.test.context.filter.ExcludeFilterContextCustomizer@3d8dc3, org.springframework.boot.test.json.DuplicateJsonObjectContextCustomizerFactory$DuplicateJsonObjectContextCustomizer@5f493529, org.springframework.boot.test.mock.mockito.MockitoContextCustomizer@8186d819], contextLoader = 'org.springframework.test.context.support.DelegatingSmartContextLoader', parent = [null]]]
17:43:14.912 [Test worker] DEBUG org.springframework.test.context.cache - Spring test ApplicationContext cache statistics: [DefaultContextCache@11fd1fb9 size = 2, maxSize = 32, parentContextCount = 0, hitCount = 57, missCount = 2]
17:43:14.912 [Test worker] DEBUG org.springframework.test.context.cache.DefaultCacheAwareContextLoaderDelegate - Retrieved ApplicationContext from cache with key [[MergedContextConfiguration@690d0075 testClass = FolderResourceTest, locations = '{}', classes = '{class com.marcnuri.isotope.api.folder.FolderResource}', contextInitializerClasses = '[]', activeProfiles = '{}', propertySourceLocations = '{}', propertySourceProperties = '{}', contextCustomizers = set[org.springframework.boot.test.autoconfigure.properties.PropertyMappingContextCustomizer@0, org.springframework.boot.test.autoconfigure.web.servlet.WebDriverContextCustomizerFactory$Customizer@42a343c1, org.springframework.boot.test.context.filter.ExcludeFilterContextCustomizer@3d8dc3, org.springframework.boot.test.json.DuplicateJsonObjectContextCustomizerFactory$DuplicateJsonObjectContextCustomizer@5f493529, org.springframework.boot.test.mock.mockito.MockitoContextCustomizer@8186d819], contextLoader = 'org.springframework.test.context.support.DelegatingSmartContextLoader', parent = [null]]]
17:43:14.912 [Test worker] DEBUG org.springframework.test.context.cache - Spring test ApplicationContext cache statistics: [DefaultContextCache@11fd1fb9 size = 2, maxSize = 32, parentContextCount = 0, hitCount = 58, missCount = 2]
17:43:14.913 [Test worker] DEBUG reactor.core.publisher.Hooks - Reset to factory defaults : onLastOperator
17:43:14.913 [Test worker] DEBUG org.springframework.test.context.support.AbstractDirtiesContextTestExecutionListener - After test method: context [DefaultTestContext@1abdc0de testClass = FolderResourceTest, testInstance = com.marcnuri.isotope.api.folder.FolderResourceTest@6f3e668c, testMethod = setMessageSeen_validFolderAndMessage_shouldReturnNoContent@FolderResourceTest, testException = [null], mergedContextConfiguration = [MergedContextConfiguration@690d0075 testClass = FolderResourceTest, locations = '{}', classes = '{class com.marcnuri.isotope.api.folder.FolderResource}', contextInitializerClasses = '[]', activeProfiles = '{}', propertySourceLocations = '{}', propertySourceProperties = '{}', contextCustomizers = set[org.springframework.boot.test.autoconfigure.properties.PropertyMappingContextCustomizer@0, org.springframework.boot.test.autoconfigure.web.servlet.WebDriverContextCustomizerFactory$Customizer@42a343c1, org.springframework.boot.test.context.filter.ExcludeFilterContextCustomizer@3d8dc3, org.springframework.boot.test.json.DuplicateJsonObjectContextCustomizerFactory$DuplicateJsonObjectContextCustomizer@5f493529, org.springframework.boot.test.mock.mockito.MockitoContextCustomizer@8186d819], contextLoader = 'org.springframework.test.context.support.DelegatingSmartContextLoader', parent = [null]], attributes = map[[empty]]], class annotated with @DirtiesContext [false] with mode [null], method annotated with @DirtiesContext [false] with mode [null].
17:43:14.914 [Test worker] DEBUG org.springframework.test.annotation.ProfileValueUtils - Retrieved @ProfileValueSourceConfiguration [null] for test class [com.marcnuri.isotope.api.folder.FolderResourceTest]
17:43:14.914 [Test worker] DEBUG org.springframework.test.annotation.ProfileValueUtils - Retrieved ProfileValueSource type [class org.springframework.test.annotation.SystemProfileValueSource] for class [com.marcnuri.isotope.api.folder.FolderResourceTest]
17:43:14.914 [Test worker] DEBUG org.springframework.test.context.cache.DefaultCacheAwareContextLoaderDelegate - Retrieved ApplicationContext from cache with key [[MergedContextConfiguration@690d0075 testClass = FolderResourceTest, locations = '{}', classes = '{class com.marcnuri.isotope.api.folder.FolderResource}', contextInitializerClasses = '[]', activeProfiles = '{}', propertySourceLocations = '{}', propertySourceProperties = '{}', contextCustomizers = set[org.springframework.boot.test.autoconfigure.properties.PropertyMappingContextCustomizer@0, org.springframework.boot.test.autoconfigure.web.servlet.WebDriverContextCustomizerFactory$Customizer@42a343c1, org.springframework.boot.test.context.filter.ExcludeFilterContextCustomizer@3d8dc3, org.springframework.boot.test.json.DuplicateJsonObjectContextCustomizerFactory$DuplicateJsonObjectContextCustomizer@5f493529, org.springframework.boot.test.mock.mockito.MockitoContextCustomizer@8186d819], contextLoader = 'org.springframework.test.context.support.DelegatingSmartContextLoader', parent = [null]]]
17:43:14.914 [Test worker] DEBUG org.springframework.test.context.cache - Spring test ApplicationContext cache statistics: [DefaultContextCache@11fd1fb9 size = 2, maxSize = 32, parentContextCount = 0, hitCount = 59, missCount = 2]
17:43:14.914 [Test worker] DEBUG org.springframework.beans.factory.support.DefaultListableBeanFactory - Returning cached instance of singleton bean 'org.springframework.boot.test.mock.mockito.MockitoPostProcessor'
17:43:14.914 [Test worker] DEBUG org.springframework.beans.factory.support.DefaultListableBeanFactory - Returning cached instance of singleton bean 'prototypeImapService'
17:43:14.914 [Test worker] DEBUG org.springframework.test.context.support.DependencyInjectionTestExecutionListener - Performing dependency injection for test context [[DefaultTestContext@1abdc0de testClass = FolderResourceTest, testInstance = com.marcnuri.isotope.api.folder.FolderResourceTest@23844908, testMethod = [null], testException = [null], mergedContextConfiguration = [MergedContextConfiguration@690d0075 testClass = FolderResourceTest, locations = '{}', classes = '{class com.marcnuri.isotope.api.folder.FolderResource}', contextInitializerClasses = '[]', activeProfiles = '{}', propertySourceLocations = '{}', propertySourceProperties = '{}', contextCustomizers = set[org.springframework.boot.test.autoconfigure.properties.PropertyMappingContextCustomizer@0, org.springframework.boot.test.autoconfigure.web.servlet.WebDriverContextCustomizerFactory$Customizer@42a343c1, org.springframework.boot.test.context.filter.ExcludeFilterContextCustomizer@3d8dc3, org.springframework.boot.test.json.DuplicateJsonObjectContextCustomizerFactory$DuplicateJsonObjectContextCustomizer@5f493529, org.springframework.boot.test.mock.mockito.MockitoContextCustomizer@8186d819], contextLoader = 'org.springframework.test.context.support.DelegatingSmartContextLoader', parent = [null]], attributes = map[[empty]]]].
17:43:14.914 [Test worker] DEBUG org.springframework.test.context.cache.DefaultCacheAwareContextLoaderDelegate - Retrieved ApplicationContext from cache with key [[MergedContextConfiguration@690d0075 testClass = FolderResourceTest, locations = '{}', classes = '{class com.marcnuri.isotope.api.folder.FolderResource}', contextInitializerClasses = '[]', activeProfiles = '{}', propertySourceLocations = '{}', propertySourceProperties = '{}', contextCustomizers = set[org.springframework.boot.test.autoconfigure.properties.PropertyMappingContextCustomizer@0, org.springframework.boot.test.autoconfigure.web.servlet.WebDriverContextCustomizerFactory$Customizer@42a343c1, org.springframework.boot.test.context.filter.ExcludeFilterContextCustomizer@3d8dc3, org.springframework.boot.test.json.DuplicateJsonObjectContextCustomizerFactory$DuplicateJsonObjectContextCustomizer@5f493529, org.springframework.boot.test.mock.mockito.MockitoContextCustomizer@8186d819], contextLoader = 'org.springframework.test.context.support.DelegatingSmartContextLoader', parent = [null]]]
17:43:14.915 [Test worker] DEBUG org.springframework.test.context.cache - Spring test ApplicationContext cache statistics: [DefaultContextCache@11fd1fb9 size = 2, maxSize = 32, parentContextCount = 0, hitCount = 60, missCount = 2]
17:43:14.915 [Test worker] DEBUG org.springframework.beans.factory.annotation.InjectionMetadata - Processing injected element of bean 'com.marcnuri.isotope.api.folder.FolderResourceTest': AutowiredFieldElement for private com.marcnuri.isotope.api.folder.FolderResource com.marcnuri.isotope.api.folder.FolderResourceTest.folderResource
17:43:14.915 [Test worker] DEBUG org.springframework.beans.factory.support.DefaultListableBeanFactory - Returning cached instance of singleton bean 'folderResource'
17:43:14.915 [Test worker] DEBUG org.springframework.test.context.support.AbstractDirtiesContextTestExecutionListener - Before test method: context [DefaultTestContext@1abdc0de testClass = FolderResourceTest, testInstance = com.marcnuri.isotope.api.folder.FolderResourceTest@23844908, testMethod = setMessagesSeen_validFolderAndMessages_shouldReturnNoContent@FolderResourceTest, testException = [null], mergedContextConfiguration = [MergedContextConfiguration@690d0075 testClass = FolderResourceTest, locations = '{}', classes = '{class com.marcnuri.isotope.api.folder.FolderResource}', contextInitializerClasses = '[]', activeProfiles = '{}', propertySourceLocations = '{}', propertySourceProperties = '{}', contextCustomizers = set[org.springframework.boot.test.autoconfigure.properties.PropertyMappingContextCustomizer@0, org.springframework.boot.test.autoconfigure.web.servlet.WebDriverContextCustomizerFactory$Customizer@42a343c1, org.springframework.boot.test.context.filter.ExcludeFilterContextCustomizer@3d8dc3, org.springframework.boot.test.json.DuplicateJsonObjectContextCustomizerFactory$DuplicateJsonObjectContextCustomizer@5f493529, org.springframework.boot.test.mock.mockito.MockitoContextCustomizer@8186d819], contextLoader = 'org.springframework.test.context.support.DelegatingSmartContextLoader', parent = [null]], attributes = map[[empty]]], class annotated with @DirtiesContext [false] with mode [null], method annotated with @DirtiesContext [false] with mode [null].
17:43:14.915 [Test worker] DEBUG reactor.core.publisher.Hooks - Hooking onLastOperator: reactor.core.publisher.Operators$LiftFunction@b434dc4
17:43:14.916 [Test worker] DEBUG org.springframework.test.context.cache.DefaultCacheAwareContextLoaderDelegate - Retrieved ApplicationContext from cache with key [[MergedContextConfiguration@690d0075 testClass = FolderResourceTest, locations = '{}', classes = '{class com.marcnuri.isotope.api.folder.FolderResource}', contextInitializerClasses = '[]', activeProfiles = '{}', propertySourceLocations = '{}', propertySourceProperties = '{}', contextCustomizers = set[org.springframework.boot.test.autoconfigure.properties.PropertyMappingContextCustomizer@0, org.springframework.boot.test.autoconfigure.web.servlet.WebDriverContextCustomizerFactory$Customizer@42a343c1, org.springframework.boot.test.context.filter.ExcludeFilterContextCustomizer@3d8dc3, org.springframework.boot.test.json.DuplicateJsonObjectContextCustomizerFactory$DuplicateJsonObjectContextCustomizer@5f493529, org.springframework.boot.test.mock.mockito.MockitoContextCustomizer@8186d819], contextLoader = 'org.springframework.test.context.support.DelegatingSmartContextLoader', parent = [null]]]
17:43:14.916 [Test worker] DEBUG org.springframework.test.context.cache - Spring test ApplicationContext cache statistics: [DefaultContextCache@11fd1fb9 size = 2, maxSize = 32, parentContextCount = 0, hitCount = 61, missCount = 2]
17:43:14.917 [Test worker] DEBUG org.springframework.beans.factory.support.DefaultListableBeanFactory - Returning cached instance of singleton bean 'org.springframework.boot.test.mock.mockito.MockitoBeans'
17:43:14.917 [Test worker] DEBUG org.springframework.core.env.StandardEnvironment - Adding PropertySource 'systemProperties' with lowest search precedence
17:43:14.917 [Test worker] DEBUG org.springframework.core.env.StandardEnvironment - Adding PropertySource 'systemEnvironment' with lowest search precedence
17:43:14.917 [Test worker] DEBUG org.springframework.core.env.StandardEnvironment - Initialized StandardEnvironment with PropertySources [MapPropertySource@1036275097 {name='systemProperties', properties={java.runtime.name=OpenJDK Runtime Environment, sun.boot.library.path=C:\Program Files\AdoptOpenJDK\jdk-8.0.242.08-hotspot\jre\bin, java.vm.version=25.242-b08, java.vm.vendor=, java.vendor.url=http://java.oracle.com/, path.separator=;, java.vm.name=OpenJDK 64-Bit Server VM, file.encoding.pkg=sun.io, user.script=, sun.java.launcher=SUN_STANDARD, user.country=GB, sun.os.patch.level=, java.vm.specification.name=Java Virtual Machine Specification, user.dir=C:\azure-devops\git\eShopOnContainers\src\Web\WebImapClient\Client\server, java.runtime.version=1.8.0_242-b08, java.awt.graphicsenv=sun.awt.Win32GraphicsEnvironment, java.endorsed.dirs=C:\Program Files\AdoptOpenJDK\jdk-8.0.242.08-hotspot\jre\lib\endorsed, os.arch=amd64, java.io.tmpdir=C:\Users\jorge\AppData\Local\Temp\, line.separator=
, java.vm.specification.vendor=Oracle Corporation, user.variant=, os.name=Windows 10, sun.jnu.encoding=Cp1252, java.library.path=C:\Program Files\AdoptOpenJDK\jdk-8.0.242.08-hotspot\bin;C:\Windows\Sun\Java\bin;C:\Windows\system32;C:\Windows;C:\Program Files\AdoptOpenJDK\jdk-8.0.242.08-hotspot\bin;C:\Program Files (x86)\Common Files\Oracle\Java\javapath;C:\Python27\;C:\Python27\Scripts;C:\ProgramData\DockerDesktop\version-bin;C:\Program Files\Docker\Docker\Resources\bin;C:\Windows\system32;C:\Windows;C:\Windows\System32\Wbem;C:\Windows\System32\WindowsPowerShell\v1.0\;C:\Windows\System32\OpenSSH\;C:\Program Files (x86)\NVIDIA Corporation\PhysX\Common;C:\Program Files\dotnet\;C:\Program Files\Microsoft SQL Server\130\Tools\Binn\;C:\Program Files\Microsoft SQL Server\Client SDK\ODBC\170\Tools\Binn\;C:\Program Files (x86)\Microsoft SQL Server\150\DTS\Binn\;C:\Program Files\Git\cmd;C:\Program Files (x86)\Microsoft ASP.NET\ASP.NET Web Pages\v1.0\;C:\Program Files\Microsoft SQL Server\110\Tools\Binn\;C:\Users\jorge\.dnx\bin;C:\Program Files\Microsoft DNX\Dnvm\;C:\Program Files\nodejs\;C:\ProgramData\chocolatey\bin;C:\Program Files\Microsoft\Web Platform Installer\;C:\Users\jorge\AppData\Local\Microsoft\WindowsApps;C:\Users\jorge\AppData\Local\Programs\Microsoft VS Code\bin;C:\Users\jorge\.dotnet\tools;C:\Users\jorge\AppData\Roaming\npm;C:\Users\jorge\AppData\Local\GitHubDesktop\bin;., java.specification.name=Java Platform API Specification, java.class.version=52.0, org.gradle.native=false, sun.management.compiler=HotSpot 64-Bit Tiered Compilers, os.version=10.0, user.home=C:\Users\jorge, user.timezone=Europe/Paris, java.awt.printerjob=sun.awt.windows.WPrinterJob, file.encoding=windows-1252, java.specification.version=1.8, java.class.path=C:\azure-devops\git\eShopOnContainers\src\Web\WebImapClient\Client\server\build\classes\java\test;C:\azure-devops\git\eShopOnContainers\src\Web\WebImapClient\Client\server\build\resources\test;C:\azure-devops\git\eShopOnContainers\src\Web\WebImapClient\Client\server\build\classes\java\main;C:\azure-devops\git\eShopOnContainers\src\Web\WebImapClient\Client\server\build\resources\main;C:\Users\jorge\.gradle\caches\modules-2\files-2.1\org.springframework.boot\spring-boot-starter-actuator\2.0.4.RELEASE\24e901473279d9c18e0a0f8037d58b18c8297dca\spring-boot-starter-actuator-2.0.4.RELEASE.jar;C:\Users\jorge\.gradle\caches\modules-2\files-2.1\org.springframework.boot\spring-boot-starter-security\2.0.4.RELEASE\2ac314e5985fd9ae0d2acaea450f4f6c3dbd7f92\spring-boot-starter-security-2.0.4.RELEASE.jar;C:\Users\jorge\.gradle\caches\modules-2\files-2.1\org.springframework.boot\spring-boot-starter-webflux\2.0.4.RELEASE\a52fcd02fb6129e14f2b4b36acc5748368563c93\spring-boot-starter-webflux-2.0.4.RELEASE.jar;C:\Users\jorge\.gradle\caches\modules-2\files-2.1\org.springframework.boot\spring-boot-starter-test\2.0.4.RELEASE\8f473705d2742b669f0318f10a956f94a93ba3d2\spring-boot-starter-test-2.0.4.RELEASE.jar;C:\Users\jorge\.gradle\caches\modules-2\files-2.1\org.springframework.boot\spring-boot-starter-hateoas\2.0.4.RELEASE\2f115bebeffea81859c6d874457fa8db16b10747\spring-boot-starter-hateoas-2.0.4.RELEASE.jar;C:\Users\jorge\.gradle\caches\modules-2\files-2.1\org.springframework.boot\spring-boot-starter-web\2.0.4.RELEASE\98d49e981ecf804da877d84259b7b0d1ec2fb6f6\spring-boot-starter-web-2.0.4.RELEASE.jar;C:\Users\jorge\.gradle\caches\modules-2\files-2.1\org.springframework.boot\spring-boot-starter-json\2.0.4.RELEASE\c7afabf0d7c85db178da4ce0634e3bd2ddb0eb71\spring-boot-starter-json-2.0.4.RELEASE.jar;C:\Users\jorge\.gradle\caches\modules-2\files-2.1\org.springframework.boot\spring-boot-starter\2.0.4.RELEASE\ec46c63a2adeee40058eff1a6baefca13975dc94\spring-boot-starter-2.0.4.RELEASE.jar;C:\Users\jorge\.gradle\caches\modules-2\files-2.1\com.sun.mail\javax.mail\1.6.1\757ba4630692bb2a1ec2d9d57a616b63f15e947e\javax.mail-1.6.1.jar;C:\Users\jorge\.gradle\caches\modules-2\files-2.1\org.springframework.boot\spring-boot-actuator-autoconfigure\2.0.4.RELEASE\2cadc1d20a1f9ee667a608cfee154138e954f5f2\spring-boot-actuator-autoconfigure-2.0.4.RELEASE.jar;C:\Users\jorge\.gradle\caches\modules-2\files-2.1\com.fasterxml.jackson.datatype\jackson-datatype-jsr310\2.9.6\ea54f6193d224e5e5732bbd4262327eb465397c2\jackson-datatype-jsr310-2.9.6.jar;C:\Users\jorge\.gradle\caches\modules-2\files-2.1\commons-io\commons-io\2.6\815893df5f31da2ece4040fe0a12fd44b577afaf\commons-io-2.6.jar;C:\Users\jorge\.gradle\caches\modules-2\files-2.1\org.springframework.security\spring-security-test\5.0.7.RELEASE\a74c9ab10d53baa3bb7a731753fe0c6d9ab9d848\spring-security-test-5.0.7.RELEASE.jar;C:\Users\jorge\.gradle\caches\modules-2\files-2.1\com.marcnuri\spring-common-test\0.0.2\da9c2c5e849c7dcbbe99d190bedffa5e6fe450a5\spring-common-test-0.0.2.jar;C:\Users\jorge\.gradle\caches\modules-2\files-2.1\org.hamcrest\java-hamcrest\2.0.0.0\f1c8853ade0ecf707f5a261c830e98893983813\java-hamcrest-2.0.0.0.jar;C:\Users\jorge\.gradle\caches\modules-2\files-2.1\org.powermock\powermock-module-junit4\2.0.0-RC.3\b9a04b492e2b93e93617ba457f76aebbf00fc221\powermock-module-junit4-2.0.0-RC.3.jar;C:\Users\jorge\.gradle\caches\modules-2\files-2.1\org.powermock\powermock-api-mockito2\2.0.0-RC.3\f85a8404be063ef15c5fdd3745b11d2fba875fcd\powermock-api-mockito2-2.0.0-RC.3.jar;C:\Users\jorge\.gradle\caches\modules-2\files-2.1\org.springframework.boot\spring-boot-test-autoconfigure\2.0.4.RELEASE\8a2e3f31e607fdb08deda2f59263ce177f1c4310\spring-boot-test-autoconfigure-2.0.4.RELEASE.jar;C:\Users\jorge\.gradle\caches\modules-2\files-2.1\org.springframework.boot\spring-boot-test\2.0.4.RELEASE\8a17fc3cf16b6d75f2ba132ade04409a670095de\spring-boot-test-2.0.4.RELEASE.jar;C:\Users\jorge\.gradle\caches\modules-2\files-2.1\org.springframework.boot\spring-boot-autoconfigure\2.0.4.RELEASE\65cd1244d606acc02ab7bfc47a203a3fe2400dda\spring-boot-autoconfigure-2.0.4.RELEASE.jar;C:\Users\jorge\.gradle\caches\modules-2\files-2.1\org.springframework.boot\spring-boot-actuator\2.0.4.RELEASE\9c02c968eb50a7cdc14fc4c7b586d767df6dc48d\spring-boot-actuator-2.0.4.RELEASE.jar;C:\Users\jorge\.gradle\caches\modules-2\files-2.1\org.springframework.boot\spring-boot\2.0.4.RELEASE\c8619c5b06d4dcdb4cac1e5e9c839e6e8b1c8574\spring-boot-2.0.4.RELEASE.jar;C:\Users\jorge\.gradle\caches\modules-2\files-2.1\org.springframework.boot\spring-boot-starter-logging\2.0.4.RELEASE\dcd1a2c431c970f44adae64d9145133979a513ab\spring-boot-starter-logging-2.0.4.RELEASE.jar;C:\Users\jorge\.gradle\caches\modules-2\files-2.1\org.springframework.boot\spring-boot-starter-tomcat\2.0.4.RELEASE\dcf28989a34b0801fea0e810c371fb9dab1e7784\spring-boot-starter-tomcat-2.0.4.RELEASE.jar;C:\Users\jorge\.gradle\caches\modules-2\files-2.1\javax.annotation\javax.annotation-api\1.3.2\934c04d3cfef185a8008e7bf34331b79730a9d43\javax.annotation-api-1.3.2.jar;C:\Users\jorge\.gradle\caches\modules-2\files-2.1\org.springframework.security\spring-security-config\5.0.7.RELEASE\d702e01048687db4ec6c97fb32d28ffbe348b3e\spring-security-config-5.0.7.RELEASE.jar;C:\Users\jorge\.gradle\caches\modules-2\files-2.1\org.springframework.security\spring-security-web\5.0.7.RELEASE\bab3ed579d4550bb5cc40b0a7fddd0106db7c66\spring-security-web-5.0.7.RELEASE.jar;C:\Users\jorge\.gradle\caches\modules-2\files-2.1\org.springframework.hateoas\spring-hateoas\0.25.0.RELEASE\22d1abd575426709734ab83e7d81d6deb4addbf6\spring-hateoas-0.25.0.RELEASE.jar;C:\Users\jorge\.gradle\caches\modules-2\files-2.1\org.springframework\spring-webflux\5.0.8.RELEASE\d16ce1cf6f95771e821619d6ef13c1f0333fafb\spring-webflux-5.0.8.RELEASE.jar;C:\Users\jorge\.gradle\caches\modules-2\files-2.1\org.springframework\spring-webmvc\5.0.8.RELEASE\7e5fe57590ca8e4468e50fe1d92b0b67aa4a327a\spring-webmvc-5.0.8.RELEASE.jar;C:\Users\jorge\.gradle\caches\modules-2\files-2.1\org.springframework\spring-web\5.0.8.RELEASE\fa43cdadb4ab2491fd1d0ddb06c0808e4b60fc85\spring-web-5.0.8.RELEASE.jar;C:\Users\jorge\.gradle\caches\modules-2\files-2.1\org.springframework\spring-test\5.0.8.RELEASE\5782619373bd7e7b7d9106203c317b04bb613ebb\spring-test-5.0.8.RELEASE.jar;C:\Users\jorge\.gradle\caches\modules-2\files-2.1\org.springframework.security\spring-security-core\5.0.7.RELEASE\40a0c57af6b4c3f8c611216d2579c6ab19672694\spring-security-core-5.0.7.RELEASE.jar;C:\Users\jorge\.gradle\caches\modules-2\files-2.1\org.springframework.plugin\spring-plugin-core\1.2.0.RELEASE\f380e7760032e7d929184f8ad8a33716b75c0657\spring-plugin-core-1.2.0.RELEASE.jar;C:\Users\jorge\.gradle\caches\modules-2\files-2.1\org.springframework\spring-context\5.0.8.RELEASE\3a067d8990761111c9b6d1d895640be26cc1fb38\spring-context-5.0.8.RELEASE.jar;C:\Users\jorge\.gradle\caches\modules-2\files-2.1\org.springframework\spring-aop\5.0.8.RELEASE\f5086c1a3185c481104511837427b39a07a57aa2\spring-aop-5.0.8.RELEASE.jar;C:\Users\jorge\.gradle\caches\modules-2\files-2.1\org.springframework\spring-beans\5.0.8.RELEASE\5fc965d3e7f5515099244857a8ae9e2a208c169b\spring-beans-5.0.8.RELEASE.jar;C:\Users\jorge\.gradle\caches\modules-2\files-2.1\org.springframework\spring-expression\5.0.8.RELEASE\f23158f22c917df2cddf2ecebc398a9e95f95fae\spring-expression-5.0.8.RELEASE.jar;C:\Users\jorge\.gradle\caches\modules-2\files-2.1\org.springframework\spring-core\5.0.8.RELEASE\dc39c49e3246cdf73d3786ac41119140aed3fa08\spring-core-5.0.8.RELEASE.jar;C:\Users\jorge\.gradle\caches\modules-2\files-2.1\org.yaml\snakeyaml\1.19\2d998d3d674b172a588e54ab619854d073f555b5\snakeyaml-1.19.jar;C:\Users\jorge\.gradle\caches\modules-2\files-2.1\io.micrometer\micrometer-core\1.0.6\50299bc8a34c251d62311bbb1a297f3942a82e42\micrometer-core-1.0.6.jar;C:\Users\jorge\.gradle\caches\modules-2\files-2.1\org.springframework.boot\spring-boot-starter-reactor-netty\2.0.4.RELEASE\ed4ac88f7fc699a9cbb6ee804a26e2e30239ca35\spring-boot-starter-reactor-netty-2.0.4.RELEASE.jar;C:\Users\jorge\.gradle\caches\modules-2\files-2.1\org.hibernate.validator\hibernate-validator\6.0.11.Final\36f9d10a11e4768f55e8fb91ebe4338a5c43954e\hibernate-validator-6.0.11.Final.jar;C:\Users\jorge\.gradle\caches\modules-2\files-2.1\org.synchronoss.cloud\nio-multipart-parser\1.1.0\c6c417fec6612584b1c34d4dd98c5a4e47e8c754\nio-multipart-parser-1.1.0.jar;C:\Users\jorge\.gradle\caches\modules-2\files-2.1\javax.activation\activation\1.1\e6cb541461c2834bdea3eb920f1884d1eb508b50\activation-1.1.jar;C:\Users\jorge\.gradle\caches\modules-2\files-2.1\com.fasterxml.jackson.datatype\jackson-datatype-jdk8\2.9.6\456895fc91bf7180b216fead220373e6278230c9\jackson-datatype-jdk8-2.9.6.jar;C:\Users\jorge\.gradle\caches\modules-2\files-2.1\com.fasterxml.jackson.module\jackson-module-parameter-names\2.9.6\129acd77a4b6ee30d62d3a0899b1344c8ec2bff8\jackson-module-parameter-names-2.9.6.jar;C:\Users\jorge\.gradle\caches\modules-2\files-2.1\com.fasterxml.jackson.core\jackson-databind\2.9.6\cfa4f316351a91bfd95cb0644c6a2c95f52db1fc\jackson-databind-2.9.6.jar;C:\Users\jorge\.gradle\caches\modules-2\files-2.1\com.fasterxml.jackson.core\jackson-annotations\2.9.0\7c10d545325e3a6e72e06381afe469fd40eb701\jackson-annotations-2.9.0.jar;C:\Users\jorge\.gradle\caches\modules-2\files-2.1\com.fasterxml.jackson.core\jackson-core\2.9.6\4e393793c37c77e042ccc7be5a914ae39251b365\jackson-core-2.9.6.jar;C:\Users\jorge\.gradle\caches\modules-2\files-2.1\com.jayway.jsonpath\json-path\2.4.0\765a4401ceb2dc8d40553c2075eb80a8fa35c2ae\json-path-2.4.0.jar;C:\Users\jorge\.gradle\caches\modules-2\files-2.1\org.powermock\powermock-module-junit4-common\2.0.0-RC.3\f09137abdf1aeea2df214037eab50ed864602c9a\powermock-module-junit4-common-2.0.0-RC.3.jar;C:\Users\jorge\.gradle\caches\modules-2\files-2.1\junit\junit\4.12\2973d150c0dc1fefe998f834810d68f278ea58ec\junit-4.12.jar;C:\Users\jorge\.gradle\caches\modules-2\files-2.1\org.assertj\assertj-core\3.9.1\c5ce126b15f28d56cd8f960c1a6a058b9c9aea87\assertj-core-3.9.1.jar;C:\Users\jorge\.gradle\caches\modules-2\files-2.1\org.mockito\mockito-core\2.15.0\b84bfbbc29cd22c9529409627af6ea2897f4fa85\mockito-core-2.15.0.jar;C:\Users\jorge\.gradle\caches\modules-2\files-2.1\org.hamcrest\hamcrest-library\1.3\4785a3c21320980282f9f33d0d1264a69040538f\hamcrest-library-1.3.jar;C:\Users\jorge\.gradle\caches\modules-2\files-2.1\org.hamcrest\hamcrest-core\1.3\42a25dc3219429f0e5d060061f71acb49bf010a0\hamcrest-core-1.3.jar;C:\Users\jorge\.gradle\caches\modules-2\files-2.1\org.skyscreamer\jsonassert\1.5.0\6c9d5fe2f59da598d9aefc1cfc6528ff3cf32df3\jsonassert-1.5.0.jar;C:\Users\jorge\.gradle\caches\modules-2\files-2.1\org.xmlunit\xmlunit-core\2.5.1\4ffdb346572a7356f7521cd3119ce5287d2e339d\xmlunit-core-2.5.1.jar;C:\Users\jorge\.gradle\caches\modules-2\files-2.1\org.powermock\powermock-api-support\2.0.0-RC.3\a23d6bdbcf865513c9f6992134152be80504e499\powermock-api-support-2.0.0-RC.3.jar;C:\Users\jorge\.gradle\caches\modules-2\files-2.1\ch.qos.logback\logback-classic\1.2.3\7c4f3c474fb2c041d8028740440937705ebb473a\logback-classic-1.2.3.jar;C:\Users\jorge\.gradle\caches\modules-2\files-2.1\org.apache.logging.log4j\log4j-to-slf4j\2.10.0\f7e631ccf49cfc0aefa4a2a728da7d374c05bd3c\log4j-to-slf4j-2.10.0.jar;C:\Users\jorge\.gradle\caches\modules-2\files-2.1\org.slf4j\jul-to-slf4j\1.7.25\af5364cd6679bfffb114f0dec8a157aaa283b76\jul-to-slf4j-1.7.25.jar;C:\Users\jorge\.gradle\caches\modules-2\files-2.1\org.springframework\spring-jcl\5.0.8.RELEASE\a1fa8fb560fb252321776e16bc9ac8201af4ef5e\spring-jcl-5.0.8.RELEASE.jar;C:\Users\jorge\.gradle\caches\modules-2\files-2.1\org.hdrhistogram\HdrHistogram\2.1.10\9e1ac84eed220281841b75e72fb9de5a297fbf04\HdrHistogram-2.1.10.jar;C:\Users\jorge\.gradle\caches\modules-2\files-2.1\org.latencyutils\LatencyUtils\2.0.3\769c0b82cb2421c8256300e907298a9410a2a3d3\LatencyUtils-2.0.3.jar;C:\Users\jorge\.gradle\caches\modules-2\files-2.1\org.synchronoss.cloud\nio-stream-storage\1.1.3\986dba5f6e5eed20f0dba6ddc8e8a64a9ebdc2f3\nio-stream-storage-1.1.3.jar;C:\Users\jorge\.gradle\caches\modules-2\files-2.1\org.slf4j\slf4j-api\1.7.25\da76ca59f6a57ee3102f8f9bd9cee742973efa8a\slf4j-api-1.7.25.jar;C:\Users\jorge\.gradle\caches\modules-2\files-2.1\io.projectreactor.ipc\reactor-netty\0.7.8.RELEASE\fe25c7d3042b6005690f7d243cef987b696a12ee\reactor-netty-0.7.8.RELEASE.jar;C:\Users\jorge\.gradle\caches\modules-2\files-2.1\javax.validation\validation-api\2.0.1.Final\cb855558e6271b1b32e716d24cb85c7f583ce09e\validation-api-2.0.1.Final.jar;C:\Users\jorge\.gradle\caches\modules-2\files-2.1\org.jboss.logging\jboss-logging\3.3.2.Final\3789d00e859632e6c6206adc0c71625559e6e3b0\jboss-logging-3.3.2.Final.jar;C:\Users\jorge\.gradle\caches\modules-2\files-2.1\com.fasterxml\classmate\1.3.4\3d5f48f10bbe4eb7bd862f10c0583be2e0053c6\classmate-1.3.4.jar;C:\Users\jorge\.gradle\caches\modules-2\files-2.1\io.projectreactor\reactor-core\3.1.8.RELEASE\3bcc30f9161d3d17abe44b4aa20e397e5170566e\reactor-core-3.1.8.RELEASE.jar;C:\Users\jorge\.gradle\caches\modules-2\files-2.1\net.minidev\json-smart\2.3\7396407491352ce4fa30de92efb158adb76b5b\json-smart-2.3.jar;C:\Users\jorge\.gradle\caches\modules-2\files-2.1\org.powermock\powermock-core\2.0.0-RC.3\f958479ea1f0d1ba37cf65b6612fccfbaf4d8dd3\powermock-core-2.0.0-RC.3.jar;C:\Users\jorge\.gradle\caches\modules-2\files-2.1\org.powermock\powermock-reflect\2.0.0-RC.3\c10437486ae35b91666c2591fd7b1a8054b4573c\powermock-reflect-2.0.0-RC.3.jar;C:\Users\jorge\.gradle\caches\modules-2\files-2.1\net.bytebuddy\byte-buddy\1.7.11\f02857a4e2c66ccbe7aaad6100a0a6c461bce9b3\byte-buddy-1.7.11.jar;C:\Users\jorge\.gradle\caches\modules-2\files-2.1\net.bytebuddy\byte-buddy-agent\1.7.11\b425a8933ca07edd03c6dbc8bc3b595fba9780de\byte-buddy-agent-1.7.11.jar;C:\Users\jorge\.gradle\caches\modules-2\files-2.1\org.objenesis\objenesis\3.0.1\11cfac598df9dc48bb9ed9357ed04212694b7808\objenesis-3.0.1.jar;C:\Users\jorge\.gradle\caches\modules-2\files-2.1\com.vaadin.external.google\android-json\0.0.20131108.vaadin1\fa26d351fe62a6a17f5cda1287c1c6110dec413f\android-json-0.0.20131108.vaadin1.jar;C:\Users\jorge\.gradle\caches\modules-2\files-2.1\ch.qos.logback\logback-core\1.2.3\864344400c3d4d92dfeb0a305dc87d953677c03c\logback-core-1.2.3.jar;C:\Users\jorge\.gradle\caches\modules-2\files-2.1\org.apache.logging.log4j\log4j-api\2.10.0\fec5797a55b786184a537abd39c3fa1449d752d6\log4j-api-2.10.0.jar;C:\Users\jorge\.gradle\caches\modules-2\files-2.1\org.apache.tomcat.embed\tomcat-embed-websocket\8.5.32\ea5302e378f1449d4e5dda79e8d810c1e7931f91\tomcat-embed-websocket-8.5.32.jar;C:\Users\jorge\.gradle\caches\modules-2\files-2.1\org.apache.tomcat.embed\tomcat-embed-core\8.5.32\6bc6896200146010cc4666bdc6b9b0cbb453ee22\tomcat-embed-core-8.5.32.jar;C:\Users\jorge\.gradle\caches\modules-2\files-2.1\org.apache.tomcat.embed\tomcat-embed-el\8.5.32\e4fd0ee015d83fa1c5ec93ff1d05bdaf9a4480c5\tomcat-embed-el-8.5.32.jar;C:\Users\jorge\.gradle\caches\modules-2\files-2.1\io.netty\netty-handler-proxy\4.1.27.Final\1a822ce7760bc6eb4937b7e448c9e081fedcc807\netty-handler-proxy-4.1.27.Final.jar;C:\Users\jorge\.gradle\caches\modules-2\files-2.1\io.netty\netty-codec-http\4.1.27.Final\a1722d6bcbbef1c4c7877e8bf38b07a3db5ed07f\netty-codec-http-4.1.27.Final.jar;C:\Users\jorge\.gradle\caches\modules-2\files-2.1\io.netty\netty-handler\4.1.27.Final\21bd9cf565390a8d72579b8664303e3c175dfc6a\netty-handler-4.1.27.Final.jar;C:\Users\jorge\.gradle\caches\modules-2\files-2.1\io.netty\netty-transport-native-epoll\4.1.27.Final\8c3a61a7dd53eafe2f0fe31356f1379598f74517\netty-transport-native-epoll-4.1.27.Final-linux-x86_64.jar;C:\Users\jorge\.gradle\caches\modules-2\files-2.1\org.reactivestreams\reactive-streams\1.0.2\323964c36556eb0e6209f65c1cef72b53b461ab8\reactive-streams-1.0.2.jar;C:\Users\jorge\.gradle\caches\modules-2\files-2.1\net.minidev\accessors-smart\1.2\c592b500269bfde36096641b01238a8350f8aa31\accessors-smart-1.2.jar;C:\Users\jorge\.gradle\caches\modules-2\files-2.1\org.javassist\javassist\3.24.0-GA\d7466fc2e3af7c023e95c510f06448ad29b225b3\javassist-3.24.0-GA.jar;C:\Users\jorge\.gradle\caches\modules-2\files-2.1\io.netty\netty-codec-socks\4.1.27.Final\285b09af98764cf02e4b77b3d95af188469a7133\netty-codec-socks-4.1.27.Final.jar;C:\Users\jorge\.gradle\caches\modules-2\files-2.1\io.netty\netty-codec\4.1.27.Final\d2653d78ebaa650064768fb26b10051f5c8efb2c\netty-codec-4.1.27.Final.jar;C:\Users\jorge\.gradle\caches\modules-2\files-2.1\io.netty\netty-transport-native-unix-common\4.1.27.Final\2b0667fe5c1df78c6cfbf9d53ad8b1fb533fb8e8\netty-transport-native-unix-common-4.1.27.Final.jar;C:\Users\jorge\.gradle\caches\modules-2\files-2.1\io.netty\netty-transport\4.1.27.Final\b5c2da3ea89dd67320925f1504c9eb3615241b7c\netty-transport-4.1.27.Final.jar;C:\Users\jorge\.gradle\caches\modules-2\files-2.1\io.netty\netty-buffer\4.1.27.Final\aafe2b9fb0d8f3b200cf10b9fd6486c6a722d7a1\netty-buffer-4.1.27.Final.jar;C:\Users\jorge\.gradle\caches\modules-2\files-2.1\io.netty\netty-resolver\4.1.27.Final\2536447ef9605ccb2b5203aa22392c6514484ea9\netty-resolver-4.1.27.Final.jar;C:\Users\jorge\.gradle\caches\modules-2\files-2.1\io.netty\netty-common\4.1.27.Final\6a12a969c27fb37b230c4bde5a67bd822fa6b7a4\netty-common-4.1.27.Final.jar;C:\Users\jorge\.gradle\caches\modules-2\files-2.1\org.ow2.asm\asm\5.0.4\da08b8cce7bbf903602a25a3a163ae252435795\asm-5.0.4.jar, user.name=jorge, java.vm.specification.version=1.8, sun.java.command=worker.org.gradle.process.internal.worker.GradleWorkerMain 'Gradle Test Executor 3', java.home=C:\Program Files\AdoptOpenJDK\jdk-8.0.242.08-hotspot\jre, sun.arch.data.model=64, user.language=en, java.specification.vendor=Oracle Corporation, awt.toolkit=sun.awt.windows.WToolkit, java.vm.info=mixed mode, java.version=1.8.0_242, java.ext.dirs=C:\Program Files\AdoptOpenJDK\jdk-8.0.242.08-hotspot\jre\lib\ext;C:\Windows\Sun\Java\lib\ext, sun.boot.class.path=C:\Program Files\AdoptOpenJDK\jdk-8.0.242.08-hotspot\jre\lib\resources.jar;C:\Program Files\AdoptOpenJDK\jdk-8.0.242.08-hotspot\jre\lib\rt.jar;C:\Program Files\AdoptOpenJDK\jdk-8.0.242.08-hotspot\jre\lib\sunrsasign.jar;C:\Program Files\AdoptOpenJDK\jdk-8.0.242.08-hotspot\jre\lib\jsse.jar;C:\Program Files\AdoptOpenJDK\jdk-8.0.242.08-hotspot\jre\lib\jce.jar;C:\Program Files\AdoptOpenJDK\jdk-8.0.242.08-hotspot\jre\lib\charsets.jar;C:\Program Files\AdoptOpenJDK\jdk-8.0.242.08-hotspot\jre\lib\jfr.jar;C:\Program Files\AdoptOpenJDK\jdk-8.0.242.08-hotspot\jre\classes, java.vendor=AdoptOpenJDK, org.gradle.test.worker=3, file.separator=\, java.vendor.url.bug=http://bugreport.sun.com/bugreport/, sun.io.unicode.encoding=UnicodeLittle, sun.cpu.endian=little, sun.desktop=windows, sun.cpu.isalist=amd64}}, SystemEnvironmentPropertySource@1007259424 {name='systemEnvironment', properties={USERDOMAIN_ROAMINGPROFILE=DESKTOP-U7U4TE6, PROCESSOR_LEVEL=6, VS140COMNTOOLS=C:\Program Files (x86)\Microsoft Visual Studio 14.0\Common7\Tools\, ALLUSERSPROFILE=C:\ProgramData, PROCESSOR_ARCHITECTURE=AMD64, PSModulePath=C:\Users\jorge\Documents\WindowsPowerShell\Modules;C:\Program Files\WindowsPowerShell\Modules;C:\Windows\system32\WindowsPowerShell\v1.0\Modules, SystemDrive=C:, =ExitCode=00000000, DIRNAME=C:\azure-devops\git\eShopOnContainers\src\Web\WebImapClient\Client\server\, USERNAME=jorge, CMD_LINE_ARGS=b, ProgramFiles(x86)=C:\Program Files (x86), APP_HOME=C:\azure-devops\git\eShopOnContainers\src\Web\WebImapClient\Client\server\, PATHEXT=.COM;.EXE;.BAT;.CMD;.VBS;.VBE;.JS;.JSE;.WSF;.WSH;.MSC;.CPL, DriverData=C:\Windows\System32\Drivers\DriverData, OneDriveConsumer=C:\Users\jorge\OneDrive, ProgramData=C:\ProgramData, ProgramW6432=C:\Program Files, HOMEPATH=\Users\jorge, PROCESSOR_IDENTIFIER=Intel64 Family 6 Model 158 Stepping 13, GenuineIntel, ProgramFiles=C:\Program Files, PUBLIC=C:\Users\Public, windir=C:\Windows, _SKIP=2, LOCALAPPDATA=C:\Users\jorge\AppData\Local, ChocolateyLastPathUpdate=132229495750090469, USERDOMAIN=DESKTOP-U7U4TE6, LOGONSERVER=\\DESKTOP-U7U4TE6, PROMPT=$P$G, OneDrive=C:\Users\jorge\OneDrive, =C:=C:\azure-devops\git\eShopOnContainers\src\Web\WebImapClient\Client\server, APPDATA=C:\Users\jorge\AppData\Roaming, JAVA_EXE=java.exe, ChocolateyInstall=C:\ProgramData\chocolatey, CommonProgramFiles=C:\Program Files\Common Files, Path=C:\Program Files\AdoptOpenJDK\jdk-8.0.242.08-hotspot\bin;C:\Program Files (x86)\Common Files\Oracle\Java\javapath;C:\Python27\;C:\Python27\Scripts;C:\ProgramData\DockerDesktop\version-bin;C:\Program Files\Docker\Docker\Resources\bin;C:\Windows\system32;C:\Windows;C:\Windows\System32\Wbem;C:\Windows\System32\WindowsPowerShell\v1.0\;C:\Windows\System32\OpenSSH\;C:\Program Files (x86)\NVIDIA Corporation\PhysX\Common;C:\Program Files\dotnet\;C:\Program Files\Microsoft SQL Server\130\Tools\Binn\;C:\Program Files\Microsoft SQL Server\Client SDK\ODBC\170\Tools\Binn\;C:\Program Files (x86)\Microsoft SQL Server\150\DTS\Binn\;C:\Program Files\Git\cmd;C:\Program Files (x86)\Microsoft ASP.NET\ASP.NET Web Pages\v1.0\;C:\Program Files\Microsoft SQL Server\110\Tools\Binn\;C:\Users\jorge\.dnx\bin;C:\Program Files\Microsoft DNX\Dnvm\;C:\Program Files\nodejs\;C:\ProgramData\chocolatey\bin;C:\Program Files\Microsoft\Web Platform Installer\;C:\Users\jorge\AppData\Local\Microsoft\WindowsApps;C:\Users\jorge\AppData\Local\Programs\Microsoft VS Code\bin;C:\Users\jorge\.dotnet\tools;C:\Users\jorge\AppData\Roaming\npm;C:\Users\jorge\AppData\Local\GitHubDesktop\bin, OS=Windows_NT, COMPUTERNAME=DESKTOP-U7U4TE6, PROCESSOR_REVISION=9e0d, CLASSPATH=C:\azure-devops\git\eShopOnContainers\src\Web\WebImapClient\Client\server\\gradle\wrapper\gradle-wrapper.jar, CommonProgramW6432=C:\Program Files\Common Files, ComSpec=C:\Windows\system32\cmd.exe, APP_BASE_NAME=gradlew, SystemRoot=C:\Windows, TEMP=C:\Users\jorge\AppData\Local\Temp, HOMEDRIVE=C:, USERPROFILE=C:\Users\jorge, TMP=C:\Users\jorge\AppData\Local\Temp, VS110COMNTOOLS=C:\Program Files (x86)\Microsoft Visual Studio 11.0\Common7\Tools\, CommonProgramFiles(x86)=C:\Program Files (x86)\Common Files, NUMBER_OF_PROCESSORS=12}}]
17:43:14.919 [Test worker] DEBUG org.springframework.web.servlet.mvc.method.annotation.RequestMappingHandlerMapping - Looking for request mappings in application context: org.springframework.test.web.servlet.setup.StubWebApplicationContext@6973bcba
17:43:14.925 [Test worker] DEBUG org.springframework.web.servlet.mvc.method.annotation.RequestMappingHandlerMapping - 17 request handler methods found on class com.marcnuri.isotope.api.folder.FolderResource: {public org.springframework.http.ResponseEntity com.marcnuri.isotope.api.folder.FolderResource.getMessage(java.lang.String,java.lang.Long)={[/v1/folders/{folderId}/messages/{messageId}],methods=[GET]}, public org.springframework.http.ResponseEntity com.marcnuri.isotope.api.folder.FolderResource.getFolders(java.lang.Boolean)={[/v1/folders],methods=[GET],produces=[application/hal+json]}, public org.springframework.http.ResponseEntity com.marcnuri.isotope.api.folder.FolderResource.setMessageFlagged(java.lang.String,java.lang.Long,boolean)={[/v1/folders/{folderId}/messages/{messageId}/flagged],methods=[PUT]}, public org.springframework.http.ResponseEntity com.marcnuri.isotope.api.folder.FolderResource.deleteAllFolderMessages(java.lang.String)={[/v1/folders/{folderId}/messages],methods=[DELETE]}, public org.springframework.http.ResponseEntity com.marcnuri.isotope.api.folder.FolderResource.createChildFolder(java.lang.String,java.lang.String)={[/v1/folders/{folderId}],methods=[POST],produces=[application/hal+json]}, public org.springframework.http.ResponseEntity com.marcnuri.isotope.api.folder.FolderResource.moveMessage(java.lang.String,java.lang.Long,java.lang.String)={[/v1/folders/{fromFolderId}/messages/{messageId}/folder/{toFolderId}],methods=[PUT]}, public org.springframework.http.ResponseEntity com.marcnuri.isotope.api.folder.FolderResource.moveMessages(java.lang.String,java.lang.String,java.util.List)={[/v1/folders/{fromFolderId}/messages/folder/{toFolderId}],methods=[PUT]}, public org.springframework.http.ResponseEntity com.marcnuri.isotope.api.folder.FolderResource.setMessageSeen(java.lang.String,java.lang.Long,boolean)={[/v1/folders/{folderId}/messages/{messageId}/seen],methods=[PUT]}, public org.springframework.http.ResponseEntity com.marcnuri.isotope.api.folder.FolderResource.setMessagesSeen(java.lang.String,java.lang.Boolean,java.util.List)={[/v1/folders/{folderId}/messages/seen/{seen}],methods=[PUT]}, public org.springframework.http.ResponseEntity com.marcnuri.isotope.api.folder.FolderResource.getAttachment(java.lang.String,java.lang.Long,java.lang.String,java.lang.Boolean,javax.servlet.http.HttpServletResponse)={[/v1/folders/{folderId}/messages/{messageId}/attachments/{id}],methods=[GET]}, public org.springframework.http.ResponseEntity com.marcnuri.isotope.api.folder.FolderResource.deleteFolder(java.lang.String)={[/v1/folders/{folderId}],methods=[DELETE],produces=[application/hal+json]}, public org.springframework.http.ResponseEntity com.marcnuri.isotope.api.folder.FolderResource.renameFolder(java.lang.String,java.lang.String)={[/v1/folders/{folderId}/name],methods=[PUT],produces=[application/hal+json]}, public org.springframework.http.ResponseEntity com.marcnuri.isotope.api.folder.FolderResource.moveFolder(java.lang.String,java.lang.String)={[/v1/folders/{folderId}/parent],methods=[PUT],produces=[application/hal+json]}, public org.springframework.http.ResponseEntity com.marcnuri.isotope.api.folder.FolderResource.createRootFolder(java.lang.String)={[/v1/folders],methods=[POST],produces=[application/hal+json]}, public org.springframework.http.ResponseEntity com.marcnuri.isotope.api.folder.FolderResource.preloadMessages(java.lang.String,java.util.List)={[/v1/folders/{folderId}/messages],methods=[GET]}, public org.springframework.http.ResponseEntity com.marcnuri.isotope.api.folder.FolderResource.deleteMessages(java.lang.String,java.util.List)={[/v1/folders/{folderId}/messages],methods=[DELETE],params=[id]}, public reactor.core.publisher.Flux com.marcnuri.isotope.api.folder.FolderResource.getMessages(java.lang.String,javax.servlet.http.HttpServletResponse)={[/v1/folders/{folderId}/messages],methods=[GET],produces=[text/event-stream]}}
17:43:14.926 [Test worker] INFO org.springframework.web.servlet.mvc.method.annotation.RequestMappingHandlerMapping - Mapped "{[/v1/folders/{folderId}/messages/{messageId}],methods=[GET]}" onto public org.springframework.http.ResponseEntity<com.marcnuri.isotope.api.message.MessageWithFolder> com.marcnuri.isotope.api.folder.FolderResource.getMessage(java.lang.String,java.lang.Long)
17:43:14.926 [Test worker] INFO org.springframework.web.servlet.mvc.method.annotation.RequestMappingHandlerMapping - Mapped "{[/v1/folders],methods=[GET],produces=[application/hal+json]}" onto public org.springframework.http.ResponseEntity<java.util.List<com.marcnuri.isotope.api.folder.Folder>> com.marcnuri.isotope.api.folder.FolderResource.getFolders(java.lang.Boolean)
17:43:14.926 [Test worker] INFO org.springframework.web.servlet.mvc.method.annotation.RequestMappingHandlerMapping - Mapped "{[/v1/folders/{folderId}/messages/{messageId}/flagged],methods=[PUT]}" onto public org.springframework.http.ResponseEntity<java.lang.Void> com.marcnuri.isotope.api.folder.FolderResource.setMessageFlagged(java.lang.String,java.lang.Long,boolean)
17:43:14.926 [Test worker] INFO org.springframework.web.servlet.mvc.method.annotation.RequestMappingHandlerMapping - Mapped "{[/v1/folders/{folderId}/messages],methods=[DELETE]}" onto public org.springframework.http.ResponseEntity<com.marcnuri.isotope.api.folder.Folder> com.marcnuri.isotope.api.folder.FolderResource.deleteAllFolderMessages(java.lang.String)
17:43:14.927 [Test worker] INFO org.springframework.web.servlet.mvc.method.annotation.RequestMappingHandlerMapping - Mapped "{[/v1/folders/{folderId}],methods=[POST],produces=[application/hal+json]}" onto public org.springframework.http.ResponseEntity<com.marcnuri.isotope.api.folder.Folder> com.marcnuri.isotope.api.folder.FolderResource.createChildFolder(java.lang.String,java.lang.String)
17:43:14.927 [Test worker] INFO org.springframework.web.servlet.mvc.method.annotation.RequestMappingHandlerMapping - Mapped "{[/v1/folders/{fromFolderId}/messages/{messageId}/folder/{toFolderId}],methods=[PUT]}" onto public org.springframework.http.ResponseEntity<java.util.List<com.marcnuri.isotope.api.message.MessageWithFolder>> com.marcnuri.isotope.api.folder.FolderResource.moveMessage(java.lang.String,java.lang.Long,java.lang.String)
17:43:14.927 [Test worker] INFO org.springframework.web.servlet.mvc.method.annotation.RequestMappingHandlerMapping - Mapped "{[/v1/folders/{fromFolderId}/messages/folder/{toFolderId}],methods=[PUT]}" onto public org.springframework.http.ResponseEntity<java.util.List<com.marcnuri.isotope.api.message.MessageWithFolder>> com.marcnuri.isotope.api.folder.FolderResource.moveMessages(java.lang.String,java.lang.String,java.util.List<java.lang.Long>)
17:43:14.927 [Test worker] INFO org.springframework.web.servlet.mvc.method.annotation.RequestMappingHandlerMapping - Mapped "{[/v1/folders/{folderId}/messages/{messageId}/seen],methods=[PUT]}" onto public org.springframework.http.ResponseEntity<java.lang.Void> com.marcnuri.isotope.api.folder.FolderResource.setMessageSeen(java.lang.String,java.lang.Long,boolean)
17:43:14.927 [Test worker] INFO org.springframework.web.servlet.mvc.method.annotation.RequestMappingHandlerMapping - Mapped "{[/v1/folders/{folderId}/messages/seen/{seen}],methods=[PUT]}" onto public org.springframework.http.ResponseEntity<java.lang.Void> com.marcnuri.isotope.api.folder.FolderResource.setMessagesSeen(java.lang.String,java.lang.Boolean,java.util.List<java.lang.Long>)
17:43:14.927 [Test worker] INFO org.springframework.web.servlet.mvc.method.annotation.RequestMappingHandlerMapping - Mapped "{[/v1/folders/{folderId}/messages/{messageId}/attachments/{id}],methods=[GET]}" onto public org.springframework.http.ResponseEntity<java.lang.Void> com.marcnuri.isotope.api.folder.FolderResource.getAttachment(java.lang.String,java.lang.Long,java.lang.String,java.lang.Boolean,javax.servlet.http.HttpServletResponse)
17:43:14.928 [Test worker] INFO org.springframework.web.servlet.mvc.method.annotation.RequestMappingHandlerMapping - Mapped "{[/v1/folders/{folderId}],methods=[DELETE],produces=[application/hal+json]}" onto public org.springframework.http.ResponseEntity<com.marcnuri.isotope.api.folder.Folder> com.marcnuri.isotope.api.folder.FolderResource.deleteFolder(java.lang.String)
17:43:14.928 [Test worker] INFO org.springframework.web.servlet.mvc.method.annotation.RequestMappingHandlerMapping - Mapped "{[/v1/folders/{folderId}/name],methods=[PUT],produces=[application/hal+json]}" onto public org.springframework.http.ResponseEntity<com.marcnuri.isotope.api.folder.Folder> com.marcnuri.isotope.api.folder.FolderResource.renameFolder(java.lang.String,java.lang.String)
17:43:14.928 [Test worker] INFO org.springframework.web.servlet.mvc.method.annotation.RequestMappingHandlerMapping - Mapped "{[/v1/folders/{folderId}/parent],methods=[PUT],produces=[application/hal+json]}" onto public org.springframework.http.ResponseEntity<com.marcnuri.isotope.api.folder.Folder> com.marcnuri.isotope.api.folder.FolderResource.moveFolder(java.lang.String,java.lang.String)
17:43:14.929 [Test worker] INFO org.springframework.web.servlet.mvc.method.annotation.RequestMappingHandlerMapping - Mapped "{[/v1/folders],methods=[POST],produces=[application/hal+json]}" onto public org.springframework.http.ResponseEntity<java.util.List<com.marcnuri.isotope.api.folder.Folder>> com.marcnuri.isotope.api.folder.FolderResource.createRootFolder(java.lang.String)
17:43:14.929 [Test worker] INFO org.springframework.web.servlet.mvc.method.annotation.RequestMappingHandlerMapping - Mapped "{[/v1/folders/{folderId}/messages],methods=[GET]}" onto public org.springframework.http.ResponseEntity<java.util.List<com.marcnuri.isotope.api.message.Message>> com.marcnuri.isotope.api.folder.FolderResource.preloadMessages(java.lang.String,java.util.List<java.lang.Long>)
17:43:14.929 [Test worker] INFO org.springframework.web.servlet.mvc.method.annotation.RequestMappingHandlerMapping - Mapped "{[/v1/folders/{folderId}/messages],methods=[DELETE],params=[id]}" onto public org.springframework.http.ResponseEntity<com.marcnuri.isotope.api.folder.Folder> com.marcnuri.isotope.api.folder.FolderResource.deleteMessages(java.lang.String,java.util.List<java.lang.Long>)
17:43:14.929 [Test worker] INFO org.springframework.web.servlet.mvc.method.annotation.RequestMappingHandlerMapping - Mapped "{[/v1/folders/{folderId}/messages],methods=[GET],produces=[text/event-stream]}" onto public reactor.core.publisher.Flux<org.springframework.http.codec.ServerSentEvent<java.util.List<com.marcnuri.isotope.api.message.Message>>> com.marcnuri.isotope.api.folder.FolderResource.getMessages(java.lang.String,javax.servlet.http.HttpServletResponse)
17:43:14.936 [Test worker] DEBUG org.hibernate.validator.internal.engine.resolver.TraversableResolvers - Cannot find javax.persistence.Persistence on classpath. Assuming non JPA 2 environment. All properties will per default be traversable.
17:43:14.936 [Test worker] DEBUG org.hibernate.validator.messageinterpolation.ResourceBundleMessageInterpolator - Loaded expression factory via original TCCL
17:43:14.936 [Test worker] DEBUG org.hibernate.validator.internal.engine.ConfigurationImpl - Setting custom MessageInterpolator of type org.springframework.validation.beanvalidation.LocaleContextMessageInterpolator
17:43:14.936 [Test worker] DEBUG org.hibernate.validator.internal.engine.ConfigurationImpl - Setting custom ParameterNameProvider of type org.springframework.validation.beanvalidation.LocalValidatorFactoryBean$1
17:43:14.936 [Test worker] DEBUG org.hibernate.validator.internal.xml.config.ValidationXmlParser - Trying to load META-INF/validation.xml for XML based Validator configuration.
17:43:14.936 [Test worker] DEBUG org.hibernate.validator.internal.xml.config.ResourceLoaderHelper - Trying to load META-INF/validation.xml via TCCL
17:43:14.937 [Test worker] DEBUG org.hibernate.validator.internal.xml.config.ResourceLoaderHelper - Trying to load META-INF/validation.xml via Hibernate Validator's class loader
17:43:14.937 [Test worker] DEBUG org.hibernate.validator.internal.xml.config.ValidationXmlParser - No META-INF/validation.xml found. Using annotation based configuration only.
17:43:14.942 [Test worker] DEBUG org.hibernate.validator.internal.engine.ValidatorFactoryImpl - HV000234: Using org.springframework.validation.beanvalidation.LocaleContextMessageInterpolator as ValidatorFactory-scoped message interpolator.
17:43:14.942 [Test worker] DEBUG org.hibernate.validator.internal.engine.ValidatorFactoryImpl - HV000234: Using org.hibernate.validator.internal.engine.resolver.TraverseAllTraversableResolver as ValidatorFactory-scoped traversable resolver.
17:43:14.942 [Test worker] DEBUG org.hibernate.validator.internal.engine.ValidatorFactoryImpl - HV000234: Using org.hibernate.validator.internal.util.ExecutableParameterNameProvider as ValidatorFactory-scoped parameter name provider.
17:43:14.942 [Test worker] DEBUG org.hibernate.validator.internal.engine.ValidatorFactoryImpl - HV000234: Using org.hibernate.validator.internal.engine.DefaultClockProvider as ValidatorFactory-scoped clock provider.
17:43:14.943 [Test worker] DEBUG org.hibernate.validator.internal.engine.ValidatorFactoryImpl - HV000234: Using org.hibernate.validator.internal.engine.scripting.DefaultScriptEvaluatorFactory as ValidatorFactory-scoped script evaluator factory.
17:43:14.943 [Test worker] INFO org.springframework.web.servlet.mvc.method.annotation.RequestMappingHandlerAdapter - Looking for @ControllerAdvice: org.springframework.test.web.servlet.setup.StubWebApplicationContext@6973bcba
17:43:14.945 [Test worker] DEBUG org.springframework.web.servlet.mvc.method.annotation.ExceptionHandlerExceptionResolver - Looking for exception mappings: org.springframework.test.web.servlet.setup.StubWebApplicationContext@6973bcba
17:43:14.945 [Test worker] DEBUG org.springframework.test.web.servlet.TestDispatcherServlet - Initializing servlet ''
17:43:14.945 [Test worker] INFO org.springframework.mock.web.MockServletContext - Initializing Spring FrameworkServlet ''
17:43:14.945 [Test worker] INFO org.springframework.test.web.servlet.TestDispatcherServlet - FrameworkServlet '': initialization started
17:43:14.945 [Test worker] DEBUG org.springframework.test.web.servlet.TestDispatcherServlet - Unable to locate MultipartResolver with name 'multipartResolver': no multipart request handling provided
17:43:14.945 [Test worker] DEBUG org.springframework.test.web.servlet.TestDispatcherServlet - Using LocaleResolver [org.springframework.web.servlet.i18n.AcceptHeaderLocaleResolver@8d8c089]
17:43:14.945 [Test worker] DEBUG org.springframework.test.web.servlet.TestDispatcherServlet - Using ThemeResolver [org.springframework.web.servlet.theme.FixedThemeResolver@3e49a039]
17:43:14.945 [Test worker] DEBUG org.springframework.test.web.servlet.TestDispatcherServlet - Using RequestToViewNameTranslator [org.springframework.web.servlet.view.DefaultRequestToViewNameTranslator@2064586c]
17:43:14.945 [Test worker] DEBUG org.springframework.test.web.servlet.TestDispatcherServlet - Using FlashMapManager [org.springframework.web.servlet.support.SessionFlashMapManager@7eb0fa4c]
17:43:14.945 [Test worker] DEBUG org.springframework.test.web.servlet.TestDispatcherServlet - Published WebApplicationContext of servlet '' as ServletContext attribute with name [org.springframework.web.servlet.FrameworkServlet.CONTEXT.]
17:43:14.945 [Test worker] INFO org.springframework.test.web.servlet.TestDispatcherServlet - FrameworkServlet '': initialization completed in 0 ms
17:43:14.945 [Test worker] DEBUG org.springframework.test.web.servlet.TestDispatcherServlet - Servlet '' configured successfully
17:43:14.946 [Test worker] DEBUG org.springframework.test.web.servlet.TestDispatcherServlet - DispatcherServlet with name '' processing PUT request for [/v1/folders/1337/messages/seen/true]
17:43:14.946 [Test worker] DEBUG org.springframework.web.servlet.mvc.method.annotation.RequestMappingHandlerMapping - Looking up handler method for path /v1/folders/1337/messages/seen/true
17:43:14.948 [Test worker] DEBUG org.springframework.web.servlet.mvc.method.annotation.RequestMappingHandlerMapping - Returning handler method [public org.springframework.http.ResponseEntity<java.lang.Void> com.marcnuri.isotope.api.folder.FolderResource.setMessagesSeen(java.lang.String,java.lang.Boolean,java.util.List<java.lang.Long>)]
17:43:14.949 [Test worker] DEBUG org.springframework.web.servlet.mvc.method.annotation.RequestResponseBodyMethodProcessor - Read [java.util.List<java.lang.Long>] as "application/json" with [org.springframework.http.converter.json.MappingJackson2HttpMessageConverter@30a2b19b]
17:43:14.951 [Test worker] DEBUG com.marcnuri.isotope.api.folder.FolderResource - Setting 1 messages in folder 1337 seen attribute to true
17:43:14.951 [Test worker] DEBUG org.springframework.beans.factory.support.DefaultListableBeanFactory - Returning cached instance of singleton bean 'prototypeImapService'
17:43:14.957 [Test worker] DEBUG org.springframework.test.web.servlet.TestDispatcherServlet - Null ModelAndView returned to DispatcherServlet with name '': assuming HandlerAdapter completed request handling
17:43:14.957 [Test worker] DEBUG org.springframework.test.web.servlet.TestDispatcherServlet - Successfully completed request
17:43:14.957 [Test worker] DEBUG org.springframework.test.context.cache.DefaultCacheAwareContextLoaderDelegate - Retrieved ApplicationContext from cache with key [[MergedContextConfiguration@690d0075 testClass = FolderResourceTest, locations = '{}', classes = '{class com.marcnuri.isotope.api.folder.FolderResource}', contextInitializerClasses = '[]', activeProfiles = '{}', propertySourceLocations = '{}', propertySourceProperties = '{}', contextCustomizers = set[org.springframework.boot.test.autoconfigure.properties.PropertyMappingContextCustomizer@0, org.springframework.boot.test.autoconfigure.web.servlet.WebDriverContextCustomizerFactory$Customizer@42a343c1, org.springframework.boot.test.context.filter.ExcludeFilterContextCustomizer@3d8dc3, org.springframework.boot.test.json.DuplicateJsonObjectContextCustomizerFactory$DuplicateJsonObjectContextCustomizer@5f493529, org.springframework.boot.test.mock.mockito.MockitoContextCustomizer@8186d819], contextLoader = 'org.springframework.test.context.support.DelegatingSmartContextLoader', parent = [null]]]
17:43:14.957 [Test worker] DEBUG org.springframework.test.context.cache - Spring test ApplicationContext cache statistics: [DefaultContextCache@11fd1fb9 size = 2, maxSize = 32, parentContextCount = 0, hitCount = 62, missCount = 2]
17:43:14.957 [Test worker] DEBUG org.springframework.beans.factory.support.DefaultListableBeanFactory - Returning cached instance of singleton bean 'org.springframework.boot.test.mock.mockito.MockitoBeans'
17:43:14.957 [Test worker] DEBUG org.springframework.test.context.cache.DefaultCacheAwareContextLoaderDelegate - Retrieved ApplicationContext from cache with key [[MergedContextConfiguration@690d0075 testClass = FolderResourceTest, locations = '{}', classes = '{class com.marcnuri.isotope.api.folder.FolderResource}', contextInitializerClasses = '[]', activeProfiles = '{}', propertySourceLocations = '{}', propertySourceProperties = '{}', contextCustomizers = set[org.springframework.boot.test.autoconfigure.properties.PropertyMappingContextCustomizer@0, org.springframework.boot.test.autoconfigure.web.servlet.WebDriverContextCustomizerFactory$Customizer@42a343c1, org.springframework.boot.test.context.filter.ExcludeFilterContextCustomizer@3d8dc3, org.springframework.boot.test.json.DuplicateJsonObjectContextCustomizerFactory$DuplicateJsonObjectContextCustomizer@5f493529, org.springframework.boot.test.mock.mockito.MockitoContextCustomizer@8186d819], contextLoader = 'org.springframework.test.context.support.DelegatingSmartContextLoader', parent = [null]]]
17:43:14.958 [Test worker] DEBUG org.springframework.test.context.cache - Spring test ApplicationContext cache statistics: [DefaultContextCache@11fd1fb9 size = 2, maxSize = 32, parentContextCount = 0, hitCount = 63, missCount = 2]
17:43:14.958 [Test worker] DEBUG org.springframework.test.context.cache.DefaultCacheAwareContextLoaderDelegate - Retrieved ApplicationContext from cache with key [[MergedContextConfiguration@690d0075 testClass = FolderResourceTest, locations = '{}', classes = '{class com.marcnuri.isotope.api.folder.FolderResource}', contextInitializerClasses = '[]', activeProfiles = '{}', propertySourceLocations = '{}', propertySourceProperties = '{}', contextCustomizers = set[org.springframework.boot.test.autoconfigure.properties.PropertyMappingContextCustomizer@0, org.springframework.boot.test.autoconfigure.web.servlet.WebDriverContextCustomizerFactory$Customizer@42a343c1, org.springframework.boot.test.context.filter.ExcludeFilterContextCustomizer@3d8dc3, org.springframework.boot.test.json.DuplicateJsonObjectContextCustomizerFactory$DuplicateJsonObjectContextCustomizer@5f493529, org.springframework.boot.test.mock.mockito.MockitoContextCustomizer@8186d819], contextLoader = 'org.springframework.test.context.support.DelegatingSmartContextLoader', parent = [null]]]
17:43:14.958 [Test worker] DEBUG org.springframework.test.context.cache - Spring test ApplicationContext cache statistics: [DefaultContextCache@11fd1fb9 size = 2, maxSize = 32, parentContextCount = 0, hitCount = 64, missCount = 2]
17:43:14.959 [Test worker] DEBUG reactor.core.publisher.Hooks - Reset to factory defaults : onLastOperator
17:43:14.959 [Test worker] DEBUG org.springframework.test.context.support.AbstractDirtiesContextTestExecutionListener - After test method: context [DefaultTestContext@1abdc0de testClass = FolderResourceTest, testInstance = com.marcnuri.isotope.api.folder.FolderResourceTest@23844908, testMethod = setMessagesSeen_validFolderAndMessages_shouldReturnNoContent@FolderResourceTest, testException = [null], mergedContextConfiguration = [MergedContextConfiguration@690d0075 testClass = FolderResourceTest, locations = '{}', classes = '{class com.marcnuri.isotope.api.folder.FolderResource}', contextInitializerClasses = '[]', activeProfiles = '{}', propertySourceLocations = '{}', propertySourceProperties = '{}', contextCustomizers = set[org.springframework.boot.test.autoconfigure.properties.PropertyMappingContextCustomizer@0, org.springframework.boot.test.autoconfigure.web.servlet.WebDriverContextCustomizerFactory$Customizer@42a343c1, org.springframework.boot.test.context.filter.ExcludeFilterContextCustomizer@3d8dc3, org.springframework.boot.test.json.DuplicateJsonObjectContextCustomizerFactory$DuplicateJsonObjectContextCustomizer@5f493529, org.springframework.boot.test.mock.mockito.MockitoContextCustomizer@8186d819], contextLoader = 'org.springframework.test.context.support.DelegatingSmartContextLoader', parent = [null]], attributes = map[[empty]]], class annotated with @DirtiesContext [false] with mode [null], method annotated with @DirtiesContext [false] with mode [null].
17:43:14.959 [Test worker] DEBUG org.springframework.test.annotation.ProfileValueUtils - Retrieved @ProfileValueSourceConfiguration [null] for test class [com.marcnuri.isotope.api.folder.FolderResourceTest]
17:43:14.959 [Test worker] DEBUG org.springframework.test.annotation.ProfileValueUtils - Retrieved ProfileValueSource type [class org.springframework.test.annotation.SystemProfileValueSource] for class [com.marcnuri.isotope.api.folder.FolderResourceTest]
17:43:14.960 [Test worker] DEBUG org.springframework.test.context.cache.DefaultCacheAwareContextLoaderDelegate - Retrieved ApplicationContext from cache with key [[MergedContextConfiguration@690d0075 testClass = FolderResourceTest, locations = '{}', classes = '{class com.marcnuri.isotope.api.folder.FolderResource}', contextInitializerClasses = '[]', activeProfiles = '{}', propertySourceLocations = '{}', propertySourceProperties = '{}', contextCustomizers = set[org.springframework.boot.test.autoconfigure.properties.PropertyMappingContextCustomizer@0, org.springframework.boot.test.autoconfigure.web.servlet.WebDriverContextCustomizerFactory$Customizer@42a343c1, org.springframework.boot.test.context.filter.ExcludeFilterContextCustomizer@3d8dc3, org.springframework.boot.test.json.DuplicateJsonObjectContextCustomizerFactory$DuplicateJsonObjectContextCustomizer@5f493529, org.springframework.boot.test.mock.mockito.MockitoContextCustomizer@8186d819], contextLoader = 'org.springframework.test.context.support.DelegatingSmartContextLoader', parent = [null]]]
17:43:14.960 [Test worker] DEBUG org.springframework.test.context.cache - Spring test ApplicationContext cache statistics: [DefaultContextCache@11fd1fb9 size = 2, maxSize = 32, parentContextCount = 0, hitCount = 65, missCount = 2]
17:43:14.960 [Test worker] DEBUG org.springframework.beans.factory.support.DefaultListableBeanFactory - Returning cached instance of singleton bean 'org.springframework.boot.test.mock.mockito.MockitoPostProcessor'
17:43:14.960 [Test worker] DEBUG org.springframework.beans.factory.support.DefaultListableBeanFactory - Returning cached instance of singleton bean 'prototypeImapService'
17:43:14.960 [Test worker] DEBUG org.springframework.test.context.support.DependencyInjectionTestExecutionListener - Performing dependency injection for test context [[DefaultTestContext@1abdc0de testClass = FolderResourceTest, testInstance = com.marcnuri.isotope.api.folder.FolderResourceTest@58fc2720, testMethod = [null], testException = [null], mergedContextConfiguration = [MergedContextConfiguration@690d0075 testClass = FolderResourceTest, locations = '{}', classes = '{class com.marcnuri.isotope.api.folder.FolderResource}', contextInitializerClasses = '[]', activeProfiles = '{}', propertySourceLocations = '{}', propertySourceProperties = '{}', contextCustomizers = set[org.springframework.boot.test.autoconfigure.properties.PropertyMappingContextCustomizer@0, org.springframework.boot.test.autoconfigure.web.servlet.WebDriverContextCustomizerFactory$Customizer@42a343c1, org.springframework.boot.test.context.filter.ExcludeFilterContextCustomizer@3d8dc3, org.springframework.boot.test.json.DuplicateJsonObjectContextCustomizerFactory$DuplicateJsonObjectContextCustomizer@5f493529, org.springframework.boot.test.mock.mockito.MockitoContextCustomizer@8186d819], contextLoader = 'org.springframework.test.context.support.DelegatingSmartContextLoader', parent = [null]], attributes = map[[empty]]]].
17:43:14.961 [Test worker] DEBUG org.springframework.test.context.cache.DefaultCacheAwareContextLoaderDelegate - Retrieved ApplicationContext from cache with key [[MergedContextConfiguration@690d0075 testClass = FolderResourceTest, locations = '{}', classes = '{class com.marcnuri.isotope.api.folder.FolderResource}', contextInitializerClasses = '[]', activeProfiles = '{}', propertySourceLocations = '{}', propertySourceProperties = '{}', contextCustomizers = set[org.springframework.boot.test.autoconfigure.properties.PropertyMappingContextCustomizer@0, org.springframework.boot.test.autoconfigure.web.servlet.WebDriverContextCustomizerFactory$Customizer@42a343c1, org.springframework.boot.test.context.filter.ExcludeFilterContextCustomizer@3d8dc3, org.springframework.boot.test.json.DuplicateJsonObjectContextCustomizerFactory$DuplicateJsonObjectContextCustomizer@5f493529, org.springframework.boot.test.mock.mockito.MockitoContextCustomizer@8186d819], contextLoader = 'org.springframework.test.context.support.DelegatingSmartContextLoader', parent = [null]]]
17:43:14.961 [Test worker] DEBUG org.springframework.test.context.cache - Spring test ApplicationContext cache statistics: [DefaultContextCache@11fd1fb9 size = 2, maxSize = 32, parentContextCount = 0, hitCount = 66, missCount = 2]
17:43:14.961 [Test worker] DEBUG org.springframework.beans.factory.annotation.InjectionMetadata - Processing injected element of bean 'com.marcnuri.isotope.api.folder.FolderResourceTest': AutowiredFieldElement for private com.marcnuri.isotope.api.folder.FolderResource com.marcnuri.isotope.api.folder.FolderResourceTest.folderResource
17:43:14.961 [Test worker] DEBUG org.springframework.beans.factory.support.DefaultListableBeanFactory - Returning cached instance of singleton bean 'folderResource'
17:43:14.961 [Test worker] DEBUG org.springframework.test.context.support.AbstractDirtiesContextTestExecutionListener - Before test method: context [DefaultTestContext@1abdc0de testClass = FolderResourceTest, testInstance = com.marcnuri.isotope.api.folder.FolderResourceTest@58fc2720, testMethod = deleteAllFolderMessages_validFolderAndValidIds_shouldReturnOk@FolderResourceTest, testException = [null], mergedContextConfiguration = [MergedContextConfiguration@690d0075 testClass = FolderResourceTest, locations = '{}', classes = '{class com.marcnuri.isotope.api.folder.FolderResource}', contextInitializerClasses = '[]', activeProfiles = '{}', propertySourceLocations = '{}', propertySourceProperties = '{}', contextCustomizers = set[org.springframework.boot.test.autoconfigure.properties.PropertyMappingContextCustomizer@0, org.springframework.boot.test.autoconfigure.web.servlet.WebDriverContextCustomizerFactory$Customizer@42a343c1, org.springframework.boot.test.context.filter.ExcludeFilterContextCustomizer@3d8dc3, org.springframework.boot.test.json.DuplicateJsonObjectContextCustomizerFactory$DuplicateJsonObjectContextCustomizer@5f493529, org.springframework.boot.test.mock.mockito.MockitoContextCustomizer@8186d819], contextLoader = 'org.springframework.test.context.support.DelegatingSmartContextLoader', parent = [null]], attributes = map[[empty]]], class annotated with @DirtiesContext [false] with mode [null], method annotated with @DirtiesContext [false] with mode [null].
17:43:14.961 [Test worker] DEBUG reactor.core.publisher.Hooks - Hooking onLastOperator: reactor.core.publisher.Operators$LiftFunction@32253147
17:43:14.962 [Test worker] DEBUG org.springframework.test.context.cache.DefaultCacheAwareContextLoaderDelegate - Retrieved ApplicationContext from cache with key [[MergedContextConfiguration@690d0075 testClass = FolderResourceTest, locations = '{}', classes = '{class com.marcnuri.isotope.api.folder.FolderResource}', contextInitializerClasses = '[]', activeProfiles = '{}', propertySourceLocations = '{}', propertySourceProperties = '{}', contextCustomizers = set[org.springframework.boot.test.autoconfigure.properties.PropertyMappingContextCustomizer@0, org.springframework.boot.test.autoconfigure.web.servlet.WebDriverContextCustomizerFactory$Customizer@42a343c1, org.springframework.boot.test.context.filter.ExcludeFilterContextCustomizer@3d8dc3, org.springframework.boot.test.json.DuplicateJsonObjectContextCustomizerFactory$DuplicateJsonObjectContextCustomizer@5f493529, org.springframework.boot.test.mock.mockito.MockitoContextCustomizer@8186d819], contextLoader = 'org.springframework.test.context.support.DelegatingSmartContextLoader', parent = [null]]]
17:43:14.962 [Test worker] DEBUG org.springframework.test.context.cache - Spring test ApplicationContext cache statistics: [DefaultContextCache@11fd1fb9 size = 2, maxSize = 32, parentContextCount = 0, hitCount = 67, missCount = 2]
17:43:14.962 [Test worker] DEBUG org.springframework.beans.factory.support.DefaultListableBeanFactory - Returning cached instance of singleton bean 'org.springframework.boot.test.mock.mockito.MockitoBeans'
17:43:14.962 [Test worker] DEBUG org.springframework.core.env.StandardEnvironment - Adding PropertySource 'systemProperties' with lowest search precedence
17:43:14.962 [Test worker] DEBUG org.springframework.core.env.StandardEnvironment - Adding PropertySource 'systemEnvironment' with lowest search precedence
17:43:14.963 [Test worker] DEBUG org.springframework.core.env.StandardEnvironment - Initialized StandardEnvironment with PropertySources [MapPropertySource@1797847805 {name='systemProperties', properties={java.runtime.name=OpenJDK Runtime Environment, sun.boot.library.path=C:\Program Files\AdoptOpenJDK\jdk-8.0.242.08-hotspot\jre\bin, java.vm.version=25.242-b08, java.vm.vendor=, java.vendor.url=http://java.oracle.com/, path.separator=;, java.vm.name=OpenJDK 64-Bit Server VM, file.encoding.pkg=sun.io, user.script=, sun.java.launcher=SUN_STANDARD, user.country=GB, sun.os.patch.level=, java.vm.specification.name=Java Virtual Machine Specification, user.dir=C:\azure-devops\git\eShopOnContainers\src\Web\WebImapClient\Client\server, java.runtime.version=1.8.0_242-b08, java.awt.graphicsenv=sun.awt.Win32GraphicsEnvironment, java.endorsed.dirs=C:\Program Files\AdoptOpenJDK\jdk-8.0.242.08-hotspot\jre\lib\endorsed, os.arch=amd64, java.io.tmpdir=C:\Users\jorge\AppData\Local\Temp\, line.separator=
, java.vm.specification.vendor=Oracle Corporation, user.variant=, os.name=Windows 10, sun.jnu.encoding=Cp1252, java.library.path=C:\Program Files\AdoptOpenJDK\jdk-8.0.242.08-hotspot\bin;C:\Windows\Sun\Java\bin;C:\Windows\system32;C:\Windows;C:\Program Files\AdoptOpenJDK\jdk-8.0.242.08-hotspot\bin;C:\Program Files (x86)\Common Files\Oracle\Java\javapath;C:\Python27\;C:\Python27\Scripts;C:\ProgramData\DockerDesktop\version-bin;C:\Program Files\Docker\Docker\Resources\bin;C:\Windows\system32;C:\Windows;C:\Windows\System32\Wbem;C:\Windows\System32\WindowsPowerShell\v1.0\;C:\Windows\System32\OpenSSH\;C:\Program Files (x86)\NVIDIA Corporation\PhysX\Common;C:\Program Files\dotnet\;C:\Program Files\Microsoft SQL Server\130\Tools\Binn\;C:\Program Files\Microsoft SQL Server\Client SDK\ODBC\170\Tools\Binn\;C:\Program Files (x86)\Microsoft SQL Server\150\DTS\Binn\;C:\Program Files\Git\cmd;C:\Program Files (x86)\Microsoft ASP.NET\ASP.NET Web Pages\v1.0\;C:\Program Files\Microsoft SQL Server\110\Tools\Binn\;C:\Users\jorge\.dnx\bin;C:\Program Files\Microsoft DNX\Dnvm\;C:\Program Files\nodejs\;C:\ProgramData\chocolatey\bin;C:\Program Files\Microsoft\Web Platform Installer\;C:\Users\jorge\AppData\Local\Microsoft\WindowsApps;C:\Users\jorge\AppData\Local\Programs\Microsoft VS Code\bin;C:\Users\jorge\.dotnet\tools;C:\Users\jorge\AppData\Roaming\npm;C:\Users\jorge\AppData\Local\GitHubDesktop\bin;., java.specification.name=Java Platform API Specification, java.class.version=52.0, org.gradle.native=false, sun.management.compiler=HotSpot 64-Bit Tiered Compilers, os.version=10.0, user.home=C:\Users\jorge, user.timezone=Europe/Paris, java.awt.printerjob=sun.awt.windows.WPrinterJob, file.encoding=windows-1252, java.specification.version=1.8, java.class.path=C:\azure-devops\git\eShopOnContainers\src\Web\WebImapClient\Client\server\build\classes\java\test;C:\azure-devops\git\eShopOnContainers\src\Web\WebImapClient\Client\server\build\resources\test;C:\azure-devops\git\eShopOnContainers\src\Web\WebImapClient\Client\server\build\classes\java\main;C:\azure-devops\git\eShopOnContainers\src\Web\WebImapClient\Client\server\build\resources\main;C:\Users\jorge\.gradle\caches\modules-2\files-2.1\org.springframework.boot\spring-boot-starter-actuator\2.0.4.RELEASE\24e901473279d9c18e0a0f8037d58b18c8297dca\spring-boot-starter-actuator-2.0.4.RELEASE.jar;C:\Users\jorge\.gradle\caches\modules-2\files-2.1\org.springframework.boot\spring-boot-starter-security\2.0.4.RELEASE\2ac314e5985fd9ae0d2acaea450f4f6c3dbd7f92\spring-boot-starter-security-2.0.4.RELEASE.jar;C:\Users\jorge\.gradle\caches\modules-2\files-2.1\org.springframework.boot\spring-boot-starter-webflux\2.0.4.RELEASE\a52fcd02fb6129e14f2b4b36acc5748368563c93\spring-boot-starter-webflux-2.0.4.RELEASE.jar;C:\Users\jorge\.gradle\caches\modules-2\files-2.1\org.springframework.boot\spring-boot-starter-test\2.0.4.RELEASE\8f473705d2742b669f0318f10a956f94a93ba3d2\spring-boot-starter-test-2.0.4.RELEASE.jar;C:\Users\jorge\.gradle\caches\modules-2\files-2.1\org.springframework.boot\spring-boot-starter-hateoas\2.0.4.RELEASE\2f115bebeffea81859c6d874457fa8db16b10747\spring-boot-starter-hateoas-2.0.4.RELEASE.jar;C:\Users\jorge\.gradle\caches\modules-2\files-2.1\org.springframework.boot\spring-boot-starter-web\2.0.4.RELEASE\98d49e981ecf804da877d84259b7b0d1ec2fb6f6\spring-boot-starter-web-2.0.4.RELEASE.jar;C:\Users\jorge\.gradle\caches\modules-2\files-2.1\org.springframework.boot\spring-boot-starter-json\2.0.4.RELEASE\c7afabf0d7c85db178da4ce0634e3bd2ddb0eb71\spring-boot-starter-json-2.0.4.RELEASE.jar;C:\Users\jorge\.gradle\caches\modules-2\files-2.1\org.springframework.boot\spring-boot-starter\2.0.4.RELEASE\ec46c63a2adeee40058eff1a6baefca13975dc94\spring-boot-starter-2.0.4.RELEASE.jar;C:\Users\jorge\.gradle\caches\modules-2\files-2.1\com.sun.mail\javax.mail\1.6.1\757ba4630692bb2a1ec2d9d57a616b63f15e947e\javax.mail-1.6.1.jar;C:\Users\jorge\.gradle\caches\modules-2\files-2.1\org.springframework.boot\spring-boot-actuator-autoconfigure\2.0.4.RELEASE\2cadc1d20a1f9ee667a608cfee154138e954f5f2\spring-boot-actuator-autoconfigure-2.0.4.RELEASE.jar;C:\Users\jorge\.gradle\caches\modules-2\files-2.1\com.fasterxml.jackson.datatype\jackson-datatype-jsr310\2.9.6\ea54f6193d224e5e5732bbd4262327eb465397c2\jackson-datatype-jsr310-2.9.6.jar;C:\Users\jorge\.gradle\caches\modules-2\files-2.1\commons-io\commons-io\2.6\815893df5f31da2ece4040fe0a12fd44b577afaf\commons-io-2.6.jar;C:\Users\jorge\.gradle\caches\modules-2\files-2.1\org.springframework.security\spring-security-test\5.0.7.RELEASE\a74c9ab10d53baa3bb7a731753fe0c6d9ab9d848\spring-security-test-5.0.7.RELEASE.jar;C:\Users\jorge\.gradle\caches\modules-2\files-2.1\com.marcnuri\spring-common-test\0.0.2\da9c2c5e849c7dcbbe99d190bedffa5e6fe450a5\spring-common-test-0.0.2.jar;C:\Users\jorge\.gradle\caches\modules-2\files-2.1\org.hamcrest\java-hamcrest\2.0.0.0\f1c8853ade0ecf707f5a261c830e98893983813\java-hamcrest-2.0.0.0.jar;C:\Users\jorge\.gradle\caches\modules-2\files-2.1\org.powermock\powermock-module-junit4\2.0.0-RC.3\b9a04b492e2b93e93617ba457f76aebbf00fc221\powermock-module-junit4-2.0.0-RC.3.jar;C:\Users\jorge\.gradle\caches\modules-2\files-2.1\org.powermock\powermock-api-mockito2\2.0.0-RC.3\f85a8404be063ef15c5fdd3745b11d2fba875fcd\powermock-api-mockito2-2.0.0-RC.3.jar;C:\Users\jorge\.gradle\caches\modules-2\files-2.1\org.springframework.boot\spring-boot-test-autoconfigure\2.0.4.RELEASE\8a2e3f31e607fdb08deda2f59263ce177f1c4310\spring-boot-test-autoconfigure-2.0.4.RELEASE.jar;C:\Users\jorge\.gradle\caches\modules-2\files-2.1\org.springframework.boot\spring-boot-test\2.0.4.RELEASE\8a17fc3cf16b6d75f2ba132ade04409a670095de\spring-boot-test-2.0.4.RELEASE.jar;C:\Users\jorge\.gradle\caches\modules-2\files-2.1\org.springframework.boot\spring-boot-autoconfigure\2.0.4.RELEASE\65cd1244d606acc02ab7bfc47a203a3fe2400dda\spring-boot-autoconfigure-2.0.4.RELEASE.jar;C:\Users\jorge\.gradle\caches\modules-2\files-2.1\org.springframework.boot\spring-boot-actuator\2.0.4.RELEASE\9c02c968eb50a7cdc14fc4c7b586d767df6dc48d\spring-boot-actuator-2.0.4.RELEASE.jar;C:\Users\jorge\.gradle\caches\modules-2\files-2.1\org.springframework.boot\spring-boot\2.0.4.RELEASE\c8619c5b06d4dcdb4cac1e5e9c839e6e8b1c8574\spring-boot-2.0.4.RELEASE.jar;C:\Users\jorge\.gradle\caches\modules-2\files-2.1\org.springframework.boot\spring-boot-starter-logging\2.0.4.RELEASE\dcd1a2c431c970f44adae64d9145133979a513ab\spring-boot-starter-logging-2.0.4.RELEASE.jar;C:\Users\jorge\.gradle\caches\modules-2\files-2.1\org.springframework.boot\spring-boot-starter-tomcat\2.0.4.RELEASE\dcf28989a34b0801fea0e810c371fb9dab1e7784\spring-boot-starter-tomcat-2.0.4.RELEASE.jar;C:\Users\jorge\.gradle\caches\modules-2\files-2.1\javax.annotation\javax.annotation-api\1.3.2\934c04d3cfef185a8008e7bf34331b79730a9d43\javax.annotation-api-1.3.2.jar;C:\Users\jorge\.gradle\caches\modules-2\files-2.1\org.springframework.security\spring-security-config\5.0.7.RELEASE\d702e01048687db4ec6c97fb32d28ffbe348b3e\spring-security-config-5.0.7.RELEASE.jar;C:\Users\jorge\.gradle\caches\modules-2\files-2.1\org.springframework.security\spring-security-web\5.0.7.RELEASE\bab3ed579d4550bb5cc40b0a7fddd0106db7c66\spring-security-web-5.0.7.RELEASE.jar;C:\Users\jorge\.gradle\caches\modules-2\files-2.1\org.springframework.hateoas\spring-hateoas\0.25.0.RELEASE\22d1abd575426709734ab83e7d81d6deb4addbf6\spring-hateoas-0.25.0.RELEASE.jar;C:\Users\jorge\.gradle\caches\modules-2\files-2.1\org.springframework\spring-webflux\5.0.8.RELEASE\d16ce1cf6f95771e821619d6ef13c1f0333fafb\spring-webflux-5.0.8.RELEASE.jar;C:\Users\jorge\.gradle\caches\modules-2\files-2.1\org.springframework\spring-webmvc\5.0.8.RELEASE\7e5fe57590ca8e4468e50fe1d92b0b67aa4a327a\spring-webmvc-5.0.8.RELEASE.jar;C:\Users\jorge\.gradle\caches\modules-2\files-2.1\org.springframework\spring-web\5.0.8.RELEASE\fa43cdadb4ab2491fd1d0ddb06c0808e4b60fc85\spring-web-5.0.8.RELEASE.jar;C:\Users\jorge\.gradle\caches\modules-2\files-2.1\org.springframework\spring-test\5.0.8.RELEASE\5782619373bd7e7b7d9106203c317b04bb613ebb\spring-test-5.0.8.RELEASE.jar;C:\Users\jorge\.gradle\caches\modules-2\files-2.1\org.springframework.security\spring-security-core\5.0.7.RELEASE\40a0c57af6b4c3f8c611216d2579c6ab19672694\spring-security-core-5.0.7.RELEASE.jar;C:\Users\jorge\.gradle\caches\modules-2\files-2.1\org.springframework.plugin\spring-plugin-core\1.2.0.RELEASE\f380e7760032e7d929184f8ad8a33716b75c0657\spring-plugin-core-1.2.0.RELEASE.jar;C:\Users\jorge\.gradle\caches\modules-2\files-2.1\org.springframework\spring-context\5.0.8.RELEASE\3a067d8990761111c9b6d1d895640be26cc1fb38\spring-context-5.0.8.RELEASE.jar;C:\Users\jorge\.gradle\caches\modules-2\files-2.1\org.springframework\spring-aop\5.0.8.RELEASE\f5086c1a3185c481104511837427b39a07a57aa2\spring-aop-5.0.8.RELEASE.jar;C:\Users\jorge\.gradle\caches\modules-2\files-2.1\org.springframework\spring-beans\5.0.8.RELEASE\5fc965d3e7f5515099244857a8ae9e2a208c169b\spring-beans-5.0.8.RELEASE.jar;C:\Users\jorge\.gradle\caches\modules-2\files-2.1\org.springframework\spring-expression\5.0.8.RELEASE\f23158f22c917df2cddf2ecebc398a9e95f95fae\spring-expression-5.0.8.RELEASE.jar;C:\Users\jorge\.gradle\caches\modules-2\files-2.1\org.springframework\spring-core\5.0.8.RELEASE\dc39c49e3246cdf73d3786ac41119140aed3fa08\spring-core-5.0.8.RELEASE.jar;C:\Users\jorge\.gradle\caches\modules-2\files-2.1\org.yaml\snakeyaml\1.19\2d998d3d674b172a588e54ab619854d073f555b5\snakeyaml-1.19.jar;C:\Users\jorge\.gradle\caches\modules-2\files-2.1\io.micrometer\micrometer-core\1.0.6\50299bc8a34c251d62311bbb1a297f3942a82e42\micrometer-core-1.0.6.jar;C:\Users\jorge\.gradle\caches\modules-2\files-2.1\org.springframework.boot\spring-boot-starter-reactor-netty\2.0.4.RELEASE\ed4ac88f7fc699a9cbb6ee804a26e2e30239ca35\spring-boot-starter-reactor-netty-2.0.4.RELEASE.jar;C:\Users\jorge\.gradle\caches\modules-2\files-2.1\org.hibernate.validator\hibernate-validator\6.0.11.Final\36f9d10a11e4768f55e8fb91ebe4338a5c43954e\hibernate-validator-6.0.11.Final.jar;C:\Users\jorge\.gradle\caches\modules-2\files-2.1\org.synchronoss.cloud\nio-multipart-parser\1.1.0\c6c417fec6612584b1c34d4dd98c5a4e47e8c754\nio-multipart-parser-1.1.0.jar;C:\Users\jorge\.gradle\caches\modules-2\files-2.1\javax.activation\activation\1.1\e6cb541461c2834bdea3eb920f1884d1eb508b50\activation-1.1.jar;C:\Users\jorge\.gradle\caches\modules-2\files-2.1\com.fasterxml.jackson.datatype\jackson-datatype-jdk8\2.9.6\456895fc91bf7180b216fead220373e6278230c9\jackson-datatype-jdk8-2.9.6.jar;C:\Users\jorge\.gradle\caches\modules-2\files-2.1\com.fasterxml.jackson.module\jackson-module-parameter-names\2.9.6\129acd77a4b6ee30d62d3a0899b1344c8ec2bff8\jackson-module-parameter-names-2.9.6.jar;C:\Users\jorge\.gradle\caches\modules-2\files-2.1\com.fasterxml.jackson.core\jackson-databind\2.9.6\cfa4f316351a91bfd95cb0644c6a2c95f52db1fc\jackson-databind-2.9.6.jar;C:\Users\jorge\.gradle\caches\modules-2\files-2.1\com.fasterxml.jackson.core\jackson-annotations\2.9.0\7c10d545325e3a6e72e06381afe469fd40eb701\jackson-annotations-2.9.0.jar;C:\Users\jorge\.gradle\caches\modules-2\files-2.1\com.fasterxml.jackson.core\jackson-core\2.9.6\4e393793c37c77e042ccc7be5a914ae39251b365\jackson-core-2.9.6.jar;C:\Users\jorge\.gradle\caches\modules-2\files-2.1\com.jayway.jsonpath\json-path\2.4.0\765a4401ceb2dc8d40553c2075eb80a8fa35c2ae\json-path-2.4.0.jar;C:\Users\jorge\.gradle\caches\modules-2\files-2.1\org.powermock\powermock-module-junit4-common\2.0.0-RC.3\f09137abdf1aeea2df214037eab50ed864602c9a\powermock-module-junit4-common-2.0.0-RC.3.jar;C:\Users\jorge\.gradle\caches\modules-2\files-2.1\junit\junit\4.12\2973d150c0dc1fefe998f834810d68f278ea58ec\junit-4.12.jar;C:\Users\jorge\.gradle\caches\modules-2\files-2.1\org.assertj\assertj-core\3.9.1\c5ce126b15f28d56cd8f960c1a6a058b9c9aea87\assertj-core-3.9.1.jar;C:\Users\jorge\.gradle\caches\modules-2\files-2.1\org.mockito\mockito-core\2.15.0\b84bfbbc29cd22c9529409627af6ea2897f4fa85\mockito-core-2.15.0.jar;C:\Users\jorge\.gradle\caches\modules-2\files-2.1\org.hamcrest\hamcrest-library\1.3\4785a3c21320980282f9f33d0d1264a69040538f\hamcrest-library-1.3.jar;C:\Users\jorge\.gradle\caches\modules-2\files-2.1\org.hamcrest\hamcrest-core\1.3\42a25dc3219429f0e5d060061f71acb49bf010a0\hamcrest-core-1.3.jar;C:\Users\jorge\.gradle\caches\modules-2\files-2.1\org.skyscreamer\jsonassert\1.5.0\6c9d5fe2f59da598d9aefc1cfc6528ff3cf32df3\jsonassert-1.5.0.jar;C:\Users\jorge\.gradle\caches\modules-2\files-2.1\org.xmlunit\xmlunit-core\2.5.1\4ffdb346572a7356f7521cd3119ce5287d2e339d\xmlunit-core-2.5.1.jar;C:\Users\jorge\.gradle\caches\modules-2\files-2.1\org.powermock\powermock-api-support\2.0.0-RC.3\a23d6bdbcf865513c9f6992134152be80504e499\powermock-api-support-2.0.0-RC.3.jar;C:\Users\jorge\.gradle\caches\modules-2\files-2.1\ch.qos.logback\logback-classic\1.2.3\7c4f3c474fb2c041d8028740440937705ebb473a\logback-classic-1.2.3.jar;C:\Users\jorge\.gradle\caches\modules-2\files-2.1\org.apache.logging.log4j\log4j-to-slf4j\2.10.0\f7e631ccf49cfc0aefa4a2a728da7d374c05bd3c\log4j-to-slf4j-2.10.0.jar;C:\Users\jorge\.gradle\caches\modules-2\files-2.1\org.slf4j\jul-to-slf4j\1.7.25\af5364cd6679bfffb114f0dec8a157aaa283b76\jul-to-slf4j-1.7.25.jar;C:\Users\jorge\.gradle\caches\modules-2\files-2.1\org.springframework\spring-jcl\5.0.8.RELEASE\a1fa8fb560fb252321776e16bc9ac8201af4ef5e\spring-jcl-5.0.8.RELEASE.jar;C:\Users\jorge\.gradle\caches\modules-2\files-2.1\org.hdrhistogram\HdrHistogram\2.1.10\9e1ac84eed220281841b75e72fb9de5a297fbf04\HdrHistogram-2.1.10.jar;C:\Users\jorge\.gradle\caches\modules-2\files-2.1\org.latencyutils\LatencyUtils\2.0.3\769c0b82cb2421c8256300e907298a9410a2a3d3\LatencyUtils-2.0.3.jar;C:\Users\jorge\.gradle\caches\modules-2\files-2.1\org.synchronoss.cloud\nio-stream-storage\1.1.3\986dba5f6e5eed20f0dba6ddc8e8a64a9ebdc2f3\nio-stream-storage-1.1.3.jar;C:\Users\jorge\.gradle\caches\modules-2\files-2.1\org.slf4j\slf4j-api\1.7.25\da76ca59f6a57ee3102f8f9bd9cee742973efa8a\slf4j-api-1.7.25.jar;C:\Users\jorge\.gradle\caches\modules-2\files-2.1\io.projectreactor.ipc\reactor-netty\0.7.8.RELEASE\fe25c7d3042b6005690f7d243cef987b696a12ee\reactor-netty-0.7.8.RELEASE.jar;C:\Users\jorge\.gradle\caches\modules-2\files-2.1\javax.validation\validation-api\2.0.1.Final\cb855558e6271b1b32e716d24cb85c7f583ce09e\validation-api-2.0.1.Final.jar;C:\Users\jorge\.gradle\caches\modules-2\files-2.1\org.jboss.logging\jboss-logging\3.3.2.Final\3789d00e859632e6c6206adc0c71625559e6e3b0\jboss-logging-3.3.2.Final.jar;C:\Users\jorge\.gradle\caches\modules-2\files-2.1\com.fasterxml\classmate\1.3.4\3d5f48f10bbe4eb7bd862f10c0583be2e0053c6\classmate-1.3.4.jar;C:\Users\jorge\.gradle\caches\modules-2\files-2.1\io.projectreactor\reactor-core\3.1.8.RELEASE\3bcc30f9161d3d17abe44b4aa20e397e5170566e\reactor-core-3.1.8.RELEASE.jar;C:\Users\jorge\.gradle\caches\modules-2\files-2.1\net.minidev\json-smart\2.3\7396407491352ce4fa30de92efb158adb76b5b\json-smart-2.3.jar;C:\Users\jorge\.gradle\caches\modules-2\files-2.1\org.powermock\powermock-core\2.0.0-RC.3\f958479ea1f0d1ba37cf65b6612fccfbaf4d8dd3\powermock-core-2.0.0-RC.3.jar;C:\Users\jorge\.gradle\caches\modules-2\files-2.1\org.powermock\powermock-reflect\2.0.0-RC.3\c10437486ae35b91666c2591fd7b1a8054b4573c\powermock-reflect-2.0.0-RC.3.jar;C:\Users\jorge\.gradle\caches\modules-2\files-2.1\net.bytebuddy\byte-buddy\1.7.11\f02857a4e2c66ccbe7aaad6100a0a6c461bce9b3\byte-buddy-1.7.11.jar;C:\Users\jorge\.gradle\caches\modules-2\files-2.1\net.bytebuddy\byte-buddy-agent\1.7.11\b425a8933ca07edd03c6dbc8bc3b595fba9780de\byte-buddy-agent-1.7.11.jar;C:\Users\jorge\.gradle\caches\modules-2\files-2.1\org.objenesis\objenesis\3.0.1\11cfac598df9dc48bb9ed9357ed04212694b7808\objenesis-3.0.1.jar;C:\Users\jorge\.gradle\caches\modules-2\files-2.1\com.vaadin.external.google\android-json\0.0.20131108.vaadin1\fa26d351fe62a6a17f5cda1287c1c6110dec413f\android-json-0.0.20131108.vaadin1.jar;C:\Users\jorge\.gradle\caches\modules-2\files-2.1\ch.qos.logback\logback-core\1.2.3\864344400c3d4d92dfeb0a305dc87d953677c03c\logback-core-1.2.3.jar;C:\Users\jorge\.gradle\caches\modules-2\files-2.1\org.apache.logging.log4j\log4j-api\2.10.0\fec5797a55b786184a537abd39c3fa1449d752d6\log4j-api-2.10.0.jar;C:\Users\jorge\.gradle\caches\modules-2\files-2.1\org.apache.tomcat.embed\tomcat-embed-websocket\8.5.32\ea5302e378f1449d4e5dda79e8d810c1e7931f91\tomcat-embed-websocket-8.5.32.jar;C:\Users\jorge\.gradle\caches\modules-2\files-2.1\org.apache.tomcat.embed\tomcat-embed-core\8.5.32\6bc6896200146010cc4666bdc6b9b0cbb453ee22\tomcat-embed-core-8.5.32.jar;C:\Users\jorge\.gradle\caches\modules-2\files-2.1\org.apache.tomcat.embed\tomcat-embed-el\8.5.32\e4fd0ee015d83fa1c5ec93ff1d05bdaf9a4480c5\tomcat-embed-el-8.5.32.jar;C:\Users\jorge\.gradle\caches\modules-2\files-2.1\io.netty\netty-handler-proxy\4.1.27.Final\1a822ce7760bc6eb4937b7e448c9e081fedcc807\netty-handler-proxy-4.1.27.Final.jar;C:\Users\jorge\.gradle\caches\modules-2\files-2.1\io.netty\netty-codec-http\4.1.27.Final\a1722d6bcbbef1c4c7877e8bf38b07a3db5ed07f\netty-codec-http-4.1.27.Final.jar;C:\Users\jorge\.gradle\caches\modules-2\files-2.1\io.netty\netty-handler\4.1.27.Final\21bd9cf565390a8d72579b8664303e3c175dfc6a\netty-handler-4.1.27.Final.jar;C:\Users\jorge\.gradle\caches\modules-2\files-2.1\io.netty\netty-transport-native-epoll\4.1.27.Final\8c3a61a7dd53eafe2f0fe31356f1379598f74517\netty-transport-native-epoll-4.1.27.Final-linux-x86_64.jar;C:\Users\jorge\.gradle\caches\modules-2\files-2.1\org.reactivestreams\reactive-streams\1.0.2\323964c36556eb0e6209f65c1cef72b53b461ab8\reactive-streams-1.0.2.jar;C:\Users\jorge\.gradle\caches\modules-2\files-2.1\net.minidev\accessors-smart\1.2\c592b500269bfde36096641b01238a8350f8aa31\accessors-smart-1.2.jar;C:\Users\jorge\.gradle\caches\modules-2\files-2.1\org.javassist\javassist\3.24.0-GA\d7466fc2e3af7c023e95c510f06448ad29b225b3\javassist-3.24.0-GA.jar;C:\Users\jorge\.gradle\caches\modules-2\files-2.1\io.netty\netty-codec-socks\4.1.27.Final\285b09af98764cf02e4b77b3d95af188469a7133\netty-codec-socks-4.1.27.Final.jar;C:\Users\jorge\.gradle\caches\modules-2\files-2.1\io.netty\netty-codec\4.1.27.Final\d2653d78ebaa650064768fb26b10051f5c8efb2c\netty-codec-4.1.27.Final.jar;C:\Users\jorge\.gradle\caches\modules-2\files-2.1\io.netty\netty-transport-native-unix-common\4.1.27.Final\2b0667fe5c1df78c6cfbf9d53ad8b1fb533fb8e8\netty-transport-native-unix-common-4.1.27.Final.jar;C:\Users\jorge\.gradle\caches\modules-2\files-2.1\io.netty\netty-transport\4.1.27.Final\b5c2da3ea89dd67320925f1504c9eb3615241b7c\netty-transport-4.1.27.Final.jar;C:\Users\jorge\.gradle\caches\modules-2\files-2.1\io.netty\netty-buffer\4.1.27.Final\aafe2b9fb0d8f3b200cf10b9fd6486c6a722d7a1\netty-buffer-4.1.27.Final.jar;C:\Users\jorge\.gradle\caches\modules-2\files-2.1\io.netty\netty-resolver\4.1.27.Final\2536447ef9605ccb2b5203aa22392c6514484ea9\netty-resolver-4.1.27.Final.jar;C:\Users\jorge\.gradle\caches\modules-2\files-2.1\io.netty\netty-common\4.1.27.Final\6a12a969c27fb37b230c4bde5a67bd822fa6b7a4\netty-common-4.1.27.Final.jar;C:\Users\jorge\.gradle\caches\modules-2\files-2.1\org.ow2.asm\asm\5.0.4\da08b8cce7bbf903602a25a3a163ae252435795\asm-5.0.4.jar, user.name=jorge, java.vm.specification.version=1.8, sun.java.command=worker.org.gradle.process.internal.worker.GradleWorkerMain 'Gradle Test Executor 3', java.home=C:\Program Files\AdoptOpenJDK\jdk-8.0.242.08-hotspot\jre, sun.arch.data.model=64, user.language=en, java.specification.vendor=Oracle Corporation, awt.toolkit=sun.awt.windows.WToolkit, java.vm.info=mixed mode, java.version=1.8.0_242, java.ext.dirs=C:\Program Files\AdoptOpenJDK\jdk-8.0.242.08-hotspot\jre\lib\ext;C:\Windows\Sun\Java\lib\ext, sun.boot.class.path=C:\Program Files\AdoptOpenJDK\jdk-8.0.242.08-hotspot\jre\lib\resources.jar;C:\Program Files\AdoptOpenJDK\jdk-8.0.242.08-hotspot\jre\lib\rt.jar;C:\Program Files\AdoptOpenJDK\jdk-8.0.242.08-hotspot\jre\lib\sunrsasign.jar;C:\Program Files\AdoptOpenJDK\jdk-8.0.242.08-hotspot\jre\lib\jsse.jar;C:\Program Files\AdoptOpenJDK\jdk-8.0.242.08-hotspot\jre\lib\jce.jar;C:\Program Files\AdoptOpenJDK\jdk-8.0.242.08-hotspot\jre\lib\charsets.jar;C:\Program Files\AdoptOpenJDK\jdk-8.0.242.08-hotspot\jre\lib\jfr.jar;C:\Program Files\AdoptOpenJDK\jdk-8.0.242.08-hotspot\jre\classes, java.vendor=AdoptOpenJDK, org.gradle.test.worker=3, file.separator=\, java.vendor.url.bug=http://bugreport.sun.com/bugreport/, sun.io.unicode.encoding=UnicodeLittle, sun.cpu.endian=little, sun.desktop=windows, sun.cpu.isalist=amd64}}, SystemEnvironmentPropertySource@1381242271 {name='systemEnvironment', properties={USERDOMAIN_ROAMINGPROFILE=DESKTOP-U7U4TE6, PROCESSOR_LEVEL=6, VS140COMNTOOLS=C:\Program Files (x86)\Microsoft Visual Studio 14.0\Common7\Tools\, ALLUSERSPROFILE=C:\ProgramData, PROCESSOR_ARCHITECTURE=AMD64, PSModulePath=C:\Users\jorge\Documents\WindowsPowerShell\Modules;C:\Program Files\WindowsPowerShell\Modules;C:\Windows\system32\WindowsPowerShell\v1.0\Modules, SystemDrive=C:, =ExitCode=00000000, DIRNAME=C:\azure-devops\git\eShopOnContainers\src\Web\WebImapClient\Client\server\, USERNAME=jorge, CMD_LINE_ARGS=b, ProgramFiles(x86)=C:\Program Files (x86), APP_HOME=C:\azure-devops\git\eShopOnContainers\src\Web\WebImapClient\Client\server\, PATHEXT=.COM;.EXE;.BAT;.CMD;.VBS;.VBE;.JS;.JSE;.WSF;.WSH;.MSC;.CPL, DriverData=C:\Windows\System32\Drivers\DriverData, OneDriveConsumer=C:\Users\jorge\OneDrive, ProgramData=C:\ProgramData, ProgramW6432=C:\Program Files, HOMEPATH=\Users\jorge, PROCESSOR_IDENTIFIER=Intel64 Family 6 Model 158 Stepping 13, GenuineIntel, ProgramFiles=C:\Program Files, PUBLIC=C:\Users\Public, windir=C:\Windows, _SKIP=2, LOCALAPPDATA=C:\Users\jorge\AppData\Local, ChocolateyLastPathUpdate=132229495750090469, USERDOMAIN=DESKTOP-U7U4TE6, LOGONSERVER=\\DESKTOP-U7U4TE6, PROMPT=$P$G, OneDrive=C:\Users\jorge\OneDrive, =C:=C:\azure-devops\git\eShopOnContainers\src\Web\WebImapClient\Client\server, APPDATA=C:\Users\jorge\AppData\Roaming, JAVA_EXE=java.exe, ChocolateyInstall=C:\ProgramData\chocolatey, CommonProgramFiles=C:\Program Files\Common Files, Path=C:\Program Files\AdoptOpenJDK\jdk-8.0.242.08-hotspot\bin;C:\Program Files (x86)\Common Files\Oracle\Java\javapath;C:\Python27\;C:\Python27\Scripts;C:\ProgramData\DockerDesktop\version-bin;C:\Program Files\Docker\Docker\Resources\bin;C:\Windows\system32;C:\Windows;C:\Windows\System32\Wbem;C:\Windows\System32\WindowsPowerShell\v1.0\;C:\Windows\System32\OpenSSH\;C:\Program Files (x86)\NVIDIA Corporation\PhysX\Common;C:\Program Files\dotnet\;C:\Program Files\Microsoft SQL Server\130\Tools\Binn\;C:\Program Files\Microsoft SQL Server\Client SDK\ODBC\170\Tools\Binn\;C:\Program Files (x86)\Microsoft SQL Server\150\DTS\Binn\;C:\Program Files\Git\cmd;C:\Program Files (x86)\Microsoft ASP.NET\ASP.NET Web Pages\v1.0\;C:\Program Files\Microsoft SQL Server\110\Tools\Binn\;C:\Users\jorge\.dnx\bin;C:\Program Files\Microsoft DNX\Dnvm\;C:\Program Files\nodejs\;C:\ProgramData\chocolatey\bin;C:\Program Files\Microsoft\Web Platform Installer\;C:\Users\jorge\AppData\Local\Microsoft\WindowsApps;C:\Users\jorge\AppData\Local\Programs\Microsoft VS Code\bin;C:\Users\jorge\.dotnet\tools;C:\Users\jorge\AppData\Roaming\npm;C:\Users\jorge\AppData\Local\GitHubDesktop\bin, OS=Windows_NT, COMPUTERNAME=DESKTOP-U7U4TE6, PROCESSOR_REVISION=9e0d, CLASSPATH=C:\azure-devops\git\eShopOnContainers\src\Web\WebImapClient\Client\server\\gradle\wrapper\gradle-wrapper.jar, CommonProgramW6432=C:\Program Files\Common Files, ComSpec=C:\Windows\system32\cmd.exe, APP_BASE_NAME=gradlew, SystemRoot=C:\Windows, TEMP=C:\Users\jorge\AppData\Local\Temp, HOMEDRIVE=C:, USERPROFILE=C:\Users\jorge, TMP=C:\Users\jorge\AppData\Local\Temp, VS110COMNTOOLS=C:\Program Files (x86)\Microsoft Visual Studio 11.0\Common7\Tools\, CommonProgramFiles(x86)=C:\Program Files (x86)\Common Files, NUMBER_OF_PROCESSORS=12}}]
17:43:14.964 [Test worker] DEBUG org.springframework.web.servlet.mvc.method.annotation.RequestMappingHandlerMapping - Looking for request mappings in application context: org.springframework.test.web.servlet.setup.StubWebApplicationContext@386a462b
17:43:14.969 [Test worker] DEBUG org.springframework.web.servlet.mvc.method.annotation.RequestMappingHandlerMapping - 17 request handler methods found on class com.marcnuri.isotope.api.folder.FolderResource: {public org.springframework.http.ResponseEntity com.marcnuri.isotope.api.folder.FolderResource.getMessage(java.lang.String,java.lang.Long)={[/v1/folders/{folderId}/messages/{messageId}],methods=[GET]}, public org.springframework.http.ResponseEntity com.marcnuri.isotope.api.folder.FolderResource.getFolders(java.lang.Boolean)={[/v1/folders],methods=[GET],produces=[application/hal+json]}, public org.springframework.http.ResponseEntity com.marcnuri.isotope.api.folder.FolderResource.setMessageFlagged(java.lang.String,java.lang.Long,boolean)={[/v1/folders/{folderId}/messages/{messageId}/flagged],methods=[PUT]}, public org.springframework.http.ResponseEntity com.marcnuri.isotope.api.folder.FolderResource.deleteAllFolderMessages(java.lang.String)={[/v1/folders/{folderId}/messages],methods=[DELETE]}, public org.springframework.http.ResponseEntity com.marcnuri.isotope.api.folder.FolderResource.createChildFolder(java.lang.String,java.lang.String)={[/v1/folders/{folderId}],methods=[POST],produces=[application/hal+json]}, public org.springframework.http.ResponseEntity com.marcnuri.isotope.api.folder.FolderResource.moveMessage(java.lang.String,java.lang.Long,java.lang.String)={[/v1/folders/{fromFolderId}/messages/{messageId}/folder/{toFolderId}],methods=[PUT]}, public org.springframework.http.ResponseEntity com.marcnuri.isotope.api.folder.FolderResource.moveMessages(java.lang.String,java.lang.String,java.util.List)={[/v1/folders/{fromFolderId}/messages/folder/{toFolderId}],methods=[PUT]}, public org.springframework.http.ResponseEntity com.marcnuri.isotope.api.folder.FolderResource.setMessageSeen(java.lang.String,java.lang.Long,boolean)={[/v1/folders/{folderId}/messages/{messageId}/seen],methods=[PUT]}, public org.springframework.http.ResponseEntity com.marcnuri.isotope.api.folder.FolderResource.setMessagesSeen(java.lang.String,java.lang.Boolean,java.util.List)={[/v1/folders/{folderId}/messages/seen/{seen}],methods=[PUT]}, public org.springframework.http.ResponseEntity com.marcnuri.isotope.api.folder.FolderResource.getAttachment(java.lang.String,java.lang.Long,java.lang.String,java.lang.Boolean,javax.servlet.http.HttpServletResponse)={[/v1/folders/{folderId}/messages/{messageId}/attachments/{id}],methods=[GET]}, public org.springframework.http.ResponseEntity com.marcnuri.isotope.api.folder.FolderResource.deleteFolder(java.lang.String)={[/v1/folders/{folderId}],methods=[DELETE],produces=[application/hal+json]}, public org.springframework.http.ResponseEntity com.marcnuri.isotope.api.folder.FolderResource.renameFolder(java.lang.String,java.lang.String)={[/v1/folders/{folderId}/name],methods=[PUT],produces=[application/hal+json]}, public org.springframework.http.ResponseEntity com.marcnuri.isotope.api.folder.FolderResource.moveFolder(java.lang.String,java.lang.String)={[/v1/folders/{folderId}/parent],methods=[PUT],produces=[application/hal+json]}, public org.springframework.http.ResponseEntity com.marcnuri.isotope.api.folder.FolderResource.createRootFolder(java.lang.String)={[/v1/folders],methods=[POST],produces=[application/hal+json]}, public org.springframework.http.ResponseEntity com.marcnuri.isotope.api.folder.FolderResource.preloadMessages(java.lang.String,java.util.List)={[/v1/folders/{folderId}/messages],methods=[GET]}, public org.springframework.http.ResponseEntity com.marcnuri.isotope.api.folder.FolderResource.deleteMessages(java.lang.String,java.util.List)={[/v1/folders/{folderId}/messages],methods=[DELETE],params=[id]}, public reactor.core.publisher.Flux com.marcnuri.isotope.api.folder.FolderResource.getMessages(java.lang.String,javax.servlet.http.HttpServletResponse)={[/v1/folders/{folderId}/messages],methods=[GET],produces=[text/event-stream]}}
17:43:14.969 [Test worker] INFO org.springframework.web.servlet.mvc.method.annotation.RequestMappingHandlerMapping - Mapped "{[/v1/folders/{folderId}/messages/{messageId}],methods=[GET]}" onto public org.springframework.http.ResponseEntity<com.marcnuri.isotope.api.message.MessageWithFolder> com.marcnuri.isotope.api.folder.FolderResource.getMessage(java.lang.String,java.lang.Long)
17:43:14.969 [Test worker] INFO org.springframework.web.servlet.mvc.method.annotation.RequestMappingHandlerMapping - Mapped "{[/v1/folders],methods=[GET],produces=[application/hal+json]}" onto public org.springframework.http.ResponseEntity<java.util.List<com.marcnuri.isotope.api.folder.Folder>> com.marcnuri.isotope.api.folder.FolderResource.getFolders(java.lang.Boolean)
17:43:14.969 [Test worker] INFO org.springframework.web.servlet.mvc.method.annotation.RequestMappingHandlerMapping - Mapped "{[/v1/folders/{folderId}/messages/{messageId}/flagged],methods=[PUT]}" onto public org.springframework.http.ResponseEntity<java.lang.Void> com.marcnuri.isotope.api.folder.FolderResource.setMessageFlagged(java.lang.String,java.lang.Long,boolean)
17:43:14.970 [Test worker] INFO org.springframework.web.servlet.mvc.method.annotation.RequestMappingHandlerMapping - Mapped "{[/v1/folders/{folderId}/messages],methods=[DELETE]}" onto public org.springframework.http.ResponseEntity<com.marcnuri.isotope.api.folder.Folder> com.marcnuri.isotope.api.folder.FolderResource.deleteAllFolderMessages(java.lang.String)
17:43:14.970 [Test worker] INFO org.springframework.web.servlet.mvc.method.annotation.RequestMappingHandlerMapping - Mapped "{[/v1/folders/{folderId}],methods=[POST],produces=[application/hal+json]}" onto public org.springframework.http.ResponseEntity<com.marcnuri.isotope.api.folder.Folder> com.marcnuri.isotope.api.folder.FolderResource.createChildFolder(java.lang.String,java.lang.String)
17:43:14.970 [Test worker] INFO org.springframework.web.servlet.mvc.method.annotation.RequestMappingHandlerMapping - Mapped "{[/v1/folders/{fromFolderId}/messages/{messageId}/folder/{toFolderId}],methods=[PUT]}" onto public org.springframework.http.ResponseEntity<java.util.List<com.marcnuri.isotope.api.message.MessageWithFolder>> com.marcnuri.isotope.api.folder.FolderResource.moveMessage(java.lang.String,java.lang.Long,java.lang.String)
17:43:14.970 [Test worker] INFO org.springframework.web.servlet.mvc.method.annotation.RequestMappingHandlerMapping - Mapped "{[/v1/folders/{fromFolderId}/messages/folder/{toFolderId}],methods=[PUT]}" onto public org.springframework.http.ResponseEntity<java.util.List<com.marcnuri.isotope.api.message.MessageWithFolder>> com.marcnuri.isotope.api.folder.FolderResource.moveMessages(java.lang.String,java.lang.String,java.util.List<java.lang.Long>)
17:43:14.970 [Test worker] INFO org.springframework.web.servlet.mvc.method.annotation.RequestMappingHandlerMapping - Mapped "{[/v1/folders/{folderId}/messages/{messageId}/seen],methods=[PUT]}" onto public org.springframework.http.ResponseEntity<java.lang.Void> com.marcnuri.isotope.api.folder.FolderResource.setMessageSeen(java.lang.String,java.lang.Long,boolean)
17:43:14.971 [Test worker] INFO org.springframework.web.servlet.mvc.method.annotation.RequestMappingHandlerMapping - Mapped "{[/v1/folders/{folderId}/messages/seen/{seen}],methods=[PUT]}" onto public org.springframework.http.ResponseEntity<java.lang.Void> com.marcnuri.isotope.api.folder.FolderResource.setMessagesSeen(java.lang.String,java.lang.Boolean,java.util.List<java.lang.Long>)
17:43:14.971 [Test worker] INFO org.springframework.web.servlet.mvc.method.annotation.RequestMappingHandlerMapping - Mapped "{[/v1/folders/{folderId}/messages/{messageId}/attachments/{id}],methods=[GET]}" onto public org.springframework.http.ResponseEntity<java.lang.Void> com.marcnuri.isotope.api.folder.FolderResource.getAttachment(java.lang.String,java.lang.Long,java.lang.String,java.lang.Boolean,javax.servlet.http.HttpServletResponse)
17:43:14.971 [Test worker] INFO org.springframework.web.servlet.mvc.method.annotation.RequestMappingHandlerMapping - Mapped "{[/v1/folders/{folderId}],methods=[DELETE],produces=[application/hal+json]}" onto public org.springframework.http.ResponseEntity<com.marcnuri.isotope.api.folder.Folder> com.marcnuri.isotope.api.folder.FolderResource.deleteFolder(java.lang.String)
17:43:14.971 [Test worker] INFO org.springframework.web.servlet.mvc.method.annotation.RequestMappingHandlerMapping - Mapped "{[/v1/folders/{folderId}/name],methods=[PUT],produces=[application/hal+json]}" onto public org.springframework.http.ResponseEntity<com.marcnuri.isotope.api.folder.Folder> com.marcnuri.isotope.api.folder.FolderResource.renameFolder(java.lang.String,java.lang.String)
17:43:14.972 [Test worker] INFO org.springframework.web.servlet.mvc.method.annotation.RequestMappingHandlerMapping - Mapped "{[/v1/folders/{folderId}/parent],methods=[PUT],produces=[application/hal+json]}" onto public org.springframework.http.ResponseEntity<com.marcnuri.isotope.api.folder.Folder> com.marcnuri.isotope.api.folder.FolderResource.moveFolder(java.lang.String,java.lang.String)
17:43:14.972 [Test worker] INFO org.springframework.web.servlet.mvc.method.annotation.RequestMappingHandlerMapping - Mapped "{[/v1/folders],methods=[POST],produces=[application/hal+json]}" onto public org.springframework.http.ResponseEntity<java.util.List<com.marcnuri.isotope.api.folder.Folder>> com.marcnuri.isotope.api.folder.FolderResource.createRootFolder(java.lang.String)
17:43:14.972 [Test worker] INFO org.springframework.web.servlet.mvc.method.annotation.RequestMappingHandlerMapping - Mapped "{[/v1/folders/{folderId}/messages],methods=[GET]}" onto public org.springframework.http.ResponseEntity<java.util.List<com.marcnuri.isotope.api.message.Message>> com.marcnuri.isotope.api.folder.FolderResource.preloadMessages(java.lang.String,java.util.List<java.lang.Long>)
17:43:14.972 [Test worker] INFO org.springframework.web.servlet.mvc.method.annotation.RequestMappingHandlerMapping - Mapped "{[/v1/folders/{folderId}/messages],methods=[DELETE],params=[id]}" onto public org.springframework.http.ResponseEntity<com.marcnuri.isotope.api.folder.Folder> com.marcnuri.isotope.api.folder.FolderResource.deleteMessages(java.lang.String,java.util.List<java.lang.Long>)
17:43:14.973 [Test worker] INFO org.springframework.web.servlet.mvc.method.annotation.RequestMappingHandlerMapping - Mapped "{[/v1/folders/{folderId}/messages],methods=[GET],produces=[text/event-stream]}" onto public reactor.core.publisher.Flux<org.springframework.http.codec.ServerSentEvent<java.util.List<com.marcnuri.isotope.api.message.Message>>> com.marcnuri.isotope.api.folder.FolderResource.getMessages(java.lang.String,javax.servlet.http.HttpServletResponse)
17:43:14.978 [Test worker] DEBUG org.hibernate.validator.internal.engine.resolver.TraversableResolvers - Cannot find javax.persistence.Persistence on classpath. Assuming non JPA 2 environment. All properties will per default be traversable.
17:43:14.978 [Test worker] DEBUG org.hibernate.validator.messageinterpolation.ResourceBundleMessageInterpolator - Loaded expression factory via original TCCL
17:43:14.978 [Test worker] DEBUG org.hibernate.validator.internal.engine.ConfigurationImpl - Setting custom MessageInterpolator of type org.springframework.validation.beanvalidation.LocaleContextMessageInterpolator
17:43:14.978 [Test worker] DEBUG org.hibernate.validator.internal.engine.ConfigurationImpl - Setting custom ParameterNameProvider of type org.springframework.validation.beanvalidation.LocalValidatorFactoryBean$1
17:43:14.979 [Test worker] DEBUG org.hibernate.validator.internal.xml.config.ValidationXmlParser - Trying to load META-INF/validation.xml for XML based Validator configuration.
17:43:14.979 [Test worker] DEBUG org.hibernate.validator.internal.xml.config.ResourceLoaderHelper - Trying to load META-INF/validation.xml via TCCL
17:43:14.979 [Test worker] DEBUG org.hibernate.validator.internal.xml.config.ResourceLoaderHelper - Trying to load META-INF/validation.xml via Hibernate Validator's class loader
17:43:14.979 [Test worker] DEBUG org.hibernate.validator.internal.xml.config.ValidationXmlParser - No META-INF/validation.xml found. Using annotation based configuration only.
17:43:14.984 [Test worker] DEBUG org.hibernate.validator.internal.engine.ValidatorFactoryImpl - HV000234: Using org.springframework.validation.beanvalidation.LocaleContextMessageInterpolator as ValidatorFactory-scoped message interpolator.
17:43:14.984 [Test worker] DEBUG org.hibernate.validator.internal.engine.ValidatorFactoryImpl - HV000234: Using org.hibernate.validator.internal.engine.resolver.TraverseAllTraversableResolver as ValidatorFactory-scoped traversable resolver.
17:43:14.984 [Test worker] DEBUG org.hibernate.validator.internal.engine.ValidatorFactoryImpl - HV000234: Using org.hibernate.validator.internal.util.ExecutableParameterNameProvider as ValidatorFactory-scoped parameter name provider.
17:43:14.984 [Test worker] DEBUG org.hibernate.validator.internal.engine.ValidatorFactoryImpl - HV000234: Using org.hibernate.validator.internal.engine.DefaultClockProvider as ValidatorFactory-scoped clock provider.
17:43:14.984 [Test worker] DEBUG org.hibernate.validator.internal.engine.ValidatorFactoryImpl - HV000234: Using org.hibernate.validator.internal.engine.scripting.DefaultScriptEvaluatorFactory as ValidatorFactory-scoped script evaluator factory.
17:43:14.984 [Test worker] INFO org.springframework.web.servlet.mvc.method.annotation.RequestMappingHandlerAdapter - Looking for @ControllerAdvice: org.springframework.test.web.servlet.setup.StubWebApplicationContext@386a462b
17:43:14.986 [Test worker] DEBUG org.springframework.web.servlet.mvc.method.annotation.ExceptionHandlerExceptionResolver - Looking for exception mappings: org.springframework.test.web.servlet.setup.StubWebApplicationContext@386a462b
17:43:14.986 [Test worker] DEBUG org.springframework.test.web.servlet.TestDispatcherServlet - Initializing servlet ''
17:43:14.986 [Test worker] INFO org.springframework.mock.web.MockServletContext - Initializing Spring FrameworkServlet ''
17:43:14.986 [Test worker] INFO org.springframework.test.web.servlet.TestDispatcherServlet - FrameworkServlet '': initialization started
17:43:14.986 [Test worker] DEBUG org.springframework.test.web.servlet.TestDispatcherServlet - Unable to locate MultipartResolver with name 'multipartResolver': no multipart request handling provided
17:43:14.986 [Test worker] DEBUG org.springframework.test.web.servlet.TestDispatcherServlet - Using LocaleResolver [org.springframework.web.servlet.i18n.AcceptHeaderLocaleResolver@5ae38089]
17:43:14.986 [Test worker] DEBUG org.springframework.test.web.servlet.TestDispatcherServlet - Using ThemeResolver [org.springframework.web.servlet.theme.FixedThemeResolver@2987a315]
17:43:14.986 [Test worker] DEBUG org.springframework.test.web.servlet.TestDispatcherServlet - Using RequestToViewNameTranslator [org.springframework.web.servlet.view.DefaultRequestToViewNameTranslator@6e60f227]
17:43:14.986 [Test worker] DEBUG org.springframework.test.web.servlet.TestDispatcherServlet - Using FlashMapManager [org.springframework.web.servlet.support.SessionFlashMapManager@34b17d00]
17:43:14.986 [Test worker] DEBUG org.springframework.test.web.servlet.TestDispatcherServlet - Published WebApplicationContext of servlet '' as ServletContext attribute with name [org.springframework.web.servlet.FrameworkServlet.CONTEXT.]
17:43:14.986 [Test worker] INFO org.springframework.test.web.servlet.TestDispatcherServlet - FrameworkServlet '': initialization completed in 0 ms
17:43:14.986 [Test worker] DEBUG org.springframework.test.web.servlet.TestDispatcherServlet - Servlet '' configured successfully
17:43:14.987 [Test worker] DEBUG org.springframework.test.web.servlet.TestDispatcherServlet - DispatcherServlet with name '' processing DELETE request for [/v1/folders/MTMzNw==/messages]
17:43:14.987 [Test worker] DEBUG org.springframework.web.servlet.mvc.method.annotation.RequestMappingHandlerMapping - Looking up handler method for path /v1/folders/MTMzNw==/messages
17:43:14.987 [Test worker] DEBUG org.springframework.web.servlet.mvc.method.annotation.RequestMappingHandlerMapping - Returning handler method [public org.springframework.http.ResponseEntity<com.marcnuri.isotope.api.folder.Folder> com.marcnuri.isotope.api.folder.FolderResource.deleteAllFolderMessages(java.lang.String)]
17:43:14.988 [Test worker] DEBUG com.marcnuri.isotope.api.folder.FolderResource - Deleting ALL messages for folder MTMzNw== 
17:43:14.988 [Test worker] DEBUG org.springframework.beans.factory.support.DefaultListableBeanFactory - Returning cached instance of singleton bean 'prototypeImapService'
17:43:15.000 [Test worker] DEBUG org.springframework.web.servlet.mvc.method.annotation.HttpEntityMethodProcessor - Written [links: [<http://localhost/v1/folders/1337>;rel="self", <http://localhost/v1/folders/1337/messages>;rel="messages", <http://localhost/v1/folders/1337>;rel="delete", <http://localhost/v1/folders/1337/name>;rel="rename", <http://localhost/v1/folders/1337/parent>;rel="move", <http://localhost/v1/folders/1337/messages/{messageId}>;rel="message", <http://localhost/v1/folders/1337/messages/{messageId}/flagged>;rel="message.flagged", <http://localhost/v1/folders/1337/messages/{messageId}/folder/{toFolderId}>;rel="message.move", <http://localhost/v1/folders/1337/messages/folder/{toFolderId}>;rel="message.move.bulk", <http://localhost/v1/folders/1337/messages/{messageId}/seen>;rel="message.seen", <http://localhost/v1/folders/1337/messages/seen/{seen}>;rel="message.seen.bulk"]] as "application/hal+json" using [org.springframework.http.converter.json.MappingJackson2HttpMessageConverter@141a761b]
17:43:15.000 [Test worker] DEBUG org.springframework.test.web.servlet.TestDispatcherServlet - Null ModelAndView returned to DispatcherServlet with name '': assuming HandlerAdapter completed request handling
17:43:15.000 [Test worker] DEBUG org.springframework.test.web.servlet.TestDispatcherServlet - Successfully completed request
17:43:15.000 [Test worker] DEBUG com.jayway.jsonpath.internal.path.CompiledPath - Evaluating path: $['folderId']
17:43:15.000 [Test worker] DEBUG com.jayway.jsonpath.internal.path.CompiledPath - Evaluating path: $['_links']
17:43:15.000 [Test worker] DEBUG com.jayway.jsonpath.internal.path.CompiledPath - Evaluating path: $['_links']
17:43:15.001 [Test worker] DEBUG org.springframework.test.context.cache.DefaultCacheAwareContextLoaderDelegate - Retrieved ApplicationContext from cache with key [[MergedContextConfiguration@690d0075 testClass = FolderResourceTest, locations = '{}', classes = '{class com.marcnuri.isotope.api.folder.FolderResource}', contextInitializerClasses = '[]', activeProfiles = '{}', propertySourceLocations = '{}', propertySourceProperties = '{}', contextCustomizers = set[org.springframework.boot.test.autoconfigure.properties.PropertyMappingContextCustomizer@0, org.springframework.boot.test.autoconfigure.web.servlet.WebDriverContextCustomizerFactory$Customizer@42a343c1, org.springframework.boot.test.context.filter.ExcludeFilterContextCustomizer@3d8dc3, org.springframework.boot.test.json.DuplicateJsonObjectContextCustomizerFactory$DuplicateJsonObjectContextCustomizer@5f493529, org.springframework.boot.test.mock.mockito.MockitoContextCustomizer@8186d819], contextLoader = 'org.springframework.test.context.support.DelegatingSmartContextLoader', parent = [null]]]
17:43:15.001 [Test worker] DEBUG org.springframework.test.context.cache - Spring test ApplicationContext cache statistics: [DefaultContextCache@11fd1fb9 size = 2, maxSize = 32, parentContextCount = 0, hitCount = 68, missCount = 2]
17:43:15.001 [Test worker] DEBUG org.springframework.beans.factory.support.DefaultListableBeanFactory - Returning cached instance of singleton bean 'org.springframework.boot.test.mock.mockito.MockitoBeans'
17:43:15.001 [Test worker] DEBUG org.springframework.test.context.cache.DefaultCacheAwareContextLoaderDelegate - Retrieved ApplicationContext from cache with key [[MergedContextConfiguration@690d0075 testClass = FolderResourceTest, locations = '{}', classes = '{class com.marcnuri.isotope.api.folder.FolderResource}', contextInitializerClasses = '[]', activeProfiles = '{}', propertySourceLocations = '{}', propertySourceProperties = '{}', contextCustomizers = set[org.springframework.boot.test.autoconfigure.properties.PropertyMappingContextCustomizer@0, org.springframework.boot.test.autoconfigure.web.servlet.WebDriverContextCustomizerFactory$Customizer@42a343c1, org.springframework.boot.test.context.filter.ExcludeFilterContextCustomizer@3d8dc3, org.springframework.boot.test.json.DuplicateJsonObjectContextCustomizerFactory$DuplicateJsonObjectContextCustomizer@5f493529, org.springframework.boot.test.mock.mockito.MockitoContextCustomizer@8186d819], contextLoader = 'org.springframework.test.context.support.DelegatingSmartContextLoader', parent = [null]]]
17:43:15.001 [Test worker] DEBUG org.springframework.test.context.cache - Spring test ApplicationContext cache statistics: [DefaultContextCache@11fd1fb9 size = 2, maxSize = 32, parentContextCount = 0, hitCount = 69, missCount = 2]
17:43:15.001 [Test worker] DEBUG org.springframework.test.context.cache.DefaultCacheAwareContextLoaderDelegate - Retrieved ApplicationContext from cache with key [[MergedContextConfiguration@690d0075 testClass = FolderResourceTest, locations = '{}', classes = '{class com.marcnuri.isotope.api.folder.FolderResource}', contextInitializerClasses = '[]', activeProfiles = '{}', propertySourceLocations = '{}', propertySourceProperties = '{}', contextCustomizers = set[org.springframework.boot.test.autoconfigure.properties.PropertyMappingContextCustomizer@0, org.springframework.boot.test.autoconfigure.web.servlet.WebDriverContextCustomizerFactory$Customizer@42a343c1, org.springframework.boot.test.context.filter.ExcludeFilterContextCustomizer@3d8dc3, org.springframework.boot.test.json.DuplicateJsonObjectContextCustomizerFactory$DuplicateJsonObjectContextCustomizer@5f493529, org.springframework.boot.test.mock.mockito.MockitoContextCustomizer@8186d819], contextLoader = 'org.springframework.test.context.support.DelegatingSmartContextLoader', parent = [null]]]
17:43:15.001 [Test worker] DEBUG org.springframework.test.context.cache - Spring test ApplicationContext cache statistics: [DefaultContextCache@11fd1fb9 size = 2, maxSize = 32, parentContextCount = 0, hitCount = 70, missCount = 2]
17:43:15.001 [Test worker] DEBUG reactor.core.publisher.Hooks - Reset to factory defaults : onLastOperator
17:43:15.002 [Test worker] DEBUG org.springframework.test.context.support.AbstractDirtiesContextTestExecutionListener - After test method: context [DefaultTestContext@1abdc0de testClass = FolderResourceTest, testInstance = com.marcnuri.isotope.api.folder.FolderResourceTest@58fc2720, testMethod = deleteAllFolderMessages_validFolderAndValidIds_shouldReturnOk@FolderResourceTest, testException = [null], mergedContextConfiguration = [MergedContextConfiguration@690d0075 testClass = FolderResourceTest, locations = '{}', classes = '{class com.marcnuri.isotope.api.folder.FolderResource}', contextInitializerClasses = '[]', activeProfiles = '{}', propertySourceLocations = '{}', propertySourceProperties = '{}', contextCustomizers = set[org.springframework.boot.test.autoconfigure.properties.PropertyMappingContextCustomizer@0, org.springframework.boot.test.autoconfigure.web.servlet.WebDriverContextCustomizerFactory$Customizer@42a343c1, org.springframework.boot.test.context.filter.ExcludeFilterContextCustomizer@3d8dc3, org.springframework.boot.test.json.DuplicateJsonObjectContextCustomizerFactory$DuplicateJsonObjectContextCustomizer@5f493529, org.springframework.boot.test.mock.mockito.MockitoContextCustomizer@8186d819], contextLoader = 'org.springframework.test.context.support.DelegatingSmartContextLoader', parent = [null]], attributes = map[[empty]]], class annotated with @DirtiesContext [false] with mode [null], method annotated with @DirtiesContext [false] with mode [null].
17:43:15.002 [Test worker] DEBUG org.springframework.test.annotation.ProfileValueUtils - Retrieved @ProfileValueSourceConfiguration [null] for test class [com.marcnuri.isotope.api.folder.FolderResourceTest]
17:43:15.002 [Test worker] DEBUG org.springframework.test.annotation.ProfileValueUtils - Retrieved ProfileValueSource type [class org.springframework.test.annotation.SystemProfileValueSource] for class [com.marcnuri.isotope.api.folder.FolderResourceTest]
17:43:15.002 [Test worker] DEBUG org.springframework.test.context.cache.DefaultCacheAwareContextLoaderDelegate - Retrieved ApplicationContext from cache with key [[MergedContextConfiguration@690d0075 testClass = FolderResourceTest, locations = '{}', classes = '{class com.marcnuri.isotope.api.folder.FolderResource}', contextInitializerClasses = '[]', activeProfiles = '{}', propertySourceLocations = '{}', propertySourceProperties = '{}', contextCustomizers = set[org.springframework.boot.test.autoconfigure.properties.PropertyMappingContextCustomizer@0, org.springframework.boot.test.autoconfigure.web.servlet.WebDriverContextCustomizerFactory$Customizer@42a343c1, org.springframework.boot.test.context.filter.ExcludeFilterContextCustomizer@3d8dc3, org.springframework.boot.test.json.DuplicateJsonObjectContextCustomizerFactory$DuplicateJsonObjectContextCustomizer@5f493529, org.springframework.boot.test.mock.mockito.MockitoContextCustomizer@8186d819], contextLoader = 'org.springframework.test.context.support.DelegatingSmartContextLoader', parent = [null]]]
17:43:15.002 [Test worker] DEBUG org.springframework.test.context.cache - Spring test ApplicationContext cache statistics: [DefaultContextCache@11fd1fb9 size = 2, maxSize = 32, parentContextCount = 0, hitCount = 71, missCount = 2]
17:43:15.002 [Test worker] DEBUG org.springframework.beans.factory.support.DefaultListableBeanFactory - Returning cached instance of singleton bean 'org.springframework.boot.test.mock.mockito.MockitoPostProcessor'
17:43:15.002 [Test worker] DEBUG org.springframework.beans.factory.support.DefaultListableBeanFactory - Returning cached instance of singleton bean 'prototypeImapService'
17:43:15.002 [Test worker] DEBUG org.springframework.test.context.support.DependencyInjectionTestExecutionListener - Performing dependency injection for test context [[DefaultTestContext@1abdc0de testClass = FolderResourceTest, testInstance = com.marcnuri.isotope.api.folder.FolderResourceTest@114df455, testMethod = [null], testException = [null], mergedContextConfiguration = [MergedContextConfiguration@690d0075 testClass = FolderResourceTest, locations = '{}', classes = '{class com.marcnuri.isotope.api.folder.FolderResource}', contextInitializerClasses = '[]', activeProfiles = '{}', propertySourceLocations = '{}', propertySourceProperties = '{}', contextCustomizers = set[org.springframework.boot.test.autoconfigure.properties.PropertyMappingContextCustomizer@0, org.springframework.boot.test.autoconfigure.web.servlet.WebDriverContextCustomizerFactory$Customizer@42a343c1, org.springframework.boot.test.context.filter.ExcludeFilterContextCustomizer@3d8dc3, org.springframework.boot.test.json.DuplicateJsonObjectContextCustomizerFactory$DuplicateJsonObjectContextCustomizer@5f493529, org.springframework.boot.test.mock.mockito.MockitoContextCustomizer@8186d819], contextLoader = 'org.springframework.test.context.support.DelegatingSmartContextLoader', parent = [null]], attributes = map[[empty]]]].
17:43:15.002 [Test worker] DEBUG org.springframework.test.context.cache.DefaultCacheAwareContextLoaderDelegate - Retrieved ApplicationContext from cache with key [[MergedContextConfiguration@690d0075 testClass = FolderResourceTest, locations = '{}', classes = '{class com.marcnuri.isotope.api.folder.FolderResource}', contextInitializerClasses = '[]', activeProfiles = '{}', propertySourceLocations = '{}', propertySourceProperties = '{}', contextCustomizers = set[org.springframework.boot.test.autoconfigure.properties.PropertyMappingContextCustomizer@0, org.springframework.boot.test.autoconfigure.web.servlet.WebDriverContextCustomizerFactory$Customizer@42a343c1, org.springframework.boot.test.context.filter.ExcludeFilterContextCustomizer@3d8dc3, org.springframework.boot.test.json.DuplicateJsonObjectContextCustomizerFactory$DuplicateJsonObjectContextCustomizer@5f493529, org.springframework.boot.test.mock.mockito.MockitoContextCustomizer@8186d819], contextLoader = 'org.springframework.test.context.support.DelegatingSmartContextLoader', parent = [null]]]
17:43:15.002 [Test worker] DEBUG org.springframework.test.context.cache - Spring test ApplicationContext cache statistics: [DefaultContextCache@11fd1fb9 size = 2, maxSize = 32, parentContextCount = 0, hitCount = 72, missCount = 2]
17:43:15.002 [Test worker] DEBUG org.springframework.beans.factory.annotation.InjectionMetadata - Processing injected element of bean 'com.marcnuri.isotope.api.folder.FolderResourceTest': AutowiredFieldElement for private com.marcnuri.isotope.api.folder.FolderResource com.marcnuri.isotope.api.folder.FolderResourceTest.folderResource
17:43:15.002 [Test worker] DEBUG org.springframework.beans.factory.support.DefaultListableBeanFactory - Returning cached instance of singleton bean 'folderResource'
17:43:15.003 [Test worker] DEBUG org.springframework.test.context.support.AbstractDirtiesContextTestExecutionListener - Before test method: context [DefaultTestContext@1abdc0de testClass = FolderResourceTest, testInstance = com.marcnuri.isotope.api.folder.FolderResourceTest@114df455, testMethod = moveFolder_validFolderAndNewName_shouldReturnOk@FolderResourceTest, testException = [null], mergedContextConfiguration = [MergedContextConfiguration@690d0075 testClass = FolderResourceTest, locations = '{}', classes = '{class com.marcnuri.isotope.api.folder.FolderResource}', contextInitializerClasses = '[]', activeProfiles = '{}', propertySourceLocations = '{}', propertySourceProperties = '{}', contextCustomizers = set[org.springframework.boot.test.autoconfigure.properties.PropertyMappingContextCustomizer@0, org.springframework.boot.test.autoconfigure.web.servlet.WebDriverContextCustomizerFactory$Customizer@42a343c1, org.springframework.boot.test.context.filter.ExcludeFilterContextCustomizer@3d8dc3, org.springframework.boot.test.json.DuplicateJsonObjectContextCustomizerFactory$DuplicateJsonObjectContextCustomizer@5f493529, org.springframework.boot.test.mock.mockito.MockitoContextCustomizer@8186d819], contextLoader = 'org.springframework.test.context.support.DelegatingSmartContextLoader', parent = [null]], attributes = map[[empty]]], class annotated with @DirtiesContext [false] with mode [null], method annotated with @DirtiesContext [false] with mode [null].
17:43:15.003 [Test worker] DEBUG reactor.core.publisher.Hooks - Hooking onLastOperator: reactor.core.publisher.Operators$LiftFunction@c6495e0
17:43:15.003 [Test worker] DEBUG org.springframework.test.context.cache.DefaultCacheAwareContextLoaderDelegate - Retrieved ApplicationContext from cache with key [[MergedContextConfiguration@690d0075 testClass = FolderResourceTest, locations = '{}', classes = '{class com.marcnuri.isotope.api.folder.FolderResource}', contextInitializerClasses = '[]', activeProfiles = '{}', propertySourceLocations = '{}', propertySourceProperties = '{}', contextCustomizers = set[org.springframework.boot.test.autoconfigure.properties.PropertyMappingContextCustomizer@0, org.springframework.boot.test.autoconfigure.web.servlet.WebDriverContextCustomizerFactory$Customizer@42a343c1, org.springframework.boot.test.context.filter.ExcludeFilterContextCustomizer@3d8dc3, org.springframework.boot.test.json.DuplicateJsonObjectContextCustomizerFactory$DuplicateJsonObjectContextCustomizer@5f493529, org.springframework.boot.test.mock.mockito.MockitoContextCustomizer@8186d819], contextLoader = 'org.springframework.test.context.support.DelegatingSmartContextLoader', parent = [null]]]
17:43:15.003 [Test worker] DEBUG org.springframework.test.context.cache - Spring test ApplicationContext cache statistics: [DefaultContextCache@11fd1fb9 size = 2, maxSize = 32, parentContextCount = 0, hitCount = 73, missCount = 2]
17:43:15.003 [Test worker] DEBUG org.springframework.beans.factory.support.DefaultListableBeanFactory - Returning cached instance of singleton bean 'org.springframework.boot.test.mock.mockito.MockitoBeans'
17:43:15.004 [Test worker] DEBUG org.springframework.core.env.StandardEnvironment - Adding PropertySource 'systemProperties' with lowest search precedence
17:43:15.004 [Test worker] DEBUG org.springframework.core.env.StandardEnvironment - Adding PropertySource 'systemEnvironment' with lowest search precedence
17:43:15.004 [Test worker] DEBUG org.springframework.core.env.StandardEnvironment - Initialized StandardEnvironment with PropertySources [MapPropertySource@676883582 {name='systemProperties', properties={java.runtime.name=OpenJDK Runtime Environment, sun.boot.library.path=C:\Program Files\AdoptOpenJDK\jdk-8.0.242.08-hotspot\jre\bin, java.vm.version=25.242-b08, java.vm.vendor=, java.vendor.url=http://java.oracle.com/, path.separator=;, java.vm.name=OpenJDK 64-Bit Server VM, file.encoding.pkg=sun.io, user.script=, sun.java.launcher=SUN_STANDARD, user.country=GB, sun.os.patch.level=, java.vm.specification.name=Java Virtual Machine Specification, user.dir=C:\azure-devops\git\eShopOnContainers\src\Web\WebImapClient\Client\server, java.runtime.version=1.8.0_242-b08, java.awt.graphicsenv=sun.awt.Win32GraphicsEnvironment, java.endorsed.dirs=C:\Program Files\AdoptOpenJDK\jdk-8.0.242.08-hotspot\jre\lib\endorsed, os.arch=amd64, java.io.tmpdir=C:\Users\jorge\AppData\Local\Temp\, line.separator=
, java.vm.specification.vendor=Oracle Corporation, user.variant=, os.name=Windows 10, sun.jnu.encoding=Cp1252, java.library.path=C:\Program Files\AdoptOpenJDK\jdk-8.0.242.08-hotspot\bin;C:\Windows\Sun\Java\bin;C:\Windows\system32;C:\Windows;C:\Program Files\AdoptOpenJDK\jdk-8.0.242.08-hotspot\bin;C:\Program Files (x86)\Common Files\Oracle\Java\javapath;C:\Python27\;C:\Python27\Scripts;C:\ProgramData\DockerDesktop\version-bin;C:\Program Files\Docker\Docker\Resources\bin;C:\Windows\system32;C:\Windows;C:\Windows\System32\Wbem;C:\Windows\System32\WindowsPowerShell\v1.0\;C:\Windows\System32\OpenSSH\;C:\Program Files (x86)\NVIDIA Corporation\PhysX\Common;C:\Program Files\dotnet\;C:\Program Files\Microsoft SQL Server\130\Tools\Binn\;C:\Program Files\Microsoft SQL Server\Client SDK\ODBC\170\Tools\Binn\;C:\Program Files (x86)\Microsoft SQL Server\150\DTS\Binn\;C:\Program Files\Git\cmd;C:\Program Files (x86)\Microsoft ASP.NET\ASP.NET Web Pages\v1.0\;C:\Program Files\Microsoft SQL Server\110\Tools\Binn\;C:\Users\jorge\.dnx\bin;C:\Program Files\Microsoft DNX\Dnvm\;C:\Program Files\nodejs\;C:\ProgramData\chocolatey\bin;C:\Program Files\Microsoft\Web Platform Installer\;C:\Users\jorge\AppData\Local\Microsoft\WindowsApps;C:\Users\jorge\AppData\Local\Programs\Microsoft VS Code\bin;C:\Users\jorge\.dotnet\tools;C:\Users\jorge\AppData\Roaming\npm;C:\Users\jorge\AppData\Local\GitHubDesktop\bin;., java.specification.name=Java Platform API Specification, java.class.version=52.0, org.gradle.native=false, sun.management.compiler=HotSpot 64-Bit Tiered Compilers, os.version=10.0, user.home=C:\Users\jorge, user.timezone=Europe/Paris, java.awt.printerjob=sun.awt.windows.WPrinterJob, file.encoding=windows-1252, java.specification.version=1.8, java.class.path=C:\azure-devops\git\eShopOnContainers\src\Web\WebImapClient\Client\server\build\classes\java\test;C:\azure-devops\git\eShopOnContainers\src\Web\WebImapClient\Client\server\build\resources\test;C:\azure-devops\git\eShopOnContainers\src\Web\WebImapClient\Client\server\build\classes\java\main;C:\azure-devops\git\eShopOnContainers\src\Web\WebImapClient\Client\server\build\resources\main;C:\Users\jorge\.gradle\caches\modules-2\files-2.1\org.springframework.boot\spring-boot-starter-actuator\2.0.4.RELEASE\24e901473279d9c18e0a0f8037d58b18c8297dca\spring-boot-starter-actuator-2.0.4.RELEASE.jar;C:\Users\jorge\.gradle\caches\modules-2\files-2.1\org.springframework.boot\spring-boot-starter-security\2.0.4.RELEASE\2ac314e5985fd9ae0d2acaea450f4f6c3dbd7f92\spring-boot-starter-security-2.0.4.RELEASE.jar;C:\Users\jorge\.gradle\caches\modules-2\files-2.1\org.springframework.boot\spring-boot-starter-webflux\2.0.4.RELEASE\a52fcd02fb6129e14f2b4b36acc5748368563c93\spring-boot-starter-webflux-2.0.4.RELEASE.jar;C:\Users\jorge\.gradle\caches\modules-2\files-2.1\org.springframework.boot\spring-boot-starter-test\2.0.4.RELEASE\8f473705d2742b669f0318f10a956f94a93ba3d2\spring-boot-starter-test-2.0.4.RELEASE.jar;C:\Users\jorge\.gradle\caches\modules-2\files-2.1\org.springframework.boot\spring-boot-starter-hateoas\2.0.4.RELEASE\2f115bebeffea81859c6d874457fa8db16b10747\spring-boot-starter-hateoas-2.0.4.RELEASE.jar;C:\Users\jorge\.gradle\caches\modules-2\files-2.1\org.springframework.boot\spring-boot-starter-web\2.0.4.RELEASE\98d49e981ecf804da877d84259b7b0d1ec2fb6f6\spring-boot-starter-web-2.0.4.RELEASE.jar;C:\Users\jorge\.gradle\caches\modules-2\files-2.1\org.springframework.boot\spring-boot-starter-json\2.0.4.RELEASE\c7afabf0d7c85db178da4ce0634e3bd2ddb0eb71\spring-boot-starter-json-2.0.4.RELEASE.jar;C:\Users\jorge\.gradle\caches\modules-2\files-2.1\org.springframework.boot\spring-boot-starter\2.0.4.RELEASE\ec46c63a2adeee40058eff1a6baefca13975dc94\spring-boot-starter-2.0.4.RELEASE.jar;C:\Users\jorge\.gradle\caches\modules-2\files-2.1\com.sun.mail\javax.mail\1.6.1\757ba4630692bb2a1ec2d9d57a616b63f15e947e\javax.mail-1.6.1.jar;C:\Users\jorge\.gradle\caches\modules-2\files-2.1\org.springframework.boot\spring-boot-actuator-autoconfigure\2.0.4.RELEASE\2cadc1d20a1f9ee667a608cfee154138e954f5f2\spring-boot-actuator-autoconfigure-2.0.4.RELEASE.jar;C:\Users\jorge\.gradle\caches\modules-2\files-2.1\com.fasterxml.jackson.datatype\jackson-datatype-jsr310\2.9.6\ea54f6193d224e5e5732bbd4262327eb465397c2\jackson-datatype-jsr310-2.9.6.jar;C:\Users\jorge\.gradle\caches\modules-2\files-2.1\commons-io\commons-io\2.6\815893df5f31da2ece4040fe0a12fd44b577afaf\commons-io-2.6.jar;C:\Users\jorge\.gradle\caches\modules-2\files-2.1\org.springframework.security\spring-security-test\5.0.7.RELEASE\a74c9ab10d53baa3bb7a731753fe0c6d9ab9d848\spring-security-test-5.0.7.RELEASE.jar;C:\Users\jorge\.gradle\caches\modules-2\files-2.1\com.marcnuri\spring-common-test\0.0.2\da9c2c5e849c7dcbbe99d190bedffa5e6fe450a5\spring-common-test-0.0.2.jar;C:\Users\jorge\.gradle\caches\modules-2\files-2.1\org.hamcrest\java-hamcrest\2.0.0.0\f1c8853ade0ecf707f5a261c830e98893983813\java-hamcrest-2.0.0.0.jar;C:\Users\jorge\.gradle\caches\modules-2\files-2.1\org.powermock\powermock-module-junit4\2.0.0-RC.3\b9a04b492e2b93e93617ba457f76aebbf00fc221\powermock-module-junit4-2.0.0-RC.3.jar;C:\Users\jorge\.gradle\caches\modules-2\files-2.1\org.powermock\powermock-api-mockito2\2.0.0-RC.3\f85a8404be063ef15c5fdd3745b11d2fba875fcd\powermock-api-mockito2-2.0.0-RC.3.jar;C:\Users\jorge\.gradle\caches\modules-2\files-2.1\org.springframework.boot\spring-boot-test-autoconfigure\2.0.4.RELEASE\8a2e3f31e607fdb08deda2f59263ce177f1c4310\spring-boot-test-autoconfigure-2.0.4.RELEASE.jar;C:\Users\jorge\.gradle\caches\modules-2\files-2.1\org.springframework.boot\spring-boot-test\2.0.4.RELEASE\8a17fc3cf16b6d75f2ba132ade04409a670095de\spring-boot-test-2.0.4.RELEASE.jar;C:\Users\jorge\.gradle\caches\modules-2\files-2.1\org.springframework.boot\spring-boot-autoconfigure\2.0.4.RELEASE\65cd1244d606acc02ab7bfc47a203a3fe2400dda\spring-boot-autoconfigure-2.0.4.RELEASE.jar;C:\Users\jorge\.gradle\caches\modules-2\files-2.1\org.springframework.boot\spring-boot-actuator\2.0.4.RELEASE\9c02c968eb50a7cdc14fc4c7b586d767df6dc48d\spring-boot-actuator-2.0.4.RELEASE.jar;C:\Users\jorge\.gradle\caches\modules-2\files-2.1\org.springframework.boot\spring-boot\2.0.4.RELEASE\c8619c5b06d4dcdb4cac1e5e9c839e6e8b1c8574\spring-boot-2.0.4.RELEASE.jar;C:\Users\jorge\.gradle\caches\modules-2\files-2.1\org.springframework.boot\spring-boot-starter-logging\2.0.4.RELEASE\dcd1a2c431c970f44adae64d9145133979a513ab\spring-boot-starter-logging-2.0.4.RELEASE.jar;C:\Users\jorge\.gradle\caches\modules-2\files-2.1\org.springframework.boot\spring-boot-starter-tomcat\2.0.4.RELEASE\dcf28989a34b0801fea0e810c371fb9dab1e7784\spring-boot-starter-tomcat-2.0.4.RELEASE.jar;C:\Users\jorge\.gradle\caches\modules-2\files-2.1\javax.annotation\javax.annotation-api\1.3.2\934c04d3cfef185a8008e7bf34331b79730a9d43\javax.annotation-api-1.3.2.jar;C:\Users\jorge\.gradle\caches\modules-2\files-2.1\org.springframework.security\spring-security-config\5.0.7.RELEASE\d702e01048687db4ec6c97fb32d28ffbe348b3e\spring-security-config-5.0.7.RELEASE.jar;C:\Users\jorge\.gradle\caches\modules-2\files-2.1\org.springframework.security\spring-security-web\5.0.7.RELEASE\bab3ed579d4550bb5cc40b0a7fddd0106db7c66\spring-security-web-5.0.7.RELEASE.jar;C:\Users\jorge\.gradle\caches\modules-2\files-2.1\org.springframework.hateoas\spring-hateoas\0.25.0.RELEASE\22d1abd575426709734ab83e7d81d6deb4addbf6\spring-hateoas-0.25.0.RELEASE.jar;C:\Users\jorge\.gradle\caches\modules-2\files-2.1\org.springframework\spring-webflux\5.0.8.RELEASE\d16ce1cf6f95771e821619d6ef13c1f0333fafb\spring-webflux-5.0.8.RELEASE.jar;C:\Users\jorge\.gradle\caches\modules-2\files-2.1\org.springframework\spring-webmvc\5.0.8.RELEASE\7e5fe57590ca8e4468e50fe1d92b0b67aa4a327a\spring-webmvc-5.0.8.RELEASE.jar;C:\Users\jorge\.gradle\caches\modules-2\files-2.1\org.springframework\spring-web\5.0.8.RELEASE\fa43cdadb4ab2491fd1d0ddb06c0808e4b60fc85\spring-web-5.0.8.RELEASE.jar;C:\Users\jorge\.gradle\caches\modules-2\files-2.1\org.springframework\spring-test\5.0.8.RELEASE\5782619373bd7e7b7d9106203c317b04bb613ebb\spring-test-5.0.8.RELEASE.jar;C:\Users\jorge\.gradle\caches\modules-2\files-2.1\org.springframework.security\spring-security-core\5.0.7.RELEASE\40a0c57af6b4c3f8c611216d2579c6ab19672694\spring-security-core-5.0.7.RELEASE.jar;C:\Users\jorge\.gradle\caches\modules-2\files-2.1\org.springframework.plugin\spring-plugin-core\1.2.0.RELEASE\f380e7760032e7d929184f8ad8a33716b75c0657\spring-plugin-core-1.2.0.RELEASE.jar;C:\Users\jorge\.gradle\caches\modules-2\files-2.1\org.springframework\spring-context\5.0.8.RELEASE\3a067d8990761111c9b6d1d895640be26cc1fb38\spring-context-5.0.8.RELEASE.jar;C:\Users\jorge\.gradle\caches\modules-2\files-2.1\org.springframework\spring-aop\5.0.8.RELEASE\f5086c1a3185c481104511837427b39a07a57aa2\spring-aop-5.0.8.RELEASE.jar;C:\Users\jorge\.gradle\caches\modules-2\files-2.1\org.springframework\spring-beans\5.0.8.RELEASE\5fc965d3e7f5515099244857a8ae9e2a208c169b\spring-beans-5.0.8.RELEASE.jar;C:\Users\jorge\.gradle\caches\modules-2\files-2.1\org.springframework\spring-expression\5.0.8.RELEASE\f23158f22c917df2cddf2ecebc398a9e95f95fae\spring-expression-5.0.8.RELEASE.jar;C:\Users\jorge\.gradle\caches\modules-2\files-2.1\org.springframework\spring-core\5.0.8.RELEASE\dc39c49e3246cdf73d3786ac41119140aed3fa08\spring-core-5.0.8.RELEASE.jar;C:\Users\jorge\.gradle\caches\modules-2\files-2.1\org.yaml\snakeyaml\1.19\2d998d3d674b172a588e54ab619854d073f555b5\snakeyaml-1.19.jar;C:\Users\jorge\.gradle\caches\modules-2\files-2.1\io.micrometer\micrometer-core\1.0.6\50299bc8a34c251d62311bbb1a297f3942a82e42\micrometer-core-1.0.6.jar;C:\Users\jorge\.gradle\caches\modules-2\files-2.1\org.springframework.boot\spring-boot-starter-reactor-netty\2.0.4.RELEASE\ed4ac88f7fc699a9cbb6ee804a26e2e30239ca35\spring-boot-starter-reactor-netty-2.0.4.RELEASE.jar;C:\Users\jorge\.gradle\caches\modules-2\files-2.1\org.hibernate.validator\hibernate-validator\6.0.11.Final\36f9d10a11e4768f55e8fb91ebe4338a5c43954e\hibernate-validator-6.0.11.Final.jar;C:\Users\jorge\.gradle\caches\modules-2\files-2.1\org.synchronoss.cloud\nio-multipart-parser\1.1.0\c6c417fec6612584b1c34d4dd98c5a4e47e8c754\nio-multipart-parser-1.1.0.jar;C:\Users\jorge\.gradle\caches\modules-2\files-2.1\javax.activation\activation\1.1\e6cb541461c2834bdea3eb920f1884d1eb508b50\activation-1.1.jar;C:\Users\jorge\.gradle\caches\modules-2\files-2.1\com.fasterxml.jackson.datatype\jackson-datatype-jdk8\2.9.6\456895fc91bf7180b216fead220373e6278230c9\jackson-datatype-jdk8-2.9.6.jar;C:\Users\jorge\.gradle\caches\modules-2\files-2.1\com.fasterxml.jackson.module\jackson-module-parameter-names\2.9.6\129acd77a4b6ee30d62d3a0899b1344c8ec2bff8\jackson-module-parameter-names-2.9.6.jar;C:\Users\jorge\.gradle\caches\modules-2\files-2.1\com.fasterxml.jackson.core\jackson-databind\2.9.6\cfa4f316351a91bfd95cb0644c6a2c95f52db1fc\jackson-databind-2.9.6.jar;C:\Users\jorge\.gradle\caches\modules-2\files-2.1\com.fasterxml.jackson.core\jackson-annotations\2.9.0\7c10d545325e3a6e72e06381afe469fd40eb701\jackson-annotations-2.9.0.jar;C:\Users\jorge\.gradle\caches\modules-2\files-2.1\com.fasterxml.jackson.core\jackson-core\2.9.6\4e393793c37c77e042ccc7be5a914ae39251b365\jackson-core-2.9.6.jar;C:\Users\jorge\.gradle\caches\modules-2\files-2.1\com.jayway.jsonpath\json-path\2.4.0\765a4401ceb2dc8d40553c2075eb80a8fa35c2ae\json-path-2.4.0.jar;C:\Users\jorge\.gradle\caches\modules-2\files-2.1\org.powermock\powermock-module-junit4-common\2.0.0-RC.3\f09137abdf1aeea2df214037eab50ed864602c9a\powermock-module-junit4-common-2.0.0-RC.3.jar;C:\Users\jorge\.gradle\caches\modules-2\files-2.1\junit\junit\4.12\2973d150c0dc1fefe998f834810d68f278ea58ec\junit-4.12.jar;C:\Users\jorge\.gradle\caches\modules-2\files-2.1\org.assertj\assertj-core\3.9.1\c5ce126b15f28d56cd8f960c1a6a058b9c9aea87\assertj-core-3.9.1.jar;C:\Users\jorge\.gradle\caches\modules-2\files-2.1\org.mockito\mockito-core\2.15.0\b84bfbbc29cd22c9529409627af6ea2897f4fa85\mockito-core-2.15.0.jar;C:\Users\jorge\.gradle\caches\modules-2\files-2.1\org.hamcrest\hamcrest-library\1.3\4785a3c21320980282f9f33d0d1264a69040538f\hamcrest-library-1.3.jar;C:\Users\jorge\.gradle\caches\modules-2\files-2.1\org.hamcrest\hamcrest-core\1.3\42a25dc3219429f0e5d060061f71acb49bf010a0\hamcrest-core-1.3.jar;C:\Users\jorge\.gradle\caches\modules-2\files-2.1\org.skyscreamer\jsonassert\1.5.0\6c9d5fe2f59da598d9aefc1cfc6528ff3cf32df3\jsonassert-1.5.0.jar;C:\Users\jorge\.gradle\caches\modules-2\files-2.1\org.xmlunit\xmlunit-core\2.5.1\4ffdb346572a7356f7521cd3119ce5287d2e339d\xmlunit-core-2.5.1.jar;C:\Users\jorge\.gradle\caches\modules-2\files-2.1\org.powermock\powermock-api-support\2.0.0-RC.3\a23d6bdbcf865513c9f6992134152be80504e499\powermock-api-support-2.0.0-RC.3.jar;C:\Users\jorge\.gradle\caches\modules-2\files-2.1\ch.qos.logback\logback-classic\1.2.3\7c4f3c474fb2c041d8028740440937705ebb473a\logback-classic-1.2.3.jar;C:\Users\jorge\.gradle\caches\modules-2\files-2.1\org.apache.logging.log4j\log4j-to-slf4j\2.10.0\f7e631ccf49cfc0aefa4a2a728da7d374c05bd3c\log4j-to-slf4j-2.10.0.jar;C:\Users\jorge\.gradle\caches\modules-2\files-2.1\org.slf4j\jul-to-slf4j\1.7.25\af5364cd6679bfffb114f0dec8a157aaa283b76\jul-to-slf4j-1.7.25.jar;C:\Users\jorge\.gradle\caches\modules-2\files-2.1\org.springframework\spring-jcl\5.0.8.RELEASE\a1fa8fb560fb252321776e16bc9ac8201af4ef5e\spring-jcl-5.0.8.RELEASE.jar;C:\Users\jorge\.gradle\caches\modules-2\files-2.1\org.hdrhistogram\HdrHistogram\2.1.10\9e1ac84eed220281841b75e72fb9de5a297fbf04\HdrHistogram-2.1.10.jar;C:\Users\jorge\.gradle\caches\modules-2\files-2.1\org.latencyutils\LatencyUtils\2.0.3\769c0b82cb2421c8256300e907298a9410a2a3d3\LatencyUtils-2.0.3.jar;C:\Users\jorge\.gradle\caches\modules-2\files-2.1\org.synchronoss.cloud\nio-stream-storage\1.1.3\986dba5f6e5eed20f0dba6ddc8e8a64a9ebdc2f3\nio-stream-storage-1.1.3.jar;C:\Users\jorge\.gradle\caches\modules-2\files-2.1\org.slf4j\slf4j-api\1.7.25\da76ca59f6a57ee3102f8f9bd9cee742973efa8a\slf4j-api-1.7.25.jar;C:\Users\jorge\.gradle\caches\modules-2\files-2.1\io.projectreactor.ipc\reactor-netty\0.7.8.RELEASE\fe25c7d3042b6005690f7d243cef987b696a12ee\reactor-netty-0.7.8.RELEASE.jar;C:\Users\jorge\.gradle\caches\modules-2\files-2.1\javax.validation\validation-api\2.0.1.Final\cb855558e6271b1b32e716d24cb85c7f583ce09e\validation-api-2.0.1.Final.jar;C:\Users\jorge\.gradle\caches\modules-2\files-2.1\org.jboss.logging\jboss-logging\3.3.2.Final\3789d00e859632e6c6206adc0c71625559e6e3b0\jboss-logging-3.3.2.Final.jar;C:\Users\jorge\.gradle\caches\modules-2\files-2.1\com.fasterxml\classmate\1.3.4\3d5f48f10bbe4eb7bd862f10c0583be2e0053c6\classmate-1.3.4.jar;C:\Users\jorge\.gradle\caches\modules-2\files-2.1\io.projectreactor\reactor-core\3.1.8.RELEASE\3bcc30f9161d3d17abe44b4aa20e397e5170566e\reactor-core-3.1.8.RELEASE.jar;C:\Users\jorge\.gradle\caches\modules-2\files-2.1\net.minidev\json-smart\2.3\7396407491352ce4fa30de92efb158adb76b5b\json-smart-2.3.jar;C:\Users\jorge\.gradle\caches\modules-2\files-2.1\org.powermock\powermock-core\2.0.0-RC.3\f958479ea1f0d1ba37cf65b6612fccfbaf4d8dd3\powermock-core-2.0.0-RC.3.jar;C:\Users\jorge\.gradle\caches\modules-2\files-2.1\org.powermock\powermock-reflect\2.0.0-RC.3\c10437486ae35b91666c2591fd7b1a8054b4573c\powermock-reflect-2.0.0-RC.3.jar;C:\Users\jorge\.gradle\caches\modules-2\files-2.1\net.bytebuddy\byte-buddy\1.7.11\f02857a4e2c66ccbe7aaad6100a0a6c461bce9b3\byte-buddy-1.7.11.jar;C:\Users\jorge\.gradle\caches\modules-2\files-2.1\net.bytebuddy\byte-buddy-agent\1.7.11\b425a8933ca07edd03c6dbc8bc3b595fba9780de\byte-buddy-agent-1.7.11.jar;C:\Users\jorge\.gradle\caches\modules-2\files-2.1\org.objenesis\objenesis\3.0.1\11cfac598df9dc48bb9ed9357ed04212694b7808\objenesis-3.0.1.jar;C:\Users\jorge\.gradle\caches\modules-2\files-2.1\com.vaadin.external.google\android-json\0.0.20131108.vaadin1\fa26d351fe62a6a17f5cda1287c1c6110dec413f\android-json-0.0.20131108.vaadin1.jar;C:\Users\jorge\.gradle\caches\modules-2\files-2.1\ch.qos.logback\logback-core\1.2.3\864344400c3d4d92dfeb0a305dc87d953677c03c\logback-core-1.2.3.jar;C:\Users\jorge\.gradle\caches\modules-2\files-2.1\org.apache.logging.log4j\log4j-api\2.10.0\fec5797a55b786184a537abd39c3fa1449d752d6\log4j-api-2.10.0.jar;C:\Users\jorge\.gradle\caches\modules-2\files-2.1\org.apache.tomcat.embed\tomcat-embed-websocket\8.5.32\ea5302e378f1449d4e5dda79e8d810c1e7931f91\tomcat-embed-websocket-8.5.32.jar;C:\Users\jorge\.gradle\caches\modules-2\files-2.1\org.apache.tomcat.embed\tomcat-embed-core\8.5.32\6bc6896200146010cc4666bdc6b9b0cbb453ee22\tomcat-embed-core-8.5.32.jar;C:\Users\jorge\.gradle\caches\modules-2\files-2.1\org.apache.tomcat.embed\tomcat-embed-el\8.5.32\e4fd0ee015d83fa1c5ec93ff1d05bdaf9a4480c5\tomcat-embed-el-8.5.32.jar;C:\Users\jorge\.gradle\caches\modules-2\files-2.1\io.netty\netty-handler-proxy\4.1.27.Final\1a822ce7760bc6eb4937b7e448c9e081fedcc807\netty-handler-proxy-4.1.27.Final.jar;C:\Users\jorge\.gradle\caches\modules-2\files-2.1\io.netty\netty-codec-http\4.1.27.Final\a1722d6bcbbef1c4c7877e8bf38b07a3db5ed07f\netty-codec-http-4.1.27.Final.jar;C:\Users\jorge\.gradle\caches\modules-2\files-2.1\io.netty\netty-handler\4.1.27.Final\21bd9cf565390a8d72579b8664303e3c175dfc6a\netty-handler-4.1.27.Final.jar;C:\Users\jorge\.gradle\caches\modules-2\files-2.1\io.netty\netty-transport-native-epoll\4.1.27.Final\8c3a61a7dd53eafe2f0fe31356f1379598f74517\netty-transport-native-epoll-4.1.27.Final-linux-x86_64.jar;C:\Users\jorge\.gradle\caches\modules-2\files-2.1\org.reactivestreams\reactive-streams\1.0.2\323964c36556eb0e6209f65c1cef72b53b461ab8\reactive-streams-1.0.2.jar;C:\Users\jorge\.gradle\caches\modules-2\files-2.1\net.minidev\accessors-smart\1.2\c592b500269bfde36096641b01238a8350f8aa31\accessors-smart-1.2.jar;C:\Users\jorge\.gradle\caches\modules-2\files-2.1\org.javassist\javassist\3.24.0-GA\d7466fc2e3af7c023e95c510f06448ad29b225b3\javassist-3.24.0-GA.jar;C:\Users\jorge\.gradle\caches\modules-2\files-2.1\io.netty\netty-codec-socks\4.1.27.Final\285b09af98764cf02e4b77b3d95af188469a7133\netty-codec-socks-4.1.27.Final.jar;C:\Users\jorge\.gradle\caches\modules-2\files-2.1\io.netty\netty-codec\4.1.27.Final\d2653d78ebaa650064768fb26b10051f5c8efb2c\netty-codec-4.1.27.Final.jar;C:\Users\jorge\.gradle\caches\modules-2\files-2.1\io.netty\netty-transport-native-unix-common\4.1.27.Final\2b0667fe5c1df78c6cfbf9d53ad8b1fb533fb8e8\netty-transport-native-unix-common-4.1.27.Final.jar;C:\Users\jorge\.gradle\caches\modules-2\files-2.1\io.netty\netty-transport\4.1.27.Final\b5c2da3ea89dd67320925f1504c9eb3615241b7c\netty-transport-4.1.27.Final.jar;C:\Users\jorge\.gradle\caches\modules-2\files-2.1\io.netty\netty-buffer\4.1.27.Final\aafe2b9fb0d8f3b200cf10b9fd6486c6a722d7a1\netty-buffer-4.1.27.Final.jar;C:\Users\jorge\.gradle\caches\modules-2\files-2.1\io.netty\netty-resolver\4.1.27.Final\2536447ef9605ccb2b5203aa22392c6514484ea9\netty-resolver-4.1.27.Final.jar;C:\Users\jorge\.gradle\caches\modules-2\files-2.1\io.netty\netty-common\4.1.27.Final\6a12a969c27fb37b230c4bde5a67bd822fa6b7a4\netty-common-4.1.27.Final.jar;C:\Users\jorge\.gradle\caches\modules-2\files-2.1\org.ow2.asm\asm\5.0.4\da08b8cce7bbf903602a25a3a163ae252435795\asm-5.0.4.jar, user.name=jorge, java.vm.specification.version=1.8, sun.java.command=worker.org.gradle.process.internal.worker.GradleWorkerMain 'Gradle Test Executor 3', java.home=C:\Program Files\AdoptOpenJDK\jdk-8.0.242.08-hotspot\jre, sun.arch.data.model=64, user.language=en, java.specification.vendor=Oracle Corporation, awt.toolkit=sun.awt.windows.WToolkit, java.vm.info=mixed mode, java.version=1.8.0_242, java.ext.dirs=C:\Program Files\AdoptOpenJDK\jdk-8.0.242.08-hotspot\jre\lib\ext;C:\Windows\Sun\Java\lib\ext, sun.boot.class.path=C:\Program Files\AdoptOpenJDK\jdk-8.0.242.08-hotspot\jre\lib\resources.jar;C:\Program Files\AdoptOpenJDK\jdk-8.0.242.08-hotspot\jre\lib\rt.jar;C:\Program Files\AdoptOpenJDK\jdk-8.0.242.08-hotspot\jre\lib\sunrsasign.jar;C:\Program Files\AdoptOpenJDK\jdk-8.0.242.08-hotspot\jre\lib\jsse.jar;C:\Program Files\AdoptOpenJDK\jdk-8.0.242.08-hotspot\jre\lib\jce.jar;C:\Program Files\AdoptOpenJDK\jdk-8.0.242.08-hotspot\jre\lib\charsets.jar;C:\Program Files\AdoptOpenJDK\jdk-8.0.242.08-hotspot\jre\lib\jfr.jar;C:\Program Files\AdoptOpenJDK\jdk-8.0.242.08-hotspot\jre\classes, java.vendor=AdoptOpenJDK, org.gradle.test.worker=3, file.separator=\, java.vendor.url.bug=http://bugreport.sun.com/bugreport/, sun.io.unicode.encoding=UnicodeLittle, sun.cpu.endian=little, sun.desktop=windows, sun.cpu.isalist=amd64}}, SystemEnvironmentPropertySource@1456065148 {name='systemEnvironment', properties={USERDOMAIN_ROAMINGPROFILE=DESKTOP-U7U4TE6, PROCESSOR_LEVEL=6, VS140COMNTOOLS=C:\Program Files (x86)\Microsoft Visual Studio 14.0\Common7\Tools\, ALLUSERSPROFILE=C:\ProgramData, PROCESSOR_ARCHITECTURE=AMD64, PSModulePath=C:\Users\jorge\Documents\WindowsPowerShell\Modules;C:\Program Files\WindowsPowerShell\Modules;C:\Windows\system32\WindowsPowerShell\v1.0\Modules, SystemDrive=C:, =ExitCode=00000000, DIRNAME=C:\azure-devops\git\eShopOnContainers\src\Web\WebImapClient\Client\server\, USERNAME=jorge, CMD_LINE_ARGS=b, ProgramFiles(x86)=C:\Program Files (x86), APP_HOME=C:\azure-devops\git\eShopOnContainers\src\Web\WebImapClient\Client\server\, PATHEXT=.COM;.EXE;.BAT;.CMD;.VBS;.VBE;.JS;.JSE;.WSF;.WSH;.MSC;.CPL, DriverData=C:\Windows\System32\Drivers\DriverData, OneDriveConsumer=C:\Users\jorge\OneDrive, ProgramData=C:\ProgramData, ProgramW6432=C:\Program Files, HOMEPATH=\Users\jorge, PROCESSOR_IDENTIFIER=Intel64 Family 6 Model 158 Stepping 13, GenuineIntel, ProgramFiles=C:\Program Files, PUBLIC=C:\Users\Public, windir=C:\Windows, _SKIP=2, LOCALAPPDATA=C:\Users\jorge\AppData\Local, ChocolateyLastPathUpdate=132229495750090469, USERDOMAIN=DESKTOP-U7U4TE6, LOGONSERVER=\\DESKTOP-U7U4TE6, PROMPT=$P$G, OneDrive=C:\Users\jorge\OneDrive, =C:=C:\azure-devops\git\eShopOnContainers\src\Web\WebImapClient\Client\server, APPDATA=C:\Users\jorge\AppData\Roaming, JAVA_EXE=java.exe, ChocolateyInstall=C:\ProgramData\chocolatey, CommonProgramFiles=C:\Program Files\Common Files, Path=C:\Program Files\AdoptOpenJDK\jdk-8.0.242.08-hotspot\bin;C:\Program Files (x86)\Common Files\Oracle\Java\javapath;C:\Python27\;C:\Python27\Scripts;C:\ProgramData\DockerDesktop\version-bin;C:\Program Files\Docker\Docker\Resources\bin;C:\Windows\system32;C:\Windows;C:\Windows\System32\Wbem;C:\Windows\System32\WindowsPowerShell\v1.0\;C:\Windows\System32\OpenSSH\;C:\Program Files (x86)\NVIDIA Corporation\PhysX\Common;C:\Program Files\dotnet\;C:\Program Files\Microsoft SQL Server\130\Tools\Binn\;C:\Program Files\Microsoft SQL Server\Client SDK\ODBC\170\Tools\Binn\;C:\Program Files (x86)\Microsoft SQL Server\150\DTS\Binn\;C:\Program Files\Git\cmd;C:\Program Files (x86)\Microsoft ASP.NET\ASP.NET Web Pages\v1.0\;C:\Program Files\Microsoft SQL Server\110\Tools\Binn\;C:\Users\jorge\.dnx\bin;C:\Program Files\Microsoft DNX\Dnvm\;C:\Program Files\nodejs\;C:\ProgramData\chocolatey\bin;C:\Program Files\Microsoft\Web Platform Installer\;C:\Users\jorge\AppData\Local\Microsoft\WindowsApps;C:\Users\jorge\AppData\Local\Programs\Microsoft VS Code\bin;C:\Users\jorge\.dotnet\tools;C:\Users\jorge\AppData\Roaming\npm;C:\Users\jorge\AppData\Local\GitHubDesktop\bin, OS=Windows_NT, COMPUTERNAME=DESKTOP-U7U4TE6, PROCESSOR_REVISION=9e0d, CLASSPATH=C:\azure-devops\git\eShopOnContainers\src\Web\WebImapClient\Client\server\\gradle\wrapper\gradle-wrapper.jar, CommonProgramW6432=C:\Program Files\Common Files, ComSpec=C:\Windows\system32\cmd.exe, APP_BASE_NAME=gradlew, SystemRoot=C:\Windows, TEMP=C:\Users\jorge\AppData\Local\Temp, HOMEDRIVE=C:, USERPROFILE=C:\Users\jorge, TMP=C:\Users\jorge\AppData\Local\Temp, VS110COMNTOOLS=C:\Program Files (x86)\Microsoft Visual Studio 11.0\Common7\Tools\, CommonProgramFiles(x86)=C:\Program Files (x86)\Common Files, NUMBER_OF_PROCESSORS=12}}]
17:43:15.005 [Test worker] DEBUG org.springframework.web.servlet.mvc.method.annotation.RequestMappingHandlerMapping - Looking for request mappings in application context: org.springframework.test.web.servlet.setup.StubWebApplicationContext@6f35652d
17:43:15.008 [Test worker] DEBUG org.springframework.web.servlet.mvc.method.annotation.RequestMappingHandlerMapping - 17 request handler methods found on class com.marcnuri.isotope.api.folder.FolderResource: {public org.springframework.http.ResponseEntity com.marcnuri.isotope.api.folder.FolderResource.getMessage(java.lang.String,java.lang.Long)={[/v1/folders/{folderId}/messages/{messageId}],methods=[GET]}, public org.springframework.http.ResponseEntity com.marcnuri.isotope.api.folder.FolderResource.getFolders(java.lang.Boolean)={[/v1/folders],methods=[GET],produces=[application/hal+json]}, public org.springframework.http.ResponseEntity com.marcnuri.isotope.api.folder.FolderResource.setMessageFlagged(java.lang.String,java.lang.Long,boolean)={[/v1/folders/{folderId}/messages/{messageId}/flagged],methods=[PUT]}, public org.springframework.http.ResponseEntity com.marcnuri.isotope.api.folder.FolderResource.deleteAllFolderMessages(java.lang.String)={[/v1/folders/{folderId}/messages],methods=[DELETE]}, public org.springframework.http.ResponseEntity com.marcnuri.isotope.api.folder.FolderResource.createChildFolder(java.lang.String,java.lang.String)={[/v1/folders/{folderId}],methods=[POST],produces=[application/hal+json]}, public org.springframework.http.ResponseEntity com.marcnuri.isotope.api.folder.FolderResource.moveMessage(java.lang.String,java.lang.Long,java.lang.String)={[/v1/folders/{fromFolderId}/messages/{messageId}/folder/{toFolderId}],methods=[PUT]}, public org.springframework.http.ResponseEntity com.marcnuri.isotope.api.folder.FolderResource.moveMessages(java.lang.String,java.lang.String,java.util.List)={[/v1/folders/{fromFolderId}/messages/folder/{toFolderId}],methods=[PUT]}, public org.springframework.http.ResponseEntity com.marcnuri.isotope.api.folder.FolderResource.setMessageSeen(java.lang.String,java.lang.Long,boolean)={[/v1/folders/{folderId}/messages/{messageId}/seen],methods=[PUT]}, public org.springframework.http.ResponseEntity com.marcnuri.isotope.api.folder.FolderResource.setMessagesSeen(java.lang.String,java.lang.Boolean,java.util.List)={[/v1/folders/{folderId}/messages/seen/{seen}],methods=[PUT]}, public org.springframework.http.ResponseEntity com.marcnuri.isotope.api.folder.FolderResource.getAttachment(java.lang.String,java.lang.Long,java.lang.String,java.lang.Boolean,javax.servlet.http.HttpServletResponse)={[/v1/folders/{folderId}/messages/{messageId}/attachments/{id}],methods=[GET]}, public org.springframework.http.ResponseEntity com.marcnuri.isotope.api.folder.FolderResource.deleteFolder(java.lang.String)={[/v1/folders/{folderId}],methods=[DELETE],produces=[application/hal+json]}, public org.springframework.http.ResponseEntity com.marcnuri.isotope.api.folder.FolderResource.renameFolder(java.lang.String,java.lang.String)={[/v1/folders/{folderId}/name],methods=[PUT],produces=[application/hal+json]}, public org.springframework.http.ResponseEntity com.marcnuri.isotope.api.folder.FolderResource.moveFolder(java.lang.String,java.lang.String)={[/v1/folders/{folderId}/parent],methods=[PUT],produces=[application/hal+json]}, public org.springframework.http.ResponseEntity com.marcnuri.isotope.api.folder.FolderResource.createRootFolder(java.lang.String)={[/v1/folders],methods=[POST],produces=[application/hal+json]}, public org.springframework.http.ResponseEntity com.marcnuri.isotope.api.folder.FolderResource.preloadMessages(java.lang.String,java.util.List)={[/v1/folders/{folderId}/messages],methods=[GET]}, public org.springframework.http.ResponseEntity com.marcnuri.isotope.api.folder.FolderResource.deleteMessages(java.lang.String,java.util.List)={[/v1/folders/{folderId}/messages],methods=[DELETE],params=[id]}, public reactor.core.publisher.Flux com.marcnuri.isotope.api.folder.FolderResource.getMessages(java.lang.String,javax.servlet.http.HttpServletResponse)={[/v1/folders/{folderId}/messages],methods=[GET],produces=[text/event-stream]}}
17:43:15.008 [Test worker] INFO org.springframework.web.servlet.mvc.method.annotation.RequestMappingHandlerMapping - Mapped "{[/v1/folders/{folderId}/messages/{messageId}],methods=[GET]}" onto public org.springframework.http.ResponseEntity<com.marcnuri.isotope.api.message.MessageWithFolder> com.marcnuri.isotope.api.folder.FolderResource.getMessage(java.lang.String,java.lang.Long)
17:43:15.008 [Test worker] INFO org.springframework.web.servlet.mvc.method.annotation.RequestMappingHandlerMapping - Mapped "{[/v1/folders],methods=[GET],produces=[application/hal+json]}" onto public org.springframework.http.ResponseEntity<java.util.List<com.marcnuri.isotope.api.folder.Folder>> com.marcnuri.isotope.api.folder.FolderResource.getFolders(java.lang.Boolean)
17:43:15.009 [Test worker] INFO org.springframework.web.servlet.mvc.method.annotation.RequestMappingHandlerMapping - Mapped "{[/v1/folders/{folderId}/messages/{messageId}/flagged],methods=[PUT]}" onto public org.springframework.http.ResponseEntity<java.lang.Void> com.marcnuri.isotope.api.folder.FolderResource.setMessageFlagged(java.lang.String,java.lang.Long,boolean)
17:43:15.009 [Test worker] INFO org.springframework.web.servlet.mvc.method.annotation.RequestMappingHandlerMapping - Mapped "{[/v1/folders/{folderId}/messages],methods=[DELETE]}" onto public org.springframework.http.ResponseEntity<com.marcnuri.isotope.api.folder.Folder> com.marcnuri.isotope.api.folder.FolderResource.deleteAllFolderMessages(java.lang.String)
17:43:15.009 [Test worker] INFO org.springframework.web.servlet.mvc.method.annotation.RequestMappingHandlerMapping - Mapped "{[/v1/folders/{folderId}],methods=[POST],produces=[application/hal+json]}" onto public org.springframework.http.ResponseEntity<com.marcnuri.isotope.api.folder.Folder> com.marcnuri.isotope.api.folder.FolderResource.createChildFolder(java.lang.String,java.lang.String)
17:43:15.009 [Test worker] INFO org.springframework.web.servlet.mvc.method.annotation.RequestMappingHandlerMapping - Mapped "{[/v1/folders/{fromFolderId}/messages/{messageId}/folder/{toFolderId}],methods=[PUT]}" onto public org.springframework.http.ResponseEntity<java.util.List<com.marcnuri.isotope.api.message.MessageWithFolder>> com.marcnuri.isotope.api.folder.FolderResource.moveMessage(java.lang.String,java.lang.Long,java.lang.String)
17:43:15.009 [Test worker] INFO org.springframework.web.servlet.mvc.method.annotation.RequestMappingHandlerMapping - Mapped "{[/v1/folders/{fromFolderId}/messages/folder/{toFolderId}],methods=[PUT]}" onto public org.springframework.http.ResponseEntity<java.util.List<com.marcnuri.isotope.api.message.MessageWithFolder>> com.marcnuri.isotope.api.folder.FolderResource.moveMessages(java.lang.String,java.lang.String,java.util.List<java.lang.Long>)
17:43:15.009 [Test worker] INFO org.springframework.web.servlet.mvc.method.annotation.RequestMappingHandlerMapping - Mapped "{[/v1/folders/{folderId}/messages/{messageId}/seen],methods=[PUT]}" onto public org.springframework.http.ResponseEntity<java.lang.Void> com.marcnuri.isotope.api.folder.FolderResource.setMessageSeen(java.lang.String,java.lang.Long,boolean)
17:43:15.009 [Test worker] INFO org.springframework.web.servlet.mvc.method.annotation.RequestMappingHandlerMapping - Mapped "{[/v1/folders/{folderId}/messages/seen/{seen}],methods=[PUT]}" onto public org.springframework.http.ResponseEntity<java.lang.Void> com.marcnuri.isotope.api.folder.FolderResource.setMessagesSeen(java.lang.String,java.lang.Boolean,java.util.List<java.lang.Long>)
17:43:15.009 [Test worker] INFO org.springframework.web.servlet.mvc.method.annotation.RequestMappingHandlerMapping - Mapped "{[/v1/folders/{folderId}/messages/{messageId}/attachments/{id}],methods=[GET]}" onto public org.springframework.http.ResponseEntity<java.lang.Void> com.marcnuri.isotope.api.folder.FolderResource.getAttachment(java.lang.String,java.lang.Long,java.lang.String,java.lang.Boolean,javax.servlet.http.HttpServletResponse)
17:43:15.009 [Test worker] INFO org.springframework.web.servlet.mvc.method.annotation.RequestMappingHandlerMapping - Mapped "{[/v1/folders/{folderId}],methods=[DELETE],produces=[application/hal+json]}" onto public org.springframework.http.ResponseEntity<com.marcnuri.isotope.api.folder.Folder> com.marcnuri.isotope.api.folder.FolderResource.deleteFolder(java.lang.String)
17:43:15.010 [Test worker] INFO org.springframework.web.servlet.mvc.method.annotation.RequestMappingHandlerMapping - Mapped "{[/v1/folders/{folderId}/name],methods=[PUT],produces=[application/hal+json]}" onto public org.springframework.http.ResponseEntity<com.marcnuri.isotope.api.folder.Folder> com.marcnuri.isotope.api.folder.FolderResource.renameFolder(java.lang.String,java.lang.String)
17:43:15.010 [Test worker] INFO org.springframework.web.servlet.mvc.method.annotation.RequestMappingHandlerMapping - Mapped "{[/v1/folders/{folderId}/parent],methods=[PUT],produces=[application/hal+json]}" onto public org.springframework.http.ResponseEntity<com.marcnuri.isotope.api.folder.Folder> com.marcnuri.isotope.api.folder.FolderResource.moveFolder(java.lang.String,java.lang.String)
17:43:15.010 [Test worker] INFO org.springframework.web.servlet.mvc.method.annotation.RequestMappingHandlerMapping - Mapped "{[/v1/folders],methods=[POST],produces=[application/hal+json]}" onto public org.springframework.http.ResponseEntity<java.util.List<com.marcnuri.isotope.api.folder.Folder>> com.marcnuri.isotope.api.folder.FolderResource.createRootFolder(java.lang.String)
17:43:15.010 [Test worker] INFO org.springframework.web.servlet.mvc.method.annotation.RequestMappingHandlerMapping - Mapped "{[/v1/folders/{folderId}/messages],methods=[GET]}" onto public org.springframework.http.ResponseEntity<java.util.List<com.marcnuri.isotope.api.message.Message>> com.marcnuri.isotope.api.folder.FolderResource.preloadMessages(java.lang.String,java.util.List<java.lang.Long>)
17:43:15.010 [Test worker] INFO org.springframework.web.servlet.mvc.method.annotation.RequestMappingHandlerMapping - Mapped "{[/v1/folders/{folderId}/messages],methods=[DELETE],params=[id]}" onto public org.springframework.http.ResponseEntity<com.marcnuri.isotope.api.folder.Folder> com.marcnuri.isotope.api.folder.FolderResource.deleteMessages(java.lang.String,java.util.List<java.lang.Long>)
17:43:15.010 [Test worker] INFO org.springframework.web.servlet.mvc.method.annotation.RequestMappingHandlerMapping - Mapped "{[/v1/folders/{folderId}/messages],methods=[GET],produces=[text/event-stream]}" onto public reactor.core.publisher.Flux<org.springframework.http.codec.ServerSentEvent<java.util.List<com.marcnuri.isotope.api.message.Message>>> com.marcnuri.isotope.api.folder.FolderResource.getMessages(java.lang.String,javax.servlet.http.HttpServletResponse)
17:43:15.014 [Test worker] DEBUG org.hibernate.validator.internal.engine.resolver.TraversableResolvers - Cannot find javax.persistence.Persistence on classpath. Assuming non JPA 2 environment. All properties will per default be traversable.
17:43:15.014 [Test worker] DEBUG org.hibernate.validator.messageinterpolation.ResourceBundleMessageInterpolator - Loaded expression factory via original TCCL
17:43:15.014 [Test worker] DEBUG org.hibernate.validator.internal.engine.ConfigurationImpl - Setting custom MessageInterpolator of type org.springframework.validation.beanvalidation.LocaleContextMessageInterpolator
17:43:15.014 [Test worker] DEBUG org.hibernate.validator.internal.engine.ConfigurationImpl - Setting custom ParameterNameProvider of type org.springframework.validation.beanvalidation.LocalValidatorFactoryBean$1
17:43:15.014 [Test worker] DEBUG org.hibernate.validator.internal.xml.config.ValidationXmlParser - Trying to load META-INF/validation.xml for XML based Validator configuration.
17:43:15.014 [Test worker] DEBUG org.hibernate.validator.internal.xml.config.ResourceLoaderHelper - Trying to load META-INF/validation.xml via TCCL
17:43:15.015 [Test worker] DEBUG org.hibernate.validator.internal.xml.config.ResourceLoaderHelper - Trying to load META-INF/validation.xml via Hibernate Validator's class loader
17:43:15.015 [Test worker] DEBUG org.hibernate.validator.internal.xml.config.ValidationXmlParser - No META-INF/validation.xml found. Using annotation based configuration only.
17:43:15.018 [Test worker] DEBUG org.hibernate.validator.internal.engine.ValidatorFactoryImpl - HV000234: Using org.springframework.validation.beanvalidation.LocaleContextMessageInterpolator as ValidatorFactory-scoped message interpolator.
17:43:15.019 [Test worker] DEBUG org.hibernate.validator.internal.engine.ValidatorFactoryImpl - HV000234: Using org.hibernate.validator.internal.engine.resolver.TraverseAllTraversableResolver as ValidatorFactory-scoped traversable resolver.
17:43:15.019 [Test worker] DEBUG org.hibernate.validator.internal.engine.ValidatorFactoryImpl - HV000234: Using org.hibernate.validator.internal.util.ExecutableParameterNameProvider as ValidatorFactory-scoped parameter name provider.
17:43:15.019 [Test worker] DEBUG org.hibernate.validator.internal.engine.ValidatorFactoryImpl - HV000234: Using org.hibernate.validator.internal.engine.DefaultClockProvider as ValidatorFactory-scoped clock provider.
17:43:15.019 [Test worker] DEBUG org.hibernate.validator.internal.engine.ValidatorFactoryImpl - HV000234: Using org.hibernate.validator.internal.engine.scripting.DefaultScriptEvaluatorFactory as ValidatorFactory-scoped script evaluator factory.
17:43:15.019 [Test worker] INFO org.springframework.web.servlet.mvc.method.annotation.RequestMappingHandlerAdapter - Looking for @ControllerAdvice: org.springframework.test.web.servlet.setup.StubWebApplicationContext@6f35652d
17:43:15.021 [Test worker] DEBUG org.springframework.web.servlet.mvc.method.annotation.ExceptionHandlerExceptionResolver - Looking for exception mappings: org.springframework.test.web.servlet.setup.StubWebApplicationContext@6f35652d
17:43:15.021 [Test worker] DEBUG org.springframework.test.web.servlet.TestDispatcherServlet - Initializing servlet ''
17:43:15.021 [Test worker] INFO org.springframework.mock.web.MockServletContext - Initializing Spring FrameworkServlet ''
17:43:15.021 [Test worker] INFO org.springframework.test.web.servlet.TestDispatcherServlet - FrameworkServlet '': initialization started
17:43:15.021 [Test worker] DEBUG org.springframework.test.web.servlet.TestDispatcherServlet - Unable to locate MultipartResolver with name 'multipartResolver': no multipart request handling provided
17:43:15.021 [Test worker] DEBUG org.springframework.test.web.servlet.TestDispatcherServlet - Using LocaleResolver [org.springframework.web.servlet.i18n.AcceptHeaderLocaleResolver@642e4407]
17:43:15.021 [Test worker] DEBUG org.springframework.test.web.servlet.TestDispatcherServlet - Using ThemeResolver [org.springframework.web.servlet.theme.FixedThemeResolver@134de48f]
17:43:15.021 [Test worker] DEBUG org.springframework.test.web.servlet.TestDispatcherServlet - Using RequestToViewNameTranslator [org.springframework.web.servlet.view.DefaultRequestToViewNameTranslator@20170edd]
17:43:15.021 [Test worker] DEBUG org.springframework.test.web.servlet.TestDispatcherServlet - Using FlashMapManager [org.springframework.web.servlet.support.SessionFlashMapManager@22de7e00]
17:43:15.021 [Test worker] DEBUG org.springframework.test.web.servlet.TestDispatcherServlet - Published WebApplicationContext of servlet '' as ServletContext attribute with name [org.springframework.web.servlet.FrameworkServlet.CONTEXT.]
17:43:15.021 [Test worker] INFO org.springframework.test.web.servlet.TestDispatcherServlet - FrameworkServlet '': initialization completed in 0 ms
17:43:15.021 [Test worker] DEBUG org.springframework.test.web.servlet.TestDispatcherServlet - Servlet '' configured successfully
17:43:15.022 [Test worker] DEBUG org.springframework.test.web.servlet.TestDispatcherServlet - DispatcherServlet with name '' processing PUT request for [/v1/folders/L29yaWdpbmFsL2ZvbGRlcg==/parent]
17:43:15.022 [Test worker] DEBUG org.springframework.web.servlet.mvc.method.annotation.RequestMappingHandlerMapping - Looking up handler method for path /v1/folders/L29yaWdpbmFsL2ZvbGRlcg==/parent
17:43:15.022 [Test worker] DEBUG org.springframework.web.servlet.mvc.method.annotation.RequestMappingHandlerMapping - Returning handler method [public org.springframework.http.ResponseEntity<com.marcnuri.isotope.api.folder.Folder> com.marcnuri.isotope.api.folder.FolderResource.moveFolder(java.lang.String,java.lang.String)]
17:43:15.023 [Test worker] DEBUG org.springframework.web.servlet.mvc.method.annotation.RequestResponseBodyMethodProcessor - Read [class java.lang.String] as "application/json" with [org.springframework.http.converter.StringHttpMessageConverter@34c60820]
17:43:15.024 [Test worker] DEBUG org.springframework.beans.factory.support.DefaultListableBeanFactory - Returning cached instance of singleton bean 'prototypeImapService'
17:43:15.031 [Test worker] DEBUG org.springframework.web.servlet.mvc.method.annotation.HttpEntityMethodProcessor - Written [links: [<http://localhost/v1/folders/1337>;rel="self", <http://localhost/v1/folders/1337/messages>;rel="messages", <http://localhost/v1/folders/1337>;rel="delete", <http://localhost/v1/folders/1337/name>;rel="rename", <http://localhost/v1/folders/1337/parent>;rel="move", <http://localhost/v1/folders/1337/messages/{messageId}>;rel="message", <http://localhost/v1/folders/1337/messages/{messageId}/flagged>;rel="message.flagged", <http://localhost/v1/folders/1337/messages/{messageId}/folder/{toFolderId}>;rel="message.move", <http://localhost/v1/folders/1337/messages/folder/{toFolderId}>;rel="message.move.bulk", <http://localhost/v1/folders/1337/messages/{messageId}/seen>;rel="message.seen", <http://localhost/v1/folders/1337/messages/seen/{seen}>;rel="message.seen.bulk"]] as "application/hal+json" using [org.springframework.http.converter.json.MappingJackson2HttpMessageConverter@556a0f3]
17:43:15.031 [Test worker] DEBUG org.springframework.test.web.servlet.TestDispatcherServlet - Null ModelAndView returned to DispatcherServlet with name '': assuming HandlerAdapter completed request handling
17:43:15.031 [Test worker] DEBUG org.springframework.test.web.servlet.TestDispatcherServlet - Successfully completed request
17:43:15.031 [Test worker] DEBUG com.jayway.jsonpath.internal.path.CompiledPath - Evaluating path: $['folderId']
17:43:15.032 [Test worker] DEBUG com.jayway.jsonpath.internal.path.CompiledPath - Evaluating path: $['_links']
17:43:15.032 [Test worker] DEBUG com.jayway.jsonpath.internal.path.CompiledPath - Evaluating path: $['_links']
17:43:15.032 [Test worker] DEBUG org.springframework.test.context.cache.DefaultCacheAwareContextLoaderDelegate - Retrieved ApplicationContext from cache with key [[MergedContextConfiguration@690d0075 testClass = FolderResourceTest, locations = '{}', classes = '{class com.marcnuri.isotope.api.folder.FolderResource}', contextInitializerClasses = '[]', activeProfiles = '{}', propertySourceLocations = '{}', propertySourceProperties = '{}', contextCustomizers = set[org.springframework.boot.test.autoconfigure.properties.PropertyMappingContextCustomizer@0, org.springframework.boot.test.autoconfigure.web.servlet.WebDriverContextCustomizerFactory$Customizer@42a343c1, org.springframework.boot.test.context.filter.ExcludeFilterContextCustomizer@3d8dc3, org.springframework.boot.test.json.DuplicateJsonObjectContextCustomizerFactory$DuplicateJsonObjectContextCustomizer@5f493529, org.springframework.boot.test.mock.mockito.MockitoContextCustomizer@8186d819], contextLoader = 'org.springframework.test.context.support.DelegatingSmartContextLoader', parent = [null]]]
17:43:15.032 [Test worker] DEBUG org.springframework.test.context.cache - Spring test ApplicationContext cache statistics: [DefaultContextCache@11fd1fb9 size = 2, maxSize = 32, parentContextCount = 0, hitCount = 74, missCount = 2]
17:43:15.032 [Test worker] DEBUG org.springframework.beans.factory.support.DefaultListableBeanFactory - Returning cached instance of singleton bean 'org.springframework.boot.test.mock.mockito.MockitoBeans'
17:43:15.032 [Test worker] DEBUG org.springframework.test.context.cache.DefaultCacheAwareContextLoaderDelegate - Retrieved ApplicationContext from cache with key [[MergedContextConfiguration@690d0075 testClass = FolderResourceTest, locations = '{}', classes = '{class com.marcnuri.isotope.api.folder.FolderResource}', contextInitializerClasses = '[]', activeProfiles = '{}', propertySourceLocations = '{}', propertySourceProperties = '{}', contextCustomizers = set[org.springframework.boot.test.autoconfigure.properties.PropertyMappingContextCustomizer@0, org.springframework.boot.test.autoconfigure.web.servlet.WebDriverContextCustomizerFactory$Customizer@42a343c1, org.springframework.boot.test.context.filter.ExcludeFilterContextCustomizer@3d8dc3, org.springframework.boot.test.json.DuplicateJsonObjectContextCustomizerFactory$DuplicateJsonObjectContextCustomizer@5f493529, org.springframework.boot.test.mock.mockito.MockitoContextCustomizer@8186d819], contextLoader = 'org.springframework.test.context.support.DelegatingSmartContextLoader', parent = [null]]]
17:43:15.032 [Test worker] DEBUG org.springframework.test.context.cache - Spring test ApplicationContext cache statistics: [DefaultContextCache@11fd1fb9 size = 2, maxSize = 32, parentContextCount = 0, hitCount = 75, missCount = 2]
17:43:15.032 [Test worker] DEBUG org.springframework.test.context.cache.DefaultCacheAwareContextLoaderDelegate - Retrieved ApplicationContext from cache with key [[MergedContextConfiguration@690d0075 testClass = FolderResourceTest, locations = '{}', classes = '{class com.marcnuri.isotope.api.folder.FolderResource}', contextInitializerClasses = '[]', activeProfiles = '{}', propertySourceLocations = '{}', propertySourceProperties = '{}', contextCustomizers = set[org.springframework.boot.test.autoconfigure.properties.PropertyMappingContextCustomizer@0, org.springframework.boot.test.autoconfigure.web.servlet.WebDriverContextCustomizerFactory$Customizer@42a343c1, org.springframework.boot.test.context.filter.ExcludeFilterContextCustomizer@3d8dc3, org.springframework.boot.test.json.DuplicateJsonObjectContextCustomizerFactory$DuplicateJsonObjectContextCustomizer@5f493529, org.springframework.boot.test.mock.mockito.MockitoContextCustomizer@8186d819], contextLoader = 'org.springframework.test.context.support.DelegatingSmartContextLoader', parent = [null]]]
17:43:15.032 [Test worker] DEBUG org.springframework.test.context.cache - Spring test ApplicationContext cache statistics: [DefaultContextCache@11fd1fb9 size = 2, maxSize = 32, parentContextCount = 0, hitCount = 76, missCount = 2]
17:43:15.033 [Test worker] DEBUG reactor.core.publisher.Hooks - Reset to factory defaults : onLastOperator
17:43:15.033 [Test worker] DEBUG org.springframework.test.context.support.AbstractDirtiesContextTestExecutionListener - After test method: context [DefaultTestContext@1abdc0de testClass = FolderResourceTest, testInstance = com.marcnuri.isotope.api.folder.FolderResourceTest@114df455, testMethod = moveFolder_validFolderAndNewName_shouldReturnOk@FolderResourceTest, testException = [null], mergedContextConfiguration = [MergedContextConfiguration@690d0075 testClass = FolderResourceTest, locations = '{}', classes = '{class com.marcnuri.isotope.api.folder.FolderResource}', contextInitializerClasses = '[]', activeProfiles = '{}', propertySourceLocations = '{}', propertySourceProperties = '{}', contextCustomizers = set[org.springframework.boot.test.autoconfigure.properties.PropertyMappingContextCustomizer@0, org.springframework.boot.test.autoconfigure.web.servlet.WebDriverContextCustomizerFactory$Customizer@42a343c1, org.springframework.boot.test.context.filter.ExcludeFilterContextCustomizer@3d8dc3, org.springframework.boot.test.json.DuplicateJsonObjectContextCustomizerFactory$DuplicateJsonObjectContextCustomizer@5f493529, org.springframework.boot.test.mock.mockito.MockitoContextCustomizer@8186d819], contextLoader = 'org.springframework.test.context.support.DelegatingSmartContextLoader', parent = [null]], attributes = map[[empty]]], class annotated with @DirtiesContext [false] with mode [null], method annotated with @DirtiesContext [false] with mode [null].
17:43:15.033 [Test worker] DEBUG org.springframework.test.annotation.ProfileValueUtils - Retrieved @ProfileValueSourceConfiguration [null] for test class [com.marcnuri.isotope.api.folder.FolderResourceTest]
17:43:15.033 [Test worker] DEBUG org.springframework.test.annotation.ProfileValueUtils - Retrieved ProfileValueSource type [class org.springframework.test.annotation.SystemProfileValueSource] for class [com.marcnuri.isotope.api.folder.FolderResourceTest]
17:43:15.033 [Test worker] DEBUG org.springframework.test.context.cache.DefaultCacheAwareContextLoaderDelegate - Retrieved ApplicationContext from cache with key [[MergedContextConfiguration@690d0075 testClass = FolderResourceTest, locations = '{}', classes = '{class com.marcnuri.isotope.api.folder.FolderResource}', contextInitializerClasses = '[]', activeProfiles = '{}', propertySourceLocations = '{}', propertySourceProperties = '{}', contextCustomizers = set[org.springframework.boot.test.autoconfigure.properties.PropertyMappingContextCustomizer@0, org.springframework.boot.test.autoconfigure.web.servlet.WebDriverContextCustomizerFactory$Customizer@42a343c1, org.springframework.boot.test.context.filter.ExcludeFilterContextCustomizer@3d8dc3, org.springframework.boot.test.json.DuplicateJsonObjectContextCustomizerFactory$DuplicateJsonObjectContextCustomizer@5f493529, org.springframework.boot.test.mock.mockito.MockitoContextCustomizer@8186d819], contextLoader = 'org.springframework.test.context.support.DelegatingSmartContextLoader', parent = [null]]]
17:43:15.033 [Test worker] DEBUG org.springframework.test.context.cache - Spring test ApplicationContext cache statistics: [DefaultContextCache@11fd1fb9 size = 2, maxSize = 32, parentContextCount = 0, hitCount = 77, missCount = 2]
17:43:15.033 [Test worker] DEBUG org.springframework.beans.factory.support.DefaultListableBeanFactory - Returning cached instance of singleton bean 'org.springframework.boot.test.mock.mockito.MockitoPostProcessor'
17:43:15.033 [Test worker] DEBUG org.springframework.beans.factory.support.DefaultListableBeanFactory - Returning cached instance of singleton bean 'prototypeImapService'
17:43:15.034 [Test worker] DEBUG org.springframework.test.context.support.DependencyInjectionTestExecutionListener - Performing dependency injection for test context [[DefaultTestContext@1abdc0de testClass = FolderResourceTest, testInstance = com.marcnuri.isotope.api.folder.FolderResourceTest@528f8d51, testMethod = [null], testException = [null], mergedContextConfiguration = [MergedContextConfiguration@690d0075 testClass = FolderResourceTest, locations = '{}', classes = '{class com.marcnuri.isotope.api.folder.FolderResource}', contextInitializerClasses = '[]', activeProfiles = '{}', propertySourceLocations = '{}', propertySourceProperties = '{}', contextCustomizers = set[org.springframework.boot.test.autoconfigure.properties.PropertyMappingContextCustomizer@0, org.springframework.boot.test.autoconfigure.web.servlet.WebDriverContextCustomizerFactory$Customizer@42a343c1, org.springframework.boot.test.context.filter.ExcludeFilterContextCustomizer@3d8dc3, org.springframework.boot.test.json.DuplicateJsonObjectContextCustomizerFactory$DuplicateJsonObjectContextCustomizer@5f493529, org.springframework.boot.test.mock.mockito.MockitoContextCustomizer@8186d819], contextLoader = 'org.springframework.test.context.support.DelegatingSmartContextLoader', parent = [null]], attributes = map[[empty]]]].
17:43:15.034 [Test worker] DEBUG org.springframework.test.context.cache.DefaultCacheAwareContextLoaderDelegate - Retrieved ApplicationContext from cache with key [[MergedContextConfiguration@690d0075 testClass = FolderResourceTest, locations = '{}', classes = '{class com.marcnuri.isotope.api.folder.FolderResource}', contextInitializerClasses = '[]', activeProfiles = '{}', propertySourceLocations = '{}', propertySourceProperties = '{}', contextCustomizers = set[org.springframework.boot.test.autoconfigure.properties.PropertyMappingContextCustomizer@0, org.springframework.boot.test.autoconfigure.web.servlet.WebDriverContextCustomizerFactory$Customizer@42a343c1, org.springframework.boot.test.context.filter.ExcludeFilterContextCustomizer@3d8dc3, org.springframework.boot.test.json.DuplicateJsonObjectContextCustomizerFactory$DuplicateJsonObjectContextCustomizer@5f493529, org.springframework.boot.test.mock.mockito.MockitoContextCustomizer@8186d819], contextLoader = 'org.springframework.test.context.support.DelegatingSmartContextLoader', parent = [null]]]
17:43:15.034 [Test worker] DEBUG org.springframework.test.context.cache - Spring test ApplicationContext cache statistics: [DefaultContextCache@11fd1fb9 size = 2, maxSize = 32, parentContextCount = 0, hitCount = 78, missCount = 2]
17:43:15.034 [Test worker] DEBUG org.springframework.beans.factory.annotation.InjectionMetadata - Processing injected element of bean 'com.marcnuri.isotope.api.folder.FolderResourceTest': AutowiredFieldElement for private com.marcnuri.isotope.api.folder.FolderResource com.marcnuri.isotope.api.folder.FolderResourceTest.folderResource
17:43:15.034 [Test worker] DEBUG org.springframework.beans.factory.support.DefaultListableBeanFactory - Returning cached instance of singleton bean 'folderResource'
17:43:15.034 [Test worker] DEBUG org.springframework.test.context.support.AbstractDirtiesContextTestExecutionListener - Before test method: context [DefaultTestContext@1abdc0de testClass = FolderResourceTest, testInstance = com.marcnuri.isotope.api.folder.FolderResourceTest@528f8d51, testMethod = preloadMessages_validFolderAndValidIds_shouldReturnOk@FolderResourceTest, testException = [null], mergedContextConfiguration = [MergedContextConfiguration@690d0075 testClass = FolderResourceTest, locations = '{}', classes = '{class com.marcnuri.isotope.api.folder.FolderResource}', contextInitializerClasses = '[]', activeProfiles = '{}', propertySourceLocations = '{}', propertySourceProperties = '{}', contextCustomizers = set[org.springframework.boot.test.autoconfigure.properties.PropertyMappingContextCustomizer@0, org.springframework.boot.test.autoconfigure.web.servlet.WebDriverContextCustomizerFactory$Customizer@42a343c1, org.springframework.boot.test.context.filter.ExcludeFilterContextCustomizer@3d8dc3, org.springframework.boot.test.json.DuplicateJsonObjectContextCustomizerFactory$DuplicateJsonObjectContextCustomizer@5f493529, org.springframework.boot.test.mock.mockito.MockitoContextCustomizer@8186d819], contextLoader = 'org.springframework.test.context.support.DelegatingSmartContextLoader', parent = [null]], attributes = map[[empty]]], class annotated with @DirtiesContext [false] with mode [null], method annotated with @DirtiesContext [false] with mode [null].
17:43:15.034 [Test worker] DEBUG reactor.core.publisher.Hooks - Hooking onLastOperator: reactor.core.publisher.Operators$LiftFunction@510a342f
17:43:15.035 [Test worker] DEBUG org.springframework.test.context.cache.DefaultCacheAwareContextLoaderDelegate - Retrieved ApplicationContext from cache with key [[MergedContextConfiguration@690d0075 testClass = FolderResourceTest, locations = '{}', classes = '{class com.marcnuri.isotope.api.folder.FolderResource}', contextInitializerClasses = '[]', activeProfiles = '{}', propertySourceLocations = '{}', propertySourceProperties = '{}', contextCustomizers = set[org.springframework.boot.test.autoconfigure.properties.PropertyMappingContextCustomizer@0, org.springframework.boot.test.autoconfigure.web.servlet.WebDriverContextCustomizerFactory$Customizer@42a343c1, org.springframework.boot.test.context.filter.ExcludeFilterContextCustomizer@3d8dc3, org.springframework.boot.test.json.DuplicateJsonObjectContextCustomizerFactory$DuplicateJsonObjectContextCustomizer@5f493529, org.springframework.boot.test.mock.mockito.MockitoContextCustomizer@8186d819], contextLoader = 'org.springframework.test.context.support.DelegatingSmartContextLoader', parent = [null]]]
17:43:15.035 [Test worker] DEBUG org.springframework.test.context.cache - Spring test ApplicationContext cache statistics: [DefaultContextCache@11fd1fb9 size = 2, maxSize = 32, parentContextCount = 0, hitCount = 79, missCount = 2]
17:43:15.035 [Test worker] DEBUG org.springframework.beans.factory.support.DefaultListableBeanFactory - Returning cached instance of singleton bean 'org.springframework.boot.test.mock.mockito.MockitoBeans'
17:43:15.035 [Test worker] DEBUG org.springframework.core.env.StandardEnvironment - Adding PropertySource 'systemProperties' with lowest search precedence
17:43:15.035 [Test worker] DEBUG org.springframework.core.env.StandardEnvironment - Adding PropertySource 'systemEnvironment' with lowest search precedence
17:43:15.035 [Test worker] DEBUG org.springframework.core.env.StandardEnvironment - Initialized StandardEnvironment with PropertySources [MapPropertySource@1240057122 {name='systemProperties', properties={java.runtime.name=OpenJDK Runtime Environment, sun.boot.library.path=C:\Program Files\AdoptOpenJDK\jdk-8.0.242.08-hotspot\jre\bin, java.vm.version=25.242-b08, java.vm.vendor=, java.vendor.url=http://java.oracle.com/, path.separator=;, java.vm.name=OpenJDK 64-Bit Server VM, file.encoding.pkg=sun.io, user.script=, sun.java.launcher=SUN_STANDARD, user.country=GB, sun.os.patch.level=, java.vm.specification.name=Java Virtual Machine Specification, user.dir=C:\azure-devops\git\eShopOnContainers\src\Web\WebImapClient\Client\server, java.runtime.version=1.8.0_242-b08, java.awt.graphicsenv=sun.awt.Win32GraphicsEnvironment, java.endorsed.dirs=C:\Program Files\AdoptOpenJDK\jdk-8.0.242.08-hotspot\jre\lib\endorsed, os.arch=amd64, java.io.tmpdir=C:\Users\jorge\AppData\Local\Temp\, line.separator=
, java.vm.specification.vendor=Oracle Corporation, user.variant=, os.name=Windows 10, sun.jnu.encoding=Cp1252, java.library.path=C:\Program Files\AdoptOpenJDK\jdk-8.0.242.08-hotspot\bin;C:\Windows\Sun\Java\bin;C:\Windows\system32;C:\Windows;C:\Program Files\AdoptOpenJDK\jdk-8.0.242.08-hotspot\bin;C:\Program Files (x86)\Common Files\Oracle\Java\javapath;C:\Python27\;C:\Python27\Scripts;C:\ProgramData\DockerDesktop\version-bin;C:\Program Files\Docker\Docker\Resources\bin;C:\Windows\system32;C:\Windows;C:\Windows\System32\Wbem;C:\Windows\System32\WindowsPowerShell\v1.0\;C:\Windows\System32\OpenSSH\;C:\Program Files (x86)\NVIDIA Corporation\PhysX\Common;C:\Program Files\dotnet\;C:\Program Files\Microsoft SQL Server\130\Tools\Binn\;C:\Program Files\Microsoft SQL Server\Client SDK\ODBC\170\Tools\Binn\;C:\Program Files (x86)\Microsoft SQL Server\150\DTS\Binn\;C:\Program Files\Git\cmd;C:\Program Files (x86)\Microsoft ASP.NET\ASP.NET Web Pages\v1.0\;C:\Program Files\Microsoft SQL Server\110\Tools\Binn\;C:\Users\jorge\.dnx\bin;C:\Program Files\Microsoft DNX\Dnvm\;C:\Program Files\nodejs\;C:\ProgramData\chocolatey\bin;C:\Program Files\Microsoft\Web Platform Installer\;C:\Users\jorge\AppData\Local\Microsoft\WindowsApps;C:\Users\jorge\AppData\Local\Programs\Microsoft VS Code\bin;C:\Users\jorge\.dotnet\tools;C:\Users\jorge\AppData\Roaming\npm;C:\Users\jorge\AppData\Local\GitHubDesktop\bin;., java.specification.name=Java Platform API Specification, java.class.version=52.0, org.gradle.native=false, sun.management.compiler=HotSpot 64-Bit Tiered Compilers, os.version=10.0, user.home=C:\Users\jorge, user.timezone=Europe/Paris, java.awt.printerjob=sun.awt.windows.WPrinterJob, file.encoding=windows-1252, java.specification.version=1.8, java.class.path=C:\azure-devops\git\eShopOnContainers\src\Web\WebImapClient\Client\server\build\classes\java\test;C:\azure-devops\git\eShopOnContainers\src\Web\WebImapClient\Client\server\build\resources\test;C:\azure-devops\git\eShopOnContainers\src\Web\WebImapClient\Client\server\build\classes\java\main;C:\azure-devops\git\eShopOnContainers\src\Web\WebImapClient\Client\server\build\resources\main;C:\Users\jorge\.gradle\caches\modules-2\files-2.1\org.springframework.boot\spring-boot-starter-actuator\2.0.4.RELEASE\24e901473279d9c18e0a0f8037d58b18c8297dca\spring-boot-starter-actuator-2.0.4.RELEASE.jar;C:\Users\jorge\.gradle\caches\modules-2\files-2.1\org.springframework.boot\spring-boot-starter-security\2.0.4.RELEASE\2ac314e5985fd9ae0d2acaea450f4f6c3dbd7f92\spring-boot-starter-security-2.0.4.RELEASE.jar;C:\Users\jorge\.gradle\caches\modules-2\files-2.1\org.springframework.boot\spring-boot-starter-webflux\2.0.4.RELEASE\a52fcd02fb6129e14f2b4b36acc5748368563c93\spring-boot-starter-webflux-2.0.4.RELEASE.jar;C:\Users\jorge\.gradle\caches\modules-2\files-2.1\org.springframework.boot\spring-boot-starter-test\2.0.4.RELEASE\8f473705d2742b669f0318f10a956f94a93ba3d2\spring-boot-starter-test-2.0.4.RELEASE.jar;C:\Users\jorge\.gradle\caches\modules-2\files-2.1\org.springframework.boot\spring-boot-starter-hateoas\2.0.4.RELEASE\2f115bebeffea81859c6d874457fa8db16b10747\spring-boot-starter-hateoas-2.0.4.RELEASE.jar;C:\Users\jorge\.gradle\caches\modules-2\files-2.1\org.springframework.boot\spring-boot-starter-web\2.0.4.RELEASE\98d49e981ecf804da877d84259b7b0d1ec2fb6f6\spring-boot-starter-web-2.0.4.RELEASE.jar;C:\Users\jorge\.gradle\caches\modules-2\files-2.1\org.springframework.boot\spring-boot-starter-json\2.0.4.RELEASE\c7afabf0d7c85db178da4ce0634e3bd2ddb0eb71\spring-boot-starter-json-2.0.4.RELEASE.jar;C:\Users\jorge\.gradle\caches\modules-2\files-2.1\org.springframework.boot\spring-boot-starter\2.0.4.RELEASE\ec46c63a2adeee40058eff1a6baefca13975dc94\spring-boot-starter-2.0.4.RELEASE.jar;C:\Users\jorge\.gradle\caches\modules-2\files-2.1\com.sun.mail\javax.mail\1.6.1\757ba4630692bb2a1ec2d9d57a616b63f15e947e\javax.mail-1.6.1.jar;C:\Users\jorge\.gradle\caches\modules-2\files-2.1\org.springframework.boot\spring-boot-actuator-autoconfigure\2.0.4.RELEASE\2cadc1d20a1f9ee667a608cfee154138e954f5f2\spring-boot-actuator-autoconfigure-2.0.4.RELEASE.jar;C:\Users\jorge\.gradle\caches\modules-2\files-2.1\com.fasterxml.jackson.datatype\jackson-datatype-jsr310\2.9.6\ea54f6193d224e5e5732bbd4262327eb465397c2\jackson-datatype-jsr310-2.9.6.jar;C:\Users\jorge\.gradle\caches\modules-2\files-2.1\commons-io\commons-io\2.6\815893df5f31da2ece4040fe0a12fd44b577afaf\commons-io-2.6.jar;C:\Users\jorge\.gradle\caches\modules-2\files-2.1\org.springframework.security\spring-security-test\5.0.7.RELEASE\a74c9ab10d53baa3bb7a731753fe0c6d9ab9d848\spring-security-test-5.0.7.RELEASE.jar;C:\Users\jorge\.gradle\caches\modules-2\files-2.1\com.marcnuri\spring-common-test\0.0.2\da9c2c5e849c7dcbbe99d190bedffa5e6fe450a5\spring-common-test-0.0.2.jar;C:\Users\jorge\.gradle\caches\modules-2\files-2.1\org.hamcrest\java-hamcrest\2.0.0.0\f1c8853ade0ecf707f5a261c830e98893983813\java-hamcrest-2.0.0.0.jar;C:\Users\jorge\.gradle\caches\modules-2\files-2.1\org.powermock\powermock-module-junit4\2.0.0-RC.3\b9a04b492e2b93e93617ba457f76aebbf00fc221\powermock-module-junit4-2.0.0-RC.3.jar;C:\Users\jorge\.gradle\caches\modules-2\files-2.1\org.powermock\powermock-api-mockito2\2.0.0-RC.3\f85a8404be063ef15c5fdd3745b11d2fba875fcd\powermock-api-mockito2-2.0.0-RC.3.jar;C:\Users\jorge\.gradle\caches\modules-2\files-2.1\org.springframework.boot\spring-boot-test-autoconfigure\2.0.4.RELEASE\8a2e3f31e607fdb08deda2f59263ce177f1c4310\spring-boot-test-autoconfigure-2.0.4.RELEASE.jar;C:\Users\jorge\.gradle\caches\modules-2\files-2.1\org.springframework.boot\spring-boot-test\2.0.4.RELEASE\8a17fc3cf16b6d75f2ba132ade04409a670095de\spring-boot-test-2.0.4.RELEASE.jar;C:\Users\jorge\.gradle\caches\modules-2\files-2.1\org.springframework.boot\spring-boot-autoconfigure\2.0.4.RELEASE\65cd1244d606acc02ab7bfc47a203a3fe2400dda\spring-boot-autoconfigure-2.0.4.RELEASE.jar;C:\Users\jorge\.gradle\caches\modules-2\files-2.1\org.springframework.boot\spring-boot-actuator\2.0.4.RELEASE\9c02c968eb50a7cdc14fc4c7b586d767df6dc48d\spring-boot-actuator-2.0.4.RELEASE.jar;C:\Users\jorge\.gradle\caches\modules-2\files-2.1\org.springframework.boot\spring-boot\2.0.4.RELEASE\c8619c5b06d4dcdb4cac1e5e9c839e6e8b1c8574\spring-boot-2.0.4.RELEASE.jar;C:\Users\jorge\.gradle\caches\modules-2\files-2.1\org.springframework.boot\spring-boot-starter-logging\2.0.4.RELEASE\dcd1a2c431c970f44adae64d9145133979a513ab\spring-boot-starter-logging-2.0.4.RELEASE.jar;C:\Users\jorge\.gradle\caches\modules-2\files-2.1\org.springframework.boot\spring-boot-starter-tomcat\2.0.4.RELEASE\dcf28989a34b0801fea0e810c371fb9dab1e7784\spring-boot-starter-tomcat-2.0.4.RELEASE.jar;C:\Users\jorge\.gradle\caches\modules-2\files-2.1\javax.annotation\javax.annotation-api\1.3.2\934c04d3cfef185a8008e7bf34331b79730a9d43\javax.annotation-api-1.3.2.jar;C:\Users\jorge\.gradle\caches\modules-2\files-2.1\org.springframework.security\spring-security-config\5.0.7.RELEASE\d702e01048687db4ec6c97fb32d28ffbe348b3e\spring-security-config-5.0.7.RELEASE.jar;C:\Users\jorge\.gradle\caches\modules-2\files-2.1\org.springframework.security\spring-security-web\5.0.7.RELEASE\bab3ed579d4550bb5cc40b0a7fddd0106db7c66\spring-security-web-5.0.7.RELEASE.jar;C:\Users\jorge\.gradle\caches\modules-2\files-2.1\org.springframework.hateoas\spring-hateoas\0.25.0.RELEASE\22d1abd575426709734ab83e7d81d6deb4addbf6\spring-hateoas-0.25.0.RELEASE.jar;C:\Users\jorge\.gradle\caches\modules-2\files-2.1\org.springframework\spring-webflux\5.0.8.RELEASE\d16ce1cf6f95771e821619d6ef13c1f0333fafb\spring-webflux-5.0.8.RELEASE.jar;C:\Users\jorge\.gradle\caches\modules-2\files-2.1\org.springframework\spring-webmvc\5.0.8.RELEASE\7e5fe57590ca8e4468e50fe1d92b0b67aa4a327a\spring-webmvc-5.0.8.RELEASE.jar;C:\Users\jorge\.gradle\caches\modules-2\files-2.1\org.springframework\spring-web\5.0.8.RELEASE\fa43cdadb4ab2491fd1d0ddb06c0808e4b60fc85\spring-web-5.0.8.RELEASE.jar;C:\Users\jorge\.gradle\caches\modules-2\files-2.1\org.springframework\spring-test\5.0.8.RELEASE\5782619373bd7e7b7d9106203c317b04bb613ebb\spring-test-5.0.8.RELEASE.jar;C:\Users\jorge\.gradle\caches\modules-2\files-2.1\org.springframework.security\spring-security-core\5.0.7.RELEASE\40a0c57af6b4c3f8c611216d2579c6ab19672694\spring-security-core-5.0.7.RELEASE.jar;C:\Users\jorge\.gradle\caches\modules-2\files-2.1\org.springframework.plugin\spring-plugin-core\1.2.0.RELEASE\f380e7760032e7d929184f8ad8a33716b75c0657\spring-plugin-core-1.2.0.RELEASE.jar;C:\Users\jorge\.gradle\caches\modules-2\files-2.1\org.springframework\spring-context\5.0.8.RELEASE\3a067d8990761111c9b6d1d895640be26cc1fb38\spring-context-5.0.8.RELEASE.jar;C:\Users\jorge\.gradle\caches\modules-2\files-2.1\org.springframework\spring-aop\5.0.8.RELEASE\f5086c1a3185c481104511837427b39a07a57aa2\spring-aop-5.0.8.RELEASE.jar;C:\Users\jorge\.gradle\caches\modules-2\files-2.1\org.springframework\spring-beans\5.0.8.RELEASE\5fc965d3e7f5515099244857a8ae9e2a208c169b\spring-beans-5.0.8.RELEASE.jar;C:\Users\jorge\.gradle\caches\modules-2\files-2.1\org.springframework\spring-expression\5.0.8.RELEASE\f23158f22c917df2cddf2ecebc398a9e95f95fae\spring-expression-5.0.8.RELEASE.jar;C:\Users\jorge\.gradle\caches\modules-2\files-2.1\org.springframework\spring-core\5.0.8.RELEASE\dc39c49e3246cdf73d3786ac41119140aed3fa08\spring-core-5.0.8.RELEASE.jar;C:\Users\jorge\.gradle\caches\modules-2\files-2.1\org.yaml\snakeyaml\1.19\2d998d3d674b172a588e54ab619854d073f555b5\snakeyaml-1.19.jar;C:\Users\jorge\.gradle\caches\modules-2\files-2.1\io.micrometer\micrometer-core\1.0.6\50299bc8a34c251d62311bbb1a297f3942a82e42\micrometer-core-1.0.6.jar;C:\Users\jorge\.gradle\caches\modules-2\files-2.1\org.springframework.boot\spring-boot-starter-reactor-netty\2.0.4.RELEASE\ed4ac88f7fc699a9cbb6ee804a26e2e30239ca35\spring-boot-starter-reactor-netty-2.0.4.RELEASE.jar;C:\Users\jorge\.gradle\caches\modules-2\files-2.1\org.hibernate.validator\hibernate-validator\6.0.11.Final\36f9d10a11e4768f55e8fb91ebe4338a5c43954e\hibernate-validator-6.0.11.Final.jar;C:\Users\jorge\.gradle\caches\modules-2\files-2.1\org.synchronoss.cloud\nio-multipart-parser\1.1.0\c6c417fec6612584b1c34d4dd98c5a4e47e8c754\nio-multipart-parser-1.1.0.jar;C:\Users\jorge\.gradle\caches\modules-2\files-2.1\javax.activation\activation\1.1\e6cb541461c2834bdea3eb920f1884d1eb508b50\activation-1.1.jar;C:\Users\jorge\.gradle\caches\modules-2\files-2.1\com.fasterxml.jackson.datatype\jackson-datatype-jdk8\2.9.6\456895fc91bf7180b216fead220373e6278230c9\jackson-datatype-jdk8-2.9.6.jar;C:\Users\jorge\.gradle\caches\modules-2\files-2.1\com.fasterxml.jackson.module\jackson-module-parameter-names\2.9.6\129acd77a4b6ee30d62d3a0899b1344c8ec2bff8\jackson-module-parameter-names-2.9.6.jar;C:\Users\jorge\.gradle\caches\modules-2\files-2.1\com.fasterxml.jackson.core\jackson-databind\2.9.6\cfa4f316351a91bfd95cb0644c6a2c95f52db1fc\jackson-databind-2.9.6.jar;C:\Users\jorge\.gradle\caches\modules-2\files-2.1\com.fasterxml.jackson.core\jackson-annotations\2.9.0\7c10d545325e3a6e72e06381afe469fd40eb701\jackson-annotations-2.9.0.jar;C:\Users\jorge\.gradle\caches\modules-2\files-2.1\com.fasterxml.jackson.core\jackson-core\2.9.6\4e393793c37c77e042ccc7be5a914ae39251b365\jackson-core-2.9.6.jar;C:\Users\jorge\.gradle\caches\modules-2\files-2.1\com.jayway.jsonpath\json-path\2.4.0\765a4401ceb2dc8d40553c2075eb80a8fa35c2ae\json-path-2.4.0.jar;C:\Users\jorge\.gradle\caches\modules-2\files-2.1\org.powermock\powermock-module-junit4-common\2.0.0-RC.3\f09137abdf1aeea2df214037eab50ed864602c9a\powermock-module-junit4-common-2.0.0-RC.3.jar;C:\Users\jorge\.gradle\caches\modules-2\files-2.1\junit\junit\4.12\2973d150c0dc1fefe998f834810d68f278ea58ec\junit-4.12.jar;C:\Users\jorge\.gradle\caches\modules-2\files-2.1\org.assertj\assertj-core\3.9.1\c5ce126b15f28d56cd8f960c1a6a058b9c9aea87\assertj-core-3.9.1.jar;C:\Users\jorge\.gradle\caches\modules-2\files-2.1\org.mockito\mockito-core\2.15.0\b84bfbbc29cd22c9529409627af6ea2897f4fa85\mockito-core-2.15.0.jar;C:\Users\jorge\.gradle\caches\modules-2\files-2.1\org.hamcrest\hamcrest-library\1.3\4785a3c21320980282f9f33d0d1264a69040538f\hamcrest-library-1.3.jar;C:\Users\jorge\.gradle\caches\modules-2\files-2.1\org.hamcrest\hamcrest-core\1.3\42a25dc3219429f0e5d060061f71acb49bf010a0\hamcrest-core-1.3.jar;C:\Users\jorge\.gradle\caches\modules-2\files-2.1\org.skyscreamer\jsonassert\1.5.0\6c9d5fe2f59da598d9aefc1cfc6528ff3cf32df3\jsonassert-1.5.0.jar;C:\Users\jorge\.gradle\caches\modules-2\files-2.1\org.xmlunit\xmlunit-core\2.5.1\4ffdb346572a7356f7521cd3119ce5287d2e339d\xmlunit-core-2.5.1.jar;C:\Users\jorge\.gradle\caches\modules-2\files-2.1\org.powermock\powermock-api-support\2.0.0-RC.3\a23d6bdbcf865513c9f6992134152be80504e499\powermock-api-support-2.0.0-RC.3.jar;C:\Users\jorge\.gradle\caches\modules-2\files-2.1\ch.qos.logback\logback-classic\1.2.3\7c4f3c474fb2c041d8028740440937705ebb473a\logback-classic-1.2.3.jar;C:\Users\jorge\.gradle\caches\modules-2\files-2.1\org.apache.logging.log4j\log4j-to-slf4j\2.10.0\f7e631ccf49cfc0aefa4a2a728da7d374c05bd3c\log4j-to-slf4j-2.10.0.jar;C:\Users\jorge\.gradle\caches\modules-2\files-2.1\org.slf4j\jul-to-slf4j\1.7.25\af5364cd6679bfffb114f0dec8a157aaa283b76\jul-to-slf4j-1.7.25.jar;C:\Users\jorge\.gradle\caches\modules-2\files-2.1\org.springframework\spring-jcl\5.0.8.RELEASE\a1fa8fb560fb252321776e16bc9ac8201af4ef5e\spring-jcl-5.0.8.RELEASE.jar;C:\Users\jorge\.gradle\caches\modules-2\files-2.1\org.hdrhistogram\HdrHistogram\2.1.10\9e1ac84eed220281841b75e72fb9de5a297fbf04\HdrHistogram-2.1.10.jar;C:\Users\jorge\.gradle\caches\modules-2\files-2.1\org.latencyutils\LatencyUtils\2.0.3\769c0b82cb2421c8256300e907298a9410a2a3d3\LatencyUtils-2.0.3.jar;C:\Users\jorge\.gradle\caches\modules-2\files-2.1\org.synchronoss.cloud\nio-stream-storage\1.1.3\986dba5f6e5eed20f0dba6ddc8e8a64a9ebdc2f3\nio-stream-storage-1.1.3.jar;C:\Users\jorge\.gradle\caches\modules-2\files-2.1\org.slf4j\slf4j-api\1.7.25\da76ca59f6a57ee3102f8f9bd9cee742973efa8a\slf4j-api-1.7.25.jar;C:\Users\jorge\.gradle\caches\modules-2\files-2.1\io.projectreactor.ipc\reactor-netty\0.7.8.RELEASE\fe25c7d3042b6005690f7d243cef987b696a12ee\reactor-netty-0.7.8.RELEASE.jar;C:\Users\jorge\.gradle\caches\modules-2\files-2.1\javax.validation\validation-api\2.0.1.Final\cb855558e6271b1b32e716d24cb85c7f583ce09e\validation-api-2.0.1.Final.jar;C:\Users\jorge\.gradle\caches\modules-2\files-2.1\org.jboss.logging\jboss-logging\3.3.2.Final\3789d00e859632e6c6206adc0c71625559e6e3b0\jboss-logging-3.3.2.Final.jar;C:\Users\jorge\.gradle\caches\modules-2\files-2.1\com.fasterxml\classmate\1.3.4\3d5f48f10bbe4eb7bd862f10c0583be2e0053c6\classmate-1.3.4.jar;C:\Users\jorge\.gradle\caches\modules-2\files-2.1\io.projectreactor\reactor-core\3.1.8.RELEASE\3bcc30f9161d3d17abe44b4aa20e397e5170566e\reactor-core-3.1.8.RELEASE.jar;C:\Users\jorge\.gradle\caches\modules-2\files-2.1\net.minidev\json-smart\2.3\7396407491352ce4fa30de92efb158adb76b5b\json-smart-2.3.jar;C:\Users\jorge\.gradle\caches\modules-2\files-2.1\org.powermock\powermock-core\2.0.0-RC.3\f958479ea1f0d1ba37cf65b6612fccfbaf4d8dd3\powermock-core-2.0.0-RC.3.jar;C:\Users\jorge\.gradle\caches\modules-2\files-2.1\org.powermock\powermock-reflect\2.0.0-RC.3\c10437486ae35b91666c2591fd7b1a8054b4573c\powermock-reflect-2.0.0-RC.3.jar;C:\Users\jorge\.gradle\caches\modules-2\files-2.1\net.bytebuddy\byte-buddy\1.7.11\f02857a4e2c66ccbe7aaad6100a0a6c461bce9b3\byte-buddy-1.7.11.jar;C:\Users\jorge\.gradle\caches\modules-2\files-2.1\net.bytebuddy\byte-buddy-agent\1.7.11\b425a8933ca07edd03c6dbc8bc3b595fba9780de\byte-buddy-agent-1.7.11.jar;C:\Users\jorge\.gradle\caches\modules-2\files-2.1\org.objenesis\objenesis\3.0.1\11cfac598df9dc48bb9ed9357ed04212694b7808\objenesis-3.0.1.jar;C:\Users\jorge\.gradle\caches\modules-2\files-2.1\com.vaadin.external.google\android-json\0.0.20131108.vaadin1\fa26d351fe62a6a17f5cda1287c1c6110dec413f\android-json-0.0.20131108.vaadin1.jar;C:\Users\jorge\.gradle\caches\modules-2\files-2.1\ch.qos.logback\logback-core\1.2.3\864344400c3d4d92dfeb0a305dc87d953677c03c\logback-core-1.2.3.jar;C:\Users\jorge\.gradle\caches\modules-2\files-2.1\org.apache.logging.log4j\log4j-api\2.10.0\fec5797a55b786184a537abd39c3fa1449d752d6\log4j-api-2.10.0.jar;C:\Users\jorge\.gradle\caches\modules-2\files-2.1\org.apache.tomcat.embed\tomcat-embed-websocket\8.5.32\ea5302e378f1449d4e5dda79e8d810c1e7931f91\tomcat-embed-websocket-8.5.32.jar;C:\Users\jorge\.gradle\caches\modules-2\files-2.1\org.apache.tomcat.embed\tomcat-embed-core\8.5.32\6bc6896200146010cc4666bdc6b9b0cbb453ee22\tomcat-embed-core-8.5.32.jar;C:\Users\jorge\.gradle\caches\modules-2\files-2.1\org.apache.tomcat.embed\tomcat-embed-el\8.5.32\e4fd0ee015d83fa1c5ec93ff1d05bdaf9a4480c5\tomcat-embed-el-8.5.32.jar;C:\Users\jorge\.gradle\caches\modules-2\files-2.1\io.netty\netty-handler-proxy\4.1.27.Final\1a822ce7760bc6eb4937b7e448c9e081fedcc807\netty-handler-proxy-4.1.27.Final.jar;C:\Users\jorge\.gradle\caches\modules-2\files-2.1\io.netty\netty-codec-http\4.1.27.Final\a1722d6bcbbef1c4c7877e8bf38b07a3db5ed07f\netty-codec-http-4.1.27.Final.jar;C:\Users\jorge\.gradle\caches\modules-2\files-2.1\io.netty\netty-handler\4.1.27.Final\21bd9cf565390a8d72579b8664303e3c175dfc6a\netty-handler-4.1.27.Final.jar;C:\Users\jorge\.gradle\caches\modules-2\files-2.1\io.netty\netty-transport-native-epoll\4.1.27.Final\8c3a61a7dd53eafe2f0fe31356f1379598f74517\netty-transport-native-epoll-4.1.27.Final-linux-x86_64.jar;C:\Users\jorge\.gradle\caches\modules-2\files-2.1\org.reactivestreams\reactive-streams\1.0.2\323964c36556eb0e6209f65c1cef72b53b461ab8\reactive-streams-1.0.2.jar;C:\Users\jorge\.gradle\caches\modules-2\files-2.1\net.minidev\accessors-smart\1.2\c592b500269bfde36096641b01238a8350f8aa31\accessors-smart-1.2.jar;C:\Users\jorge\.gradle\caches\modules-2\files-2.1\org.javassist\javassist\3.24.0-GA\d7466fc2e3af7c023e95c510f06448ad29b225b3\javassist-3.24.0-GA.jar;C:\Users\jorge\.gradle\caches\modules-2\files-2.1\io.netty\netty-codec-socks\4.1.27.Final\285b09af98764cf02e4b77b3d95af188469a7133\netty-codec-socks-4.1.27.Final.jar;C:\Users\jorge\.gradle\caches\modules-2\files-2.1\io.netty\netty-codec\4.1.27.Final\d2653d78ebaa650064768fb26b10051f5c8efb2c\netty-codec-4.1.27.Final.jar;C:\Users\jorge\.gradle\caches\modules-2\files-2.1\io.netty\netty-transport-native-unix-common\4.1.27.Final\2b0667fe5c1df78c6cfbf9d53ad8b1fb533fb8e8\netty-transport-native-unix-common-4.1.27.Final.jar;C:\Users\jorge\.gradle\caches\modules-2\files-2.1\io.netty\netty-transport\4.1.27.Final\b5c2da3ea89dd67320925f1504c9eb3615241b7c\netty-transport-4.1.27.Final.jar;C:\Users\jorge\.gradle\caches\modules-2\files-2.1\io.netty\netty-buffer\4.1.27.Final\aafe2b9fb0d8f3b200cf10b9fd6486c6a722d7a1\netty-buffer-4.1.27.Final.jar;C:\Users\jorge\.gradle\caches\modules-2\files-2.1\io.netty\netty-resolver\4.1.27.Final\2536447ef9605ccb2b5203aa22392c6514484ea9\netty-resolver-4.1.27.Final.jar;C:\Users\jorge\.gradle\caches\modules-2\files-2.1\io.netty\netty-common\4.1.27.Final\6a12a969c27fb37b230c4bde5a67bd822fa6b7a4\netty-common-4.1.27.Final.jar;C:\Users\jorge\.gradle\caches\modules-2\files-2.1\org.ow2.asm\asm\5.0.4\da08b8cce7bbf903602a25a3a163ae252435795\asm-5.0.4.jar, user.name=jorge, java.vm.specification.version=1.8, sun.java.command=worker.org.gradle.process.internal.worker.GradleWorkerMain 'Gradle Test Executor 3', java.home=C:\Program Files\AdoptOpenJDK\jdk-8.0.242.08-hotspot\jre, sun.arch.data.model=64, user.language=en, java.specification.vendor=Oracle Corporation, awt.toolkit=sun.awt.windows.WToolkit, java.vm.info=mixed mode, java.version=1.8.0_242, java.ext.dirs=C:\Program Files\AdoptOpenJDK\jdk-8.0.242.08-hotspot\jre\lib\ext;C:\Windows\Sun\Java\lib\ext, sun.boot.class.path=C:\Program Files\AdoptOpenJDK\jdk-8.0.242.08-hotspot\jre\lib\resources.jar;C:\Program Files\AdoptOpenJDK\jdk-8.0.242.08-hotspot\jre\lib\rt.jar;C:\Program Files\AdoptOpenJDK\jdk-8.0.242.08-hotspot\jre\lib\sunrsasign.jar;C:\Program Files\AdoptOpenJDK\jdk-8.0.242.08-hotspot\jre\lib\jsse.jar;C:\Program Files\AdoptOpenJDK\jdk-8.0.242.08-hotspot\jre\lib\jce.jar;C:\Program Files\AdoptOpenJDK\jdk-8.0.242.08-hotspot\jre\lib\charsets.jar;C:\Program Files\AdoptOpenJDK\jdk-8.0.242.08-hotspot\jre\lib\jfr.jar;C:\Program Files\AdoptOpenJDK\jdk-8.0.242.08-hotspot\jre\classes, java.vendor=AdoptOpenJDK, org.gradle.test.worker=3, file.separator=\, java.vendor.url.bug=http://bugreport.sun.com/bugreport/, sun.io.unicode.encoding=UnicodeLittle, sun.cpu.endian=little, sun.desktop=windows, sun.cpu.isalist=amd64}}, SystemEnvironmentPropertySource@1730296907 {name='systemEnvironment', properties={USERDOMAIN_ROAMINGPROFILE=DESKTOP-U7U4TE6, PROCESSOR_LEVEL=6, VS140COMNTOOLS=C:\Program Files (x86)\Microsoft Visual Studio 14.0\Common7\Tools\, ALLUSERSPROFILE=C:\ProgramData, PROCESSOR_ARCHITECTURE=AMD64, PSModulePath=C:\Users\jorge\Documents\WindowsPowerShell\Modules;C:\Program Files\WindowsPowerShell\Modules;C:\Windows\system32\WindowsPowerShell\v1.0\Modules, SystemDrive=C:, =ExitCode=00000000, DIRNAME=C:\azure-devops\git\eShopOnContainers\src\Web\WebImapClient\Client\server\, USERNAME=jorge, CMD_LINE_ARGS=b, ProgramFiles(x86)=C:\Program Files (x86), APP_HOME=C:\azure-devops\git\eShopOnContainers\src\Web\WebImapClient\Client\server\, PATHEXT=.COM;.EXE;.BAT;.CMD;.VBS;.VBE;.JS;.JSE;.WSF;.WSH;.MSC;.CPL, DriverData=C:\Windows\System32\Drivers\DriverData, OneDriveConsumer=C:\Users\jorge\OneDrive, ProgramData=C:\ProgramData, ProgramW6432=C:\Program Files, HOMEPATH=\Users\jorge, PROCESSOR_IDENTIFIER=Intel64 Family 6 Model 158 Stepping 13, GenuineIntel, ProgramFiles=C:\Program Files, PUBLIC=C:\Users\Public, windir=C:\Windows, _SKIP=2, LOCALAPPDATA=C:\Users\jorge\AppData\Local, ChocolateyLastPathUpdate=132229495750090469, USERDOMAIN=DESKTOP-U7U4TE6, LOGONSERVER=\\DESKTOP-U7U4TE6, PROMPT=$P$G, OneDrive=C:\Users\jorge\OneDrive, =C:=C:\azure-devops\git\eShopOnContainers\src\Web\WebImapClient\Client\server, APPDATA=C:\Users\jorge\AppData\Roaming, JAVA_EXE=java.exe, ChocolateyInstall=C:\ProgramData\chocolatey, CommonProgramFiles=C:\Program Files\Common Files, Path=C:\Program Files\AdoptOpenJDK\jdk-8.0.242.08-hotspot\bin;C:\Program Files (x86)\Common Files\Oracle\Java\javapath;C:\Python27\;C:\Python27\Scripts;C:\ProgramData\DockerDesktop\version-bin;C:\Program Files\Docker\Docker\Resources\bin;C:\Windows\system32;C:\Windows;C:\Windows\System32\Wbem;C:\Windows\System32\WindowsPowerShell\v1.0\;C:\Windows\System32\OpenSSH\;C:\Program Files (x86)\NVIDIA Corporation\PhysX\Common;C:\Program Files\dotnet\;C:\Program Files\Microsoft SQL Server\130\Tools\Binn\;C:\Program Files\Microsoft SQL Server\Client SDK\ODBC\170\Tools\Binn\;C:\Program Files (x86)\Microsoft SQL Server\150\DTS\Binn\;C:\Program Files\Git\cmd;C:\Program Files (x86)\Microsoft ASP.NET\ASP.NET Web Pages\v1.0\;C:\Program Files\Microsoft SQL Server\110\Tools\Binn\;C:\Users\jorge\.dnx\bin;C:\Program Files\Microsoft DNX\Dnvm\;C:\Program Files\nodejs\;C:\ProgramData\chocolatey\bin;C:\Program Files\Microsoft\Web Platform Installer\;C:\Users\jorge\AppData\Local\Microsoft\WindowsApps;C:\Users\jorge\AppData\Local\Programs\Microsoft VS Code\bin;C:\Users\jorge\.dotnet\tools;C:\Users\jorge\AppData\Roaming\npm;C:\Users\jorge\AppData\Local\GitHubDesktop\bin, OS=Windows_NT, COMPUTERNAME=DESKTOP-U7U4TE6, PROCESSOR_REVISION=9e0d, CLASSPATH=C:\azure-devops\git\eShopOnContainers\src\Web\WebImapClient\Client\server\\gradle\wrapper\gradle-wrapper.jar, CommonProgramW6432=C:\Program Files\Common Files, ComSpec=C:\Windows\system32\cmd.exe, APP_BASE_NAME=gradlew, SystemRoot=C:\Windows, TEMP=C:\Users\jorge\AppData\Local\Temp, HOMEDRIVE=C:, USERPROFILE=C:\Users\jorge, TMP=C:\Users\jorge\AppData\Local\Temp, VS110COMNTOOLS=C:\Program Files (x86)\Microsoft Visual Studio 11.0\Common7\Tools\, CommonProgramFiles(x86)=C:\Program Files (x86)\Common Files, NUMBER_OF_PROCESSORS=12}}]
17:43:15.036 [Test worker] DEBUG org.springframework.web.servlet.mvc.method.annotation.RequestMappingHandlerMapping - Looking for request mappings in application context: org.springframework.test.web.servlet.setup.StubWebApplicationContext@7908a3c8
17:43:15.038 [Test worker] DEBUG org.springframework.web.servlet.mvc.method.annotation.RequestMappingHandlerMapping - 17 request handler methods found on class com.marcnuri.isotope.api.folder.FolderResource: {public org.springframework.http.ResponseEntity com.marcnuri.isotope.api.folder.FolderResource.getMessage(java.lang.String,java.lang.Long)={[/v1/folders/{folderId}/messages/{messageId}],methods=[GET]}, public org.springframework.http.ResponseEntity com.marcnuri.isotope.api.folder.FolderResource.getFolders(java.lang.Boolean)={[/v1/folders],methods=[GET],produces=[application/hal+json]}, public org.springframework.http.ResponseEntity com.marcnuri.isotope.api.folder.FolderResource.setMessageFlagged(java.lang.String,java.lang.Long,boolean)={[/v1/folders/{folderId}/messages/{messageId}/flagged],methods=[PUT]}, public org.springframework.http.ResponseEntity com.marcnuri.isotope.api.folder.FolderResource.deleteAllFolderMessages(java.lang.String)={[/v1/folders/{folderId}/messages],methods=[DELETE]}, public org.springframework.http.ResponseEntity com.marcnuri.isotope.api.folder.FolderResource.createChildFolder(java.lang.String,java.lang.String)={[/v1/folders/{folderId}],methods=[POST],produces=[application/hal+json]}, public org.springframework.http.ResponseEntity com.marcnuri.isotope.api.folder.FolderResource.moveMessage(java.lang.String,java.lang.Long,java.lang.String)={[/v1/folders/{fromFolderId}/messages/{messageId}/folder/{toFolderId}],methods=[PUT]}, public org.springframework.http.ResponseEntity com.marcnuri.isotope.api.folder.FolderResource.moveMessages(java.lang.String,java.lang.String,java.util.List)={[/v1/folders/{fromFolderId}/messages/folder/{toFolderId}],methods=[PUT]}, public org.springframework.http.ResponseEntity com.marcnuri.isotope.api.folder.FolderResource.setMessageSeen(java.lang.String,java.lang.Long,boolean)={[/v1/folders/{folderId}/messages/{messageId}/seen],methods=[PUT]}, public org.springframework.http.ResponseEntity com.marcnuri.isotope.api.folder.FolderResource.setMessagesSeen(java.lang.String,java.lang.Boolean,java.util.List)={[/v1/folders/{folderId}/messages/seen/{seen}],methods=[PUT]}, public org.springframework.http.ResponseEntity com.marcnuri.isotope.api.folder.FolderResource.getAttachment(java.lang.String,java.lang.Long,java.lang.String,java.lang.Boolean,javax.servlet.http.HttpServletResponse)={[/v1/folders/{folderId}/messages/{messageId}/attachments/{id}],methods=[GET]}, public org.springframework.http.ResponseEntity com.marcnuri.isotope.api.folder.FolderResource.deleteFolder(java.lang.String)={[/v1/folders/{folderId}],methods=[DELETE],produces=[application/hal+json]}, public org.springframework.http.ResponseEntity com.marcnuri.isotope.api.folder.FolderResource.renameFolder(java.lang.String,java.lang.String)={[/v1/folders/{folderId}/name],methods=[PUT],produces=[application/hal+json]}, public org.springframework.http.ResponseEntity com.marcnuri.isotope.api.folder.FolderResource.moveFolder(java.lang.String,java.lang.String)={[/v1/folders/{folderId}/parent],methods=[PUT],produces=[application/hal+json]}, public org.springframework.http.ResponseEntity com.marcnuri.isotope.api.folder.FolderResource.createRootFolder(java.lang.String)={[/v1/folders],methods=[POST],produces=[application/hal+json]}, public org.springframework.http.ResponseEntity com.marcnuri.isotope.api.folder.FolderResource.preloadMessages(java.lang.String,java.util.List)={[/v1/folders/{folderId}/messages],methods=[GET]}, public org.springframework.http.ResponseEntity com.marcnuri.isotope.api.folder.FolderResource.deleteMessages(java.lang.String,java.util.List)={[/v1/folders/{folderId}/messages],methods=[DELETE],params=[id]}, public reactor.core.publisher.Flux com.marcnuri.isotope.api.folder.FolderResource.getMessages(java.lang.String,javax.servlet.http.HttpServletResponse)={[/v1/folders/{folderId}/messages],methods=[GET],produces=[text/event-stream]}}
17:43:15.039 [Test worker] INFO org.springframework.web.servlet.mvc.method.annotation.RequestMappingHandlerMapping - Mapped "{[/v1/folders/{folderId}/messages/{messageId}],methods=[GET]}" onto public org.springframework.http.ResponseEntity<com.marcnuri.isotope.api.message.MessageWithFolder> com.marcnuri.isotope.api.folder.FolderResource.getMessage(java.lang.String,java.lang.Long)
17:43:15.039 [Test worker] INFO org.springframework.web.servlet.mvc.method.annotation.RequestMappingHandlerMapping - Mapped "{[/v1/folders],methods=[GET],produces=[application/hal+json]}" onto public org.springframework.http.ResponseEntity<java.util.List<com.marcnuri.isotope.api.folder.Folder>> com.marcnuri.isotope.api.folder.FolderResource.getFolders(java.lang.Boolean)
17:43:15.039 [Test worker] INFO org.springframework.web.servlet.mvc.method.annotation.RequestMappingHandlerMapping - Mapped "{[/v1/folders/{folderId}/messages/{messageId}/flagged],methods=[PUT]}" onto public org.springframework.http.ResponseEntity<java.lang.Void> com.marcnuri.isotope.api.folder.FolderResource.setMessageFlagged(java.lang.String,java.lang.Long,boolean)
17:43:15.039 [Test worker] INFO org.springframework.web.servlet.mvc.method.annotation.RequestMappingHandlerMapping - Mapped "{[/v1/folders/{folderId}/messages],methods=[DELETE]}" onto public org.springframework.http.ResponseEntity<com.marcnuri.isotope.api.folder.Folder> com.marcnuri.isotope.api.folder.FolderResource.deleteAllFolderMessages(java.lang.String)
17:43:15.039 [Test worker] INFO org.springframework.web.servlet.mvc.method.annotation.RequestMappingHandlerMapping - Mapped "{[/v1/folders/{folderId}],methods=[POST],produces=[application/hal+json]}" onto public org.springframework.http.ResponseEntity<com.marcnuri.isotope.api.folder.Folder> com.marcnuri.isotope.api.folder.FolderResource.createChildFolder(java.lang.String,java.lang.String)
17:43:15.039 [Test worker] INFO org.springframework.web.servlet.mvc.method.annotation.RequestMappingHandlerMapping - Mapped "{[/v1/folders/{fromFolderId}/messages/{messageId}/folder/{toFolderId}],methods=[PUT]}" onto public org.springframework.http.ResponseEntity<java.util.List<com.marcnuri.isotope.api.message.MessageWithFolder>> com.marcnuri.isotope.api.folder.FolderResource.moveMessage(java.lang.String,java.lang.Long,java.lang.String)
17:43:15.039 [Test worker] INFO org.springframework.web.servlet.mvc.method.annotation.RequestMappingHandlerMapping - Mapped "{[/v1/folders/{fromFolderId}/messages/folder/{toFolderId}],methods=[PUT]}" onto public org.springframework.http.ResponseEntity<java.util.List<com.marcnuri.isotope.api.message.MessageWithFolder>> com.marcnuri.isotope.api.folder.FolderResource.moveMessages(java.lang.String,java.lang.String,java.util.List<java.lang.Long>)
17:43:15.039 [Test worker] INFO org.springframework.web.servlet.mvc.method.annotation.RequestMappingHandlerMapping - Mapped "{[/v1/folders/{folderId}/messages/{messageId}/seen],methods=[PUT]}" onto public org.springframework.http.ResponseEntity<java.lang.Void> com.marcnuri.isotope.api.folder.FolderResource.setMessageSeen(java.lang.String,java.lang.Long,boolean)
17:43:15.040 [Test worker] INFO org.springframework.web.servlet.mvc.method.annotation.RequestMappingHandlerMapping - Mapped "{[/v1/folders/{folderId}/messages/seen/{seen}],methods=[PUT]}" onto public org.springframework.http.ResponseEntity<java.lang.Void> com.marcnuri.isotope.api.folder.FolderResource.setMessagesSeen(java.lang.String,java.lang.Boolean,java.util.List<java.lang.Long>)
17:43:15.040 [Test worker] INFO org.springframework.web.servlet.mvc.method.annotation.RequestMappingHandlerMapping - Mapped "{[/v1/folders/{folderId}/messages/{messageId}/attachments/{id}],methods=[GET]}" onto public org.springframework.http.ResponseEntity<java.lang.Void> com.marcnuri.isotope.api.folder.FolderResource.getAttachment(java.lang.String,java.lang.Long,java.lang.String,java.lang.Boolean,javax.servlet.http.HttpServletResponse)
17:43:15.040 [Test worker] INFO org.springframework.web.servlet.mvc.method.annotation.RequestMappingHandlerMapping - Mapped "{[/v1/folders/{folderId}],methods=[DELETE],produces=[application/hal+json]}" onto public org.springframework.http.ResponseEntity<com.marcnuri.isotope.api.folder.Folder> com.marcnuri.isotope.api.folder.FolderResource.deleteFolder(java.lang.String)
17:43:15.040 [Test worker] INFO org.springframework.web.servlet.mvc.method.annotation.RequestMappingHandlerMapping - Mapped "{[/v1/folders/{folderId}/name],methods=[PUT],produces=[application/hal+json]}" onto public org.springframework.http.ResponseEntity<com.marcnuri.isotope.api.folder.Folder> com.marcnuri.isotope.api.folder.FolderResource.renameFolder(java.lang.String,java.lang.String)
17:43:15.040 [Test worker] INFO org.springframework.web.servlet.mvc.method.annotation.RequestMappingHandlerMapping - Mapped "{[/v1/folders/{folderId}/parent],methods=[PUT],produces=[application/hal+json]}" onto public org.springframework.http.ResponseEntity<com.marcnuri.isotope.api.folder.Folder> com.marcnuri.isotope.api.folder.FolderResource.moveFolder(java.lang.String,java.lang.String)
17:43:15.040 [Test worker] INFO org.springframework.web.servlet.mvc.method.annotation.RequestMappingHandlerMapping - Mapped "{[/v1/folders],methods=[POST],produces=[application/hal+json]}" onto public org.springframework.http.ResponseEntity<java.util.List<com.marcnuri.isotope.api.folder.Folder>> com.marcnuri.isotope.api.folder.FolderResource.createRootFolder(java.lang.String)
17:43:15.040 [Test worker] INFO org.springframework.web.servlet.mvc.method.annotation.RequestMappingHandlerMapping - Mapped "{[/v1/folders/{folderId}/messages],methods=[GET]}" onto public org.springframework.http.ResponseEntity<java.util.List<com.marcnuri.isotope.api.message.Message>> com.marcnuri.isotope.api.folder.FolderResource.preloadMessages(java.lang.String,java.util.List<java.lang.Long>)
17:43:15.040 [Test worker] INFO org.springframework.web.servlet.mvc.method.annotation.RequestMappingHandlerMapping - Mapped "{[/v1/folders/{folderId}/messages],methods=[DELETE],params=[id]}" onto public org.springframework.http.ResponseEntity<com.marcnuri.isotope.api.folder.Folder> com.marcnuri.isotope.api.folder.FolderResource.deleteMessages(java.lang.String,java.util.List<java.lang.Long>)
17:43:15.040 [Test worker] INFO org.springframework.web.servlet.mvc.method.annotation.RequestMappingHandlerMapping - Mapped "{[/v1/folders/{folderId}/messages],methods=[GET],produces=[text/event-stream]}" onto public reactor.core.publisher.Flux<org.springframework.http.codec.ServerSentEvent<java.util.List<com.marcnuri.isotope.api.message.Message>>> com.marcnuri.isotope.api.folder.FolderResource.getMessages(java.lang.String,javax.servlet.http.HttpServletResponse)
17:43:15.044 [Test worker] DEBUG org.hibernate.validator.internal.engine.resolver.TraversableResolvers - Cannot find javax.persistence.Persistence on classpath. Assuming non JPA 2 environment. All properties will per default be traversable.
17:43:15.044 [Test worker] DEBUG org.hibernate.validator.messageinterpolation.ResourceBundleMessageInterpolator - Loaded expression factory via original TCCL
17:43:15.044 [Test worker] DEBUG org.hibernate.validator.internal.engine.ConfigurationImpl - Setting custom MessageInterpolator of type org.springframework.validation.beanvalidation.LocaleContextMessageInterpolator
17:43:15.044 [Test worker] DEBUG org.hibernate.validator.internal.engine.ConfigurationImpl - Setting custom ParameterNameProvider of type org.springframework.validation.beanvalidation.LocalValidatorFactoryBean$1
17:43:15.045 [Test worker] DEBUG org.hibernate.validator.internal.xml.config.ValidationXmlParser - Trying to load META-INF/validation.xml for XML based Validator configuration.
17:43:15.045 [Test worker] DEBUG org.hibernate.validator.internal.xml.config.ResourceLoaderHelper - Trying to load META-INF/validation.xml via TCCL
17:43:15.045 [Test worker] DEBUG org.hibernate.validator.internal.xml.config.ResourceLoaderHelper - Trying to load META-INF/validation.xml via Hibernate Validator's class loader
17:43:15.045 [Test worker] DEBUG org.hibernate.validator.internal.xml.config.ValidationXmlParser - No META-INF/validation.xml found. Using annotation based configuration only.
17:43:15.048 [Test worker] DEBUG org.hibernate.validator.internal.engine.ValidatorFactoryImpl - HV000234: Using org.springframework.validation.beanvalidation.LocaleContextMessageInterpolator as ValidatorFactory-scoped message interpolator.
17:43:15.048 [Test worker] DEBUG org.hibernate.validator.internal.engine.ValidatorFactoryImpl - HV000234: Using org.hibernate.validator.internal.engine.resolver.TraverseAllTraversableResolver as ValidatorFactory-scoped traversable resolver.
17:43:15.048 [Test worker] DEBUG org.hibernate.validator.internal.engine.ValidatorFactoryImpl - HV000234: Using org.hibernate.validator.internal.util.ExecutableParameterNameProvider as ValidatorFactory-scoped parameter name provider.
17:43:15.048 [Test worker] DEBUG org.hibernate.validator.internal.engine.ValidatorFactoryImpl - HV000234: Using org.hibernate.validator.internal.engine.DefaultClockProvider as ValidatorFactory-scoped clock provider.
17:43:15.048 [Test worker] DEBUG org.hibernate.validator.internal.engine.ValidatorFactoryImpl - HV000234: Using org.hibernate.validator.internal.engine.scripting.DefaultScriptEvaluatorFactory as ValidatorFactory-scoped script evaluator factory.
17:43:15.049 [Test worker] INFO org.springframework.web.servlet.mvc.method.annotation.RequestMappingHandlerAdapter - Looking for @ControllerAdvice: org.springframework.test.web.servlet.setup.StubWebApplicationContext@7908a3c8
17:43:15.051 [Test worker] DEBUG org.springframework.web.servlet.mvc.method.annotation.ExceptionHandlerExceptionResolver - Looking for exception mappings: org.springframework.test.web.servlet.setup.StubWebApplicationContext@7908a3c8
17:43:15.052 [Test worker] DEBUG org.springframework.test.web.servlet.TestDispatcherServlet - Initializing servlet ''
17:43:15.052 [Test worker] INFO org.springframework.mock.web.MockServletContext - Initializing Spring FrameworkServlet ''
17:43:15.052 [Test worker] INFO org.springframework.test.web.servlet.TestDispatcherServlet - FrameworkServlet '': initialization started
17:43:15.052 [Test worker] DEBUG org.springframework.test.web.servlet.TestDispatcherServlet - Unable to locate MultipartResolver with name 'multipartResolver': no multipart request handling provided
17:43:15.052 [Test worker] DEBUG org.springframework.test.web.servlet.TestDispatcherServlet - Using LocaleResolver [org.springframework.web.servlet.i18n.AcceptHeaderLocaleResolver@44e7a852]
17:43:15.052 [Test worker] DEBUG org.springframework.test.web.servlet.TestDispatcherServlet - Using ThemeResolver [org.springframework.web.servlet.theme.FixedThemeResolver@15bcefd]
17:43:15.052 [Test worker] DEBUG org.springframework.test.web.servlet.TestDispatcherServlet - Using RequestToViewNameTranslator [org.springframework.web.servlet.view.DefaultRequestToViewNameTranslator@2dfba416]
17:43:15.052 [Test worker] DEBUG org.springframework.test.web.servlet.TestDispatcherServlet - Using FlashMapManager [org.springframework.web.servlet.support.SessionFlashMapManager@6961543b]
17:43:15.052 [Test worker] DEBUG org.springframework.test.web.servlet.TestDispatcherServlet - Published WebApplicationContext of servlet '' as ServletContext attribute with name [org.springframework.web.servlet.FrameworkServlet.CONTEXT.]
17:43:15.052 [Test worker] INFO org.springframework.test.web.servlet.TestDispatcherServlet - FrameworkServlet '': initialization completed in 0 ms
17:43:15.052 [Test worker] DEBUG org.springframework.test.web.servlet.TestDispatcherServlet - Servlet '' configured successfully
17:43:15.052 [Test worker] DEBUG org.springframework.test.web.servlet.TestDispatcherServlet - DispatcherServlet with name '' processing GET request for [/v1/folders/1337/messages]
17:43:15.052 [Test worker] DEBUG org.springframework.web.servlet.mvc.method.annotation.RequestMappingHandlerMapping - Looking up handler method for path /v1/folders/1337/messages
17:43:15.053 [Test worker] DEBUG org.springframework.web.servlet.mvc.method.annotation.RequestMappingHandlerMapping - Returning handler method [public org.springframework.http.ResponseEntity<java.util.List<com.marcnuri.isotope.api.message.Message>> com.marcnuri.isotope.api.folder.FolderResource.preloadMessages(java.lang.String,java.util.List<java.lang.Long>)]
17:43:15.053 [Test worker] DEBUG org.springframework.test.web.servlet.TestDispatcherServlet - Last-Modified value for [/v1/folders/1337/messages] is: -1
17:43:15.054 [Test worker] DEBUG com.marcnuri.isotope.api.folder.FolderResource - Preloading 1 messages for folder 1337 
17:43:15.054 [Test worker] DEBUG org.springframework.beans.factory.support.DefaultListableBeanFactory - Returning cached instance of singleton bean 'prototypeImapService'
17:43:15.059 [Test worker] DEBUG org.springframework.web.servlet.mvc.method.annotation.HttpEntityMethodProcessor - Written [[links: []]] as "application/hal+json" using [org.springframework.http.converter.json.MappingJackson2HttpMessageConverter@3f651a4a]
17:43:15.059 [Test worker] DEBUG org.springframework.test.web.servlet.TestDispatcherServlet - Null ModelAndView returned to DispatcherServlet with name '': assuming HandlerAdapter completed request handling
17:43:15.059 [Test worker] DEBUG org.springframework.test.web.servlet.TestDispatcherServlet - Successfully completed request
17:43:15.059 [Test worker] DEBUG com.jayway.jsonpath.internal.path.CompiledPath - Evaluating path: $
17:43:15.060 [Test worker] DEBUG com.jayway.jsonpath.internal.path.CompiledPath - Evaluating path: $[0]['uid']
17:43:15.063 [Test worker] DEBUG com.jayway.jsonpath.internal.path.CompiledPath - Evaluating path: $[0]['uid']
17:43:15.064 [Test worker] DEBUG com.jayway.jsonpath.internal.path.CompiledPath - Evaluating path: $[0]['subject']
17:43:15.064 [Test worker] DEBUG org.springframework.test.context.cache.DefaultCacheAwareContextLoaderDelegate - Retrieved ApplicationContext from cache with key [[MergedContextConfiguration@690d0075 testClass = FolderResourceTest, locations = '{}', classes = '{class com.marcnuri.isotope.api.folder.FolderResource}', contextInitializerClasses = '[]', activeProfiles = '{}', propertySourceLocations = '{}', propertySourceProperties = '{}', contextCustomizers = set[org.springframework.boot.test.autoconfigure.properties.PropertyMappingContextCustomizer@0, org.springframework.boot.test.autoconfigure.web.servlet.WebDriverContextCustomizerFactory$Customizer@42a343c1, org.springframework.boot.test.context.filter.ExcludeFilterContextCustomizer@3d8dc3, org.springframework.boot.test.json.DuplicateJsonObjectContextCustomizerFactory$DuplicateJsonObjectContextCustomizer@5f493529, org.springframework.boot.test.mock.mockito.MockitoContextCustomizer@8186d819], contextLoader = 'org.springframework.test.context.support.DelegatingSmartContextLoader', parent = [null]]]
17:43:15.064 [Test worker] DEBUG org.springframework.test.context.cache - Spring test ApplicationContext cache statistics: [DefaultContextCache@11fd1fb9 size = 2, maxSize = 32, parentContextCount = 0, hitCount = 80, missCount = 2]
17:43:15.064 [Test worker] DEBUG org.springframework.beans.factory.support.DefaultListableBeanFactory - Returning cached instance of singleton bean 'org.springframework.boot.test.mock.mockito.MockitoBeans'
17:43:15.064 [Test worker] DEBUG org.springframework.test.context.cache.DefaultCacheAwareContextLoaderDelegate - Retrieved ApplicationContext from cache with key [[MergedContextConfiguration@690d0075 testClass = FolderResourceTest, locations = '{}', classes = '{class com.marcnuri.isotope.api.folder.FolderResource}', contextInitializerClasses = '[]', activeProfiles = '{}', propertySourceLocations = '{}', propertySourceProperties = '{}', contextCustomizers = set[org.springframework.boot.test.autoconfigure.properties.PropertyMappingContextCustomizer@0, org.springframework.boot.test.autoconfigure.web.servlet.WebDriverContextCustomizerFactory$Customizer@42a343c1, org.springframework.boot.test.context.filter.ExcludeFilterContextCustomizer@3d8dc3, org.springframework.boot.test.json.DuplicateJsonObjectContextCustomizerFactory$DuplicateJsonObjectContextCustomizer@5f493529, org.springframework.boot.test.mock.mockito.MockitoContextCustomizer@8186d819], contextLoader = 'org.springframework.test.context.support.DelegatingSmartContextLoader', parent = [null]]]
17:43:15.064 [Test worker] DEBUG org.springframework.test.context.cache - Spring test ApplicationContext cache statistics: [DefaultContextCache@11fd1fb9 size = 2, maxSize = 32, parentContextCount = 0, hitCount = 81, missCount = 2]
17:43:15.064 [Test worker] DEBUG org.springframework.test.context.cache.DefaultCacheAwareContextLoaderDelegate - Retrieved ApplicationContext from cache with key [[MergedContextConfiguration@690d0075 testClass = FolderResourceTest, locations = '{}', classes = '{class com.marcnuri.isotope.api.folder.FolderResource}', contextInitializerClasses = '[]', activeProfiles = '{}', propertySourceLocations = '{}', propertySourceProperties = '{}', contextCustomizers = set[org.springframework.boot.test.autoconfigure.properties.PropertyMappingContextCustomizer@0, org.springframework.boot.test.autoconfigure.web.servlet.WebDriverContextCustomizerFactory$Customizer@42a343c1, org.springframework.boot.test.context.filter.ExcludeFilterContextCustomizer@3d8dc3, org.springframework.boot.test.json.DuplicateJsonObjectContextCustomizerFactory$DuplicateJsonObjectContextCustomizer@5f493529, org.springframework.boot.test.mock.mockito.MockitoContextCustomizer@8186d819], contextLoader = 'org.springframework.test.context.support.DelegatingSmartContextLoader', parent = [null]]]
17:43:15.064 [Test worker] DEBUG org.springframework.test.context.cache - Spring test ApplicationContext cache statistics: [DefaultContextCache@11fd1fb9 size = 2, maxSize = 32, parentContextCount = 0, hitCount = 82, missCount = 2]
17:43:15.065 [Test worker] DEBUG reactor.core.publisher.Hooks - Reset to factory defaults : onLastOperator
17:43:15.065 [Test worker] DEBUG org.springframework.test.context.support.AbstractDirtiesContextTestExecutionListener - After test method: context [DefaultTestContext@1abdc0de testClass = FolderResourceTest, testInstance = com.marcnuri.isotope.api.folder.FolderResourceTest@528f8d51, testMethod = preloadMessages_validFolderAndValidIds_shouldReturnOk@FolderResourceTest, testException = [null], mergedContextConfiguration = [MergedContextConfiguration@690d0075 testClass = FolderResourceTest, locations = '{}', classes = '{class com.marcnuri.isotope.api.folder.FolderResource}', contextInitializerClasses = '[]', activeProfiles = '{}', propertySourceLocations = '{}', propertySourceProperties = '{}', contextCustomizers = set[org.springframework.boot.test.autoconfigure.properties.PropertyMappingContextCustomizer@0, org.springframework.boot.test.autoconfigure.web.servlet.WebDriverContextCustomizerFactory$Customizer@42a343c1, org.springframework.boot.test.context.filter.ExcludeFilterContextCustomizer@3d8dc3, org.springframework.boot.test.json.DuplicateJsonObjectContextCustomizerFactory$DuplicateJsonObjectContextCustomizer@5f493529, org.springframework.boot.test.mock.mockito.MockitoContextCustomizer@8186d819], contextLoader = 'org.springframework.test.context.support.DelegatingSmartContextLoader', parent = [null]], attributes = map[[empty]]], class annotated with @DirtiesContext [false] with mode [null], method annotated with @DirtiesContext [false] with mode [null].
17:43:15.065 [Test worker] DEBUG org.springframework.test.annotation.ProfileValueUtils - Retrieved @ProfileValueSourceConfiguration [null] for test class [com.marcnuri.isotope.api.folder.FolderResourceTest]
17:43:15.065 [Test worker] DEBUG org.springframework.test.annotation.ProfileValueUtils - Retrieved ProfileValueSource type [class org.springframework.test.annotation.SystemProfileValueSource] for class [com.marcnuri.isotope.api.folder.FolderResourceTest]
17:43:15.065 [Test worker] DEBUG org.springframework.test.context.cache.DefaultCacheAwareContextLoaderDelegate - Retrieved ApplicationContext from cache with key [[MergedContextConfiguration@690d0075 testClass = FolderResourceTest, locations = '{}', classes = '{class com.marcnuri.isotope.api.folder.FolderResource}', contextInitializerClasses = '[]', activeProfiles = '{}', propertySourceLocations = '{}', propertySourceProperties = '{}', contextCustomizers = set[org.springframework.boot.test.autoconfigure.properties.PropertyMappingContextCustomizer@0, org.springframework.boot.test.autoconfigure.web.servlet.WebDriverContextCustomizerFactory$Customizer@42a343c1, org.springframework.boot.test.context.filter.ExcludeFilterContextCustomizer@3d8dc3, org.springframework.boot.test.json.DuplicateJsonObjectContextCustomizerFactory$DuplicateJsonObjectContextCustomizer@5f493529, org.springframework.boot.test.mock.mockito.MockitoContextCustomizer@8186d819], contextLoader = 'org.springframework.test.context.support.DelegatingSmartContextLoader', parent = [null]]]
17:43:15.065 [Test worker] DEBUG org.springframework.test.context.cache - Spring test ApplicationContext cache statistics: [DefaultContextCache@11fd1fb9 size = 2, maxSize = 32, parentContextCount = 0, hitCount = 83, missCount = 2]
17:43:15.065 [Test worker] DEBUG org.springframework.beans.factory.support.DefaultListableBeanFactory - Returning cached instance of singleton bean 'org.springframework.boot.test.mock.mockito.MockitoPostProcessor'
17:43:15.065 [Test worker] DEBUG org.springframework.beans.factory.support.DefaultListableBeanFactory - Returning cached instance of singleton bean 'prototypeImapService'
17:43:15.066 [Test worker] DEBUG org.springframework.test.context.support.DependencyInjectionTestExecutionListener - Performing dependency injection for test context [[DefaultTestContext@1abdc0de testClass = FolderResourceTest, testInstance = com.marcnuri.isotope.api.folder.FolderResourceTest@3233f044, testMethod = [null], testException = [null], mergedContextConfiguration = [MergedContextConfiguration@690d0075 testClass = FolderResourceTest, locations = '{}', classes = '{class com.marcnuri.isotope.api.folder.FolderResource}', contextInitializerClasses = '[]', activeProfiles = '{}', propertySourceLocations = '{}', propertySourceProperties = '{}', contextCustomizers = set[org.springframework.boot.test.autoconfigure.properties.PropertyMappingContextCustomizer@0, org.springframework.boot.test.autoconfigure.web.servlet.WebDriverContextCustomizerFactory$Customizer@42a343c1, org.springframework.boot.test.context.filter.ExcludeFilterContextCustomizer@3d8dc3, org.springframework.boot.test.json.DuplicateJsonObjectContextCustomizerFactory$DuplicateJsonObjectContextCustomizer@5f493529, org.springframework.boot.test.mock.mockito.MockitoContextCustomizer@8186d819], contextLoader = 'org.springframework.test.context.support.DelegatingSmartContextLoader', parent = [null]], attributes = map[[empty]]]].
17:43:15.066 [Test worker] DEBUG org.springframework.test.context.cache.DefaultCacheAwareContextLoaderDelegate - Retrieved ApplicationContext from cache with key [[MergedContextConfiguration@690d0075 testClass = FolderResourceTest, locations = '{}', classes = '{class com.marcnuri.isotope.api.folder.FolderResource}', contextInitializerClasses = '[]', activeProfiles = '{}', propertySourceLocations = '{}', propertySourceProperties = '{}', contextCustomizers = set[org.springframework.boot.test.autoconfigure.properties.PropertyMappingContextCustomizer@0, org.springframework.boot.test.autoconfigure.web.servlet.WebDriverContextCustomizerFactory$Customizer@42a343c1, org.springframework.boot.test.context.filter.ExcludeFilterContextCustomizer@3d8dc3, org.springframework.boot.test.json.DuplicateJsonObjectContextCustomizerFactory$DuplicateJsonObjectContextCustomizer@5f493529, org.springframework.boot.test.mock.mockito.MockitoContextCustomizer@8186d819], contextLoader = 'org.springframework.test.context.support.DelegatingSmartContextLoader', parent = [null]]]
17:43:15.066 [Test worker] DEBUG org.springframework.test.context.cache - Spring test ApplicationContext cache statistics: [DefaultContextCache@11fd1fb9 size = 2, maxSize = 32, parentContextCount = 0, hitCount = 84, missCount = 2]
17:43:15.066 [Test worker] DEBUG org.springframework.beans.factory.annotation.InjectionMetadata - Processing injected element of bean 'com.marcnuri.isotope.api.folder.FolderResourceTest': AutowiredFieldElement for private com.marcnuri.isotope.api.folder.FolderResource com.marcnuri.isotope.api.folder.FolderResourceTest.folderResource
17:43:15.066 [Test worker] DEBUG org.springframework.beans.factory.support.DefaultListableBeanFactory - Returning cached instance of singleton bean 'folderResource'
17:43:15.066 [Test worker] DEBUG org.springframework.test.context.support.AbstractDirtiesContextTestExecutionListener - Before test method: context [DefaultTestContext@1abdc0de testClass = FolderResourceTest, testInstance = com.marcnuri.isotope.api.folder.FolderResourceTest@3233f044, testMethod = createChildFolder_validFolderParentAndNewName_shouldReturnOk@FolderResourceTest, testException = [null], mergedContextConfiguration = [MergedContextConfiguration@690d0075 testClass = FolderResourceTest, locations = '{}', classes = '{class com.marcnuri.isotope.api.folder.FolderResource}', contextInitializerClasses = '[]', activeProfiles = '{}', propertySourceLocations = '{}', propertySourceProperties = '{}', contextCustomizers = set[org.springframework.boot.test.autoconfigure.properties.PropertyMappingContextCustomizer@0, org.springframework.boot.test.autoconfigure.web.servlet.WebDriverContextCustomizerFactory$Customizer@42a343c1, org.springframework.boot.test.context.filter.ExcludeFilterContextCustomizer@3d8dc3, org.springframework.boot.test.json.DuplicateJsonObjectContextCustomizerFactory$DuplicateJsonObjectContextCustomizer@5f493529, org.springframework.boot.test.mock.mockito.MockitoContextCustomizer@8186d819], contextLoader = 'org.springframework.test.context.support.DelegatingSmartContextLoader', parent = [null]], attributes = map[[empty]]], class annotated with @DirtiesContext [false] with mode [null], method annotated with @DirtiesContext [false] with mode [null].
17:43:15.066 [Test worker] DEBUG reactor.core.publisher.Hooks - Hooking onLastOperator: reactor.core.publisher.Operators$LiftFunction@695cc4a8
17:43:15.067 [Test worker] DEBUG org.springframework.test.context.cache.DefaultCacheAwareContextLoaderDelegate - Retrieved ApplicationContext from cache with key [[MergedContextConfiguration@690d0075 testClass = FolderResourceTest, locations = '{}', classes = '{class com.marcnuri.isotope.api.folder.FolderResource}', contextInitializerClasses = '[]', activeProfiles = '{}', propertySourceLocations = '{}', propertySourceProperties = '{}', contextCustomizers = set[org.springframework.boot.test.autoconfigure.properties.PropertyMappingContextCustomizer@0, org.springframework.boot.test.autoconfigure.web.servlet.WebDriverContextCustomizerFactory$Customizer@42a343c1, org.springframework.boot.test.context.filter.ExcludeFilterContextCustomizer@3d8dc3, org.springframework.boot.test.json.DuplicateJsonObjectContextCustomizerFactory$DuplicateJsonObjectContextCustomizer@5f493529, org.springframework.boot.test.mock.mockito.MockitoContextCustomizer@8186d819], contextLoader = 'org.springframework.test.context.support.DelegatingSmartContextLoader', parent = [null]]]
17:43:15.067 [Test worker] DEBUG org.springframework.test.context.cache - Spring test ApplicationContext cache statistics: [DefaultContextCache@11fd1fb9 size = 2, maxSize = 32, parentContextCount = 0, hitCount = 85, missCount = 2]
17:43:15.067 [Test worker] DEBUG org.springframework.beans.factory.support.DefaultListableBeanFactory - Returning cached instance of singleton bean 'org.springframework.boot.test.mock.mockito.MockitoBeans'
17:43:15.067 [Test worker] DEBUG org.springframework.core.env.StandardEnvironment - Adding PropertySource 'systemProperties' with lowest search precedence
17:43:15.067 [Test worker] DEBUG org.springframework.core.env.StandardEnvironment - Adding PropertySource 'systemEnvironment' with lowest search precedence
17:43:15.067 [Test worker] DEBUG org.springframework.core.env.StandardEnvironment - Initialized StandardEnvironment with PropertySources [MapPropertySource@1902949686 {name='systemProperties', properties={java.runtime.name=OpenJDK Runtime Environment, sun.boot.library.path=C:\Program Files\AdoptOpenJDK\jdk-8.0.242.08-hotspot\jre\bin, java.vm.version=25.242-b08, java.vm.vendor=, java.vendor.url=http://java.oracle.com/, path.separator=;, java.vm.name=OpenJDK 64-Bit Server VM, file.encoding.pkg=sun.io, user.script=, sun.java.launcher=SUN_STANDARD, user.country=GB, sun.os.patch.level=, java.vm.specification.name=Java Virtual Machine Specification, user.dir=C:\azure-devops\git\eShopOnContainers\src\Web\WebImapClient\Client\server, java.runtime.version=1.8.0_242-b08, java.awt.graphicsenv=sun.awt.Win32GraphicsEnvironment, java.endorsed.dirs=C:\Program Files\AdoptOpenJDK\jdk-8.0.242.08-hotspot\jre\lib\endorsed, os.arch=amd64, java.io.tmpdir=C:\Users\jorge\AppData\Local\Temp\, line.separator=
, java.vm.specification.vendor=Oracle Corporation, user.variant=, os.name=Windows 10, sun.jnu.encoding=Cp1252, java.library.path=C:\Program Files\AdoptOpenJDK\jdk-8.0.242.08-hotspot\bin;C:\Windows\Sun\Java\bin;C:\Windows\system32;C:\Windows;C:\Program Files\AdoptOpenJDK\jdk-8.0.242.08-hotspot\bin;C:\Program Files (x86)\Common Files\Oracle\Java\javapath;C:\Python27\;C:\Python27\Scripts;C:\ProgramData\DockerDesktop\version-bin;C:\Program Files\Docker\Docker\Resources\bin;C:\Windows\system32;C:\Windows;C:\Windows\System32\Wbem;C:\Windows\System32\WindowsPowerShell\v1.0\;C:\Windows\System32\OpenSSH\;C:\Program Files (x86)\NVIDIA Corporation\PhysX\Common;C:\Program Files\dotnet\;C:\Program Files\Microsoft SQL Server\130\Tools\Binn\;C:\Program Files\Microsoft SQL Server\Client SDK\ODBC\170\Tools\Binn\;C:\Program Files (x86)\Microsoft SQL Server\150\DTS\Binn\;C:\Program Files\Git\cmd;C:\Program Files (x86)\Microsoft ASP.NET\ASP.NET Web Pages\v1.0\;C:\Program Files\Microsoft SQL Server\110\Tools\Binn\;C:\Users\jorge\.dnx\bin;C:\Program Files\Microsoft DNX\Dnvm\;C:\Program Files\nodejs\;C:\ProgramData\chocolatey\bin;C:\Program Files\Microsoft\Web Platform Installer\;C:\Users\jorge\AppData\Local\Microsoft\WindowsApps;C:\Users\jorge\AppData\Local\Programs\Microsoft VS Code\bin;C:\Users\jorge\.dotnet\tools;C:\Users\jorge\AppData\Roaming\npm;C:\Users\jorge\AppData\Local\GitHubDesktop\bin;., java.specification.name=Java Platform API Specification, java.class.version=52.0, org.gradle.native=false, sun.management.compiler=HotSpot 64-Bit Tiered Compilers, os.version=10.0, user.home=C:\Users\jorge, user.timezone=Europe/Paris, java.awt.printerjob=sun.awt.windows.WPrinterJob, file.encoding=windows-1252, java.specification.version=1.8, java.class.path=C:\azure-devops\git\eShopOnContainers\src\Web\WebImapClient\Client\server\build\classes\java\test;C:\azure-devops\git\eShopOnContainers\src\Web\WebImapClient\Client\server\build\resources\test;C:\azure-devops\git\eShopOnContainers\src\Web\WebImapClient\Client\server\build\classes\java\main;C:\azure-devops\git\eShopOnContainers\src\Web\WebImapClient\Client\server\build\resources\main;C:\Users\jorge\.gradle\caches\modules-2\files-2.1\org.springframework.boot\spring-boot-starter-actuator\2.0.4.RELEASE\24e901473279d9c18e0a0f8037d58b18c8297dca\spring-boot-starter-actuator-2.0.4.RELEASE.jar;C:\Users\jorge\.gradle\caches\modules-2\files-2.1\org.springframework.boot\spring-boot-starter-security\2.0.4.RELEASE\2ac314e5985fd9ae0d2acaea450f4f6c3dbd7f92\spring-boot-starter-security-2.0.4.RELEASE.jar;C:\Users\jorge\.gradle\caches\modules-2\files-2.1\org.springframework.boot\spring-boot-starter-webflux\2.0.4.RELEASE\a52fcd02fb6129e14f2b4b36acc5748368563c93\spring-boot-starter-webflux-2.0.4.RELEASE.jar;C:\Users\jorge\.gradle\caches\modules-2\files-2.1\org.springframework.boot\spring-boot-starter-test\2.0.4.RELEASE\8f473705d2742b669f0318f10a956f94a93ba3d2\spring-boot-starter-test-2.0.4.RELEASE.jar;C:\Users\jorge\.gradle\caches\modules-2\files-2.1\org.springframework.boot\spring-boot-starter-hateoas\2.0.4.RELEASE\2f115bebeffea81859c6d874457fa8db16b10747\spring-boot-starter-hateoas-2.0.4.RELEASE.jar;C:\Users\jorge\.gradle\caches\modules-2\files-2.1\org.springframework.boot\spring-boot-starter-web\2.0.4.RELEASE\98d49e981ecf804da877d84259b7b0d1ec2fb6f6\spring-boot-starter-web-2.0.4.RELEASE.jar;C:\Users\jorge\.gradle\caches\modules-2\files-2.1\org.springframework.boot\spring-boot-starter-json\2.0.4.RELEASE\c7afabf0d7c85db178da4ce0634e3bd2ddb0eb71\spring-boot-starter-json-2.0.4.RELEASE.jar;C:\Users\jorge\.gradle\caches\modules-2\files-2.1\org.springframework.boot\spring-boot-starter\2.0.4.RELEASE\ec46c63a2adeee40058eff1a6baefca13975dc94\spring-boot-starter-2.0.4.RELEASE.jar;C:\Users\jorge\.gradle\caches\modules-2\files-2.1\com.sun.mail\javax.mail\1.6.1\757ba4630692bb2a1ec2d9d57a616b63f15e947e\javax.mail-1.6.1.jar;C:\Users\jorge\.gradle\caches\modules-2\files-2.1\org.springframework.boot\spring-boot-actuator-autoconfigure\2.0.4.RELEASE\2cadc1d20a1f9ee667a608cfee154138e954f5f2\spring-boot-actuator-autoconfigure-2.0.4.RELEASE.jar;C:\Users\jorge\.gradle\caches\modules-2\files-2.1\com.fasterxml.jackson.datatype\jackson-datatype-jsr310\2.9.6\ea54f6193d224e5e5732bbd4262327eb465397c2\jackson-datatype-jsr310-2.9.6.jar;C:\Users\jorge\.gradle\caches\modules-2\files-2.1\commons-io\commons-io\2.6\815893df5f31da2ece4040fe0a12fd44b577afaf\commons-io-2.6.jar;C:\Users\jorge\.gradle\caches\modules-2\files-2.1\org.springframework.security\spring-security-test\5.0.7.RELEASE\a74c9ab10d53baa3bb7a731753fe0c6d9ab9d848\spring-security-test-5.0.7.RELEASE.jar;C:\Users\jorge\.gradle\caches\modules-2\files-2.1\com.marcnuri\spring-common-test\0.0.2\da9c2c5e849c7dcbbe99d190bedffa5e6fe450a5\spring-common-test-0.0.2.jar;C:\Users\jorge\.gradle\caches\modules-2\files-2.1\org.hamcrest\java-hamcrest\2.0.0.0\f1c8853ade0ecf707f5a261c830e98893983813\java-hamcrest-2.0.0.0.jar;C:\Users\jorge\.gradle\caches\modules-2\files-2.1\org.powermock\powermock-module-junit4\2.0.0-RC.3\b9a04b492e2b93e93617ba457f76aebbf00fc221\powermock-module-junit4-2.0.0-RC.3.jar;C:\Users\jorge\.gradle\caches\modules-2\files-2.1\org.powermock\powermock-api-mockito2\2.0.0-RC.3\f85a8404be063ef15c5fdd3745b11d2fba875fcd\powermock-api-mockito2-2.0.0-RC.3.jar;C:\Users\jorge\.gradle\caches\modules-2\files-2.1\org.springframework.boot\spring-boot-test-autoconfigure\2.0.4.RELEASE\8a2e3f31e607fdb08deda2f59263ce177f1c4310\spring-boot-test-autoconfigure-2.0.4.RELEASE.jar;C:\Users\jorge\.gradle\caches\modules-2\files-2.1\org.springframework.boot\spring-boot-test\2.0.4.RELEASE\8a17fc3cf16b6d75f2ba132ade04409a670095de\spring-boot-test-2.0.4.RELEASE.jar;C:\Users\jorge\.gradle\caches\modules-2\files-2.1\org.springframework.boot\spring-boot-autoconfigure\2.0.4.RELEASE\65cd1244d606acc02ab7bfc47a203a3fe2400dda\spring-boot-autoconfigure-2.0.4.RELEASE.jar;C:\Users\jorge\.gradle\caches\modules-2\files-2.1\org.springframework.boot\spring-boot-actuator\2.0.4.RELEASE\9c02c968eb50a7cdc14fc4c7b586d767df6dc48d\spring-boot-actuator-2.0.4.RELEASE.jar;C:\Users\jorge\.gradle\caches\modules-2\files-2.1\org.springframework.boot\spring-boot\2.0.4.RELEASE\c8619c5b06d4dcdb4cac1e5e9c839e6e8b1c8574\spring-boot-2.0.4.RELEASE.jar;C:\Users\jorge\.gradle\caches\modules-2\files-2.1\org.springframework.boot\spring-boot-starter-logging\2.0.4.RELEASE\dcd1a2c431c970f44adae64d9145133979a513ab\spring-boot-starter-logging-2.0.4.RELEASE.jar;C:\Users\jorge\.gradle\caches\modules-2\files-2.1\org.springframework.boot\spring-boot-starter-tomcat\2.0.4.RELEASE\dcf28989a34b0801fea0e810c371fb9dab1e7784\spring-boot-starter-tomcat-2.0.4.RELEASE.jar;C:\Users\jorge\.gradle\caches\modules-2\files-2.1\javax.annotation\javax.annotation-api\1.3.2\934c04d3cfef185a8008e7bf34331b79730a9d43\javax.annotation-api-1.3.2.jar;C:\Users\jorge\.gradle\caches\modules-2\files-2.1\org.springframework.security\spring-security-config\5.0.7.RELEASE\d702e01048687db4ec6c97fb32d28ffbe348b3e\spring-security-config-5.0.7.RELEASE.jar;C:\Users\jorge\.gradle\caches\modules-2\files-2.1\org.springframework.security\spring-security-web\5.0.7.RELEASE\bab3ed579d4550bb5cc40b0a7fddd0106db7c66\spring-security-web-5.0.7.RELEASE.jar;C:\Users\jorge\.gradle\caches\modules-2\files-2.1\org.springframework.hateoas\spring-hateoas\0.25.0.RELEASE\22d1abd575426709734ab83e7d81d6deb4addbf6\spring-hateoas-0.25.0.RELEASE.jar;C:\Users\jorge\.gradle\caches\modules-2\files-2.1\org.springframework\spring-webflux\5.0.8.RELEASE\d16ce1cf6f95771e821619d6ef13c1f0333fafb\spring-webflux-5.0.8.RELEASE.jar;C:\Users\jorge\.gradle\caches\modules-2\files-2.1\org.springframework\spring-webmvc\5.0.8.RELEASE\7e5fe57590ca8e4468e50fe1d92b0b67aa4a327a\spring-webmvc-5.0.8.RELEASE.jar;C:\Users\jorge\.gradle\caches\modules-2\files-2.1\org.springframework\spring-web\5.0.8.RELEASE\fa43cdadb4ab2491fd1d0ddb06c0808e4b60fc85\spring-web-5.0.8.RELEASE.jar;C:\Users\jorge\.gradle\caches\modules-2\files-2.1\org.springframework\spring-test\5.0.8.RELEASE\5782619373bd7e7b7d9106203c317b04bb613ebb\spring-test-5.0.8.RELEASE.jar;C:\Users\jorge\.gradle\caches\modules-2\files-2.1\org.springframework.security\spring-security-core\5.0.7.RELEASE\40a0c57af6b4c3f8c611216d2579c6ab19672694\spring-security-core-5.0.7.RELEASE.jar;C:\Users\jorge\.gradle\caches\modules-2\files-2.1\org.springframework.plugin\spring-plugin-core\1.2.0.RELEASE\f380e7760032e7d929184f8ad8a33716b75c0657\spring-plugin-core-1.2.0.RELEASE.jar;C:\Users\jorge\.gradle\caches\modules-2\files-2.1\org.springframework\spring-context\5.0.8.RELEASE\3a067d8990761111c9b6d1d895640be26cc1fb38\spring-context-5.0.8.RELEASE.jar;C:\Users\jorge\.gradle\caches\modules-2\files-2.1\org.springframework\spring-aop\5.0.8.RELEASE\f5086c1a3185c481104511837427b39a07a57aa2\spring-aop-5.0.8.RELEASE.jar;C:\Users\jorge\.gradle\caches\modules-2\files-2.1\org.springframework\spring-beans\5.0.8.RELEASE\5fc965d3e7f5515099244857a8ae9e2a208c169b\spring-beans-5.0.8.RELEASE.jar;C:\Users\jorge\.gradle\caches\modules-2\files-2.1\org.springframework\spring-expression\5.0.8.RELEASE\f23158f22c917df2cddf2ecebc398a9e95f95fae\spring-expression-5.0.8.RELEASE.jar;C:\Users\jorge\.gradle\caches\modules-2\files-2.1\org.springframework\spring-core\5.0.8.RELEASE\dc39c49e3246cdf73d3786ac41119140aed3fa08\spring-core-5.0.8.RELEASE.jar;C:\Users\jorge\.gradle\caches\modules-2\files-2.1\org.yaml\snakeyaml\1.19\2d998d3d674b172a588e54ab619854d073f555b5\snakeyaml-1.19.jar;C:\Users\jorge\.gradle\caches\modules-2\files-2.1\io.micrometer\micrometer-core\1.0.6\50299bc8a34c251d62311bbb1a297f3942a82e42\micrometer-core-1.0.6.jar;C:\Users\jorge\.gradle\caches\modules-2\files-2.1\org.springframework.boot\spring-boot-starter-reactor-netty\2.0.4.RELEASE\ed4ac88f7fc699a9cbb6ee804a26e2e30239ca35\spring-boot-starter-reactor-netty-2.0.4.RELEASE.jar;C:\Users\jorge\.gradle\caches\modules-2\files-2.1\org.hibernate.validator\hibernate-validator\6.0.11.Final\36f9d10a11e4768f55e8fb91ebe4338a5c43954e\hibernate-validator-6.0.11.Final.jar;C:\Users\jorge\.gradle\caches\modules-2\files-2.1\org.synchronoss.cloud\nio-multipart-parser\1.1.0\c6c417fec6612584b1c34d4dd98c5a4e47e8c754\nio-multipart-parser-1.1.0.jar;C:\Users\jorge\.gradle\caches\modules-2\files-2.1\javax.activation\activation\1.1\e6cb541461c2834bdea3eb920f1884d1eb508b50\activation-1.1.jar;C:\Users\jorge\.gradle\caches\modules-2\files-2.1\com.fasterxml.jackson.datatype\jackson-datatype-jdk8\2.9.6\456895fc91bf7180b216fead220373e6278230c9\jackson-datatype-jdk8-2.9.6.jar;C:\Users\jorge\.gradle\caches\modules-2\files-2.1\com.fasterxml.jackson.module\jackson-module-parameter-names\2.9.6\129acd77a4b6ee30d62d3a0899b1344c8ec2bff8\jackson-module-parameter-names-2.9.6.jar;C:\Users\jorge\.gradle\caches\modules-2\files-2.1\com.fasterxml.jackson.core\jackson-databind\2.9.6\cfa4f316351a91bfd95cb0644c6a2c95f52db1fc\jackson-databind-2.9.6.jar;C:\Users\jorge\.gradle\caches\modules-2\files-2.1\com.fasterxml.jackson.core\jackson-annotations\2.9.0\7c10d545325e3a6e72e06381afe469fd40eb701\jackson-annotations-2.9.0.jar;C:\Users\jorge\.gradle\caches\modules-2\files-2.1\com.fasterxml.jackson.core\jackson-core\2.9.6\4e393793c37c77e042ccc7be5a914ae39251b365\jackson-core-2.9.6.jar;C:\Users\jorge\.gradle\caches\modules-2\files-2.1\com.jayway.jsonpath\json-path\2.4.0\765a4401ceb2dc8d40553c2075eb80a8fa35c2ae\json-path-2.4.0.jar;C:\Users\jorge\.gradle\caches\modules-2\files-2.1\org.powermock\powermock-module-junit4-common\2.0.0-RC.3\f09137abdf1aeea2df214037eab50ed864602c9a\powermock-module-junit4-common-2.0.0-RC.3.jar;C:\Users\jorge\.gradle\caches\modules-2\files-2.1\junit\junit\4.12\2973d150c0dc1fefe998f834810d68f278ea58ec\junit-4.12.jar;C:\Users\jorge\.gradle\caches\modules-2\files-2.1\org.assertj\assertj-core\3.9.1\c5ce126b15f28d56cd8f960c1a6a058b9c9aea87\assertj-core-3.9.1.jar;C:\Users\jorge\.gradle\caches\modules-2\files-2.1\org.mockito\mockito-core\2.15.0\b84bfbbc29cd22c9529409627af6ea2897f4fa85\mockito-core-2.15.0.jar;C:\Users\jorge\.gradle\caches\modules-2\files-2.1\org.hamcrest\hamcrest-library\1.3\4785a3c21320980282f9f33d0d1264a69040538f\hamcrest-library-1.3.jar;C:\Users\jorge\.gradle\caches\modules-2\files-2.1\org.hamcrest\hamcrest-core\1.3\42a25dc3219429f0e5d060061f71acb49bf010a0\hamcrest-core-1.3.jar;C:\Users\jorge\.gradle\caches\modules-2\files-2.1\org.skyscreamer\jsonassert\1.5.0\6c9d5fe2f59da598d9aefc1cfc6528ff3cf32df3\jsonassert-1.5.0.jar;C:\Users\jorge\.gradle\caches\modules-2\files-2.1\org.xmlunit\xmlunit-core\2.5.1\4ffdb346572a7356f7521cd3119ce5287d2e339d\xmlunit-core-2.5.1.jar;C:\Users\jorge\.gradle\caches\modules-2\files-2.1\org.powermock\powermock-api-support\2.0.0-RC.3\a23d6bdbcf865513c9f6992134152be80504e499\powermock-api-support-2.0.0-RC.3.jar;C:\Users\jorge\.gradle\caches\modules-2\files-2.1\ch.qos.logback\logback-classic\1.2.3\7c4f3c474fb2c041d8028740440937705ebb473a\logback-classic-1.2.3.jar;C:\Users\jorge\.gradle\caches\modules-2\files-2.1\org.apache.logging.log4j\log4j-to-slf4j\2.10.0\f7e631ccf49cfc0aefa4a2a728da7d374c05bd3c\log4j-to-slf4j-2.10.0.jar;C:\Users\jorge\.gradle\caches\modules-2\files-2.1\org.slf4j\jul-to-slf4j\1.7.25\af5364cd6679bfffb114f0dec8a157aaa283b76\jul-to-slf4j-1.7.25.jar;C:\Users\jorge\.gradle\caches\modules-2\files-2.1\org.springframework\spring-jcl\5.0.8.RELEASE\a1fa8fb560fb252321776e16bc9ac8201af4ef5e\spring-jcl-5.0.8.RELEASE.jar;C:\Users\jorge\.gradle\caches\modules-2\files-2.1\org.hdrhistogram\HdrHistogram\2.1.10\9e1ac84eed220281841b75e72fb9de5a297fbf04\HdrHistogram-2.1.10.jar;C:\Users\jorge\.gradle\caches\modules-2\files-2.1\org.latencyutils\LatencyUtils\2.0.3\769c0b82cb2421c8256300e907298a9410a2a3d3\LatencyUtils-2.0.3.jar;C:\Users\jorge\.gradle\caches\modules-2\files-2.1\org.synchronoss.cloud\nio-stream-storage\1.1.3\986dba5f6e5eed20f0dba6ddc8e8a64a9ebdc2f3\nio-stream-storage-1.1.3.jar;C:\Users\jorge\.gradle\caches\modules-2\files-2.1\org.slf4j\slf4j-api\1.7.25\da76ca59f6a57ee3102f8f9bd9cee742973efa8a\slf4j-api-1.7.25.jar;C:\Users\jorge\.gradle\caches\modules-2\files-2.1\io.projectreactor.ipc\reactor-netty\0.7.8.RELEASE\fe25c7d3042b6005690f7d243cef987b696a12ee\reactor-netty-0.7.8.RELEASE.jar;C:\Users\jorge\.gradle\caches\modules-2\files-2.1\javax.validation\validation-api\2.0.1.Final\cb855558e6271b1b32e716d24cb85c7f583ce09e\validation-api-2.0.1.Final.jar;C:\Users\jorge\.gradle\caches\modules-2\files-2.1\org.jboss.logging\jboss-logging\3.3.2.Final\3789d00e859632e6c6206adc0c71625559e6e3b0\jboss-logging-3.3.2.Final.jar;C:\Users\jorge\.gradle\caches\modules-2\files-2.1\com.fasterxml\classmate\1.3.4\3d5f48f10bbe4eb7bd862f10c0583be2e0053c6\classmate-1.3.4.jar;C:\Users\jorge\.gradle\caches\modules-2\files-2.1\io.projectreactor\reactor-core\3.1.8.RELEASE\3bcc30f9161d3d17abe44b4aa20e397e5170566e\reactor-core-3.1.8.RELEASE.jar;C:\Users\jorge\.gradle\caches\modules-2\files-2.1\net.minidev\json-smart\2.3\7396407491352ce4fa30de92efb158adb76b5b\json-smart-2.3.jar;C:\Users\jorge\.gradle\caches\modules-2\files-2.1\org.powermock\powermock-core\2.0.0-RC.3\f958479ea1f0d1ba37cf65b6612fccfbaf4d8dd3\powermock-core-2.0.0-RC.3.jar;C:\Users\jorge\.gradle\caches\modules-2\files-2.1\org.powermock\powermock-reflect\2.0.0-RC.3\c10437486ae35b91666c2591fd7b1a8054b4573c\powermock-reflect-2.0.0-RC.3.jar;C:\Users\jorge\.gradle\caches\modules-2\files-2.1\net.bytebuddy\byte-buddy\1.7.11\f02857a4e2c66ccbe7aaad6100a0a6c461bce9b3\byte-buddy-1.7.11.jar;C:\Users\jorge\.gradle\caches\modules-2\files-2.1\net.bytebuddy\byte-buddy-agent\1.7.11\b425a8933ca07edd03c6dbc8bc3b595fba9780de\byte-buddy-agent-1.7.11.jar;C:\Users\jorge\.gradle\caches\modules-2\files-2.1\org.objenesis\objenesis\3.0.1\11cfac598df9dc48bb9ed9357ed04212694b7808\objenesis-3.0.1.jar;C:\Users\jorge\.gradle\caches\modules-2\files-2.1\com.vaadin.external.google\android-json\0.0.20131108.vaadin1\fa26d351fe62a6a17f5cda1287c1c6110dec413f\android-json-0.0.20131108.vaadin1.jar;C:\Users\jorge\.gradle\caches\modules-2\files-2.1\ch.qos.logback\logback-core\1.2.3\864344400c3d4d92dfeb0a305dc87d953677c03c\logback-core-1.2.3.jar;C:\Users\jorge\.gradle\caches\modules-2\files-2.1\org.apache.logging.log4j\log4j-api\2.10.0\fec5797a55b786184a537abd39c3fa1449d752d6\log4j-api-2.10.0.jar;C:\Users\jorge\.gradle\caches\modules-2\files-2.1\org.apache.tomcat.embed\tomcat-embed-websocket\8.5.32\ea5302e378f1449d4e5dda79e8d810c1e7931f91\tomcat-embed-websocket-8.5.32.jar;C:\Users\jorge\.gradle\caches\modules-2\files-2.1\org.apache.tomcat.embed\tomcat-embed-core\8.5.32\6bc6896200146010cc4666bdc6b9b0cbb453ee22\tomcat-embed-core-8.5.32.jar;C:\Users\jorge\.gradle\caches\modules-2\files-2.1\org.apache.tomcat.embed\tomcat-embed-el\8.5.32\e4fd0ee015d83fa1c5ec93ff1d05bdaf9a4480c5\tomcat-embed-el-8.5.32.jar;C:\Users\jorge\.gradle\caches\modules-2\files-2.1\io.netty\netty-handler-proxy\4.1.27.Final\1a822ce7760bc6eb4937b7e448c9e081fedcc807\netty-handler-proxy-4.1.27.Final.jar;C:\Users\jorge\.gradle\caches\modules-2\files-2.1\io.netty\netty-codec-http\4.1.27.Final\a1722d6bcbbef1c4c7877e8bf38b07a3db5ed07f\netty-codec-http-4.1.27.Final.jar;C:\Users\jorge\.gradle\caches\modules-2\files-2.1\io.netty\netty-handler\4.1.27.Final\21bd9cf565390a8d72579b8664303e3c175dfc6a\netty-handler-4.1.27.Final.jar;C:\Users\jorge\.gradle\caches\modules-2\files-2.1\io.netty\netty-transport-native-epoll\4.1.27.Final\8c3a61a7dd53eafe2f0fe31356f1379598f74517\netty-transport-native-epoll-4.1.27.Final-linux-x86_64.jar;C:\Users\jorge\.gradle\caches\modules-2\files-2.1\org.reactivestreams\reactive-streams\1.0.2\323964c36556eb0e6209f65c1cef72b53b461ab8\reactive-streams-1.0.2.jar;C:\Users\jorge\.gradle\caches\modules-2\files-2.1\net.minidev\accessors-smart\1.2\c592b500269bfde36096641b01238a8350f8aa31\accessors-smart-1.2.jar;C:\Users\jorge\.gradle\caches\modules-2\files-2.1\org.javassist\javassist\3.24.0-GA\d7466fc2e3af7c023e95c510f06448ad29b225b3\javassist-3.24.0-GA.jar;C:\Users\jorge\.gradle\caches\modules-2\files-2.1\io.netty\netty-codec-socks\4.1.27.Final\285b09af98764cf02e4b77b3d95af188469a7133\netty-codec-socks-4.1.27.Final.jar;C:\Users\jorge\.gradle\caches\modules-2\files-2.1\io.netty\netty-codec\4.1.27.Final\d2653d78ebaa650064768fb26b10051f5c8efb2c\netty-codec-4.1.27.Final.jar;C:\Users\jorge\.gradle\caches\modules-2\files-2.1\io.netty\netty-transport-native-unix-common\4.1.27.Final\2b0667fe5c1df78c6cfbf9d53ad8b1fb533fb8e8\netty-transport-native-unix-common-4.1.27.Final.jar;C:\Users\jorge\.gradle\caches\modules-2\files-2.1\io.netty\netty-transport\4.1.27.Final\b5c2da3ea89dd67320925f1504c9eb3615241b7c\netty-transport-4.1.27.Final.jar;C:\Users\jorge\.gradle\caches\modules-2\files-2.1\io.netty\netty-buffer\4.1.27.Final\aafe2b9fb0d8f3b200cf10b9fd6486c6a722d7a1\netty-buffer-4.1.27.Final.jar;C:\Users\jorge\.gradle\caches\modules-2\files-2.1\io.netty\netty-resolver\4.1.27.Final\2536447ef9605ccb2b5203aa22392c6514484ea9\netty-resolver-4.1.27.Final.jar;C:\Users\jorge\.gradle\caches\modules-2\files-2.1\io.netty\netty-common\4.1.27.Final\6a12a969c27fb37b230c4bde5a67bd822fa6b7a4\netty-common-4.1.27.Final.jar;C:\Users\jorge\.gradle\caches\modules-2\files-2.1\org.ow2.asm\asm\5.0.4\da08b8cce7bbf903602a25a3a163ae252435795\asm-5.0.4.jar, user.name=jorge, java.vm.specification.version=1.8, sun.java.command=worker.org.gradle.process.internal.worker.GradleWorkerMain 'Gradle Test Executor 3', java.home=C:\Program Files\AdoptOpenJDK\jdk-8.0.242.08-hotspot\jre, sun.arch.data.model=64, user.language=en, java.specification.vendor=Oracle Corporation, awt.toolkit=sun.awt.windows.WToolkit, java.vm.info=mixed mode, java.version=1.8.0_242, java.ext.dirs=C:\Program Files\AdoptOpenJDK\jdk-8.0.242.08-hotspot\jre\lib\ext;C:\Windows\Sun\Java\lib\ext, sun.boot.class.path=C:\Program Files\AdoptOpenJDK\jdk-8.0.242.08-hotspot\jre\lib\resources.jar;C:\Program Files\AdoptOpenJDK\jdk-8.0.242.08-hotspot\jre\lib\rt.jar;C:\Program Files\AdoptOpenJDK\jdk-8.0.242.08-hotspot\jre\lib\sunrsasign.jar;C:\Program Files\AdoptOpenJDK\jdk-8.0.242.08-hotspot\jre\lib\jsse.jar;C:\Program Files\AdoptOpenJDK\jdk-8.0.242.08-hotspot\jre\lib\jce.jar;C:\Program Files\AdoptOpenJDK\jdk-8.0.242.08-hotspot\jre\lib\charsets.jar;C:\Program Files\AdoptOpenJDK\jdk-8.0.242.08-hotspot\jre\lib\jfr.jar;C:\Program Files\AdoptOpenJDK\jdk-8.0.242.08-hotspot\jre\classes, java.vendor=AdoptOpenJDK, org.gradle.test.worker=3, file.separator=\, java.vendor.url.bug=http://bugreport.sun.com/bugreport/, sun.io.unicode.encoding=UnicodeLittle, sun.cpu.endian=little, sun.desktop=windows, sun.cpu.isalist=amd64}}, SystemEnvironmentPropertySource@1559284367 {name='systemEnvironment', properties={USERDOMAIN_ROAMINGPROFILE=DESKTOP-U7U4TE6, PROCESSOR_LEVEL=6, VS140COMNTOOLS=C:\Program Files (x86)\Microsoft Visual Studio 14.0\Common7\Tools\, ALLUSERSPROFILE=C:\ProgramData, PROCESSOR_ARCHITECTURE=AMD64, PSModulePath=C:\Users\jorge\Documents\WindowsPowerShell\Modules;C:\Program Files\WindowsPowerShell\Modules;C:\Windows\system32\WindowsPowerShell\v1.0\Modules, SystemDrive=C:, =ExitCode=00000000, DIRNAME=C:\azure-devops\git\eShopOnContainers\src\Web\WebImapClient\Client\server\, USERNAME=jorge, CMD_LINE_ARGS=b, ProgramFiles(x86)=C:\Program Files (x86), APP_HOME=C:\azure-devops\git\eShopOnContainers\src\Web\WebImapClient\Client\server\, PATHEXT=.COM;.EXE;.BAT;.CMD;.VBS;.VBE;.JS;.JSE;.WSF;.WSH;.MSC;.CPL, DriverData=C:\Windows\System32\Drivers\DriverData, OneDriveConsumer=C:\Users\jorge\OneDrive, ProgramData=C:\ProgramData, ProgramW6432=C:\Program Files, HOMEPATH=\Users\jorge, PROCESSOR_IDENTIFIER=Intel64 Family 6 Model 158 Stepping 13, GenuineIntel, ProgramFiles=C:\Program Files, PUBLIC=C:\Users\Public, windir=C:\Windows, _SKIP=2, LOCALAPPDATA=C:\Users\jorge\AppData\Local, ChocolateyLastPathUpdate=132229495750090469, USERDOMAIN=DESKTOP-U7U4TE6, LOGONSERVER=\\DESKTOP-U7U4TE6, PROMPT=$P$G, OneDrive=C:\Users\jorge\OneDrive, =C:=C:\azure-devops\git\eShopOnContainers\src\Web\WebImapClient\Client\server, APPDATA=C:\Users\jorge\AppData\Roaming, JAVA_EXE=java.exe, ChocolateyInstall=C:\ProgramData\chocolatey, CommonProgramFiles=C:\Program Files\Common Files, Path=C:\Program Files\AdoptOpenJDK\jdk-8.0.242.08-hotspot\bin;C:\Program Files (x86)\Common Files\Oracle\Java\javapath;C:\Python27\;C:\Python27\Scripts;C:\ProgramData\DockerDesktop\version-bin;C:\Program Files\Docker\Docker\Resources\bin;C:\Windows\system32;C:\Windows;C:\Windows\System32\Wbem;C:\Windows\System32\WindowsPowerShell\v1.0\;C:\Windows\System32\OpenSSH\;C:\Program Files (x86)\NVIDIA Corporation\PhysX\Common;C:\Program Files\dotnet\;C:\Program Files\Microsoft SQL Server\130\Tools\Binn\;C:\Program Files\Microsoft SQL Server\Client SDK\ODBC\170\Tools\Binn\;C:\Program Files (x86)\Microsoft SQL Server\150\DTS\Binn\;C:\Program Files\Git\cmd;C:\Program Files (x86)\Microsoft ASP.NET\ASP.NET Web Pages\v1.0\;C:\Program Files\Microsoft SQL Server\110\Tools\Binn\;C:\Users\jorge\.dnx\bin;C:\Program Files\Microsoft DNX\Dnvm\;C:\Program Files\nodejs\;C:\ProgramData\chocolatey\bin;C:\Program Files\Microsoft\Web Platform Installer\;C:\Users\jorge\AppData\Local\Microsoft\WindowsApps;C:\Users\jorge\AppData\Local\Programs\Microsoft VS Code\bin;C:\Users\jorge\.dotnet\tools;C:\Users\jorge\AppData\Roaming\npm;C:\Users\jorge\AppData\Local\GitHubDesktop\bin, OS=Windows_NT, COMPUTERNAME=DESKTOP-U7U4TE6, PROCESSOR_REVISION=9e0d, CLASSPATH=C:\azure-devops\git\eShopOnContainers\src\Web\WebImapClient\Client\server\\gradle\wrapper\gradle-wrapper.jar, CommonProgramW6432=C:\Program Files\Common Files, ComSpec=C:\Windows\system32\cmd.exe, APP_BASE_NAME=gradlew, SystemRoot=C:\Windows, TEMP=C:\Users\jorge\AppData\Local\Temp, HOMEDRIVE=C:, USERPROFILE=C:\Users\jorge, TMP=C:\Users\jorge\AppData\Local\Temp, VS110COMNTOOLS=C:\Program Files (x86)\Microsoft Visual Studio 11.0\Common7\Tools\, CommonProgramFiles(x86)=C:\Program Files (x86)\Common Files, NUMBER_OF_PROCESSORS=12}}]
17:43:15.068 [Test worker] DEBUG org.springframework.web.servlet.mvc.method.annotation.RequestMappingHandlerMapping - Looking for request mappings in application context: org.springframework.test.web.servlet.setup.StubWebApplicationContext@158d3190
17:43:15.071 [Test worker] DEBUG org.springframework.web.servlet.mvc.method.annotation.RequestMappingHandlerMapping - 17 request handler methods found on class com.marcnuri.isotope.api.folder.FolderResource: {public org.springframework.http.ResponseEntity com.marcnuri.isotope.api.folder.FolderResource.getMessage(java.lang.String,java.lang.Long)={[/v1/folders/{folderId}/messages/{messageId}],methods=[GET]}, public org.springframework.http.ResponseEntity com.marcnuri.isotope.api.folder.FolderResource.getFolders(java.lang.Boolean)={[/v1/folders],methods=[GET],produces=[application/hal+json]}, public org.springframework.http.ResponseEntity com.marcnuri.isotope.api.folder.FolderResource.setMessageFlagged(java.lang.String,java.lang.Long,boolean)={[/v1/folders/{folderId}/messages/{messageId}/flagged],methods=[PUT]}, public org.springframework.http.ResponseEntity com.marcnuri.isotope.api.folder.FolderResource.deleteAllFolderMessages(java.lang.String)={[/v1/folders/{folderId}/messages],methods=[DELETE]}, public org.springframework.http.ResponseEntity com.marcnuri.isotope.api.folder.FolderResource.createChildFolder(java.lang.String,java.lang.String)={[/v1/folders/{folderId}],methods=[POST],produces=[application/hal+json]}, public org.springframework.http.ResponseEntity com.marcnuri.isotope.api.folder.FolderResource.moveMessage(java.lang.String,java.lang.Long,java.lang.String)={[/v1/folders/{fromFolderId}/messages/{messageId}/folder/{toFolderId}],methods=[PUT]}, public org.springframework.http.ResponseEntity com.marcnuri.isotope.api.folder.FolderResource.moveMessages(java.lang.String,java.lang.String,java.util.List)={[/v1/folders/{fromFolderId}/messages/folder/{toFolderId}],methods=[PUT]}, public org.springframework.http.ResponseEntity com.marcnuri.isotope.api.folder.FolderResource.setMessageSeen(java.lang.String,java.lang.Long,boolean)={[/v1/folders/{folderId}/messages/{messageId}/seen],methods=[PUT]}, public org.springframework.http.ResponseEntity com.marcnuri.isotope.api.folder.FolderResource.setMessagesSeen(java.lang.String,java.lang.Boolean,java.util.List)={[/v1/folders/{folderId}/messages/seen/{seen}],methods=[PUT]}, public org.springframework.http.ResponseEntity com.marcnuri.isotope.api.folder.FolderResource.getAttachment(java.lang.String,java.lang.Long,java.lang.String,java.lang.Boolean,javax.servlet.http.HttpServletResponse)={[/v1/folders/{folderId}/messages/{messageId}/attachments/{id}],methods=[GET]}, public org.springframework.http.ResponseEntity com.marcnuri.isotope.api.folder.FolderResource.deleteFolder(java.lang.String)={[/v1/folders/{folderId}],methods=[DELETE],produces=[application/hal+json]}, public org.springframework.http.ResponseEntity com.marcnuri.isotope.api.folder.FolderResource.renameFolder(java.lang.String,java.lang.String)={[/v1/folders/{folderId}/name],methods=[PUT],produces=[application/hal+json]}, public org.springframework.http.ResponseEntity com.marcnuri.isotope.api.folder.FolderResource.moveFolder(java.lang.String,java.lang.String)={[/v1/folders/{folderId}/parent],methods=[PUT],produces=[application/hal+json]}, public org.springframework.http.ResponseEntity com.marcnuri.isotope.api.folder.FolderResource.createRootFolder(java.lang.String)={[/v1/folders],methods=[POST],produces=[application/hal+json]}, public org.springframework.http.ResponseEntity com.marcnuri.isotope.api.folder.FolderResource.preloadMessages(java.lang.String,java.util.List)={[/v1/folders/{folderId}/messages],methods=[GET]}, public org.springframework.http.ResponseEntity com.marcnuri.isotope.api.folder.FolderResource.deleteMessages(java.lang.String,java.util.List)={[/v1/folders/{folderId}/messages],methods=[DELETE],params=[id]}, public reactor.core.publisher.Flux com.marcnuri.isotope.api.folder.FolderResource.getMessages(java.lang.String,javax.servlet.http.HttpServletResponse)={[/v1/folders/{folderId}/messages],methods=[GET],produces=[text/event-stream]}}
17:43:15.071 [Test worker] INFO org.springframework.web.servlet.mvc.method.annotation.RequestMappingHandlerMapping - Mapped "{[/v1/folders/{folderId}/messages/{messageId}],methods=[GET]}" onto public org.springframework.http.ResponseEntity<com.marcnuri.isotope.api.message.MessageWithFolder> com.marcnuri.isotope.api.folder.FolderResource.getMessage(java.lang.String,java.lang.Long)
17:43:15.071 [Test worker] INFO org.springframework.web.servlet.mvc.method.annotation.RequestMappingHandlerMapping - Mapped "{[/v1/folders],methods=[GET],produces=[application/hal+json]}" onto public org.springframework.http.ResponseEntity<java.util.List<com.marcnuri.isotope.api.folder.Folder>> com.marcnuri.isotope.api.folder.FolderResource.getFolders(java.lang.Boolean)
17:43:15.071 [Test worker] INFO org.springframework.web.servlet.mvc.method.annotation.RequestMappingHandlerMapping - Mapped "{[/v1/folders/{folderId}/messages/{messageId}/flagged],methods=[PUT]}" onto public org.springframework.http.ResponseEntity<java.lang.Void> com.marcnuri.isotope.api.folder.FolderResource.setMessageFlagged(java.lang.String,java.lang.Long,boolean)
17:43:15.071 [Test worker] INFO org.springframework.web.servlet.mvc.method.annotation.RequestMappingHandlerMapping - Mapped "{[/v1/folders/{folderId}/messages],methods=[DELETE]}" onto public org.springframework.http.ResponseEntity<com.marcnuri.isotope.api.folder.Folder> com.marcnuri.isotope.api.folder.FolderResource.deleteAllFolderMessages(java.lang.String)
17:43:15.071 [Test worker] INFO org.springframework.web.servlet.mvc.method.annotation.RequestMappingHandlerMapping - Mapped "{[/v1/folders/{folderId}],methods=[POST],produces=[application/hal+json]}" onto public org.springframework.http.ResponseEntity<com.marcnuri.isotope.api.folder.Folder> com.marcnuri.isotope.api.folder.FolderResource.createChildFolder(java.lang.String,java.lang.String)
17:43:15.072 [Test worker] INFO org.springframework.web.servlet.mvc.method.annotation.RequestMappingHandlerMapping - Mapped "{[/v1/folders/{fromFolderId}/messages/{messageId}/folder/{toFolderId}],methods=[PUT]}" onto public org.springframework.http.ResponseEntity<java.util.List<com.marcnuri.isotope.api.message.MessageWithFolder>> com.marcnuri.isotope.api.folder.FolderResource.moveMessage(java.lang.String,java.lang.Long,java.lang.String)
17:43:15.072 [Test worker] INFO org.springframework.web.servlet.mvc.method.annotation.RequestMappingHandlerMapping - Mapped "{[/v1/folders/{fromFolderId}/messages/folder/{toFolderId}],methods=[PUT]}" onto public org.springframework.http.ResponseEntity<java.util.List<com.marcnuri.isotope.api.message.MessageWithFolder>> com.marcnuri.isotope.api.folder.FolderResource.moveMessages(java.lang.String,java.lang.String,java.util.List<java.lang.Long>)
17:43:15.072 [Test worker] INFO org.springframework.web.servlet.mvc.method.annotation.RequestMappingHandlerMapping - Mapped "{[/v1/folders/{folderId}/messages/{messageId}/seen],methods=[PUT]}" onto public org.springframework.http.ResponseEntity<java.lang.Void> com.marcnuri.isotope.api.folder.FolderResource.setMessageSeen(java.lang.String,java.lang.Long,boolean)
17:43:15.072 [Test worker] INFO org.springframework.web.servlet.mvc.method.annotation.RequestMappingHandlerMapping - Mapped "{[/v1/folders/{folderId}/messages/seen/{seen}],methods=[PUT]}" onto public org.springframework.http.ResponseEntity<java.lang.Void> com.marcnuri.isotope.api.folder.FolderResource.setMessagesSeen(java.lang.String,java.lang.Boolean,java.util.List<java.lang.Long>)
17:43:15.072 [Test worker] INFO org.springframework.web.servlet.mvc.method.annotation.RequestMappingHandlerMapping - Mapped "{[/v1/folders/{folderId}/messages/{messageId}/attachments/{id}],methods=[GET]}" onto public org.springframework.http.ResponseEntity<java.lang.Void> com.marcnuri.isotope.api.folder.FolderResource.getAttachment(java.lang.String,java.lang.Long,java.lang.String,java.lang.Boolean,javax.servlet.http.HttpServletResponse)
17:43:15.072 [Test worker] INFO org.springframework.web.servlet.mvc.method.annotation.RequestMappingHandlerMapping - Mapped "{[/v1/folders/{folderId}],methods=[DELETE],produces=[application/hal+json]}" onto public org.springframework.http.ResponseEntity<com.marcnuri.isotope.api.folder.Folder> com.marcnuri.isotope.api.folder.FolderResource.deleteFolder(java.lang.String)
17:43:15.072 [Test worker] INFO org.springframework.web.servlet.mvc.method.annotation.RequestMappingHandlerMapping - Mapped "{[/v1/folders/{folderId}/name],methods=[PUT],produces=[application/hal+json]}" onto public org.springframework.http.ResponseEntity<com.marcnuri.isotope.api.folder.Folder> com.marcnuri.isotope.api.folder.FolderResource.renameFolder(java.lang.String,java.lang.String)
17:43:15.072 [Test worker] INFO org.springframework.web.servlet.mvc.method.annotation.RequestMappingHandlerMapping - Mapped "{[/v1/folders/{folderId}/parent],methods=[PUT],produces=[application/hal+json]}" onto public org.springframework.http.ResponseEntity<com.marcnuri.isotope.api.folder.Folder> com.marcnuri.isotope.api.folder.FolderResource.moveFolder(java.lang.String,java.lang.String)
17:43:15.072 [Test worker] INFO org.springframework.web.servlet.mvc.method.annotation.RequestMappingHandlerMapping - Mapped "{[/v1/folders],methods=[POST],produces=[application/hal+json]}" onto public org.springframework.http.ResponseEntity<java.util.List<com.marcnuri.isotope.api.folder.Folder>> com.marcnuri.isotope.api.folder.FolderResource.createRootFolder(java.lang.String)
17:43:15.073 [Test worker] INFO org.springframework.web.servlet.mvc.method.annotation.RequestMappingHandlerMapping - Mapped "{[/v1/folders/{folderId}/messages],methods=[GET]}" onto public org.springframework.http.ResponseEntity<java.util.List<com.marcnuri.isotope.api.message.Message>> com.marcnuri.isotope.api.folder.FolderResource.preloadMessages(java.lang.String,java.util.List<java.lang.Long>)
17:43:15.073 [Test worker] INFO org.springframework.web.servlet.mvc.method.annotation.RequestMappingHandlerMapping - Mapped "{[/v1/folders/{folderId}/messages],methods=[DELETE],params=[id]}" onto public org.springframework.http.ResponseEntity<com.marcnuri.isotope.api.folder.Folder> com.marcnuri.isotope.api.folder.FolderResource.deleteMessages(java.lang.String,java.util.List<java.lang.Long>)
17:43:15.073 [Test worker] INFO org.springframework.web.servlet.mvc.method.annotation.RequestMappingHandlerMapping - Mapped "{[/v1/folders/{folderId}/messages],methods=[GET],produces=[text/event-stream]}" onto public reactor.core.publisher.Flux<org.springframework.http.codec.ServerSentEvent<java.util.List<com.marcnuri.isotope.api.message.Message>>> com.marcnuri.isotope.api.folder.FolderResource.getMessages(java.lang.String,javax.servlet.http.HttpServletResponse)
17:43:15.077 [Test worker] DEBUG org.hibernate.validator.internal.engine.resolver.TraversableResolvers - Cannot find javax.persistence.Persistence on classpath. Assuming non JPA 2 environment. All properties will per default be traversable.
17:43:15.077 [Test worker] DEBUG org.hibernate.validator.messageinterpolation.ResourceBundleMessageInterpolator - Loaded expression factory via original TCCL
17:43:15.077 [Test worker] DEBUG org.hibernate.validator.internal.engine.ConfigurationImpl - Setting custom MessageInterpolator of type org.springframework.validation.beanvalidation.LocaleContextMessageInterpolator
17:43:15.077 [Test worker] DEBUG org.hibernate.validator.internal.engine.ConfigurationImpl - Setting custom ParameterNameProvider of type org.springframework.validation.beanvalidation.LocalValidatorFactoryBean$1
17:43:15.077 [Test worker] DEBUG org.hibernate.validator.internal.xml.config.ValidationXmlParser - Trying to load META-INF/validation.xml for XML based Validator configuration.
17:43:15.077 [Test worker] DEBUG org.hibernate.validator.internal.xml.config.ResourceLoaderHelper - Trying to load META-INF/validation.xml via TCCL
17:43:15.077 [Test worker] DEBUG org.hibernate.validator.internal.xml.config.ResourceLoaderHelper - Trying to load META-INF/validation.xml via Hibernate Validator's class loader
17:43:15.078 [Test worker] DEBUG org.hibernate.validator.internal.xml.config.ValidationXmlParser - No META-INF/validation.xml found. Using annotation based configuration only.
17:43:15.081 [Test worker] DEBUG org.hibernate.validator.internal.engine.ValidatorFactoryImpl - HV000234: Using org.springframework.validation.beanvalidation.LocaleContextMessageInterpolator as ValidatorFactory-scoped message interpolator.
17:43:15.081 [Test worker] DEBUG org.hibernate.validator.internal.engine.ValidatorFactoryImpl - HV000234: Using org.hibernate.validator.internal.engine.resolver.TraverseAllTraversableResolver as ValidatorFactory-scoped traversable resolver.
17:43:15.081 [Test worker] DEBUG org.hibernate.validator.internal.engine.ValidatorFactoryImpl - HV000234: Using org.hibernate.validator.internal.util.ExecutableParameterNameProvider as ValidatorFactory-scoped parameter name provider.
17:43:15.081 [Test worker] DEBUG org.hibernate.validator.internal.engine.ValidatorFactoryImpl - HV000234: Using org.hibernate.validator.internal.engine.DefaultClockProvider as ValidatorFactory-scoped clock provider.
17:43:15.081 [Test worker] DEBUG org.hibernate.validator.internal.engine.ValidatorFactoryImpl - HV000234: Using org.hibernate.validator.internal.engine.scripting.DefaultScriptEvaluatorFactory as ValidatorFactory-scoped script evaluator factory.
17:43:15.081 [Test worker] INFO org.springframework.web.servlet.mvc.method.annotation.RequestMappingHandlerAdapter - Looking for @ControllerAdvice: org.springframework.test.web.servlet.setup.StubWebApplicationContext@158d3190
17:43:15.083 [Test worker] DEBUG org.springframework.web.servlet.mvc.method.annotation.ExceptionHandlerExceptionResolver - Looking for exception mappings: org.springframework.test.web.servlet.setup.StubWebApplicationContext@158d3190
17:43:15.084 [Test worker] DEBUG org.springframework.test.web.servlet.TestDispatcherServlet - Initializing servlet ''
17:43:15.084 [Test worker] INFO org.springframework.mock.web.MockServletContext - Initializing Spring FrameworkServlet ''
17:43:15.084 [Test worker] INFO org.springframework.test.web.servlet.TestDispatcherServlet - FrameworkServlet '': initialization started
17:43:15.084 [Test worker] DEBUG org.springframework.test.web.servlet.TestDispatcherServlet - Unable to locate MultipartResolver with name 'multipartResolver': no multipart request handling provided
17:43:15.084 [Test worker] DEBUG org.springframework.test.web.servlet.TestDispatcherServlet - Using LocaleResolver [org.springframework.web.servlet.i18n.AcceptHeaderLocaleResolver@c8371a6]
17:43:15.084 [Test worker] DEBUG org.springframework.test.web.servlet.TestDispatcherServlet - Using ThemeResolver [org.springframework.web.servlet.theme.FixedThemeResolver@10a18653]
17:43:15.084 [Test worker] DEBUG org.springframework.test.web.servlet.TestDispatcherServlet - Using RequestToViewNameTranslator [org.springframework.web.servlet.view.DefaultRequestToViewNameTranslator@28c49ae6]
17:43:15.084 [Test worker] DEBUG org.springframework.test.web.servlet.TestDispatcherServlet - Using FlashMapManager [org.springframework.web.servlet.support.SessionFlashMapManager@45a71e33]
17:43:15.084 [Test worker] DEBUG org.springframework.test.web.servlet.TestDispatcherServlet - Published WebApplicationContext of servlet '' as ServletContext attribute with name [org.springframework.web.servlet.FrameworkServlet.CONTEXT.]
17:43:15.084 [Test worker] INFO org.springframework.test.web.servlet.TestDispatcherServlet - FrameworkServlet '': initialization completed in 0 ms
17:43:15.084 [Test worker] DEBUG org.springframework.test.web.servlet.TestDispatcherServlet - Servlet '' configured successfully
17:43:15.084 [Test worker] DEBUG org.springframework.test.web.servlet.TestDispatcherServlet - DispatcherServlet with name '' processing POST request for [/v1/folders/L3BhcmVudC9mb2xkZXI=]
17:43:15.085 [Test worker] DEBUG org.springframework.web.servlet.mvc.method.annotation.RequestMappingHandlerMapping - Looking up handler method for path /v1/folders/L3BhcmVudC9mb2xkZXI=
17:43:15.085 [Test worker] DEBUG org.springframework.web.servlet.mvc.method.annotation.RequestMappingHandlerMapping - Returning handler method [public org.springframework.http.ResponseEntity<com.marcnuri.isotope.api.folder.Folder> com.marcnuri.isotope.api.folder.FolderResource.createChildFolder(java.lang.String,java.lang.String)]
17:43:15.086 [Test worker] DEBUG org.springframework.web.servlet.mvc.method.annotation.RequestResponseBodyMethodProcessor - Read [class java.lang.String] as "application/json" with [org.springframework.http.converter.StringHttpMessageConverter@52be5960]
17:43:15.086 [Test worker] DEBUG com.marcnuri.isotope.api.folder.FolderResource - Creating new folder with name new-folder under L3BhcmVudC9mb2xkZXI= folder
17:43:15.086 [Test worker] DEBUG org.springframework.beans.factory.support.DefaultListableBeanFactory - Returning cached instance of singleton bean 'prototypeImapService'
17:43:15.093 [Test worker] DEBUG org.springframework.web.servlet.mvc.method.annotation.HttpEntityMethodProcessor - Written [links: [<http://localhost/v1/folders/new-folder>;rel="self", <http://localhost/v1/folders/new-folder/messages>;rel="messages", <http://localhost/v1/folders/new-folder>;rel="delete", <http://localhost/v1/folders/new-folder/name>;rel="rename", <http://localhost/v1/folders/new-folder/parent>;rel="move", <http://localhost/v1/folders/new-folder/messages/{messageId}>;rel="message", <http://localhost/v1/folders/new-folder/messages/{messageId}/flagged>;rel="message.flagged", <http://localhost/v1/folders/new-folder/messages/{messageId}/folder/{toFolderId}>;rel="message.move", <http://localhost/v1/folders/new-folder/messages/folder/{toFolderId}>;rel="message.move.bulk", <http://localhost/v1/folders/new-folder/messages/{messageId}/seen>;rel="message.seen", <http://localhost/v1/folders/new-folder/messages/seen/{seen}>;rel="message.seen.bulk"]] as "application/hal+json" using [org.springframework.http.converter.json.MappingJackson2HttpMessageConverter@1f509dd9]
17:43:15.093 [Test worker] DEBUG org.springframework.test.web.servlet.TestDispatcherServlet - Null ModelAndView returned to DispatcherServlet with name '': assuming HandlerAdapter completed request handling
17:43:15.093 [Test worker] DEBUG org.springframework.test.web.servlet.TestDispatcherServlet - Successfully completed request
17:43:15.094 [Test worker] DEBUG com.jayway.jsonpath.internal.path.CompiledPath - Evaluating path: $['folderId']
17:43:15.094 [Test worker] DEBUG org.springframework.test.context.cache.DefaultCacheAwareContextLoaderDelegate - Retrieved ApplicationContext from cache with key [[MergedContextConfiguration@690d0075 testClass = FolderResourceTest, locations = '{}', classes = '{class com.marcnuri.isotope.api.folder.FolderResource}', contextInitializerClasses = '[]', activeProfiles = '{}', propertySourceLocations = '{}', propertySourceProperties = '{}', contextCustomizers = set[org.springframework.boot.test.autoconfigure.properties.PropertyMappingContextCustomizer@0, org.springframework.boot.test.autoconfigure.web.servlet.WebDriverContextCustomizerFactory$Customizer@42a343c1, org.springframework.boot.test.context.filter.ExcludeFilterContextCustomizer@3d8dc3, org.springframework.boot.test.json.DuplicateJsonObjectContextCustomizerFactory$DuplicateJsonObjectContextCustomizer@5f493529, org.springframework.boot.test.mock.mockito.MockitoContextCustomizer@8186d819], contextLoader = 'org.springframework.test.context.support.DelegatingSmartContextLoader', parent = [null]]]
17:43:15.094 [Test worker] DEBUG org.springframework.test.context.cache - Spring test ApplicationContext cache statistics: [DefaultContextCache@11fd1fb9 size = 2, maxSize = 32, parentContextCount = 0, hitCount = 86, missCount = 2]
17:43:15.094 [Test worker] DEBUG org.springframework.beans.factory.support.DefaultListableBeanFactory - Returning cached instance of singleton bean 'org.springframework.boot.test.mock.mockito.MockitoBeans'
17:43:15.094 [Test worker] DEBUG org.springframework.test.context.cache.DefaultCacheAwareContextLoaderDelegate - Retrieved ApplicationContext from cache with key [[MergedContextConfiguration@690d0075 testClass = FolderResourceTest, locations = '{}', classes = '{class com.marcnuri.isotope.api.folder.FolderResource}', contextInitializerClasses = '[]', activeProfiles = '{}', propertySourceLocations = '{}', propertySourceProperties = '{}', contextCustomizers = set[org.springframework.boot.test.autoconfigure.properties.PropertyMappingContextCustomizer@0, org.springframework.boot.test.autoconfigure.web.servlet.WebDriverContextCustomizerFactory$Customizer@42a343c1, org.springframework.boot.test.context.filter.ExcludeFilterContextCustomizer@3d8dc3, org.springframework.boot.test.json.DuplicateJsonObjectContextCustomizerFactory$DuplicateJsonObjectContextCustomizer@5f493529, org.springframework.boot.test.mock.mockito.MockitoContextCustomizer@8186d819], contextLoader = 'org.springframework.test.context.support.DelegatingSmartContextLoader', parent = [null]]]
17:43:15.094 [Test worker] DEBUG org.springframework.test.context.cache - Spring test ApplicationContext cache statistics: [DefaultContextCache@11fd1fb9 size = 2, maxSize = 32, parentContextCount = 0, hitCount = 87, missCount = 2]
17:43:15.094 [Test worker] DEBUG org.springframework.test.context.cache.DefaultCacheAwareContextLoaderDelegate - Retrieved ApplicationContext from cache with key [[MergedContextConfiguration@690d0075 testClass = FolderResourceTest, locations = '{}', classes = '{class com.marcnuri.isotope.api.folder.FolderResource}', contextInitializerClasses = '[]', activeProfiles = '{}', propertySourceLocations = '{}', propertySourceProperties = '{}', contextCustomizers = set[org.springframework.boot.test.autoconfigure.properties.PropertyMappingContextCustomizer@0, org.springframework.boot.test.autoconfigure.web.servlet.WebDriverContextCustomizerFactory$Customizer@42a343c1, org.springframework.boot.test.context.filter.ExcludeFilterContextCustomizer@3d8dc3, org.springframework.boot.test.json.DuplicateJsonObjectContextCustomizerFactory$DuplicateJsonObjectContextCustomizer@5f493529, org.springframework.boot.test.mock.mockito.MockitoContextCustomizer@8186d819], contextLoader = 'org.springframework.test.context.support.DelegatingSmartContextLoader', parent = [null]]]
17:43:15.094 [Test worker] DEBUG org.springframework.test.context.cache - Spring test ApplicationContext cache statistics: [DefaultContextCache@11fd1fb9 size = 2, maxSize = 32, parentContextCount = 0, hitCount = 88, missCount = 2]
17:43:15.095 [Test worker] DEBUG reactor.core.publisher.Hooks - Reset to factory defaults : onLastOperator
17:43:15.095 [Test worker] DEBUG org.springframework.test.context.support.AbstractDirtiesContextTestExecutionListener - After test method: context [DefaultTestContext@1abdc0de testClass = FolderResourceTest, testInstance = com.marcnuri.isotope.api.folder.FolderResourceTest@3233f044, testMethod = createChildFolder_validFolderParentAndNewName_shouldReturnOk@FolderResourceTest, testException = [null], mergedContextConfiguration = [MergedContextConfiguration@690d0075 testClass = FolderResourceTest, locations = '{}', classes = '{class com.marcnuri.isotope.api.folder.FolderResource}', contextInitializerClasses = '[]', activeProfiles = '{}', propertySourceLocations = '{}', propertySourceProperties = '{}', contextCustomizers = set[org.springframework.boot.test.autoconfigure.properties.PropertyMappingContextCustomizer@0, org.springframework.boot.test.autoconfigure.web.servlet.WebDriverContextCustomizerFactory$Customizer@42a343c1, org.springframework.boot.test.context.filter.ExcludeFilterContextCustomizer@3d8dc3, org.springframework.boot.test.json.DuplicateJsonObjectContextCustomizerFactory$DuplicateJsonObjectContextCustomizer@5f493529, org.springframework.boot.test.mock.mockito.MockitoContextCustomizer@8186d819], contextLoader = 'org.springframework.test.context.support.DelegatingSmartContextLoader', parent = [null]], attributes = map[[empty]]], class annotated with @DirtiesContext [false] with mode [null], method annotated with @DirtiesContext [false] with mode [null].
17:43:15.095 [Test worker] DEBUG org.springframework.test.annotation.ProfileValueUtils - Retrieved @ProfileValueSourceConfiguration [null] for test class [com.marcnuri.isotope.api.folder.FolderResourceTest]
17:43:15.095 [Test worker] DEBUG org.springframework.test.annotation.ProfileValueUtils - Retrieved ProfileValueSource type [class org.springframework.test.annotation.SystemProfileValueSource] for class [com.marcnuri.isotope.api.folder.FolderResourceTest]
17:43:15.095 [Test worker] DEBUG org.springframework.test.context.cache.DefaultCacheAwareContextLoaderDelegate - Retrieved ApplicationContext from cache with key [[MergedContextConfiguration@690d0075 testClass = FolderResourceTest, locations = '{}', classes = '{class com.marcnuri.isotope.api.folder.FolderResource}', contextInitializerClasses = '[]', activeProfiles = '{}', propertySourceLocations = '{}', propertySourceProperties = '{}', contextCustomizers = set[org.springframework.boot.test.autoconfigure.properties.PropertyMappingContextCustomizer@0, org.springframework.boot.test.autoconfigure.web.servlet.WebDriverContextCustomizerFactory$Customizer@42a343c1, org.springframework.boot.test.context.filter.ExcludeFilterContextCustomizer@3d8dc3, org.springframework.boot.test.json.DuplicateJsonObjectContextCustomizerFactory$DuplicateJsonObjectContextCustomizer@5f493529, org.springframework.boot.test.mock.mockito.MockitoContextCustomizer@8186d819], contextLoader = 'org.springframework.test.context.support.DelegatingSmartContextLoader', parent = [null]]]
17:43:15.095 [Test worker] DEBUG org.springframework.test.context.cache - Spring test ApplicationContext cache statistics: [DefaultContextCache@11fd1fb9 size = 2, maxSize = 32, parentContextCount = 0, hitCount = 89, missCount = 2]
17:43:15.095 [Test worker] DEBUG org.springframework.beans.factory.support.DefaultListableBeanFactory - Returning cached instance of singleton bean 'org.springframework.boot.test.mock.mockito.MockitoPostProcessor'
17:43:15.095 [Test worker] DEBUG org.springframework.beans.factory.support.DefaultListableBeanFactory - Returning cached instance of singleton bean 'prototypeImapService'
17:43:15.095 [Test worker] DEBUG org.springframework.test.context.support.DependencyInjectionTestExecutionListener - Performing dependency injection for test context [[DefaultTestContext@1abdc0de testClass = FolderResourceTest, testInstance = com.marcnuri.isotope.api.folder.FolderResourceTest@5f525247, testMethod = [null], testException = [null], mergedContextConfiguration = [MergedContextConfiguration@690d0075 testClass = FolderResourceTest, locations = '{}', classes = '{class com.marcnuri.isotope.api.folder.FolderResource}', contextInitializerClasses = '[]', activeProfiles = '{}', propertySourceLocations = '{}', propertySourceProperties = '{}', contextCustomizers = set[org.springframework.boot.test.autoconfigure.properties.PropertyMappingContextCustomizer@0, org.springframework.boot.test.autoconfigure.web.servlet.WebDriverContextCustomizerFactory$Customizer@42a343c1, org.springframework.boot.test.context.filter.ExcludeFilterContextCustomizer@3d8dc3, org.springframework.boot.test.json.DuplicateJsonObjectContextCustomizerFactory$DuplicateJsonObjectContextCustomizer@5f493529, org.springframework.boot.test.mock.mockito.MockitoContextCustomizer@8186d819], contextLoader = 'org.springframework.test.context.support.DelegatingSmartContextLoader', parent = [null]], attributes = map[[empty]]]].
17:43:15.095 [Test worker] DEBUG org.springframework.test.context.cache.DefaultCacheAwareContextLoaderDelegate - Retrieved ApplicationContext from cache with key [[MergedContextConfiguration@690d0075 testClass = FolderResourceTest, locations = '{}', classes = '{class com.marcnuri.isotope.api.folder.FolderResource}', contextInitializerClasses = '[]', activeProfiles = '{}', propertySourceLocations = '{}', propertySourceProperties = '{}', contextCustomizers = set[org.springframework.boot.test.autoconfigure.properties.PropertyMappingContextCustomizer@0, org.springframework.boot.test.autoconfigure.web.servlet.WebDriverContextCustomizerFactory$Customizer@42a343c1, org.springframework.boot.test.context.filter.ExcludeFilterContextCustomizer@3d8dc3, org.springframework.boot.test.json.DuplicateJsonObjectContextCustomizerFactory$DuplicateJsonObjectContextCustomizer@5f493529, org.springframework.boot.test.mock.mockito.MockitoContextCustomizer@8186d819], contextLoader = 'org.springframework.test.context.support.DelegatingSmartContextLoader', parent = [null]]]
17:43:15.096 [Test worker] DEBUG org.springframework.test.context.cache - Spring test ApplicationContext cache statistics: [DefaultContextCache@11fd1fb9 size = 2, maxSize = 32, parentContextCount = 0, hitCount = 90, missCount = 2]
17:43:15.096 [Test worker] DEBUG org.springframework.beans.factory.annotation.InjectionMetadata - Processing injected element of bean 'com.marcnuri.isotope.api.folder.FolderResourceTest': AutowiredFieldElement for private com.marcnuri.isotope.api.folder.FolderResource com.marcnuri.isotope.api.folder.FolderResourceTest.folderResource
17:43:15.096 [Test worker] DEBUG org.springframework.beans.factory.support.DefaultListableBeanFactory - Returning cached instance of singleton bean 'folderResource'
17:43:15.096 [Test worker] DEBUG org.springframework.test.context.support.AbstractDirtiesContextTestExecutionListener - Before test method: context [DefaultTestContext@1abdc0de testClass = FolderResourceTest, testInstance = com.marcnuri.isotope.api.folder.FolderResourceTest@5f525247, testMethod = setMessageFlagged_validFolderAndMessage_shouldReturnNoContent@FolderResourceTest, testException = [null], mergedContextConfiguration = [MergedContextConfiguration@690d0075 testClass = FolderResourceTest, locations = '{}', classes = '{class com.marcnuri.isotope.api.folder.FolderResource}', contextInitializerClasses = '[]', activeProfiles = '{}', propertySourceLocations = '{}', propertySourceProperties = '{}', contextCustomizers = set[org.springframework.boot.test.autoconfigure.properties.PropertyMappingContextCustomizer@0, org.springframework.boot.test.autoconfigure.web.servlet.WebDriverContextCustomizerFactory$Customizer@42a343c1, org.springframework.boot.test.context.filter.ExcludeFilterContextCustomizer@3d8dc3, org.springframework.boot.test.json.DuplicateJsonObjectContextCustomizerFactory$DuplicateJsonObjectContextCustomizer@5f493529, org.springframework.boot.test.mock.mockito.MockitoContextCustomizer@8186d819], contextLoader = 'org.springframework.test.context.support.DelegatingSmartContextLoader', parent = [null]], attributes = map[[empty]]], class annotated with @DirtiesContext [false] with mode [null], method annotated with @DirtiesContext [false] with mode [null].
17:43:15.096 [Test worker] DEBUG reactor.core.publisher.Hooks - Hooking onLastOperator: reactor.core.publisher.Operators$LiftFunction@7c1de042
17:43:15.097 [Test worker] DEBUG org.springframework.test.context.cache.DefaultCacheAwareContextLoaderDelegate - Retrieved ApplicationContext from cache with key [[MergedContextConfiguration@690d0075 testClass = FolderResourceTest, locations = '{}', classes = '{class com.marcnuri.isotope.api.folder.FolderResource}', contextInitializerClasses = '[]', activeProfiles = '{}', propertySourceLocations = '{}', propertySourceProperties = '{}', contextCustomizers = set[org.springframework.boot.test.autoconfigure.properties.PropertyMappingContextCustomizer@0, org.springframework.boot.test.autoconfigure.web.servlet.WebDriverContextCustomizerFactory$Customizer@42a343c1, org.springframework.boot.test.context.filter.ExcludeFilterContextCustomizer@3d8dc3, org.springframework.boot.test.json.DuplicateJsonObjectContextCustomizerFactory$DuplicateJsonObjectContextCustomizer@5f493529, org.springframework.boot.test.mock.mockito.MockitoContextCustomizer@8186d819], contextLoader = 'org.springframework.test.context.support.DelegatingSmartContextLoader', parent = [null]]]
17:43:15.097 [Test worker] DEBUG org.springframework.test.context.cache - Spring test ApplicationContext cache statistics: [DefaultContextCache@11fd1fb9 size = 2, maxSize = 32, parentContextCount = 0, hitCount = 91, missCount = 2]
17:43:15.097 [Test worker] DEBUG org.springframework.beans.factory.support.DefaultListableBeanFactory - Returning cached instance of singleton bean 'org.springframework.boot.test.mock.mockito.MockitoBeans'
17:43:15.097 [Test worker] DEBUG org.springframework.core.env.StandardEnvironment - Adding PropertySource 'systemProperties' with lowest search precedence
17:43:15.097 [Test worker] DEBUG org.springframework.core.env.StandardEnvironment - Adding PropertySource 'systemEnvironment' with lowest search precedence
17:43:15.097 [Test worker] DEBUG org.springframework.core.env.StandardEnvironment - Initialized StandardEnvironment with PropertySources [MapPropertySource@716550791 {name='systemProperties', properties={java.runtime.name=OpenJDK Runtime Environment, sun.boot.library.path=C:\Program Files\AdoptOpenJDK\jdk-8.0.242.08-hotspot\jre\bin, java.vm.version=25.242-b08, java.vm.vendor=, java.vendor.url=http://java.oracle.com/, path.separator=;, java.vm.name=OpenJDK 64-Bit Server VM, file.encoding.pkg=sun.io, user.script=, sun.java.launcher=SUN_STANDARD, user.country=GB, sun.os.patch.level=, java.vm.specification.name=Java Virtual Machine Specification, user.dir=C:\azure-devops\git\eShopOnContainers\src\Web\WebImapClient\Client\server, java.runtime.version=1.8.0_242-b08, java.awt.graphicsenv=sun.awt.Win32GraphicsEnvironment, java.endorsed.dirs=C:\Program Files\AdoptOpenJDK\jdk-8.0.242.08-hotspot\jre\lib\endorsed, os.arch=amd64, java.io.tmpdir=C:\Users\jorge\AppData\Local\Temp\, line.separator=
, java.vm.specification.vendor=Oracle Corporation, user.variant=, os.name=Windows 10, sun.jnu.encoding=Cp1252, java.library.path=C:\Program Files\AdoptOpenJDK\jdk-8.0.242.08-hotspot\bin;C:\Windows\Sun\Java\bin;C:\Windows\system32;C:\Windows;C:\Program Files\AdoptOpenJDK\jdk-8.0.242.08-hotspot\bin;C:\Program Files (x86)\Common Files\Oracle\Java\javapath;C:\Python27\;C:\Python27\Scripts;C:\ProgramData\DockerDesktop\version-bin;C:\Program Files\Docker\Docker\Resources\bin;C:\Windows\system32;C:\Windows;C:\Windows\System32\Wbem;C:\Windows\System32\WindowsPowerShell\v1.0\;C:\Windows\System32\OpenSSH\;C:\Program Files (x86)\NVIDIA Corporation\PhysX\Common;C:\Program Files\dotnet\;C:\Program Files\Microsoft SQL Server\130\Tools\Binn\;C:\Program Files\Microsoft SQL Server\Client SDK\ODBC\170\Tools\Binn\;C:\Program Files (x86)\Microsoft SQL Server\150\DTS\Binn\;C:\Program Files\Git\cmd;C:\Program Files (x86)\Microsoft ASP.NET\ASP.NET Web Pages\v1.0\;C:\Program Files\Microsoft SQL Server\110\Tools\Binn\;C:\Users\jorge\.dnx\bin;C:\Program Files\Microsoft DNX\Dnvm\;C:\Program Files\nodejs\;C:\ProgramData\chocolatey\bin;C:\Program Files\Microsoft\Web Platform Installer\;C:\Users\jorge\AppData\Local\Microsoft\WindowsApps;C:\Users\jorge\AppData\Local\Programs\Microsoft VS Code\bin;C:\Users\jorge\.dotnet\tools;C:\Users\jorge\AppData\Roaming\npm;C:\Users\jorge\AppData\Local\GitHubDesktop\bin;., java.specification.name=Java Platform API Specification, java.class.version=52.0, org.gradle.native=false, sun.management.compiler=HotSpot 64-Bit Tiered Compilers, os.version=10.0, user.home=C:\Users\jorge, user.timezone=Europe/Paris, java.awt.printerjob=sun.awt.windows.WPrinterJob, file.encoding=windows-1252, java.specification.version=1.8, java.class.path=C:\azure-devops\git\eShopOnContainers\src\Web\WebImapClient\Client\server\build\classes\java\test;C:\azure-devops\git\eShopOnContainers\src\Web\WebImapClient\Client\server\build\resources\test;C:\azure-devops\git\eShopOnContainers\src\Web\WebImapClient\Client\server\build\classes\java\main;C:\azure-devops\git\eShopOnContainers\src\Web\WebImapClient\Client\server\build\resources\main;C:\Users\jorge\.gradle\caches\modules-2\files-2.1\org.springframework.boot\spring-boot-starter-actuator\2.0.4.RELEASE\24e901473279d9c18e0a0f8037d58b18c8297dca\spring-boot-starter-actuator-2.0.4.RELEASE.jar;C:\Users\jorge\.gradle\caches\modules-2\files-2.1\org.springframework.boot\spring-boot-starter-security\2.0.4.RELEASE\2ac314e5985fd9ae0d2acaea450f4f6c3dbd7f92\spring-boot-starter-security-2.0.4.RELEASE.jar;C:\Users\jorge\.gradle\caches\modules-2\files-2.1\org.springframework.boot\spring-boot-starter-webflux\2.0.4.RELEASE\a52fcd02fb6129e14f2b4b36acc5748368563c93\spring-boot-starter-webflux-2.0.4.RELEASE.jar;C:\Users\jorge\.gradle\caches\modules-2\files-2.1\org.springframework.boot\spring-boot-starter-test\2.0.4.RELEASE\8f473705d2742b669f0318f10a956f94a93ba3d2\spring-boot-starter-test-2.0.4.RELEASE.jar;C:\Users\jorge\.gradle\caches\modules-2\files-2.1\org.springframework.boot\spring-boot-starter-hateoas\2.0.4.RELEASE\2f115bebeffea81859c6d874457fa8db16b10747\spring-boot-starter-hateoas-2.0.4.RELEASE.jar;C:\Users\jorge\.gradle\caches\modules-2\files-2.1\org.springframework.boot\spring-boot-starter-web\2.0.4.RELEASE\98d49e981ecf804da877d84259b7b0d1ec2fb6f6\spring-boot-starter-web-2.0.4.RELEASE.jar;C:\Users\jorge\.gradle\caches\modules-2\files-2.1\org.springframework.boot\spring-boot-starter-json\2.0.4.RELEASE\c7afabf0d7c85db178da4ce0634e3bd2ddb0eb71\spring-boot-starter-json-2.0.4.RELEASE.jar;C:\Users\jorge\.gradle\caches\modules-2\files-2.1\org.springframework.boot\spring-boot-starter\2.0.4.RELEASE\ec46c63a2adeee40058eff1a6baefca13975dc94\spring-boot-starter-2.0.4.RELEASE.jar;C:\Users\jorge\.gradle\caches\modules-2\files-2.1\com.sun.mail\javax.mail\1.6.1\757ba4630692bb2a1ec2d9d57a616b63f15e947e\javax.mail-1.6.1.jar;C:\Users\jorge\.gradle\caches\modules-2\files-2.1\org.springframework.boot\spring-boot-actuator-autoconfigure\2.0.4.RELEASE\2cadc1d20a1f9ee667a608cfee154138e954f5f2\spring-boot-actuator-autoconfigure-2.0.4.RELEASE.jar;C:\Users\jorge\.gradle\caches\modules-2\files-2.1\com.fasterxml.jackson.datatype\jackson-datatype-jsr310\2.9.6\ea54f6193d224e5e5732bbd4262327eb465397c2\jackson-datatype-jsr310-2.9.6.jar;C:\Users\jorge\.gradle\caches\modules-2\files-2.1\commons-io\commons-io\2.6\815893df5f31da2ece4040fe0a12fd44b577afaf\commons-io-2.6.jar;C:\Users\jorge\.gradle\caches\modules-2\files-2.1\org.springframework.security\spring-security-test\5.0.7.RELEASE\a74c9ab10d53baa3bb7a731753fe0c6d9ab9d848\spring-security-test-5.0.7.RELEASE.jar;C:\Users\jorge\.gradle\caches\modules-2\files-2.1\com.marcnuri\spring-common-test\0.0.2\da9c2c5e849c7dcbbe99d190bedffa5e6fe450a5\spring-common-test-0.0.2.jar;C:\Users\jorge\.gradle\caches\modules-2\files-2.1\org.hamcrest\java-hamcrest\2.0.0.0\f1c8853ade0ecf707f5a261c830e98893983813\java-hamcrest-2.0.0.0.jar;C:\Users\jorge\.gradle\caches\modules-2\files-2.1\org.powermock\powermock-module-junit4\2.0.0-RC.3\b9a04b492e2b93e93617ba457f76aebbf00fc221\powermock-module-junit4-2.0.0-RC.3.jar;C:\Users\jorge\.gradle\caches\modules-2\files-2.1\org.powermock\powermock-api-mockito2\2.0.0-RC.3\f85a8404be063ef15c5fdd3745b11d2fba875fcd\powermock-api-mockito2-2.0.0-RC.3.jar;C:\Users\jorge\.gradle\caches\modules-2\files-2.1\org.springframework.boot\spring-boot-test-autoconfigure\2.0.4.RELEASE\8a2e3f31e607fdb08deda2f59263ce177f1c4310\spring-boot-test-autoconfigure-2.0.4.RELEASE.jar;C:\Users\jorge\.gradle\caches\modules-2\files-2.1\org.springframework.boot\spring-boot-test\2.0.4.RELEASE\8a17fc3cf16b6d75f2ba132ade04409a670095de\spring-boot-test-2.0.4.RELEASE.jar;C:\Users\jorge\.gradle\caches\modules-2\files-2.1\org.springframework.boot\spring-boot-autoconfigure\2.0.4.RELEASE\65cd1244d606acc02ab7bfc47a203a3fe2400dda\spring-boot-autoconfigure-2.0.4.RELEASE.jar;C:\Users\jorge\.gradle\caches\modules-2\files-2.1\org.springframework.boot\spring-boot-actuator\2.0.4.RELEASE\9c02c968eb50a7cdc14fc4c7b586d767df6dc48d\spring-boot-actuator-2.0.4.RELEASE.jar;C:\Users\jorge\.gradle\caches\modules-2\files-2.1\org.springframework.boot\spring-boot\2.0.4.RELEASE\c8619c5b06d4dcdb4cac1e5e9c839e6e8b1c8574\spring-boot-2.0.4.RELEASE.jar;C:\Users\jorge\.gradle\caches\modules-2\files-2.1\org.springframework.boot\spring-boot-starter-logging\2.0.4.RELEASE\dcd1a2c431c970f44adae64d9145133979a513ab\spring-boot-starter-logging-2.0.4.RELEASE.jar;C:\Users\jorge\.gradle\caches\modules-2\files-2.1\org.springframework.boot\spring-boot-starter-tomcat\2.0.4.RELEASE\dcf28989a34b0801fea0e810c371fb9dab1e7784\spring-boot-starter-tomcat-2.0.4.RELEASE.jar;C:\Users\jorge\.gradle\caches\modules-2\files-2.1\javax.annotation\javax.annotation-api\1.3.2\934c04d3cfef185a8008e7bf34331b79730a9d43\javax.annotation-api-1.3.2.jar;C:\Users\jorge\.gradle\caches\modules-2\files-2.1\org.springframework.security\spring-security-config\5.0.7.RELEASE\d702e01048687db4ec6c97fb32d28ffbe348b3e\spring-security-config-5.0.7.RELEASE.jar;C:\Users\jorge\.gradle\caches\modules-2\files-2.1\org.springframework.security\spring-security-web\5.0.7.RELEASE\bab3ed579d4550bb5cc40b0a7fddd0106db7c66\spring-security-web-5.0.7.RELEASE.jar;C:\Users\jorge\.gradle\caches\modules-2\files-2.1\org.springframework.hateoas\spring-hateoas\0.25.0.RELEASE\22d1abd575426709734ab83e7d81d6deb4addbf6\spring-hateoas-0.25.0.RELEASE.jar;C:\Users\jorge\.gradle\caches\modules-2\files-2.1\org.springframework\spring-webflux\5.0.8.RELEASE\d16ce1cf6f95771e821619d6ef13c1f0333fafb\spring-webflux-5.0.8.RELEASE.jar;C:\Users\jorge\.gradle\caches\modules-2\files-2.1\org.springframework\spring-webmvc\5.0.8.RELEASE\7e5fe57590ca8e4468e50fe1d92b0b67aa4a327a\spring-webmvc-5.0.8.RELEASE.jar;C:\Users\jorge\.gradle\caches\modules-2\files-2.1\org.springframework\spring-web\5.0.8.RELEASE\fa43cdadb4ab2491fd1d0ddb06c0808e4b60fc85\spring-web-5.0.8.RELEASE.jar;C:\Users\jorge\.gradle\caches\modules-2\files-2.1\org.springframework\spring-test\5.0.8.RELEASE\5782619373bd7e7b7d9106203c317b04bb613ebb\spring-test-5.0.8.RELEASE.jar;C:\Users\jorge\.gradle\caches\modules-2\files-2.1\org.springframework.security\spring-security-core\5.0.7.RELEASE\40a0c57af6b4c3f8c611216d2579c6ab19672694\spring-security-core-5.0.7.RELEASE.jar;C:\Users\jorge\.gradle\caches\modules-2\files-2.1\org.springframework.plugin\spring-plugin-core\1.2.0.RELEASE\f380e7760032e7d929184f8ad8a33716b75c0657\spring-plugin-core-1.2.0.RELEASE.jar;C:\Users\jorge\.gradle\caches\modules-2\files-2.1\org.springframework\spring-context\5.0.8.RELEASE\3a067d8990761111c9b6d1d895640be26cc1fb38\spring-context-5.0.8.RELEASE.jar;C:\Users\jorge\.gradle\caches\modules-2\files-2.1\org.springframework\spring-aop\5.0.8.RELEASE\f5086c1a3185c481104511837427b39a07a57aa2\spring-aop-5.0.8.RELEASE.jar;C:\Users\jorge\.gradle\caches\modules-2\files-2.1\org.springframework\spring-beans\5.0.8.RELEASE\5fc965d3e7f5515099244857a8ae9e2a208c169b\spring-beans-5.0.8.RELEASE.jar;C:\Users\jorge\.gradle\caches\modules-2\files-2.1\org.springframework\spring-expression\5.0.8.RELEASE\f23158f22c917df2cddf2ecebc398a9e95f95fae\spring-expression-5.0.8.RELEASE.jar;C:\Users\jorge\.gradle\caches\modules-2\files-2.1\org.springframework\spring-core\5.0.8.RELEASE\dc39c49e3246cdf73d3786ac41119140aed3fa08\spring-core-5.0.8.RELEASE.jar;C:\Users\jorge\.gradle\caches\modules-2\files-2.1\org.yaml\snakeyaml\1.19\2d998d3d674b172a588e54ab619854d073f555b5\snakeyaml-1.19.jar;C:\Users\jorge\.gradle\caches\modules-2\files-2.1\io.micrometer\micrometer-core\1.0.6\50299bc8a34c251d62311bbb1a297f3942a82e42\micrometer-core-1.0.6.jar;C:\Users\jorge\.gradle\caches\modules-2\files-2.1\org.springframework.boot\spring-boot-starter-reactor-netty\2.0.4.RELEASE\ed4ac88f7fc699a9cbb6ee804a26e2e30239ca35\spring-boot-starter-reactor-netty-2.0.4.RELEASE.jar;C:\Users\jorge\.gradle\caches\modules-2\files-2.1\org.hibernate.validator\hibernate-validator\6.0.11.Final\36f9d10a11e4768f55e8fb91ebe4338a5c43954e\hibernate-validator-6.0.11.Final.jar;C:\Users\jorge\.gradle\caches\modules-2\files-2.1\org.synchronoss.cloud\nio-multipart-parser\1.1.0\c6c417fec6612584b1c34d4dd98c5a4e47e8c754\nio-multipart-parser-1.1.0.jar;C:\Users\jorge\.gradle\caches\modules-2\files-2.1\javax.activation\activation\1.1\e6cb541461c2834bdea3eb920f1884d1eb508b50\activation-1.1.jar;C:\Users\jorge\.gradle\caches\modules-2\files-2.1\com.fasterxml.jackson.datatype\jackson-datatype-jdk8\2.9.6\456895fc91bf7180b216fead220373e6278230c9\jackson-datatype-jdk8-2.9.6.jar;C:\Users\jorge\.gradle\caches\modules-2\files-2.1\com.fasterxml.jackson.module\jackson-module-parameter-names\2.9.6\129acd77a4b6ee30d62d3a0899b1344c8ec2bff8\jackson-module-parameter-names-2.9.6.jar;C:\Users\jorge\.gradle\caches\modules-2\files-2.1\com.fasterxml.jackson.core\jackson-databind\2.9.6\cfa4f316351a91bfd95cb0644c6a2c95f52db1fc\jackson-databind-2.9.6.jar;C:\Users\jorge\.gradle\caches\modules-2\files-2.1\com.fasterxml.jackson.core\jackson-annotations\2.9.0\7c10d545325e3a6e72e06381afe469fd40eb701\jackson-annotations-2.9.0.jar;C:\Users\jorge\.gradle\caches\modules-2\files-2.1\com.fasterxml.jackson.core\jackson-core\2.9.6\4e393793c37c77e042ccc7be5a914ae39251b365\jackson-core-2.9.6.jar;C:\Users\jorge\.gradle\caches\modules-2\files-2.1\com.jayway.jsonpath\json-path\2.4.0\765a4401ceb2dc8d40553c2075eb80a8fa35c2ae\json-path-2.4.0.jar;C:\Users\jorge\.gradle\caches\modules-2\files-2.1\org.powermock\powermock-module-junit4-common\2.0.0-RC.3\f09137abdf1aeea2df214037eab50ed864602c9a\powermock-module-junit4-common-2.0.0-RC.3.jar;C:\Users\jorge\.gradle\caches\modules-2\files-2.1\junit\junit\4.12\2973d150c0dc1fefe998f834810d68f278ea58ec\junit-4.12.jar;C:\Users\jorge\.gradle\caches\modules-2\files-2.1\org.assertj\assertj-core\3.9.1\c5ce126b15f28d56cd8f960c1a6a058b9c9aea87\assertj-core-3.9.1.jar;C:\Users\jorge\.gradle\caches\modules-2\files-2.1\org.mockito\mockito-core\2.15.0\b84bfbbc29cd22c9529409627af6ea2897f4fa85\mockito-core-2.15.0.jar;C:\Users\jorge\.gradle\caches\modules-2\files-2.1\org.hamcrest\hamcrest-library\1.3\4785a3c21320980282f9f33d0d1264a69040538f\hamcrest-library-1.3.jar;C:\Users\jorge\.gradle\caches\modules-2\files-2.1\org.hamcrest\hamcrest-core\1.3\42a25dc3219429f0e5d060061f71acb49bf010a0\hamcrest-core-1.3.jar;C:\Users\jorge\.gradle\caches\modules-2\files-2.1\org.skyscreamer\jsonassert\1.5.0\6c9d5fe2f59da598d9aefc1cfc6528ff3cf32df3\jsonassert-1.5.0.jar;C:\Users\jorge\.gradle\caches\modules-2\files-2.1\org.xmlunit\xmlunit-core\2.5.1\4ffdb346572a7356f7521cd3119ce5287d2e339d\xmlunit-core-2.5.1.jar;C:\Users\jorge\.gradle\caches\modules-2\files-2.1\org.powermock\powermock-api-support\2.0.0-RC.3\a23d6bdbcf865513c9f6992134152be80504e499\powermock-api-support-2.0.0-RC.3.jar;C:\Users\jorge\.gradle\caches\modules-2\files-2.1\ch.qos.logback\logback-classic\1.2.3\7c4f3c474fb2c041d8028740440937705ebb473a\logback-classic-1.2.3.jar;C:\Users\jorge\.gradle\caches\modules-2\files-2.1\org.apache.logging.log4j\log4j-to-slf4j\2.10.0\f7e631ccf49cfc0aefa4a2a728da7d374c05bd3c\log4j-to-slf4j-2.10.0.jar;C:\Users\jorge\.gradle\caches\modules-2\files-2.1\org.slf4j\jul-to-slf4j\1.7.25\af5364cd6679bfffb114f0dec8a157aaa283b76\jul-to-slf4j-1.7.25.jar;C:\Users\jorge\.gradle\caches\modules-2\files-2.1\org.springframework\spring-jcl\5.0.8.RELEASE\a1fa8fb560fb252321776e16bc9ac8201af4ef5e\spring-jcl-5.0.8.RELEASE.jar;C:\Users\jorge\.gradle\caches\modules-2\files-2.1\org.hdrhistogram\HdrHistogram\2.1.10\9e1ac84eed220281841b75e72fb9de5a297fbf04\HdrHistogram-2.1.10.jar;C:\Users\jorge\.gradle\caches\modules-2\files-2.1\org.latencyutils\LatencyUtils\2.0.3\769c0b82cb2421c8256300e907298a9410a2a3d3\LatencyUtils-2.0.3.jar;C:\Users\jorge\.gradle\caches\modules-2\files-2.1\org.synchronoss.cloud\nio-stream-storage\1.1.3\986dba5f6e5eed20f0dba6ddc8e8a64a9ebdc2f3\nio-stream-storage-1.1.3.jar;C:\Users\jorge\.gradle\caches\modules-2\files-2.1\org.slf4j\slf4j-api\1.7.25\da76ca59f6a57ee3102f8f9bd9cee742973efa8a\slf4j-api-1.7.25.jar;C:\Users\jorge\.gradle\caches\modules-2\files-2.1\io.projectreactor.ipc\reactor-netty\0.7.8.RELEASE\fe25c7d3042b6005690f7d243cef987b696a12ee\reactor-netty-0.7.8.RELEASE.jar;C:\Users\jorge\.gradle\caches\modules-2\files-2.1\javax.validation\validation-api\2.0.1.Final\cb855558e6271b1b32e716d24cb85c7f583ce09e\validation-api-2.0.1.Final.jar;C:\Users\jorge\.gradle\caches\modules-2\files-2.1\org.jboss.logging\jboss-logging\3.3.2.Final\3789d00e859632e6c6206adc0c71625559e6e3b0\jboss-logging-3.3.2.Final.jar;C:\Users\jorge\.gradle\caches\modules-2\files-2.1\com.fasterxml\classmate\1.3.4\3d5f48f10bbe4eb7bd862f10c0583be2e0053c6\classmate-1.3.4.jar;C:\Users\jorge\.gradle\caches\modules-2\files-2.1\io.projectreactor\reactor-core\3.1.8.RELEASE\3bcc30f9161d3d17abe44b4aa20e397e5170566e\reactor-core-3.1.8.RELEASE.jar;C:\Users\jorge\.gradle\caches\modules-2\files-2.1\net.minidev\json-smart\2.3\7396407491352ce4fa30de92efb158adb76b5b\json-smart-2.3.jar;C:\Users\jorge\.gradle\caches\modules-2\files-2.1\org.powermock\powermock-core\2.0.0-RC.3\f958479ea1f0d1ba37cf65b6612fccfbaf4d8dd3\powermock-core-2.0.0-RC.3.jar;C:\Users\jorge\.gradle\caches\modules-2\files-2.1\org.powermock\powermock-reflect\2.0.0-RC.3\c10437486ae35b91666c2591fd7b1a8054b4573c\powermock-reflect-2.0.0-RC.3.jar;C:\Users\jorge\.gradle\caches\modules-2\files-2.1\net.bytebuddy\byte-buddy\1.7.11\f02857a4e2c66ccbe7aaad6100a0a6c461bce9b3\byte-buddy-1.7.11.jar;C:\Users\jorge\.gradle\caches\modules-2\files-2.1\net.bytebuddy\byte-buddy-agent\1.7.11\b425a8933ca07edd03c6dbc8bc3b595fba9780de\byte-buddy-agent-1.7.11.jar;C:\Users\jorge\.gradle\caches\modules-2\files-2.1\org.objenesis\objenesis\3.0.1\11cfac598df9dc48bb9ed9357ed04212694b7808\objenesis-3.0.1.jar;C:\Users\jorge\.gradle\caches\modules-2\files-2.1\com.vaadin.external.google\android-json\0.0.20131108.vaadin1\fa26d351fe62a6a17f5cda1287c1c6110dec413f\android-json-0.0.20131108.vaadin1.jar;C:\Users\jorge\.gradle\caches\modules-2\files-2.1\ch.qos.logback\logback-core\1.2.3\864344400c3d4d92dfeb0a305dc87d953677c03c\logback-core-1.2.3.jar;C:\Users\jorge\.gradle\caches\modules-2\files-2.1\org.apache.logging.log4j\log4j-api\2.10.0\fec5797a55b786184a537abd39c3fa1449d752d6\log4j-api-2.10.0.jar;C:\Users\jorge\.gradle\caches\modules-2\files-2.1\org.apache.tomcat.embed\tomcat-embed-websocket\8.5.32\ea5302e378f1449d4e5dda79e8d810c1e7931f91\tomcat-embed-websocket-8.5.32.jar;C:\Users\jorge\.gradle\caches\modules-2\files-2.1\org.apache.tomcat.embed\tomcat-embed-core\8.5.32\6bc6896200146010cc4666bdc6b9b0cbb453ee22\tomcat-embed-core-8.5.32.jar;C:\Users\jorge\.gradle\caches\modules-2\files-2.1\org.apache.tomcat.embed\tomcat-embed-el\8.5.32\e4fd0ee015d83fa1c5ec93ff1d05bdaf9a4480c5\tomcat-embed-el-8.5.32.jar;C:\Users\jorge\.gradle\caches\modules-2\files-2.1\io.netty\netty-handler-proxy\4.1.27.Final\1a822ce7760bc6eb4937b7e448c9e081fedcc807\netty-handler-proxy-4.1.27.Final.jar;C:\Users\jorge\.gradle\caches\modules-2\files-2.1\io.netty\netty-codec-http\4.1.27.Final\a1722d6bcbbef1c4c7877e8bf38b07a3db5ed07f\netty-codec-http-4.1.27.Final.jar;C:\Users\jorge\.gradle\caches\modules-2\files-2.1\io.netty\netty-handler\4.1.27.Final\21bd9cf565390a8d72579b8664303e3c175dfc6a\netty-handler-4.1.27.Final.jar;C:\Users\jorge\.gradle\caches\modules-2\files-2.1\io.netty\netty-transport-native-epoll\4.1.27.Final\8c3a61a7dd53eafe2f0fe31356f1379598f74517\netty-transport-native-epoll-4.1.27.Final-linux-x86_64.jar;C:\Users\jorge\.gradle\caches\modules-2\files-2.1\org.reactivestreams\reactive-streams\1.0.2\323964c36556eb0e6209f65c1cef72b53b461ab8\reactive-streams-1.0.2.jar;C:\Users\jorge\.gradle\caches\modules-2\files-2.1\net.minidev\accessors-smart\1.2\c592b500269bfde36096641b01238a8350f8aa31\accessors-smart-1.2.jar;C:\Users\jorge\.gradle\caches\modules-2\files-2.1\org.javassist\javassist\3.24.0-GA\d7466fc2e3af7c023e95c510f06448ad29b225b3\javassist-3.24.0-GA.jar;C:\Users\jorge\.gradle\caches\modules-2\files-2.1\io.netty\netty-codec-socks\4.1.27.Final\285b09af98764cf02e4b77b3d95af188469a7133\netty-codec-socks-4.1.27.Final.jar;C:\Users\jorge\.gradle\caches\modules-2\files-2.1\io.netty\netty-codec\4.1.27.Final\d2653d78ebaa650064768fb26b10051f5c8efb2c\netty-codec-4.1.27.Final.jar;C:\Users\jorge\.gradle\caches\modules-2\files-2.1\io.netty\netty-transport-native-unix-common\4.1.27.Final\2b0667fe5c1df78c6cfbf9d53ad8b1fb533fb8e8\netty-transport-native-unix-common-4.1.27.Final.jar;C:\Users\jorge\.gradle\caches\modules-2\files-2.1\io.netty\netty-transport\4.1.27.Final\b5c2da3ea89dd67320925f1504c9eb3615241b7c\netty-transport-4.1.27.Final.jar;C:\Users\jorge\.gradle\caches\modules-2\files-2.1\io.netty\netty-buffer\4.1.27.Final\aafe2b9fb0d8f3b200cf10b9fd6486c6a722d7a1\netty-buffer-4.1.27.Final.jar;C:\Users\jorge\.gradle\caches\modules-2\files-2.1\io.netty\netty-resolver\4.1.27.Final\2536447ef9605ccb2b5203aa22392c6514484ea9\netty-resolver-4.1.27.Final.jar;C:\Users\jorge\.gradle\caches\modules-2\files-2.1\io.netty\netty-common\4.1.27.Final\6a12a969c27fb37b230c4bde5a67bd822fa6b7a4\netty-common-4.1.27.Final.jar;C:\Users\jorge\.gradle\caches\modules-2\files-2.1\org.ow2.asm\asm\5.0.4\da08b8cce7bbf903602a25a3a163ae252435795\asm-5.0.4.jar, user.name=jorge, java.vm.specification.version=1.8, sun.java.command=worker.org.gradle.process.internal.worker.GradleWorkerMain 'Gradle Test Executor 3', java.home=C:\Program Files\AdoptOpenJDK\jdk-8.0.242.08-hotspot\jre, sun.arch.data.model=64, user.language=en, java.specification.vendor=Oracle Corporation, awt.toolkit=sun.awt.windows.WToolkit, java.vm.info=mixed mode, java.version=1.8.0_242, java.ext.dirs=C:\Program Files\AdoptOpenJDK\jdk-8.0.242.08-hotspot\jre\lib\ext;C:\Windows\Sun\Java\lib\ext, sun.boot.class.path=C:\Program Files\AdoptOpenJDK\jdk-8.0.242.08-hotspot\jre\lib\resources.jar;C:\Program Files\AdoptOpenJDK\jdk-8.0.242.08-hotspot\jre\lib\rt.jar;C:\Program Files\AdoptOpenJDK\jdk-8.0.242.08-hotspot\jre\lib\sunrsasign.jar;C:\Program Files\AdoptOpenJDK\jdk-8.0.242.08-hotspot\jre\lib\jsse.jar;C:\Program Files\AdoptOpenJDK\jdk-8.0.242.08-hotspot\jre\lib\jce.jar;C:\Program Files\AdoptOpenJDK\jdk-8.0.242.08-hotspot\jre\lib\charsets.jar;C:\Program Files\AdoptOpenJDK\jdk-8.0.242.08-hotspot\jre\lib\jfr.jar;C:\Program Files\AdoptOpenJDK\jdk-8.0.242.08-hotspot\jre\classes, java.vendor=AdoptOpenJDK, org.gradle.test.worker=3, file.separator=\, java.vendor.url.bug=http://bugreport.sun.com/bugreport/, sun.io.unicode.encoding=UnicodeLittle, sun.cpu.endian=little, sun.desktop=windows, sun.cpu.isalist=amd64}}, SystemEnvironmentPropertySource@398958212 {name='systemEnvironment', properties={USERDOMAIN_ROAMINGPROFILE=DESKTOP-U7U4TE6, PROCESSOR_LEVEL=6, VS140COMNTOOLS=C:\Program Files (x86)\Microsoft Visual Studio 14.0\Common7\Tools\, ALLUSERSPROFILE=C:\ProgramData, PROCESSOR_ARCHITECTURE=AMD64, PSModulePath=C:\Users\jorge\Documents\WindowsPowerShell\Modules;C:\Program Files\WindowsPowerShell\Modules;C:\Windows\system32\WindowsPowerShell\v1.0\Modules, SystemDrive=C:, =ExitCode=00000000, DIRNAME=C:\azure-devops\git\eShopOnContainers\src\Web\WebImapClient\Client\server\, USERNAME=jorge, CMD_LINE_ARGS=b, ProgramFiles(x86)=C:\Program Files (x86), APP_HOME=C:\azure-devops\git\eShopOnContainers\src\Web\WebImapClient\Client\server\, PATHEXT=.COM;.EXE;.BAT;.CMD;.VBS;.VBE;.JS;.JSE;.WSF;.WSH;.MSC;.CPL, DriverData=C:\Windows\System32\Drivers\DriverData, OneDriveConsumer=C:\Users\jorge\OneDrive, ProgramData=C:\ProgramData, ProgramW6432=C:\Program Files, HOMEPATH=\Users\jorge, PROCESSOR_IDENTIFIER=Intel64 Family 6 Model 158 Stepping 13, GenuineIntel, ProgramFiles=C:\Program Files, PUBLIC=C:\Users\Public, windir=C:\Windows, _SKIP=2, LOCALAPPDATA=C:\Users\jorge\AppData\Local, ChocolateyLastPathUpdate=132229495750090469, USERDOMAIN=DESKTOP-U7U4TE6, LOGONSERVER=\\DESKTOP-U7U4TE6, PROMPT=$P$G, OneDrive=C:\Users\jorge\OneDrive, =C:=C:\azure-devops\git\eShopOnContainers\src\Web\WebImapClient\Client\server, APPDATA=C:\Users\jorge\AppData\Roaming, JAVA_EXE=java.exe, ChocolateyInstall=C:\ProgramData\chocolatey, CommonProgramFiles=C:\Program Files\Common Files, Path=C:\Program Files\AdoptOpenJDK\jdk-8.0.242.08-hotspot\bin;C:\Program Files (x86)\Common Files\Oracle\Java\javapath;C:\Python27\;C:\Python27\Scripts;C:\ProgramData\DockerDesktop\version-bin;C:\Program Files\Docker\Docker\Resources\bin;C:\Windows\system32;C:\Windows;C:\Windows\System32\Wbem;C:\Windows\System32\WindowsPowerShell\v1.0\;C:\Windows\System32\OpenSSH\;C:\Program Files (x86)\NVIDIA Corporation\PhysX\Common;C:\Program Files\dotnet\;C:\Program Files\Microsoft SQL Server\130\Tools\Binn\;C:\Program Files\Microsoft SQL Server\Client SDK\ODBC\170\Tools\Binn\;C:\Program Files (x86)\Microsoft SQL Server\150\DTS\Binn\;C:\Program Files\Git\cmd;C:\Program Files (x86)\Microsoft ASP.NET\ASP.NET Web Pages\v1.0\;C:\Program Files\Microsoft SQL Server\110\Tools\Binn\;C:\Users\jorge\.dnx\bin;C:\Program Files\Microsoft DNX\Dnvm\;C:\Program Files\nodejs\;C:\ProgramData\chocolatey\bin;C:\Program Files\Microsoft\Web Platform Installer\;C:\Users\jorge\AppData\Local\Microsoft\WindowsApps;C:\Users\jorge\AppData\Local\Programs\Microsoft VS Code\bin;C:\Users\jorge\.dotnet\tools;C:\Users\jorge\AppData\Roaming\npm;C:\Users\jorge\AppData\Local\GitHubDesktop\bin, OS=Windows_NT, COMPUTERNAME=DESKTOP-U7U4TE6, PROCESSOR_REVISION=9e0d, CLASSPATH=C:\azure-devops\git\eShopOnContainers\src\Web\WebImapClient\Client\server\\gradle\wrapper\gradle-wrapper.jar, CommonProgramW6432=C:\Program Files\Common Files, ComSpec=C:\Windows\system32\cmd.exe, APP_BASE_NAME=gradlew, SystemRoot=C:\Windows, TEMP=C:\Users\jorge\AppData\Local\Temp, HOMEDRIVE=C:, USERPROFILE=C:\Users\jorge, TMP=C:\Users\jorge\AppData\Local\Temp, VS110COMNTOOLS=C:\Program Files (x86)\Microsoft Visual Studio 11.0\Common7\Tools\, CommonProgramFiles(x86)=C:\Program Files (x86)\Common Files, NUMBER_OF_PROCESSORS=12}}]
17:43:15.098 [Test worker] DEBUG org.springframework.web.servlet.mvc.method.annotation.RequestMappingHandlerMapping - Looking for request mappings in application context: org.springframework.test.web.servlet.setup.StubWebApplicationContext@6738144d
17:43:15.101 [Test worker] DEBUG org.springframework.web.servlet.mvc.method.annotation.RequestMappingHandlerMapping - 17 request handler methods found on class com.marcnuri.isotope.api.folder.FolderResource: {public org.springframework.http.ResponseEntity com.marcnuri.isotope.api.folder.FolderResource.getMessage(java.lang.String,java.lang.Long)={[/v1/folders/{folderId}/messages/{messageId}],methods=[GET]}, public org.springframework.http.ResponseEntity com.marcnuri.isotope.api.folder.FolderResource.getFolders(java.lang.Boolean)={[/v1/folders],methods=[GET],produces=[application/hal+json]}, public org.springframework.http.ResponseEntity com.marcnuri.isotope.api.folder.FolderResource.setMessageFlagged(java.lang.String,java.lang.Long,boolean)={[/v1/folders/{folderId}/messages/{messageId}/flagged],methods=[PUT]}, public org.springframework.http.ResponseEntity com.marcnuri.isotope.api.folder.FolderResource.deleteAllFolderMessages(java.lang.String)={[/v1/folders/{folderId}/messages],methods=[DELETE]}, public org.springframework.http.ResponseEntity com.marcnuri.isotope.api.folder.FolderResource.createChildFolder(java.lang.String,java.lang.String)={[/v1/folders/{folderId}],methods=[POST],produces=[application/hal+json]}, public org.springframework.http.ResponseEntity com.marcnuri.isotope.api.folder.FolderResource.moveMessage(java.lang.String,java.lang.Long,java.lang.String)={[/v1/folders/{fromFolderId}/messages/{messageId}/folder/{toFolderId}],methods=[PUT]}, public org.springframework.http.ResponseEntity com.marcnuri.isotope.api.folder.FolderResource.moveMessages(java.lang.String,java.lang.String,java.util.List)={[/v1/folders/{fromFolderId}/messages/folder/{toFolderId}],methods=[PUT]}, public org.springframework.http.ResponseEntity com.marcnuri.isotope.api.folder.FolderResource.setMessageSeen(java.lang.String,java.lang.Long,boolean)={[/v1/folders/{folderId}/messages/{messageId}/seen],methods=[PUT]}, public org.springframework.http.ResponseEntity com.marcnuri.isotope.api.folder.FolderResource.setMessagesSeen(java.lang.String,java.lang.Boolean,java.util.List)={[/v1/folders/{folderId}/messages/seen/{seen}],methods=[PUT]}, public org.springframework.http.ResponseEntity com.marcnuri.isotope.api.folder.FolderResource.getAttachment(java.lang.String,java.lang.Long,java.lang.String,java.lang.Boolean,javax.servlet.http.HttpServletResponse)={[/v1/folders/{folderId}/messages/{messageId}/attachments/{id}],methods=[GET]}, public org.springframework.http.ResponseEntity com.marcnuri.isotope.api.folder.FolderResource.deleteFolder(java.lang.String)={[/v1/folders/{folderId}],methods=[DELETE],produces=[application/hal+json]}, public org.springframework.http.ResponseEntity com.marcnuri.isotope.api.folder.FolderResource.renameFolder(java.lang.String,java.lang.String)={[/v1/folders/{folderId}/name],methods=[PUT],produces=[application/hal+json]}, public org.springframework.http.ResponseEntity com.marcnuri.isotope.api.folder.FolderResource.moveFolder(java.lang.String,java.lang.String)={[/v1/folders/{folderId}/parent],methods=[PUT],produces=[application/hal+json]}, public org.springframework.http.ResponseEntity com.marcnuri.isotope.api.folder.FolderResource.createRootFolder(java.lang.String)={[/v1/folders],methods=[POST],produces=[application/hal+json]}, public org.springframework.http.ResponseEntity com.marcnuri.isotope.api.folder.FolderResource.preloadMessages(java.lang.String,java.util.List)={[/v1/folders/{folderId}/messages],methods=[GET]}, public org.springframework.http.ResponseEntity com.marcnuri.isotope.api.folder.FolderResource.deleteMessages(java.lang.String,java.util.List)={[/v1/folders/{folderId}/messages],methods=[DELETE],params=[id]}, public reactor.core.publisher.Flux com.marcnuri.isotope.api.folder.FolderResource.getMessages(java.lang.String,javax.servlet.http.HttpServletResponse)={[/v1/folders/{folderId}/messages],methods=[GET],produces=[text/event-stream]}}
17:43:15.101 [Test worker] INFO org.springframework.web.servlet.mvc.method.annotation.RequestMappingHandlerMapping - Mapped "{[/v1/folders/{folderId}/messages/{messageId}],methods=[GET]}" onto public org.springframework.http.ResponseEntity<com.marcnuri.isotope.api.message.MessageWithFolder> com.marcnuri.isotope.api.folder.FolderResource.getMessage(java.lang.String,java.lang.Long)
17:43:15.101 [Test worker] INFO org.springframework.web.servlet.mvc.method.annotation.RequestMappingHandlerMapping - Mapped "{[/v1/folders],methods=[GET],produces=[application/hal+json]}" onto public org.springframework.http.ResponseEntity<java.util.List<com.marcnuri.isotope.api.folder.Folder>> com.marcnuri.isotope.api.folder.FolderResource.getFolders(java.lang.Boolean)
17:43:15.101 [Test worker] INFO org.springframework.web.servlet.mvc.method.annotation.RequestMappingHandlerMapping - Mapped "{[/v1/folders/{folderId}/messages/{messageId}/flagged],methods=[PUT]}" onto public org.springframework.http.ResponseEntity<java.lang.Void> com.marcnuri.isotope.api.folder.FolderResource.setMessageFlagged(java.lang.String,java.lang.Long,boolean)
17:43:15.101 [Test worker] INFO org.springframework.web.servlet.mvc.method.annotation.RequestMappingHandlerMapping - Mapped "{[/v1/folders/{folderId}/messages],methods=[DELETE]}" onto public org.springframework.http.ResponseEntity<com.marcnuri.isotope.api.folder.Folder> com.marcnuri.isotope.api.folder.FolderResource.deleteAllFolderMessages(java.lang.String)
17:43:15.101 [Test worker] INFO org.springframework.web.servlet.mvc.method.annotation.RequestMappingHandlerMapping - Mapped "{[/v1/folders/{folderId}],methods=[POST],produces=[application/hal+json]}" onto public org.springframework.http.ResponseEntity<com.marcnuri.isotope.api.folder.Folder> com.marcnuri.isotope.api.folder.FolderResource.createChildFolder(java.lang.String,java.lang.String)
17:43:15.102 [Test worker] INFO org.springframework.web.servlet.mvc.method.annotation.RequestMappingHandlerMapping - Mapped "{[/v1/folders/{fromFolderId}/messages/{messageId}/folder/{toFolderId}],methods=[PUT]}" onto public org.springframework.http.ResponseEntity<java.util.List<com.marcnuri.isotope.api.message.MessageWithFolder>> com.marcnuri.isotope.api.folder.FolderResource.moveMessage(java.lang.String,java.lang.Long,java.lang.String)
17:43:15.102 [Test worker] INFO org.springframework.web.servlet.mvc.method.annotation.RequestMappingHandlerMapping - Mapped "{[/v1/folders/{fromFolderId}/messages/folder/{toFolderId}],methods=[PUT]}" onto public org.springframework.http.ResponseEntity<java.util.List<com.marcnuri.isotope.api.message.MessageWithFolder>> com.marcnuri.isotope.api.folder.FolderResource.moveMessages(java.lang.String,java.lang.String,java.util.List<java.lang.Long>)
17:43:15.102 [Test worker] INFO org.springframework.web.servlet.mvc.method.annotation.RequestMappingHandlerMapping - Mapped "{[/v1/folders/{folderId}/messages/{messageId}/seen],methods=[PUT]}" onto public org.springframework.http.ResponseEntity<java.lang.Void> com.marcnuri.isotope.api.folder.FolderResource.setMessageSeen(java.lang.String,java.lang.Long,boolean)
17:43:15.102 [Test worker] INFO org.springframework.web.servlet.mvc.method.annotation.RequestMappingHandlerMapping - Mapped "{[/v1/folders/{folderId}/messages/seen/{seen}],methods=[PUT]}" onto public org.springframework.http.ResponseEntity<java.lang.Void> com.marcnuri.isotope.api.folder.FolderResource.setMessagesSeen(java.lang.String,java.lang.Boolean,java.util.List<java.lang.Long>)
17:43:15.102 [Test worker] INFO org.springframework.web.servlet.mvc.method.annotation.RequestMappingHandlerMapping - Mapped "{[/v1/folders/{folderId}/messages/{messageId}/attachments/{id}],methods=[GET]}" onto public org.springframework.http.ResponseEntity<java.lang.Void> com.marcnuri.isotope.api.folder.FolderResource.getAttachment(java.lang.String,java.lang.Long,java.lang.String,java.lang.Boolean,javax.servlet.http.HttpServletResponse)
17:43:15.102 [Test worker] INFO org.springframework.web.servlet.mvc.method.annotation.RequestMappingHandlerMapping - Mapped "{[/v1/folders/{folderId}],methods=[DELETE],produces=[application/hal+json]}" onto public org.springframework.http.ResponseEntity<com.marcnuri.isotope.api.folder.Folder> com.marcnuri.isotope.api.folder.FolderResource.deleteFolder(java.lang.String)
17:43:15.102 [Test worker] INFO org.springframework.web.servlet.mvc.method.annotation.RequestMappingHandlerMapping - Mapped "{[/v1/folders/{folderId}/name],methods=[PUT],produces=[application/hal+json]}" onto public org.springframework.http.ResponseEntity<com.marcnuri.isotope.api.folder.Folder> com.marcnuri.isotope.api.folder.FolderResource.renameFolder(java.lang.String,java.lang.String)
17:43:15.102 [Test worker] INFO org.springframework.web.servlet.mvc.method.annotation.RequestMappingHandlerMapping - Mapped "{[/v1/folders/{folderId}/parent],methods=[PUT],produces=[application/hal+json]}" onto public org.springframework.http.ResponseEntity<com.marcnuri.isotope.api.folder.Folder> com.marcnuri.isotope.api.folder.FolderResource.moveFolder(java.lang.String,java.lang.String)
17:43:15.102 [Test worker] INFO org.springframework.web.servlet.mvc.method.annotation.RequestMappingHandlerMapping - Mapped "{[/v1/folders],methods=[POST],produces=[application/hal+json]}" onto public org.springframework.http.ResponseEntity<java.util.List<com.marcnuri.isotope.api.folder.Folder>> com.marcnuri.isotope.api.folder.FolderResource.createRootFolder(java.lang.String)
17:43:15.103 [Test worker] INFO org.springframework.web.servlet.mvc.method.annotation.RequestMappingHandlerMapping - Mapped "{[/v1/folders/{folderId}/messages],methods=[GET]}" onto public org.springframework.http.ResponseEntity<java.util.List<com.marcnuri.isotope.api.message.Message>> com.marcnuri.isotope.api.folder.FolderResource.preloadMessages(java.lang.String,java.util.List<java.lang.Long>)
17:43:15.103 [Test worker] INFO org.springframework.web.servlet.mvc.method.annotation.RequestMappingHandlerMapping - Mapped "{[/v1/folders/{folderId}/messages],methods=[DELETE],params=[id]}" onto public org.springframework.http.ResponseEntity<com.marcnuri.isotope.api.folder.Folder> com.marcnuri.isotope.api.folder.FolderResource.deleteMessages(java.lang.String,java.util.List<java.lang.Long>)
17:43:15.103 [Test worker] INFO org.springframework.web.servlet.mvc.method.annotation.RequestMappingHandlerMapping - Mapped "{[/v1/folders/{folderId}/messages],methods=[GET],produces=[text/event-stream]}" onto public reactor.core.publisher.Flux<org.springframework.http.codec.ServerSentEvent<java.util.List<com.marcnuri.isotope.api.message.Message>>> com.marcnuri.isotope.api.folder.FolderResource.getMessages(java.lang.String,javax.servlet.http.HttpServletResponse)
17:43:15.107 [Test worker] DEBUG org.hibernate.validator.internal.engine.resolver.TraversableResolvers - Cannot find javax.persistence.Persistence on classpath. Assuming non JPA 2 environment. All properties will per default be traversable.
17:43:15.107 [Test worker] DEBUG org.hibernate.validator.messageinterpolation.ResourceBundleMessageInterpolator - Loaded expression factory via original TCCL
17:43:15.107 [Test worker] DEBUG org.hibernate.validator.internal.engine.ConfigurationImpl - Setting custom MessageInterpolator of type org.springframework.validation.beanvalidation.LocaleContextMessageInterpolator
17:43:15.107 [Test worker] DEBUG org.hibernate.validator.internal.engine.ConfigurationImpl - Setting custom ParameterNameProvider of type org.springframework.validation.beanvalidation.LocalValidatorFactoryBean$1
17:43:15.107 [Test worker] DEBUG org.hibernate.validator.internal.xml.config.ValidationXmlParser - Trying to load META-INF/validation.xml for XML based Validator configuration.
17:43:15.107 [Test worker] DEBUG org.hibernate.validator.internal.xml.config.ResourceLoaderHelper - Trying to load META-INF/validation.xml via TCCL
17:43:15.107 [Test worker] DEBUG org.hibernate.validator.internal.xml.config.ResourceLoaderHelper - Trying to load META-INF/validation.xml via Hibernate Validator's class loader
17:43:15.107 [Test worker] DEBUG org.hibernate.validator.internal.xml.config.ValidationXmlParser - No META-INF/validation.xml found. Using annotation based configuration only.
17:43:15.110 [Test worker] DEBUG org.hibernate.validator.internal.engine.ValidatorFactoryImpl - HV000234: Using org.springframework.validation.beanvalidation.LocaleContextMessageInterpolator as ValidatorFactory-scoped message interpolator.
17:43:15.110 [Test worker] DEBUG org.hibernate.validator.internal.engine.ValidatorFactoryImpl - HV000234: Using org.hibernate.validator.internal.engine.resolver.TraverseAllTraversableResolver as ValidatorFactory-scoped traversable resolver.
17:43:15.110 [Test worker] DEBUG org.hibernate.validator.internal.engine.ValidatorFactoryImpl - HV000234: Using org.hibernate.validator.internal.util.ExecutableParameterNameProvider as ValidatorFactory-scoped parameter name provider.
17:43:15.110 [Test worker] DEBUG org.hibernate.validator.internal.engine.ValidatorFactoryImpl - HV000234: Using org.hibernate.validator.internal.engine.DefaultClockProvider as ValidatorFactory-scoped clock provider.
17:43:15.110 [Test worker] DEBUG org.hibernate.validator.internal.engine.ValidatorFactoryImpl - HV000234: Using org.hibernate.validator.internal.engine.scripting.DefaultScriptEvaluatorFactory as ValidatorFactory-scoped script evaluator factory.
17:43:15.111 [Test worker] INFO org.springframework.web.servlet.mvc.method.annotation.RequestMappingHandlerAdapter - Looking for @ControllerAdvice: org.springframework.test.web.servlet.setup.StubWebApplicationContext@6738144d
17:43:15.112 [Test worker] DEBUG org.springframework.web.servlet.mvc.method.annotation.ExceptionHandlerExceptionResolver - Looking for exception mappings: org.springframework.test.web.servlet.setup.StubWebApplicationContext@6738144d
17:43:15.112 [Test worker] DEBUG org.springframework.test.web.servlet.TestDispatcherServlet - Initializing servlet ''
17:43:15.112 [Test worker] INFO org.springframework.mock.web.MockServletContext - Initializing Spring FrameworkServlet ''
17:43:15.112 [Test worker] INFO org.springframework.test.web.servlet.TestDispatcherServlet - FrameworkServlet '': initialization started
17:43:15.112 [Test worker] DEBUG org.springframework.test.web.servlet.TestDispatcherServlet - Unable to locate MultipartResolver with name 'multipartResolver': no multipart request handling provided
17:43:15.113 [Test worker] DEBUG org.springframework.test.web.servlet.TestDispatcherServlet - Using LocaleResolver [org.springframework.web.servlet.i18n.AcceptHeaderLocaleResolver@2cc553b]
17:43:15.113 [Test worker] DEBUG org.springframework.test.web.servlet.TestDispatcherServlet - Using ThemeResolver [org.springframework.web.servlet.theme.FixedThemeResolver@33e5f8e1]
17:43:15.113 [Test worker] DEBUG org.springframework.test.web.servlet.TestDispatcherServlet - Using RequestToViewNameTranslator [org.springframework.web.servlet.view.DefaultRequestToViewNameTranslator@105c807e]
17:43:15.113 [Test worker] DEBUG org.springframework.test.web.servlet.TestDispatcherServlet - Using FlashMapManager [org.springframework.web.servlet.support.SessionFlashMapManager@5d5c46fd]
17:43:15.113 [Test worker] DEBUG org.springframework.test.web.servlet.TestDispatcherServlet - Published WebApplicationContext of servlet '' as ServletContext attribute with name [org.springframework.web.servlet.FrameworkServlet.CONTEXT.]
17:43:15.113 [Test worker] INFO org.springframework.test.web.servlet.TestDispatcherServlet - FrameworkServlet '': initialization completed in 1 ms
17:43:15.113 [Test worker] DEBUG org.springframework.test.web.servlet.TestDispatcherServlet - Servlet '' configured successfully
17:43:15.113 [Test worker] DEBUG org.springframework.test.web.servlet.TestDispatcherServlet - DispatcherServlet with name '' processing PUT request for [/v1/folders/1337/messages/1337/flagged]
17:43:15.113 [Test worker] DEBUG org.springframework.web.servlet.mvc.method.annotation.RequestMappingHandlerMapping - Looking up handler method for path /v1/folders/1337/messages/1337/flagged
17:43:15.114 [Test worker] DEBUG org.springframework.web.servlet.mvc.method.annotation.RequestMappingHandlerMapping - Returning handler method [public org.springframework.http.ResponseEntity<java.lang.Void> com.marcnuri.isotope.api.folder.FolderResource.setMessageFlagged(java.lang.String,java.lang.Long,boolean)]
17:43:15.115 [Test worker] DEBUG org.springframework.web.servlet.mvc.method.annotation.RequestResponseBodyMethodProcessor - Read [boolean] as "application/json" with [org.springframework.http.converter.json.MappingJackson2HttpMessageConverter@3d59a5e0]
17:43:15.115 [Test worker] DEBUG com.marcnuri.isotope.api.folder.FolderResource - Setting message flagged attribute to true in message 1337 from folder 1337
17:43:15.115 [Test worker] DEBUG org.springframework.beans.factory.support.DefaultListableBeanFactory - Returning cached instance of singleton bean 'prototypeImapService'
17:43:15.116 [Test worker] DEBUG org.springframework.test.web.servlet.TestDispatcherServlet - Null ModelAndView returned to DispatcherServlet with name '': assuming HandlerAdapter completed request handling
17:43:15.116 [Test worker] DEBUG org.springframework.test.web.servlet.TestDispatcherServlet - Successfully completed request
17:43:15.116 [Test worker] DEBUG org.springframework.test.context.cache.DefaultCacheAwareContextLoaderDelegate - Retrieved ApplicationContext from cache with key [[MergedContextConfiguration@690d0075 testClass = FolderResourceTest, locations = '{}', classes = '{class com.marcnuri.isotope.api.folder.FolderResource}', contextInitializerClasses = '[]', activeProfiles = '{}', propertySourceLocations = '{}', propertySourceProperties = '{}', contextCustomizers = set[org.springframework.boot.test.autoconfigure.properties.PropertyMappingContextCustomizer@0, org.springframework.boot.test.autoconfigure.web.servlet.WebDriverContextCustomizerFactory$Customizer@42a343c1, org.springframework.boot.test.context.filter.ExcludeFilterContextCustomizer@3d8dc3, org.springframework.boot.test.json.DuplicateJsonObjectContextCustomizerFactory$DuplicateJsonObjectContextCustomizer@5f493529, org.springframework.boot.test.mock.mockito.MockitoContextCustomizer@8186d819], contextLoader = 'org.springframework.test.context.support.DelegatingSmartContextLoader', parent = [null]]]
17:43:15.116 [Test worker] DEBUG org.springframework.test.context.cache - Spring test ApplicationContext cache statistics: [DefaultContextCache@11fd1fb9 size = 2, maxSize = 32, parentContextCount = 0, hitCount = 92, missCount = 2]
17:43:15.116 [Test worker] DEBUG org.springframework.beans.factory.support.DefaultListableBeanFactory - Returning cached instance of singleton bean 'org.springframework.boot.test.mock.mockito.MockitoBeans'
17:43:15.116 [Test worker] DEBUG org.springframework.test.context.cache.DefaultCacheAwareContextLoaderDelegate - Retrieved ApplicationContext from cache with key [[MergedContextConfiguration@690d0075 testClass = FolderResourceTest, locations = '{}', classes = '{class com.marcnuri.isotope.api.folder.FolderResource}', contextInitializerClasses = '[]', activeProfiles = '{}', propertySourceLocations = '{}', propertySourceProperties = '{}', contextCustomizers = set[org.springframework.boot.test.autoconfigure.properties.PropertyMappingContextCustomizer@0, org.springframework.boot.test.autoconfigure.web.servlet.WebDriverContextCustomizerFactory$Customizer@42a343c1, org.springframework.boot.test.context.filter.ExcludeFilterContextCustomizer@3d8dc3, org.springframework.boot.test.json.DuplicateJsonObjectContextCustomizerFactory$DuplicateJsonObjectContextCustomizer@5f493529, org.springframework.boot.test.mock.mockito.MockitoContextCustomizer@8186d819], contextLoader = 'org.springframework.test.context.support.DelegatingSmartContextLoader', parent = [null]]]
17:43:15.116 [Test worker] DEBUG org.springframework.test.context.cache - Spring test ApplicationContext cache statistics: [DefaultContextCache@11fd1fb9 size = 2, maxSize = 32, parentContextCount = 0, hitCount = 93, missCount = 2]
17:43:15.116 [Test worker] DEBUG org.springframework.test.context.cache.DefaultCacheAwareContextLoaderDelegate - Retrieved ApplicationContext from cache with key [[MergedContextConfiguration@690d0075 testClass = FolderResourceTest, locations = '{}', classes = '{class com.marcnuri.isotope.api.folder.FolderResource}', contextInitializerClasses = '[]', activeProfiles = '{}', propertySourceLocations = '{}', propertySourceProperties = '{}', contextCustomizers = set[org.springframework.boot.test.autoconfigure.properties.PropertyMappingContextCustomizer@0, org.springframework.boot.test.autoconfigure.web.servlet.WebDriverContextCustomizerFactory$Customizer@42a343c1, org.springframework.boot.test.context.filter.ExcludeFilterContextCustomizer@3d8dc3, org.springframework.boot.test.json.DuplicateJsonObjectContextCustomizerFactory$DuplicateJsonObjectContextCustomizer@5f493529, org.springframework.boot.test.mock.mockito.MockitoContextCustomizer@8186d819], contextLoader = 'org.springframework.test.context.support.DelegatingSmartContextLoader', parent = [null]]]
17:43:15.116 [Test worker] DEBUG org.springframework.test.context.cache - Spring test ApplicationContext cache statistics: [DefaultContextCache@11fd1fb9 size = 2, maxSize = 32, parentContextCount = 0, hitCount = 94, missCount = 2]
17:43:15.117 [Test worker] DEBUG reactor.core.publisher.Hooks - Reset to factory defaults : onLastOperator
17:43:15.117 [Test worker] DEBUG org.springframework.test.context.support.AbstractDirtiesContextTestExecutionListener - After test method: context [DefaultTestContext@1abdc0de testClass = FolderResourceTest, testInstance = com.marcnuri.isotope.api.folder.FolderResourceTest@5f525247, testMethod = setMessageFlagged_validFolderAndMessage_shouldReturnNoContent@FolderResourceTest, testException = [null], mergedContextConfiguration = [MergedContextConfiguration@690d0075 testClass = FolderResourceTest, locations = '{}', classes = '{class com.marcnuri.isotope.api.folder.FolderResource}', contextInitializerClasses = '[]', activeProfiles = '{}', propertySourceLocations = '{}', propertySourceProperties = '{}', contextCustomizers = set[org.springframework.boot.test.autoconfigure.properties.PropertyMappingContextCustomizer@0, org.springframework.boot.test.autoconfigure.web.servlet.WebDriverContextCustomizerFactory$Customizer@42a343c1, org.springframework.boot.test.context.filter.ExcludeFilterContextCustomizer@3d8dc3, org.springframework.boot.test.json.DuplicateJsonObjectContextCustomizerFactory$DuplicateJsonObjectContextCustomizer@5f493529, org.springframework.boot.test.mock.mockito.MockitoContextCustomizer@8186d819], contextLoader = 'org.springframework.test.context.support.DelegatingSmartContextLoader', parent = [null]], attributes = map[[empty]]], class annotated with @DirtiesContext [false] with mode [null], method annotated with @DirtiesContext [false] with mode [null].
17:43:15.117 [Test worker] DEBUG org.springframework.test.annotation.ProfileValueUtils - Retrieved @ProfileValueSourceConfiguration [null] for test class [com.marcnuri.isotope.api.folder.FolderResourceTest]
17:43:15.117 [Test worker] DEBUG org.springframework.test.annotation.ProfileValueUtils - Retrieved ProfileValueSource type [class org.springframework.test.annotation.SystemProfileValueSource] for class [com.marcnuri.isotope.api.folder.FolderResourceTest]
17:43:15.117 [Test worker] DEBUG org.springframework.test.context.cache.DefaultCacheAwareContextLoaderDelegate - Retrieved ApplicationContext from cache with key [[MergedContextConfiguration@690d0075 testClass = FolderResourceTest, locations = '{}', classes = '{class com.marcnuri.isotope.api.folder.FolderResource}', contextInitializerClasses = '[]', activeProfiles = '{}', propertySourceLocations = '{}', propertySourceProperties = '{}', contextCustomizers = set[org.springframework.boot.test.autoconfigure.properties.PropertyMappingContextCustomizer@0, org.springframework.boot.test.autoconfigure.web.servlet.WebDriverContextCustomizerFactory$Customizer@42a343c1, org.springframework.boot.test.context.filter.ExcludeFilterContextCustomizer@3d8dc3, org.springframework.boot.test.json.DuplicateJsonObjectContextCustomizerFactory$DuplicateJsonObjectContextCustomizer@5f493529, org.springframework.boot.test.mock.mockito.MockitoContextCustomizer@8186d819], contextLoader = 'org.springframework.test.context.support.DelegatingSmartContextLoader', parent = [null]]]
17:43:15.117 [Test worker] DEBUG org.springframework.test.context.cache - Spring test ApplicationContext cache statistics: [DefaultContextCache@11fd1fb9 size = 2, maxSize = 32, parentContextCount = 0, hitCount = 95, missCount = 2]
17:43:15.117 [Test worker] DEBUG org.springframework.beans.factory.support.DefaultListableBeanFactory - Returning cached instance of singleton bean 'org.springframework.boot.test.mock.mockito.MockitoPostProcessor'
17:43:15.117 [Test worker] DEBUG org.springframework.beans.factory.support.DefaultListableBeanFactory - Returning cached instance of singleton bean 'prototypeImapService'
17:43:15.118 [Test worker] DEBUG org.springframework.test.context.support.DependencyInjectionTestExecutionListener - Performing dependency injection for test context [[DefaultTestContext@1abdc0de testClass = FolderResourceTest, testInstance = com.marcnuri.isotope.api.folder.FolderResourceTest@6a988492, testMethod = [null], testException = [null], mergedContextConfiguration = [MergedContextConfiguration@690d0075 testClass = FolderResourceTest, locations = '{}', classes = '{class com.marcnuri.isotope.api.folder.FolderResource}', contextInitializerClasses = '[]', activeProfiles = '{}', propertySourceLocations = '{}', propertySourceProperties = '{}', contextCustomizers = set[org.springframework.boot.test.autoconfigure.properties.PropertyMappingContextCustomizer@0, org.springframework.boot.test.autoconfigure.web.servlet.WebDriverContextCustomizerFactory$Customizer@42a343c1, org.springframework.boot.test.context.filter.ExcludeFilterContextCustomizer@3d8dc3, org.springframework.boot.test.json.DuplicateJsonObjectContextCustomizerFactory$DuplicateJsonObjectContextCustomizer@5f493529, org.springframework.boot.test.mock.mockito.MockitoContextCustomizer@8186d819], contextLoader = 'org.springframework.test.context.support.DelegatingSmartContextLoader', parent = [null]], attributes = map[[empty]]]].
17:43:15.118 [Test worker] DEBUG org.springframework.test.context.cache.DefaultCacheAwareContextLoaderDelegate - Retrieved ApplicationContext from cache with key [[MergedContextConfiguration@690d0075 testClass = FolderResourceTest, locations = '{}', classes = '{class com.marcnuri.isotope.api.folder.FolderResource}', contextInitializerClasses = '[]', activeProfiles = '{}', propertySourceLocations = '{}', propertySourceProperties = '{}', contextCustomizers = set[org.springframework.boot.test.autoconfigure.properties.PropertyMappingContextCustomizer@0, org.springframework.boot.test.autoconfigure.web.servlet.WebDriverContextCustomizerFactory$Customizer@42a343c1, org.springframework.boot.test.context.filter.ExcludeFilterContextCustomizer@3d8dc3, org.springframework.boot.test.json.DuplicateJsonObjectContextCustomizerFactory$DuplicateJsonObjectContextCustomizer@5f493529, org.springframework.boot.test.mock.mockito.MockitoContextCustomizer@8186d819], contextLoader = 'org.springframework.test.context.support.DelegatingSmartContextLoader', parent = [null]]]
17:43:15.118 [Test worker] DEBUG org.springframework.test.context.cache - Spring test ApplicationContext cache statistics: [DefaultContextCache@11fd1fb9 size = 2, maxSize = 32, parentContextCount = 0, hitCount = 96, missCount = 2]
17:43:15.118 [Test worker] DEBUG org.springframework.beans.factory.annotation.InjectionMetadata - Processing injected element of bean 'com.marcnuri.isotope.api.folder.FolderResourceTest': AutowiredFieldElement for private com.marcnuri.isotope.api.folder.FolderResource com.marcnuri.isotope.api.folder.FolderResourceTest.folderResource
17:43:15.118 [Test worker] DEBUG org.springframework.beans.factory.support.DefaultListableBeanFactory - Returning cached instance of singleton bean 'folderResource'
17:43:15.118 [Test worker] DEBUG org.springframework.test.context.support.AbstractDirtiesContextTestExecutionListener - Before test method: context [DefaultTestContext@1abdc0de testClass = FolderResourceTest, testInstance = com.marcnuri.isotope.api.folder.FolderResourceTest@6a988492, testMethod = getMessage_validFolderAndMessageIds_shouldReturnOk@FolderResourceTest, testException = [null], mergedContextConfiguration = [MergedContextConfiguration@690d0075 testClass = FolderResourceTest, locations = '{}', classes = '{class com.marcnuri.isotope.api.folder.FolderResource}', contextInitializerClasses = '[]', activeProfiles = '{}', propertySourceLocations = '{}', propertySourceProperties = '{}', contextCustomizers = set[org.springframework.boot.test.autoconfigure.properties.PropertyMappingContextCustomizer@0, org.springframework.boot.test.autoconfigure.web.servlet.WebDriverContextCustomizerFactory$Customizer@42a343c1, org.springframework.boot.test.context.filter.ExcludeFilterContextCustomizer@3d8dc3, org.springframework.boot.test.json.DuplicateJsonObjectContextCustomizerFactory$DuplicateJsonObjectContextCustomizer@5f493529, org.springframework.boot.test.mock.mockito.MockitoContextCustomizer@8186d819], contextLoader = 'org.springframework.test.context.support.DelegatingSmartContextLoader', parent = [null]], attributes = map[[empty]]], class annotated with @DirtiesContext [false] with mode [null], method annotated with @DirtiesContext [false] with mode [null].
17:43:15.118 [Test worker] DEBUG reactor.core.publisher.Hooks - Hooking onLastOperator: reactor.core.publisher.Operators$LiftFunction@1a1e4a84
17:43:15.119 [Test worker] DEBUG org.springframework.test.context.cache.DefaultCacheAwareContextLoaderDelegate - Retrieved ApplicationContext from cache with key [[MergedContextConfiguration@690d0075 testClass = FolderResourceTest, locations = '{}', classes = '{class com.marcnuri.isotope.api.folder.FolderResource}', contextInitializerClasses = '[]', activeProfiles = '{}', propertySourceLocations = '{}', propertySourceProperties = '{}', contextCustomizers = set[org.springframework.boot.test.autoconfigure.properties.PropertyMappingContextCustomizer@0, org.springframework.boot.test.autoconfigure.web.servlet.WebDriverContextCustomizerFactory$Customizer@42a343c1, org.springframework.boot.test.context.filter.ExcludeFilterContextCustomizer@3d8dc3, org.springframework.boot.test.json.DuplicateJsonObjectContextCustomizerFactory$DuplicateJsonObjectContextCustomizer@5f493529, org.springframework.boot.test.mock.mockito.MockitoContextCustomizer@8186d819], contextLoader = 'org.springframework.test.context.support.DelegatingSmartContextLoader', parent = [null]]]
17:43:15.119 [Test worker] DEBUG org.springframework.test.context.cache - Spring test ApplicationContext cache statistics: [DefaultContextCache@11fd1fb9 size = 2, maxSize = 32, parentContextCount = 0, hitCount = 97, missCount = 2]
17:43:15.119 [Test worker] DEBUG org.springframework.beans.factory.support.DefaultListableBeanFactory - Returning cached instance of singleton bean 'org.springframework.boot.test.mock.mockito.MockitoBeans'
17:43:15.119 [Test worker] DEBUG org.springframework.core.env.StandardEnvironment - Adding PropertySource 'systemProperties' with lowest search precedence
17:43:15.119 [Test worker] DEBUG org.springframework.core.env.StandardEnvironment - Adding PropertySource 'systemEnvironment' with lowest search precedence
17:43:15.119 [Test worker] DEBUG org.springframework.core.env.StandardEnvironment - Initialized StandardEnvironment with PropertySources [MapPropertySource@935428162 {name='systemProperties', properties={java.runtime.name=OpenJDK Runtime Environment, sun.boot.library.path=C:\Program Files\AdoptOpenJDK\jdk-8.0.242.08-hotspot\jre\bin, java.vm.version=25.242-b08, java.vm.vendor=, java.vendor.url=http://java.oracle.com/, path.separator=;, java.vm.name=OpenJDK 64-Bit Server VM, file.encoding.pkg=sun.io, user.script=, sun.java.launcher=SUN_STANDARD, user.country=GB, sun.os.patch.level=, java.vm.specification.name=Java Virtual Machine Specification, user.dir=C:\azure-devops\git\eShopOnContainers\src\Web\WebImapClient\Client\server, java.runtime.version=1.8.0_242-b08, java.awt.graphicsenv=sun.awt.Win32GraphicsEnvironment, java.endorsed.dirs=C:\Program Files\AdoptOpenJDK\jdk-8.0.242.08-hotspot\jre\lib\endorsed, os.arch=amd64, java.io.tmpdir=C:\Users\jorge\AppData\Local\Temp\, line.separator=
, java.vm.specification.vendor=Oracle Corporation, user.variant=, os.name=Windows 10, sun.jnu.encoding=Cp1252, java.library.path=C:\Program Files\AdoptOpenJDK\jdk-8.0.242.08-hotspot\bin;C:\Windows\Sun\Java\bin;C:\Windows\system32;C:\Windows;C:\Program Files\AdoptOpenJDK\jdk-8.0.242.08-hotspot\bin;C:\Program Files (x86)\Common Files\Oracle\Java\javapath;C:\Python27\;C:\Python27\Scripts;C:\ProgramData\DockerDesktop\version-bin;C:\Program Files\Docker\Docker\Resources\bin;C:\Windows\system32;C:\Windows;C:\Windows\System32\Wbem;C:\Windows\System32\WindowsPowerShell\v1.0\;C:\Windows\System32\OpenSSH\;C:\Program Files (x86)\NVIDIA Corporation\PhysX\Common;C:\Program Files\dotnet\;C:\Program Files\Microsoft SQL Server\130\Tools\Binn\;C:\Program Files\Microsoft SQL Server\Client SDK\ODBC\170\Tools\Binn\;C:\Program Files (x86)\Microsoft SQL Server\150\DTS\Binn\;C:\Program Files\Git\cmd;C:\Program Files (x86)\Microsoft ASP.NET\ASP.NET Web Pages\v1.0\;C:\Program Files\Microsoft SQL Server\110\Tools\Binn\;C:\Users\jorge\.dnx\bin;C:\Program Files\Microsoft DNX\Dnvm\;C:\Program Files\nodejs\;C:\ProgramData\chocolatey\bin;C:\Program Files\Microsoft\Web Platform Installer\;C:\Users\jorge\AppData\Local\Microsoft\WindowsApps;C:\Users\jorge\AppData\Local\Programs\Microsoft VS Code\bin;C:\Users\jorge\.dotnet\tools;C:\Users\jorge\AppData\Roaming\npm;C:\Users\jorge\AppData\Local\GitHubDesktop\bin;., java.specification.name=Java Platform API Specification, java.class.version=52.0, org.gradle.native=false, sun.management.compiler=HotSpot 64-Bit Tiered Compilers, os.version=10.0, user.home=C:\Users\jorge, user.timezone=Europe/Paris, java.awt.printerjob=sun.awt.windows.WPrinterJob, file.encoding=windows-1252, java.specification.version=1.8, java.class.path=C:\azure-devops\git\eShopOnContainers\src\Web\WebImapClient\Client\server\build\classes\java\test;C:\azure-devops\git\eShopOnContainers\src\Web\WebImapClient\Client\server\build\resources\test;C:\azure-devops\git\eShopOnContainers\src\Web\WebImapClient\Client\server\build\classes\java\main;C:\azure-devops\git\eShopOnContainers\src\Web\WebImapClient\Client\server\build\resources\main;C:\Users\jorge\.gradle\caches\modules-2\files-2.1\org.springframework.boot\spring-boot-starter-actuator\2.0.4.RELEASE\24e901473279d9c18e0a0f8037d58b18c8297dca\spring-boot-starter-actuator-2.0.4.RELEASE.jar;C:\Users\jorge\.gradle\caches\modules-2\files-2.1\org.springframework.boot\spring-boot-starter-security\2.0.4.RELEASE\2ac314e5985fd9ae0d2acaea450f4f6c3dbd7f92\spring-boot-starter-security-2.0.4.RELEASE.jar;C:\Users\jorge\.gradle\caches\modules-2\files-2.1\org.springframework.boot\spring-boot-starter-webflux\2.0.4.RELEASE\a52fcd02fb6129e14f2b4b36acc5748368563c93\spring-boot-starter-webflux-2.0.4.RELEASE.jar;C:\Users\jorge\.gradle\caches\modules-2\files-2.1\org.springframework.boot\spring-boot-starter-test\2.0.4.RELEASE\8f473705d2742b669f0318f10a956f94a93ba3d2\spring-boot-starter-test-2.0.4.RELEASE.jar;C:\Users\jorge\.gradle\caches\modules-2\files-2.1\org.springframework.boot\spring-boot-starter-hateoas\2.0.4.RELEASE\2f115bebeffea81859c6d874457fa8db16b10747\spring-boot-starter-hateoas-2.0.4.RELEASE.jar;C:\Users\jorge\.gradle\caches\modules-2\files-2.1\org.springframework.boot\spring-boot-starter-web\2.0.4.RELEASE\98d49e981ecf804da877d84259b7b0d1ec2fb6f6\spring-boot-starter-web-2.0.4.RELEASE.jar;C:\Users\jorge\.gradle\caches\modules-2\files-2.1\org.springframework.boot\spring-boot-starter-json\2.0.4.RELEASE\c7afabf0d7c85db178da4ce0634e3bd2ddb0eb71\spring-boot-starter-json-2.0.4.RELEASE.jar;C:\Users\jorge\.gradle\caches\modules-2\files-2.1\org.springframework.boot\spring-boot-starter\2.0.4.RELEASE\ec46c63a2adeee40058eff1a6baefca13975dc94\spring-boot-starter-2.0.4.RELEASE.jar;C:\Users\jorge\.gradle\caches\modules-2\files-2.1\com.sun.mail\javax.mail\1.6.1\757ba4630692bb2a1ec2d9d57a616b63f15e947e\javax.mail-1.6.1.jar;C:\Users\jorge\.gradle\caches\modules-2\files-2.1\org.springframework.boot\spring-boot-actuator-autoconfigure\2.0.4.RELEASE\2cadc1d20a1f9ee667a608cfee154138e954f5f2\spring-boot-actuator-autoconfigure-2.0.4.RELEASE.jar;C:\Users\jorge\.gradle\caches\modules-2\files-2.1\com.fasterxml.jackson.datatype\jackson-datatype-jsr310\2.9.6\ea54f6193d224e5e5732bbd4262327eb465397c2\jackson-datatype-jsr310-2.9.6.jar;C:\Users\jorge\.gradle\caches\modules-2\files-2.1\commons-io\commons-io\2.6\815893df5f31da2ece4040fe0a12fd44b577afaf\commons-io-2.6.jar;C:\Users\jorge\.gradle\caches\modules-2\files-2.1\org.springframework.security\spring-security-test\5.0.7.RELEASE\a74c9ab10d53baa3bb7a731753fe0c6d9ab9d848\spring-security-test-5.0.7.RELEASE.jar;C:\Users\jorge\.gradle\caches\modules-2\files-2.1\com.marcnuri\spring-common-test\0.0.2\da9c2c5e849c7dcbbe99d190bedffa5e6fe450a5\spring-common-test-0.0.2.jar;C:\Users\jorge\.gradle\caches\modules-2\files-2.1\org.hamcrest\java-hamcrest\2.0.0.0\f1c8853ade0ecf707f5a261c830e98893983813\java-hamcrest-2.0.0.0.jar;C:\Users\jorge\.gradle\caches\modules-2\files-2.1\org.powermock\powermock-module-junit4\2.0.0-RC.3\b9a04b492e2b93e93617ba457f76aebbf00fc221\powermock-module-junit4-2.0.0-RC.3.jar;C:\Users\jorge\.gradle\caches\modules-2\files-2.1\org.powermock\powermock-api-mockito2\2.0.0-RC.3\f85a8404be063ef15c5fdd3745b11d2fba875fcd\powermock-api-mockito2-2.0.0-RC.3.jar;C:\Users\jorge\.gradle\caches\modules-2\files-2.1\org.springframework.boot\spring-boot-test-autoconfigure\2.0.4.RELEASE\8a2e3f31e607fdb08deda2f59263ce177f1c4310\spring-boot-test-autoconfigure-2.0.4.RELEASE.jar;C:\Users\jorge\.gradle\caches\modules-2\files-2.1\org.springframework.boot\spring-boot-test\2.0.4.RELEASE\8a17fc3cf16b6d75f2ba132ade04409a670095de\spring-boot-test-2.0.4.RELEASE.jar;C:\Users\jorge\.gradle\caches\modules-2\files-2.1\org.springframework.boot\spring-boot-autoconfigure\2.0.4.RELEASE\65cd1244d606acc02ab7bfc47a203a3fe2400dda\spring-boot-autoconfigure-2.0.4.RELEASE.jar;C:\Users\jorge\.gradle\caches\modules-2\files-2.1\org.springframework.boot\spring-boot-actuator\2.0.4.RELEASE\9c02c968eb50a7cdc14fc4c7b586d767df6dc48d\spring-boot-actuator-2.0.4.RELEASE.jar;C:\Users\jorge\.gradle\caches\modules-2\files-2.1\org.springframework.boot\spring-boot\2.0.4.RELEASE\c8619c5b06d4dcdb4cac1e5e9c839e6e8b1c8574\spring-boot-2.0.4.RELEASE.jar;C:\Users\jorge\.gradle\caches\modules-2\files-2.1\org.springframework.boot\spring-boot-starter-logging\2.0.4.RELEASE\dcd1a2c431c970f44adae64d9145133979a513ab\spring-boot-starter-logging-2.0.4.RELEASE.jar;C:\Users\jorge\.gradle\caches\modules-2\files-2.1\org.springframework.boot\spring-boot-starter-tomcat\2.0.4.RELEASE\dcf28989a34b0801fea0e810c371fb9dab1e7784\spring-boot-starter-tomcat-2.0.4.RELEASE.jar;C:\Users\jorge\.gradle\caches\modules-2\files-2.1\javax.annotation\javax.annotation-api\1.3.2\934c04d3cfef185a8008e7bf34331b79730a9d43\javax.annotation-api-1.3.2.jar;C:\Users\jorge\.gradle\caches\modules-2\files-2.1\org.springframework.security\spring-security-config\5.0.7.RELEASE\d702e01048687db4ec6c97fb32d28ffbe348b3e\spring-security-config-5.0.7.RELEASE.jar;C:\Users\jorge\.gradle\caches\modules-2\files-2.1\org.springframework.security\spring-security-web\5.0.7.RELEASE\bab3ed579d4550bb5cc40b0a7fddd0106db7c66\spring-security-web-5.0.7.RELEASE.jar;C:\Users\jorge\.gradle\caches\modules-2\files-2.1\org.springframework.hateoas\spring-hateoas\0.25.0.RELEASE\22d1abd575426709734ab83e7d81d6deb4addbf6\spring-hateoas-0.25.0.RELEASE.jar;C:\Users\jorge\.gradle\caches\modules-2\files-2.1\org.springframework\spring-webflux\5.0.8.RELEASE\d16ce1cf6f95771e821619d6ef13c1f0333fafb\spring-webflux-5.0.8.RELEASE.jar;C:\Users\jorge\.gradle\caches\modules-2\files-2.1\org.springframework\spring-webmvc\5.0.8.RELEASE\7e5fe57590ca8e4468e50fe1d92b0b67aa4a327a\spring-webmvc-5.0.8.RELEASE.jar;C:\Users\jorge\.gradle\caches\modules-2\files-2.1\org.springframework\spring-web\5.0.8.RELEASE\fa43cdadb4ab2491fd1d0ddb06c0808e4b60fc85\spring-web-5.0.8.RELEASE.jar;C:\Users\jorge\.gradle\caches\modules-2\files-2.1\org.springframework\spring-test\5.0.8.RELEASE\5782619373bd7e7b7d9106203c317b04bb613ebb\spring-test-5.0.8.RELEASE.jar;C:\Users\jorge\.gradle\caches\modules-2\files-2.1\org.springframework.security\spring-security-core\5.0.7.RELEASE\40a0c57af6b4c3f8c611216d2579c6ab19672694\spring-security-core-5.0.7.RELEASE.jar;C:\Users\jorge\.gradle\caches\modules-2\files-2.1\org.springframework.plugin\spring-plugin-core\1.2.0.RELEASE\f380e7760032e7d929184f8ad8a33716b75c0657\spring-plugin-core-1.2.0.RELEASE.jar;C:\Users\jorge\.gradle\caches\modules-2\files-2.1\org.springframework\spring-context\5.0.8.RELEASE\3a067d8990761111c9b6d1d895640be26cc1fb38\spring-context-5.0.8.RELEASE.jar;C:\Users\jorge\.gradle\caches\modules-2\files-2.1\org.springframework\spring-aop\5.0.8.RELEASE\f5086c1a3185c481104511837427b39a07a57aa2\spring-aop-5.0.8.RELEASE.jar;C:\Users\jorge\.gradle\caches\modules-2\files-2.1\org.springframework\spring-beans\5.0.8.RELEASE\5fc965d3e7f5515099244857a8ae9e2a208c169b\spring-beans-5.0.8.RELEASE.jar;C:\Users\jorge\.gradle\caches\modules-2\files-2.1\org.springframework\spring-expression\5.0.8.RELEASE\f23158f22c917df2cddf2ecebc398a9e95f95fae\spring-expression-5.0.8.RELEASE.jar;C:\Users\jorge\.gradle\caches\modules-2\files-2.1\org.springframework\spring-core\5.0.8.RELEASE\dc39c49e3246cdf73d3786ac41119140aed3fa08\spring-core-5.0.8.RELEASE.jar;C:\Users\jorge\.gradle\caches\modules-2\files-2.1\org.yaml\snakeyaml\1.19\2d998d3d674b172a588e54ab619854d073f555b5\snakeyaml-1.19.jar;C:\Users\jorge\.gradle\caches\modules-2\files-2.1\io.micrometer\micrometer-core\1.0.6\50299bc8a34c251d62311bbb1a297f3942a82e42\micrometer-core-1.0.6.jar;C:\Users\jorge\.gradle\caches\modules-2\files-2.1\org.springframework.boot\spring-boot-starter-reactor-netty\2.0.4.RELEASE\ed4ac88f7fc699a9cbb6ee804a26e2e30239ca35\spring-boot-starter-reactor-netty-2.0.4.RELEASE.jar;C:\Users\jorge\.gradle\caches\modules-2\files-2.1\org.hibernate.validator\hibernate-validator\6.0.11.Final\36f9d10a11e4768f55e8fb91ebe4338a5c43954e\hibernate-validator-6.0.11.Final.jar;C:\Users\jorge\.gradle\caches\modules-2\files-2.1\org.synchronoss.cloud\nio-multipart-parser\1.1.0\c6c417fec6612584b1c34d4dd98c5a4e47e8c754\nio-multipart-parser-1.1.0.jar;C:\Users\jorge\.gradle\caches\modules-2\files-2.1\javax.activation\activation\1.1\e6cb541461c2834bdea3eb920f1884d1eb508b50\activation-1.1.jar;C:\Users\jorge\.gradle\caches\modules-2\files-2.1\com.fasterxml.jackson.datatype\jackson-datatype-jdk8\2.9.6\456895fc91bf7180b216fead220373e6278230c9\jackson-datatype-jdk8-2.9.6.jar;C:\Users\jorge\.gradle\caches\modules-2\files-2.1\com.fasterxml.jackson.module\jackson-module-parameter-names\2.9.6\129acd77a4b6ee30d62d3a0899b1344c8ec2bff8\jackson-module-parameter-names-2.9.6.jar;C:\Users\jorge\.gradle\caches\modules-2\files-2.1\com.fasterxml.jackson.core\jackson-databind\2.9.6\cfa4f316351a91bfd95cb0644c6a2c95f52db1fc\jackson-databind-2.9.6.jar;C:\Users\jorge\.gradle\caches\modules-2\files-2.1\com.fasterxml.jackson.core\jackson-annotations\2.9.0\7c10d545325e3a6e72e06381afe469fd40eb701\jackson-annotations-2.9.0.jar;C:\Users\jorge\.gradle\caches\modules-2\files-2.1\com.fasterxml.jackson.core\jackson-core\2.9.6\4e393793c37c77e042ccc7be5a914ae39251b365\jackson-core-2.9.6.jar;C:\Users\jorge\.gradle\caches\modules-2\files-2.1\com.jayway.jsonpath\json-path\2.4.0\765a4401ceb2dc8d40553c2075eb80a8fa35c2ae\json-path-2.4.0.jar;C:\Users\jorge\.gradle\caches\modules-2\files-2.1\org.powermock\powermock-module-junit4-common\2.0.0-RC.3\f09137abdf1aeea2df214037eab50ed864602c9a\powermock-module-junit4-common-2.0.0-RC.3.jar;C:\Users\jorge\.gradle\caches\modules-2\files-2.1\junit\junit\4.12\2973d150c0dc1fefe998f834810d68f278ea58ec\junit-4.12.jar;C:\Users\jorge\.gradle\caches\modules-2\files-2.1\org.assertj\assertj-core\3.9.1\c5ce126b15f28d56cd8f960c1a6a058b9c9aea87\assertj-core-3.9.1.jar;C:\Users\jorge\.gradle\caches\modules-2\files-2.1\org.mockito\mockito-core\2.15.0\b84bfbbc29cd22c9529409627af6ea2897f4fa85\mockito-core-2.15.0.jar;C:\Users\jorge\.gradle\caches\modules-2\files-2.1\org.hamcrest\hamcrest-library\1.3\4785a3c21320980282f9f33d0d1264a69040538f\hamcrest-library-1.3.jar;C:\Users\jorge\.gradle\caches\modules-2\files-2.1\org.hamcrest\hamcrest-core\1.3\42a25dc3219429f0e5d060061f71acb49bf010a0\hamcrest-core-1.3.jar;C:\Users\jorge\.gradle\caches\modules-2\files-2.1\org.skyscreamer\jsonassert\1.5.0\6c9d5fe2f59da598d9aefc1cfc6528ff3cf32df3\jsonassert-1.5.0.jar;C:\Users\jorge\.gradle\caches\modules-2\files-2.1\org.xmlunit\xmlunit-core\2.5.1\4ffdb346572a7356f7521cd3119ce5287d2e339d\xmlunit-core-2.5.1.jar;C:\Users\jorge\.gradle\caches\modules-2\files-2.1\org.powermock\powermock-api-support\2.0.0-RC.3\a23d6bdbcf865513c9f6992134152be80504e499\powermock-api-support-2.0.0-RC.3.jar;C:\Users\jorge\.gradle\caches\modules-2\files-2.1\ch.qos.logback\logback-classic\1.2.3\7c4f3c474fb2c041d8028740440937705ebb473a\logback-classic-1.2.3.jar;C:\Users\jorge\.gradle\caches\modules-2\files-2.1\org.apache.logging.log4j\log4j-to-slf4j\2.10.0\f7e631ccf49cfc0aefa4a2a728da7d374c05bd3c\log4j-to-slf4j-2.10.0.jar;C:\Users\jorge\.gradle\caches\modules-2\files-2.1\org.slf4j\jul-to-slf4j\1.7.25\af5364cd6679bfffb114f0dec8a157aaa283b76\jul-to-slf4j-1.7.25.jar;C:\Users\jorge\.gradle\caches\modules-2\files-2.1\org.springframework\spring-jcl\5.0.8.RELEASE\a1fa8fb560fb252321776e16bc9ac8201af4ef5e\spring-jcl-5.0.8.RELEASE.jar;C:\Users\jorge\.gradle\caches\modules-2\files-2.1\org.hdrhistogram\HdrHistogram\2.1.10\9e1ac84eed220281841b75e72fb9de5a297fbf04\HdrHistogram-2.1.10.jar;C:\Users\jorge\.gradle\caches\modules-2\files-2.1\org.latencyutils\LatencyUtils\2.0.3\769c0b82cb2421c8256300e907298a9410a2a3d3\LatencyUtils-2.0.3.jar;C:\Users\jorge\.gradle\caches\modules-2\files-2.1\org.synchronoss.cloud\nio-stream-storage\1.1.3\986dba5f6e5eed20f0dba6ddc8e8a64a9ebdc2f3\nio-stream-storage-1.1.3.jar;C:\Users\jorge\.gradle\caches\modules-2\files-2.1\org.slf4j\slf4j-api\1.7.25\da76ca59f6a57ee3102f8f9bd9cee742973efa8a\slf4j-api-1.7.25.jar;C:\Users\jorge\.gradle\caches\modules-2\files-2.1\io.projectreactor.ipc\reactor-netty\0.7.8.RELEASE\fe25c7d3042b6005690f7d243cef987b696a12ee\reactor-netty-0.7.8.RELEASE.jar;C:\Users\jorge\.gradle\caches\modules-2\files-2.1\javax.validation\validation-api\2.0.1.Final\cb855558e6271b1b32e716d24cb85c7f583ce09e\validation-api-2.0.1.Final.jar;C:\Users\jorge\.gradle\caches\modules-2\files-2.1\org.jboss.logging\jboss-logging\3.3.2.Final\3789d00e859632e6c6206adc0c71625559e6e3b0\jboss-logging-3.3.2.Final.jar;C:\Users\jorge\.gradle\caches\modules-2\files-2.1\com.fasterxml\classmate\1.3.4\3d5f48f10bbe4eb7bd862f10c0583be2e0053c6\classmate-1.3.4.jar;C:\Users\jorge\.gradle\caches\modules-2\files-2.1\io.projectreactor\reactor-core\3.1.8.RELEASE\3bcc30f9161d3d17abe44b4aa20e397e5170566e\reactor-core-3.1.8.RELEASE.jar;C:\Users\jorge\.gradle\caches\modules-2\files-2.1\net.minidev\json-smart\2.3\7396407491352ce4fa30de92efb158adb76b5b\json-smart-2.3.jar;C:\Users\jorge\.gradle\caches\modules-2\files-2.1\org.powermock\powermock-core\2.0.0-RC.3\f958479ea1f0d1ba37cf65b6612fccfbaf4d8dd3\powermock-core-2.0.0-RC.3.jar;C:\Users\jorge\.gradle\caches\modules-2\files-2.1\org.powermock\powermock-reflect\2.0.0-RC.3\c10437486ae35b91666c2591fd7b1a8054b4573c\powermock-reflect-2.0.0-RC.3.jar;C:\Users\jorge\.gradle\caches\modules-2\files-2.1\net.bytebuddy\byte-buddy\1.7.11\f02857a4e2c66ccbe7aaad6100a0a6c461bce9b3\byte-buddy-1.7.11.jar;C:\Users\jorge\.gradle\caches\modules-2\files-2.1\net.bytebuddy\byte-buddy-agent\1.7.11\b425a8933ca07edd03c6dbc8bc3b595fba9780de\byte-buddy-agent-1.7.11.jar;C:\Users\jorge\.gradle\caches\modules-2\files-2.1\org.objenesis\objenesis\3.0.1\11cfac598df9dc48bb9ed9357ed04212694b7808\objenesis-3.0.1.jar;C:\Users\jorge\.gradle\caches\modules-2\files-2.1\com.vaadin.external.google\android-json\0.0.20131108.vaadin1\fa26d351fe62a6a17f5cda1287c1c6110dec413f\android-json-0.0.20131108.vaadin1.jar;C:\Users\jorge\.gradle\caches\modules-2\files-2.1\ch.qos.logback\logback-core\1.2.3\864344400c3d4d92dfeb0a305dc87d953677c03c\logback-core-1.2.3.jar;C:\Users\jorge\.gradle\caches\modules-2\files-2.1\org.apache.logging.log4j\log4j-api\2.10.0\fec5797a55b786184a537abd39c3fa1449d752d6\log4j-api-2.10.0.jar;C:\Users\jorge\.gradle\caches\modules-2\files-2.1\org.apache.tomcat.embed\tomcat-embed-websocket\8.5.32\ea5302e378f1449d4e5dda79e8d810c1e7931f91\tomcat-embed-websocket-8.5.32.jar;C:\Users\jorge\.gradle\caches\modules-2\files-2.1\org.apache.tomcat.embed\tomcat-embed-core\8.5.32\6bc6896200146010cc4666bdc6b9b0cbb453ee22\tomcat-embed-core-8.5.32.jar;C:\Users\jorge\.gradle\caches\modules-2\files-2.1\org.apache.tomcat.embed\tomcat-embed-el\8.5.32\e4fd0ee015d83fa1c5ec93ff1d05bdaf9a4480c5\tomcat-embed-el-8.5.32.jar;C:\Users\jorge\.gradle\caches\modules-2\files-2.1\io.netty\netty-handler-proxy\4.1.27.Final\1a822ce7760bc6eb4937b7e448c9e081fedcc807\netty-handler-proxy-4.1.27.Final.jar;C:\Users\jorge\.gradle\caches\modules-2\files-2.1\io.netty\netty-codec-http\4.1.27.Final\a1722d6bcbbef1c4c7877e8bf38b07a3db5ed07f\netty-codec-http-4.1.27.Final.jar;C:\Users\jorge\.gradle\caches\modules-2\files-2.1\io.netty\netty-handler\4.1.27.Final\21bd9cf565390a8d72579b8664303e3c175dfc6a\netty-handler-4.1.27.Final.jar;C:\Users\jorge\.gradle\caches\modules-2\files-2.1\io.netty\netty-transport-native-epoll\4.1.27.Final\8c3a61a7dd53eafe2f0fe31356f1379598f74517\netty-transport-native-epoll-4.1.27.Final-linux-x86_64.jar;C:\Users\jorge\.gradle\caches\modules-2\files-2.1\org.reactivestreams\reactive-streams\1.0.2\323964c36556eb0e6209f65c1cef72b53b461ab8\reactive-streams-1.0.2.jar;C:\Users\jorge\.gradle\caches\modules-2\files-2.1\net.minidev\accessors-smart\1.2\c592b500269bfde36096641b01238a8350f8aa31\accessors-smart-1.2.jar;C:\Users\jorge\.gradle\caches\modules-2\files-2.1\org.javassist\javassist\3.24.0-GA\d7466fc2e3af7c023e95c510f06448ad29b225b3\javassist-3.24.0-GA.jar;C:\Users\jorge\.gradle\caches\modules-2\files-2.1\io.netty\netty-codec-socks\4.1.27.Final\285b09af98764cf02e4b77b3d95af188469a7133\netty-codec-socks-4.1.27.Final.jar;C:\Users\jorge\.gradle\caches\modules-2\files-2.1\io.netty\netty-codec\4.1.27.Final\d2653d78ebaa650064768fb26b10051f5c8efb2c\netty-codec-4.1.27.Final.jar;C:\Users\jorge\.gradle\caches\modules-2\files-2.1\io.netty\netty-transport-native-unix-common\4.1.27.Final\2b0667fe5c1df78c6cfbf9d53ad8b1fb533fb8e8\netty-transport-native-unix-common-4.1.27.Final.jar;C:\Users\jorge\.gradle\caches\modules-2\files-2.1\io.netty\netty-transport\4.1.27.Final\b5c2da3ea89dd67320925f1504c9eb3615241b7c\netty-transport-4.1.27.Final.jar;C:\Users\jorge\.gradle\caches\modules-2\files-2.1\io.netty\netty-buffer\4.1.27.Final\aafe2b9fb0d8f3b200cf10b9fd6486c6a722d7a1\netty-buffer-4.1.27.Final.jar;C:\Users\jorge\.gradle\caches\modules-2\files-2.1\io.netty\netty-resolver\4.1.27.Final\2536447ef9605ccb2b5203aa22392c6514484ea9\netty-resolver-4.1.27.Final.jar;C:\Users\jorge\.gradle\caches\modules-2\files-2.1\io.netty\netty-common\4.1.27.Final\6a12a969c27fb37b230c4bde5a67bd822fa6b7a4\netty-common-4.1.27.Final.jar;C:\Users\jorge\.gradle\caches\modules-2\files-2.1\org.ow2.asm\asm\5.0.4\da08b8cce7bbf903602a25a3a163ae252435795\asm-5.0.4.jar, user.name=jorge, java.vm.specification.version=1.8, sun.java.command=worker.org.gradle.process.internal.worker.GradleWorkerMain 'Gradle Test Executor 3', java.home=C:\Program Files\AdoptOpenJDK\jdk-8.0.242.08-hotspot\jre, sun.arch.data.model=64, user.language=en, java.specification.vendor=Oracle Corporation, awt.toolkit=sun.awt.windows.WToolkit, java.vm.info=mixed mode, java.version=1.8.0_242, java.ext.dirs=C:\Program Files\AdoptOpenJDK\jdk-8.0.242.08-hotspot\jre\lib\ext;C:\Windows\Sun\Java\lib\ext, sun.boot.class.path=C:\Program Files\AdoptOpenJDK\jdk-8.0.242.08-hotspot\jre\lib\resources.jar;C:\Program Files\AdoptOpenJDK\jdk-8.0.242.08-hotspot\jre\lib\rt.jar;C:\Program Files\AdoptOpenJDK\jdk-8.0.242.08-hotspot\jre\lib\sunrsasign.jar;C:\Program Files\AdoptOpenJDK\jdk-8.0.242.08-hotspot\jre\lib\jsse.jar;C:\Program Files\AdoptOpenJDK\jdk-8.0.242.08-hotspot\jre\lib\jce.jar;C:\Program Files\AdoptOpenJDK\jdk-8.0.242.08-hotspot\jre\lib\charsets.jar;C:\Program Files\AdoptOpenJDK\jdk-8.0.242.08-hotspot\jre\lib\jfr.jar;C:\Program Files\AdoptOpenJDK\jdk-8.0.242.08-hotspot\jre\classes, java.vendor=AdoptOpenJDK, org.gradle.test.worker=3, file.separator=\, java.vendor.url.bug=http://bugreport.sun.com/bugreport/, sun.io.unicode.encoding=UnicodeLittle, sun.cpu.endian=little, sun.desktop=windows, sun.cpu.isalist=amd64}}, SystemEnvironmentPropertySource@424885820 {name='systemEnvironment', properties={USERDOMAIN_ROAMINGPROFILE=DESKTOP-U7U4TE6, PROCESSOR_LEVEL=6, VS140COMNTOOLS=C:\Program Files (x86)\Microsoft Visual Studio 14.0\Common7\Tools\, ALLUSERSPROFILE=C:\ProgramData, PROCESSOR_ARCHITECTURE=AMD64, PSModulePath=C:\Users\jorge\Documents\WindowsPowerShell\Modules;C:\Program Files\WindowsPowerShell\Modules;C:\Windows\system32\WindowsPowerShell\v1.0\Modules, SystemDrive=C:, =ExitCode=00000000, DIRNAME=C:\azure-devops\git\eShopOnContainers\src\Web\WebImapClient\Client\server\, USERNAME=jorge, CMD_LINE_ARGS=b, ProgramFiles(x86)=C:\Program Files (x86), APP_HOME=C:\azure-devops\git\eShopOnContainers\src\Web\WebImapClient\Client\server\, PATHEXT=.COM;.EXE;.BAT;.CMD;.VBS;.VBE;.JS;.JSE;.WSF;.WSH;.MSC;.CPL, DriverData=C:\Windows\System32\Drivers\DriverData, OneDriveConsumer=C:\Users\jorge\OneDrive, ProgramData=C:\ProgramData, ProgramW6432=C:\Program Files, HOMEPATH=\Users\jorge, PROCESSOR_IDENTIFIER=Intel64 Family 6 Model 158 Stepping 13, GenuineIntel, ProgramFiles=C:\Program Files, PUBLIC=C:\Users\Public, windir=C:\Windows, _SKIP=2, LOCALAPPDATA=C:\Users\jorge\AppData\Local, ChocolateyLastPathUpdate=132229495750090469, USERDOMAIN=DESKTOP-U7U4TE6, LOGONSERVER=\\DESKTOP-U7U4TE6, PROMPT=$P$G, OneDrive=C:\Users\jorge\OneDrive, =C:=C:\azure-devops\git\eShopOnContainers\src\Web\WebImapClient\Client\server, APPDATA=C:\Users\jorge\AppData\Roaming, JAVA_EXE=java.exe, ChocolateyInstall=C:\ProgramData\chocolatey, CommonProgramFiles=C:\Program Files\Common Files, Path=C:\Program Files\AdoptOpenJDK\jdk-8.0.242.08-hotspot\bin;C:\Program Files (x86)\Common Files\Oracle\Java\javapath;C:\Python27\;C:\Python27\Scripts;C:\ProgramData\DockerDesktop\version-bin;C:\Program Files\Docker\Docker\Resources\bin;C:\Windows\system32;C:\Windows;C:\Windows\System32\Wbem;C:\Windows\System32\WindowsPowerShell\v1.0\;C:\Windows\System32\OpenSSH\;C:\Program Files (x86)\NVIDIA Corporation\PhysX\Common;C:\Program Files\dotnet\;C:\Program Files\Microsoft SQL Server\130\Tools\Binn\;C:\Program Files\Microsoft SQL Server\Client SDK\ODBC\170\Tools\Binn\;C:\Program Files (x86)\Microsoft SQL Server\150\DTS\Binn\;C:\Program Files\Git\cmd;C:\Program Files (x86)\Microsoft ASP.NET\ASP.NET Web Pages\v1.0\;C:\Program Files\Microsoft SQL Server\110\Tools\Binn\;C:\Users\jorge\.dnx\bin;C:\Program Files\Microsoft DNX\Dnvm\;C:\Program Files\nodejs\;C:\ProgramData\chocolatey\bin;C:\Program Files\Microsoft\Web Platform Installer\;C:\Users\jorge\AppData\Local\Microsoft\WindowsApps;C:\Users\jorge\AppData\Local\Programs\Microsoft VS Code\bin;C:\Users\jorge\.dotnet\tools;C:\Users\jorge\AppData\Roaming\npm;C:\Users\jorge\AppData\Local\GitHubDesktop\bin, OS=Windows_NT, COMPUTERNAME=DESKTOP-U7U4TE6, PROCESSOR_REVISION=9e0d, CLASSPATH=C:\azure-devops\git\eShopOnContainers\src\Web\WebImapClient\Client\server\\gradle\wrapper\gradle-wrapper.jar, CommonProgramW6432=C:\Program Files\Common Files, ComSpec=C:\Windows\system32\cmd.exe, APP_BASE_NAME=gradlew, SystemRoot=C:\Windows, TEMP=C:\Users\jorge\AppData\Local\Temp, HOMEDRIVE=C:, USERPROFILE=C:\Users\jorge, TMP=C:\Users\jorge\AppData\Local\Temp, VS110COMNTOOLS=C:\Program Files (x86)\Microsoft Visual Studio 11.0\Common7\Tools\, CommonProgramFiles(x86)=C:\Program Files (x86)\Common Files, NUMBER_OF_PROCESSORS=12}}]
17:43:15.120 [Test worker] DEBUG org.springframework.web.servlet.mvc.method.annotation.RequestMappingHandlerMapping - Looking for request mappings in application context: org.springframework.test.web.servlet.setup.StubWebApplicationContext@e18c3d
17:43:15.124 [Test worker] DEBUG org.springframework.web.servlet.mvc.method.annotation.RequestMappingHandlerMapping - 17 request handler methods found on class com.marcnuri.isotope.api.folder.FolderResource: {public org.springframework.http.ResponseEntity com.marcnuri.isotope.api.folder.FolderResource.getMessage(java.lang.String,java.lang.Long)={[/v1/folders/{folderId}/messages/{messageId}],methods=[GET]}, public org.springframework.http.ResponseEntity com.marcnuri.isotope.api.folder.FolderResource.getFolders(java.lang.Boolean)={[/v1/folders],methods=[GET],produces=[application/hal+json]}, public org.springframework.http.ResponseEntity com.marcnuri.isotope.api.folder.FolderResource.setMessageFlagged(java.lang.String,java.lang.Long,boolean)={[/v1/folders/{folderId}/messages/{messageId}/flagged],methods=[PUT]}, public org.springframework.http.ResponseEntity com.marcnuri.isotope.api.folder.FolderResource.deleteAllFolderMessages(java.lang.String)={[/v1/folders/{folderId}/messages],methods=[DELETE]}, public org.springframework.http.ResponseEntity com.marcnuri.isotope.api.folder.FolderResource.createChildFolder(java.lang.String,java.lang.String)={[/v1/folders/{folderId}],methods=[POST],produces=[application/hal+json]}, public org.springframework.http.ResponseEntity com.marcnuri.isotope.api.folder.FolderResource.moveMessage(java.lang.String,java.lang.Long,java.lang.String)={[/v1/folders/{fromFolderId}/messages/{messageId}/folder/{toFolderId}],methods=[PUT]}, public org.springframework.http.ResponseEntity com.marcnuri.isotope.api.folder.FolderResource.moveMessages(java.lang.String,java.lang.String,java.util.List)={[/v1/folders/{fromFolderId}/messages/folder/{toFolderId}],methods=[PUT]}, public org.springframework.http.ResponseEntity com.marcnuri.isotope.api.folder.FolderResource.setMessageSeen(java.lang.String,java.lang.Long,boolean)={[/v1/folders/{folderId}/messages/{messageId}/seen],methods=[PUT]}, public org.springframework.http.ResponseEntity com.marcnuri.isotope.api.folder.FolderResource.setMessagesSeen(java.lang.String,java.lang.Boolean,java.util.List)={[/v1/folders/{folderId}/messages/seen/{seen}],methods=[PUT]}, public org.springframework.http.ResponseEntity com.marcnuri.isotope.api.folder.FolderResource.getAttachment(java.lang.String,java.lang.Long,java.lang.String,java.lang.Boolean,javax.servlet.http.HttpServletResponse)={[/v1/folders/{folderId}/messages/{messageId}/attachments/{id}],methods=[GET]}, public org.springframework.http.ResponseEntity com.marcnuri.isotope.api.folder.FolderResource.deleteFolder(java.lang.String)={[/v1/folders/{folderId}],methods=[DELETE],produces=[application/hal+json]}, public org.springframework.http.ResponseEntity com.marcnuri.isotope.api.folder.FolderResource.renameFolder(java.lang.String,java.lang.String)={[/v1/folders/{folderId}/name],methods=[PUT],produces=[application/hal+json]}, public org.springframework.http.ResponseEntity com.marcnuri.isotope.api.folder.FolderResource.moveFolder(java.lang.String,java.lang.String)={[/v1/folders/{folderId}/parent],methods=[PUT],produces=[application/hal+json]}, public org.springframework.http.ResponseEntity com.marcnuri.isotope.api.folder.FolderResource.createRootFolder(java.lang.String)={[/v1/folders],methods=[POST],produces=[application/hal+json]}, public org.springframework.http.ResponseEntity com.marcnuri.isotope.api.folder.FolderResource.preloadMessages(java.lang.String,java.util.List)={[/v1/folders/{folderId}/messages],methods=[GET]}, public org.springframework.http.ResponseEntity com.marcnuri.isotope.api.folder.FolderResource.deleteMessages(java.lang.String,java.util.List)={[/v1/folders/{folderId}/messages],methods=[DELETE],params=[id]}, public reactor.core.publisher.Flux com.marcnuri.isotope.api.folder.FolderResource.getMessages(java.lang.String,javax.servlet.http.HttpServletResponse)={[/v1/folders/{folderId}/messages],methods=[GET],produces=[text/event-stream]}}
17:43:15.124 [Test worker] INFO org.springframework.web.servlet.mvc.method.annotation.RequestMappingHandlerMapping - Mapped "{[/v1/folders/{folderId}/messages/{messageId}],methods=[GET]}" onto public org.springframework.http.ResponseEntity<com.marcnuri.isotope.api.message.MessageWithFolder> com.marcnuri.isotope.api.folder.FolderResource.getMessage(java.lang.String,java.lang.Long)
17:43:15.124 [Test worker] INFO org.springframework.web.servlet.mvc.method.annotation.RequestMappingHandlerMapping - Mapped "{[/v1/folders],methods=[GET],produces=[application/hal+json]}" onto public org.springframework.http.ResponseEntity<java.util.List<com.marcnuri.isotope.api.folder.Folder>> com.marcnuri.isotope.api.folder.FolderResource.getFolders(java.lang.Boolean)
17:43:15.124 [Test worker] INFO org.springframework.web.servlet.mvc.method.annotation.RequestMappingHandlerMapping - Mapped "{[/v1/folders/{folderId}/messages/{messageId}/flagged],methods=[PUT]}" onto public org.springframework.http.ResponseEntity<java.lang.Void> com.marcnuri.isotope.api.folder.FolderResource.setMessageFlagged(java.lang.String,java.lang.Long,boolean)
17:43:15.124 [Test worker] INFO org.springframework.web.servlet.mvc.method.annotation.RequestMappingHandlerMapping - Mapped "{[/v1/folders/{folderId}/messages],methods=[DELETE]}" onto public org.springframework.http.ResponseEntity<com.marcnuri.isotope.api.folder.Folder> com.marcnuri.isotope.api.folder.FolderResource.deleteAllFolderMessages(java.lang.String)
17:43:15.124 [Test worker] INFO org.springframework.web.servlet.mvc.method.annotation.RequestMappingHandlerMapping - Mapped "{[/v1/folders/{folderId}],methods=[POST],produces=[application/hal+json]}" onto public org.springframework.http.ResponseEntity<com.marcnuri.isotope.api.folder.Folder> com.marcnuri.isotope.api.folder.FolderResource.createChildFolder(java.lang.String,java.lang.String)
17:43:15.124 [Test worker] INFO org.springframework.web.servlet.mvc.method.annotation.RequestMappingHandlerMapping - Mapped "{[/v1/folders/{fromFolderId}/messages/{messageId}/folder/{toFolderId}],methods=[PUT]}" onto public org.springframework.http.ResponseEntity<java.util.List<com.marcnuri.isotope.api.message.MessageWithFolder>> com.marcnuri.isotope.api.folder.FolderResource.moveMessage(java.lang.String,java.lang.Long,java.lang.String)
17:43:15.125 [Test worker] INFO org.springframework.web.servlet.mvc.method.annotation.RequestMappingHandlerMapping - Mapped "{[/v1/folders/{fromFolderId}/messages/folder/{toFolderId}],methods=[PUT]}" onto public org.springframework.http.ResponseEntity<java.util.List<com.marcnuri.isotope.api.message.MessageWithFolder>> com.marcnuri.isotope.api.folder.FolderResource.moveMessages(java.lang.String,java.lang.String,java.util.List<java.lang.Long>)
17:43:15.125 [Test worker] INFO org.springframework.web.servlet.mvc.method.annotation.RequestMappingHandlerMapping - Mapped "{[/v1/folders/{folderId}/messages/{messageId}/seen],methods=[PUT]}" onto public org.springframework.http.ResponseEntity<java.lang.Void> com.marcnuri.isotope.api.folder.FolderResource.setMessageSeen(java.lang.String,java.lang.Long,boolean)
17:43:15.125 [Test worker] INFO org.springframework.web.servlet.mvc.method.annotation.RequestMappingHandlerMapping - Mapped "{[/v1/folders/{folderId}/messages/seen/{seen}],methods=[PUT]}" onto public org.springframework.http.ResponseEntity<java.lang.Void> com.marcnuri.isotope.api.folder.FolderResource.setMessagesSeen(java.lang.String,java.lang.Boolean,java.util.List<java.lang.Long>)
17:43:15.125 [Test worker] INFO org.springframework.web.servlet.mvc.method.annotation.RequestMappingHandlerMapping - Mapped "{[/v1/folders/{folderId}/messages/{messageId}/attachments/{id}],methods=[GET]}" onto public org.springframework.http.ResponseEntity<java.lang.Void> com.marcnuri.isotope.api.folder.FolderResource.getAttachment(java.lang.String,java.lang.Long,java.lang.String,java.lang.Boolean,javax.servlet.http.HttpServletResponse)
17:43:15.125 [Test worker] INFO org.springframework.web.servlet.mvc.method.annotation.RequestMappingHandlerMapping - Mapped "{[/v1/folders/{folderId}],methods=[DELETE],produces=[application/hal+json]}" onto public org.springframework.http.ResponseEntity<com.marcnuri.isotope.api.folder.Folder> com.marcnuri.isotope.api.folder.FolderResource.deleteFolder(java.lang.String)
17:43:15.125 [Test worker] INFO org.springframework.web.servlet.mvc.method.annotation.RequestMappingHandlerMapping - Mapped "{[/v1/folders/{folderId}/name],methods=[PUT],produces=[application/hal+json]}" onto public org.springframework.http.ResponseEntity<com.marcnuri.isotope.api.folder.Folder> com.marcnuri.isotope.api.folder.FolderResource.renameFolder(java.lang.String,java.lang.String)
17:43:15.125 [Test worker] INFO org.springframework.web.servlet.mvc.method.annotation.RequestMappingHandlerMapping - Mapped "{[/v1/folders/{folderId}/parent],methods=[PUT],produces=[application/hal+json]}" onto public org.springframework.http.ResponseEntity<com.marcnuri.isotope.api.folder.Folder> com.marcnuri.isotope.api.folder.FolderResource.moveFolder(java.lang.String,java.lang.String)
17:43:15.126 [Test worker] INFO org.springframework.web.servlet.mvc.method.annotation.RequestMappingHandlerMapping - Mapped "{[/v1/folders],methods=[POST],produces=[application/hal+json]}" onto public org.springframework.http.ResponseEntity<java.util.List<com.marcnuri.isotope.api.folder.Folder>> com.marcnuri.isotope.api.folder.FolderResource.createRootFolder(java.lang.String)
17:43:15.126 [Test worker] INFO org.springframework.web.servlet.mvc.method.annotation.RequestMappingHandlerMapping - Mapped "{[/v1/folders/{folderId}/messages],methods=[GET]}" onto public org.springframework.http.ResponseEntity<java.util.List<com.marcnuri.isotope.api.message.Message>> com.marcnuri.isotope.api.folder.FolderResource.preloadMessages(java.lang.String,java.util.List<java.lang.Long>)
17:43:15.126 [Test worker] INFO org.springframework.web.servlet.mvc.method.annotation.RequestMappingHandlerMapping - Mapped "{[/v1/folders/{folderId}/messages],methods=[DELETE],params=[id]}" onto public org.springframework.http.ResponseEntity<com.marcnuri.isotope.api.folder.Folder> com.marcnuri.isotope.api.folder.FolderResource.deleteMessages(java.lang.String,java.util.List<java.lang.Long>)
17:43:15.126 [Test worker] INFO org.springframework.web.servlet.mvc.method.annotation.RequestMappingHandlerMapping - Mapped "{[/v1/folders/{folderId}/messages],methods=[GET],produces=[text/event-stream]}" onto public reactor.core.publisher.Flux<org.springframework.http.codec.ServerSentEvent<java.util.List<com.marcnuri.isotope.api.message.Message>>> com.marcnuri.isotope.api.folder.FolderResource.getMessages(java.lang.String,javax.servlet.http.HttpServletResponse)
17:43:15.130 [Test worker] DEBUG org.hibernate.validator.internal.engine.resolver.TraversableResolvers - Cannot find javax.persistence.Persistence on classpath. Assuming non JPA 2 environment. All properties will per default be traversable.
17:43:15.131 [Test worker] DEBUG org.hibernate.validator.messageinterpolation.ResourceBundleMessageInterpolator - Loaded expression factory via original TCCL
17:43:15.131 [Test worker] DEBUG org.hibernate.validator.internal.engine.ConfigurationImpl - Setting custom MessageInterpolator of type org.springframework.validation.beanvalidation.LocaleContextMessageInterpolator
17:43:15.131 [Test worker] DEBUG org.hibernate.validator.internal.engine.ConfigurationImpl - Setting custom ParameterNameProvider of type org.springframework.validation.beanvalidation.LocalValidatorFactoryBean$1
17:43:15.131 [Test worker] DEBUG org.hibernate.validator.internal.xml.config.ValidationXmlParser - Trying to load META-INF/validation.xml for XML based Validator configuration.
17:43:15.131 [Test worker] DEBUG org.hibernate.validator.internal.xml.config.ResourceLoaderHelper - Trying to load META-INF/validation.xml via TCCL
17:43:15.131 [Test worker] DEBUG org.hibernate.validator.internal.xml.config.ResourceLoaderHelper - Trying to load META-INF/validation.xml via Hibernate Validator's class loader
17:43:15.131 [Test worker] DEBUG org.hibernate.validator.internal.xml.config.ValidationXmlParser - No META-INF/validation.xml found. Using annotation based configuration only.
17:43:15.134 [Test worker] DEBUG org.hibernate.validator.internal.engine.ValidatorFactoryImpl - HV000234: Using org.springframework.validation.beanvalidation.LocaleContextMessageInterpolator as ValidatorFactory-scoped message interpolator.
17:43:15.134 [Test worker] DEBUG org.hibernate.validator.internal.engine.ValidatorFactoryImpl - HV000234: Using org.hibernate.validator.internal.engine.resolver.TraverseAllTraversableResolver as ValidatorFactory-scoped traversable resolver.
17:43:15.134 [Test worker] DEBUG org.hibernate.validator.internal.engine.ValidatorFactoryImpl - HV000234: Using org.hibernate.validator.internal.util.ExecutableParameterNameProvider as ValidatorFactory-scoped parameter name provider.
17:43:15.134 [Test worker] DEBUG org.hibernate.validator.internal.engine.ValidatorFactoryImpl - HV000234: Using org.hibernate.validator.internal.engine.DefaultClockProvider as ValidatorFactory-scoped clock provider.
17:43:15.134 [Test worker] DEBUG org.hibernate.validator.internal.engine.ValidatorFactoryImpl - HV000234: Using org.hibernate.validator.internal.engine.scripting.DefaultScriptEvaluatorFactory as ValidatorFactory-scoped script evaluator factory.
17:43:15.135 [Test worker] INFO org.springframework.web.servlet.mvc.method.annotation.RequestMappingHandlerAdapter - Looking for @ControllerAdvice: org.springframework.test.web.servlet.setup.StubWebApplicationContext@e18c3d
17:43:15.136 [Test worker] DEBUG org.springframework.web.servlet.mvc.method.annotation.ExceptionHandlerExceptionResolver - Looking for exception mappings: org.springframework.test.web.servlet.setup.StubWebApplicationContext@e18c3d
17:43:15.136 [Test worker] DEBUG org.springframework.test.web.servlet.TestDispatcherServlet - Initializing servlet ''
17:43:15.136 [Test worker] INFO org.springframework.mock.web.MockServletContext - Initializing Spring FrameworkServlet ''
17:43:15.136 [Test worker] INFO org.springframework.test.web.servlet.TestDispatcherServlet - FrameworkServlet '': initialization started
17:43:15.136 [Test worker] DEBUG org.springframework.test.web.servlet.TestDispatcherServlet - Unable to locate MultipartResolver with name 'multipartResolver': no multipart request handling provided
17:43:15.136 [Test worker] DEBUG org.springframework.test.web.servlet.TestDispatcherServlet - Using LocaleResolver [org.springframework.web.servlet.i18n.AcceptHeaderLocaleResolver@22ed65d4]
17:43:15.136 [Test worker] DEBUG org.springframework.test.web.servlet.TestDispatcherServlet - Using ThemeResolver [org.springframework.web.servlet.theme.FixedThemeResolver@33b100fc]
17:43:15.136 [Test worker] DEBUG org.springframework.test.web.servlet.TestDispatcherServlet - Using RequestToViewNameTranslator [org.springframework.web.servlet.view.DefaultRequestToViewNameTranslator@68d60b4b]
17:43:15.136 [Test worker] DEBUG org.springframework.test.web.servlet.TestDispatcherServlet - Using FlashMapManager [org.springframework.web.servlet.support.SessionFlashMapManager@450a3bf9]
17:43:15.136 [Test worker] DEBUG org.springframework.test.web.servlet.TestDispatcherServlet - Published WebApplicationContext of servlet '' as ServletContext attribute with name [org.springframework.web.servlet.FrameworkServlet.CONTEXT.]
17:43:15.136 [Test worker] INFO org.springframework.test.web.servlet.TestDispatcherServlet - FrameworkServlet '': initialization completed in 0 ms
17:43:15.137 [Test worker] DEBUG org.springframework.test.web.servlet.TestDispatcherServlet - Servlet '' configured successfully
17:43:15.137 [Test worker] DEBUG org.springframework.test.web.servlet.TestDispatcherServlet - DispatcherServlet with name '' processing GET request for [/v1/folders/MTMzNw==/messages/1337]
17:43:15.137 [Test worker] DEBUG org.springframework.web.servlet.mvc.method.annotation.RequestMappingHandlerMapping - Looking up handler method for path /v1/folders/MTMzNw==/messages/1337
17:43:15.138 [Test worker] DEBUG org.springframework.web.servlet.mvc.method.annotation.RequestMappingHandlerMapping - Returning handler method [public org.springframework.http.ResponseEntity<com.marcnuri.isotope.api.message.MessageWithFolder> com.marcnuri.isotope.api.folder.FolderResource.getMessage(java.lang.String,java.lang.Long)]
17:43:15.138 [Test worker] DEBUG org.springframework.test.web.servlet.TestDispatcherServlet - Last-Modified value for [/v1/folders/MTMzNw==/messages/1337] is: -1
17:43:15.138 [Test worker] DEBUG com.marcnuri.isotope.api.folder.FolderResource - Loading message 1337 from folder MTMzNw==
17:43:15.139 [Test worker] DEBUG org.springframework.beans.factory.support.DefaultListableBeanFactory - Returning cached instance of singleton bean 'prototypeImapService'
17:43:15.147 [Test worker] DEBUG org.springframework.web.servlet.mvc.method.annotation.HttpEntityMethodProcessor - Written [links: []] as "application/hal+json" using [org.springframework.http.converter.json.MappingJackson2HttpMessageConverter@2af89752]
17:43:15.148 [Test worker] DEBUG org.springframework.test.web.servlet.TestDispatcherServlet - Null ModelAndView returned to DispatcherServlet with name '': assuming HandlerAdapter completed request handling
17:43:15.148 [Test worker] DEBUG org.springframework.test.web.servlet.TestDispatcherServlet - Successfully completed request
17:43:15.148 [Test worker] DEBUG com.jayway.jsonpath.internal.path.CompiledPath - Evaluating path: $['uid']
17:43:15.148 [Test worker] DEBUG com.jayway.jsonpath.internal.path.CompiledPath - Evaluating path: $['uid']
17:43:15.148 [Test worker] DEBUG com.jayway.jsonpath.internal.path.CompiledPath - Evaluating path: $['subject']
17:43:15.148 [Test worker] DEBUG com.jayway.jsonpath.internal.path.CompiledPath - Evaluating path: $['folder']['folderId']
17:43:15.148 [Test worker] DEBUG org.springframework.test.context.cache.DefaultCacheAwareContextLoaderDelegate - Retrieved ApplicationContext from cache with key [[MergedContextConfiguration@690d0075 testClass = FolderResourceTest, locations = '{}', classes = '{class com.marcnuri.isotope.api.folder.FolderResource}', contextInitializerClasses = '[]', activeProfiles = '{}', propertySourceLocations = '{}', propertySourceProperties = '{}', contextCustomizers = set[org.springframework.boot.test.autoconfigure.properties.PropertyMappingContextCustomizer@0, org.springframework.boot.test.autoconfigure.web.servlet.WebDriverContextCustomizerFactory$Customizer@42a343c1, org.springframework.boot.test.context.filter.ExcludeFilterContextCustomizer@3d8dc3, org.springframework.boot.test.json.DuplicateJsonObjectContextCustomizerFactory$DuplicateJsonObjectContextCustomizer@5f493529, org.springframework.boot.test.mock.mockito.MockitoContextCustomizer@8186d819], contextLoader = 'org.springframework.test.context.support.DelegatingSmartContextLoader', parent = [null]]]
17:43:15.148 [Test worker] DEBUG org.springframework.test.context.cache - Spring test ApplicationContext cache statistics: [DefaultContextCache@11fd1fb9 size = 2, maxSize = 32, parentContextCount = 0, hitCount = 98, missCount = 2]
17:43:15.149 [Test worker] DEBUG org.springframework.beans.factory.support.DefaultListableBeanFactory - Returning cached instance of singleton bean 'org.springframework.boot.test.mock.mockito.MockitoBeans'
17:43:15.149 [Test worker] DEBUG org.springframework.test.context.cache.DefaultCacheAwareContextLoaderDelegate - Retrieved ApplicationContext from cache with key [[MergedContextConfiguration@690d0075 testClass = FolderResourceTest, locations = '{}', classes = '{class com.marcnuri.isotope.api.folder.FolderResource}', contextInitializerClasses = '[]', activeProfiles = '{}', propertySourceLocations = '{}', propertySourceProperties = '{}', contextCustomizers = set[org.springframework.boot.test.autoconfigure.properties.PropertyMappingContextCustomizer@0, org.springframework.boot.test.autoconfigure.web.servlet.WebDriverContextCustomizerFactory$Customizer@42a343c1, org.springframework.boot.test.context.filter.ExcludeFilterContextCustomizer@3d8dc3, org.springframework.boot.test.json.DuplicateJsonObjectContextCustomizerFactory$DuplicateJsonObjectContextCustomizer@5f493529, org.springframework.boot.test.mock.mockito.MockitoContextCustomizer@8186d819], contextLoader = 'org.springframework.test.context.support.DelegatingSmartContextLoader', parent = [null]]]
17:43:15.149 [Test worker] DEBUG org.springframework.test.context.cache - Spring test ApplicationContext cache statistics: [DefaultContextCache@11fd1fb9 size = 2, maxSize = 32, parentContextCount = 0, hitCount = 99, missCount = 2]
17:43:15.149 [Test worker] DEBUG org.springframework.test.context.cache.DefaultCacheAwareContextLoaderDelegate - Retrieved ApplicationContext from cache with key [[MergedContextConfiguration@690d0075 testClass = FolderResourceTest, locations = '{}', classes = '{class com.marcnuri.isotope.api.folder.FolderResource}', contextInitializerClasses = '[]', activeProfiles = '{}', propertySourceLocations = '{}', propertySourceProperties = '{}', contextCustomizers = set[org.springframework.boot.test.autoconfigure.properties.PropertyMappingContextCustomizer@0, org.springframework.boot.test.autoconfigure.web.servlet.WebDriverContextCustomizerFactory$Customizer@42a343c1, org.springframework.boot.test.context.filter.ExcludeFilterContextCustomizer@3d8dc3, org.springframework.boot.test.json.DuplicateJsonObjectContextCustomizerFactory$DuplicateJsonObjectContextCustomizer@5f493529, org.springframework.boot.test.mock.mockito.MockitoContextCustomizer@8186d819], contextLoader = 'org.springframework.test.context.support.DelegatingSmartContextLoader', parent = [null]]]
17:43:15.149 [Test worker] DEBUG org.springframework.test.context.cache - Spring test ApplicationContext cache statistics: [DefaultContextCache@11fd1fb9 size = 2, maxSize = 32, parentContextCount = 0, hitCount = 100, missCount = 2]
17:43:15.149 [Test worker] DEBUG reactor.core.publisher.Hooks - Reset to factory defaults : onLastOperator
17:43:15.150 [Test worker] DEBUG org.springframework.test.context.support.AbstractDirtiesContextTestExecutionListener - After test method: context [DefaultTestContext@1abdc0de testClass = FolderResourceTest, testInstance = com.marcnuri.isotope.api.folder.FolderResourceTest@6a988492, testMethod = getMessage_validFolderAndMessageIds_shouldReturnOk@FolderResourceTest, testException = [null], mergedContextConfiguration = [MergedContextConfiguration@690d0075 testClass = FolderResourceTest, locations = '{}', classes = '{class com.marcnuri.isotope.api.folder.FolderResource}', contextInitializerClasses = '[]', activeProfiles = '{}', propertySourceLocations = '{}', propertySourceProperties = '{}', contextCustomizers = set[org.springframework.boot.test.autoconfigure.properties.PropertyMappingContextCustomizer@0, org.springframework.boot.test.autoconfigure.web.servlet.WebDriverContextCustomizerFactory$Customizer@42a343c1, org.springframework.boot.test.context.filter.ExcludeFilterContextCustomizer@3d8dc3, org.springframework.boot.test.json.DuplicateJsonObjectContextCustomizerFactory$DuplicateJsonObjectContextCustomizer@5f493529, org.springframework.boot.test.mock.mockito.MockitoContextCustomizer@8186d819], contextLoader = 'org.springframework.test.context.support.DelegatingSmartContextLoader', parent = [null]], attributes = map[[empty]]], class annotated with @DirtiesContext [false] with mode [null], method annotated with @DirtiesContext [false] with mode [null].
17:43:15.150 [Test worker] DEBUG org.springframework.test.annotation.ProfileValueUtils - Retrieved @ProfileValueSourceConfiguration [null] for test class [com.marcnuri.isotope.api.folder.FolderResourceTest]
17:43:15.150 [Test worker] DEBUG org.springframework.test.annotation.ProfileValueUtils - Retrieved ProfileValueSource type [class org.springframework.test.annotation.SystemProfileValueSource] for class [com.marcnuri.isotope.api.folder.FolderResourceTest]
17:43:15.150 [Test worker] DEBUG org.springframework.test.context.cache.DefaultCacheAwareContextLoaderDelegate - Retrieved ApplicationContext from cache with key [[MergedContextConfiguration@690d0075 testClass = FolderResourceTest, locations = '{}', classes = '{class com.marcnuri.isotope.api.folder.FolderResource}', contextInitializerClasses = '[]', activeProfiles = '{}', propertySourceLocations = '{}', propertySourceProperties = '{}', contextCustomizers = set[org.springframework.boot.test.autoconfigure.properties.PropertyMappingContextCustomizer@0, org.springframework.boot.test.autoconfigure.web.servlet.WebDriverContextCustomizerFactory$Customizer@42a343c1, org.springframework.boot.test.context.filter.ExcludeFilterContextCustomizer@3d8dc3, org.springframework.boot.test.json.DuplicateJsonObjectContextCustomizerFactory$DuplicateJsonObjectContextCustomizer@5f493529, org.springframework.boot.test.mock.mockito.MockitoContextCustomizer@8186d819], contextLoader = 'org.springframework.test.context.support.DelegatingSmartContextLoader', parent = [null]]]
17:43:15.150 [Test worker] DEBUG org.springframework.test.context.cache - Spring test ApplicationContext cache statistics: [DefaultContextCache@11fd1fb9 size = 2, maxSize = 32, parentContextCount = 0, hitCount = 101, missCount = 2]
17:43:15.150 [Test worker] DEBUG org.springframework.beans.factory.support.DefaultListableBeanFactory - Returning cached instance of singleton bean 'org.springframework.boot.test.mock.mockito.MockitoPostProcessor'
17:43:15.150 [Test worker] DEBUG org.springframework.beans.factory.support.DefaultListableBeanFactory - Returning cached instance of singleton bean 'prototypeImapService'
17:43:15.150 [Test worker] DEBUG org.springframework.test.context.support.DependencyInjectionTestExecutionListener - Performing dependency injection for test context [[DefaultTestContext@1abdc0de testClass = FolderResourceTest, testInstance = com.marcnuri.isotope.api.folder.FolderResourceTest@85ac96a, testMethod = [null], testException = [null], mergedContextConfiguration = [MergedContextConfiguration@690d0075 testClass = FolderResourceTest, locations = '{}', classes = '{class com.marcnuri.isotope.api.folder.FolderResource}', contextInitializerClasses = '[]', activeProfiles = '{}', propertySourceLocations = '{}', propertySourceProperties = '{}', contextCustomizers = set[org.springframework.boot.test.autoconfigure.properties.PropertyMappingContextCustomizer@0, org.springframework.boot.test.autoconfigure.web.servlet.WebDriverContextCustomizerFactory$Customizer@42a343c1, org.springframework.boot.test.context.filter.ExcludeFilterContextCustomizer@3d8dc3, org.springframework.boot.test.json.DuplicateJsonObjectContextCustomizerFactory$DuplicateJsonObjectContextCustomizer@5f493529, org.springframework.boot.test.mock.mockito.MockitoContextCustomizer@8186d819], contextLoader = 'org.springframework.test.context.support.DelegatingSmartContextLoader', parent = [null]], attributes = map[[empty]]]].
17:43:15.150 [Test worker] DEBUG org.springframework.test.context.cache.DefaultCacheAwareContextLoaderDelegate - Retrieved ApplicationContext from cache with key [[MergedContextConfiguration@690d0075 testClass = FolderResourceTest, locations = '{}', classes = '{class com.marcnuri.isotope.api.folder.FolderResource}', contextInitializerClasses = '[]', activeProfiles = '{}', propertySourceLocations = '{}', propertySourceProperties = '{}', contextCustomizers = set[org.springframework.boot.test.autoconfigure.properties.PropertyMappingContextCustomizer@0, org.springframework.boot.test.autoconfigure.web.servlet.WebDriverContextCustomizerFactory$Customizer@42a343c1, org.springframework.boot.test.context.filter.ExcludeFilterContextCustomizer@3d8dc3, org.springframework.boot.test.json.DuplicateJsonObjectContextCustomizerFactory$DuplicateJsonObjectContextCustomizer@5f493529, org.springframework.boot.test.mock.mockito.MockitoContextCustomizer@8186d819], contextLoader = 'org.springframework.test.context.support.DelegatingSmartContextLoader', parent = [null]]]
17:43:15.150 [Test worker] DEBUG org.springframework.test.context.cache - Spring test ApplicationContext cache statistics: [DefaultContextCache@11fd1fb9 size = 2, maxSize = 32, parentContextCount = 0, hitCount = 102, missCount = 2]
17:43:15.151 [Test worker] DEBUG org.springframework.beans.factory.annotation.InjectionMetadata - Processing injected element of bean 'com.marcnuri.isotope.api.folder.FolderResourceTest': AutowiredFieldElement for private com.marcnuri.isotope.api.folder.FolderResource com.marcnuri.isotope.api.folder.FolderResourceTest.folderResource
17:43:15.151 [Test worker] DEBUG org.springframework.beans.factory.support.DefaultListableBeanFactory - Returning cached instance of singleton bean 'folderResource'
17:43:15.151 [Test worker] DEBUG org.springframework.test.context.support.AbstractDirtiesContextTestExecutionListener - Before test method: context [DefaultTestContext@1abdc0de testClass = FolderResourceTest, testInstance = com.marcnuri.isotope.api.folder.FolderResourceTest@85ac96a, testMethod = moveFolder_validFolderAndNullBody_shouldReturnOk_movesTargetToRoot@FolderResourceTest, testException = [null], mergedContextConfiguration = [MergedContextConfiguration@690d0075 testClass = FolderResourceTest, locations = '{}', classes = '{class com.marcnuri.isotope.api.folder.FolderResource}', contextInitializerClasses = '[]', activeProfiles = '{}', propertySourceLocations = '{}', propertySourceProperties = '{}', contextCustomizers = set[org.springframework.boot.test.autoconfigure.properties.PropertyMappingContextCustomizer@0, org.springframework.boot.test.autoconfigure.web.servlet.WebDriverContextCustomizerFactory$Customizer@42a343c1, org.springframework.boot.test.context.filter.ExcludeFilterContextCustomizer@3d8dc3, org.springframework.boot.test.json.DuplicateJsonObjectContextCustomizerFactory$DuplicateJsonObjectContextCustomizer@5f493529, org.springframework.boot.test.mock.mockito.MockitoContextCustomizer@8186d819], contextLoader = 'org.springframework.test.context.support.DelegatingSmartContextLoader', parent = [null]], attributes = map[[empty]]], class annotated with @DirtiesContext [false] with mode [null], method annotated with @DirtiesContext [false] with mode [null].
17:43:15.151 [Test worker] DEBUG reactor.core.publisher.Hooks - Hooking onLastOperator: reactor.core.publisher.Operators$LiftFunction@377bbe54
17:43:15.152 [Test worker] DEBUG org.springframework.test.context.cache.DefaultCacheAwareContextLoaderDelegate - Retrieved ApplicationContext from cache with key [[MergedContextConfiguration@690d0075 testClass = FolderResourceTest, locations = '{}', classes = '{class com.marcnuri.isotope.api.folder.FolderResource}', contextInitializerClasses = '[]', activeProfiles = '{}', propertySourceLocations = '{}', propertySourceProperties = '{}', contextCustomizers = set[org.springframework.boot.test.autoconfigure.properties.PropertyMappingContextCustomizer@0, org.springframework.boot.test.autoconfigure.web.servlet.WebDriverContextCustomizerFactory$Customizer@42a343c1, org.springframework.boot.test.context.filter.ExcludeFilterContextCustomizer@3d8dc3, org.springframework.boot.test.json.DuplicateJsonObjectContextCustomizerFactory$DuplicateJsonObjectContextCustomizer@5f493529, org.springframework.boot.test.mock.mockito.MockitoContextCustomizer@8186d819], contextLoader = 'org.springframework.test.context.support.DelegatingSmartContextLoader', parent = [null]]]
17:43:15.152 [Test worker] DEBUG org.springframework.test.context.cache - Spring test ApplicationContext cache statistics: [DefaultContextCache@11fd1fb9 size = 2, maxSize = 32, parentContextCount = 0, hitCount = 103, missCount = 2]
17:43:15.152 [Test worker] DEBUG org.springframework.beans.factory.support.DefaultListableBeanFactory - Returning cached instance of singleton bean 'org.springframework.boot.test.mock.mockito.MockitoBeans'
17:43:15.152 [Test worker] DEBUG org.springframework.core.env.StandardEnvironment - Adding PropertySource 'systemProperties' with lowest search precedence
17:43:15.152 [Test worker] DEBUG org.springframework.core.env.StandardEnvironment - Adding PropertySource 'systemEnvironment' with lowest search precedence
17:43:15.152 [Test worker] DEBUG org.springframework.core.env.StandardEnvironment - Initialized StandardEnvironment with PropertySources [MapPropertySource@1436555661 {name='systemProperties', properties={java.runtime.name=OpenJDK Runtime Environment, sun.boot.library.path=C:\Program Files\AdoptOpenJDK\jdk-8.0.242.08-hotspot\jre\bin, java.vm.version=25.242-b08, java.vm.vendor=, java.vendor.url=http://java.oracle.com/, path.separator=;, java.vm.name=OpenJDK 64-Bit Server VM, file.encoding.pkg=sun.io, user.script=, sun.java.launcher=SUN_STANDARD, user.country=GB, sun.os.patch.level=, java.vm.specification.name=Java Virtual Machine Specification, user.dir=C:\azure-devops\git\eShopOnContainers\src\Web\WebImapClient\Client\server, java.runtime.version=1.8.0_242-b08, java.awt.graphicsenv=sun.awt.Win32GraphicsEnvironment, java.endorsed.dirs=C:\Program Files\AdoptOpenJDK\jdk-8.0.242.08-hotspot\jre\lib\endorsed, os.arch=amd64, java.io.tmpdir=C:\Users\jorge\AppData\Local\Temp\, line.separator=
, java.vm.specification.vendor=Oracle Corporation, user.variant=, os.name=Windows 10, sun.jnu.encoding=Cp1252, java.library.path=C:\Program Files\AdoptOpenJDK\jdk-8.0.242.08-hotspot\bin;C:\Windows\Sun\Java\bin;C:\Windows\system32;C:\Windows;C:\Program Files\AdoptOpenJDK\jdk-8.0.242.08-hotspot\bin;C:\Program Files (x86)\Common Files\Oracle\Java\javapath;C:\Python27\;C:\Python27\Scripts;C:\ProgramData\DockerDesktop\version-bin;C:\Program Files\Docker\Docker\Resources\bin;C:\Windows\system32;C:\Windows;C:\Windows\System32\Wbem;C:\Windows\System32\WindowsPowerShell\v1.0\;C:\Windows\System32\OpenSSH\;C:\Program Files (x86)\NVIDIA Corporation\PhysX\Common;C:\Program Files\dotnet\;C:\Program Files\Microsoft SQL Server\130\Tools\Binn\;C:\Program Files\Microsoft SQL Server\Client SDK\ODBC\170\Tools\Binn\;C:\Program Files (x86)\Microsoft SQL Server\150\DTS\Binn\;C:\Program Files\Git\cmd;C:\Program Files (x86)\Microsoft ASP.NET\ASP.NET Web Pages\v1.0\;C:\Program Files\Microsoft SQL Server\110\Tools\Binn\;C:\Users\jorge\.dnx\bin;C:\Program Files\Microsoft DNX\Dnvm\;C:\Program Files\nodejs\;C:\ProgramData\chocolatey\bin;C:\Program Files\Microsoft\Web Platform Installer\;C:\Users\jorge\AppData\Local\Microsoft\WindowsApps;C:\Users\jorge\AppData\Local\Programs\Microsoft VS Code\bin;C:\Users\jorge\.dotnet\tools;C:\Users\jorge\AppData\Roaming\npm;C:\Users\jorge\AppData\Local\GitHubDesktop\bin;., java.specification.name=Java Platform API Specification, java.class.version=52.0, org.gradle.native=false, sun.management.compiler=HotSpot 64-Bit Tiered Compilers, os.version=10.0, user.home=C:\Users\jorge, user.timezone=Europe/Paris, java.awt.printerjob=sun.awt.windows.WPrinterJob, file.encoding=windows-1252, java.specification.version=1.8, java.class.path=C:\azure-devops\git\eShopOnContainers\src\Web\WebImapClient\Client\server\build\classes\java\test;C:\azure-devops\git\eShopOnContainers\src\Web\WebImapClient\Client\server\build\resources\test;C:\azure-devops\git\eShopOnContainers\src\Web\WebImapClient\Client\server\build\classes\java\main;C:\azure-devops\git\eShopOnContainers\src\Web\WebImapClient\Client\server\build\resources\main;C:\Users\jorge\.gradle\caches\modules-2\files-2.1\org.springframework.boot\spring-boot-starter-actuator\2.0.4.RELEASE\24e901473279d9c18e0a0f8037d58b18c8297dca\spring-boot-starter-actuator-2.0.4.RELEASE.jar;C:\Users\jorge\.gradle\caches\modules-2\files-2.1\org.springframework.boot\spring-boot-starter-security\2.0.4.RELEASE\2ac314e5985fd9ae0d2acaea450f4f6c3dbd7f92\spring-boot-starter-security-2.0.4.RELEASE.jar;C:\Users\jorge\.gradle\caches\modules-2\files-2.1\org.springframework.boot\spring-boot-starter-webflux\2.0.4.RELEASE\a52fcd02fb6129e14f2b4b36acc5748368563c93\spring-boot-starter-webflux-2.0.4.RELEASE.jar;C:\Users\jorge\.gradle\caches\modules-2\files-2.1\org.springframework.boot\spring-boot-starter-test\2.0.4.RELEASE\8f473705d2742b669f0318f10a956f94a93ba3d2\spring-boot-starter-test-2.0.4.RELEASE.jar;C:\Users\jorge\.gradle\caches\modules-2\files-2.1\org.springframework.boot\spring-boot-starter-hateoas\2.0.4.RELEASE\2f115bebeffea81859c6d874457fa8db16b10747\spring-boot-starter-hateoas-2.0.4.RELEASE.jar;C:\Users\jorge\.gradle\caches\modules-2\files-2.1\org.springframework.boot\spring-boot-starter-web\2.0.4.RELEASE\98d49e981ecf804da877d84259b7b0d1ec2fb6f6\spring-boot-starter-web-2.0.4.RELEASE.jar;C:\Users\jorge\.gradle\caches\modules-2\files-2.1\org.springframework.boot\spring-boot-starter-json\2.0.4.RELEASE\c7afabf0d7c85db178da4ce0634e3bd2ddb0eb71\spring-boot-starter-json-2.0.4.RELEASE.jar;C:\Users\jorge\.gradle\caches\modules-2\files-2.1\org.springframework.boot\spring-boot-starter\2.0.4.RELEASE\ec46c63a2adeee40058eff1a6baefca13975dc94\spring-boot-starter-2.0.4.RELEASE.jar;C:\Users\jorge\.gradle\caches\modules-2\files-2.1\com.sun.mail\javax.mail\1.6.1\757ba4630692bb2a1ec2d9d57a616b63f15e947e\javax.mail-1.6.1.jar;C:\Users\jorge\.gradle\caches\modules-2\files-2.1\org.springframework.boot\spring-boot-actuator-autoconfigure\2.0.4.RELEASE\2cadc1d20a1f9ee667a608cfee154138e954f5f2\spring-boot-actuator-autoconfigure-2.0.4.RELEASE.jar;C:\Users\jorge\.gradle\caches\modules-2\files-2.1\com.fasterxml.jackson.datatype\jackson-datatype-jsr310\2.9.6\ea54f6193d224e5e5732bbd4262327eb465397c2\jackson-datatype-jsr310-2.9.6.jar;C:\Users\jorge\.gradle\caches\modules-2\files-2.1\commons-io\commons-io\2.6\815893df5f31da2ece4040fe0a12fd44b577afaf\commons-io-2.6.jar;C:\Users\jorge\.gradle\caches\modules-2\files-2.1\org.springframework.security\spring-security-test\5.0.7.RELEASE\a74c9ab10d53baa3bb7a731753fe0c6d9ab9d848\spring-security-test-5.0.7.RELEASE.jar;C:\Users\jorge\.gradle\caches\modules-2\files-2.1\com.marcnuri\spring-common-test\0.0.2\da9c2c5e849c7dcbbe99d190bedffa5e6fe450a5\spring-common-test-0.0.2.jar;C:\Users\jorge\.gradle\caches\modules-2\files-2.1\org.hamcrest\java-hamcrest\2.0.0.0\f1c8853ade0ecf707f5a261c830e98893983813\java-hamcrest-2.0.0.0.jar;C:\Users\jorge\.gradle\caches\modules-2\files-2.1\org.powermock\powermock-module-junit4\2.0.0-RC.3\b9a04b492e2b93e93617ba457f76aebbf00fc221\powermock-module-junit4-2.0.0-RC.3.jar;C:\Users\jorge\.gradle\caches\modules-2\files-2.1\org.powermock\powermock-api-mockito2\2.0.0-RC.3\f85a8404be063ef15c5fdd3745b11d2fba875fcd\powermock-api-mockito2-2.0.0-RC.3.jar;C:\Users\jorge\.gradle\caches\modules-2\files-2.1\org.springframework.boot\spring-boot-test-autoconfigure\2.0.4.RELEASE\8a2e3f31e607fdb08deda2f59263ce177f1c4310\spring-boot-test-autoconfigure-2.0.4.RELEASE.jar;C:\Users\jorge\.gradle\caches\modules-2\files-2.1\org.springframework.boot\spring-boot-test\2.0.4.RELEASE\8a17fc3cf16b6d75f2ba132ade04409a670095de\spring-boot-test-2.0.4.RELEASE.jar;C:\Users\jorge\.gradle\caches\modules-2\files-2.1\org.springframework.boot\spring-boot-autoconfigure\2.0.4.RELEASE\65cd1244d606acc02ab7bfc47a203a3fe2400dda\spring-boot-autoconfigure-2.0.4.RELEASE.jar;C:\Users\jorge\.gradle\caches\modules-2\files-2.1\org.springframework.boot\spring-boot-actuator\2.0.4.RELEASE\9c02c968eb50a7cdc14fc4c7b586d767df6dc48d\spring-boot-actuator-2.0.4.RELEASE.jar;C:\Users\jorge\.gradle\caches\modules-2\files-2.1\org.springframework.boot\spring-boot\2.0.4.RELEASE\c8619c5b06d4dcdb4cac1e5e9c839e6e8b1c8574\spring-boot-2.0.4.RELEASE.jar;C:\Users\jorge\.gradle\caches\modules-2\files-2.1\org.springframework.boot\spring-boot-starter-logging\2.0.4.RELEASE\dcd1a2c431c970f44adae64d9145133979a513ab\spring-boot-starter-logging-2.0.4.RELEASE.jar;C:\Users\jorge\.gradle\caches\modules-2\files-2.1\org.springframework.boot\spring-boot-starter-tomcat\2.0.4.RELEASE\dcf28989a34b0801fea0e810c371fb9dab1e7784\spring-boot-starter-tomcat-2.0.4.RELEASE.jar;C:\Users\jorge\.gradle\caches\modules-2\files-2.1\javax.annotation\javax.annotation-api\1.3.2\934c04d3cfef185a8008e7bf34331b79730a9d43\javax.annotation-api-1.3.2.jar;C:\Users\jorge\.gradle\caches\modules-2\files-2.1\org.springframework.security\spring-security-config\5.0.7.RELEASE\d702e01048687db4ec6c97fb32d28ffbe348b3e\spring-security-config-5.0.7.RELEASE.jar;C:\Users\jorge\.gradle\caches\modules-2\files-2.1\org.springframework.security\spring-security-web\5.0.7.RELEASE\bab3ed579d4550bb5cc40b0a7fddd0106db7c66\spring-security-web-5.0.7.RELEASE.jar;C:\Users\jorge\.gradle\caches\modules-2\files-2.1\org.springframework.hateoas\spring-hateoas\0.25.0.RELEASE\22d1abd575426709734ab83e7d81d6deb4addbf6\spring-hateoas-0.25.0.RELEASE.jar;C:\Users\jorge\.gradle\caches\modules-2\files-2.1\org.springframework\spring-webflux\5.0.8.RELEASE\d16ce1cf6f95771e821619d6ef13c1f0333fafb\spring-webflux-5.0.8.RELEASE.jar;C:\Users\jorge\.gradle\caches\modules-2\files-2.1\org.springframework\spring-webmvc\5.0.8.RELEASE\7e5fe57590ca8e4468e50fe1d92b0b67aa4a327a\spring-webmvc-5.0.8.RELEASE.jar;C:\Users\jorge\.gradle\caches\modules-2\files-2.1\org.springframework\spring-web\5.0.8.RELEASE\fa43cdadb4ab2491fd1d0ddb06c0808e4b60fc85\spring-web-5.0.8.RELEASE.jar;C:\Users\jorge\.gradle\caches\modules-2\files-2.1\org.springframework\spring-test\5.0.8.RELEASE\5782619373bd7e7b7d9106203c317b04bb613ebb\spring-test-5.0.8.RELEASE.jar;C:\Users\jorge\.gradle\caches\modules-2\files-2.1\org.springframework.security\spring-security-core\5.0.7.RELEASE\40a0c57af6b4c3f8c611216d2579c6ab19672694\spring-security-core-5.0.7.RELEASE.jar;C:\Users\jorge\.gradle\caches\modules-2\files-2.1\org.springframework.plugin\spring-plugin-core\1.2.0.RELEASE\f380e7760032e7d929184f8ad8a33716b75c0657\spring-plugin-core-1.2.0.RELEASE.jar;C:\Users\jorge\.gradle\caches\modules-2\files-2.1\org.springframework\spring-context\5.0.8.RELEASE\3a067d8990761111c9b6d1d895640be26cc1fb38\spring-context-5.0.8.RELEASE.jar;C:\Users\jorge\.gradle\caches\modules-2\files-2.1\org.springframework\spring-aop\5.0.8.RELEASE\f5086c1a3185c481104511837427b39a07a57aa2\spring-aop-5.0.8.RELEASE.jar;C:\Users\jorge\.gradle\caches\modules-2\files-2.1\org.springframework\spring-beans\5.0.8.RELEASE\5fc965d3e7f5515099244857a8ae9e2a208c169b\spring-beans-5.0.8.RELEASE.jar;C:\Users\jorge\.gradle\caches\modules-2\files-2.1\org.springframework\spring-expression\5.0.8.RELEASE\f23158f22c917df2cddf2ecebc398a9e95f95fae\spring-expression-5.0.8.RELEASE.jar;C:\Users\jorge\.gradle\caches\modules-2\files-2.1\org.springframework\spring-core\5.0.8.RELEASE\dc39c49e3246cdf73d3786ac41119140aed3fa08\spring-core-5.0.8.RELEASE.jar;C:\Users\jorge\.gradle\caches\modules-2\files-2.1\org.yaml\snakeyaml\1.19\2d998d3d674b172a588e54ab619854d073f555b5\snakeyaml-1.19.jar;C:\Users\jorge\.gradle\caches\modules-2\files-2.1\io.micrometer\micrometer-core\1.0.6\50299bc8a34c251d62311bbb1a297f3942a82e42\micrometer-core-1.0.6.jar;C:\Users\jorge\.gradle\caches\modules-2\files-2.1\org.springframework.boot\spring-boot-starter-reactor-netty\2.0.4.RELEASE\ed4ac88f7fc699a9cbb6ee804a26e2e30239ca35\spring-boot-starter-reactor-netty-2.0.4.RELEASE.jar;C:\Users\jorge\.gradle\caches\modules-2\files-2.1\org.hibernate.validator\hibernate-validator\6.0.11.Final\36f9d10a11e4768f55e8fb91ebe4338a5c43954e\hibernate-validator-6.0.11.Final.jar;C:\Users\jorge\.gradle\caches\modules-2\files-2.1\org.synchronoss.cloud\nio-multipart-parser\1.1.0\c6c417fec6612584b1c34d4dd98c5a4e47e8c754\nio-multipart-parser-1.1.0.jar;C:\Users\jorge\.gradle\caches\modules-2\files-2.1\javax.activation\activation\1.1\e6cb541461c2834bdea3eb920f1884d1eb508b50\activation-1.1.jar;C:\Users\jorge\.gradle\caches\modules-2\files-2.1\com.fasterxml.jackson.datatype\jackson-datatype-jdk8\2.9.6\456895fc91bf7180b216fead220373e6278230c9\jackson-datatype-jdk8-2.9.6.jar;C:\Users\jorge\.gradle\caches\modules-2\files-2.1\com.fasterxml.jackson.module\jackson-module-parameter-names\2.9.6\129acd77a4b6ee30d62d3a0899b1344c8ec2bff8\jackson-module-parameter-names-2.9.6.jar;C:\Users\jorge\.gradle\caches\modules-2\files-2.1\com.fasterxml.jackson.core\jackson-databind\2.9.6\cfa4f316351a91bfd95cb0644c6a2c95f52db1fc\jackson-databind-2.9.6.jar;C:\Users\jorge\.gradle\caches\modules-2\files-2.1\com.fasterxml.jackson.core\jackson-annotations\2.9.0\7c10d545325e3a6e72e06381afe469fd40eb701\jackson-annotations-2.9.0.jar;C:\Users\jorge\.gradle\caches\modules-2\files-2.1\com.fasterxml.jackson.core\jackson-core\2.9.6\4e393793c37c77e042ccc7be5a914ae39251b365\jackson-core-2.9.6.jar;C:\Users\jorge\.gradle\caches\modules-2\files-2.1\com.jayway.jsonpath\json-path\2.4.0\765a4401ceb2dc8d40553c2075eb80a8fa35c2ae\json-path-2.4.0.jar;C:\Users\jorge\.gradle\caches\modules-2\files-2.1\org.powermock\powermock-module-junit4-common\2.0.0-RC.3\f09137abdf1aeea2df214037eab50ed864602c9a\powermock-module-junit4-common-2.0.0-RC.3.jar;C:\Users\jorge\.gradle\caches\modules-2\files-2.1\junit\junit\4.12\2973d150c0dc1fefe998f834810d68f278ea58ec\junit-4.12.jar;C:\Users\jorge\.gradle\caches\modules-2\files-2.1\org.assertj\assertj-core\3.9.1\c5ce126b15f28d56cd8f960c1a6a058b9c9aea87\assertj-core-3.9.1.jar;C:\Users\jorge\.gradle\caches\modules-2\files-2.1\org.mockito\mockito-core\2.15.0\b84bfbbc29cd22c9529409627af6ea2897f4fa85\mockito-core-2.15.0.jar;C:\Users\jorge\.gradle\caches\modules-2\files-2.1\org.hamcrest\hamcrest-library\1.3\4785a3c21320980282f9f33d0d1264a69040538f\hamcrest-library-1.3.jar;C:\Users\jorge\.gradle\caches\modules-2\files-2.1\org.hamcrest\hamcrest-core\1.3\42a25dc3219429f0e5d060061f71acb49bf010a0\hamcrest-core-1.3.jar;C:\Users\jorge\.gradle\caches\modules-2\files-2.1\org.skyscreamer\jsonassert\1.5.0\6c9d5fe2f59da598d9aefc1cfc6528ff3cf32df3\jsonassert-1.5.0.jar;C:\Users\jorge\.gradle\caches\modules-2\files-2.1\org.xmlunit\xmlunit-core\2.5.1\4ffdb346572a7356f7521cd3119ce5287d2e339d\xmlunit-core-2.5.1.jar;C:\Users\jorge\.gradle\caches\modules-2\files-2.1\org.powermock\powermock-api-support\2.0.0-RC.3\a23d6bdbcf865513c9f6992134152be80504e499\powermock-api-support-2.0.0-RC.3.jar;C:\Users\jorge\.gradle\caches\modules-2\files-2.1\ch.qos.logback\logback-classic\1.2.3\7c4f3c474fb2c041d8028740440937705ebb473a\logback-classic-1.2.3.jar;C:\Users\jorge\.gradle\caches\modules-2\files-2.1\org.apache.logging.log4j\log4j-to-slf4j\2.10.0\f7e631ccf49cfc0aefa4a2a728da7d374c05bd3c\log4j-to-slf4j-2.10.0.jar;C:\Users\jorge\.gradle\caches\modules-2\files-2.1\org.slf4j\jul-to-slf4j\1.7.25\af5364cd6679bfffb114f0dec8a157aaa283b76\jul-to-slf4j-1.7.25.jar;C:\Users\jorge\.gradle\caches\modules-2\files-2.1\org.springframework\spring-jcl\5.0.8.RELEASE\a1fa8fb560fb252321776e16bc9ac8201af4ef5e\spring-jcl-5.0.8.RELEASE.jar;C:\Users\jorge\.gradle\caches\modules-2\files-2.1\org.hdrhistogram\HdrHistogram\2.1.10\9e1ac84eed220281841b75e72fb9de5a297fbf04\HdrHistogram-2.1.10.jar;C:\Users\jorge\.gradle\caches\modules-2\files-2.1\org.latencyutils\LatencyUtils\2.0.3\769c0b82cb2421c8256300e907298a9410a2a3d3\LatencyUtils-2.0.3.jar;C:\Users\jorge\.gradle\caches\modules-2\files-2.1\org.synchronoss.cloud\nio-stream-storage\1.1.3\986dba5f6e5eed20f0dba6ddc8e8a64a9ebdc2f3\nio-stream-storage-1.1.3.jar;C:\Users\jorge\.gradle\caches\modules-2\files-2.1\org.slf4j\slf4j-api\1.7.25\da76ca59f6a57ee3102f8f9bd9cee742973efa8a\slf4j-api-1.7.25.jar;C:\Users\jorge\.gradle\caches\modules-2\files-2.1\io.projectreactor.ipc\reactor-netty\0.7.8.RELEASE\fe25c7d3042b6005690f7d243cef987b696a12ee\reactor-netty-0.7.8.RELEASE.jar;C:\Users\jorge\.gradle\caches\modules-2\files-2.1\javax.validation\validation-api\2.0.1.Final\cb855558e6271b1b32e716d24cb85c7f583ce09e\validation-api-2.0.1.Final.jar;C:\Users\jorge\.gradle\caches\modules-2\files-2.1\org.jboss.logging\jboss-logging\3.3.2.Final\3789d00e859632e6c6206adc0c71625559e6e3b0\jboss-logging-3.3.2.Final.jar;C:\Users\jorge\.gradle\caches\modules-2\files-2.1\com.fasterxml\classmate\1.3.4\3d5f48f10bbe4eb7bd862f10c0583be2e0053c6\classmate-1.3.4.jar;C:\Users\jorge\.gradle\caches\modules-2\files-2.1\io.projectreactor\reactor-core\3.1.8.RELEASE\3bcc30f9161d3d17abe44b4aa20e397e5170566e\reactor-core-3.1.8.RELEASE.jar;C:\Users\jorge\.gradle\caches\modules-2\files-2.1\net.minidev\json-smart\2.3\7396407491352ce4fa30de92efb158adb76b5b\json-smart-2.3.jar;C:\Users\jorge\.gradle\caches\modules-2\files-2.1\org.powermock\powermock-core\2.0.0-RC.3\f958479ea1f0d1ba37cf65b6612fccfbaf4d8dd3\powermock-core-2.0.0-RC.3.jar;C:\Users\jorge\.gradle\caches\modules-2\files-2.1\org.powermock\powermock-reflect\2.0.0-RC.3\c10437486ae35b91666c2591fd7b1a8054b4573c\powermock-reflect-2.0.0-RC.3.jar;C:\Users\jorge\.gradle\caches\modules-2\files-2.1\net.bytebuddy\byte-buddy\1.7.11\f02857a4e2c66ccbe7aaad6100a0a6c461bce9b3\byte-buddy-1.7.11.jar;C:\Users\jorge\.gradle\caches\modules-2\files-2.1\net.bytebuddy\byte-buddy-agent\1.7.11\b425a8933ca07edd03c6dbc8bc3b595fba9780de\byte-buddy-agent-1.7.11.jar;C:\Users\jorge\.gradle\caches\modules-2\files-2.1\org.objenesis\objenesis\3.0.1\11cfac598df9dc48bb9ed9357ed04212694b7808\objenesis-3.0.1.jar;C:\Users\jorge\.gradle\caches\modules-2\files-2.1\com.vaadin.external.google\android-json\0.0.20131108.vaadin1\fa26d351fe62a6a17f5cda1287c1c6110dec413f\android-json-0.0.20131108.vaadin1.jar;C:\Users\jorge\.gradle\caches\modules-2\files-2.1\ch.qos.logback\logback-core\1.2.3\864344400c3d4d92dfeb0a305dc87d953677c03c\logback-core-1.2.3.jar;C:\Users\jorge\.gradle\caches\modules-2\files-2.1\org.apache.logging.log4j\log4j-api\2.10.0\fec5797a55b786184a537abd39c3fa1449d752d6\log4j-api-2.10.0.jar;C:\Users\jorge\.gradle\caches\modules-2\files-2.1\org.apache.tomcat.embed\tomcat-embed-websocket\8.5.32\ea5302e378f1449d4e5dda79e8d810c1e7931f91\tomcat-embed-websocket-8.5.32.jar;C:\Users\jorge\.gradle\caches\modules-2\files-2.1\org.apache.tomcat.embed\tomcat-embed-core\8.5.32\6bc6896200146010cc4666bdc6b9b0cbb453ee22\tomcat-embed-core-8.5.32.jar;C:\Users\jorge\.gradle\caches\modules-2\files-2.1\org.apache.tomcat.embed\tomcat-embed-el\8.5.32\e4fd0ee015d83fa1c5ec93ff1d05bdaf9a4480c5\tomcat-embed-el-8.5.32.jar;C:\Users\jorge\.gradle\caches\modules-2\files-2.1\io.netty\netty-handler-proxy\4.1.27.Final\1a822ce7760bc6eb4937b7e448c9e081fedcc807\netty-handler-proxy-4.1.27.Final.jar;C:\Users\jorge\.gradle\caches\modules-2\files-2.1\io.netty\netty-codec-http\4.1.27.Final\a1722d6bcbbef1c4c7877e8bf38b07a3db5ed07f\netty-codec-http-4.1.27.Final.jar;C:\Users\jorge\.gradle\caches\modules-2\files-2.1\io.netty\netty-handler\4.1.27.Final\21bd9cf565390a8d72579b8664303e3c175dfc6a\netty-handler-4.1.27.Final.jar;C:\Users\jorge\.gradle\caches\modules-2\files-2.1\io.netty\netty-transport-native-epoll\4.1.27.Final\8c3a61a7dd53eafe2f0fe31356f1379598f74517\netty-transport-native-epoll-4.1.27.Final-linux-x86_64.jar;C:\Users\jorge\.gradle\caches\modules-2\files-2.1\org.reactivestreams\reactive-streams\1.0.2\323964c36556eb0e6209f65c1cef72b53b461ab8\reactive-streams-1.0.2.jar;C:\Users\jorge\.gradle\caches\modules-2\files-2.1\net.minidev\accessors-smart\1.2\c592b500269bfde36096641b01238a8350f8aa31\accessors-smart-1.2.jar;C:\Users\jorge\.gradle\caches\modules-2\files-2.1\org.javassist\javassist\3.24.0-GA\d7466fc2e3af7c023e95c510f06448ad29b225b3\javassist-3.24.0-GA.jar;C:\Users\jorge\.gradle\caches\modules-2\files-2.1\io.netty\netty-codec-socks\4.1.27.Final\285b09af98764cf02e4b77b3d95af188469a7133\netty-codec-socks-4.1.27.Final.jar;C:\Users\jorge\.gradle\caches\modules-2\files-2.1\io.netty\netty-codec\4.1.27.Final\d2653d78ebaa650064768fb26b10051f5c8efb2c\netty-codec-4.1.27.Final.jar;C:\Users\jorge\.gradle\caches\modules-2\files-2.1\io.netty\netty-transport-native-unix-common\4.1.27.Final\2b0667fe5c1df78c6cfbf9d53ad8b1fb533fb8e8\netty-transport-native-unix-common-4.1.27.Final.jar;C:\Users\jorge\.gradle\caches\modules-2\files-2.1\io.netty\netty-transport\4.1.27.Final\b5c2da3ea89dd67320925f1504c9eb3615241b7c\netty-transport-4.1.27.Final.jar;C:\Users\jorge\.gradle\caches\modules-2\files-2.1\io.netty\netty-buffer\4.1.27.Final\aafe2b9fb0d8f3b200cf10b9fd6486c6a722d7a1\netty-buffer-4.1.27.Final.jar;C:\Users\jorge\.gradle\caches\modules-2\files-2.1\io.netty\netty-resolver\4.1.27.Final\2536447ef9605ccb2b5203aa22392c6514484ea9\netty-resolver-4.1.27.Final.jar;C:\Users\jorge\.gradle\caches\modules-2\files-2.1\io.netty\netty-common\4.1.27.Final\6a12a969c27fb37b230c4bde5a67bd822fa6b7a4\netty-common-4.1.27.Final.jar;C:\Users\jorge\.gradle\caches\modules-2\files-2.1\org.ow2.asm\asm\5.0.4\da08b8cce7bbf903602a25a3a163ae252435795\asm-5.0.4.jar, user.name=jorge, java.vm.specification.version=1.8, sun.java.command=worker.org.gradle.process.internal.worker.GradleWorkerMain 'Gradle Test Executor 3', java.home=C:\Program Files\AdoptOpenJDK\jdk-8.0.242.08-hotspot\jre, sun.arch.data.model=64, user.language=en, java.specification.vendor=Oracle Corporation, awt.toolkit=sun.awt.windows.WToolkit, java.vm.info=mixed mode, java.version=1.8.0_242, java.ext.dirs=C:\Program Files\AdoptOpenJDK\jdk-8.0.242.08-hotspot\jre\lib\ext;C:\Windows\Sun\Java\lib\ext, sun.boot.class.path=C:\Program Files\AdoptOpenJDK\jdk-8.0.242.08-hotspot\jre\lib\resources.jar;C:\Program Files\AdoptOpenJDK\jdk-8.0.242.08-hotspot\jre\lib\rt.jar;C:\Program Files\AdoptOpenJDK\jdk-8.0.242.08-hotspot\jre\lib\sunrsasign.jar;C:\Program Files\AdoptOpenJDK\jdk-8.0.242.08-hotspot\jre\lib\jsse.jar;C:\Program Files\AdoptOpenJDK\jdk-8.0.242.08-hotspot\jre\lib\jce.jar;C:\Program Files\AdoptOpenJDK\jdk-8.0.242.08-hotspot\jre\lib\charsets.jar;C:\Program Files\AdoptOpenJDK\jdk-8.0.242.08-hotspot\jre\lib\jfr.jar;C:\Program Files\AdoptOpenJDK\jdk-8.0.242.08-hotspot\jre\classes, java.vendor=AdoptOpenJDK, org.gradle.test.worker=3, file.separator=\, java.vendor.url.bug=http://bugreport.sun.com/bugreport/, sun.io.unicode.encoding=UnicodeLittle, sun.cpu.endian=little, sun.desktop=windows, sun.cpu.isalist=amd64}}, SystemEnvironmentPropertySource@200248266 {name='systemEnvironment', properties={USERDOMAIN_ROAMINGPROFILE=DESKTOP-U7U4TE6, PROCESSOR_LEVEL=6, VS140COMNTOOLS=C:\Program Files (x86)\Microsoft Visual Studio 14.0\Common7\Tools\, ALLUSERSPROFILE=C:\ProgramData, PROCESSOR_ARCHITECTURE=AMD64, PSModulePath=C:\Users\jorge\Documents\WindowsPowerShell\Modules;C:\Program Files\WindowsPowerShell\Modules;C:\Windows\system32\WindowsPowerShell\v1.0\Modules, SystemDrive=C:, =ExitCode=00000000, DIRNAME=C:\azure-devops\git\eShopOnContainers\src\Web\WebImapClient\Client\server\, USERNAME=jorge, CMD_LINE_ARGS=b, ProgramFiles(x86)=C:\Program Files (x86), APP_HOME=C:\azure-devops\git\eShopOnContainers\src\Web\WebImapClient\Client\server\, PATHEXT=.COM;.EXE;.BAT;.CMD;.VBS;.VBE;.JS;.JSE;.WSF;.WSH;.MSC;.CPL, DriverData=C:\Windows\System32\Drivers\DriverData, OneDriveConsumer=C:\Users\jorge\OneDrive, ProgramData=C:\ProgramData, ProgramW6432=C:\Program Files, HOMEPATH=\Users\jorge, PROCESSOR_IDENTIFIER=Intel64 Family 6 Model 158 Stepping 13, GenuineIntel, ProgramFiles=C:\Program Files, PUBLIC=C:\Users\Public, windir=C:\Windows, _SKIP=2, LOCALAPPDATA=C:\Users\jorge\AppData\Local, ChocolateyLastPathUpdate=132229495750090469, USERDOMAIN=DESKTOP-U7U4TE6, LOGONSERVER=\\DESKTOP-U7U4TE6, PROMPT=$P$G, OneDrive=C:\Users\jorge\OneDrive, =C:=C:\azure-devops\git\eShopOnContainers\src\Web\WebImapClient\Client\server, APPDATA=C:\Users\jorge\AppData\Roaming, JAVA_EXE=java.exe, ChocolateyInstall=C:\ProgramData\chocolatey, CommonProgramFiles=C:\Program Files\Common Files, Path=C:\Program Files\AdoptOpenJDK\jdk-8.0.242.08-hotspot\bin;C:\Program Files (x86)\Common Files\Oracle\Java\javapath;C:\Python27\;C:\Python27\Scripts;C:\ProgramData\DockerDesktop\version-bin;C:\Program Files\Docker\Docker\Resources\bin;C:\Windows\system32;C:\Windows;C:\Windows\System32\Wbem;C:\Windows\System32\WindowsPowerShell\v1.0\;C:\Windows\System32\OpenSSH\;C:\Program Files (x86)\NVIDIA Corporation\PhysX\Common;C:\Program Files\dotnet\;C:\Program Files\Microsoft SQL Server\130\Tools\Binn\;C:\Program Files\Microsoft SQL Server\Client SDK\ODBC\170\Tools\Binn\;C:\Program Files (x86)\Microsoft SQL Server\150\DTS\Binn\;C:\Program Files\Git\cmd;C:\Program Files (x86)\Microsoft ASP.NET\ASP.NET Web Pages\v1.0\;C:\Program Files\Microsoft SQL Server\110\Tools\Binn\;C:\Users\jorge\.dnx\bin;C:\Program Files\Microsoft DNX\Dnvm\;C:\Program Files\nodejs\;C:\ProgramData\chocolatey\bin;C:\Program Files\Microsoft\Web Platform Installer\;C:\Users\jorge\AppData\Local\Microsoft\WindowsApps;C:\Users\jorge\AppData\Local\Programs\Microsoft VS Code\bin;C:\Users\jorge\.dotnet\tools;C:\Users\jorge\AppData\Roaming\npm;C:\Users\jorge\AppData\Local\GitHubDesktop\bin, OS=Windows_NT, COMPUTERNAME=DESKTOP-U7U4TE6, PROCESSOR_REVISION=9e0d, CLASSPATH=C:\azure-devops\git\eShopOnContainers\src\Web\WebImapClient\Client\server\\gradle\wrapper\gradle-wrapper.jar, CommonProgramW6432=C:\Program Files\Common Files, ComSpec=C:\Windows\system32\cmd.exe, APP_BASE_NAME=gradlew, SystemRoot=C:\Windows, TEMP=C:\Users\jorge\AppData\Local\Temp, HOMEDRIVE=C:, USERPROFILE=C:\Users\jorge, TMP=C:\Users\jorge\AppData\Local\Temp, VS110COMNTOOLS=C:\Program Files (x86)\Microsoft Visual Studio 11.0\Common7\Tools\, CommonProgramFiles(x86)=C:\Program Files (x86)\Common Files, NUMBER_OF_PROCESSORS=12}}]
17:43:15.153 [Test worker] DEBUG org.springframework.web.servlet.mvc.method.annotation.RequestMappingHandlerMapping - Looking for request mappings in application context: org.springframework.test.web.servlet.setup.StubWebApplicationContext@3b0c5bb9
17:43:15.156 [Test worker] DEBUG org.springframework.web.servlet.mvc.method.annotation.RequestMappingHandlerMapping - 17 request handler methods found on class com.marcnuri.isotope.api.folder.FolderResource: {public org.springframework.http.ResponseEntity com.marcnuri.isotope.api.folder.FolderResource.getMessage(java.lang.String,java.lang.Long)={[/v1/folders/{folderId}/messages/{messageId}],methods=[GET]}, public org.springframework.http.ResponseEntity com.marcnuri.isotope.api.folder.FolderResource.getFolders(java.lang.Boolean)={[/v1/folders],methods=[GET],produces=[application/hal+json]}, public org.springframework.http.ResponseEntity com.marcnuri.isotope.api.folder.FolderResource.setMessageFlagged(java.lang.String,java.lang.Long,boolean)={[/v1/folders/{folderId}/messages/{messageId}/flagged],methods=[PUT]}, public org.springframework.http.ResponseEntity com.marcnuri.isotope.api.folder.FolderResource.deleteAllFolderMessages(java.lang.String)={[/v1/folders/{folderId}/messages],methods=[DELETE]}, public org.springframework.http.ResponseEntity com.marcnuri.isotope.api.folder.FolderResource.createChildFolder(java.lang.String,java.lang.String)={[/v1/folders/{folderId}],methods=[POST],produces=[application/hal+json]}, public org.springframework.http.ResponseEntity com.marcnuri.isotope.api.folder.FolderResource.moveMessage(java.lang.String,java.lang.Long,java.lang.String)={[/v1/folders/{fromFolderId}/messages/{messageId}/folder/{toFolderId}],methods=[PUT]}, public org.springframework.http.ResponseEntity com.marcnuri.isotope.api.folder.FolderResource.moveMessages(java.lang.String,java.lang.String,java.util.List)={[/v1/folders/{fromFolderId}/messages/folder/{toFolderId}],methods=[PUT]}, public org.springframework.http.ResponseEntity com.marcnuri.isotope.api.folder.FolderResource.setMessageSeen(java.lang.String,java.lang.Long,boolean)={[/v1/folders/{folderId}/messages/{messageId}/seen],methods=[PUT]}, public org.springframework.http.ResponseEntity com.marcnuri.isotope.api.folder.FolderResource.setMessagesSeen(java.lang.String,java.lang.Boolean,java.util.List)={[/v1/folders/{folderId}/messages/seen/{seen}],methods=[PUT]}, public org.springframework.http.ResponseEntity com.marcnuri.isotope.api.folder.FolderResource.getAttachment(java.lang.String,java.lang.Long,java.lang.String,java.lang.Boolean,javax.servlet.http.HttpServletResponse)={[/v1/folders/{folderId}/messages/{messageId}/attachments/{id}],methods=[GET]}, public org.springframework.http.ResponseEntity com.marcnuri.isotope.api.folder.FolderResource.deleteFolder(java.lang.String)={[/v1/folders/{folderId}],methods=[DELETE],produces=[application/hal+json]}, public org.springframework.http.ResponseEntity com.marcnuri.isotope.api.folder.FolderResource.renameFolder(java.lang.String,java.lang.String)={[/v1/folders/{folderId}/name],methods=[PUT],produces=[application/hal+json]}, public org.springframework.http.ResponseEntity com.marcnuri.isotope.api.folder.FolderResource.moveFolder(java.lang.String,java.lang.String)={[/v1/folders/{folderId}/parent],methods=[PUT],produces=[application/hal+json]}, public org.springframework.http.ResponseEntity com.marcnuri.isotope.api.folder.FolderResource.createRootFolder(java.lang.String)={[/v1/folders],methods=[POST],produces=[application/hal+json]}, public org.springframework.http.ResponseEntity com.marcnuri.isotope.api.folder.FolderResource.preloadMessages(java.lang.String,java.util.List)={[/v1/folders/{folderId}/messages],methods=[GET]}, public org.springframework.http.ResponseEntity com.marcnuri.isotope.api.folder.FolderResource.deleteMessages(java.lang.String,java.util.List)={[/v1/folders/{folderId}/messages],methods=[DELETE],params=[id]}, public reactor.core.publisher.Flux com.marcnuri.isotope.api.folder.FolderResource.getMessages(java.lang.String,javax.servlet.http.HttpServletResponse)={[/v1/folders/{folderId}/messages],methods=[GET],produces=[text/event-stream]}}
17:43:15.156 [Test worker] INFO org.springframework.web.servlet.mvc.method.annotation.RequestMappingHandlerMapping - Mapped "{[/v1/folders/{folderId}/messages/{messageId}],methods=[GET]}" onto public org.springframework.http.ResponseEntity<com.marcnuri.isotope.api.message.MessageWithFolder> com.marcnuri.isotope.api.folder.FolderResource.getMessage(java.lang.String,java.lang.Long)
17:43:15.156 [Test worker] INFO org.springframework.web.servlet.mvc.method.annotation.RequestMappingHandlerMapping - Mapped "{[/v1/folders],methods=[GET],produces=[application/hal+json]}" onto public org.springframework.http.ResponseEntity<java.util.List<com.marcnuri.isotope.api.folder.Folder>> com.marcnuri.isotope.api.folder.FolderResource.getFolders(java.lang.Boolean)
17:43:15.157 [Test worker] INFO org.springframework.web.servlet.mvc.method.annotation.RequestMappingHandlerMapping - Mapped "{[/v1/folders/{folderId}/messages/{messageId}/flagged],methods=[PUT]}" onto public org.springframework.http.ResponseEntity<java.lang.Void> com.marcnuri.isotope.api.folder.FolderResource.setMessageFlagged(java.lang.String,java.lang.Long,boolean)
17:43:15.157 [Test worker] INFO org.springframework.web.servlet.mvc.method.annotation.RequestMappingHandlerMapping - Mapped "{[/v1/folders/{folderId}/messages],methods=[DELETE]}" onto public org.springframework.http.ResponseEntity<com.marcnuri.isotope.api.folder.Folder> com.marcnuri.isotope.api.folder.FolderResource.deleteAllFolderMessages(java.lang.String)
17:43:15.157 [Test worker] INFO org.springframework.web.servlet.mvc.method.annotation.RequestMappingHandlerMapping - Mapped "{[/v1/folders/{folderId}],methods=[POST],produces=[application/hal+json]}" onto public org.springframework.http.ResponseEntity<com.marcnuri.isotope.api.folder.Folder> com.marcnuri.isotope.api.folder.FolderResource.createChildFolder(java.lang.String,java.lang.String)
17:43:15.157 [Test worker] INFO org.springframework.web.servlet.mvc.method.annotation.RequestMappingHandlerMapping - Mapped "{[/v1/folders/{fromFolderId}/messages/{messageId}/folder/{toFolderId}],methods=[PUT]}" onto public org.springframework.http.ResponseEntity<java.util.List<com.marcnuri.isotope.api.message.MessageWithFolder>> com.marcnuri.isotope.api.folder.FolderResource.moveMessage(java.lang.String,java.lang.Long,java.lang.String)
17:43:15.157 [Test worker] INFO org.springframework.web.servlet.mvc.method.annotation.RequestMappingHandlerMapping - Mapped "{[/v1/folders/{fromFolderId}/messages/folder/{toFolderId}],methods=[PUT]}" onto public org.springframework.http.ResponseEntity<java.util.List<com.marcnuri.isotope.api.message.MessageWithFolder>> com.marcnuri.isotope.api.folder.FolderResource.moveMessages(java.lang.String,java.lang.String,java.util.List<java.lang.Long>)
17:43:15.157 [Test worker] INFO org.springframework.web.servlet.mvc.method.annotation.RequestMappingHandlerMapping - Mapped "{[/v1/folders/{folderId}/messages/{messageId}/seen],methods=[PUT]}" onto public org.springframework.http.ResponseEntity<java.lang.Void> com.marcnuri.isotope.api.folder.FolderResource.setMessageSeen(java.lang.String,java.lang.Long,boolean)
17:43:15.157 [Test worker] INFO org.springframework.web.servlet.mvc.method.annotation.RequestMappingHandlerMapping - Mapped "{[/v1/folders/{folderId}/messages/seen/{seen}],methods=[PUT]}" onto public org.springframework.http.ResponseEntity<java.lang.Void> com.marcnuri.isotope.api.folder.FolderResource.setMessagesSeen(java.lang.String,java.lang.Boolean,java.util.List<java.lang.Long>)
17:43:15.157 [Test worker] INFO org.springframework.web.servlet.mvc.method.annotation.RequestMappingHandlerMapping - Mapped "{[/v1/folders/{folderId}/messages/{messageId}/attachments/{id}],methods=[GET]}" onto public org.springframework.http.ResponseEntity<java.lang.Void> com.marcnuri.isotope.api.folder.FolderResource.getAttachment(java.lang.String,java.lang.Long,java.lang.String,java.lang.Boolean,javax.servlet.http.HttpServletResponse)
17:43:15.157 [Test worker] INFO org.springframework.web.servlet.mvc.method.annotation.RequestMappingHandlerMapping - Mapped "{[/v1/folders/{folderId}],methods=[DELETE],produces=[application/hal+json]}" onto public org.springframework.http.ResponseEntity<com.marcnuri.isotope.api.folder.Folder> com.marcnuri.isotope.api.folder.FolderResource.deleteFolder(java.lang.String)
17:43:15.158 [Test worker] INFO org.springframework.web.servlet.mvc.method.annotation.RequestMappingHandlerMapping - Mapped "{[/v1/folders/{folderId}/name],methods=[PUT],produces=[application/hal+json]}" onto public org.springframework.http.ResponseEntity<com.marcnuri.isotope.api.folder.Folder> com.marcnuri.isotope.api.folder.FolderResource.renameFolder(java.lang.String,java.lang.String)
17:43:15.158 [Test worker] INFO org.springframework.web.servlet.mvc.method.annotation.RequestMappingHandlerMapping - Mapped "{[/v1/folders/{folderId}/parent],methods=[PUT],produces=[application/hal+json]}" onto public org.springframework.http.ResponseEntity<com.marcnuri.isotope.api.folder.Folder> com.marcnuri.isotope.api.folder.FolderResource.moveFolder(java.lang.String,java.lang.String)
17:43:15.158 [Test worker] INFO org.springframework.web.servlet.mvc.method.annotation.RequestMappingHandlerMapping - Mapped "{[/v1/folders],methods=[POST],produces=[application/hal+json]}" onto public org.springframework.http.ResponseEntity<java.util.List<com.marcnuri.isotope.api.folder.Folder>> com.marcnuri.isotope.api.folder.FolderResource.createRootFolder(java.lang.String)
17:43:15.158 [Test worker] INFO org.springframework.web.servlet.mvc.method.annotation.RequestMappingHandlerMapping - Mapped "{[/v1/folders/{folderId}/messages],methods=[GET]}" onto public org.springframework.http.ResponseEntity<java.util.List<com.marcnuri.isotope.api.message.Message>> com.marcnuri.isotope.api.folder.FolderResource.preloadMessages(java.lang.String,java.util.List<java.lang.Long>)
17:43:15.158 [Test worker] INFO org.springframework.web.servlet.mvc.method.annotation.RequestMappingHandlerMapping - Mapped "{[/v1/folders/{folderId}/messages],methods=[DELETE],params=[id]}" onto public org.springframework.http.ResponseEntity<com.marcnuri.isotope.api.folder.Folder> com.marcnuri.isotope.api.folder.FolderResource.deleteMessages(java.lang.String,java.util.List<java.lang.Long>)
17:43:15.158 [Test worker] INFO org.springframework.web.servlet.mvc.method.annotation.RequestMappingHandlerMapping - Mapped "{[/v1/folders/{folderId}/messages],methods=[GET],produces=[text/event-stream]}" onto public reactor.core.publisher.Flux<org.springframework.http.codec.ServerSentEvent<java.util.List<com.marcnuri.isotope.api.message.Message>>> com.marcnuri.isotope.api.folder.FolderResource.getMessages(java.lang.String,javax.servlet.http.HttpServletResponse)
17:43:15.162 [Test worker] DEBUG org.hibernate.validator.internal.engine.resolver.TraversableResolvers - Cannot find javax.persistence.Persistence on classpath. Assuming non JPA 2 environment. All properties will per default be traversable.
17:43:15.162 [Test worker] DEBUG org.hibernate.validator.messageinterpolation.ResourceBundleMessageInterpolator - Loaded expression factory via original TCCL
17:43:15.162 [Test worker] DEBUG org.hibernate.validator.internal.engine.ConfigurationImpl - Setting custom MessageInterpolator of type org.springframework.validation.beanvalidation.LocaleContextMessageInterpolator
17:43:15.162 [Test worker] DEBUG org.hibernate.validator.internal.engine.ConfigurationImpl - Setting custom ParameterNameProvider of type org.springframework.validation.beanvalidation.LocalValidatorFactoryBean$1
17:43:15.163 [Test worker] DEBUG org.hibernate.validator.internal.xml.config.ValidationXmlParser - Trying to load META-INF/validation.xml for XML based Validator configuration.
17:43:15.163 [Test worker] DEBUG org.hibernate.validator.internal.xml.config.ResourceLoaderHelper - Trying to load META-INF/validation.xml via TCCL
17:43:15.163 [Test worker] DEBUG org.hibernate.validator.internal.xml.config.ResourceLoaderHelper - Trying to load META-INF/validation.xml via Hibernate Validator's class loader
17:43:15.163 [Test worker] DEBUG org.hibernate.validator.internal.xml.config.ValidationXmlParser - No META-INF/validation.xml found. Using annotation based configuration only.
17:43:15.166 [Test worker] DEBUG org.hibernate.validator.internal.engine.ValidatorFactoryImpl - HV000234: Using org.springframework.validation.beanvalidation.LocaleContextMessageInterpolator as ValidatorFactory-scoped message interpolator.
17:43:15.166 [Test worker] DEBUG org.hibernate.validator.internal.engine.ValidatorFactoryImpl - HV000234: Using org.hibernate.validator.internal.engine.resolver.TraverseAllTraversableResolver as ValidatorFactory-scoped traversable resolver.
17:43:15.166 [Test worker] DEBUG org.hibernate.validator.internal.engine.ValidatorFactoryImpl - HV000234: Using org.hibernate.validator.internal.util.ExecutableParameterNameProvider as ValidatorFactory-scoped parameter name provider.
17:43:15.166 [Test worker] DEBUG org.hibernate.validator.internal.engine.ValidatorFactoryImpl - HV000234: Using org.hibernate.validator.internal.engine.DefaultClockProvider as ValidatorFactory-scoped clock provider.
17:43:15.166 [Test worker] DEBUG org.hibernate.validator.internal.engine.ValidatorFactoryImpl - HV000234: Using org.hibernate.validator.internal.engine.scripting.DefaultScriptEvaluatorFactory as ValidatorFactory-scoped script evaluator factory.
17:43:15.167 [Test worker] INFO org.springframework.web.servlet.mvc.method.annotation.RequestMappingHandlerAdapter - Looking for @ControllerAdvice: org.springframework.test.web.servlet.setup.StubWebApplicationContext@3b0c5bb9
17:43:15.168 [Test worker] DEBUG org.springframework.web.servlet.mvc.method.annotation.ExceptionHandlerExceptionResolver - Looking for exception mappings: org.springframework.test.web.servlet.setup.StubWebApplicationContext@3b0c5bb9
17:43:15.169 [Test worker] DEBUG org.springframework.test.web.servlet.TestDispatcherServlet - Initializing servlet ''
17:43:15.169 [Test worker] INFO org.springframework.mock.web.MockServletContext - Initializing Spring FrameworkServlet ''
17:43:15.169 [Test worker] INFO org.springframework.test.web.servlet.TestDispatcherServlet - FrameworkServlet '': initialization started
17:43:15.169 [Test worker] DEBUG org.springframework.test.web.servlet.TestDispatcherServlet - Unable to locate MultipartResolver with name 'multipartResolver': no multipart request handling provided
17:43:15.169 [Test worker] DEBUG org.springframework.test.web.servlet.TestDispatcherServlet - Using LocaleResolver [org.springframework.web.servlet.i18n.AcceptHeaderLocaleResolver@5a34d2e5]
17:43:15.169 [Test worker] DEBUG org.springframework.test.web.servlet.TestDispatcherServlet - Using ThemeResolver [org.springframework.web.servlet.theme.FixedThemeResolver@5eda0777]
17:43:15.169 [Test worker] DEBUG org.springframework.test.web.servlet.TestDispatcherServlet - Using RequestToViewNameTranslator [org.springframework.web.servlet.view.DefaultRequestToViewNameTranslator@393513e2]
17:43:15.169 [Test worker] DEBUG org.springframework.test.web.servlet.TestDispatcherServlet - Using FlashMapManager [org.springframework.web.servlet.support.SessionFlashMapManager@565f6213]
17:43:15.169 [Test worker] DEBUG org.springframework.test.web.servlet.TestDispatcherServlet - Published WebApplicationContext of servlet '' as ServletContext attribute with name [org.springframework.web.servlet.FrameworkServlet.CONTEXT.]
17:43:15.169 [Test worker] INFO org.springframework.test.web.servlet.TestDispatcherServlet - FrameworkServlet '': initialization completed in 0 ms
17:43:15.169 [Test worker] DEBUG org.springframework.test.web.servlet.TestDispatcherServlet - Servlet '' configured successfully
17:43:15.170 [Test worker] DEBUG org.springframework.test.web.servlet.TestDispatcherServlet - DispatcherServlet with name '' processing PUT request for [/v1/folders/L29yaWdpbmFsL2ZvbGRlcg==/parent]
17:43:15.170 [Test worker] DEBUG org.springframework.web.servlet.mvc.method.annotation.RequestMappingHandlerMapping - Looking up handler method for path /v1/folders/L29yaWdpbmFsL2ZvbGRlcg==/parent
17:43:15.170 [Test worker] DEBUG org.springframework.web.servlet.mvc.method.annotation.RequestMappingHandlerMapping - Returning handler method [public org.springframework.http.ResponseEntity<com.marcnuri.isotope.api.folder.Folder> com.marcnuri.isotope.api.folder.FolderResource.moveFolder(java.lang.String,java.lang.String)]
17:43:15.171 [Test worker] DEBUG org.springframework.web.servlet.mvc.method.annotation.RequestResponseBodyMethodProcessor - Read [class java.lang.String] as "application/json" with [org.springframework.http.converter.StringHttpMessageConverter@331370b8]
17:43:15.171 [Test worker] DEBUG org.springframework.beans.factory.support.DefaultListableBeanFactory - Returning cached instance of singleton bean 'prototypeImapService'
17:43:15.178 [Test worker] DEBUG org.springframework.web.servlet.mvc.method.annotation.HttpEntityMethodProcessor - Written [links: [<http://localhost/v1/folders//>;rel="self", <http://localhost/v1/folders///messages>;rel="messages", <http://localhost/v1/folders//>;rel="delete", <http://localhost/v1/folders///name>;rel="rename", <http://localhost/v1/folders///parent>;rel="move", <http://localhost/v1/folders///messages/{messageId}>;rel="message", <http://localhost/v1/folders///messages/{messageId}/flagged>;rel="message.flagged", <http://localhost/v1/folders///messages/{messageId}/folder/{toFolderId}>;rel="message.move", <http://localhost/v1/folders///messages/folder/{toFolderId}>;rel="message.move.bulk", <http://localhost/v1/folders///messages/{messageId}/seen>;rel="message.seen", <http://localhost/v1/folders///messages/seen/{seen}>;rel="message.seen.bulk"]] as "application/hal+json" using [org.springframework.http.converter.json.MappingJackson2HttpMessageConverter@7c0f348e]
17:43:15.178 [Test worker] DEBUG org.springframework.test.web.servlet.TestDispatcherServlet - Null ModelAndView returned to DispatcherServlet with name '': assuming HandlerAdapter completed request handling
17:43:15.178 [Test worker] DEBUG org.springframework.test.web.servlet.TestDispatcherServlet - Successfully completed request
17:43:15.178 [Test worker] DEBUG com.jayway.jsonpath.internal.path.CompiledPath - Evaluating path: $['folderId']
17:43:15.178 [Test worker] DEBUG com.jayway.jsonpath.internal.path.CompiledPath - Evaluating path: $['_links']
17:43:15.178 [Test worker] DEBUG com.jayway.jsonpath.internal.path.CompiledPath - Evaluating path: $['_links']
17:43:15.179 [Test worker] DEBUG org.springframework.test.context.cache.DefaultCacheAwareContextLoaderDelegate - Retrieved ApplicationContext from cache with key [[MergedContextConfiguration@690d0075 testClass = FolderResourceTest, locations = '{}', classes = '{class com.marcnuri.isotope.api.folder.FolderResource}', contextInitializerClasses = '[]', activeProfiles = '{}', propertySourceLocations = '{}', propertySourceProperties = '{}', contextCustomizers = set[org.springframework.boot.test.autoconfigure.properties.PropertyMappingContextCustomizer@0, org.springframework.boot.test.autoconfigure.web.servlet.WebDriverContextCustomizerFactory$Customizer@42a343c1, org.springframework.boot.test.context.filter.ExcludeFilterContextCustomizer@3d8dc3, org.springframework.boot.test.json.DuplicateJsonObjectContextCustomizerFactory$DuplicateJsonObjectContextCustomizer@5f493529, org.springframework.boot.test.mock.mockito.MockitoContextCustomizer@8186d819], contextLoader = 'org.springframework.test.context.support.DelegatingSmartContextLoader', parent = [null]]]
17:43:15.179 [Test worker] DEBUG org.springframework.test.context.cache - Spring test ApplicationContext cache statistics: [DefaultContextCache@11fd1fb9 size = 2, maxSize = 32, parentContextCount = 0, hitCount = 104, missCount = 2]
17:43:15.179 [Test worker] DEBUG org.springframework.beans.factory.support.DefaultListableBeanFactory - Returning cached instance of singleton bean 'org.springframework.boot.test.mock.mockito.MockitoBeans'
17:43:15.179 [Test worker] DEBUG org.springframework.test.context.cache.DefaultCacheAwareContextLoaderDelegate - Retrieved ApplicationContext from cache with key [[MergedContextConfiguration@690d0075 testClass = FolderResourceTest, locations = '{}', classes = '{class com.marcnuri.isotope.api.folder.FolderResource}', contextInitializerClasses = '[]', activeProfiles = '{}', propertySourceLocations = '{}', propertySourceProperties = '{}', contextCustomizers = set[org.springframework.boot.test.autoconfigure.properties.PropertyMappingContextCustomizer@0, org.springframework.boot.test.autoconfigure.web.servlet.WebDriverContextCustomizerFactory$Customizer@42a343c1, org.springframework.boot.test.context.filter.ExcludeFilterContextCustomizer@3d8dc3, org.springframework.boot.test.json.DuplicateJsonObjectContextCustomizerFactory$DuplicateJsonObjectContextCustomizer@5f493529, org.springframework.boot.test.mock.mockito.MockitoContextCustomizer@8186d819], contextLoader = 'org.springframework.test.context.support.DelegatingSmartContextLoader', parent = [null]]]
17:43:15.179 [Test worker] DEBUG org.springframework.test.context.cache - Spring test ApplicationContext cache statistics: [DefaultContextCache@11fd1fb9 size = 2, maxSize = 32, parentContextCount = 0, hitCount = 105, missCount = 2]
17:43:15.179 [Test worker] DEBUG org.springframework.test.context.cache.DefaultCacheAwareContextLoaderDelegate - Retrieved ApplicationContext from cache with key [[MergedContextConfiguration@690d0075 testClass = FolderResourceTest, locations = '{}', classes = '{class com.marcnuri.isotope.api.folder.FolderResource}', contextInitializerClasses = '[]', activeProfiles = '{}', propertySourceLocations = '{}', propertySourceProperties = '{}', contextCustomizers = set[org.springframework.boot.test.autoconfigure.properties.PropertyMappingContextCustomizer@0, org.springframework.boot.test.autoconfigure.web.servlet.WebDriverContextCustomizerFactory$Customizer@42a343c1, org.springframework.boot.test.context.filter.ExcludeFilterContextCustomizer@3d8dc3, org.springframework.boot.test.json.DuplicateJsonObjectContextCustomizerFactory$DuplicateJsonObjectContextCustomizer@5f493529, org.springframework.boot.test.mock.mockito.MockitoContextCustomizer@8186d819], contextLoader = 'org.springframework.test.context.support.DelegatingSmartContextLoader', parent = [null]]]
17:43:15.179 [Test worker] DEBUG org.springframework.test.context.cache - Spring test ApplicationContext cache statistics: [DefaultContextCache@11fd1fb9 size = 2, maxSize = 32, parentContextCount = 0, hitCount = 106, missCount = 2]
17:43:15.180 [Test worker] DEBUG reactor.core.publisher.Hooks - Reset to factory defaults : onLastOperator
17:43:15.180 [Test worker] DEBUG org.springframework.test.context.support.AbstractDirtiesContextTestExecutionListener - After test method: context [DefaultTestContext@1abdc0de testClass = FolderResourceTest, testInstance = com.marcnuri.isotope.api.folder.FolderResourceTest@85ac96a, testMethod = moveFolder_validFolderAndNullBody_shouldReturnOk_movesTargetToRoot@FolderResourceTest, testException = [null], mergedContextConfiguration = [MergedContextConfiguration@690d0075 testClass = FolderResourceTest, locations = '{}', classes = '{class com.marcnuri.isotope.api.folder.FolderResource}', contextInitializerClasses = '[]', activeProfiles = '{}', propertySourceLocations = '{}', propertySourceProperties = '{}', contextCustomizers = set[org.springframework.boot.test.autoconfigure.properties.PropertyMappingContextCustomizer@0, org.springframework.boot.test.autoconfigure.web.servlet.WebDriverContextCustomizerFactory$Customizer@42a343c1, org.springframework.boot.test.context.filter.ExcludeFilterContextCustomizer@3d8dc3, org.springframework.boot.test.json.DuplicateJsonObjectContextCustomizerFactory$DuplicateJsonObjectContextCustomizer@5f493529, org.springframework.boot.test.mock.mockito.MockitoContextCustomizer@8186d819], contextLoader = 'org.springframework.test.context.support.DelegatingSmartContextLoader', parent = [null]], attributes = map[[empty]]], class annotated with @DirtiesContext [false] with mode [null], method annotated with @DirtiesContext [false] with mode [null].
17:43:15.180 [Test worker] DEBUG org.springframework.test.annotation.ProfileValueUtils - Retrieved @ProfileValueSourceConfiguration [null] for test class [com.marcnuri.isotope.api.folder.FolderResourceTest]
17:43:15.180 [Test worker] DEBUG org.springframework.test.annotation.ProfileValueUtils - Retrieved ProfileValueSource type [class org.springframework.test.annotation.SystemProfileValueSource] for class [com.marcnuri.isotope.api.folder.FolderResourceTest]
17:43:15.180 [Test worker] DEBUG org.springframework.test.context.cache.DefaultCacheAwareContextLoaderDelegate - Retrieved ApplicationContext from cache with key [[MergedContextConfiguration@690d0075 testClass = FolderResourceTest, locations = '{}', classes = '{class com.marcnuri.isotope.api.folder.FolderResource}', contextInitializerClasses = '[]', activeProfiles = '{}', propertySourceLocations = '{}', propertySourceProperties = '{}', contextCustomizers = set[org.springframework.boot.test.autoconfigure.properties.PropertyMappingContextCustomizer@0, org.springframework.boot.test.autoconfigure.web.servlet.WebDriverContextCustomizerFactory$Customizer@42a343c1, org.springframework.boot.test.context.filter.ExcludeFilterContextCustomizer@3d8dc3, org.springframework.boot.test.json.DuplicateJsonObjectContextCustomizerFactory$DuplicateJsonObjectContextCustomizer@5f493529, org.springframework.boot.test.mock.mockito.MockitoContextCustomizer@8186d819], contextLoader = 'org.springframework.test.context.support.DelegatingSmartContextLoader', parent = [null]]]
17:43:15.180 [Test worker] DEBUG org.springframework.test.context.cache - Spring test ApplicationContext cache statistics: [DefaultContextCache@11fd1fb9 size = 2, maxSize = 32, parentContextCount = 0, hitCount = 107, missCount = 2]
17:43:15.180 [Test worker] DEBUG org.springframework.beans.factory.support.DefaultListableBeanFactory - Returning cached instance of singleton bean 'org.springframework.boot.test.mock.mockito.MockitoPostProcessor'
17:43:15.180 [Test worker] DEBUG org.springframework.beans.factory.support.DefaultListableBeanFactory - Returning cached instance of singleton bean 'prototypeImapService'
17:43:15.180 [Test worker] DEBUG org.springframework.test.context.support.DependencyInjectionTestExecutionListener - Performing dependency injection for test context [[DefaultTestContext@1abdc0de testClass = FolderResourceTest, testInstance = com.marcnuri.isotope.api.folder.FolderResourceTest@1ad0e3e9, testMethod = [null], testException = [null], mergedContextConfiguration = [MergedContextConfiguration@690d0075 testClass = FolderResourceTest, locations = '{}', classes = '{class com.marcnuri.isotope.api.folder.FolderResource}', contextInitializerClasses = '[]', activeProfiles = '{}', propertySourceLocations = '{}', propertySourceProperties = '{}', contextCustomizers = set[org.springframework.boot.test.autoconfigure.properties.PropertyMappingContextCustomizer@0, org.springframework.boot.test.autoconfigure.web.servlet.WebDriverContextCustomizerFactory$Customizer@42a343c1, org.springframework.boot.test.context.filter.ExcludeFilterContextCustomizer@3d8dc3, org.springframework.boot.test.json.DuplicateJsonObjectContextCustomizerFactory$DuplicateJsonObjectContextCustomizer@5f493529, org.springframework.boot.test.mock.mockito.MockitoContextCustomizer@8186d819], contextLoader = 'org.springframework.test.context.support.DelegatingSmartContextLoader', parent = [null]], attributes = map[[empty]]]].
17:43:15.180 [Test worker] DEBUG org.springframework.test.context.cache.DefaultCacheAwareContextLoaderDelegate - Retrieved ApplicationContext from cache with key [[MergedContextConfiguration@690d0075 testClass = FolderResourceTest, locations = '{}', classes = '{class com.marcnuri.isotope.api.folder.FolderResource}', contextInitializerClasses = '[]', activeProfiles = '{}', propertySourceLocations = '{}', propertySourceProperties = '{}', contextCustomizers = set[org.springframework.boot.test.autoconfigure.properties.PropertyMappingContextCustomizer@0, org.springframework.boot.test.autoconfigure.web.servlet.WebDriverContextCustomizerFactory$Customizer@42a343c1, org.springframework.boot.test.context.filter.ExcludeFilterContextCustomizer@3d8dc3, org.springframework.boot.test.json.DuplicateJsonObjectContextCustomizerFactory$DuplicateJsonObjectContextCustomizer@5f493529, org.springframework.boot.test.mock.mockito.MockitoContextCustomizer@8186d819], contextLoader = 'org.springframework.test.context.support.DelegatingSmartContextLoader', parent = [null]]]
17:43:15.180 [Test worker] DEBUG org.springframework.test.context.cache - Spring test ApplicationContext cache statistics: [DefaultContextCache@11fd1fb9 size = 2, maxSize = 32, parentContextCount = 0, hitCount = 108, missCount = 2]
17:43:15.180 [Test worker] DEBUG org.springframework.beans.factory.annotation.InjectionMetadata - Processing injected element of bean 'com.marcnuri.isotope.api.folder.FolderResourceTest': AutowiredFieldElement for private com.marcnuri.isotope.api.folder.FolderResource com.marcnuri.isotope.api.folder.FolderResourceTest.folderResource
17:43:15.180 [Test worker] DEBUG org.springframework.beans.factory.support.DefaultListableBeanFactory - Returning cached instance of singleton bean 'folderResource'
17:43:15.181 [Test worker] DEBUG org.springframework.test.context.support.AbstractDirtiesContextTestExecutionListener - Before test method: context [DefaultTestContext@1abdc0de testClass = FolderResourceTest, testInstance = com.marcnuri.isotope.api.folder.FolderResourceTest@1ad0e3e9, testMethod = getFolders_na_shouldReturnOk@FolderResourceTest, testException = [null], mergedContextConfiguration = [MergedContextConfiguration@690d0075 testClass = FolderResourceTest, locations = '{}', classes = '{class com.marcnuri.isotope.api.folder.FolderResource}', contextInitializerClasses = '[]', activeProfiles = '{}', propertySourceLocations = '{}', propertySourceProperties = '{}', contextCustomizers = set[org.springframework.boot.test.autoconfigure.properties.PropertyMappingContextCustomizer@0, org.springframework.boot.test.autoconfigure.web.servlet.WebDriverContextCustomizerFactory$Customizer@42a343c1, org.springframework.boot.test.context.filter.ExcludeFilterContextCustomizer@3d8dc3, org.springframework.boot.test.json.DuplicateJsonObjectContextCustomizerFactory$DuplicateJsonObjectContextCustomizer@5f493529, org.springframework.boot.test.mock.mockito.MockitoContextCustomizer@8186d819], contextLoader = 'org.springframework.test.context.support.DelegatingSmartContextLoader', parent = [null]], attributes = map[[empty]]], class annotated with @DirtiesContext [false] with mode [null], method annotated with @DirtiesContext [false] with mode [null].
17:43:15.181 [Test worker] DEBUG reactor.core.publisher.Hooks - Hooking onLastOperator: reactor.core.publisher.Operators$LiftFunction@4641784d
17:43:15.182 [Test worker] DEBUG org.springframework.test.context.cache.DefaultCacheAwareContextLoaderDelegate - Retrieved ApplicationContext from cache with key [[MergedContextConfiguration@690d0075 testClass = FolderResourceTest, locations = '{}', classes = '{class com.marcnuri.isotope.api.folder.FolderResource}', contextInitializerClasses = '[]', activeProfiles = '{}', propertySourceLocations = '{}', propertySourceProperties = '{}', contextCustomizers = set[org.springframework.boot.test.autoconfigure.properties.PropertyMappingContextCustomizer@0, org.springframework.boot.test.autoconfigure.web.servlet.WebDriverContextCustomizerFactory$Customizer@42a343c1, org.springframework.boot.test.context.filter.ExcludeFilterContextCustomizer@3d8dc3, org.springframework.boot.test.json.DuplicateJsonObjectContextCustomizerFactory$DuplicateJsonObjectContextCustomizer@5f493529, org.springframework.boot.test.mock.mockito.MockitoContextCustomizer@8186d819], contextLoader = 'org.springframework.test.context.support.DelegatingSmartContextLoader', parent = [null]]]
17:43:15.182 [Test worker] DEBUG org.springframework.test.context.cache - Spring test ApplicationContext cache statistics: [DefaultContextCache@11fd1fb9 size = 2, maxSize = 32, parentContextCount = 0, hitCount = 109, missCount = 2]
17:43:15.182 [Test worker] DEBUG org.springframework.beans.factory.support.DefaultListableBeanFactory - Returning cached instance of singleton bean 'org.springframework.boot.test.mock.mockito.MockitoBeans'
17:43:15.182 [Test worker] DEBUG org.springframework.core.env.StandardEnvironment - Adding PropertySource 'systemProperties' with lowest search precedence
17:43:15.182 [Test worker] DEBUG org.springframework.core.env.StandardEnvironment - Adding PropertySource 'systemEnvironment' with lowest search precedence
17:43:15.182 [Test worker] DEBUG org.springframework.core.env.StandardEnvironment - Initialized StandardEnvironment with PropertySources [MapPropertySource@1581114208 {name='systemProperties', properties={java.runtime.name=OpenJDK Runtime Environment, sun.boot.library.path=C:\Program Files\AdoptOpenJDK\jdk-8.0.242.08-hotspot\jre\bin, java.vm.version=25.242-b08, java.vm.vendor=, java.vendor.url=http://java.oracle.com/, path.separator=;, java.vm.name=OpenJDK 64-Bit Server VM, file.encoding.pkg=sun.io, user.script=, sun.java.launcher=SUN_STANDARD, user.country=GB, sun.os.patch.level=, java.vm.specification.name=Java Virtual Machine Specification, user.dir=C:\azure-devops\git\eShopOnContainers\src\Web\WebImapClient\Client\server, java.runtime.version=1.8.0_242-b08, java.awt.graphicsenv=sun.awt.Win32GraphicsEnvironment, java.endorsed.dirs=C:\Program Files\AdoptOpenJDK\jdk-8.0.242.08-hotspot\jre\lib\endorsed, os.arch=amd64, java.io.tmpdir=C:\Users\jorge\AppData\Local\Temp\, line.separator=
, java.vm.specification.vendor=Oracle Corporation, user.variant=, os.name=Windows 10, sun.jnu.encoding=Cp1252, java.library.path=C:\Program Files\AdoptOpenJDK\jdk-8.0.242.08-hotspot\bin;C:\Windows\Sun\Java\bin;C:\Windows\system32;C:\Windows;C:\Program Files\AdoptOpenJDK\jdk-8.0.242.08-hotspot\bin;C:\Program Files (x86)\Common Files\Oracle\Java\javapath;C:\Python27\;C:\Python27\Scripts;C:\ProgramData\DockerDesktop\version-bin;C:\Program Files\Docker\Docker\Resources\bin;C:\Windows\system32;C:\Windows;C:\Windows\System32\Wbem;C:\Windows\System32\WindowsPowerShell\v1.0\;C:\Windows\System32\OpenSSH\;C:\Program Files (x86)\NVIDIA Corporation\PhysX\Common;C:\Program Files\dotnet\;C:\Program Files\Microsoft SQL Server\130\Tools\Binn\;C:\Program Files\Microsoft SQL Server\Client SDK\ODBC\170\Tools\Binn\;C:\Program Files (x86)\Microsoft SQL Server\150\DTS\Binn\;C:\Program Files\Git\cmd;C:\Program Files (x86)\Microsoft ASP.NET\ASP.NET Web Pages\v1.0\;C:\Program Files\Microsoft SQL Server\110\Tools\Binn\;C:\Users\jorge\.dnx\bin;C:\Program Files\Microsoft DNX\Dnvm\;C:\Program Files\nodejs\;C:\ProgramData\chocolatey\bin;C:\Program Files\Microsoft\Web Platform Installer\;C:\Users\jorge\AppData\Local\Microsoft\WindowsApps;C:\Users\jorge\AppData\Local\Programs\Microsoft VS Code\bin;C:\Users\jorge\.dotnet\tools;C:\Users\jorge\AppData\Roaming\npm;C:\Users\jorge\AppData\Local\GitHubDesktop\bin;., java.specification.name=Java Platform API Specification, java.class.version=52.0, org.gradle.native=false, sun.management.compiler=HotSpot 64-Bit Tiered Compilers, os.version=10.0, user.home=C:\Users\jorge, user.timezone=Europe/Paris, java.awt.printerjob=sun.awt.windows.WPrinterJob, file.encoding=windows-1252, java.specification.version=1.8, java.class.path=C:\azure-devops\git\eShopOnContainers\src\Web\WebImapClient\Client\server\build\classes\java\test;C:\azure-devops\git\eShopOnContainers\src\Web\WebImapClient\Client\server\build\resources\test;C:\azure-devops\git\eShopOnContainers\src\Web\WebImapClient\Client\server\build\classes\java\main;C:\azure-devops\git\eShopOnContainers\src\Web\WebImapClient\Client\server\build\resources\main;C:\Users\jorge\.gradle\caches\modules-2\files-2.1\org.springframework.boot\spring-boot-starter-actuator\2.0.4.RELEASE\24e901473279d9c18e0a0f8037d58b18c8297dca\spring-boot-starter-actuator-2.0.4.RELEASE.jar;C:\Users\jorge\.gradle\caches\modules-2\files-2.1\org.springframework.boot\spring-boot-starter-security\2.0.4.RELEASE\2ac314e5985fd9ae0d2acaea450f4f6c3dbd7f92\spring-boot-starter-security-2.0.4.RELEASE.jar;C:\Users\jorge\.gradle\caches\modules-2\files-2.1\org.springframework.boot\spring-boot-starter-webflux\2.0.4.RELEASE\a52fcd02fb6129e14f2b4b36acc5748368563c93\spring-boot-starter-webflux-2.0.4.RELEASE.jar;C:\Users\jorge\.gradle\caches\modules-2\files-2.1\org.springframework.boot\spring-boot-starter-test\2.0.4.RELEASE\8f473705d2742b669f0318f10a956f94a93ba3d2\spring-boot-starter-test-2.0.4.RELEASE.jar;C:\Users\jorge\.gradle\caches\modules-2\files-2.1\org.springframework.boot\spring-boot-starter-hateoas\2.0.4.RELEASE\2f115bebeffea81859c6d874457fa8db16b10747\spring-boot-starter-hateoas-2.0.4.RELEASE.jar;C:\Users\jorge\.gradle\caches\modules-2\files-2.1\org.springframework.boot\spring-boot-starter-web\2.0.4.RELEASE\98d49e981ecf804da877d84259b7b0d1ec2fb6f6\spring-boot-starter-web-2.0.4.RELEASE.jar;C:\Users\jorge\.gradle\caches\modules-2\files-2.1\org.springframework.boot\spring-boot-starter-json\2.0.4.RELEASE\c7afabf0d7c85db178da4ce0634e3bd2ddb0eb71\spring-boot-starter-json-2.0.4.RELEASE.jar;C:\Users\jorge\.gradle\caches\modules-2\files-2.1\org.springframework.boot\spring-boot-starter\2.0.4.RELEASE\ec46c63a2adeee40058eff1a6baefca13975dc94\spring-boot-starter-2.0.4.RELEASE.jar;C:\Users\jorge\.gradle\caches\modules-2\files-2.1\com.sun.mail\javax.mail\1.6.1\757ba4630692bb2a1ec2d9d57a616b63f15e947e\javax.mail-1.6.1.jar;C:\Users\jorge\.gradle\caches\modules-2\files-2.1\org.springframework.boot\spring-boot-actuator-autoconfigure\2.0.4.RELEASE\2cadc1d20a1f9ee667a608cfee154138e954f5f2\spring-boot-actuator-autoconfigure-2.0.4.RELEASE.jar;C:\Users\jorge\.gradle\caches\modules-2\files-2.1\com.fasterxml.jackson.datatype\jackson-datatype-jsr310\2.9.6\ea54f6193d224e5e5732bbd4262327eb465397c2\jackson-datatype-jsr310-2.9.6.jar;C:\Users\jorge\.gradle\caches\modules-2\files-2.1\commons-io\commons-io\2.6\815893df5f31da2ece4040fe0a12fd44b577afaf\commons-io-2.6.jar;C:\Users\jorge\.gradle\caches\modules-2\files-2.1\org.springframework.security\spring-security-test\5.0.7.RELEASE\a74c9ab10d53baa3bb7a731753fe0c6d9ab9d848\spring-security-test-5.0.7.RELEASE.jar;C:\Users\jorge\.gradle\caches\modules-2\files-2.1\com.marcnuri\spring-common-test\0.0.2\da9c2c5e849c7dcbbe99d190bedffa5e6fe450a5\spring-common-test-0.0.2.jar;C:\Users\jorge\.gradle\caches\modules-2\files-2.1\org.hamcrest\java-hamcrest\2.0.0.0\f1c8853ade0ecf707f5a261c830e98893983813\java-hamcrest-2.0.0.0.jar;C:\Users\jorge\.gradle\caches\modules-2\files-2.1\org.powermock\powermock-module-junit4\2.0.0-RC.3\b9a04b492e2b93e93617ba457f76aebbf00fc221\powermock-module-junit4-2.0.0-RC.3.jar;C:\Users\jorge\.gradle\caches\modules-2\files-2.1\org.powermock\powermock-api-mockito2\2.0.0-RC.3\f85a8404be063ef15c5fdd3745b11d2fba875fcd\powermock-api-mockito2-2.0.0-RC.3.jar;C:\Users\jorge\.gradle\caches\modules-2\files-2.1\org.springframework.boot\spring-boot-test-autoconfigure\2.0.4.RELEASE\8a2e3f31e607fdb08deda2f59263ce177f1c4310\spring-boot-test-autoconfigure-2.0.4.RELEASE.jar;C:\Users\jorge\.gradle\caches\modules-2\files-2.1\org.springframework.boot\spring-boot-test\2.0.4.RELEASE\8a17fc3cf16b6d75f2ba132ade04409a670095de\spring-boot-test-2.0.4.RELEASE.jar;C:\Users\jorge\.gradle\caches\modules-2\files-2.1\org.springframework.boot\spring-boot-autoconfigure\2.0.4.RELEASE\65cd1244d606acc02ab7bfc47a203a3fe2400dda\spring-boot-autoconfigure-2.0.4.RELEASE.jar;C:\Users\jorge\.gradle\caches\modules-2\files-2.1\org.springframework.boot\spring-boot-actuator\2.0.4.RELEASE\9c02c968eb50a7cdc14fc4c7b586d767df6dc48d\spring-boot-actuator-2.0.4.RELEASE.jar;C:\Users\jorge\.gradle\caches\modules-2\files-2.1\org.springframework.boot\spring-boot\2.0.4.RELEASE\c8619c5b06d4dcdb4cac1e5e9c839e6e8b1c8574\spring-boot-2.0.4.RELEASE.jar;C:\Users\jorge\.gradle\caches\modules-2\files-2.1\org.springframework.boot\spring-boot-starter-logging\2.0.4.RELEASE\dcd1a2c431c970f44adae64d9145133979a513ab\spring-boot-starter-logging-2.0.4.RELEASE.jar;C:\Users\jorge\.gradle\caches\modules-2\files-2.1\org.springframework.boot\spring-boot-starter-tomcat\2.0.4.RELEASE\dcf28989a34b0801fea0e810c371fb9dab1e7784\spring-boot-starter-tomcat-2.0.4.RELEASE.jar;C:\Users\jorge\.gradle\caches\modules-2\files-2.1\javax.annotation\javax.annotation-api\1.3.2\934c04d3cfef185a8008e7bf34331b79730a9d43\javax.annotation-api-1.3.2.jar;C:\Users\jorge\.gradle\caches\modules-2\files-2.1\org.springframework.security\spring-security-config\5.0.7.RELEASE\d702e01048687db4ec6c97fb32d28ffbe348b3e\spring-security-config-5.0.7.RELEASE.jar;C:\Users\jorge\.gradle\caches\modules-2\files-2.1\org.springframework.security\spring-security-web\5.0.7.RELEASE\bab3ed579d4550bb5cc40b0a7fddd0106db7c66\spring-security-web-5.0.7.RELEASE.jar;C:\Users\jorge\.gradle\caches\modules-2\files-2.1\org.springframework.hateoas\spring-hateoas\0.25.0.RELEASE\22d1abd575426709734ab83e7d81d6deb4addbf6\spring-hateoas-0.25.0.RELEASE.jar;C:\Users\jorge\.gradle\caches\modules-2\files-2.1\org.springframework\spring-webflux\5.0.8.RELEASE\d16ce1cf6f95771e821619d6ef13c1f0333fafb\spring-webflux-5.0.8.RELEASE.jar;C:\Users\jorge\.gradle\caches\modules-2\files-2.1\org.springframework\spring-webmvc\5.0.8.RELEASE\7e5fe57590ca8e4468e50fe1d92b0b67aa4a327a\spring-webmvc-5.0.8.RELEASE.jar;C:\Users\jorge\.gradle\caches\modules-2\files-2.1\org.springframework\spring-web\5.0.8.RELEASE\fa43cdadb4ab2491fd1d0ddb06c0808e4b60fc85\spring-web-5.0.8.RELEASE.jar;C:\Users\jorge\.gradle\caches\modules-2\files-2.1\org.springframework\spring-test\5.0.8.RELEASE\5782619373bd7e7b7d9106203c317b04bb613ebb\spring-test-5.0.8.RELEASE.jar;C:\Users\jorge\.gradle\caches\modules-2\files-2.1\org.springframework.security\spring-security-core\5.0.7.RELEASE\40a0c57af6b4c3f8c611216d2579c6ab19672694\spring-security-core-5.0.7.RELEASE.jar;C:\Users\jorge\.gradle\caches\modules-2\files-2.1\org.springframework.plugin\spring-plugin-core\1.2.0.RELEASE\f380e7760032e7d929184f8ad8a33716b75c0657\spring-plugin-core-1.2.0.RELEASE.jar;C:\Users\jorge\.gradle\caches\modules-2\files-2.1\org.springframework\spring-context\5.0.8.RELEASE\3a067d8990761111c9b6d1d895640be26cc1fb38\spring-context-5.0.8.RELEASE.jar;C:\Users\jorge\.gradle\caches\modules-2\files-2.1\org.springframework\spring-aop\5.0.8.RELEASE\f5086c1a3185c481104511837427b39a07a57aa2\spring-aop-5.0.8.RELEASE.jar;C:\Users\jorge\.gradle\caches\modules-2\files-2.1\org.springframework\spring-beans\5.0.8.RELEASE\5fc965d3e7f5515099244857a8ae9e2a208c169b\spring-beans-5.0.8.RELEASE.jar;C:\Users\jorge\.gradle\caches\modules-2\files-2.1\org.springframework\spring-expression\5.0.8.RELEASE\f23158f22c917df2cddf2ecebc398a9e95f95fae\spring-expression-5.0.8.RELEASE.jar;C:\Users\jorge\.gradle\caches\modules-2\files-2.1\org.springframework\spring-core\5.0.8.RELEASE\dc39c49e3246cdf73d3786ac41119140aed3fa08\spring-core-5.0.8.RELEASE.jar;C:\Users\jorge\.gradle\caches\modules-2\files-2.1\org.yaml\snakeyaml\1.19\2d998d3d674b172a588e54ab619854d073f555b5\snakeyaml-1.19.jar;C:\Users\jorge\.gradle\caches\modules-2\files-2.1\io.micrometer\micrometer-core\1.0.6\50299bc8a34c251d62311bbb1a297f3942a82e42\micrometer-core-1.0.6.jar;C:\Users\jorge\.gradle\caches\modules-2\files-2.1\org.springframework.boot\spring-boot-starter-reactor-netty\2.0.4.RELEASE\ed4ac88f7fc699a9cbb6ee804a26e2e30239ca35\spring-boot-starter-reactor-netty-2.0.4.RELEASE.jar;C:\Users\jorge\.gradle\caches\modules-2\files-2.1\org.hibernate.validator\hibernate-validator\6.0.11.Final\36f9d10a11e4768f55e8fb91ebe4338a5c43954e\hibernate-validator-6.0.11.Final.jar;C:\Users\jorge\.gradle\caches\modules-2\files-2.1\org.synchronoss.cloud\nio-multipart-parser\1.1.0\c6c417fec6612584b1c34d4dd98c5a4e47e8c754\nio-multipart-parser-1.1.0.jar;C:\Users\jorge\.gradle\caches\modules-2\files-2.1\javax.activation\activation\1.1\e6cb541461c2834bdea3eb920f1884d1eb508b50\activation-1.1.jar;C:\Users\jorge\.gradle\caches\modules-2\files-2.1\com.fasterxml.jackson.datatype\jackson-datatype-jdk8\2.9.6\456895fc91bf7180b216fead220373e6278230c9\jackson-datatype-jdk8-2.9.6.jar;C:\Users\jorge\.gradle\caches\modules-2\files-2.1\com.fasterxml.jackson.module\jackson-module-parameter-names\2.9.6\129acd77a4b6ee30d62d3a0899b1344c8ec2bff8\jackson-module-parameter-names-2.9.6.jar;C:\Users\jorge\.gradle\caches\modules-2\files-2.1\com.fasterxml.jackson.core\jackson-databind\2.9.6\cfa4f316351a91bfd95cb0644c6a2c95f52db1fc\jackson-databind-2.9.6.jar;C:\Users\jorge\.gradle\caches\modules-2\files-2.1\com.fasterxml.jackson.core\jackson-annotations\2.9.0\7c10d545325e3a6e72e06381afe469fd40eb701\jackson-annotations-2.9.0.jar;C:\Users\jorge\.gradle\caches\modules-2\files-2.1\com.fasterxml.jackson.core\jackson-core\2.9.6\4e393793c37c77e042ccc7be5a914ae39251b365\jackson-core-2.9.6.jar;C:\Users\jorge\.gradle\caches\modules-2\files-2.1\com.jayway.jsonpath\json-path\2.4.0\765a4401ceb2dc8d40553c2075eb80a8fa35c2ae\json-path-2.4.0.jar;C:\Users\jorge\.gradle\caches\modules-2\files-2.1\org.powermock\powermock-module-junit4-common\2.0.0-RC.3\f09137abdf1aeea2df214037eab50ed864602c9a\powermock-module-junit4-common-2.0.0-RC.3.jar;C:\Users\jorge\.gradle\caches\modules-2\files-2.1\junit\junit\4.12\2973d150c0dc1fefe998f834810d68f278ea58ec\junit-4.12.jar;C:\Users\jorge\.gradle\caches\modules-2\files-2.1\org.assertj\assertj-core\3.9.1\c5ce126b15f28d56cd8f960c1a6a058b9c9aea87\assertj-core-3.9.1.jar;C:\Users\jorge\.gradle\caches\modules-2\files-2.1\org.mockito\mockito-core\2.15.0\b84bfbbc29cd22c9529409627af6ea2897f4fa85\mockito-core-2.15.0.jar;C:\Users\jorge\.gradle\caches\modules-2\files-2.1\org.hamcrest\hamcrest-library\1.3\4785a3c21320980282f9f33d0d1264a69040538f\hamcrest-library-1.3.jar;C:\Users\jorge\.gradle\caches\modules-2\files-2.1\org.hamcrest\hamcrest-core\1.3\42a25dc3219429f0e5d060061f71acb49bf010a0\hamcrest-core-1.3.jar;C:\Users\jorge\.gradle\caches\modules-2\files-2.1\org.skyscreamer\jsonassert\1.5.0\6c9d5fe2f59da598d9aefc1cfc6528ff3cf32df3\jsonassert-1.5.0.jar;C:\Users\jorge\.gradle\caches\modules-2\files-2.1\org.xmlunit\xmlunit-core\2.5.1\4ffdb346572a7356f7521cd3119ce5287d2e339d\xmlunit-core-2.5.1.jar;C:\Users\jorge\.gradle\caches\modules-2\files-2.1\org.powermock\powermock-api-support\2.0.0-RC.3\a23d6bdbcf865513c9f6992134152be80504e499\powermock-api-support-2.0.0-RC.3.jar;C:\Users\jorge\.gradle\caches\modules-2\files-2.1\ch.qos.logback\logback-classic\1.2.3\7c4f3c474fb2c041d8028740440937705ebb473a\logback-classic-1.2.3.jar;C:\Users\jorge\.gradle\caches\modules-2\files-2.1\org.apache.logging.log4j\log4j-to-slf4j\2.10.0\f7e631ccf49cfc0aefa4a2a728da7d374c05bd3c\log4j-to-slf4j-2.10.0.jar;C:\Users\jorge\.gradle\caches\modules-2\files-2.1\org.slf4j\jul-to-slf4j\1.7.25\af5364cd6679bfffb114f0dec8a157aaa283b76\jul-to-slf4j-1.7.25.jar;C:\Users\jorge\.gradle\caches\modules-2\files-2.1\org.springframework\spring-jcl\5.0.8.RELEASE\a1fa8fb560fb252321776e16bc9ac8201af4ef5e\spring-jcl-5.0.8.RELEASE.jar;C:\Users\jorge\.gradle\caches\modules-2\files-2.1\org.hdrhistogram\HdrHistogram\2.1.10\9e1ac84eed220281841b75e72fb9de5a297fbf04\HdrHistogram-2.1.10.jar;C:\Users\jorge\.gradle\caches\modules-2\files-2.1\org.latencyutils\LatencyUtils\2.0.3\769c0b82cb2421c8256300e907298a9410a2a3d3\LatencyUtils-2.0.3.jar;C:\Users\jorge\.gradle\caches\modules-2\files-2.1\org.synchronoss.cloud\nio-stream-storage\1.1.3\986dba5f6e5eed20f0dba6ddc8e8a64a9ebdc2f3\nio-stream-storage-1.1.3.jar;C:\Users\jorge\.gradle\caches\modules-2\files-2.1\org.slf4j\slf4j-api\1.7.25\da76ca59f6a57ee3102f8f9bd9cee742973efa8a\slf4j-api-1.7.25.jar;C:\Users\jorge\.gradle\caches\modules-2\files-2.1\io.projectreactor.ipc\reactor-netty\0.7.8.RELEASE\fe25c7d3042b6005690f7d243cef987b696a12ee\reactor-netty-0.7.8.RELEASE.jar;C:\Users\jorge\.gradle\caches\modules-2\files-2.1\javax.validation\validation-api\2.0.1.Final\cb855558e6271b1b32e716d24cb85c7f583ce09e\validation-api-2.0.1.Final.jar;C:\Users\jorge\.gradle\caches\modules-2\files-2.1\org.jboss.logging\jboss-logging\3.3.2.Final\3789d00e859632e6c6206adc0c71625559e6e3b0\jboss-logging-3.3.2.Final.jar;C:\Users\jorge\.gradle\caches\modules-2\files-2.1\com.fasterxml\classmate\1.3.4\3d5f48f10bbe4eb7bd862f10c0583be2e0053c6\classmate-1.3.4.jar;C:\Users\jorge\.gradle\caches\modules-2\files-2.1\io.projectreactor\reactor-core\3.1.8.RELEASE\3bcc30f9161d3d17abe44b4aa20e397e5170566e\reactor-core-3.1.8.RELEASE.jar;C:\Users\jorge\.gradle\caches\modules-2\files-2.1\net.minidev\json-smart\2.3\7396407491352ce4fa30de92efb158adb76b5b\json-smart-2.3.jar;C:\Users\jorge\.gradle\caches\modules-2\files-2.1\org.powermock\powermock-core\2.0.0-RC.3\f958479ea1f0d1ba37cf65b6612fccfbaf4d8dd3\powermock-core-2.0.0-RC.3.jar;C:\Users\jorge\.gradle\caches\modules-2\files-2.1\org.powermock\powermock-reflect\2.0.0-RC.3\c10437486ae35b91666c2591fd7b1a8054b4573c\powermock-reflect-2.0.0-RC.3.jar;C:\Users\jorge\.gradle\caches\modules-2\files-2.1\net.bytebuddy\byte-buddy\1.7.11\f02857a4e2c66ccbe7aaad6100a0a6c461bce9b3\byte-buddy-1.7.11.jar;C:\Users\jorge\.gradle\caches\modules-2\files-2.1\net.bytebuddy\byte-buddy-agent\1.7.11\b425a8933ca07edd03c6dbc8bc3b595fba9780de\byte-buddy-agent-1.7.11.jar;C:\Users\jorge\.gradle\caches\modules-2\files-2.1\org.objenesis\objenesis\3.0.1\11cfac598df9dc48bb9ed9357ed04212694b7808\objenesis-3.0.1.jar;C:\Users\jorge\.gradle\caches\modules-2\files-2.1\com.vaadin.external.google\android-json\0.0.20131108.vaadin1\fa26d351fe62a6a17f5cda1287c1c6110dec413f\android-json-0.0.20131108.vaadin1.jar;C:\Users\jorge\.gradle\caches\modules-2\files-2.1\ch.qos.logback\logback-core\1.2.3\864344400c3d4d92dfeb0a305dc87d953677c03c\logback-core-1.2.3.jar;C:\Users\jorge\.gradle\caches\modules-2\files-2.1\org.apache.logging.log4j\log4j-api\2.10.0\fec5797a55b786184a537abd39c3fa1449d752d6\log4j-api-2.10.0.jar;C:\Users\jorge\.gradle\caches\modules-2\files-2.1\org.apache.tomcat.embed\tomcat-embed-websocket\8.5.32\ea5302e378f1449d4e5dda79e8d810c1e7931f91\tomcat-embed-websocket-8.5.32.jar;C:\Users\jorge\.gradle\caches\modules-2\files-2.1\org.apache.tomcat.embed\tomcat-embed-core\8.5.32\6bc6896200146010cc4666bdc6b9b0cbb453ee22\tomcat-embed-core-8.5.32.jar;C:\Users\jorge\.gradle\caches\modules-2\files-2.1\org.apache.tomcat.embed\tomcat-embed-el\8.5.32\e4fd0ee015d83fa1c5ec93ff1d05bdaf9a4480c5\tomcat-embed-el-8.5.32.jar;C:\Users\jorge\.gradle\caches\modules-2\files-2.1\io.netty\netty-handler-proxy\4.1.27.Final\1a822ce7760bc6eb4937b7e448c9e081fedcc807\netty-handler-proxy-4.1.27.Final.jar;C:\Users\jorge\.gradle\caches\modules-2\files-2.1\io.netty\netty-codec-http\4.1.27.Final\a1722d6bcbbef1c4c7877e8bf38b07a3db5ed07f\netty-codec-http-4.1.27.Final.jar;C:\Users\jorge\.gradle\caches\modules-2\files-2.1\io.netty\netty-handler\4.1.27.Final\21bd9cf565390a8d72579b8664303e3c175dfc6a\netty-handler-4.1.27.Final.jar;C:\Users\jorge\.gradle\caches\modules-2\files-2.1\io.netty\netty-transport-native-epoll\4.1.27.Final\8c3a61a7dd53eafe2f0fe31356f1379598f74517\netty-transport-native-epoll-4.1.27.Final-linux-x86_64.jar;C:\Users\jorge\.gradle\caches\modules-2\files-2.1\org.reactivestreams\reactive-streams\1.0.2\323964c36556eb0e6209f65c1cef72b53b461ab8\reactive-streams-1.0.2.jar;C:\Users\jorge\.gradle\caches\modules-2\files-2.1\net.minidev\accessors-smart\1.2\c592b500269bfde36096641b01238a8350f8aa31\accessors-smart-1.2.jar;C:\Users\jorge\.gradle\caches\modules-2\files-2.1\org.javassist\javassist\3.24.0-GA\d7466fc2e3af7c023e95c510f06448ad29b225b3\javassist-3.24.0-GA.jar;C:\Users\jorge\.gradle\caches\modules-2\files-2.1\io.netty\netty-codec-socks\4.1.27.Final\285b09af98764cf02e4b77b3d95af188469a7133\netty-codec-socks-4.1.27.Final.jar;C:\Users\jorge\.gradle\caches\modules-2\files-2.1\io.netty\netty-codec\4.1.27.Final\d2653d78ebaa650064768fb26b10051f5c8efb2c\netty-codec-4.1.27.Final.jar;C:\Users\jorge\.gradle\caches\modules-2\files-2.1\io.netty\netty-transport-native-unix-common\4.1.27.Final\2b0667fe5c1df78c6cfbf9d53ad8b1fb533fb8e8\netty-transport-native-unix-common-4.1.27.Final.jar;C:\Users\jorge\.gradle\caches\modules-2\files-2.1\io.netty\netty-transport\4.1.27.Final\b5c2da3ea89dd67320925f1504c9eb3615241b7c\netty-transport-4.1.27.Final.jar;C:\Users\jorge\.gradle\caches\modules-2\files-2.1\io.netty\netty-buffer\4.1.27.Final\aafe2b9fb0d8f3b200cf10b9fd6486c6a722d7a1\netty-buffer-4.1.27.Final.jar;C:\Users\jorge\.gradle\caches\modules-2\files-2.1\io.netty\netty-resolver\4.1.27.Final\2536447ef9605ccb2b5203aa22392c6514484ea9\netty-resolver-4.1.27.Final.jar;C:\Users\jorge\.gradle\caches\modules-2\files-2.1\io.netty\netty-common\4.1.27.Final\6a12a969c27fb37b230c4bde5a67bd822fa6b7a4\netty-common-4.1.27.Final.jar;C:\Users\jorge\.gradle\caches\modules-2\files-2.1\org.ow2.asm\asm\5.0.4\da08b8cce7bbf903602a25a3a163ae252435795\asm-5.0.4.jar, user.name=jorge, java.vm.specification.version=1.8, sun.java.command=worker.org.gradle.process.internal.worker.GradleWorkerMain 'Gradle Test Executor 3', java.home=C:\Program Files\AdoptOpenJDK\jdk-8.0.242.08-hotspot\jre, sun.arch.data.model=64, user.language=en, java.specification.vendor=Oracle Corporation, awt.toolkit=sun.awt.windows.WToolkit, java.vm.info=mixed mode, java.version=1.8.0_242, java.ext.dirs=C:\Program Files\AdoptOpenJDK\jdk-8.0.242.08-hotspot\jre\lib\ext;C:\Windows\Sun\Java\lib\ext, sun.boot.class.path=C:\Program Files\AdoptOpenJDK\jdk-8.0.242.08-hotspot\jre\lib\resources.jar;C:\Program Files\AdoptOpenJDK\jdk-8.0.242.08-hotspot\jre\lib\rt.jar;C:\Program Files\AdoptOpenJDK\jdk-8.0.242.08-hotspot\jre\lib\sunrsasign.jar;C:\Program Files\AdoptOpenJDK\jdk-8.0.242.08-hotspot\jre\lib\jsse.jar;C:\Program Files\AdoptOpenJDK\jdk-8.0.242.08-hotspot\jre\lib\jce.jar;C:\Program Files\AdoptOpenJDK\jdk-8.0.242.08-hotspot\jre\lib\charsets.jar;C:\Program Files\AdoptOpenJDK\jdk-8.0.242.08-hotspot\jre\lib\jfr.jar;C:\Program Files\AdoptOpenJDK\jdk-8.0.242.08-hotspot\jre\classes, java.vendor=AdoptOpenJDK, org.gradle.test.worker=3, file.separator=\, java.vendor.url.bug=http://bugreport.sun.com/bugreport/, sun.io.unicode.encoding=UnicodeLittle, sun.cpu.endian=little, sun.desktop=windows, sun.cpu.isalist=amd64}}, SystemEnvironmentPropertySource@616551037 {name='systemEnvironment', properties={USERDOMAIN_ROAMINGPROFILE=DESKTOP-U7U4TE6, PROCESSOR_LEVEL=6, VS140COMNTOOLS=C:\Program Files (x86)\Microsoft Visual Studio 14.0\Common7\Tools\, ALLUSERSPROFILE=C:\ProgramData, PROCESSOR_ARCHITECTURE=AMD64, PSModulePath=C:\Users\jorge\Documents\WindowsPowerShell\Modules;C:\Program Files\WindowsPowerShell\Modules;C:\Windows\system32\WindowsPowerShell\v1.0\Modules, SystemDrive=C:, =ExitCode=00000000, DIRNAME=C:\azure-devops\git\eShopOnContainers\src\Web\WebImapClient\Client\server\, USERNAME=jorge, CMD_LINE_ARGS=b, ProgramFiles(x86)=C:\Program Files (x86), APP_HOME=C:\azure-devops\git\eShopOnContainers\src\Web\WebImapClient\Client\server\, PATHEXT=.COM;.EXE;.BAT;.CMD;.VBS;.VBE;.JS;.JSE;.WSF;.WSH;.MSC;.CPL, DriverData=C:\Windows\System32\Drivers\DriverData, OneDriveConsumer=C:\Users\jorge\OneDrive, ProgramData=C:\ProgramData, ProgramW6432=C:\Program Files, HOMEPATH=\Users\jorge, PROCESSOR_IDENTIFIER=Intel64 Family 6 Model 158 Stepping 13, GenuineIntel, ProgramFiles=C:\Program Files, PUBLIC=C:\Users\Public, windir=C:\Windows, _SKIP=2, LOCALAPPDATA=C:\Users\jorge\AppData\Local, ChocolateyLastPathUpdate=132229495750090469, USERDOMAIN=DESKTOP-U7U4TE6, LOGONSERVER=\\DESKTOP-U7U4TE6, PROMPT=$P$G, OneDrive=C:\Users\jorge\OneDrive, =C:=C:\azure-devops\git\eShopOnContainers\src\Web\WebImapClient\Client\server, APPDATA=C:\Users\jorge\AppData\Roaming, JAVA_EXE=java.exe, ChocolateyInstall=C:\ProgramData\chocolatey, CommonProgramFiles=C:\Program Files\Common Files, Path=C:\Program Files\AdoptOpenJDK\jdk-8.0.242.08-hotspot\bin;C:\Program Files (x86)\Common Files\Oracle\Java\javapath;C:\Python27\;C:\Python27\Scripts;C:\ProgramData\DockerDesktop\version-bin;C:\Program Files\Docker\Docker\Resources\bin;C:\Windows\system32;C:\Windows;C:\Windows\System32\Wbem;C:\Windows\System32\WindowsPowerShell\v1.0\;C:\Windows\System32\OpenSSH\;C:\Program Files (x86)\NVIDIA Corporation\PhysX\Common;C:\Program Files\dotnet\;C:\Program Files\Microsoft SQL Server\130\Tools\Binn\;C:\Program Files\Microsoft SQL Server\Client SDK\ODBC\170\Tools\Binn\;C:\Program Files (x86)\Microsoft SQL Server\150\DTS\Binn\;C:\Program Files\Git\cmd;C:\Program Files (x86)\Microsoft ASP.NET\ASP.NET Web Pages\v1.0\;C:\Program Files\Microsoft SQL Server\110\Tools\Binn\;C:\Users\jorge\.dnx\bin;C:\Program Files\Microsoft DNX\Dnvm\;C:\Program Files\nodejs\;C:\ProgramData\chocolatey\bin;C:\Program Files\Microsoft\Web Platform Installer\;C:\Users\jorge\AppData\Local\Microsoft\WindowsApps;C:\Users\jorge\AppData\Local\Programs\Microsoft VS Code\bin;C:\Users\jorge\.dotnet\tools;C:\Users\jorge\AppData\Roaming\npm;C:\Users\jorge\AppData\Local\GitHubDesktop\bin, OS=Windows_NT, COMPUTERNAME=DESKTOP-U7U4TE6, PROCESSOR_REVISION=9e0d, CLASSPATH=C:\azure-devops\git\eShopOnContainers\src\Web\WebImapClient\Client\server\\gradle\wrapper\gradle-wrapper.jar, CommonProgramW6432=C:\Program Files\Common Files, ComSpec=C:\Windows\system32\cmd.exe, APP_BASE_NAME=gradlew, SystemRoot=C:\Windows, TEMP=C:\Users\jorge\AppData\Local\Temp, HOMEDRIVE=C:, USERPROFILE=C:\Users\jorge, TMP=C:\Users\jorge\AppData\Local\Temp, VS110COMNTOOLS=C:\Program Files (x86)\Microsoft Visual Studio 11.0\Common7\Tools\, CommonProgramFiles(x86)=C:\Program Files (x86)\Common Files, NUMBER_OF_PROCESSORS=12}}]
17:43:15.183 [Test worker] DEBUG org.springframework.web.servlet.mvc.method.annotation.RequestMappingHandlerMapping - Looking for request mappings in application context: org.springframework.test.web.servlet.setup.StubWebApplicationContext@436f8f4f
17:43:15.185 [Test worker] DEBUG org.springframework.web.servlet.mvc.method.annotation.RequestMappingHandlerMapping - 17 request handler methods found on class com.marcnuri.isotope.api.folder.FolderResource: {public org.springframework.http.ResponseEntity com.marcnuri.isotope.api.folder.FolderResource.getMessage(java.lang.String,java.lang.Long)={[/v1/folders/{folderId}/messages/{messageId}],methods=[GET]}, public org.springframework.http.ResponseEntity com.marcnuri.isotope.api.folder.FolderResource.getFolders(java.lang.Boolean)={[/v1/folders],methods=[GET],produces=[application/hal+json]}, public org.springframework.http.ResponseEntity com.marcnuri.isotope.api.folder.FolderResource.setMessageFlagged(java.lang.String,java.lang.Long,boolean)={[/v1/folders/{folderId}/messages/{messageId}/flagged],methods=[PUT]}, public org.springframework.http.ResponseEntity com.marcnuri.isotope.api.folder.FolderResource.deleteAllFolderMessages(java.lang.String)={[/v1/folders/{folderId}/messages],methods=[DELETE]}, public org.springframework.http.ResponseEntity com.marcnuri.isotope.api.folder.FolderResource.createChildFolder(java.lang.String,java.lang.String)={[/v1/folders/{folderId}],methods=[POST],produces=[application/hal+json]}, public org.springframework.http.ResponseEntity com.marcnuri.isotope.api.folder.FolderResource.moveMessage(java.lang.String,java.lang.Long,java.lang.String)={[/v1/folders/{fromFolderId}/messages/{messageId}/folder/{toFolderId}],methods=[PUT]}, public org.springframework.http.ResponseEntity com.marcnuri.isotope.api.folder.FolderResource.moveMessages(java.lang.String,java.lang.String,java.util.List)={[/v1/folders/{fromFolderId}/messages/folder/{toFolderId}],methods=[PUT]}, public org.springframework.http.ResponseEntity com.marcnuri.isotope.api.folder.FolderResource.setMessageSeen(java.lang.String,java.lang.Long,boolean)={[/v1/folders/{folderId}/messages/{messageId}/seen],methods=[PUT]}, public org.springframework.http.ResponseEntity com.marcnuri.isotope.api.folder.FolderResource.setMessagesSeen(java.lang.String,java.lang.Boolean,java.util.List)={[/v1/folders/{folderId}/messages/seen/{seen}],methods=[PUT]}, public org.springframework.http.ResponseEntity com.marcnuri.isotope.api.folder.FolderResource.getAttachment(java.lang.String,java.lang.Long,java.lang.String,java.lang.Boolean,javax.servlet.http.HttpServletResponse)={[/v1/folders/{folderId}/messages/{messageId}/attachments/{id}],methods=[GET]}, public org.springframework.http.ResponseEntity com.marcnuri.isotope.api.folder.FolderResource.deleteFolder(java.lang.String)={[/v1/folders/{folderId}],methods=[DELETE],produces=[application/hal+json]}, public org.springframework.http.ResponseEntity com.marcnuri.isotope.api.folder.FolderResource.renameFolder(java.lang.String,java.lang.String)={[/v1/folders/{folderId}/name],methods=[PUT],produces=[application/hal+json]}, public org.springframework.http.ResponseEntity com.marcnuri.isotope.api.folder.FolderResource.moveFolder(java.lang.String,java.lang.String)={[/v1/folders/{folderId}/parent],methods=[PUT],produces=[application/hal+json]}, public org.springframework.http.ResponseEntity com.marcnuri.isotope.api.folder.FolderResource.createRootFolder(java.lang.String)={[/v1/folders],methods=[POST],produces=[application/hal+json]}, public org.springframework.http.ResponseEntity com.marcnuri.isotope.api.folder.FolderResource.preloadMessages(java.lang.String,java.util.List)={[/v1/folders/{folderId}/messages],methods=[GET]}, public org.springframework.http.ResponseEntity com.marcnuri.isotope.api.folder.FolderResource.deleteMessages(java.lang.String,java.util.List)={[/v1/folders/{folderId}/messages],methods=[DELETE],params=[id]}, public reactor.core.publisher.Flux com.marcnuri.isotope.api.folder.FolderResource.getMessages(java.lang.String,javax.servlet.http.HttpServletResponse)={[/v1/folders/{folderId}/messages],methods=[GET],produces=[text/event-stream]}}
17:43:15.185 [Test worker] INFO org.springframework.web.servlet.mvc.method.annotation.RequestMappingHandlerMapping - Mapped "{[/v1/folders/{folderId}/messages/{messageId}],methods=[GET]}" onto public org.springframework.http.ResponseEntity<com.marcnuri.isotope.api.message.MessageWithFolder> com.marcnuri.isotope.api.folder.FolderResource.getMessage(java.lang.String,java.lang.Long)
17:43:15.185 [Test worker] INFO org.springframework.web.servlet.mvc.method.annotation.RequestMappingHandlerMapping - Mapped "{[/v1/folders],methods=[GET],produces=[application/hal+json]}" onto public org.springframework.http.ResponseEntity<java.util.List<com.marcnuri.isotope.api.folder.Folder>> com.marcnuri.isotope.api.folder.FolderResource.getFolders(java.lang.Boolean)
17:43:15.186 [Test worker] INFO org.springframework.web.servlet.mvc.method.annotation.RequestMappingHandlerMapping - Mapped "{[/v1/folders/{folderId}/messages/{messageId}/flagged],methods=[PUT]}" onto public org.springframework.http.ResponseEntity<java.lang.Void> com.marcnuri.isotope.api.folder.FolderResource.setMessageFlagged(java.lang.String,java.lang.Long,boolean)
17:43:15.186 [Test worker] INFO org.springframework.web.servlet.mvc.method.annotation.RequestMappingHandlerMapping - Mapped "{[/v1/folders/{folderId}/messages],methods=[DELETE]}" onto public org.springframework.http.ResponseEntity<com.marcnuri.isotope.api.folder.Folder> com.marcnuri.isotope.api.folder.FolderResource.deleteAllFolderMessages(java.lang.String)
17:43:15.186 [Test worker] INFO org.springframework.web.servlet.mvc.method.annotation.RequestMappingHandlerMapping - Mapped "{[/v1/folders/{folderId}],methods=[POST],produces=[application/hal+json]}" onto public org.springframework.http.ResponseEntity<com.marcnuri.isotope.api.folder.Folder> com.marcnuri.isotope.api.folder.FolderResource.createChildFolder(java.lang.String,java.lang.String)
17:43:15.186 [Test worker] INFO org.springframework.web.servlet.mvc.method.annotation.RequestMappingHandlerMapping - Mapped "{[/v1/folders/{fromFolderId}/messages/{messageId}/folder/{toFolderId}],methods=[PUT]}" onto public org.springframework.http.ResponseEntity<java.util.List<com.marcnuri.isotope.api.message.MessageWithFolder>> com.marcnuri.isotope.api.folder.FolderResource.moveMessage(java.lang.String,java.lang.Long,java.lang.String)
17:43:15.186 [Test worker] INFO org.springframework.web.servlet.mvc.method.annotation.RequestMappingHandlerMapping - Mapped "{[/v1/folders/{fromFolderId}/messages/folder/{toFolderId}],methods=[PUT]}" onto public org.springframework.http.ResponseEntity<java.util.List<com.marcnuri.isotope.api.message.MessageWithFolder>> com.marcnuri.isotope.api.folder.FolderResource.moveMessages(java.lang.String,java.lang.String,java.util.List<java.lang.Long>)
17:43:15.186 [Test worker] INFO org.springframework.web.servlet.mvc.method.annotation.RequestMappingHandlerMapping - Mapped "{[/v1/folders/{folderId}/messages/{messageId}/seen],methods=[PUT]}" onto public org.springframework.http.ResponseEntity<java.lang.Void> com.marcnuri.isotope.api.folder.FolderResource.setMessageSeen(java.lang.String,java.lang.Long,boolean)
17:43:15.186 [Test worker] INFO org.springframework.web.servlet.mvc.method.annotation.RequestMappingHandlerMapping - Mapped "{[/v1/folders/{folderId}/messages/seen/{seen}],methods=[PUT]}" onto public org.springframework.http.ResponseEntity<java.lang.Void> com.marcnuri.isotope.api.folder.FolderResource.setMessagesSeen(java.lang.String,java.lang.Boolean,java.util.List<java.lang.Long>)
17:43:15.186 [Test worker] INFO org.springframework.web.servlet.mvc.method.annotation.RequestMappingHandlerMapping - Mapped "{[/v1/folders/{folderId}/messages/{messageId}/attachments/{id}],methods=[GET]}" onto public org.springframework.http.ResponseEntity<java.lang.Void> com.marcnuri.isotope.api.folder.FolderResource.getAttachment(java.lang.String,java.lang.Long,java.lang.String,java.lang.Boolean,javax.servlet.http.HttpServletResponse)
17:43:15.186 [Test worker] INFO org.springframework.web.servlet.mvc.method.annotation.RequestMappingHandlerMapping - Mapped "{[/v1/folders/{folderId}],methods=[DELETE],produces=[application/hal+json]}" onto public org.springframework.http.ResponseEntity<com.marcnuri.isotope.api.folder.Folder> com.marcnuri.isotope.api.folder.FolderResource.deleteFolder(java.lang.String)
17:43:15.187 [Test worker] INFO org.springframework.web.servlet.mvc.method.annotation.RequestMappingHandlerMapping - Mapped "{[/v1/folders/{folderId}/name],methods=[PUT],produces=[application/hal+json]}" onto public org.springframework.http.ResponseEntity<com.marcnuri.isotope.api.folder.Folder> com.marcnuri.isotope.api.folder.FolderResource.renameFolder(java.lang.String,java.lang.String)
17:43:15.187 [Test worker] INFO org.springframework.web.servlet.mvc.method.annotation.RequestMappingHandlerMapping - Mapped "{[/v1/folders/{folderId}/parent],methods=[PUT],produces=[application/hal+json]}" onto public org.springframework.http.ResponseEntity<com.marcnuri.isotope.api.folder.Folder> com.marcnuri.isotope.api.folder.FolderResource.moveFolder(java.lang.String,java.lang.String)
17:43:15.187 [Test worker] INFO org.springframework.web.servlet.mvc.method.annotation.RequestMappingHandlerMapping - Mapped "{[/v1/folders],methods=[POST],produces=[application/hal+json]}" onto public org.springframework.http.ResponseEntity<java.util.List<com.marcnuri.isotope.api.folder.Folder>> com.marcnuri.isotope.api.folder.FolderResource.createRootFolder(java.lang.String)
17:43:15.187 [Test worker] INFO org.springframework.web.servlet.mvc.method.annotation.RequestMappingHandlerMapping - Mapped "{[/v1/folders/{folderId}/messages],methods=[GET]}" onto public org.springframework.http.ResponseEntity<java.util.List<com.marcnuri.isotope.api.message.Message>> com.marcnuri.isotope.api.folder.FolderResource.preloadMessages(java.lang.String,java.util.List<java.lang.Long>)
17:43:15.187 [Test worker] INFO org.springframework.web.servlet.mvc.method.annotation.RequestMappingHandlerMapping - Mapped "{[/v1/folders/{folderId}/messages],methods=[DELETE],params=[id]}" onto public org.springframework.http.ResponseEntity<com.marcnuri.isotope.api.folder.Folder> com.marcnuri.isotope.api.folder.FolderResource.deleteMessages(java.lang.String,java.util.List<java.lang.Long>)
17:43:15.187 [Test worker] INFO org.springframework.web.servlet.mvc.method.annotation.RequestMappingHandlerMapping - Mapped "{[/v1/folders/{folderId}/messages],methods=[GET],produces=[text/event-stream]}" onto public reactor.core.publisher.Flux<org.springframework.http.codec.ServerSentEvent<java.util.List<com.marcnuri.isotope.api.message.Message>>> com.marcnuri.isotope.api.folder.FolderResource.getMessages(java.lang.String,javax.servlet.http.HttpServletResponse)
17:43:15.191 [Test worker] DEBUG org.hibernate.validator.internal.engine.resolver.TraversableResolvers - Cannot find javax.persistence.Persistence on classpath. Assuming non JPA 2 environment. All properties will per default be traversable.
17:43:15.192 [Test worker] DEBUG org.hibernate.validator.messageinterpolation.ResourceBundleMessageInterpolator - Loaded expression factory via original TCCL
17:43:15.192 [Test worker] DEBUG org.hibernate.validator.internal.engine.ConfigurationImpl - Setting custom MessageInterpolator of type org.springframework.validation.beanvalidation.LocaleContextMessageInterpolator
17:43:15.192 [Test worker] DEBUG org.hibernate.validator.internal.engine.ConfigurationImpl - Setting custom ParameterNameProvider of type org.springframework.validation.beanvalidation.LocalValidatorFactoryBean$1
17:43:15.192 [Test worker] DEBUG org.hibernate.validator.internal.xml.config.ValidationXmlParser - Trying to load META-INF/validation.xml for XML based Validator configuration.
17:43:15.192 [Test worker] DEBUG org.hibernate.validator.internal.xml.config.ResourceLoaderHelper - Trying to load META-INF/validation.xml via TCCL
17:43:15.192 [Test worker] DEBUG org.hibernate.validator.internal.xml.config.ResourceLoaderHelper - Trying to load META-INF/validation.xml via Hibernate Validator's class loader
17:43:15.193 [Test worker] DEBUG org.hibernate.validator.internal.xml.config.ValidationXmlParser - No META-INF/validation.xml found. Using annotation based configuration only.
17:43:15.195 [Test worker] DEBUG org.hibernate.validator.internal.engine.ValidatorFactoryImpl - HV000234: Using org.springframework.validation.beanvalidation.LocaleContextMessageInterpolator as ValidatorFactory-scoped message interpolator.
17:43:15.196 [Test worker] DEBUG org.hibernate.validator.internal.engine.ValidatorFactoryImpl - HV000234: Using org.hibernate.validator.internal.engine.resolver.TraverseAllTraversableResolver as ValidatorFactory-scoped traversable resolver.
17:43:15.196 [Test worker] DEBUG org.hibernate.validator.internal.engine.ValidatorFactoryImpl - HV000234: Using org.hibernate.validator.internal.util.ExecutableParameterNameProvider as ValidatorFactory-scoped parameter name provider.
17:43:15.196 [Test worker] DEBUG org.hibernate.validator.internal.engine.ValidatorFactoryImpl - HV000234: Using org.hibernate.validator.internal.engine.DefaultClockProvider as ValidatorFactory-scoped clock provider.
17:43:15.196 [Test worker] DEBUG org.hibernate.validator.internal.engine.ValidatorFactoryImpl - HV000234: Using org.hibernate.validator.internal.engine.scripting.DefaultScriptEvaluatorFactory as ValidatorFactory-scoped script evaluator factory.
17:43:15.196 [Test worker] INFO org.springframework.web.servlet.mvc.method.annotation.RequestMappingHandlerAdapter - Looking for @ControllerAdvice: org.springframework.test.web.servlet.setup.StubWebApplicationContext@436f8f4f
17:43:15.198 [Test worker] DEBUG org.springframework.web.servlet.mvc.method.annotation.ExceptionHandlerExceptionResolver - Looking for exception mappings: org.springframework.test.web.servlet.setup.StubWebApplicationContext@436f8f4f
17:43:15.198 [Test worker] DEBUG org.springframework.test.web.servlet.TestDispatcherServlet - Initializing servlet ''
17:43:15.198 [Test worker] INFO org.springframework.mock.web.MockServletContext - Initializing Spring FrameworkServlet ''
17:43:15.198 [Test worker] INFO org.springframework.test.web.servlet.TestDispatcherServlet - FrameworkServlet '': initialization started
17:43:15.198 [Test worker] DEBUG org.springframework.test.web.servlet.TestDispatcherServlet - Unable to locate MultipartResolver with name 'multipartResolver': no multipart request handling provided
17:43:15.198 [Test worker] DEBUG org.springframework.test.web.servlet.TestDispatcherServlet - Using LocaleResolver [org.springframework.web.servlet.i18n.AcceptHeaderLocaleResolver@fcd9600]
17:43:15.198 [Test worker] DEBUG org.springframework.test.web.servlet.TestDispatcherServlet - Using ThemeResolver [org.springframework.web.servlet.theme.FixedThemeResolver@728a25c]
17:43:15.198 [Test worker] DEBUG org.springframework.test.web.servlet.TestDispatcherServlet - Using RequestToViewNameTranslator [org.springframework.web.servlet.view.DefaultRequestToViewNameTranslator@1b977a05]
17:43:15.198 [Test worker] DEBUG org.springframework.test.web.servlet.TestDispatcherServlet - Using FlashMapManager [org.springframework.web.servlet.support.SessionFlashMapManager@16d4df4e]
17:43:15.198 [Test worker] DEBUG org.springframework.test.web.servlet.TestDispatcherServlet - Published WebApplicationContext of servlet '' as ServletContext attribute with name [org.springframework.web.servlet.FrameworkServlet.CONTEXT.]
17:43:15.198 [Test worker] INFO org.springframework.test.web.servlet.TestDispatcherServlet - FrameworkServlet '': initialization completed in 0 ms
17:43:15.198 [Test worker] DEBUG org.springframework.test.web.servlet.TestDispatcherServlet - Servlet '' configured successfully
17:43:15.198 [Test worker] DEBUG org.springframework.test.web.servlet.TestDispatcherServlet - DispatcherServlet with name '' processing GET request for [/v1/folders]
17:43:15.198 [Test worker] DEBUG org.springframework.web.servlet.mvc.method.annotation.RequestMappingHandlerMapping - Looking up handler method for path /v1/folders
17:43:15.199 [Test worker] DEBUG org.springframework.web.servlet.mvc.method.annotation.RequestMappingHandlerMapping - Returning handler method [public org.springframework.http.ResponseEntity<java.util.List<com.marcnuri.isotope.api.folder.Folder>> com.marcnuri.isotope.api.folder.FolderResource.getFolders(java.lang.Boolean)]
17:43:15.199 [Test worker] DEBUG org.springframework.test.web.servlet.TestDispatcherServlet - Last-Modified value for [/v1/folders] is: -1
17:43:15.199 [Test worker] DEBUG com.marcnuri.isotope.api.folder.FolderResource - Loading list of folders [children:null]
17:43:15.199 [Test worker] DEBUG org.springframework.beans.factory.support.DefaultListableBeanFactory - Returning cached instance of singleton bean 'prototypeImapService'
17:43:15.206 [Test worker] DEBUG org.springframework.web.servlet.mvc.method.annotation.HttpEntityMethodProcessor - Written [[links: [<http://localhost/v1/folders/1337>;rel="self", <http://localhost/v1/folders/1337/messages>;rel="messages", <http://localhost/v1/folders/1337>;rel="delete", <http://localhost/v1/folders/1337/name>;rel="rename", <http://localhost/v1/folders/1337/parent>;rel="move", <http://localhost/v1/folders/1337/messages/{messageId}>;rel="message", <http://localhost/v1/folders/1337/messages/{messageId}/flagged>;rel="message.flagged", <http://localhost/v1/folders/1337/messages/{messageId}/folder/{toFolderId}>;rel="message.move", <http://localhost/v1/folders/1337/messages/folder/{toFolderId}>;rel="message.move.bulk", <http://localhost/v1/folders/1337/messages/{messageId}/seen>;rel="message.seen", <http://localhost/v1/folders/1337/messages/seen/{seen}>;rel="message.seen.bulk"]]] as "application/hal+json" using [org.springframework.http.converter.json.MappingJackson2HttpMessageConverter@31598d2]
17:43:15.206 [Test worker] DEBUG org.springframework.test.web.servlet.TestDispatcherServlet - Null ModelAndView returned to DispatcherServlet with name '': assuming HandlerAdapter completed request handling
17:43:15.206 [Test worker] DEBUG org.springframework.test.web.servlet.TestDispatcherServlet - Successfully completed request
17:43:15.206 [Test worker] DEBUG com.jayway.jsonpath.internal.path.CompiledPath - Evaluating path: $
17:43:15.207 [Test worker] DEBUG com.jayway.jsonpath.internal.path.CompiledPath - Evaluating path: $[0]['folderId']
17:43:15.207 [Test worker] DEBUG com.jayway.jsonpath.internal.path.CompiledPath - Evaluating path: $[0]['_links']
17:43:15.207 [Test worker] DEBUG com.jayway.jsonpath.internal.path.CompiledPath - Evaluating path: $[0]['_links']
17:43:15.207 [Test worker] DEBUG com.jayway.jsonpath.internal.path.CompiledPath - Evaluating path: $[0]['_links']['self']['href']
17:43:15.207 [Test worker] DEBUG com.jayway.jsonpath.internal.path.CompiledPath - Evaluating path: $[0]['_links']['messages']['href']
17:43:15.208 [Test worker] DEBUG com.jayway.jsonpath.internal.path.CompiledPath - Evaluating path: $[0]['_links']['message']['href']
17:43:15.208 [Test worker] DEBUG com.jayway.jsonpath.internal.path.CompiledPath - Evaluating path: $[0]['_links']['message.flagged']['href']
17:43:15.208 [Test worker] DEBUG com.jayway.jsonpath.internal.path.CompiledPath - Evaluating path: $[0]['_links']['message.move']['href']
17:43:15.208 [Test worker] DEBUG com.jayway.jsonpath.internal.path.CompiledPath - Evaluating path: $[0]['_links']['message.move.bulk']['href']
17:43:15.208 [Test worker] DEBUG com.jayway.jsonpath.internal.path.CompiledPath - Evaluating path: $[0]['_links']['message.seen']['href']
17:43:15.209 [Test worker] DEBUG com.jayway.jsonpath.internal.path.CompiledPath - Evaluating path: $[0]['_links']['message.seen.bulk']['href']
17:43:15.209 [Test worker] DEBUG org.springframework.test.context.cache.DefaultCacheAwareContextLoaderDelegate - Retrieved ApplicationContext from cache with key [[MergedContextConfiguration@690d0075 testClass = FolderResourceTest, locations = '{}', classes = '{class com.marcnuri.isotope.api.folder.FolderResource}', contextInitializerClasses = '[]', activeProfiles = '{}', propertySourceLocations = '{}', propertySourceProperties = '{}', contextCustomizers = set[org.springframework.boot.test.autoconfigure.properties.PropertyMappingContextCustomizer@0, org.springframework.boot.test.autoconfigure.web.servlet.WebDriverContextCustomizerFactory$Customizer@42a343c1, org.springframework.boot.test.context.filter.ExcludeFilterContextCustomizer@3d8dc3, org.springframework.boot.test.json.DuplicateJsonObjectContextCustomizerFactory$DuplicateJsonObjectContextCustomizer@5f493529, org.springframework.boot.test.mock.mockito.MockitoContextCustomizer@8186d819], contextLoader = 'org.springframework.test.context.support.DelegatingSmartContextLoader', parent = [null]]]
17:43:15.209 [Test worker] DEBUG org.springframework.test.context.cache - Spring test ApplicationContext cache statistics: [DefaultContextCache@11fd1fb9 size = 2, maxSize = 32, parentContextCount = 0, hitCount = 110, missCount = 2]
17:43:15.209 [Test worker] DEBUG org.springframework.beans.factory.support.DefaultListableBeanFactory - Returning cached instance of singleton bean 'org.springframework.boot.test.mock.mockito.MockitoBeans'
17:43:15.209 [Test worker] DEBUG org.springframework.test.context.cache.DefaultCacheAwareContextLoaderDelegate - Retrieved ApplicationContext from cache with key [[MergedContextConfiguration@690d0075 testClass = FolderResourceTest, locations = '{}', classes = '{class com.marcnuri.isotope.api.folder.FolderResource}', contextInitializerClasses = '[]', activeProfiles = '{}', propertySourceLocations = '{}', propertySourceProperties = '{}', contextCustomizers = set[org.springframework.boot.test.autoconfigure.properties.PropertyMappingContextCustomizer@0, org.springframework.boot.test.autoconfigure.web.servlet.WebDriverContextCustomizerFactory$Customizer@42a343c1, org.springframework.boot.test.context.filter.ExcludeFilterContextCustomizer@3d8dc3, org.springframework.boot.test.json.DuplicateJsonObjectContextCustomizerFactory$DuplicateJsonObjectContextCustomizer@5f493529, org.springframework.boot.test.mock.mockito.MockitoContextCustomizer@8186d819], contextLoader = 'org.springframework.test.context.support.DelegatingSmartContextLoader', parent = [null]]]
17:43:15.209 [Test worker] DEBUG org.springframework.test.context.cache - Spring test ApplicationContext cache statistics: [DefaultContextCache@11fd1fb9 size = 2, maxSize = 32, parentContextCount = 0, hitCount = 111, missCount = 2]
17:43:15.209 [Test worker] DEBUG org.springframework.test.context.cache.DefaultCacheAwareContextLoaderDelegate - Retrieved ApplicationContext from cache with key [[MergedContextConfiguration@690d0075 testClass = FolderResourceTest, locations = '{}', classes = '{class com.marcnuri.isotope.api.folder.FolderResource}', contextInitializerClasses = '[]', activeProfiles = '{}', propertySourceLocations = '{}', propertySourceProperties = '{}', contextCustomizers = set[org.springframework.boot.test.autoconfigure.properties.PropertyMappingContextCustomizer@0, org.springframework.boot.test.autoconfigure.web.servlet.WebDriverContextCustomizerFactory$Customizer@42a343c1, org.springframework.boot.test.context.filter.ExcludeFilterContextCustomizer@3d8dc3, org.springframework.boot.test.json.DuplicateJsonObjectContextCustomizerFactory$DuplicateJsonObjectContextCustomizer@5f493529, org.springframework.boot.test.mock.mockito.MockitoContextCustomizer@8186d819], contextLoader = 'org.springframework.test.context.support.DelegatingSmartContextLoader', parent = [null]]]
17:43:15.209 [Test worker] DEBUG org.springframework.test.context.cache - Spring test ApplicationContext cache statistics: [DefaultContextCache@11fd1fb9 size = 2, maxSize = 32, parentContextCount = 0, hitCount = 112, missCount = 2]
17:43:15.210 [Test worker] DEBUG reactor.core.publisher.Hooks - Reset to factory defaults : onLastOperator
17:43:15.210 [Test worker] DEBUG org.springframework.test.context.support.AbstractDirtiesContextTestExecutionListener - After test method: context [DefaultTestContext@1abdc0de testClass = FolderResourceTest, testInstance = com.marcnuri.isotope.api.folder.FolderResourceTest@1ad0e3e9, testMethod = getFolders_na_shouldReturnOk@FolderResourceTest, testException = [null], mergedContextConfiguration = [MergedContextConfiguration@690d0075 testClass = FolderResourceTest, locations = '{}', classes = '{class com.marcnuri.isotope.api.folder.FolderResource}', contextInitializerClasses = '[]', activeProfiles = '{}', propertySourceLocations = '{}', propertySourceProperties = '{}', contextCustomizers = set[org.springframework.boot.test.autoconfigure.properties.PropertyMappingContextCustomizer@0, org.springframework.boot.test.autoconfigure.web.servlet.WebDriverContextCustomizerFactory$Customizer@42a343c1, org.springframework.boot.test.context.filter.ExcludeFilterContextCustomizer@3d8dc3, org.springframework.boot.test.json.DuplicateJsonObjectContextCustomizerFactory$DuplicateJsonObjectContextCustomizer@5f493529, org.springframework.boot.test.mock.mockito.MockitoContextCustomizer@8186d819], contextLoader = 'org.springframework.test.context.support.DelegatingSmartContextLoader', parent = [null]], attributes = map[[empty]]], class annotated with @DirtiesContext [false] with mode [null], method annotated with @DirtiesContext [false] with mode [null].
17:43:15.210 [Test worker] DEBUG org.springframework.test.annotation.ProfileValueUtils - Retrieved @ProfileValueSourceConfiguration [null] for test class [com.marcnuri.isotope.api.folder.FolderResourceTest]
17:43:15.210 [Test worker] DEBUG org.springframework.test.annotation.ProfileValueUtils - Retrieved ProfileValueSource type [class org.springframework.test.annotation.SystemProfileValueSource] for class [com.marcnuri.isotope.api.folder.FolderResourceTest]
17:43:15.210 [Test worker] DEBUG org.springframework.test.context.cache.DefaultCacheAwareContextLoaderDelegate - Retrieved ApplicationContext from cache with key [[MergedContextConfiguration@690d0075 testClass = FolderResourceTest, locations = '{}', classes = '{class com.marcnuri.isotope.api.folder.FolderResource}', contextInitializerClasses = '[]', activeProfiles = '{}', propertySourceLocations = '{}', propertySourceProperties = '{}', contextCustomizers = set[org.springframework.boot.test.autoconfigure.properties.PropertyMappingContextCustomizer@0, org.springframework.boot.test.autoconfigure.web.servlet.WebDriverContextCustomizerFactory$Customizer@42a343c1, org.springframework.boot.test.context.filter.ExcludeFilterContextCustomizer@3d8dc3, org.springframework.boot.test.json.DuplicateJsonObjectContextCustomizerFactory$DuplicateJsonObjectContextCustomizer@5f493529, org.springframework.boot.test.mock.mockito.MockitoContextCustomizer@8186d819], contextLoader = 'org.springframework.test.context.support.DelegatingSmartContextLoader', parent = [null]]]
17:43:15.210 [Test worker] DEBUG org.springframework.test.context.cache - Spring test ApplicationContext cache statistics: [DefaultContextCache@11fd1fb9 size = 2, maxSize = 32, parentContextCount = 0, hitCount = 113, missCount = 2]
17:43:15.210 [Test worker] DEBUG org.springframework.beans.factory.support.DefaultListableBeanFactory - Returning cached instance of singleton bean 'org.springframework.boot.test.mock.mockito.MockitoPostProcessor'
17:43:15.210 [Test worker] DEBUG org.springframework.beans.factory.support.DefaultListableBeanFactory - Returning cached instance of singleton bean 'prototypeImapService'
17:43:15.210 [Test worker] DEBUG org.springframework.test.context.support.DependencyInjectionTestExecutionListener - Performing dependency injection for test context [[DefaultTestContext@1abdc0de testClass = FolderResourceTest, testInstance = com.marcnuri.isotope.api.folder.FolderResourceTest@2607577d, testMethod = [null], testException = [null], mergedContextConfiguration = [MergedContextConfiguration@690d0075 testClass = FolderResourceTest, locations = '{}', classes = '{class com.marcnuri.isotope.api.folder.FolderResource}', contextInitializerClasses = '[]', activeProfiles = '{}', propertySourceLocations = '{}', propertySourceProperties = '{}', contextCustomizers = set[org.springframework.boot.test.autoconfigure.properties.PropertyMappingContextCustomizer@0, org.springframework.boot.test.autoconfigure.web.servlet.WebDriverContextCustomizerFactory$Customizer@42a343c1, org.springframework.boot.test.context.filter.ExcludeFilterContextCustomizer@3d8dc3, org.springframework.boot.test.json.DuplicateJsonObjectContextCustomizerFactory$DuplicateJsonObjectContextCustomizer@5f493529, org.springframework.boot.test.mock.mockito.MockitoContextCustomizer@8186d819], contextLoader = 'org.springframework.test.context.support.DelegatingSmartContextLoader', parent = [null]], attributes = map[[empty]]]].
17:43:15.211 [Test worker] DEBUG org.springframework.test.context.cache.DefaultCacheAwareContextLoaderDelegate - Retrieved ApplicationContext from cache with key [[MergedContextConfiguration@690d0075 testClass = FolderResourceTest, locations = '{}', classes = '{class com.marcnuri.isotope.api.folder.FolderResource}', contextInitializerClasses = '[]', activeProfiles = '{}', propertySourceLocations = '{}', propertySourceProperties = '{}', contextCustomizers = set[org.springframework.boot.test.autoconfigure.properties.PropertyMappingContextCustomizer@0, org.springframework.boot.test.autoconfigure.web.servlet.WebDriverContextCustomizerFactory$Customizer@42a343c1, org.springframework.boot.test.context.filter.ExcludeFilterContextCustomizer@3d8dc3, org.springframework.boot.test.json.DuplicateJsonObjectContextCustomizerFactory$DuplicateJsonObjectContextCustomizer@5f493529, org.springframework.boot.test.mock.mockito.MockitoContextCustomizer@8186d819], contextLoader = 'org.springframework.test.context.support.DelegatingSmartContextLoader', parent = [null]]]
17:43:15.211 [Test worker] DEBUG org.springframework.test.context.cache - Spring test ApplicationContext cache statistics: [DefaultContextCache@11fd1fb9 size = 2, maxSize = 32, parentContextCount = 0, hitCount = 114, missCount = 2]
17:43:15.211 [Test worker] DEBUG org.springframework.beans.factory.annotation.InjectionMetadata - Processing injected element of bean 'com.marcnuri.isotope.api.folder.FolderResourceTest': AutowiredFieldElement for private com.marcnuri.isotope.api.folder.FolderResource com.marcnuri.isotope.api.folder.FolderResourceTest.folderResource
17:43:15.211 [Test worker] DEBUG org.springframework.beans.factory.support.DefaultListableBeanFactory - Returning cached instance of singleton bean 'folderResource'
17:43:15.211 [Test worker] DEBUG org.springframework.test.context.support.AbstractDirtiesContextTestExecutionListener - Before test method: context [DefaultTestContext@1abdc0de testClass = FolderResourceTest, testInstance = com.marcnuri.isotope.api.folder.FolderResourceTest@2607577d, testMethod = renameFolder_validFolderAndNewName_shouldReturnOk@FolderResourceTest, testException = [null], mergedContextConfiguration = [MergedContextConfiguration@690d0075 testClass = FolderResourceTest, locations = '{}', classes = '{class com.marcnuri.isotope.api.folder.FolderResource}', contextInitializerClasses = '[]', activeProfiles = '{}', propertySourceLocations = '{}', propertySourceProperties = '{}', contextCustomizers = set[org.springframework.boot.test.autoconfigure.properties.PropertyMappingContextCustomizer@0, org.springframework.boot.test.autoconfigure.web.servlet.WebDriverContextCustomizerFactory$Customizer@42a343c1, org.springframework.boot.test.context.filter.ExcludeFilterContextCustomizer@3d8dc3, org.springframework.boot.test.json.DuplicateJsonObjectContextCustomizerFactory$DuplicateJsonObjectContextCustomizer@5f493529, org.springframework.boot.test.mock.mockito.MockitoContextCustomizer@8186d819], contextLoader = 'org.springframework.test.context.support.DelegatingSmartContextLoader', parent = [null]], attributes = map[[empty]]], class annotated with @DirtiesContext [false] with mode [null], method annotated with @DirtiesContext [false] with mode [null].
17:43:15.211 [Test worker] DEBUG reactor.core.publisher.Hooks - Hooking onLastOperator: reactor.core.publisher.Operators$LiftFunction@1bf76dca
17:43:15.212 [Test worker] DEBUG org.springframework.test.context.cache.DefaultCacheAwareContextLoaderDelegate - Retrieved ApplicationContext from cache with key [[MergedContextConfiguration@690d0075 testClass = FolderResourceTest, locations = '{}', classes = '{class com.marcnuri.isotope.api.folder.FolderResource}', contextInitializerClasses = '[]', activeProfiles = '{}', propertySourceLocations = '{}', propertySourceProperties = '{}', contextCustomizers = set[org.springframework.boot.test.autoconfigure.properties.PropertyMappingContextCustomizer@0, org.springframework.boot.test.autoconfigure.web.servlet.WebDriverContextCustomizerFactory$Customizer@42a343c1, org.springframework.boot.test.context.filter.ExcludeFilterContextCustomizer@3d8dc3, org.springframework.boot.test.json.DuplicateJsonObjectContextCustomizerFactory$DuplicateJsonObjectContextCustomizer@5f493529, org.springframework.boot.test.mock.mockito.MockitoContextCustomizer@8186d819], contextLoader = 'org.springframework.test.context.support.DelegatingSmartContextLoader', parent = [null]]]
17:43:15.212 [Test worker] DEBUG org.springframework.test.context.cache - Spring test ApplicationContext cache statistics: [DefaultContextCache@11fd1fb9 size = 2, maxSize = 32, parentContextCount = 0, hitCount = 115, missCount = 2]
17:43:15.212 [Test worker] DEBUG org.springframework.beans.factory.support.DefaultListableBeanFactory - Returning cached instance of singleton bean 'org.springframework.boot.test.mock.mockito.MockitoBeans'
17:43:15.212 [Test worker] DEBUG org.springframework.core.env.StandardEnvironment - Adding PropertySource 'systemProperties' with lowest search precedence
17:43:15.212 [Test worker] DEBUG org.springframework.core.env.StandardEnvironment - Adding PropertySource 'systemEnvironment' with lowest search precedence
17:43:15.213 [Test worker] DEBUG org.springframework.core.env.StandardEnvironment - Initialized StandardEnvironment with PropertySources [MapPropertySource@1295600129 {name='systemProperties', properties={java.runtime.name=OpenJDK Runtime Environment, sun.boot.library.path=C:\Program Files\AdoptOpenJDK\jdk-8.0.242.08-hotspot\jre\bin, java.vm.version=25.242-b08, java.vm.vendor=, java.vendor.url=http://java.oracle.com/, path.separator=;, java.vm.name=OpenJDK 64-Bit Server VM, file.encoding.pkg=sun.io, user.script=, sun.java.launcher=SUN_STANDARD, user.country=GB, sun.os.patch.level=, java.vm.specification.name=Java Virtual Machine Specification, user.dir=C:\azure-devops\git\eShopOnContainers\src\Web\WebImapClient\Client\server, java.runtime.version=1.8.0_242-b08, java.awt.graphicsenv=sun.awt.Win32GraphicsEnvironment, java.endorsed.dirs=C:\Program Files\AdoptOpenJDK\jdk-8.0.242.08-hotspot\jre\lib\endorsed, os.arch=amd64, java.io.tmpdir=C:\Users\jorge\AppData\Local\Temp\, line.separator=
, java.vm.specification.vendor=Oracle Corporation, user.variant=, os.name=Windows 10, sun.jnu.encoding=Cp1252, java.library.path=C:\Program Files\AdoptOpenJDK\jdk-8.0.242.08-hotspot\bin;C:\Windows\Sun\Java\bin;C:\Windows\system32;C:\Windows;C:\Program Files\AdoptOpenJDK\jdk-8.0.242.08-hotspot\bin;C:\Program Files (x86)\Common Files\Oracle\Java\javapath;C:\Python27\;C:\Python27\Scripts;C:\ProgramData\DockerDesktop\version-bin;C:\Program Files\Docker\Docker\Resources\bin;C:\Windows\system32;C:\Windows;C:\Windows\System32\Wbem;C:\Windows\System32\WindowsPowerShell\v1.0\;C:\Windows\System32\OpenSSH\;C:\Program Files (x86)\NVIDIA Corporation\PhysX\Common;C:\Program Files\dotnet\;C:\Program Files\Microsoft SQL Server\130\Tools\Binn\;C:\Program Files\Microsoft SQL Server\Client SDK\ODBC\170\Tools\Binn\;C:\Program Files (x86)\Microsoft SQL Server\150\DTS\Binn\;C:\Program Files\Git\cmd;C:\Program Files (x86)\Microsoft ASP.NET\ASP.NET Web Pages\v1.0\;C:\Program Files\Microsoft SQL Server\110\Tools\Binn\;C:\Users\jorge\.dnx\bin;C:\Program Files\Microsoft DNX\Dnvm\;C:\Program Files\nodejs\;C:\ProgramData\chocolatey\bin;C:\Program Files\Microsoft\Web Platform Installer\;C:\Users\jorge\AppData\Local\Microsoft\WindowsApps;C:\Users\jorge\AppData\Local\Programs\Microsoft VS Code\bin;C:\Users\jorge\.dotnet\tools;C:\Users\jorge\AppData\Roaming\npm;C:\Users\jorge\AppData\Local\GitHubDesktop\bin;., java.specification.name=Java Platform API Specification, java.class.version=52.0, org.gradle.native=false, sun.management.compiler=HotSpot 64-Bit Tiered Compilers, os.version=10.0, user.home=C:\Users\jorge, user.timezone=Europe/Paris, java.awt.printerjob=sun.awt.windows.WPrinterJob, file.encoding=windows-1252, java.specification.version=1.8, java.class.path=C:\azure-devops\git\eShopOnContainers\src\Web\WebImapClient\Client\server\build\classes\java\test;C:\azure-devops\git\eShopOnContainers\src\Web\WebImapClient\Client\server\build\resources\test;C:\azure-devops\git\eShopOnContainers\src\Web\WebImapClient\Client\server\build\classes\java\main;C:\azure-devops\git\eShopOnContainers\src\Web\WebImapClient\Client\server\build\resources\main;C:\Users\jorge\.gradle\caches\modules-2\files-2.1\org.springframework.boot\spring-boot-starter-actuator\2.0.4.RELEASE\24e901473279d9c18e0a0f8037d58b18c8297dca\spring-boot-starter-actuator-2.0.4.RELEASE.jar;C:\Users\jorge\.gradle\caches\modules-2\files-2.1\org.springframework.boot\spring-boot-starter-security\2.0.4.RELEASE\2ac314e5985fd9ae0d2acaea450f4f6c3dbd7f92\spring-boot-starter-security-2.0.4.RELEASE.jar;C:\Users\jorge\.gradle\caches\modules-2\files-2.1\org.springframework.boot\spring-boot-starter-webflux\2.0.4.RELEASE\a52fcd02fb6129e14f2b4b36acc5748368563c93\spring-boot-starter-webflux-2.0.4.RELEASE.jar;C:\Users\jorge\.gradle\caches\modules-2\files-2.1\org.springframework.boot\spring-boot-starter-test\2.0.4.RELEASE\8f473705d2742b669f0318f10a956f94a93ba3d2\spring-boot-starter-test-2.0.4.RELEASE.jar;C:\Users\jorge\.gradle\caches\modules-2\files-2.1\org.springframework.boot\spring-boot-starter-hateoas\2.0.4.RELEASE\2f115bebeffea81859c6d874457fa8db16b10747\spring-boot-starter-hateoas-2.0.4.RELEASE.jar;C:\Users\jorge\.gradle\caches\modules-2\files-2.1\org.springframework.boot\spring-boot-starter-web\2.0.4.RELEASE\98d49e981ecf804da877d84259b7b0d1ec2fb6f6\spring-boot-starter-web-2.0.4.RELEASE.jar;C:\Users\jorge\.gradle\caches\modules-2\files-2.1\org.springframework.boot\spring-boot-starter-json\2.0.4.RELEASE\c7afabf0d7c85db178da4ce0634e3bd2ddb0eb71\spring-boot-starter-json-2.0.4.RELEASE.jar;C:\Users\jorge\.gradle\caches\modules-2\files-2.1\org.springframework.boot\spring-boot-starter\2.0.4.RELEASE\ec46c63a2adeee40058eff1a6baefca13975dc94\spring-boot-starter-2.0.4.RELEASE.jar;C:\Users\jorge\.gradle\caches\modules-2\files-2.1\com.sun.mail\javax.mail\1.6.1\757ba4630692bb2a1ec2d9d57a616b63f15e947e\javax.mail-1.6.1.jar;C:\Users\jorge\.gradle\caches\modules-2\files-2.1\org.springframework.boot\spring-boot-actuator-autoconfigure\2.0.4.RELEASE\2cadc1d20a1f9ee667a608cfee154138e954f5f2\spring-boot-actuator-autoconfigure-2.0.4.RELEASE.jar;C:\Users\jorge\.gradle\caches\modules-2\files-2.1\com.fasterxml.jackson.datatype\jackson-datatype-jsr310\2.9.6\ea54f6193d224e5e5732bbd4262327eb465397c2\jackson-datatype-jsr310-2.9.6.jar;C:\Users\jorge\.gradle\caches\modules-2\files-2.1\commons-io\commons-io\2.6\815893df5f31da2ece4040fe0a12fd44b577afaf\commons-io-2.6.jar;C:\Users\jorge\.gradle\caches\modules-2\files-2.1\org.springframework.security\spring-security-test\5.0.7.RELEASE\a74c9ab10d53baa3bb7a731753fe0c6d9ab9d848\spring-security-test-5.0.7.RELEASE.jar;C:\Users\jorge\.gradle\caches\modules-2\files-2.1\com.marcnuri\spring-common-test\0.0.2\da9c2c5e849c7dcbbe99d190bedffa5e6fe450a5\spring-common-test-0.0.2.jar;C:\Users\jorge\.gradle\caches\modules-2\files-2.1\org.hamcrest\java-hamcrest\2.0.0.0\f1c8853ade0ecf707f5a261c830e98893983813\java-hamcrest-2.0.0.0.jar;C:\Users\jorge\.gradle\caches\modules-2\files-2.1\org.powermock\powermock-module-junit4\2.0.0-RC.3\b9a04b492e2b93e93617ba457f76aebbf00fc221\powermock-module-junit4-2.0.0-RC.3.jar;C:\Users\jorge\.gradle\caches\modules-2\files-2.1\org.powermock\powermock-api-mockito2\2.0.0-RC.3\f85a8404be063ef15c5fdd3745b11d2fba875fcd\powermock-api-mockito2-2.0.0-RC.3.jar;C:\Users\jorge\.gradle\caches\modules-2\files-2.1\org.springframework.boot\spring-boot-test-autoconfigure\2.0.4.RELEASE\8a2e3f31e607fdb08deda2f59263ce177f1c4310\spring-boot-test-autoconfigure-2.0.4.RELEASE.jar;C:\Users\jorge\.gradle\caches\modules-2\files-2.1\org.springframework.boot\spring-boot-test\2.0.4.RELEASE\8a17fc3cf16b6d75f2ba132ade04409a670095de\spring-boot-test-2.0.4.RELEASE.jar;C:\Users\jorge\.gradle\caches\modules-2\files-2.1\org.springframework.boot\spring-boot-autoconfigure\2.0.4.RELEASE\65cd1244d606acc02ab7bfc47a203a3fe2400dda\spring-boot-autoconfigure-2.0.4.RELEASE.jar;C:\Users\jorge\.gradle\caches\modules-2\files-2.1\org.springframework.boot\spring-boot-actuator\2.0.4.RELEASE\9c02c968eb50a7cdc14fc4c7b586d767df6dc48d\spring-boot-actuator-2.0.4.RELEASE.jar;C:\Users\jorge\.gradle\caches\modules-2\files-2.1\org.springframework.boot\spring-boot\2.0.4.RELEASE\c8619c5b06d4dcdb4cac1e5e9c839e6e8b1c8574\spring-boot-2.0.4.RELEASE.jar;C:\Users\jorge\.gradle\caches\modules-2\files-2.1\org.springframework.boot\spring-boot-starter-logging\2.0.4.RELEASE\dcd1a2c431c970f44adae64d9145133979a513ab\spring-boot-starter-logging-2.0.4.RELEASE.jar;C:\Users\jorge\.gradle\caches\modules-2\files-2.1\org.springframework.boot\spring-boot-starter-tomcat\2.0.4.RELEASE\dcf28989a34b0801fea0e810c371fb9dab1e7784\spring-boot-starter-tomcat-2.0.4.RELEASE.jar;C:\Users\jorge\.gradle\caches\modules-2\files-2.1\javax.annotation\javax.annotation-api\1.3.2\934c04d3cfef185a8008e7bf34331b79730a9d43\javax.annotation-api-1.3.2.jar;C:\Users\jorge\.gradle\caches\modules-2\files-2.1\org.springframework.security\spring-security-config\5.0.7.RELEASE\d702e01048687db4ec6c97fb32d28ffbe348b3e\spring-security-config-5.0.7.RELEASE.jar;C:\Users\jorge\.gradle\caches\modules-2\files-2.1\org.springframework.security\spring-security-web\5.0.7.RELEASE\bab3ed579d4550bb5cc40b0a7fddd0106db7c66\spring-security-web-5.0.7.RELEASE.jar;C:\Users\jorge\.gradle\caches\modules-2\files-2.1\org.springframework.hateoas\spring-hateoas\0.25.0.RELEASE\22d1abd575426709734ab83e7d81d6deb4addbf6\spring-hateoas-0.25.0.RELEASE.jar;C:\Users\jorge\.gradle\caches\modules-2\files-2.1\org.springframework\spring-webflux\5.0.8.RELEASE\d16ce1cf6f95771e821619d6ef13c1f0333fafb\spring-webflux-5.0.8.RELEASE.jar;C:\Users\jorge\.gradle\caches\modules-2\files-2.1\org.springframework\spring-webmvc\5.0.8.RELEASE\7e5fe57590ca8e4468e50fe1d92b0b67aa4a327a\spring-webmvc-5.0.8.RELEASE.jar;C:\Users\jorge\.gradle\caches\modules-2\files-2.1\org.springframework\spring-web\5.0.8.RELEASE\fa43cdadb4ab2491fd1d0ddb06c0808e4b60fc85\spring-web-5.0.8.RELEASE.jar;C:\Users\jorge\.gradle\caches\modules-2\files-2.1\org.springframework\spring-test\5.0.8.RELEASE\5782619373bd7e7b7d9106203c317b04bb613ebb\spring-test-5.0.8.RELEASE.jar;C:\Users\jorge\.gradle\caches\modules-2\files-2.1\org.springframework.security\spring-security-core\5.0.7.RELEASE\40a0c57af6b4c3f8c611216d2579c6ab19672694\spring-security-core-5.0.7.RELEASE.jar;C:\Users\jorge\.gradle\caches\modules-2\files-2.1\org.springframework.plugin\spring-plugin-core\1.2.0.RELEASE\f380e7760032e7d929184f8ad8a33716b75c0657\spring-plugin-core-1.2.0.RELEASE.jar;C:\Users\jorge\.gradle\caches\modules-2\files-2.1\org.springframework\spring-context\5.0.8.RELEASE\3a067d8990761111c9b6d1d895640be26cc1fb38\spring-context-5.0.8.RELEASE.jar;C:\Users\jorge\.gradle\caches\modules-2\files-2.1\org.springframework\spring-aop\5.0.8.RELEASE\f5086c1a3185c481104511837427b39a07a57aa2\spring-aop-5.0.8.RELEASE.jar;C:\Users\jorge\.gradle\caches\modules-2\files-2.1\org.springframework\spring-beans\5.0.8.RELEASE\5fc965d3e7f5515099244857a8ae9e2a208c169b\spring-beans-5.0.8.RELEASE.jar;C:\Users\jorge\.gradle\caches\modules-2\files-2.1\org.springframework\spring-expression\5.0.8.RELEASE\f23158f22c917df2cddf2ecebc398a9e95f95fae\spring-expression-5.0.8.RELEASE.jar;C:\Users\jorge\.gradle\caches\modules-2\files-2.1\org.springframework\spring-core\5.0.8.RELEASE\dc39c49e3246cdf73d3786ac41119140aed3fa08\spring-core-5.0.8.RELEASE.jar;C:\Users\jorge\.gradle\caches\modules-2\files-2.1\org.yaml\snakeyaml\1.19\2d998d3d674b172a588e54ab619854d073f555b5\snakeyaml-1.19.jar;C:\Users\jorge\.gradle\caches\modules-2\files-2.1\io.micrometer\micrometer-core\1.0.6\50299bc8a34c251d62311bbb1a297f3942a82e42\micrometer-core-1.0.6.jar;C:\Users\jorge\.gradle\caches\modules-2\files-2.1\org.springframework.boot\spring-boot-starter-reactor-netty\2.0.4.RELEASE\ed4ac88f7fc699a9cbb6ee804a26e2e30239ca35\spring-boot-starter-reactor-netty-2.0.4.RELEASE.jar;C:\Users\jorge\.gradle\caches\modules-2\files-2.1\org.hibernate.validator\hibernate-validator\6.0.11.Final\36f9d10a11e4768f55e8fb91ebe4338a5c43954e\hibernate-validator-6.0.11.Final.jar;C:\Users\jorge\.gradle\caches\modules-2\files-2.1\org.synchronoss.cloud\nio-multipart-parser\1.1.0\c6c417fec6612584b1c34d4dd98c5a4e47e8c754\nio-multipart-parser-1.1.0.jar;C:\Users\jorge\.gradle\caches\modules-2\files-2.1\javax.activation\activation\1.1\e6cb541461c2834bdea3eb920f1884d1eb508b50\activation-1.1.jar;C:\Users\jorge\.gradle\caches\modules-2\files-2.1\com.fasterxml.jackson.datatype\jackson-datatype-jdk8\2.9.6\456895fc91bf7180b216fead220373e6278230c9\jackson-datatype-jdk8-2.9.6.jar;C:\Users\jorge\.gradle\caches\modules-2\files-2.1\com.fasterxml.jackson.module\jackson-module-parameter-names\2.9.6\129acd77a4b6ee30d62d3a0899b1344c8ec2bff8\jackson-module-parameter-names-2.9.6.jar;C:\Users\jorge\.gradle\caches\modules-2\files-2.1\com.fasterxml.jackson.core\jackson-databind\2.9.6\cfa4f316351a91bfd95cb0644c6a2c95f52db1fc\jackson-databind-2.9.6.jar;C:\Users\jorge\.gradle\caches\modules-2\files-2.1\com.fasterxml.jackson.core\jackson-annotations\2.9.0\7c10d545325e3a6e72e06381afe469fd40eb701\jackson-annotations-2.9.0.jar;C:\Users\jorge\.gradle\caches\modules-2\files-2.1\com.fasterxml.jackson.core\jackson-core\2.9.6\4e393793c37c77e042ccc7be5a914ae39251b365\jackson-core-2.9.6.jar;C:\Users\jorge\.gradle\caches\modules-2\files-2.1\com.jayway.jsonpath\json-path\2.4.0\765a4401ceb2dc8d40553c2075eb80a8fa35c2ae\json-path-2.4.0.jar;C:\Users\jorge\.gradle\caches\modules-2\files-2.1\org.powermock\powermock-module-junit4-common\2.0.0-RC.3\f09137abdf1aeea2df214037eab50ed864602c9a\powermock-module-junit4-common-2.0.0-RC.3.jar;C:\Users\jorge\.gradle\caches\modules-2\files-2.1\junit\junit\4.12\2973d150c0dc1fefe998f834810d68f278ea58ec\junit-4.12.jar;C:\Users\jorge\.gradle\caches\modules-2\files-2.1\org.assertj\assertj-core\3.9.1\c5ce126b15f28d56cd8f960c1a6a058b9c9aea87\assertj-core-3.9.1.jar;C:\Users\jorge\.gradle\caches\modules-2\files-2.1\org.mockito\mockito-core\2.15.0\b84bfbbc29cd22c9529409627af6ea2897f4fa85\mockito-core-2.15.0.jar;C:\Users\jorge\.gradle\caches\modules-2\files-2.1\org.hamcrest\hamcrest-library\1.3\4785a3c21320980282f9f33d0d1264a69040538f\hamcrest-library-1.3.jar;C:\Users\jorge\.gradle\caches\modules-2\files-2.1\org.hamcrest\hamcrest-core\1.3\42a25dc3219429f0e5d060061f71acb49bf010a0\hamcrest-core-1.3.jar;C:\Users\jorge\.gradle\caches\modules-2\files-2.1\org.skyscreamer\jsonassert\1.5.0\6c9d5fe2f59da598d9aefc1cfc6528ff3cf32df3\jsonassert-1.5.0.jar;C:\Users\jorge\.gradle\caches\modules-2\files-2.1\org.xmlunit\xmlunit-core\2.5.1\4ffdb346572a7356f7521cd3119ce5287d2e339d\xmlunit-core-2.5.1.jar;C:\Users\jorge\.gradle\caches\modules-2\files-2.1\org.powermock\powermock-api-support\2.0.0-RC.3\a23d6bdbcf865513c9f6992134152be80504e499\powermock-api-support-2.0.0-RC.3.jar;C:\Users\jorge\.gradle\caches\modules-2\files-2.1\ch.qos.logback\logback-classic\1.2.3\7c4f3c474fb2c041d8028740440937705ebb473a\logback-classic-1.2.3.jar;C:\Users\jorge\.gradle\caches\modules-2\files-2.1\org.apache.logging.log4j\log4j-to-slf4j\2.10.0\f7e631ccf49cfc0aefa4a2a728da7d374c05bd3c\log4j-to-slf4j-2.10.0.jar;C:\Users\jorge\.gradle\caches\modules-2\files-2.1\org.slf4j\jul-to-slf4j\1.7.25\af5364cd6679bfffb114f0dec8a157aaa283b76\jul-to-slf4j-1.7.25.jar;C:\Users\jorge\.gradle\caches\modules-2\files-2.1\org.springframework\spring-jcl\5.0.8.RELEASE\a1fa8fb560fb252321776e16bc9ac8201af4ef5e\spring-jcl-5.0.8.RELEASE.jar;C:\Users\jorge\.gradle\caches\modules-2\files-2.1\org.hdrhistogram\HdrHistogram\2.1.10\9e1ac84eed220281841b75e72fb9de5a297fbf04\HdrHistogram-2.1.10.jar;C:\Users\jorge\.gradle\caches\modules-2\files-2.1\org.latencyutils\LatencyUtils\2.0.3\769c0b82cb2421c8256300e907298a9410a2a3d3\LatencyUtils-2.0.3.jar;C:\Users\jorge\.gradle\caches\modules-2\files-2.1\org.synchronoss.cloud\nio-stream-storage\1.1.3\986dba5f6e5eed20f0dba6ddc8e8a64a9ebdc2f3\nio-stream-storage-1.1.3.jar;C:\Users\jorge\.gradle\caches\modules-2\files-2.1\org.slf4j\slf4j-api\1.7.25\da76ca59f6a57ee3102f8f9bd9cee742973efa8a\slf4j-api-1.7.25.jar;C:\Users\jorge\.gradle\caches\modules-2\files-2.1\io.projectreactor.ipc\reactor-netty\0.7.8.RELEASE\fe25c7d3042b6005690f7d243cef987b696a12ee\reactor-netty-0.7.8.RELEASE.jar;C:\Users\jorge\.gradle\caches\modules-2\files-2.1\javax.validation\validation-api\2.0.1.Final\cb855558e6271b1b32e716d24cb85c7f583ce09e\validation-api-2.0.1.Final.jar;C:\Users\jorge\.gradle\caches\modules-2\files-2.1\org.jboss.logging\jboss-logging\3.3.2.Final\3789d00e859632e6c6206adc0c71625559e6e3b0\jboss-logging-3.3.2.Final.jar;C:\Users\jorge\.gradle\caches\modules-2\files-2.1\com.fasterxml\classmate\1.3.4\3d5f48f10bbe4eb7bd862f10c0583be2e0053c6\classmate-1.3.4.jar;C:\Users\jorge\.gradle\caches\modules-2\files-2.1\io.projectreactor\reactor-core\3.1.8.RELEASE\3bcc30f9161d3d17abe44b4aa20e397e5170566e\reactor-core-3.1.8.RELEASE.jar;C:\Users\jorge\.gradle\caches\modules-2\files-2.1\net.minidev\json-smart\2.3\7396407491352ce4fa30de92efb158adb76b5b\json-smart-2.3.jar;C:\Users\jorge\.gradle\caches\modules-2\files-2.1\org.powermock\powermock-core\2.0.0-RC.3\f958479ea1f0d1ba37cf65b6612fccfbaf4d8dd3\powermock-core-2.0.0-RC.3.jar;C:\Users\jorge\.gradle\caches\modules-2\files-2.1\org.powermock\powermock-reflect\2.0.0-RC.3\c10437486ae35b91666c2591fd7b1a8054b4573c\powermock-reflect-2.0.0-RC.3.jar;C:\Users\jorge\.gradle\caches\modules-2\files-2.1\net.bytebuddy\byte-buddy\1.7.11\f02857a4e2c66ccbe7aaad6100a0a6c461bce9b3\byte-buddy-1.7.11.jar;C:\Users\jorge\.gradle\caches\modules-2\files-2.1\net.bytebuddy\byte-buddy-agent\1.7.11\b425a8933ca07edd03c6dbc8bc3b595fba9780de\byte-buddy-agent-1.7.11.jar;C:\Users\jorge\.gradle\caches\modules-2\files-2.1\org.objenesis\objenesis\3.0.1\11cfac598df9dc48bb9ed9357ed04212694b7808\objenesis-3.0.1.jar;C:\Users\jorge\.gradle\caches\modules-2\files-2.1\com.vaadin.external.google\android-json\0.0.20131108.vaadin1\fa26d351fe62a6a17f5cda1287c1c6110dec413f\android-json-0.0.20131108.vaadin1.jar;C:\Users\jorge\.gradle\caches\modules-2\files-2.1\ch.qos.logback\logback-core\1.2.3\864344400c3d4d92dfeb0a305dc87d953677c03c\logback-core-1.2.3.jar;C:\Users\jorge\.gradle\caches\modules-2\files-2.1\org.apache.logging.log4j\log4j-api\2.10.0\fec5797a55b786184a537abd39c3fa1449d752d6\log4j-api-2.10.0.jar;C:\Users\jorge\.gradle\caches\modules-2\files-2.1\org.apache.tomcat.embed\tomcat-embed-websocket\8.5.32\ea5302e378f1449d4e5dda79e8d810c1e7931f91\tomcat-embed-websocket-8.5.32.jar;C:\Users\jorge\.gradle\caches\modules-2\files-2.1\org.apache.tomcat.embed\tomcat-embed-core\8.5.32\6bc6896200146010cc4666bdc6b9b0cbb453ee22\tomcat-embed-core-8.5.32.jar;C:\Users\jorge\.gradle\caches\modules-2\files-2.1\org.apache.tomcat.embed\tomcat-embed-el\8.5.32\e4fd0ee015d83fa1c5ec93ff1d05bdaf9a4480c5\tomcat-embed-el-8.5.32.jar;C:\Users\jorge\.gradle\caches\modules-2\files-2.1\io.netty\netty-handler-proxy\4.1.27.Final\1a822ce7760bc6eb4937b7e448c9e081fedcc807\netty-handler-proxy-4.1.27.Final.jar;C:\Users\jorge\.gradle\caches\modules-2\files-2.1\io.netty\netty-codec-http\4.1.27.Final\a1722d6bcbbef1c4c7877e8bf38b07a3db5ed07f\netty-codec-http-4.1.27.Final.jar;C:\Users\jorge\.gradle\caches\modules-2\files-2.1\io.netty\netty-handler\4.1.27.Final\21bd9cf565390a8d72579b8664303e3c175dfc6a\netty-handler-4.1.27.Final.jar;C:\Users\jorge\.gradle\caches\modules-2\files-2.1\io.netty\netty-transport-native-epoll\4.1.27.Final\8c3a61a7dd53eafe2f0fe31356f1379598f74517\netty-transport-native-epoll-4.1.27.Final-linux-x86_64.jar;C:\Users\jorge\.gradle\caches\modules-2\files-2.1\org.reactivestreams\reactive-streams\1.0.2\323964c36556eb0e6209f65c1cef72b53b461ab8\reactive-streams-1.0.2.jar;C:\Users\jorge\.gradle\caches\modules-2\files-2.1\net.minidev\accessors-smart\1.2\c592b500269bfde36096641b01238a8350f8aa31\accessors-smart-1.2.jar;C:\Users\jorge\.gradle\caches\modules-2\files-2.1\org.javassist\javassist\3.24.0-GA\d7466fc2e3af7c023e95c510f06448ad29b225b3\javassist-3.24.0-GA.jar;C:\Users\jorge\.gradle\caches\modules-2\files-2.1\io.netty\netty-codec-socks\4.1.27.Final\285b09af98764cf02e4b77b3d95af188469a7133\netty-codec-socks-4.1.27.Final.jar;C:\Users\jorge\.gradle\caches\modules-2\files-2.1\io.netty\netty-codec\4.1.27.Final\d2653d78ebaa650064768fb26b10051f5c8efb2c\netty-codec-4.1.27.Final.jar;C:\Users\jorge\.gradle\caches\modules-2\files-2.1\io.netty\netty-transport-native-unix-common\4.1.27.Final\2b0667fe5c1df78c6cfbf9d53ad8b1fb533fb8e8\netty-transport-native-unix-common-4.1.27.Final.jar;C:\Users\jorge\.gradle\caches\modules-2\files-2.1\io.netty\netty-transport\4.1.27.Final\b5c2da3ea89dd67320925f1504c9eb3615241b7c\netty-transport-4.1.27.Final.jar;C:\Users\jorge\.gradle\caches\modules-2\files-2.1\io.netty\netty-buffer\4.1.27.Final\aafe2b9fb0d8f3b200cf10b9fd6486c6a722d7a1\netty-buffer-4.1.27.Final.jar;C:\Users\jorge\.gradle\caches\modules-2\files-2.1\io.netty\netty-resolver\4.1.27.Final\2536447ef9605ccb2b5203aa22392c6514484ea9\netty-resolver-4.1.27.Final.jar;C:\Users\jorge\.gradle\caches\modules-2\files-2.1\io.netty\netty-common\4.1.27.Final\6a12a969c27fb37b230c4bde5a67bd822fa6b7a4\netty-common-4.1.27.Final.jar;C:\Users\jorge\.gradle\caches\modules-2\files-2.1\org.ow2.asm\asm\5.0.4\da08b8cce7bbf903602a25a3a163ae252435795\asm-5.0.4.jar, user.name=jorge, java.vm.specification.version=1.8, sun.java.command=worker.org.gradle.process.internal.worker.GradleWorkerMain 'Gradle Test Executor 3', java.home=C:\Program Files\AdoptOpenJDK\jdk-8.0.242.08-hotspot\jre, sun.arch.data.model=64, user.language=en, java.specification.vendor=Oracle Corporation, awt.toolkit=sun.awt.windows.WToolkit, java.vm.info=mixed mode, java.version=1.8.0_242, java.ext.dirs=C:\Program Files\AdoptOpenJDK\jdk-8.0.242.08-hotspot\jre\lib\ext;C:\Windows\Sun\Java\lib\ext, sun.boot.class.path=C:\Program Files\AdoptOpenJDK\jdk-8.0.242.08-hotspot\jre\lib\resources.jar;C:\Program Files\AdoptOpenJDK\jdk-8.0.242.08-hotspot\jre\lib\rt.jar;C:\Program Files\AdoptOpenJDK\jdk-8.0.242.08-hotspot\jre\lib\sunrsasign.jar;C:\Program Files\AdoptOpenJDK\jdk-8.0.242.08-hotspot\jre\lib\jsse.jar;C:\Program Files\AdoptOpenJDK\jdk-8.0.242.08-hotspot\jre\lib\jce.jar;C:\Program Files\AdoptOpenJDK\jdk-8.0.242.08-hotspot\jre\lib\charsets.jar;C:\Program Files\AdoptOpenJDK\jdk-8.0.242.08-hotspot\jre\lib\jfr.jar;C:\Program Files\AdoptOpenJDK\jdk-8.0.242.08-hotspot\jre\classes, java.vendor=AdoptOpenJDK, org.gradle.test.worker=3, file.separator=\, java.vendor.url.bug=http://bugreport.sun.com/bugreport/, sun.io.unicode.encoding=UnicodeLittle, sun.cpu.endian=little, sun.desktop=windows, sun.cpu.isalist=amd64}}, SystemEnvironmentPropertySource@1368997988 {name='systemEnvironment', properties={USERDOMAIN_ROAMINGPROFILE=DESKTOP-U7U4TE6, PROCESSOR_LEVEL=6, VS140COMNTOOLS=C:\Program Files (x86)\Microsoft Visual Studio 14.0\Common7\Tools\, ALLUSERSPROFILE=C:\ProgramData, PROCESSOR_ARCHITECTURE=AMD64, PSModulePath=C:\Users\jorge\Documents\WindowsPowerShell\Modules;C:\Program Files\WindowsPowerShell\Modules;C:\Windows\system32\WindowsPowerShell\v1.0\Modules, SystemDrive=C:, =ExitCode=00000000, DIRNAME=C:\azure-devops\git\eShopOnContainers\src\Web\WebImapClient\Client\server\, USERNAME=jorge, CMD_LINE_ARGS=b, ProgramFiles(x86)=C:\Program Files (x86), APP_HOME=C:\azure-devops\git\eShopOnContainers\src\Web\WebImapClient\Client\server\, PATHEXT=.COM;.EXE;.BAT;.CMD;.VBS;.VBE;.JS;.JSE;.WSF;.WSH;.MSC;.CPL, DriverData=C:\Windows\System32\Drivers\DriverData, OneDriveConsumer=C:\Users\jorge\OneDrive, ProgramData=C:\ProgramData, ProgramW6432=C:\Program Files, HOMEPATH=\Users\jorge, PROCESSOR_IDENTIFIER=Intel64 Family 6 Model 158 Stepping 13, GenuineIntel, ProgramFiles=C:\Program Files, PUBLIC=C:\Users\Public, windir=C:\Windows, _SKIP=2, LOCALAPPDATA=C:\Users\jorge\AppData\Local, ChocolateyLastPathUpdate=132229495750090469, USERDOMAIN=DESKTOP-U7U4TE6, LOGONSERVER=\\DESKTOP-U7U4TE6, PROMPT=$P$G, OneDrive=C:\Users\jorge\OneDrive, =C:=C:\azure-devops\git\eShopOnContainers\src\Web\WebImapClient\Client\server, APPDATA=C:\Users\jorge\AppData\Roaming, JAVA_EXE=java.exe, ChocolateyInstall=C:\ProgramData\chocolatey, CommonProgramFiles=C:\Program Files\Common Files, Path=C:\Program Files\AdoptOpenJDK\jdk-8.0.242.08-hotspot\bin;C:\Program Files (x86)\Common Files\Oracle\Java\javapath;C:\Python27\;C:\Python27\Scripts;C:\ProgramData\DockerDesktop\version-bin;C:\Program Files\Docker\Docker\Resources\bin;C:\Windows\system32;C:\Windows;C:\Windows\System32\Wbem;C:\Windows\System32\WindowsPowerShell\v1.0\;C:\Windows\System32\OpenSSH\;C:\Program Files (x86)\NVIDIA Corporation\PhysX\Common;C:\Program Files\dotnet\;C:\Program Files\Microsoft SQL Server\130\Tools\Binn\;C:\Program Files\Microsoft SQL Server\Client SDK\ODBC\170\Tools\Binn\;C:\Program Files (x86)\Microsoft SQL Server\150\DTS\Binn\;C:\Program Files\Git\cmd;C:\Program Files (x86)\Microsoft ASP.NET\ASP.NET Web Pages\v1.0\;C:\Program Files\Microsoft SQL Server\110\Tools\Binn\;C:\Users\jorge\.dnx\bin;C:\Program Files\Microsoft DNX\Dnvm\;C:\Program Files\nodejs\;C:\ProgramData\chocolatey\bin;C:\Program Files\Microsoft\Web Platform Installer\;C:\Users\jorge\AppData\Local\Microsoft\WindowsApps;C:\Users\jorge\AppData\Local\Programs\Microsoft VS Code\bin;C:\Users\jorge\.dotnet\tools;C:\Users\jorge\AppData\Roaming\npm;C:\Users\jorge\AppData\Local\GitHubDesktop\bin, OS=Windows_NT, COMPUTERNAME=DESKTOP-U7U4TE6, PROCESSOR_REVISION=9e0d, CLASSPATH=C:\azure-devops\git\eShopOnContainers\src\Web\WebImapClient\Client\server\\gradle\wrapper\gradle-wrapper.jar, CommonProgramW6432=C:\Program Files\Common Files, ComSpec=C:\Windows\system32\cmd.exe, APP_BASE_NAME=gradlew, SystemRoot=C:\Windows, TEMP=C:\Users\jorge\AppData\Local\Temp, HOMEDRIVE=C:, USERPROFILE=C:\Users\jorge, TMP=C:\Users\jorge\AppData\Local\Temp, VS110COMNTOOLS=C:\Program Files (x86)\Microsoft Visual Studio 11.0\Common7\Tools\, CommonProgramFiles(x86)=C:\Program Files (x86)\Common Files, NUMBER_OF_PROCESSORS=12}}]
17:43:15.214 [Test worker] DEBUG org.springframework.web.servlet.mvc.method.annotation.RequestMappingHandlerMapping - Looking for request mappings in application context: org.springframework.test.web.servlet.setup.StubWebApplicationContext@62c59d83
17:43:15.216 [Test worker] DEBUG org.springframework.web.servlet.mvc.method.annotation.RequestMappingHandlerMapping - 17 request handler methods found on class com.marcnuri.isotope.api.folder.FolderResource: {public org.springframework.http.ResponseEntity com.marcnuri.isotope.api.folder.FolderResource.getMessage(java.lang.String,java.lang.Long)={[/v1/folders/{folderId}/messages/{messageId}],methods=[GET]}, public org.springframework.http.ResponseEntity com.marcnuri.isotope.api.folder.FolderResource.getFolders(java.lang.Boolean)={[/v1/folders],methods=[GET],produces=[application/hal+json]}, public org.springframework.http.ResponseEntity com.marcnuri.isotope.api.folder.FolderResource.setMessageFlagged(java.lang.String,java.lang.Long,boolean)={[/v1/folders/{folderId}/messages/{messageId}/flagged],methods=[PUT]}, public org.springframework.http.ResponseEntity com.marcnuri.isotope.api.folder.FolderResource.deleteAllFolderMessages(java.lang.String)={[/v1/folders/{folderId}/messages],methods=[DELETE]}, public org.springframework.http.ResponseEntity com.marcnuri.isotope.api.folder.FolderResource.createChildFolder(java.lang.String,java.lang.String)={[/v1/folders/{folderId}],methods=[POST],produces=[application/hal+json]}, public org.springframework.http.ResponseEntity com.marcnuri.isotope.api.folder.FolderResource.moveMessage(java.lang.String,java.lang.Long,java.lang.String)={[/v1/folders/{fromFolderId}/messages/{messageId}/folder/{toFolderId}],methods=[PUT]}, public org.springframework.http.ResponseEntity com.marcnuri.isotope.api.folder.FolderResource.moveMessages(java.lang.String,java.lang.String,java.util.List)={[/v1/folders/{fromFolderId}/messages/folder/{toFolderId}],methods=[PUT]}, public org.springframework.http.ResponseEntity com.marcnuri.isotope.api.folder.FolderResource.setMessageSeen(java.lang.String,java.lang.Long,boolean)={[/v1/folders/{folderId}/messages/{messageId}/seen],methods=[PUT]}, public org.springframework.http.ResponseEntity com.marcnuri.isotope.api.folder.FolderResource.setMessagesSeen(java.lang.String,java.lang.Boolean,java.util.List)={[/v1/folders/{folderId}/messages/seen/{seen}],methods=[PUT]}, public org.springframework.http.ResponseEntity com.marcnuri.isotope.api.folder.FolderResource.getAttachment(java.lang.String,java.lang.Long,java.lang.String,java.lang.Boolean,javax.servlet.http.HttpServletResponse)={[/v1/folders/{folderId}/messages/{messageId}/attachments/{id}],methods=[GET]}, public org.springframework.http.ResponseEntity com.marcnuri.isotope.api.folder.FolderResource.deleteFolder(java.lang.String)={[/v1/folders/{folderId}],methods=[DELETE],produces=[application/hal+json]}, public org.springframework.http.ResponseEntity com.marcnuri.isotope.api.folder.FolderResource.renameFolder(java.lang.String,java.lang.String)={[/v1/folders/{folderId}/name],methods=[PUT],produces=[application/hal+json]}, public org.springframework.http.ResponseEntity com.marcnuri.isotope.api.folder.FolderResource.moveFolder(java.lang.String,java.lang.String)={[/v1/folders/{folderId}/parent],methods=[PUT],produces=[application/hal+json]}, public org.springframework.http.ResponseEntity com.marcnuri.isotope.api.folder.FolderResource.createRootFolder(java.lang.String)={[/v1/folders],methods=[POST],produces=[application/hal+json]}, public org.springframework.http.ResponseEntity com.marcnuri.isotope.api.folder.FolderResource.preloadMessages(java.lang.String,java.util.List)={[/v1/folders/{folderId}/messages],methods=[GET]}, public org.springframework.http.ResponseEntity com.marcnuri.isotope.api.folder.FolderResource.deleteMessages(java.lang.String,java.util.List)={[/v1/folders/{folderId}/messages],methods=[DELETE],params=[id]}, public reactor.core.publisher.Flux com.marcnuri.isotope.api.folder.FolderResource.getMessages(java.lang.String,javax.servlet.http.HttpServletResponse)={[/v1/folders/{folderId}/messages],methods=[GET],produces=[text/event-stream]}}
17:43:15.216 [Test worker] INFO org.springframework.web.servlet.mvc.method.annotation.RequestMappingHandlerMapping - Mapped "{[/v1/folders/{folderId}/messages/{messageId}],methods=[GET]}" onto public org.springframework.http.ResponseEntity<com.marcnuri.isotope.api.message.MessageWithFolder> com.marcnuri.isotope.api.folder.FolderResource.getMessage(java.lang.String,java.lang.Long)
17:43:15.216 [Test worker] INFO org.springframework.web.servlet.mvc.method.annotation.RequestMappingHandlerMapping - Mapped "{[/v1/folders],methods=[GET],produces=[application/hal+json]}" onto public org.springframework.http.ResponseEntity<java.util.List<com.marcnuri.isotope.api.folder.Folder>> com.marcnuri.isotope.api.folder.FolderResource.getFolders(java.lang.Boolean)
17:43:15.216 [Test worker] INFO org.springframework.web.servlet.mvc.method.annotation.RequestMappingHandlerMapping - Mapped "{[/v1/folders/{folderId}/messages/{messageId}/flagged],methods=[PUT]}" onto public org.springframework.http.ResponseEntity<java.lang.Void> com.marcnuri.isotope.api.folder.FolderResource.setMessageFlagged(java.lang.String,java.lang.Long,boolean)
17:43:15.216 [Test worker] INFO org.springframework.web.servlet.mvc.method.annotation.RequestMappingHandlerMapping - Mapped "{[/v1/folders/{folderId}/messages],methods=[DELETE]}" onto public org.springframework.http.ResponseEntity<com.marcnuri.isotope.api.folder.Folder> com.marcnuri.isotope.api.folder.FolderResource.deleteAllFolderMessages(java.lang.String)
17:43:15.216 [Test worker] INFO org.springframework.web.servlet.mvc.method.annotation.RequestMappingHandlerMapping - Mapped "{[/v1/folders/{folderId}],methods=[POST],produces=[application/hal+json]}" onto public org.springframework.http.ResponseEntity<com.marcnuri.isotope.api.folder.Folder> com.marcnuri.isotope.api.folder.FolderResource.createChildFolder(java.lang.String,java.lang.String)
17:43:15.216 [Test worker] INFO org.springframework.web.servlet.mvc.method.annotation.RequestMappingHandlerMapping - Mapped "{[/v1/folders/{fromFolderId}/messages/{messageId}/folder/{toFolderId}],methods=[PUT]}" onto public org.springframework.http.ResponseEntity<java.util.List<com.marcnuri.isotope.api.message.MessageWithFolder>> com.marcnuri.isotope.api.folder.FolderResource.moveMessage(java.lang.String,java.lang.Long,java.lang.String)
17:43:15.216 [Test worker] INFO org.springframework.web.servlet.mvc.method.annotation.RequestMappingHandlerMapping - Mapped "{[/v1/folders/{fromFolderId}/messages/folder/{toFolderId}],methods=[PUT]}" onto public org.springframework.http.ResponseEntity<java.util.List<com.marcnuri.isotope.api.message.MessageWithFolder>> com.marcnuri.isotope.api.folder.FolderResource.moveMessages(java.lang.String,java.lang.String,java.util.List<java.lang.Long>)
17:43:15.216 [Test worker] INFO org.springframework.web.servlet.mvc.method.annotation.RequestMappingHandlerMapping - Mapped "{[/v1/folders/{folderId}/messages/{messageId}/seen],methods=[PUT]}" onto public org.springframework.http.ResponseEntity<java.lang.Void> com.marcnuri.isotope.api.folder.FolderResource.setMessageSeen(java.lang.String,java.lang.Long,boolean)
17:43:15.217 [Test worker] INFO org.springframework.web.servlet.mvc.method.annotation.RequestMappingHandlerMapping - Mapped "{[/v1/folders/{folderId}/messages/seen/{seen}],methods=[PUT]}" onto public org.springframework.http.ResponseEntity<java.lang.Void> com.marcnuri.isotope.api.folder.FolderResource.setMessagesSeen(java.lang.String,java.lang.Boolean,java.util.List<java.lang.Long>)
17:43:15.217 [Test worker] INFO org.springframework.web.servlet.mvc.method.annotation.RequestMappingHandlerMapping - Mapped "{[/v1/folders/{folderId}/messages/{messageId}/attachments/{id}],methods=[GET]}" onto public org.springframework.http.ResponseEntity<java.lang.Void> com.marcnuri.isotope.api.folder.FolderResource.getAttachment(java.lang.String,java.lang.Long,java.lang.String,java.lang.Boolean,javax.servlet.http.HttpServletResponse)
17:43:15.217 [Test worker] INFO org.springframework.web.servlet.mvc.method.annotation.RequestMappingHandlerMapping - Mapped "{[/v1/folders/{folderId}],methods=[DELETE],produces=[application/hal+json]}" onto public org.springframework.http.ResponseEntity<com.marcnuri.isotope.api.folder.Folder> com.marcnuri.isotope.api.folder.FolderResource.deleteFolder(java.lang.String)
17:43:15.217 [Test worker] INFO org.springframework.web.servlet.mvc.method.annotation.RequestMappingHandlerMapping - Mapped "{[/v1/folders/{folderId}/name],methods=[PUT],produces=[application/hal+json]}" onto public org.springframework.http.ResponseEntity<com.marcnuri.isotope.api.folder.Folder> com.marcnuri.isotope.api.folder.FolderResource.renameFolder(java.lang.String,java.lang.String)
17:43:15.217 [Test worker] INFO org.springframework.web.servlet.mvc.method.annotation.RequestMappingHandlerMapping - Mapped "{[/v1/folders/{folderId}/parent],methods=[PUT],produces=[application/hal+json]}" onto public org.springframework.http.ResponseEntity<com.marcnuri.isotope.api.folder.Folder> com.marcnuri.isotope.api.folder.FolderResource.moveFolder(java.lang.String,java.lang.String)
17:43:15.217 [Test worker] INFO org.springframework.web.servlet.mvc.method.annotation.RequestMappingHandlerMapping - Mapped "{[/v1/folders],methods=[POST],produces=[application/hal+json]}" onto public org.springframework.http.ResponseEntity<java.util.List<com.marcnuri.isotope.api.folder.Folder>> com.marcnuri.isotope.api.folder.FolderResource.createRootFolder(java.lang.String)
17:43:15.217 [Test worker] INFO org.springframework.web.servlet.mvc.method.annotation.RequestMappingHandlerMapping - Mapped "{[/v1/folders/{folderId}/messages],methods=[GET]}" onto public org.springframework.http.ResponseEntity<java.util.List<com.marcnuri.isotope.api.message.Message>> com.marcnuri.isotope.api.folder.FolderResource.preloadMessages(java.lang.String,java.util.List<java.lang.Long>)
17:43:15.217 [Test worker] INFO org.springframework.web.servlet.mvc.method.annotation.RequestMappingHandlerMapping - Mapped "{[/v1/folders/{folderId}/messages],methods=[DELETE],params=[id]}" onto public org.springframework.http.ResponseEntity<com.marcnuri.isotope.api.folder.Folder> com.marcnuri.isotope.api.folder.FolderResource.deleteMessages(java.lang.String,java.util.List<java.lang.Long>)
17:43:15.217 [Test worker] INFO org.springframework.web.servlet.mvc.method.annotation.RequestMappingHandlerMapping - Mapped "{[/v1/folders/{folderId}/messages],methods=[GET],produces=[text/event-stream]}" onto public reactor.core.publisher.Flux<org.springframework.http.codec.ServerSentEvent<java.util.List<com.marcnuri.isotope.api.message.Message>>> com.marcnuri.isotope.api.folder.FolderResource.getMessages(java.lang.String,javax.servlet.http.HttpServletResponse)
17:43:15.221 [Test worker] DEBUG org.hibernate.validator.internal.engine.resolver.TraversableResolvers - Cannot find javax.persistence.Persistence on classpath. Assuming non JPA 2 environment. All properties will per default be traversable.
17:43:15.221 [Test worker] DEBUG org.hibernate.validator.messageinterpolation.ResourceBundleMessageInterpolator - Loaded expression factory via original TCCL
17:43:15.221 [Test worker] DEBUG org.hibernate.validator.internal.engine.ConfigurationImpl - Setting custom MessageInterpolator of type org.springframework.validation.beanvalidation.LocaleContextMessageInterpolator
17:43:15.221 [Test worker] DEBUG org.hibernate.validator.internal.engine.ConfigurationImpl - Setting custom ParameterNameProvider of type org.springframework.validation.beanvalidation.LocalValidatorFactoryBean$1
17:43:15.221 [Test worker] DEBUG org.hibernate.validator.internal.xml.config.ValidationXmlParser - Trying to load META-INF/validation.xml for XML based Validator configuration.
17:43:15.221 [Test worker] DEBUG org.hibernate.validator.internal.xml.config.ResourceLoaderHelper - Trying to load META-INF/validation.xml via TCCL
17:43:15.222 [Test worker] DEBUG org.hibernate.validator.internal.xml.config.ResourceLoaderHelper - Trying to load META-INF/validation.xml via Hibernate Validator's class loader
17:43:15.222 [Test worker] DEBUG org.hibernate.validator.internal.xml.config.ValidationXmlParser - No META-INF/validation.xml found. Using annotation based configuration only.
17:43:15.225 [Test worker] DEBUG org.hibernate.validator.internal.engine.ValidatorFactoryImpl - HV000234: Using org.springframework.validation.beanvalidation.LocaleContextMessageInterpolator as ValidatorFactory-scoped message interpolator.
17:43:15.225 [Test worker] DEBUG org.hibernate.validator.internal.engine.ValidatorFactoryImpl - HV000234: Using org.hibernate.validator.internal.engine.resolver.TraverseAllTraversableResolver as ValidatorFactory-scoped traversable resolver.
17:43:15.225 [Test worker] DEBUG org.hibernate.validator.internal.engine.ValidatorFactoryImpl - HV000234: Using org.hibernate.validator.internal.util.ExecutableParameterNameProvider as ValidatorFactory-scoped parameter name provider.
17:43:15.225 [Test worker] DEBUG org.hibernate.validator.internal.engine.ValidatorFactoryImpl - HV000234: Using org.hibernate.validator.internal.engine.DefaultClockProvider as ValidatorFactory-scoped clock provider.
17:43:15.226 [Test worker] DEBUG org.hibernate.validator.internal.engine.ValidatorFactoryImpl - HV000234: Using org.hibernate.validator.internal.engine.scripting.DefaultScriptEvaluatorFactory as ValidatorFactory-scoped script evaluator factory.
17:43:15.226 [Test worker] INFO org.springframework.web.servlet.mvc.method.annotation.RequestMappingHandlerAdapter - Looking for @ControllerAdvice: org.springframework.test.web.servlet.setup.StubWebApplicationContext@62c59d83
17:43:15.228 [Test worker] DEBUG org.springframework.web.servlet.mvc.method.annotation.ExceptionHandlerExceptionResolver - Looking for exception mappings: org.springframework.test.web.servlet.setup.StubWebApplicationContext@62c59d83
17:43:15.228 [Test worker] DEBUG org.springframework.test.web.servlet.TestDispatcherServlet - Initializing servlet ''
17:43:15.228 [Test worker] INFO org.springframework.mock.web.MockServletContext - Initializing Spring FrameworkServlet ''
17:43:15.228 [Test worker] INFO org.springframework.test.web.servlet.TestDispatcherServlet - FrameworkServlet '': initialization started
17:43:15.228 [Test worker] DEBUG org.springframework.test.web.servlet.TestDispatcherServlet - Unable to locate MultipartResolver with name 'multipartResolver': no multipart request handling provided
17:43:15.228 [Test worker] DEBUG org.springframework.test.web.servlet.TestDispatcherServlet - Using LocaleResolver [org.springframework.web.servlet.i18n.AcceptHeaderLocaleResolver@77b1a322]
17:43:15.228 [Test worker] DEBUG org.springframework.test.web.servlet.TestDispatcherServlet - Using ThemeResolver [org.springframework.web.servlet.theme.FixedThemeResolver@4a1d1803]
17:43:15.228 [Test worker] DEBUG org.springframework.test.web.servlet.TestDispatcherServlet - Using RequestToViewNameTranslator [org.springframework.web.servlet.view.DefaultRequestToViewNameTranslator@497f2ac1]
17:43:15.228 [Test worker] DEBUG org.springframework.test.web.servlet.TestDispatcherServlet - Using FlashMapManager [org.springframework.web.servlet.support.SessionFlashMapManager@c431838]
17:43:15.228 [Test worker] DEBUG org.springframework.test.web.servlet.TestDispatcherServlet - Published WebApplicationContext of servlet '' as ServletContext attribute with name [org.springframework.web.servlet.FrameworkServlet.CONTEXT.]
17:43:15.228 [Test worker] INFO org.springframework.test.web.servlet.TestDispatcherServlet - FrameworkServlet '': initialization completed in 0 ms
17:43:15.229 [Test worker] DEBUG org.springframework.test.web.servlet.TestDispatcherServlet - Servlet '' configured successfully
17:43:15.229 [Test worker] DEBUG org.springframework.test.web.servlet.TestDispatcherServlet - DispatcherServlet with name '' processing PUT request for [/v1/folders/L29yaWdpbmFsL2ZvbGRlcg==/name]
17:43:15.229 [Test worker] DEBUG org.springframework.web.servlet.mvc.method.annotation.RequestMappingHandlerMapping - Looking up handler method for path /v1/folders/L29yaWdpbmFsL2ZvbGRlcg==/name
17:43:15.230 [Test worker] DEBUG org.springframework.web.servlet.mvc.method.annotation.RequestMappingHandlerMapping - Returning handler method [public org.springframework.http.ResponseEntity<com.marcnuri.isotope.api.folder.Folder> com.marcnuri.isotope.api.folder.FolderResource.renameFolder(java.lang.String,java.lang.String)]
17:43:15.231 [Test worker] DEBUG org.springframework.web.servlet.mvc.method.annotation.RequestResponseBodyMethodProcessor - Read [class java.lang.String] as "application/json" with [org.springframework.http.converter.StringHttpMessageConverter@76910221]
17:43:15.231 [Test worker] DEBUG com.marcnuri.isotope.api.folder.FolderResource - Renaming folder with id L29yaWdpbmFsL2ZvbGRlcg== to 31337
17:43:15.231 [Test worker] DEBUG org.springframework.beans.factory.support.DefaultListableBeanFactory - Returning cached instance of singleton bean 'prototypeImapService'
17:43:15.238 [Test worker] DEBUG org.springframework.web.servlet.mvc.method.annotation.HttpEntityMethodProcessor - Written [links: [<http://localhost/v1/folders/1337>;rel="self", <http://localhost/v1/folders/1337/messages>;rel="messages", <http://localhost/v1/folders/1337>;rel="delete", <http://localhost/v1/folders/1337/name>;rel="rename", <http://localhost/v1/folders/1337/parent>;rel="move", <http://localhost/v1/folders/1337/messages/{messageId}>;rel="message", <http://localhost/v1/folders/1337/messages/{messageId}/flagged>;rel="message.flagged", <http://localhost/v1/folders/1337/messages/{messageId}/folder/{toFolderId}>;rel="message.move", <http://localhost/v1/folders/1337/messages/folder/{toFolderId}>;rel="message.move.bulk", <http://localhost/v1/folders/1337/messages/{messageId}/seen>;rel="message.seen", <http://localhost/v1/folders/1337/messages/seen/{seen}>;rel="message.seen.bulk"]] as "application/hal+json" using [org.springframework.http.converter.json.MappingJackson2HttpMessageConverter@e9f02c7]
17:43:15.238 [Test worker] DEBUG org.springframework.test.web.servlet.TestDispatcherServlet - Null ModelAndView returned to DispatcherServlet with name '': assuming HandlerAdapter completed request handling
17:43:15.238 [Test worker] DEBUG org.springframework.test.web.servlet.TestDispatcherServlet - Successfully completed request
17:43:15.238 [Test worker] DEBUG com.jayway.jsonpath.internal.path.CompiledPath - Evaluating path: $['folderId']
17:43:15.238 [Test worker] DEBUG com.jayway.jsonpath.internal.path.CompiledPath - Evaluating path: $['name']
17:43:15.239 [Test worker] DEBUG com.jayway.jsonpath.internal.path.CompiledPath - Evaluating path: $['_links']
17:43:15.239 [Test worker] DEBUG com.jayway.jsonpath.internal.path.CompiledPath - Evaluating path: $['_links']
17:43:15.239 [Test worker] DEBUG org.springframework.test.context.cache.DefaultCacheAwareContextLoaderDelegate - Retrieved ApplicationContext from cache with key [[MergedContextConfiguration@690d0075 testClass = FolderResourceTest, locations = '{}', classes = '{class com.marcnuri.isotope.api.folder.FolderResource}', contextInitializerClasses = '[]', activeProfiles = '{}', propertySourceLocations = '{}', propertySourceProperties = '{}', contextCustomizers = set[org.springframework.boot.test.autoconfigure.properties.PropertyMappingContextCustomizer@0, org.springframework.boot.test.autoconfigure.web.servlet.WebDriverContextCustomizerFactory$Customizer@42a343c1, org.springframework.boot.test.context.filter.ExcludeFilterContextCustomizer@3d8dc3, org.springframework.boot.test.json.DuplicateJsonObjectContextCustomizerFactory$DuplicateJsonObjectContextCustomizer@5f493529, org.springframework.boot.test.mock.mockito.MockitoContextCustomizer@8186d819], contextLoader = 'org.springframework.test.context.support.DelegatingSmartContextLoader', parent = [null]]]
17:43:15.239 [Test worker] DEBUG org.springframework.test.context.cache - Spring test ApplicationContext cache statistics: [DefaultContextCache@11fd1fb9 size = 2, maxSize = 32, parentContextCount = 0, hitCount = 116, missCount = 2]
17:43:15.239 [Test worker] DEBUG org.springframework.beans.factory.support.DefaultListableBeanFactory - Returning cached instance of singleton bean 'org.springframework.boot.test.mock.mockito.MockitoBeans'
17:43:15.239 [Test worker] DEBUG org.springframework.test.context.cache.DefaultCacheAwareContextLoaderDelegate - Retrieved ApplicationContext from cache with key [[MergedContextConfiguration@690d0075 testClass = FolderResourceTest, locations = '{}', classes = '{class com.marcnuri.isotope.api.folder.FolderResource}', contextInitializerClasses = '[]', activeProfiles = '{}', propertySourceLocations = '{}', propertySourceProperties = '{}', contextCustomizers = set[org.springframework.boot.test.autoconfigure.properties.PropertyMappingContextCustomizer@0, org.springframework.boot.test.autoconfigure.web.servlet.WebDriverContextCustomizerFactory$Customizer@42a343c1, org.springframework.boot.test.context.filter.ExcludeFilterContextCustomizer@3d8dc3, org.springframework.boot.test.json.DuplicateJsonObjectContextCustomizerFactory$DuplicateJsonObjectContextCustomizer@5f493529, org.springframework.boot.test.mock.mockito.MockitoContextCustomizer@8186d819], contextLoader = 'org.springframework.test.context.support.DelegatingSmartContextLoader', parent = [null]]]
17:43:15.239 [Test worker] DEBUG org.springframework.test.context.cache - Spring test ApplicationContext cache statistics: [DefaultContextCache@11fd1fb9 size = 2, maxSize = 32, parentContextCount = 0, hitCount = 117, missCount = 2]
17:43:15.239 [Test worker] DEBUG org.springframework.test.context.cache.DefaultCacheAwareContextLoaderDelegate - Retrieved ApplicationContext from cache with key [[MergedContextConfiguration@690d0075 testClass = FolderResourceTest, locations = '{}', classes = '{class com.marcnuri.isotope.api.folder.FolderResource}', contextInitializerClasses = '[]', activeProfiles = '{}', propertySourceLocations = '{}', propertySourceProperties = '{}', contextCustomizers = set[org.springframework.boot.test.autoconfigure.properties.PropertyMappingContextCustomizer@0, org.springframework.boot.test.autoconfigure.web.servlet.WebDriverContextCustomizerFactory$Customizer@42a343c1, org.springframework.boot.test.context.filter.ExcludeFilterContextCustomizer@3d8dc3, org.springframework.boot.test.json.DuplicateJsonObjectContextCustomizerFactory$DuplicateJsonObjectContextCustomizer@5f493529, org.springframework.boot.test.mock.mockito.MockitoContextCustomizer@8186d819], contextLoader = 'org.springframework.test.context.support.DelegatingSmartContextLoader', parent = [null]]]
17:43:15.239 [Test worker] DEBUG org.springframework.test.context.cache - Spring test ApplicationContext cache statistics: [DefaultContextCache@11fd1fb9 size = 2, maxSize = 32, parentContextCount = 0, hitCount = 118, missCount = 2]
17:43:15.240 [Test worker] DEBUG reactor.core.publisher.Hooks - Reset to factory defaults : onLastOperator
17:43:15.240 [Test worker] DEBUG org.springframework.test.context.support.AbstractDirtiesContextTestExecutionListener - After test method: context [DefaultTestContext@1abdc0de testClass = FolderResourceTest, testInstance = com.marcnuri.isotope.api.folder.FolderResourceTest@2607577d, testMethod = renameFolder_validFolderAndNewName_shouldReturnOk@FolderResourceTest, testException = [null], mergedContextConfiguration = [MergedContextConfiguration@690d0075 testClass = FolderResourceTest, locations = '{}', classes = '{class com.marcnuri.isotope.api.folder.FolderResource}', contextInitializerClasses = '[]', activeProfiles = '{}', propertySourceLocations = '{}', propertySourceProperties = '{}', contextCustomizers = set[org.springframework.boot.test.autoconfigure.properties.PropertyMappingContextCustomizer@0, org.springframework.boot.test.autoconfigure.web.servlet.WebDriverContextCustomizerFactory$Customizer@42a343c1, org.springframework.boot.test.context.filter.ExcludeFilterContextCustomizer@3d8dc3, org.springframework.boot.test.json.DuplicateJsonObjectContextCustomizerFactory$DuplicateJsonObjectContextCustomizer@5f493529, org.springframework.boot.test.mock.mockito.MockitoContextCustomizer@8186d819], contextLoader = 'org.springframework.test.context.support.DelegatingSmartContextLoader', parent = [null]], attributes = map[[empty]]], class annotated with @DirtiesContext [false] with mode [null], method annotated with @DirtiesContext [false] with mode [null].
17:43:15.240 [Test worker] DEBUG org.springframework.test.annotation.ProfileValueUtils - Retrieved @ProfileValueSourceConfiguration [null] for test class [com.marcnuri.isotope.api.folder.FolderResourceTest]
17:43:15.240 [Test worker] DEBUG org.springframework.test.annotation.ProfileValueUtils - Retrieved ProfileValueSource type [class org.springframework.test.annotation.SystemProfileValueSource] for class [com.marcnuri.isotope.api.folder.FolderResourceTest]
17:43:15.240 [Test worker] DEBUG org.springframework.test.context.cache.DefaultCacheAwareContextLoaderDelegate - Retrieved ApplicationContext from cache with key [[MergedContextConfiguration@690d0075 testClass = FolderResourceTest, locations = '{}', classes = '{class com.marcnuri.isotope.api.folder.FolderResource}', contextInitializerClasses = '[]', activeProfiles = '{}', propertySourceLocations = '{}', propertySourceProperties = '{}', contextCustomizers = set[org.springframework.boot.test.autoconfigure.properties.PropertyMappingContextCustomizer@0, org.springframework.boot.test.autoconfigure.web.servlet.WebDriverContextCustomizerFactory$Customizer@42a343c1, org.springframework.boot.test.context.filter.ExcludeFilterContextCustomizer@3d8dc3, org.springframework.boot.test.json.DuplicateJsonObjectContextCustomizerFactory$DuplicateJsonObjectContextCustomizer@5f493529, org.springframework.boot.test.mock.mockito.MockitoContextCustomizer@8186d819], contextLoader = 'org.springframework.test.context.support.DelegatingSmartContextLoader', parent = [null]]]
17:43:15.240 [Test worker] DEBUG org.springframework.test.context.cache - Spring test ApplicationContext cache statistics: [DefaultContextCache@11fd1fb9 size = 2, maxSize = 32, parentContextCount = 0, hitCount = 119, missCount = 2]
17:43:15.240 [Test worker] DEBUG org.springframework.beans.factory.support.DefaultListableBeanFactory - Returning cached instance of singleton bean 'org.springframework.boot.test.mock.mockito.MockitoPostProcessor'
17:43:15.240 [Test worker] DEBUG org.springframework.beans.factory.support.DefaultListableBeanFactory - Returning cached instance of singleton bean 'prototypeImapService'
17:43:15.240 [Test worker] DEBUG org.springframework.test.context.support.DependencyInjectionTestExecutionListener - Performing dependency injection for test context [[DefaultTestContext@1abdc0de testClass = FolderResourceTest, testInstance = com.marcnuri.isotope.api.folder.FolderResourceTest@2c5ca3b5, testMethod = [null], testException = [null], mergedContextConfiguration = [MergedContextConfiguration@690d0075 testClass = FolderResourceTest, locations = '{}', classes = '{class com.marcnuri.isotope.api.folder.FolderResource}', contextInitializerClasses = '[]', activeProfiles = '{}', propertySourceLocations = '{}', propertySourceProperties = '{}', contextCustomizers = set[org.springframework.boot.test.autoconfigure.properties.PropertyMappingContextCustomizer@0, org.springframework.boot.test.autoconfigure.web.servlet.WebDriverContextCustomizerFactory$Customizer@42a343c1, org.springframework.boot.test.context.filter.ExcludeFilterContextCustomizer@3d8dc3, org.springframework.boot.test.json.DuplicateJsonObjectContextCustomizerFactory$DuplicateJsonObjectContextCustomizer@5f493529, org.springframework.boot.test.mock.mockito.MockitoContextCustomizer@8186d819], contextLoader = 'org.springframework.test.context.support.DelegatingSmartContextLoader', parent = [null]], attributes = map[[empty]]]].
17:43:15.240 [Test worker] DEBUG org.springframework.test.context.cache.DefaultCacheAwareContextLoaderDelegate - Retrieved ApplicationContext from cache with key [[MergedContextConfiguration@690d0075 testClass = FolderResourceTest, locations = '{}', classes = '{class com.marcnuri.isotope.api.folder.FolderResource}', contextInitializerClasses = '[]', activeProfiles = '{}', propertySourceLocations = '{}', propertySourceProperties = '{}', contextCustomizers = set[org.springframework.boot.test.autoconfigure.properties.PropertyMappingContextCustomizer@0, org.springframework.boot.test.autoconfigure.web.servlet.WebDriverContextCustomizerFactory$Customizer@42a343c1, org.springframework.boot.test.context.filter.ExcludeFilterContextCustomizer@3d8dc3, org.springframework.boot.test.json.DuplicateJsonObjectContextCustomizerFactory$DuplicateJsonObjectContextCustomizer@5f493529, org.springframework.boot.test.mock.mockito.MockitoContextCustomizer@8186d819], contextLoader = 'org.springframework.test.context.support.DelegatingSmartContextLoader', parent = [null]]]
17:43:15.241 [Test worker] DEBUG org.springframework.test.context.cache - Spring test ApplicationContext cache statistics: [DefaultContextCache@11fd1fb9 size = 2, maxSize = 32, parentContextCount = 0, hitCount = 120, missCount = 2]
17:43:15.241 [Test worker] DEBUG org.springframework.beans.factory.annotation.InjectionMetadata - Processing injected element of bean 'com.marcnuri.isotope.api.folder.FolderResourceTest': AutowiredFieldElement for private com.marcnuri.isotope.api.folder.FolderResource com.marcnuri.isotope.api.folder.FolderResourceTest.folderResource
17:43:15.241 [Test worker] DEBUG org.springframework.beans.factory.support.DefaultListableBeanFactory - Returning cached instance of singleton bean 'folderResource'
17:43:15.241 [Test worker] DEBUG org.springframework.test.context.support.AbstractDirtiesContextTestExecutionListener - Before test method: context [DefaultTestContext@1abdc0de testClass = FolderResourceTest, testInstance = com.marcnuri.isotope.api.folder.FolderResourceTest@2c5ca3b5, testMethod = createRootFolder_validNewName_shouldReturnOk@FolderResourceTest, testException = [null], mergedContextConfiguration = [MergedContextConfiguration@690d0075 testClass = FolderResourceTest, locations = '{}', classes = '{class com.marcnuri.isotope.api.folder.FolderResource}', contextInitializerClasses = '[]', activeProfiles = '{}', propertySourceLocations = '{}', propertySourceProperties = '{}', contextCustomizers = set[org.springframework.boot.test.autoconfigure.properties.PropertyMappingContextCustomizer@0, org.springframework.boot.test.autoconfigure.web.servlet.WebDriverContextCustomizerFactory$Customizer@42a343c1, org.springframework.boot.test.context.filter.ExcludeFilterContextCustomizer@3d8dc3, org.springframework.boot.test.json.DuplicateJsonObjectContextCustomizerFactory$DuplicateJsonObjectContextCustomizer@5f493529, org.springframework.boot.test.mock.mockito.MockitoContextCustomizer@8186d819], contextLoader = 'org.springframework.test.context.support.DelegatingSmartContextLoader', parent = [null]], attributes = map[[empty]]], class annotated with @DirtiesContext [false] with mode [null], method annotated with @DirtiesContext [false] with mode [null].
17:43:15.241 [Test worker] DEBUG reactor.core.publisher.Hooks - Hooking onLastOperator: reactor.core.publisher.Operators$LiftFunction@76756580
17:43:15.242 [Test worker] DEBUG org.springframework.test.context.cache.DefaultCacheAwareContextLoaderDelegate - Retrieved ApplicationContext from cache with key [[MergedContextConfiguration@690d0075 testClass = FolderResourceTest, locations = '{}', classes = '{class com.marcnuri.isotope.api.folder.FolderResource}', contextInitializerClasses = '[]', activeProfiles = '{}', propertySourceLocations = '{}', propertySourceProperties = '{}', contextCustomizers = set[org.springframework.boot.test.autoconfigure.properties.PropertyMappingContextCustomizer@0, org.springframework.boot.test.autoconfigure.web.servlet.WebDriverContextCustomizerFactory$Customizer@42a343c1, org.springframework.boot.test.context.filter.ExcludeFilterContextCustomizer@3d8dc3, org.springframework.boot.test.json.DuplicateJsonObjectContextCustomizerFactory$DuplicateJsonObjectContextCustomizer@5f493529, org.springframework.boot.test.mock.mockito.MockitoContextCustomizer@8186d819], contextLoader = 'org.springframework.test.context.support.DelegatingSmartContextLoader', parent = [null]]]
17:43:15.242 [Test worker] DEBUG org.springframework.test.context.cache - Spring test ApplicationContext cache statistics: [DefaultContextCache@11fd1fb9 size = 2, maxSize = 32, parentContextCount = 0, hitCount = 121, missCount = 2]
17:43:15.242 [Test worker] DEBUG org.springframework.beans.factory.support.DefaultListableBeanFactory - Returning cached instance of singleton bean 'org.springframework.boot.test.mock.mockito.MockitoBeans'
17:43:15.242 [Test worker] DEBUG org.springframework.core.env.StandardEnvironment - Adding PropertySource 'systemProperties' with lowest search precedence
17:43:15.242 [Test worker] DEBUG org.springframework.core.env.StandardEnvironment - Adding PropertySource 'systemEnvironment' with lowest search precedence
17:43:15.242 [Test worker] DEBUG org.springframework.core.env.StandardEnvironment - Initialized StandardEnvironment with PropertySources [MapPropertySource@2082474270 {name='systemProperties', properties={java.runtime.name=OpenJDK Runtime Environment, sun.boot.library.path=C:\Program Files\AdoptOpenJDK\jdk-8.0.242.08-hotspot\jre\bin, java.vm.version=25.242-b08, java.vm.vendor=, java.vendor.url=http://java.oracle.com/, path.separator=;, java.vm.name=OpenJDK 64-Bit Server VM, file.encoding.pkg=sun.io, user.script=, sun.java.launcher=SUN_STANDARD, user.country=GB, sun.os.patch.level=, java.vm.specification.name=Java Virtual Machine Specification, user.dir=C:\azure-devops\git\eShopOnContainers\src\Web\WebImapClient\Client\server, java.runtime.version=1.8.0_242-b08, java.awt.graphicsenv=sun.awt.Win32GraphicsEnvironment, java.endorsed.dirs=C:\Program Files\AdoptOpenJDK\jdk-8.0.242.08-hotspot\jre\lib\endorsed, os.arch=amd64, java.io.tmpdir=C:\Users\jorge\AppData\Local\Temp\, line.separator=
, java.vm.specification.vendor=Oracle Corporation, user.variant=, os.name=Windows 10, sun.jnu.encoding=Cp1252, java.library.path=C:\Program Files\AdoptOpenJDK\jdk-8.0.242.08-hotspot\bin;C:\Windows\Sun\Java\bin;C:\Windows\system32;C:\Windows;C:\Program Files\AdoptOpenJDK\jdk-8.0.242.08-hotspot\bin;C:\Program Files (x86)\Common Files\Oracle\Java\javapath;C:\Python27\;C:\Python27\Scripts;C:\ProgramData\DockerDesktop\version-bin;C:\Program Files\Docker\Docker\Resources\bin;C:\Windows\system32;C:\Windows;C:\Windows\System32\Wbem;C:\Windows\System32\WindowsPowerShell\v1.0\;C:\Windows\System32\OpenSSH\;C:\Program Files (x86)\NVIDIA Corporation\PhysX\Common;C:\Program Files\dotnet\;C:\Program Files\Microsoft SQL Server\130\Tools\Binn\;C:\Program Files\Microsoft SQL Server\Client SDK\ODBC\170\Tools\Binn\;C:\Program Files (x86)\Microsoft SQL Server\150\DTS\Binn\;C:\Program Files\Git\cmd;C:\Program Files (x86)\Microsoft ASP.NET\ASP.NET Web Pages\v1.0\;C:\Program Files\Microsoft SQL Server\110\Tools\Binn\;C:\Users\jorge\.dnx\bin;C:\Program Files\Microsoft DNX\Dnvm\;C:\Program Files\nodejs\;C:\ProgramData\chocolatey\bin;C:\Program Files\Microsoft\Web Platform Installer\;C:\Users\jorge\AppData\Local\Microsoft\WindowsApps;C:\Users\jorge\AppData\Local\Programs\Microsoft VS Code\bin;C:\Users\jorge\.dotnet\tools;C:\Users\jorge\AppData\Roaming\npm;C:\Users\jorge\AppData\Local\GitHubDesktop\bin;., java.specification.name=Java Platform API Specification, java.class.version=52.0, org.gradle.native=false, sun.management.compiler=HotSpot 64-Bit Tiered Compilers, os.version=10.0, user.home=C:\Users\jorge, user.timezone=Europe/Paris, java.awt.printerjob=sun.awt.windows.WPrinterJob, file.encoding=windows-1252, java.specification.version=1.8, java.class.path=C:\azure-devops\git\eShopOnContainers\src\Web\WebImapClient\Client\server\build\classes\java\test;C:\azure-devops\git\eShopOnContainers\src\Web\WebImapClient\Client\server\build\resources\test;C:\azure-devops\git\eShopOnContainers\src\Web\WebImapClient\Client\server\build\classes\java\main;C:\azure-devops\git\eShopOnContainers\src\Web\WebImapClient\Client\server\build\resources\main;C:\Users\jorge\.gradle\caches\modules-2\files-2.1\org.springframework.boot\spring-boot-starter-actuator\2.0.4.RELEASE\24e901473279d9c18e0a0f8037d58b18c8297dca\spring-boot-starter-actuator-2.0.4.RELEASE.jar;C:\Users\jorge\.gradle\caches\modules-2\files-2.1\org.springframework.boot\spring-boot-starter-security\2.0.4.RELEASE\2ac314e5985fd9ae0d2acaea450f4f6c3dbd7f92\spring-boot-starter-security-2.0.4.RELEASE.jar;C:\Users\jorge\.gradle\caches\modules-2\files-2.1\org.springframework.boot\spring-boot-starter-webflux\2.0.4.RELEASE\a52fcd02fb6129e14f2b4b36acc5748368563c93\spring-boot-starter-webflux-2.0.4.RELEASE.jar;C:\Users\jorge\.gradle\caches\modules-2\files-2.1\org.springframework.boot\spring-boot-starter-test\2.0.4.RELEASE\8f473705d2742b669f0318f10a956f94a93ba3d2\spring-boot-starter-test-2.0.4.RELEASE.jar;C:\Users\jorge\.gradle\caches\modules-2\files-2.1\org.springframework.boot\spring-boot-starter-hateoas\2.0.4.RELEASE\2f115bebeffea81859c6d874457fa8db16b10747\spring-boot-starter-hateoas-2.0.4.RELEASE.jar;C:\Users\jorge\.gradle\caches\modules-2\files-2.1\org.springframework.boot\spring-boot-starter-web\2.0.4.RELEASE\98d49e981ecf804da877d84259b7b0d1ec2fb6f6\spring-boot-starter-web-2.0.4.RELEASE.jar;C:\Users\jorge\.gradle\caches\modules-2\files-2.1\org.springframework.boot\spring-boot-starter-json\2.0.4.RELEASE\c7afabf0d7c85db178da4ce0634e3bd2ddb0eb71\spring-boot-starter-json-2.0.4.RELEASE.jar;C:\Users\jorge\.gradle\caches\modules-2\files-2.1\org.springframework.boot\spring-boot-starter\2.0.4.RELEASE\ec46c63a2adeee40058eff1a6baefca13975dc94\spring-boot-starter-2.0.4.RELEASE.jar;C:\Users\jorge\.gradle\caches\modules-2\files-2.1\com.sun.mail\javax.mail\1.6.1\757ba4630692bb2a1ec2d9d57a616b63f15e947e\javax.mail-1.6.1.jar;C:\Users\jorge\.gradle\caches\modules-2\files-2.1\org.springframework.boot\spring-boot-actuator-autoconfigure\2.0.4.RELEASE\2cadc1d20a1f9ee667a608cfee154138e954f5f2\spring-boot-actuator-autoconfigure-2.0.4.RELEASE.jar;C:\Users\jorge\.gradle\caches\modules-2\files-2.1\com.fasterxml.jackson.datatype\jackson-datatype-jsr310\2.9.6\ea54f6193d224e5e5732bbd4262327eb465397c2\jackson-datatype-jsr310-2.9.6.jar;C:\Users\jorge\.gradle\caches\modules-2\files-2.1\commons-io\commons-io\2.6\815893df5f31da2ece4040fe0a12fd44b577afaf\commons-io-2.6.jar;C:\Users\jorge\.gradle\caches\modules-2\files-2.1\org.springframework.security\spring-security-test\5.0.7.RELEASE\a74c9ab10d53baa3bb7a731753fe0c6d9ab9d848\spring-security-test-5.0.7.RELEASE.jar;C:\Users\jorge\.gradle\caches\modules-2\files-2.1\com.marcnuri\spring-common-test\0.0.2\da9c2c5e849c7dcbbe99d190bedffa5e6fe450a5\spring-common-test-0.0.2.jar;C:\Users\jorge\.gradle\caches\modules-2\files-2.1\org.hamcrest\java-hamcrest\2.0.0.0\f1c8853ade0ecf707f5a261c830e98893983813\java-hamcrest-2.0.0.0.jar;C:\Users\jorge\.gradle\caches\modules-2\files-2.1\org.powermock\powermock-module-junit4\2.0.0-RC.3\b9a04b492e2b93e93617ba457f76aebbf00fc221\powermock-module-junit4-2.0.0-RC.3.jar;C:\Users\jorge\.gradle\caches\modules-2\files-2.1\org.powermock\powermock-api-mockito2\2.0.0-RC.3\f85a8404be063ef15c5fdd3745b11d2fba875fcd\powermock-api-mockito2-2.0.0-RC.3.jar;C:\Users\jorge\.gradle\caches\modules-2\files-2.1\org.springframework.boot\spring-boot-test-autoconfigure\2.0.4.RELEASE\8a2e3f31e607fdb08deda2f59263ce177f1c4310\spring-boot-test-autoconfigure-2.0.4.RELEASE.jar;C:\Users\jorge\.gradle\caches\modules-2\files-2.1\org.springframework.boot\spring-boot-test\2.0.4.RELEASE\8a17fc3cf16b6d75f2ba132ade04409a670095de\spring-boot-test-2.0.4.RELEASE.jar;C:\Users\jorge\.gradle\caches\modules-2\files-2.1\org.springframework.boot\spring-boot-autoconfigure\2.0.4.RELEASE\65cd1244d606acc02ab7bfc47a203a3fe2400dda\spring-boot-autoconfigure-2.0.4.RELEASE.jar;C:\Users\jorge\.gradle\caches\modules-2\files-2.1\org.springframework.boot\spring-boot-actuator\2.0.4.RELEASE\9c02c968eb50a7cdc14fc4c7b586d767df6dc48d\spring-boot-actuator-2.0.4.RELEASE.jar;C:\Users\jorge\.gradle\caches\modules-2\files-2.1\org.springframework.boot\spring-boot\2.0.4.RELEASE\c8619c5b06d4dcdb4cac1e5e9c839e6e8b1c8574\spring-boot-2.0.4.RELEASE.jar;C:\Users\jorge\.gradle\caches\modules-2\files-2.1\org.springframework.boot\spring-boot-starter-logging\2.0.4.RELEASE\dcd1a2c431c970f44adae64d9145133979a513ab\spring-boot-starter-logging-2.0.4.RELEASE.jar;C:\Users\jorge\.gradle\caches\modules-2\files-2.1\org.springframework.boot\spring-boot-starter-tomcat\2.0.4.RELEASE\dcf28989a34b0801fea0e810c371fb9dab1e7784\spring-boot-starter-tomcat-2.0.4.RELEASE.jar;C:\Users\jorge\.gradle\caches\modules-2\files-2.1\javax.annotation\javax.annotation-api\1.3.2\934c04d3cfef185a8008e7bf34331b79730a9d43\javax.annotation-api-1.3.2.jar;C:\Users\jorge\.gradle\caches\modules-2\files-2.1\org.springframework.security\spring-security-config\5.0.7.RELEASE\d702e01048687db4ec6c97fb32d28ffbe348b3e\spring-security-config-5.0.7.RELEASE.jar;C:\Users\jorge\.gradle\caches\modules-2\files-2.1\org.springframework.security\spring-security-web\5.0.7.RELEASE\bab3ed579d4550bb5cc40b0a7fddd0106db7c66\spring-security-web-5.0.7.RELEASE.jar;C:\Users\jorge\.gradle\caches\modules-2\files-2.1\org.springframework.hateoas\spring-hateoas\0.25.0.RELEASE\22d1abd575426709734ab83e7d81d6deb4addbf6\spring-hateoas-0.25.0.RELEASE.jar;C:\Users\jorge\.gradle\caches\modules-2\files-2.1\org.springframework\spring-webflux\5.0.8.RELEASE\d16ce1cf6f95771e821619d6ef13c1f0333fafb\spring-webflux-5.0.8.RELEASE.jar;C:\Users\jorge\.gradle\caches\modules-2\files-2.1\org.springframework\spring-webmvc\5.0.8.RELEASE\7e5fe57590ca8e4468e50fe1d92b0b67aa4a327a\spring-webmvc-5.0.8.RELEASE.jar;C:\Users\jorge\.gradle\caches\modules-2\files-2.1\org.springframework\spring-web\5.0.8.RELEASE\fa43cdadb4ab2491fd1d0ddb06c0808e4b60fc85\spring-web-5.0.8.RELEASE.jar;C:\Users\jorge\.gradle\caches\modules-2\files-2.1\org.springframework\spring-test\5.0.8.RELEASE\5782619373bd7e7b7d9106203c317b04bb613ebb\spring-test-5.0.8.RELEASE.jar;C:\Users\jorge\.gradle\caches\modules-2\files-2.1\org.springframework.security\spring-security-core\5.0.7.RELEASE\40a0c57af6b4c3f8c611216d2579c6ab19672694\spring-security-core-5.0.7.RELEASE.jar;C:\Users\jorge\.gradle\caches\modules-2\files-2.1\org.springframework.plugin\spring-plugin-core\1.2.0.RELEASE\f380e7760032e7d929184f8ad8a33716b75c0657\spring-plugin-core-1.2.0.RELEASE.jar;C:\Users\jorge\.gradle\caches\modules-2\files-2.1\org.springframework\spring-context\5.0.8.RELEASE\3a067d8990761111c9b6d1d895640be26cc1fb38\spring-context-5.0.8.RELEASE.jar;C:\Users\jorge\.gradle\caches\modules-2\files-2.1\org.springframework\spring-aop\5.0.8.RELEASE\f5086c1a3185c481104511837427b39a07a57aa2\spring-aop-5.0.8.RELEASE.jar;C:\Users\jorge\.gradle\caches\modules-2\files-2.1\org.springframework\spring-beans\5.0.8.RELEASE\5fc965d3e7f5515099244857a8ae9e2a208c169b\spring-beans-5.0.8.RELEASE.jar;C:\Users\jorge\.gradle\caches\modules-2\files-2.1\org.springframework\spring-expression\5.0.8.RELEASE\f23158f22c917df2cddf2ecebc398a9e95f95fae\spring-expression-5.0.8.RELEASE.jar;C:\Users\jorge\.gradle\caches\modules-2\files-2.1\org.springframework\spring-core\5.0.8.RELEASE\dc39c49e3246cdf73d3786ac41119140aed3fa08\spring-core-5.0.8.RELEASE.jar;C:\Users\jorge\.gradle\caches\modules-2\files-2.1\org.yaml\snakeyaml\1.19\2d998d3d674b172a588e54ab619854d073f555b5\snakeyaml-1.19.jar;C:\Users\jorge\.gradle\caches\modules-2\files-2.1\io.micrometer\micrometer-core\1.0.6\50299bc8a34c251d62311bbb1a297f3942a82e42\micrometer-core-1.0.6.jar;C:\Users\jorge\.gradle\caches\modules-2\files-2.1\org.springframework.boot\spring-boot-starter-reactor-netty\2.0.4.RELEASE\ed4ac88f7fc699a9cbb6ee804a26e2e30239ca35\spring-boot-starter-reactor-netty-2.0.4.RELEASE.jar;C:\Users\jorge\.gradle\caches\modules-2\files-2.1\org.hibernate.validator\hibernate-validator\6.0.11.Final\36f9d10a11e4768f55e8fb91ebe4338a5c43954e\hibernate-validator-6.0.11.Final.jar;C:\Users\jorge\.gradle\caches\modules-2\files-2.1\org.synchronoss.cloud\nio-multipart-parser\1.1.0\c6c417fec6612584b1c34d4dd98c5a4e47e8c754\nio-multipart-parser-1.1.0.jar;C:\Users\jorge\.gradle\caches\modules-2\files-2.1\javax.activation\activation\1.1\e6cb541461c2834bdea3eb920f1884d1eb508b50\activation-1.1.jar;C:\Users\jorge\.gradle\caches\modules-2\files-2.1\com.fasterxml.jackson.datatype\jackson-datatype-jdk8\2.9.6\456895fc91bf7180b216fead220373e6278230c9\jackson-datatype-jdk8-2.9.6.jar;C:\Users\jorge\.gradle\caches\modules-2\files-2.1\com.fasterxml.jackson.module\jackson-module-parameter-names\2.9.6\129acd77a4b6ee30d62d3a0899b1344c8ec2bff8\jackson-module-parameter-names-2.9.6.jar;C:\Users\jorge\.gradle\caches\modules-2\files-2.1\com.fasterxml.jackson.core\jackson-databind\2.9.6\cfa4f316351a91bfd95cb0644c6a2c95f52db1fc\jackson-databind-2.9.6.jar;C:\Users\jorge\.gradle\caches\modules-2\files-2.1\com.fasterxml.jackson.core\jackson-annotations\2.9.0\7c10d545325e3a6e72e06381afe469fd40eb701\jackson-annotations-2.9.0.jar;C:\Users\jorge\.gradle\caches\modules-2\files-2.1\com.fasterxml.jackson.core\jackson-core\2.9.6\4e393793c37c77e042ccc7be5a914ae39251b365\jackson-core-2.9.6.jar;C:\Users\jorge\.gradle\caches\modules-2\files-2.1\com.jayway.jsonpath\json-path\2.4.0\765a4401ceb2dc8d40553c2075eb80a8fa35c2ae\json-path-2.4.0.jar;C:\Users\jorge\.gradle\caches\modules-2\files-2.1\org.powermock\powermock-module-junit4-common\2.0.0-RC.3\f09137abdf1aeea2df214037eab50ed864602c9a\powermock-module-junit4-common-2.0.0-RC.3.jar;C:\Users\jorge\.gradle\caches\modules-2\files-2.1\junit\junit\4.12\2973d150c0dc1fefe998f834810d68f278ea58ec\junit-4.12.jar;C:\Users\jorge\.gradle\caches\modules-2\files-2.1\org.assertj\assertj-core\3.9.1\c5ce126b15f28d56cd8f960c1a6a058b9c9aea87\assertj-core-3.9.1.jar;C:\Users\jorge\.gradle\caches\modules-2\files-2.1\org.mockito\mockito-core\2.15.0\b84bfbbc29cd22c9529409627af6ea2897f4fa85\mockito-core-2.15.0.jar;C:\Users\jorge\.gradle\caches\modules-2\files-2.1\org.hamcrest\hamcrest-library\1.3\4785a3c21320980282f9f33d0d1264a69040538f\hamcrest-library-1.3.jar;C:\Users\jorge\.gradle\caches\modules-2\files-2.1\org.hamcrest\hamcrest-core\1.3\42a25dc3219429f0e5d060061f71acb49bf010a0\hamcrest-core-1.3.jar;C:\Users\jorge\.gradle\caches\modules-2\files-2.1\org.skyscreamer\jsonassert\1.5.0\6c9d5fe2f59da598d9aefc1cfc6528ff3cf32df3\jsonassert-1.5.0.jar;C:\Users\jorge\.gradle\caches\modules-2\files-2.1\org.xmlunit\xmlunit-core\2.5.1\4ffdb346572a7356f7521cd3119ce5287d2e339d\xmlunit-core-2.5.1.jar;C:\Users\jorge\.gradle\caches\modules-2\files-2.1\org.powermock\powermock-api-support\2.0.0-RC.3\a23d6bdbcf865513c9f6992134152be80504e499\powermock-api-support-2.0.0-RC.3.jar;C:\Users\jorge\.gradle\caches\modules-2\files-2.1\ch.qos.logback\logback-classic\1.2.3\7c4f3c474fb2c041d8028740440937705ebb473a\logback-classic-1.2.3.jar;C:\Users\jorge\.gradle\caches\modules-2\files-2.1\org.apache.logging.log4j\log4j-to-slf4j\2.10.0\f7e631ccf49cfc0aefa4a2a728da7d374c05bd3c\log4j-to-slf4j-2.10.0.jar;C:\Users\jorge\.gradle\caches\modules-2\files-2.1\org.slf4j\jul-to-slf4j\1.7.25\af5364cd6679bfffb114f0dec8a157aaa283b76\jul-to-slf4j-1.7.25.jar;C:\Users\jorge\.gradle\caches\modules-2\files-2.1\org.springframework\spring-jcl\5.0.8.RELEASE\a1fa8fb560fb252321776e16bc9ac8201af4ef5e\spring-jcl-5.0.8.RELEASE.jar;C:\Users\jorge\.gradle\caches\modules-2\files-2.1\org.hdrhistogram\HdrHistogram\2.1.10\9e1ac84eed220281841b75e72fb9de5a297fbf04\HdrHistogram-2.1.10.jar;C:\Users\jorge\.gradle\caches\modules-2\files-2.1\org.latencyutils\LatencyUtils\2.0.3\769c0b82cb2421c8256300e907298a9410a2a3d3\LatencyUtils-2.0.3.jar;C:\Users\jorge\.gradle\caches\modules-2\files-2.1\org.synchronoss.cloud\nio-stream-storage\1.1.3\986dba5f6e5eed20f0dba6ddc8e8a64a9ebdc2f3\nio-stream-storage-1.1.3.jar;C:\Users\jorge\.gradle\caches\modules-2\files-2.1\org.slf4j\slf4j-api\1.7.25\da76ca59f6a57ee3102f8f9bd9cee742973efa8a\slf4j-api-1.7.25.jar;C:\Users\jorge\.gradle\caches\modules-2\files-2.1\io.projectreactor.ipc\reactor-netty\0.7.8.RELEASE\fe25c7d3042b6005690f7d243cef987b696a12ee\reactor-netty-0.7.8.RELEASE.jar;C:\Users\jorge\.gradle\caches\modules-2\files-2.1\javax.validation\validation-api\2.0.1.Final\cb855558e6271b1b32e716d24cb85c7f583ce09e\validation-api-2.0.1.Final.jar;C:\Users\jorge\.gradle\caches\modules-2\files-2.1\org.jboss.logging\jboss-logging\3.3.2.Final\3789d00e859632e6c6206adc0c71625559e6e3b0\jboss-logging-3.3.2.Final.jar;C:\Users\jorge\.gradle\caches\modules-2\files-2.1\com.fasterxml\classmate\1.3.4\3d5f48f10bbe4eb7bd862f10c0583be2e0053c6\classmate-1.3.4.jar;C:\Users\jorge\.gradle\caches\modules-2\files-2.1\io.projectreactor\reactor-core\3.1.8.RELEASE\3bcc30f9161d3d17abe44b4aa20e397e5170566e\reactor-core-3.1.8.RELEASE.jar;C:\Users\jorge\.gradle\caches\modules-2\files-2.1\net.minidev\json-smart\2.3\7396407491352ce4fa30de92efb158adb76b5b\json-smart-2.3.jar;C:\Users\jorge\.gradle\caches\modules-2\files-2.1\org.powermock\powermock-core\2.0.0-RC.3\f958479ea1f0d1ba37cf65b6612fccfbaf4d8dd3\powermock-core-2.0.0-RC.3.jar;C:\Users\jorge\.gradle\caches\modules-2\files-2.1\org.powermock\powermock-reflect\2.0.0-RC.3\c10437486ae35b91666c2591fd7b1a8054b4573c\powermock-reflect-2.0.0-RC.3.jar;C:\Users\jorge\.gradle\caches\modules-2\files-2.1\net.bytebuddy\byte-buddy\1.7.11\f02857a4e2c66ccbe7aaad6100a0a6c461bce9b3\byte-buddy-1.7.11.jar;C:\Users\jorge\.gradle\caches\modules-2\files-2.1\net.bytebuddy\byte-buddy-agent\1.7.11\b425a8933ca07edd03c6dbc8bc3b595fba9780de\byte-buddy-agent-1.7.11.jar;C:\Users\jorge\.gradle\caches\modules-2\files-2.1\org.objenesis\objenesis\3.0.1\11cfac598df9dc48bb9ed9357ed04212694b7808\objenesis-3.0.1.jar;C:\Users\jorge\.gradle\caches\modules-2\files-2.1\com.vaadin.external.google\android-json\0.0.20131108.vaadin1\fa26d351fe62a6a17f5cda1287c1c6110dec413f\android-json-0.0.20131108.vaadin1.jar;C:\Users\jorge\.gradle\caches\modules-2\files-2.1\ch.qos.logback\logback-core\1.2.3\864344400c3d4d92dfeb0a305dc87d953677c03c\logback-core-1.2.3.jar;C:\Users\jorge\.gradle\caches\modules-2\files-2.1\org.apache.logging.log4j\log4j-api\2.10.0\fec5797a55b786184a537abd39c3fa1449d752d6\log4j-api-2.10.0.jar;C:\Users\jorge\.gradle\caches\modules-2\files-2.1\org.apache.tomcat.embed\tomcat-embed-websocket\8.5.32\ea5302e378f1449d4e5dda79e8d810c1e7931f91\tomcat-embed-websocket-8.5.32.jar;C:\Users\jorge\.gradle\caches\modules-2\files-2.1\org.apache.tomcat.embed\tomcat-embed-core\8.5.32\6bc6896200146010cc4666bdc6b9b0cbb453ee22\tomcat-embed-core-8.5.32.jar;C:\Users\jorge\.gradle\caches\modules-2\files-2.1\org.apache.tomcat.embed\tomcat-embed-el\8.5.32\e4fd0ee015d83fa1c5ec93ff1d05bdaf9a4480c5\tomcat-embed-el-8.5.32.jar;C:\Users\jorge\.gradle\caches\modules-2\files-2.1\io.netty\netty-handler-proxy\4.1.27.Final\1a822ce7760bc6eb4937b7e448c9e081fedcc807\netty-handler-proxy-4.1.27.Final.jar;C:\Users\jorge\.gradle\caches\modules-2\files-2.1\io.netty\netty-codec-http\4.1.27.Final\a1722d6bcbbef1c4c7877e8bf38b07a3db5ed07f\netty-codec-http-4.1.27.Final.jar;C:\Users\jorge\.gradle\caches\modules-2\files-2.1\io.netty\netty-handler\4.1.27.Final\21bd9cf565390a8d72579b8664303e3c175dfc6a\netty-handler-4.1.27.Final.jar;C:\Users\jorge\.gradle\caches\modules-2\files-2.1\io.netty\netty-transport-native-epoll\4.1.27.Final\8c3a61a7dd53eafe2f0fe31356f1379598f74517\netty-transport-native-epoll-4.1.27.Final-linux-x86_64.jar;C:\Users\jorge\.gradle\caches\modules-2\files-2.1\org.reactivestreams\reactive-streams\1.0.2\323964c36556eb0e6209f65c1cef72b53b461ab8\reactive-streams-1.0.2.jar;C:\Users\jorge\.gradle\caches\modules-2\files-2.1\net.minidev\accessors-smart\1.2\c592b500269bfde36096641b01238a8350f8aa31\accessors-smart-1.2.jar;C:\Users\jorge\.gradle\caches\modules-2\files-2.1\org.javassist\javassist\3.24.0-GA\d7466fc2e3af7c023e95c510f06448ad29b225b3\javassist-3.24.0-GA.jar;C:\Users\jorge\.gradle\caches\modules-2\files-2.1\io.netty\netty-codec-socks\4.1.27.Final\285b09af98764cf02e4b77b3d95af188469a7133\netty-codec-socks-4.1.27.Final.jar;C:\Users\jorge\.gradle\caches\modules-2\files-2.1\io.netty\netty-codec\4.1.27.Final\d2653d78ebaa650064768fb26b10051f5c8efb2c\netty-codec-4.1.27.Final.jar;C:\Users\jorge\.gradle\caches\modules-2\files-2.1\io.netty\netty-transport-native-unix-common\4.1.27.Final\2b0667fe5c1df78c6cfbf9d53ad8b1fb533fb8e8\netty-transport-native-unix-common-4.1.27.Final.jar;C:\Users\jorge\.gradle\caches\modules-2\files-2.1\io.netty\netty-transport\4.1.27.Final\b5c2da3ea89dd67320925f1504c9eb3615241b7c\netty-transport-4.1.27.Final.jar;C:\Users\jorge\.gradle\caches\modules-2\files-2.1\io.netty\netty-buffer\4.1.27.Final\aafe2b9fb0d8f3b200cf10b9fd6486c6a722d7a1\netty-buffer-4.1.27.Final.jar;C:\Users\jorge\.gradle\caches\modules-2\files-2.1\io.netty\netty-resolver\4.1.27.Final\2536447ef9605ccb2b5203aa22392c6514484ea9\netty-resolver-4.1.27.Final.jar;C:\Users\jorge\.gradle\caches\modules-2\files-2.1\io.netty\netty-common\4.1.27.Final\6a12a969c27fb37b230c4bde5a67bd822fa6b7a4\netty-common-4.1.27.Final.jar;C:\Users\jorge\.gradle\caches\modules-2\files-2.1\org.ow2.asm\asm\5.0.4\da08b8cce7bbf903602a25a3a163ae252435795\asm-5.0.4.jar, user.name=jorge, java.vm.specification.version=1.8, sun.java.command=worker.org.gradle.process.internal.worker.GradleWorkerMain 'Gradle Test Executor 3', java.home=C:\Program Files\AdoptOpenJDK\jdk-8.0.242.08-hotspot\jre, sun.arch.data.model=64, user.language=en, java.specification.vendor=Oracle Corporation, awt.toolkit=sun.awt.windows.WToolkit, java.vm.info=mixed mode, java.version=1.8.0_242, java.ext.dirs=C:\Program Files\AdoptOpenJDK\jdk-8.0.242.08-hotspot\jre\lib\ext;C:\Windows\Sun\Java\lib\ext, sun.boot.class.path=C:\Program Files\AdoptOpenJDK\jdk-8.0.242.08-hotspot\jre\lib\resources.jar;C:\Program Files\AdoptOpenJDK\jdk-8.0.242.08-hotspot\jre\lib\rt.jar;C:\Program Files\AdoptOpenJDK\jdk-8.0.242.08-hotspot\jre\lib\sunrsasign.jar;C:\Program Files\AdoptOpenJDK\jdk-8.0.242.08-hotspot\jre\lib\jsse.jar;C:\Program Files\AdoptOpenJDK\jdk-8.0.242.08-hotspot\jre\lib\jce.jar;C:\Program Files\AdoptOpenJDK\jdk-8.0.242.08-hotspot\jre\lib\charsets.jar;C:\Program Files\AdoptOpenJDK\jdk-8.0.242.08-hotspot\jre\lib\jfr.jar;C:\Program Files\AdoptOpenJDK\jdk-8.0.242.08-hotspot\jre\classes, java.vendor=AdoptOpenJDK, org.gradle.test.worker=3, file.separator=\, java.vendor.url.bug=http://bugreport.sun.com/bugreport/, sun.io.unicode.encoding=UnicodeLittle, sun.cpu.endian=little, sun.desktop=windows, sun.cpu.isalist=amd64}}, SystemEnvironmentPropertySource@891833380 {name='systemEnvironment', properties={USERDOMAIN_ROAMINGPROFILE=DESKTOP-U7U4TE6, PROCESSOR_LEVEL=6, VS140COMNTOOLS=C:\Program Files (x86)\Microsoft Visual Studio 14.0\Common7\Tools\, ALLUSERSPROFILE=C:\ProgramData, PROCESSOR_ARCHITECTURE=AMD64, PSModulePath=C:\Users\jorge\Documents\WindowsPowerShell\Modules;C:\Program Files\WindowsPowerShell\Modules;C:\Windows\system32\WindowsPowerShell\v1.0\Modules, SystemDrive=C:, =ExitCode=00000000, DIRNAME=C:\azure-devops\git\eShopOnContainers\src\Web\WebImapClient\Client\server\, USERNAME=jorge, CMD_LINE_ARGS=b, ProgramFiles(x86)=C:\Program Files (x86), APP_HOME=C:\azure-devops\git\eShopOnContainers\src\Web\WebImapClient\Client\server\, PATHEXT=.COM;.EXE;.BAT;.CMD;.VBS;.VBE;.JS;.JSE;.WSF;.WSH;.MSC;.CPL, DriverData=C:\Windows\System32\Drivers\DriverData, OneDriveConsumer=C:\Users\jorge\OneDrive, ProgramData=C:\ProgramData, ProgramW6432=C:\Program Files, HOMEPATH=\Users\jorge, PROCESSOR_IDENTIFIER=Intel64 Family 6 Model 158 Stepping 13, GenuineIntel, ProgramFiles=C:\Program Files, PUBLIC=C:\Users\Public, windir=C:\Windows, _SKIP=2, LOCALAPPDATA=C:\Users\jorge\AppData\Local, ChocolateyLastPathUpdate=132229495750090469, USERDOMAIN=DESKTOP-U7U4TE6, LOGONSERVER=\\DESKTOP-U7U4TE6, PROMPT=$P$G, OneDrive=C:\Users\jorge\OneDrive, =C:=C:\azure-devops\git\eShopOnContainers\src\Web\WebImapClient\Client\server, APPDATA=C:\Users\jorge\AppData\Roaming, JAVA_EXE=java.exe, ChocolateyInstall=C:\ProgramData\chocolatey, CommonProgramFiles=C:\Program Files\Common Files, Path=C:\Program Files\AdoptOpenJDK\jdk-8.0.242.08-hotspot\bin;C:\Program Files (x86)\Common Files\Oracle\Java\javapath;C:\Python27\;C:\Python27\Scripts;C:\ProgramData\DockerDesktop\version-bin;C:\Program Files\Docker\Docker\Resources\bin;C:\Windows\system32;C:\Windows;C:\Windows\System32\Wbem;C:\Windows\System32\WindowsPowerShell\v1.0\;C:\Windows\System32\OpenSSH\;C:\Program Files (x86)\NVIDIA Corporation\PhysX\Common;C:\Program Files\dotnet\;C:\Program Files\Microsoft SQL Server\130\Tools\Binn\;C:\Program Files\Microsoft SQL Server\Client SDK\ODBC\170\Tools\Binn\;C:\Program Files (x86)\Microsoft SQL Server\150\DTS\Binn\;C:\Program Files\Git\cmd;C:\Program Files (x86)\Microsoft ASP.NET\ASP.NET Web Pages\v1.0\;C:\Program Files\Microsoft SQL Server\110\Tools\Binn\;C:\Users\jorge\.dnx\bin;C:\Program Files\Microsoft DNX\Dnvm\;C:\Program Files\nodejs\;C:\ProgramData\chocolatey\bin;C:\Program Files\Microsoft\Web Platform Installer\;C:\Users\jorge\AppData\Local\Microsoft\WindowsApps;C:\Users\jorge\AppData\Local\Programs\Microsoft VS Code\bin;C:\Users\jorge\.dotnet\tools;C:\Users\jorge\AppData\Roaming\npm;C:\Users\jorge\AppData\Local\GitHubDesktop\bin, OS=Windows_NT, COMPUTERNAME=DESKTOP-U7U4TE6, PROCESSOR_REVISION=9e0d, CLASSPATH=C:\azure-devops\git\eShopOnContainers\src\Web\WebImapClient\Client\server\\gradle\wrapper\gradle-wrapper.jar, CommonProgramW6432=C:\Program Files\Common Files, ComSpec=C:\Windows\system32\cmd.exe, APP_BASE_NAME=gradlew, SystemRoot=C:\Windows, TEMP=C:\Users\jorge\AppData\Local\Temp, HOMEDRIVE=C:, USERPROFILE=C:\Users\jorge, TMP=C:\Users\jorge\AppData\Local\Temp, VS110COMNTOOLS=C:\Program Files (x86)\Microsoft Visual Studio 11.0\Common7\Tools\, CommonProgramFiles(x86)=C:\Program Files (x86)\Common Files, NUMBER_OF_PROCESSORS=12}}]
17:43:15.243 [Test worker] DEBUG org.springframework.web.servlet.mvc.method.annotation.RequestMappingHandlerMapping - Looking for request mappings in application context: org.springframework.test.web.servlet.setup.StubWebApplicationContext@adfbbb8
17:43:15.245 [Test worker] DEBUG org.springframework.web.servlet.mvc.method.annotation.RequestMappingHandlerMapping - 17 request handler methods found on class com.marcnuri.isotope.api.folder.FolderResource: {public org.springframework.http.ResponseEntity com.marcnuri.isotope.api.folder.FolderResource.getMessage(java.lang.String,java.lang.Long)={[/v1/folders/{folderId}/messages/{messageId}],methods=[GET]}, public org.springframework.http.ResponseEntity com.marcnuri.isotope.api.folder.FolderResource.getFolders(java.lang.Boolean)={[/v1/folders],methods=[GET],produces=[application/hal+json]}, public org.springframework.http.ResponseEntity com.marcnuri.isotope.api.folder.FolderResource.setMessageFlagged(java.lang.String,java.lang.Long,boolean)={[/v1/folders/{folderId}/messages/{messageId}/flagged],methods=[PUT]}, public org.springframework.http.ResponseEntity com.marcnuri.isotope.api.folder.FolderResource.deleteAllFolderMessages(java.lang.String)={[/v1/folders/{folderId}/messages],methods=[DELETE]}, public org.springframework.http.ResponseEntity com.marcnuri.isotope.api.folder.FolderResource.createChildFolder(java.lang.String,java.lang.String)={[/v1/folders/{folderId}],methods=[POST],produces=[application/hal+json]}, public org.springframework.http.ResponseEntity com.marcnuri.isotope.api.folder.FolderResource.moveMessage(java.lang.String,java.lang.Long,java.lang.String)={[/v1/folders/{fromFolderId}/messages/{messageId}/folder/{toFolderId}],methods=[PUT]}, public org.springframework.http.ResponseEntity com.marcnuri.isotope.api.folder.FolderResource.moveMessages(java.lang.String,java.lang.String,java.util.List)={[/v1/folders/{fromFolderId}/messages/folder/{toFolderId}],methods=[PUT]}, public org.springframework.http.ResponseEntity com.marcnuri.isotope.api.folder.FolderResource.setMessageSeen(java.lang.String,java.lang.Long,boolean)={[/v1/folders/{folderId}/messages/{messageId}/seen],methods=[PUT]}, public org.springframework.http.ResponseEntity com.marcnuri.isotope.api.folder.FolderResource.setMessagesSeen(java.lang.String,java.lang.Boolean,java.util.List)={[/v1/folders/{folderId}/messages/seen/{seen}],methods=[PUT]}, public org.springframework.http.ResponseEntity com.marcnuri.isotope.api.folder.FolderResource.getAttachment(java.lang.String,java.lang.Long,java.lang.String,java.lang.Boolean,javax.servlet.http.HttpServletResponse)={[/v1/folders/{folderId}/messages/{messageId}/attachments/{id}],methods=[GET]}, public org.springframework.http.ResponseEntity com.marcnuri.isotope.api.folder.FolderResource.deleteFolder(java.lang.String)={[/v1/folders/{folderId}],methods=[DELETE],produces=[application/hal+json]}, public org.springframework.http.ResponseEntity com.marcnuri.isotope.api.folder.FolderResource.renameFolder(java.lang.String,java.lang.String)={[/v1/folders/{folderId}/name],methods=[PUT],produces=[application/hal+json]}, public org.springframework.http.ResponseEntity com.marcnuri.isotope.api.folder.FolderResource.moveFolder(java.lang.String,java.lang.String)={[/v1/folders/{folderId}/parent],methods=[PUT],produces=[application/hal+json]}, public org.springframework.http.ResponseEntity com.marcnuri.isotope.api.folder.FolderResource.createRootFolder(java.lang.String)={[/v1/folders],methods=[POST],produces=[application/hal+json]}, public org.springframework.http.ResponseEntity com.marcnuri.isotope.api.folder.FolderResource.preloadMessages(java.lang.String,java.util.List)={[/v1/folders/{folderId}/messages],methods=[GET]}, public org.springframework.http.ResponseEntity com.marcnuri.isotope.api.folder.FolderResource.deleteMessages(java.lang.String,java.util.List)={[/v1/folders/{folderId}/messages],methods=[DELETE],params=[id]}, public reactor.core.publisher.Flux com.marcnuri.isotope.api.folder.FolderResource.getMessages(java.lang.String,javax.servlet.http.HttpServletResponse)={[/v1/folders/{folderId}/messages],methods=[GET],produces=[text/event-stream]}}
17:43:15.245 [Test worker] INFO org.springframework.web.servlet.mvc.method.annotation.RequestMappingHandlerMapping - Mapped "{[/v1/folders/{folderId}/messages/{messageId}],methods=[GET]}" onto public org.springframework.http.ResponseEntity<com.marcnuri.isotope.api.message.MessageWithFolder> com.marcnuri.isotope.api.folder.FolderResource.getMessage(java.lang.String,java.lang.Long)
17:43:15.245 [Test worker] INFO org.springframework.web.servlet.mvc.method.annotation.RequestMappingHandlerMapping - Mapped "{[/v1/folders],methods=[GET],produces=[application/hal+json]}" onto public org.springframework.http.ResponseEntity<java.util.List<com.marcnuri.isotope.api.folder.Folder>> com.marcnuri.isotope.api.folder.FolderResource.getFolders(java.lang.Boolean)
17:43:15.245 [Test worker] INFO org.springframework.web.servlet.mvc.method.annotation.RequestMappingHandlerMapping - Mapped "{[/v1/folders/{folderId}/messages/{messageId}/flagged],methods=[PUT]}" onto public org.springframework.http.ResponseEntity<java.lang.Void> com.marcnuri.isotope.api.folder.FolderResource.setMessageFlagged(java.lang.String,java.lang.Long,boolean)
17:43:15.245 [Test worker] INFO org.springframework.web.servlet.mvc.method.annotation.RequestMappingHandlerMapping - Mapped "{[/v1/folders/{folderId}/messages],methods=[DELETE]}" onto public org.springframework.http.ResponseEntity<com.marcnuri.isotope.api.folder.Folder> com.marcnuri.isotope.api.folder.FolderResource.deleteAllFolderMessages(java.lang.String)
17:43:15.246 [Test worker] INFO org.springframework.web.servlet.mvc.method.annotation.RequestMappingHandlerMapping - Mapped "{[/v1/folders/{folderId}],methods=[POST],produces=[application/hal+json]}" onto public org.springframework.http.ResponseEntity<com.marcnuri.isotope.api.folder.Folder> com.marcnuri.isotope.api.folder.FolderResource.createChildFolder(java.lang.String,java.lang.String)
17:43:15.246 [Test worker] INFO org.springframework.web.servlet.mvc.method.annotation.RequestMappingHandlerMapping - Mapped "{[/v1/folders/{fromFolderId}/messages/{messageId}/folder/{toFolderId}],methods=[PUT]}" onto public org.springframework.http.ResponseEntity<java.util.List<com.marcnuri.isotope.api.message.MessageWithFolder>> com.marcnuri.isotope.api.folder.FolderResource.moveMessage(java.lang.String,java.lang.Long,java.lang.String)
17:43:15.246 [Test worker] INFO org.springframework.web.servlet.mvc.method.annotation.RequestMappingHandlerMapping - Mapped "{[/v1/folders/{fromFolderId}/messages/folder/{toFolderId}],methods=[PUT]}" onto public org.springframework.http.ResponseEntity<java.util.List<com.marcnuri.isotope.api.message.MessageWithFolder>> com.marcnuri.isotope.api.folder.FolderResource.moveMessages(java.lang.String,java.lang.String,java.util.List<java.lang.Long>)
17:43:15.246 [Test worker] INFO org.springframework.web.servlet.mvc.method.annotation.RequestMappingHandlerMapping - Mapped "{[/v1/folders/{folderId}/messages/{messageId}/seen],methods=[PUT]}" onto public org.springframework.http.ResponseEntity<java.lang.Void> com.marcnuri.isotope.api.folder.FolderResource.setMessageSeen(java.lang.String,java.lang.Long,boolean)
17:43:15.246 [Test worker] INFO org.springframework.web.servlet.mvc.method.annotation.RequestMappingHandlerMapping - Mapped "{[/v1/folders/{folderId}/messages/seen/{seen}],methods=[PUT]}" onto public org.springframework.http.ResponseEntity<java.lang.Void> com.marcnuri.isotope.api.folder.FolderResource.setMessagesSeen(java.lang.String,java.lang.Boolean,java.util.List<java.lang.Long>)
17:43:15.246 [Test worker] INFO org.springframework.web.servlet.mvc.method.annotation.RequestMappingHandlerMapping - Mapped "{[/v1/folders/{folderId}/messages/{messageId}/attachments/{id}],methods=[GET]}" onto public org.springframework.http.ResponseEntity<java.lang.Void> com.marcnuri.isotope.api.folder.FolderResource.getAttachment(java.lang.String,java.lang.Long,java.lang.String,java.lang.Boolean,javax.servlet.http.HttpServletResponse)
17:43:15.246 [Test worker] INFO org.springframework.web.servlet.mvc.method.annotation.RequestMappingHandlerMapping - Mapped "{[/v1/folders/{folderId}],methods=[DELETE],produces=[application/hal+json]}" onto public org.springframework.http.ResponseEntity<com.marcnuri.isotope.api.folder.Folder> com.marcnuri.isotope.api.folder.FolderResource.deleteFolder(java.lang.String)
17:43:15.246 [Test worker] INFO org.springframework.web.servlet.mvc.method.annotation.RequestMappingHandlerMapping - Mapped "{[/v1/folders/{folderId}/name],methods=[PUT],produces=[application/hal+json]}" onto public org.springframework.http.ResponseEntity<com.marcnuri.isotope.api.folder.Folder> com.marcnuri.isotope.api.folder.FolderResource.renameFolder(java.lang.String,java.lang.String)
17:43:15.246 [Test worker] INFO org.springframework.web.servlet.mvc.method.annotation.RequestMappingHandlerMapping - Mapped "{[/v1/folders/{folderId}/parent],methods=[PUT],produces=[application/hal+json]}" onto public org.springframework.http.ResponseEntity<com.marcnuri.isotope.api.folder.Folder> com.marcnuri.isotope.api.folder.FolderResource.moveFolder(java.lang.String,java.lang.String)
17:43:15.246 [Test worker] INFO org.springframework.web.servlet.mvc.method.annotation.RequestMappingHandlerMapping - Mapped "{[/v1/folders],methods=[POST],produces=[application/hal+json]}" onto public org.springframework.http.ResponseEntity<java.util.List<com.marcnuri.isotope.api.folder.Folder>> com.marcnuri.isotope.api.folder.FolderResource.createRootFolder(java.lang.String)
17:43:15.246 [Test worker] INFO org.springframework.web.servlet.mvc.method.annotation.RequestMappingHandlerMapping - Mapped "{[/v1/folders/{folderId}/messages],methods=[GET]}" onto public org.springframework.http.ResponseEntity<java.util.List<com.marcnuri.isotope.api.message.Message>> com.marcnuri.isotope.api.folder.FolderResource.preloadMessages(java.lang.String,java.util.List<java.lang.Long>)
17:43:15.246 [Test worker] INFO org.springframework.web.servlet.mvc.method.annotation.RequestMappingHandlerMapping - Mapped "{[/v1/folders/{folderId}/messages],methods=[DELETE],params=[id]}" onto public org.springframework.http.ResponseEntity<com.marcnuri.isotope.api.folder.Folder> com.marcnuri.isotope.api.folder.FolderResource.deleteMessages(java.lang.String,java.util.List<java.lang.Long>)
17:43:15.246 [Test worker] INFO org.springframework.web.servlet.mvc.method.annotation.RequestMappingHandlerMapping - Mapped "{[/v1/folders/{folderId}/messages],methods=[GET],produces=[text/event-stream]}" onto public reactor.core.publisher.Flux<org.springframework.http.codec.ServerSentEvent<java.util.List<com.marcnuri.isotope.api.message.Message>>> com.marcnuri.isotope.api.folder.FolderResource.getMessages(java.lang.String,javax.servlet.http.HttpServletResponse)
17:43:15.252 [Test worker] DEBUG org.hibernate.validator.internal.engine.resolver.TraversableResolvers - Cannot find javax.persistence.Persistence on classpath. Assuming non JPA 2 environment. All properties will per default be traversable.
17:43:15.252 [Test worker] DEBUG org.hibernate.validator.messageinterpolation.ResourceBundleMessageInterpolator - Loaded expression factory via original TCCL
17:43:15.252 [Test worker] DEBUG org.hibernate.validator.internal.engine.ConfigurationImpl - Setting custom MessageInterpolator of type org.springframework.validation.beanvalidation.LocaleContextMessageInterpolator
17:43:15.252 [Test worker] DEBUG org.hibernate.validator.internal.engine.ConfigurationImpl - Setting custom ParameterNameProvider of type org.springframework.validation.beanvalidation.LocalValidatorFactoryBean$1
17:43:15.252 [Test worker] DEBUG org.hibernate.validator.internal.xml.config.ValidationXmlParser - Trying to load META-INF/validation.xml for XML based Validator configuration.
17:43:15.252 [Test worker] DEBUG org.hibernate.validator.internal.xml.config.ResourceLoaderHelper - Trying to load META-INF/validation.xml via TCCL
17:43:15.252 [Test worker] DEBUG org.hibernate.validator.internal.xml.config.ResourceLoaderHelper - Trying to load META-INF/validation.xml via Hibernate Validator's class loader
17:43:15.253 [Test worker] DEBUG org.hibernate.validator.internal.xml.config.ValidationXmlParser - No META-INF/validation.xml found. Using annotation based configuration only.
17:43:15.256 [Test worker] DEBUG org.hibernate.validator.internal.engine.ValidatorFactoryImpl - HV000234: Using org.springframework.validation.beanvalidation.LocaleContextMessageInterpolator as ValidatorFactory-scoped message interpolator.
17:43:15.256 [Test worker] DEBUG org.hibernate.validator.internal.engine.ValidatorFactoryImpl - HV000234: Using org.hibernate.validator.internal.engine.resolver.TraverseAllTraversableResolver as ValidatorFactory-scoped traversable resolver.
17:43:15.256 [Test worker] DEBUG org.hibernate.validator.internal.engine.ValidatorFactoryImpl - HV000234: Using org.hibernate.validator.internal.util.ExecutableParameterNameProvider as ValidatorFactory-scoped parameter name provider.
17:43:15.256 [Test worker] DEBUG org.hibernate.validator.internal.engine.ValidatorFactoryImpl - HV000234: Using org.hibernate.validator.internal.engine.DefaultClockProvider as ValidatorFactory-scoped clock provider.
17:43:15.256 [Test worker] DEBUG org.hibernate.validator.internal.engine.ValidatorFactoryImpl - HV000234: Using org.hibernate.validator.internal.engine.scripting.DefaultScriptEvaluatorFactory as ValidatorFactory-scoped script evaluator factory.
17:43:15.256 [Test worker] INFO org.springframework.web.servlet.mvc.method.annotation.RequestMappingHandlerAdapter - Looking for @ControllerAdvice: org.springframework.test.web.servlet.setup.StubWebApplicationContext@adfbbb8
17:43:15.258 [Test worker] DEBUG org.springframework.web.servlet.mvc.method.annotation.ExceptionHandlerExceptionResolver - Looking for exception mappings: org.springframework.test.web.servlet.setup.StubWebApplicationContext@adfbbb8
17:43:15.258 [Test worker] DEBUG org.springframework.test.web.servlet.TestDispatcherServlet - Initializing servlet ''
17:43:15.258 [Test worker] INFO org.springframework.mock.web.MockServletContext - Initializing Spring FrameworkServlet ''
17:43:15.258 [Test worker] INFO org.springframework.test.web.servlet.TestDispatcherServlet - FrameworkServlet '': initialization started
17:43:15.258 [Test worker] DEBUG org.springframework.test.web.servlet.TestDispatcherServlet - Unable to locate MultipartResolver with name 'multipartResolver': no multipart request handling provided
17:43:15.258 [Test worker] DEBUG org.springframework.test.web.servlet.TestDispatcherServlet - Using LocaleResolver [org.springframework.web.servlet.i18n.AcceptHeaderLocaleResolver@c200911]
17:43:15.258 [Test worker] DEBUG org.springframework.test.web.servlet.TestDispatcherServlet - Using ThemeResolver [org.springframework.web.servlet.theme.FixedThemeResolver@74b58917]
17:43:15.258 [Test worker] DEBUG org.springframework.test.web.servlet.TestDispatcherServlet - Using RequestToViewNameTranslator [org.springframework.web.servlet.view.DefaultRequestToViewNameTranslator@18ad3831]
17:43:15.258 [Test worker] DEBUG org.springframework.test.web.servlet.TestDispatcherServlet - Using FlashMapManager [org.springframework.web.servlet.support.SessionFlashMapManager@1067b1ed]
17:43:15.258 [Test worker] DEBUG org.springframework.test.web.servlet.TestDispatcherServlet - Published WebApplicationContext of servlet '' as ServletContext attribute with name [org.springframework.web.servlet.FrameworkServlet.CONTEXT.]
17:43:15.258 [Test worker] INFO org.springframework.test.web.servlet.TestDispatcherServlet - FrameworkServlet '': initialization completed in 0 ms
17:43:15.258 [Test worker] DEBUG org.springframework.test.web.servlet.TestDispatcherServlet - Servlet '' configured successfully
17:43:15.259 [Test worker] DEBUG org.springframework.test.web.servlet.TestDispatcherServlet - DispatcherServlet with name '' processing POST request for [/v1/folders]
17:43:15.259 [Test worker] DEBUG org.springframework.web.servlet.mvc.method.annotation.RequestMappingHandlerMapping - Looking up handler method for path /v1/folders
17:43:15.259 [Test worker] DEBUG org.springframework.web.servlet.mvc.method.annotation.RequestMappingHandlerMapping - Returning handler method [public org.springframework.http.ResponseEntity<java.util.List<com.marcnuri.isotope.api.folder.Folder>> com.marcnuri.isotope.api.folder.FolderResource.createRootFolder(java.lang.String)]
17:43:15.260 [Test worker] DEBUG org.springframework.web.servlet.mvc.method.annotation.RequestResponseBodyMethodProcessor - Read [class java.lang.String] as "application/json" with [org.springframework.http.converter.StringHttpMessageConverter@1c835a71]
17:43:15.260 [Test worker] DEBUG com.marcnuri.isotope.api.folder.FolderResource - Creating new 1st level folder with name new-folder
17:43:15.260 [Test worker] DEBUG org.springframework.beans.factory.support.DefaultListableBeanFactory - Returning cached instance of singleton bean 'prototypeImapService'
17:43:15.270 [Test worker] DEBUG org.springframework.web.servlet.mvc.method.annotation.HttpEntityMethodProcessor - Written [[links: [<http://localhost/v1/folders/new-folder>;rel="self", <http://localhost/v1/folders/new-folder/messages>;rel="messages", <http://localhost/v1/folders/new-folder>;rel="delete", <http://localhost/v1/folders/new-folder/name>;rel="rename", <http://localhost/v1/folders/new-folder/parent>;rel="move", <http://localhost/v1/folders/new-folder/messages/{messageId}>;rel="message", <http://localhost/v1/folders/new-folder/messages/{messageId}/flagged>;rel="message.flagged", <http://localhost/v1/folders/new-folder/messages/{messageId}/folder/{toFolderId}>;rel="message.move", <http://localhost/v1/folders/new-folder/messages/folder/{toFolderId}>;rel="message.move.bulk", <http://localhost/v1/folders/new-folder/messages/{messageId}/seen>;rel="message.seen", <http://localhost/v1/folders/new-folder/messages/seen/{seen}>;rel="message.seen.bulk"]]] as "application/hal+json" using [org.springframework.http.converter.json.MappingJackson2HttpMessageConverter@1ea8f7ed]
17:43:15.271 [Test worker] DEBUG org.springframework.test.web.servlet.TestDispatcherServlet - Null ModelAndView returned to DispatcherServlet with name '': assuming HandlerAdapter completed request handling
17:43:15.271 [Test worker] DEBUG org.springframework.test.web.servlet.TestDispatcherServlet - Successfully completed request
17:43:15.271 [Test worker] DEBUG com.jayway.jsonpath.internal.path.CompiledPath - Evaluating path: $
17:43:15.271 [Test worker] DEBUG com.jayway.jsonpath.internal.path.CompiledPath - Evaluating path: $[0]['folderId']
17:43:15.272 [Test worker] DEBUG org.springframework.test.context.cache.DefaultCacheAwareContextLoaderDelegate - Retrieved ApplicationContext from cache with key [[MergedContextConfiguration@690d0075 testClass = FolderResourceTest, locations = '{}', classes = '{class com.marcnuri.isotope.api.folder.FolderResource}', contextInitializerClasses = '[]', activeProfiles = '{}', propertySourceLocations = '{}', propertySourceProperties = '{}', contextCustomizers = set[org.springframework.boot.test.autoconfigure.properties.PropertyMappingContextCustomizer@0, org.springframework.boot.test.autoconfigure.web.servlet.WebDriverContextCustomizerFactory$Customizer@42a343c1, org.springframework.boot.test.context.filter.ExcludeFilterContextCustomizer@3d8dc3, org.springframework.boot.test.json.DuplicateJsonObjectContextCustomizerFactory$DuplicateJsonObjectContextCustomizer@5f493529, org.springframework.boot.test.mock.mockito.MockitoContextCustomizer@8186d819], contextLoader = 'org.springframework.test.context.support.DelegatingSmartContextLoader', parent = [null]]]
17:43:15.272 [Test worker] DEBUG org.springframework.test.context.cache - Spring test ApplicationContext cache statistics: [DefaultContextCache@11fd1fb9 size = 2, maxSize = 32, parentContextCount = 0, hitCount = 122, missCount = 2]
17:43:15.272 [Test worker] DEBUG org.springframework.beans.factory.support.DefaultListableBeanFactory - Returning cached instance of singleton bean 'org.springframework.boot.test.mock.mockito.MockitoBeans'
17:43:15.272 [Test worker] DEBUG org.springframework.test.context.cache.DefaultCacheAwareContextLoaderDelegate - Retrieved ApplicationContext from cache with key [[MergedContextConfiguration@690d0075 testClass = FolderResourceTest, locations = '{}', classes = '{class com.marcnuri.isotope.api.folder.FolderResource}', contextInitializerClasses = '[]', activeProfiles = '{}', propertySourceLocations = '{}', propertySourceProperties = '{}', contextCustomizers = set[org.springframework.boot.test.autoconfigure.properties.PropertyMappingContextCustomizer@0, org.springframework.boot.test.autoconfigure.web.servlet.WebDriverContextCustomizerFactory$Customizer@42a343c1, org.springframework.boot.test.context.filter.ExcludeFilterContextCustomizer@3d8dc3, org.springframework.boot.test.json.DuplicateJsonObjectContextCustomizerFactory$DuplicateJsonObjectContextCustomizer@5f493529, org.springframework.boot.test.mock.mockito.MockitoContextCustomizer@8186d819], contextLoader = 'org.springframework.test.context.support.DelegatingSmartContextLoader', parent = [null]]]
17:43:15.272 [Test worker] DEBUG org.springframework.test.context.cache - Spring test ApplicationContext cache statistics: [DefaultContextCache@11fd1fb9 size = 2, maxSize = 32, parentContextCount = 0, hitCount = 123, missCount = 2]
17:43:15.272 [Test worker] DEBUG org.springframework.test.context.cache.DefaultCacheAwareContextLoaderDelegate - Retrieved ApplicationContext from cache with key [[MergedContextConfiguration@690d0075 testClass = FolderResourceTest, locations = '{}', classes = '{class com.marcnuri.isotope.api.folder.FolderResource}', contextInitializerClasses = '[]', activeProfiles = '{}', propertySourceLocations = '{}', propertySourceProperties = '{}', contextCustomizers = set[org.springframework.boot.test.autoconfigure.properties.PropertyMappingContextCustomizer@0, org.springframework.boot.test.autoconfigure.web.servlet.WebDriverContextCustomizerFactory$Customizer@42a343c1, org.springframework.boot.test.context.filter.ExcludeFilterContextCustomizer@3d8dc3, org.springframework.boot.test.json.DuplicateJsonObjectContextCustomizerFactory$DuplicateJsonObjectContextCustomizer@5f493529, org.springframework.boot.test.mock.mockito.MockitoContextCustomizer@8186d819], contextLoader = 'org.springframework.test.context.support.DelegatingSmartContextLoader', parent = [null]]]
17:43:15.272 [Test worker] DEBUG org.springframework.test.context.cache - Spring test ApplicationContext cache statistics: [DefaultContextCache@11fd1fb9 size = 2, maxSize = 32, parentContextCount = 0, hitCount = 124, missCount = 2]
17:43:15.273 [Test worker] DEBUG reactor.core.publisher.Hooks - Reset to factory defaults : onLastOperator
17:43:15.273 [Test worker] DEBUG org.springframework.test.context.support.AbstractDirtiesContextTestExecutionListener - After test method: context [DefaultTestContext@1abdc0de testClass = FolderResourceTest, testInstance = com.marcnuri.isotope.api.folder.FolderResourceTest@2c5ca3b5, testMethod = createRootFolder_validNewName_shouldReturnOk@FolderResourceTest, testException = [null], mergedContextConfiguration = [MergedContextConfiguration@690d0075 testClass = FolderResourceTest, locations = '{}', classes = '{class com.marcnuri.isotope.api.folder.FolderResource}', contextInitializerClasses = '[]', activeProfiles = '{}', propertySourceLocations = '{}', propertySourceProperties = '{}', contextCustomizers = set[org.springframework.boot.test.autoconfigure.properties.PropertyMappingContextCustomizer@0, org.springframework.boot.test.autoconfigure.web.servlet.WebDriverContextCustomizerFactory$Customizer@42a343c1, org.springframework.boot.test.context.filter.ExcludeFilterContextCustomizer@3d8dc3, org.springframework.boot.test.json.DuplicateJsonObjectContextCustomizerFactory$DuplicateJsonObjectContextCustomizer@5f493529, org.springframework.boot.test.mock.mockito.MockitoContextCustomizer@8186d819], contextLoader = 'org.springframework.test.context.support.DelegatingSmartContextLoader', parent = [null]], attributes = map[[empty]]], class annotated with @DirtiesContext [false] with mode [null], method annotated with @DirtiesContext [false] with mode [null].
17:43:15.273 [Test worker] DEBUG org.springframework.test.context.support.AbstractDirtiesContextTestExecutionListener - After test class: context [DefaultTestContext@1abdc0de testClass = FolderResourceTest, testInstance = [null], testMethod = [null], testException = [null], mergedContextConfiguration = [MergedContextConfiguration@690d0075 testClass = FolderResourceTest, locations = '{}', classes = '{class com.marcnuri.isotope.api.folder.FolderResource}', contextInitializerClasses = '[]', activeProfiles = '{}', propertySourceLocations = '{}', propertySourceProperties = '{}', contextCustomizers = set[org.springframework.boot.test.autoconfigure.properties.PropertyMappingContextCustomizer@0, org.springframework.boot.test.autoconfigure.web.servlet.WebDriverContextCustomizerFactory$Customizer@42a343c1, org.springframework.boot.test.context.filter.ExcludeFilterContextCustomizer@3d8dc3, org.springframework.boot.test.json.DuplicateJsonObjectContextCustomizerFactory$DuplicateJsonObjectContextCustomizer@5f493529, org.springframework.boot.test.mock.mockito.MockitoContextCustomizer@8186d819], contextLoader = 'org.springframework.test.context.support.DelegatingSmartContextLoader', parent = [null]], attributes = map[[empty]]], class annotated with @DirtiesContext [false] with mode [null].
]]></system-out>
  <system-err><![CDATA[]]></system-err>
</testsuite>
