<?xml version="1.0" encoding="UTF-8"?>
<testsuite name="com.marcnuri.isotope.api.credentials.CredentialsAuthenticationFilterTest" tests="3" skipped="0" failures="0" errors="0" timestamp="2020-03-04T12:25:53" hostname="DESKTOP-U7U4TE6" time="1.012">
  <properties/>
  <testcase name="doFilter_nonMatchingRequest_shouldNotSetAuthentication" classname="com.marcnuri.isotope.api.credentials.CredentialsAuthenticationFilterTest" time="0.979"/>
  <testcase name="doFilter_validRequestAndInvalidAuthentication_shouldReturnUnauthorized" classname="com.marcnuri.isotope.api.credentials.CredentialsAuthenticationFilterTest" time="0.032"/>
  <testcase name="doFilter_validRequestAndAuthentication_shouldSetAuthentication" classname="com.marcnuri.isotope.api.credentials.CredentialsAuthenticationFilterTest" time="0.001"/>
  <system-out><![CDATA[13:25:54.362 [Test worker] INFO com.marcnuri.isotope.api.credentials.CredentialsAuthenticationFilter - Couldn't authenticate request
]]></system-out>
  <system-err><![CDATA[]]></system-err>
</testsuite>
