<?xml version="1.0" encoding="UTF-8"?>
<testsuite name="com.marcnuri.isotope.api.credentials.CredentialsAuthenticationFilterTest" tests="3" skipped="0" failures="0" errors="0" timestamp="2020-02-10T16:43:13" hostname="DESKTOP-U7U4TE6" time="0.098">
  <properties/>
  <testcase name="doFilter_nonMatchingRequest_shouldNotSetAuthentication" classname="com.marcnuri.isotope.api.credentials.CredentialsAuthenticationFilterTest" time="0.088"/>
  <testcase name="doFilter_validRequestAndInvalidAuthentication_shouldReturnUnauthorized" classname="com.marcnuri.isotope.api.credentials.CredentialsAuthenticationFilterTest" time="0.008"/>
  <testcase name="doFilter_validRequestAndAuthentication_shouldSetAuthentication" classname="com.marcnuri.isotope.api.credentials.CredentialsAuthenticationFilterTest" time="0.001"/>
  <system-out><![CDATA[17:43:13.171 [Test worker] INFO com.marcnuri.isotope.api.credentials.CredentialsAuthenticationFilter - Couldn't authenticate request
]]></system-out>
  <system-err><![CDATA[]]></system-err>
</testsuite>
