<?xml version="1.0" encoding="UTF-8"?>
<testsuite name="com.marcnuri.isotope.api.folder.FolderResourceTest" tests="15" skipped="0" failures="0" errors="0" timestamp="2020-03-04T12:25:56" hostname="DESKTOP-U7U4TE6" time="2.372">
  <properties/>
  <testcase name="deleteMessages_validFolderAndValidIds_shouldReturnOk" classname="com.marcnuri.isotope.api.folder.FolderResourceTest" time="1.607"/>
  <testcase name="deleteFolder_validFolderAndNewName_shouldReturnOk" classname="com.marcnuri.isotope.api.folder.FolderResourceTest" time="0.073"/>
  <testcase name="getMessages_validFolderId_shouldReturnOk" classname="com.marcnuri.isotope.api.folder.FolderResourceTest" time="0.13"/>
  <testcase name="setMessageSeen_validFolderAndMessage_shouldReturnNoContent" classname="com.marcnuri.isotope.api.folder.FolderResourceTest" time="0.076"/>
  <testcase name="setMessagesSeen_validFolderAndMessages_shouldReturnNoContent" classname="com.marcnuri.isotope.api.folder.FolderResourceTest" time="0.061"/>
  <testcase name="deleteAllFolderMessages_validFolderAndValidIds_shouldReturnOk" classname="com.marcnuri.isotope.api.folder.FolderResourceTest" time="0.049"/>
  <testcase name="moveFolder_validFolderAndNewName_shouldReturnOk" classname="com.marcnuri.isotope.api.folder.FolderResourceTest" time="0.041"/>
  <testcase name="preloadMessages_validFolderAndValidIds_shouldReturnOk" classname="com.marcnuri.isotope.api.folder.FolderResourceTest" time="0.045"/>
  <testcase name="createChildFolder_validFolderParentAndNewName_shouldReturnOk" classname="com.marcnuri.isotope.api.folder.FolderResourceTest" time="0.042"/>
  <testcase name="setMessageFlagged_validFolderAndMessage_shouldReturnNoContent" classname="com.marcnuri.isotope.api.folder.FolderResourceTest" time="0.035"/>
  <testcase name="getMessage_validFolderAndMessageIds_shouldReturnOk" classname="com.marcnuri.isotope.api.folder.FolderResourceTest" time="0.043"/>
  <testcase name="moveFolder_validFolderAndNullBody_shouldReturnOk_movesTargetToRoot" classname="com.marcnuri.isotope.api.folder.FolderResourceTest" time="0.04"/>
  <testcase name="getFolders_na_shouldReturnOk" classname="com.marcnuri.isotope.api.folder.FolderResourceTest" time="0.032"/>
  <testcase name="renameFolder_validFolderAndNewName_shouldReturnOk" classname="com.marcnuri.isotope.api.folder.FolderResourceTest" time="0.037"/>
  <testcase name="createRootFolder_validNewName_shouldReturnOk" classname="com.marcnuri.isotope.api.folder.FolderResourceTest" time="0.038"/>
  <system-out><![CDATA[13:25:55.852 [Test worker] DEBUG org.springframework.test.context.junit4.SpringJUnit4ClassRunner - SpringJUnit4ClassRunner constructor called with [class com.marcnuri.isotope.api.folder.FolderResourceTest]
13:25:55.853 [Test worker] DEBUG org.springframework.test.context.BootstrapUtils - Instantiating CacheAwareContextLoaderDelegate from class [org.springframework.test.context.cache.DefaultCacheAwareContextLoaderDelegate]
13:25:55.853 [Test worker] DEBUG org.springframework.test.context.BootstrapUtils - Instantiating BootstrapContext using constructor [public org.springframework.test.context.support.DefaultBootstrapContext(java.lang.Class,org.springframework.test.context.CacheAwareContextLoaderDelegate)]
13:25:55.853 [Test worker] DEBUG org.springframework.test.context.BootstrapUtils - Instantiating TestContextBootstrapper for test class [com.marcnuri.isotope.api.folder.FolderResourceTest] from class [org.springframework.test.context.support.DefaultTestContextBootstrapper]
13:25:55.858 [Test worker] DEBUG org.springframework.test.context.support.AbstractDelegatingSmartContextLoader - Delegating to AnnotationConfigContextLoader to process context configuration [ContextConfigurationAttributes@1f4e354f declaringClass = 'com.marcnuri.isotope.api.folder.FolderResourceTest', classes = '{class com.marcnuri.isotope.api.folder.FolderResource}', locations = '{}', inheritLocations = true, initializers = '{}', inheritInitializers = true, name = [null], contextLoaderClass = 'org.springframework.test.context.ContextLoader'].
13:25:55.862 [Test worker] DEBUG org.springframework.test.context.support.ActiveProfilesUtils - Could not find an 'annotation declaring class' for annotation type [org.springframework.test.context.ActiveProfiles] and class [com.marcnuri.isotope.api.folder.FolderResourceTest]
13:25:55.862 [Test worker] DEBUG org.springframework.test.context.support.DefaultTestContextBootstrapper - @TestExecutionListeners is not present for class [com.marcnuri.isotope.api.folder.FolderResourceTest]: using defaults.
13:25:55.862 [Test worker] INFO org.springframework.test.context.support.DefaultTestContextBootstrapper - Loaded default TestExecutionListener class names from location [META-INF/spring.factories]: [org.springframework.security.test.context.support.WithSecurityContextTestExecutionListener, org.springframework.security.test.context.support.ReactorContextTestExecutionListener, org.springframework.boot.test.autoconfigure.restdocs.RestDocsTestExecutionListener, org.springframework.boot.test.autoconfigure.web.client.MockRestServiceServerResetTestExecutionListener, org.springframework.boot.test.autoconfigure.web.servlet.MockMvcPrintOnlyOnFailureTestExecutionListener, org.springframework.boot.test.autoconfigure.web.servlet.WebDriverTestExecutionListener, org.springframework.boot.test.mock.mockito.MockitoTestExecutionListener, org.springframework.boot.test.mock.mockito.ResetMocksTestExecutionListener, org.springframework.test.context.web.ServletTestExecutionListener, org.springframework.test.context.support.DirtiesContextBeforeModesTestExecutionListener, org.springframework.test.context.support.DependencyInjectionTestExecutionListener, org.springframework.test.context.support.DirtiesContextTestExecutionListener, org.springframework.test.context.transaction.TransactionalTestExecutionListener, org.springframework.test.context.jdbc.SqlScriptsTestExecutionListener]
13:25:55.863 [Test worker] DEBUG org.springframework.test.context.support.DefaultTestContextBootstrapper - Skipping candidate TestExecutionListener [org.springframework.test.context.transaction.TransactionalTestExecutionListener] due to a missing dependency. Specify custom listener classes or make the default listener classes and their required dependencies available. Offending class: [org/springframework/transaction/interceptor/TransactionAttributeSource]
13:25:55.864 [Test worker] DEBUG org.springframework.test.context.support.DefaultTestContextBootstrapper - Skipping candidate TestExecutionListener [org.springframework.test.context.jdbc.SqlScriptsTestExecutionListener] due to a missing dependency. Specify custom listener classes or make the default listener classes and their required dependencies available. Offending class: [org/springframework/transaction/interceptor/TransactionAttribute]
13:25:55.864 [Test worker] INFO org.springframework.test.context.support.DefaultTestContextBootstrapper - Using TestExecutionListeners: [org.springframework.test.context.web.ServletTestExecutionListener@7d039f1c, org.springframework.test.context.support.DirtiesContextBeforeModesTestExecutionListener@68fe23e8, org.springframework.boot.test.mock.mockito.MockitoTestExecutionListener@5236ebf6, org.springframework.test.context.support.DependencyInjectionTestExecutionListener@1b05aae4, org.springframework.test.context.support.DirtiesContextTestExecutionListener@7a1f2de7, org.springframework.security.test.context.support.WithSecurityContextTestExecutionListener@63e7b02f, org.springframework.security.test.context.support.ReactorContextTestExecutionListener@66b9efe, org.springframework.boot.test.autoconfigure.restdocs.RestDocsTestExecutionListener@300f465d, org.springframework.boot.test.autoconfigure.web.client.MockRestServiceServerResetTestExecutionListener@337c25ae, org.springframework.boot.test.autoconfigure.web.servlet.MockMvcPrintOnlyOnFailureTestExecutionListener@6dc48d26, org.springframework.boot.test.autoconfigure.web.servlet.WebDriverTestExecutionListener@3702620e, org.springframework.boot.test.mock.mockito.ResetMocksTestExecutionListener@7d75e71d]
13:25:55.864 [Test worker] DEBUG org.springframework.test.annotation.ProfileValueUtils - Retrieved @ProfileValueSourceConfiguration [null] for test class [com.marcnuri.isotope.api.folder.FolderResourceTest]
13:25:55.864 [Test worker] DEBUG org.springframework.test.annotation.ProfileValueUtils - Retrieved ProfileValueSource type [class org.springframework.test.annotation.SystemProfileValueSource] for class [com.marcnuri.isotope.api.folder.FolderResourceTest]
13:25:55.865 [Test worker] DEBUG org.springframework.test.annotation.ProfileValueUtils - Retrieved @ProfileValueSourceConfiguration [null] for test class [com.marcnuri.isotope.api.folder.FolderResourceTest]
13:25:55.865 [Test worker] DEBUG org.springframework.test.annotation.ProfileValueUtils - Retrieved ProfileValueSource type [class org.springframework.test.annotation.SystemProfileValueSource] for class [com.marcnuri.isotope.api.folder.FolderResourceTest]
13:25:55.865 [Test worker] DEBUG org.springframework.test.context.support.AbstractDirtiesContextTestExecutionListener - Before test class: context [DefaultTestContext@2ff6fc48 testClass = FolderResourceTest, testInstance = [null], testMethod = [null], testException = [null], mergedContextConfiguration = [MergedContextConfiguration@6692e92d testClass = FolderResourceTest, locations = '{}', classes = '{class com.marcnuri.isotope.api.folder.FolderResource}', contextInitializerClasses = '[]', activeProfiles = '{}', propertySourceLocations = '{}', propertySourceProperties = '{}', contextCustomizers = set[org.springframework.boot.test.autoconfigure.properties.PropertyMappingContextCustomizer@0, org.springframework.boot.test.autoconfigure.web.servlet.WebDriverContextCustomizerFactory$Customizer@2dc9ad67, org.springframework.boot.test.context.filter.ExcludeFilterContextCustomizer@7975bbf7, org.springframework.boot.test.json.DuplicateJsonObjectContextCustomizerFactory$DuplicateJsonObjectContextCustomizer@2dd9ed03, org.springframework.boot.test.mock.mockito.MockitoContextCustomizer@570072aa], contextLoader = 'org.springframework.test.context.support.DelegatingSmartContextLoader', parent = [null]], attributes = map[[empty]]], class annotated with @DirtiesContext [false] with mode [null].
13:25:55.866 [Test worker] DEBUG org.springframework.test.annotation.ProfileValueUtils - Retrieved @ProfileValueSourceConfiguration [null] for test class [com.marcnuri.isotope.api.folder.FolderResourceTest]
13:25:55.866 [Test worker] DEBUG org.springframework.test.annotation.ProfileValueUtils - Retrieved ProfileValueSource type [class org.springframework.test.annotation.SystemProfileValueSource] for class [com.marcnuri.isotope.api.folder.FolderResourceTest]
13:25:55.868 [Test worker] DEBUG org.springframework.test.context.support.AbstractDelegatingSmartContextLoader - Delegating to AnnotationConfigContextLoader to load context from [MergedContextConfiguration@6692e92d testClass = FolderResourceTest, locations = '{}', classes = '{class com.marcnuri.isotope.api.folder.FolderResource}', contextInitializerClasses = '[]', activeProfiles = '{}', propertySourceLocations = '{}', propertySourceProperties = '{}', contextCustomizers = set[org.springframework.boot.test.autoconfigure.properties.PropertyMappingContextCustomizer@0, org.springframework.boot.test.autoconfigure.web.servlet.WebDriverContextCustomizerFactory$Customizer@2dc9ad67, org.springframework.boot.test.context.filter.ExcludeFilterContextCustomizer@7975bbf7, org.springframework.boot.test.json.DuplicateJsonObjectContextCustomizerFactory$DuplicateJsonObjectContextCustomizer@2dd9ed03, org.springframework.boot.test.mock.mockito.MockitoContextCustomizer@570072aa], contextLoader = 'org.springframework.test.context.support.DelegatingSmartContextLoader', parent = [null]].
13:25:55.868 [Test worker] DEBUG org.springframework.test.context.support.AbstractGenericContextLoader - Loading ApplicationContext for merged context configuration [[MergedContextConfiguration@6692e92d testClass = FolderResourceTest, locations = '{}', classes = '{class com.marcnuri.isotope.api.folder.FolderResource}', contextInitializerClasses = '[]', activeProfiles = '{}', propertySourceLocations = '{}', propertySourceProperties = '{}', contextCustomizers = set[org.springframework.boot.test.autoconfigure.properties.PropertyMappingContextCustomizer@0, org.springframework.boot.test.autoconfigure.web.servlet.WebDriverContextCustomizerFactory$Customizer@2dc9ad67, org.springframework.boot.test.context.filter.ExcludeFilterContextCustomizer@7975bbf7, org.springframework.boot.test.json.DuplicateJsonObjectContextCustomizerFactory$DuplicateJsonObjectContextCustomizer@2dd9ed03, org.springframework.boot.test.mock.mockito.MockitoContextCustomizer@570072aa], contextLoader = 'org.springframework.test.context.support.DelegatingSmartContextLoader', parent = [null]]].
13:25:55.869 [Test worker] DEBUG org.springframework.core.env.StandardEnvironment - Adding PropertySource 'systemProperties' with lowest search precedence
13:25:55.869 [Test worker] DEBUG org.springframework.core.env.StandardEnvironment - Adding PropertySource 'systemEnvironment' with lowest search precedence
13:25:55.869 [Test worker] DEBUG org.springframework.core.env.StandardEnvironment - Initialized StandardEnvironment with PropertySources [MapPropertySource@944114810 {name='systemProperties', properties={java.runtime.name=OpenJDK Runtime Environment, sun.boot.library.path=C:\Program Files\AdoptOpenJDK\jdk-8.0.242.08-hotspot\jre\bin, java.vm.version=25.242-b08, java.vm.vendor=, java.vendor.url=http://java.oracle.com/, path.separator=;, java.vm.name=OpenJDK 64-Bit Server VM, file.encoding.pkg=sun.io, user.script=, sun.java.launcher=SUN_STANDARD, user.country=GB, sun.os.patch.level=, java.vm.specification.name=Java Virtual Machine Specification, user.dir=C:\azure-devops\git\eShopOnContainers\src\Web\WebImapClient\Client\server, java.runtime.version=1.8.0_242-b08, java.awt.graphicsenv=sun.awt.Win32GraphicsEnvironment, java.endorsed.dirs=C:\Program Files\AdoptOpenJDK\jdk-8.0.242.08-hotspot\jre\lib\endorsed, os.arch=amd64, java.io.tmpdir=C:\Users\jorge\AppData\Local\Temp\, line.separator=
, java.vm.specification.vendor=Oracle Corporation, user.variant=, os.name=Windows 10, sun.jnu.encoding=Cp1252, java.library.path=C:\Program Files\AdoptOpenJDK\jdk-8.0.242.08-hotspot\bin;C:\Windows\Sun\Java\bin;C:\Windows\system32;C:\Windows;C:\Program Files\AdoptOpenJDK\jdk-8.0.242.08-hotspot\bin;C:\Program Files (x86)\Common Files\Oracle\Java\javapath;C:\Python27\;C:\Python27\Scripts;C:\ProgramData\DockerDesktop\version-bin;C:\Program Files\Docker\Docker\Resources\bin;C:\Windows\system32;C:\Windows;C:\Windows\System32\Wbem;C:\Windows\System32\WindowsPowerShell\v1.0\;C:\Windows\System32\OpenSSH\;C:\Program Files (x86)\NVIDIA Corporation\PhysX\Common;C:\Program Files\dotnet\;C:\Program Files\Microsoft SQL Server\130\Tools\Binn\;C:\Program Files\Microsoft SQL Server\Client SDK\ODBC\170\Tools\Binn\;C:\Program Files (x86)\Microsoft SQL Server\150\DTS\Binn\;C:\Program Files\Git\cmd;C:\Program Files (x86)\Microsoft ASP.NET\ASP.NET Web Pages\v1.0\;C:\Program Files\Microsoft SQL Server\110\Tools\Binn\;C:\Windows\system32\config\systemprofile\.dnx\bin;C:\Program Files\Microsoft DNX\Dnvm\;C:\Program Files\nodejs\;C:\ProgramData\chocolatey\bin;C:\Program Files\Microsoft\Web Platform Installer\;C:\Users\jorge\AppData\Local\Microsoft\WindowsApps;C:\Users\jorge\AppData\Local\Programs\Microsoft VS Code\bin;C:\Users\jorge\.dotnet\tools;C:\Users\jorge\AppData\Roaming\npm;C:\Users\jorge\AppData\Local\GitHubDesktop\bin;., java.specification.name=Java Platform API Specification, java.class.version=52.0, org.gradle.native=false, sun.management.compiler=HotSpot 64-Bit Tiered Compilers, os.version=10.0, user.home=C:\Users\jorge, user.timezone=Europe/Paris, java.awt.printerjob=sun.awt.windows.WPrinterJob, file.encoding=windows-1252, java.specification.version=1.8, java.class.path=C:\azure-devops\git\eShopOnContainers\src\Web\WebImapClient\Client\server\build\classes\java\test;C:\azure-devops\git\eShopOnContainers\src\Web\WebImapClient\Client\server\build\resources\test;C:\azure-devops\git\eShopOnContainers\src\Web\WebImapClient\Client\server\build\classes\java\main;C:\azure-devops\git\eShopOnContainers\src\Web\WebImapClient\Client\server\build\resources\main;C:\Users\jorge\.gradle\caches\modules-2\files-2.1\org.springframework.boot\spring-boot-starter-actuator\2.0.4.RELEASE\24e901473279d9c18e0a0f8037d58b18c8297dca\spring-boot-starter-actuator-2.0.4.RELEASE.jar;C:\Users\jorge\.gradle\caches\modules-2\files-2.1\org.springframework.boot\spring-boot-starter-security\2.0.4.RELEASE\2ac314e5985fd9ae0d2acaea450f4f6c3dbd7f92\spring-boot-starter-security-2.0.4.RELEASE.jar;C:\Users\jorge\.gradle\caches\modules-2\files-2.1\org.springframework.boot\spring-boot-starter-webflux\2.0.4.RELEASE\a52fcd02fb6129e14f2b4b36acc5748368563c93\spring-boot-starter-webflux-2.0.4.RELEASE.jar;C:\Users\jorge\.gradle\caches\modules-2\files-2.1\org.springframework.boot\spring-boot-starter-test\2.0.4.RELEASE\8f473705d2742b669f0318f10a956f94a93ba3d2\spring-boot-starter-test-2.0.4.RELEASE.jar;C:\Users\jorge\.gradle\caches\modules-2\files-2.1\org.springframework.boot\spring-boot-starter-hateoas\2.0.4.RELEASE\2f115bebeffea81859c6d874457fa8db16b10747\spring-boot-starter-hateoas-2.0.4.RELEASE.jar;C:\Users\jorge\.gradle\caches\modules-2\files-2.1\org.springframework.boot\spring-boot-starter-web\2.0.4.RELEASE\98d49e981ecf804da877d84259b7b0d1ec2fb6f6\spring-boot-starter-web-2.0.4.RELEASE.jar;C:\Users\jorge\.gradle\caches\modules-2\files-2.1\org.springframework.boot\spring-boot-starter-json\2.0.4.RELEASE\c7afabf0d7c85db178da4ce0634e3bd2ddb0eb71\spring-boot-starter-json-2.0.4.RELEASE.jar;C:\Users\jorge\.gradle\caches\modules-2\files-2.1\org.springframework.boot\spring-boot-starter\2.0.4.RELEASE\ec46c63a2adeee40058eff1a6baefca13975dc94\spring-boot-starter-2.0.4.RELEASE.jar;C:\Users\jorge\.gradle\caches\modules-2\files-2.1\com.sun.mail\javax.mail\1.6.1\757ba4630692bb2a1ec2d9d57a616b63f15e947e\javax.mail-1.6.1.jar;C:\Users\jorge\.gradle\caches\modules-2\files-2.1\org.springframework.boot\spring-boot-actuator-autoconfigure\2.0.4.RELEASE\2cadc1d20a1f9ee667a608cfee154138e954f5f2\spring-boot-actuator-autoconfigure-2.0.4.RELEASE.jar;C:\Users\jorge\.gradle\caches\modules-2\files-2.1\com.fasterxml.jackson.datatype\jackson-datatype-jsr310\2.9.6\ea54f6193d224e5e5732bbd4262327eb465397c2\jackson-datatype-jsr310-2.9.6.jar;C:\Users\jorge\.gradle\caches\modules-2\files-2.1\commons-io\commons-io\2.6\815893df5f31da2ece4040fe0a12fd44b577afaf\commons-io-2.6.jar;C:\Users\jorge\.gradle\caches\modules-2\files-2.1\org.springframework.security\spring-security-test\5.0.7.RELEASE\a74c9ab10d53baa3bb7a731753fe0c6d9ab9d848\spring-security-test-5.0.7.RELEASE.jar;C:\Users\jorge\.gradle\caches\modules-2\files-2.1\com.marcnuri\spring-common-test\0.0.2\da9c2c5e849c7dcbbe99d190bedffa5e6fe450a5\spring-common-test-0.0.2.jar;C:\Users\jorge\.gradle\caches\modules-2\files-2.1\org.hamcrest\java-hamcrest\2.0.0.0\f1c8853ade0ecf707f5a261c830e98893983813\java-hamcrest-2.0.0.0.jar;C:\Users\jorge\.gradle\caches\modules-2\files-2.1\org.powermock\powermock-module-junit4\2.0.0-RC.3\b9a04b492e2b93e93617ba457f76aebbf00fc221\powermock-module-junit4-2.0.0-RC.3.jar;C:\Users\jorge\.gradle\caches\modules-2\files-2.1\org.powermock\powermock-api-mockito2\2.0.0-RC.3\f85a8404be063ef15c5fdd3745b11d2fba875fcd\powermock-api-mockito2-2.0.0-RC.3.jar;C:\Users\jorge\.gradle\caches\modules-2\files-2.1\org.springframework.boot\spring-boot-test-autoconfigure\2.0.4.RELEASE\8a2e3f31e607fdb08deda2f59263ce177f1c4310\spring-boot-test-autoconfigure-2.0.4.RELEASE.jar;C:\Users\jorge\.gradle\caches\modules-2\files-2.1\org.springframework.boot\spring-boot-test\2.0.4.RELEASE\8a17fc3cf16b6d75f2ba132ade04409a670095de\spring-boot-test-2.0.4.RELEASE.jar;C:\Users\jorge\.gradle\caches\modules-2\files-2.1\org.springframework.boot\spring-boot-autoconfigure\2.0.4.RELEASE\65cd1244d606acc02ab7bfc47a203a3fe2400dda\spring-boot-autoconfigure-2.0.4.RELEASE.jar;C:\Users\jorge\.gradle\caches\modules-2\files-2.1\org.springframework.boot\spring-boot-actuator\2.0.4.RELEASE\9c02c968eb50a7cdc14fc4c7b586d767df6dc48d\spring-boot-actuator-2.0.4.RELEASE.jar;C:\Users\jorge\.gradle\caches\modules-2\files-2.1\org.springframework.boot\spring-boot\2.0.4.RELEASE\c8619c5b06d4dcdb4cac1e5e9c839e6e8b1c8574\spring-boot-2.0.4.RELEASE.jar;C:\Users\jorge\.gradle\caches\modules-2\files-2.1\org.springframework.boot\spring-boot-starter-logging\2.0.4.RELEASE\dcd1a2c431c970f44adae64d9145133979a513ab\spring-boot-starter-logging-2.0.4.RELEASE.jar;C:\Users\jorge\.gradle\caches\modules-2\files-2.1\org.springframework.boot\spring-boot-starter-tomcat\2.0.4.RELEASE\dcf28989a34b0801fea0e810c371fb9dab1e7784\spring-boot-starter-tomcat-2.0.4.RELEASE.jar;C:\Users\jorge\.gradle\caches\modules-2\files-2.1\javax.annotation\javax.annotation-api\1.3.2\934c04d3cfef185a8008e7bf34331b79730a9d43\javax.annotation-api-1.3.2.jar;C:\Users\jorge\.gradle\caches\modules-2\files-2.1\org.springframework.security\spring-security-config\5.0.7.RELEASE\d702e01048687db4ec6c97fb32d28ffbe348b3e\spring-security-config-5.0.7.RELEASE.jar;C:\Users\jorge\.gradle\caches\modules-2\files-2.1\org.springframework.security\spring-security-web\5.0.7.RELEASE\bab3ed579d4550bb5cc40b0a7fddd0106db7c66\spring-security-web-5.0.7.RELEASE.jar;C:\Users\jorge\.gradle\caches\modules-2\files-2.1\org.springframework.hateoas\spring-hateoas\0.25.0.RELEASE\22d1abd575426709734ab83e7d81d6deb4addbf6\spring-hateoas-0.25.0.RELEASE.jar;C:\Users\jorge\.gradle\caches\modules-2\files-2.1\org.springframework\spring-webflux\5.0.8.RELEASE\d16ce1cf6f95771e821619d6ef13c1f0333fafb\spring-webflux-5.0.8.RELEASE.jar;C:\Users\jorge\.gradle\caches\modules-2\files-2.1\org.springframework\spring-webmvc\5.0.8.RELEASE\7e5fe57590ca8e4468e50fe1d92b0b67aa4a327a\spring-webmvc-5.0.8.RELEASE.jar;C:\Users\jorge\.gradle\caches\modules-2\files-2.1\org.springframework\spring-web\5.0.8.RELEASE\fa43cdadb4ab2491fd1d0ddb06c0808e4b60fc85\spring-web-5.0.8.RELEASE.jar;C:\Users\jorge\.gradle\caches\modules-2\files-2.1\org.springframework\spring-test\5.0.8.RELEASE\5782619373bd7e7b7d9106203c317b04bb613ebb\spring-test-5.0.8.RELEASE.jar;C:\Users\jorge\.gradle\caches\modules-2\files-2.1\org.springframework.security\spring-security-core\5.0.7.RELEASE\40a0c57af6b4c3f8c611216d2579c6ab19672694\spring-security-core-5.0.7.RELEASE.jar;C:\Users\jorge\.gradle\caches\modules-2\files-2.1\org.springframework.plugin\spring-plugin-core\1.2.0.RELEASE\f380e7760032e7d929184f8ad8a33716b75c0657\spring-plugin-core-1.2.0.RELEASE.jar;C:\Users\jorge\.gradle\caches\modules-2\files-2.1\org.springframework\spring-context\5.0.8.RELEASE\3a067d8990761111c9b6d1d895640be26cc1fb38\spring-context-5.0.8.RELEASE.jar;C:\Users\jorge\.gradle\caches\modules-2\files-2.1\org.springframework\spring-aop\5.0.8.RELEASE\f5086c1a3185c481104511837427b39a07a57aa2\spring-aop-5.0.8.RELEASE.jar;C:\Users\jorge\.gradle\caches\modules-2\files-2.1\org.springframework\spring-beans\5.0.8.RELEASE\5fc965d3e7f5515099244857a8ae9e2a208c169b\spring-beans-5.0.8.RELEASE.jar;C:\Users\jorge\.gradle\caches\modules-2\files-2.1\org.springframework\spring-expression\5.0.8.RELEASE\f23158f22c917df2cddf2ecebc398a9e95f95fae\spring-expression-5.0.8.RELEASE.jar;C:\Users\jorge\.gradle\caches\modules-2\files-2.1\org.springframework\spring-core\5.0.8.RELEASE\dc39c49e3246cdf73d3786ac41119140aed3fa08\spring-core-5.0.8.RELEASE.jar;C:\Users\jorge\.gradle\caches\modules-2\files-2.1\org.yaml\snakeyaml\1.19\2d998d3d674b172a588e54ab619854d073f555b5\snakeyaml-1.19.jar;C:\Users\jorge\.gradle\caches\modules-2\files-2.1\io.micrometer\micrometer-core\1.0.6\50299bc8a34c251d62311bbb1a297f3942a82e42\micrometer-core-1.0.6.jar;C:\Users\jorge\.gradle\caches\modules-2\files-2.1\org.springframework.boot\spring-boot-starter-reactor-netty\2.0.4.RELEASE\ed4ac88f7fc699a9cbb6ee804a26e2e30239ca35\spring-boot-starter-reactor-netty-2.0.4.RELEASE.jar;C:\Users\jorge\.gradle\caches\modules-2\files-2.1\org.hibernate.validator\hibernate-validator\6.0.11.Final\36f9d10a11e4768f55e8fb91ebe4338a5c43954e\hibernate-validator-6.0.11.Final.jar;C:\Users\jorge\.gradle\caches\modules-2\files-2.1\org.synchronoss.cloud\nio-multipart-parser\1.1.0\c6c417fec6612584b1c34d4dd98c5a4e47e8c754\nio-multipart-parser-1.1.0.jar;C:\Users\jorge\.gradle\caches\modules-2\files-2.1\javax.activation\activation\1.1\e6cb541461c2834bdea3eb920f1884d1eb508b50\activation-1.1.jar;C:\Users\jorge\.gradle\caches\modules-2\files-2.1\com.fasterxml.jackson.datatype\jackson-datatype-jdk8\2.9.6\456895fc91bf7180b216fead220373e6278230c9\jackson-datatype-jdk8-2.9.6.jar;C:\Users\jorge\.gradle\caches\modules-2\files-2.1\com.fasterxml.jackson.module\jackson-module-parameter-names\2.9.6\129acd77a4b6ee30d62d3a0899b1344c8ec2bff8\jackson-module-parameter-names-2.9.6.jar;C:\Users\jorge\.gradle\caches\modules-2\files-2.1\com.fasterxml.jackson.core\jackson-databind\2.9.6\cfa4f316351a91bfd95cb0644c6a2c95f52db1fc\jackson-databind-2.9.6.jar;C:\Users\jorge\.gradle\caches\modules-2\files-2.1\com.fasterxml.jackson.core\jackson-annotations\2.9.0\7c10d545325e3a6e72e06381afe469fd40eb701\jackson-annotations-2.9.0.jar;C:\Users\jorge\.gradle\caches\modules-2\files-2.1\com.fasterxml.jackson.core\jackson-core\2.9.6\4e393793c37c77e042ccc7be5a914ae39251b365\jackson-core-2.9.6.jar;C:\Users\jorge\.gradle\caches\modules-2\files-2.1\com.jayway.jsonpath\json-path\2.4.0\765a4401ceb2dc8d40553c2075eb80a8fa35c2ae\json-path-2.4.0.jar;C:\Users\jorge\.gradle\caches\modules-2\files-2.1\org.powermock\powermock-module-junit4-common\2.0.0-RC.3\f09137abdf1aeea2df214037eab50ed864602c9a\powermock-module-junit4-common-2.0.0-RC.3.jar;C:\Users\jorge\.gradle\caches\modules-2\files-2.1\junit\junit\4.12\2973d150c0dc1fefe998f834810d68f278ea58ec\junit-4.12.jar;C:\Users\jorge\.gradle\caches\modules-2\files-2.1\org.assertj\assertj-core\3.9.1\c5ce126b15f28d56cd8f960c1a6a058b9c9aea87\assertj-core-3.9.1.jar;C:\Users\jorge\.gradle\caches\modules-2\files-2.1\org.mockito\mockito-core\2.15.0\b84bfbbc29cd22c9529409627af6ea2897f4fa85\mockito-core-2.15.0.jar;C:\Users\jorge\.gradle\caches\modules-2\files-2.1\org.hamcrest\hamcrest-library\1.3\4785a3c21320980282f9f33d0d1264a69040538f\hamcrest-library-1.3.jar;C:\Users\jorge\.gradle\caches\modules-2\files-2.1\org.hamcrest\hamcrest-core\1.3\42a25dc3219429f0e5d060061f71acb49bf010a0\hamcrest-core-1.3.jar;C:\Users\jorge\.gradle\caches\modules-2\files-2.1\org.skyscreamer\jsonassert\1.5.0\6c9d5fe2f59da598d9aefc1cfc6528ff3cf32df3\jsonassert-1.5.0.jar;C:\Users\jorge\.gradle\caches\modules-2\files-2.1\org.xmlunit\xmlunit-core\2.5.1\4ffdb346572a7356f7521cd3119ce5287d2e339d\xmlunit-core-2.5.1.jar;C:\Users\jorge\.gradle\caches\modules-2\files-2.1\org.powermock\powermock-api-support\2.0.0-RC.3\a23d6bdbcf865513c9f6992134152be80504e499\powermock-api-support-2.0.0-RC.3.jar;C:\Users\jorge\.gradle\caches\modules-2\files-2.1\ch.qos.logback\logback-classic\1.2.3\7c4f3c474fb2c041d8028740440937705ebb473a\logback-classic-1.2.3.jar;C:\Users\jorge\.gradle\caches\modules-2\files-2.1\org.apache.logging.log4j\log4j-to-slf4j\2.10.0\f7e631ccf49cfc0aefa4a2a728da7d374c05bd3c\log4j-to-slf4j-2.10.0.jar;C:\Users\jorge\.gradle\caches\modules-2\files-2.1\org.slf4j\jul-to-slf4j\1.7.25\af5364cd6679bfffb114f0dec8a157aaa283b76\jul-to-slf4j-1.7.25.jar;C:\Users\jorge\.gradle\caches\modules-2\files-2.1\org.springframework\spring-jcl\5.0.8.RELEASE\a1fa8fb560fb252321776e16bc9ac8201af4ef5e\spring-jcl-5.0.8.RELEASE.jar;C:\Users\jorge\.gradle\caches\modules-2\files-2.1\org.hdrhistogram\HdrHistogram\2.1.10\9e1ac84eed220281841b75e72fb9de5a297fbf04\HdrHistogram-2.1.10.jar;C:\Users\jorge\.gradle\caches\modules-2\files-2.1\org.latencyutils\LatencyUtils\2.0.3\769c0b82cb2421c8256300e907298a9410a2a3d3\LatencyUtils-2.0.3.jar;C:\Users\jorge\.gradle\caches\modules-2\files-2.1\org.synchronoss.cloud\nio-stream-storage\1.1.3\986dba5f6e5eed20f0dba6ddc8e8a64a9ebdc2f3\nio-stream-storage-1.1.3.jar;C:\Users\jorge\.gradle\caches\modules-2\files-2.1\org.slf4j\slf4j-api\1.7.25\da76ca59f6a57ee3102f8f9bd9cee742973efa8a\slf4j-api-1.7.25.jar;C:\Users\jorge\.gradle\caches\modules-2\files-2.1\io.projectreactor.ipc\reactor-netty\0.7.8.RELEASE\fe25c7d3042b6005690f7d243cef987b696a12ee\reactor-netty-0.7.8.RELEASE.jar;C:\Users\jorge\.gradle\caches\modules-2\files-2.1\javax.validation\validation-api\2.0.1.Final\cb855558e6271b1b32e716d24cb85c7f583ce09e\validation-api-2.0.1.Final.jar;C:\Users\jorge\.gradle\caches\modules-2\files-2.1\org.jboss.logging\jboss-logging\3.3.2.Final\3789d00e859632e6c6206adc0c71625559e6e3b0\jboss-logging-3.3.2.Final.jar;C:\Users\jorge\.gradle\caches\modules-2\files-2.1\com.fasterxml\classmate\1.3.4\3d5f48f10bbe4eb7bd862f10c0583be2e0053c6\classmate-1.3.4.jar;C:\Users\jorge\.gradle\caches\modules-2\files-2.1\io.projectreactor\reactor-core\3.1.8.RELEASE\3bcc30f9161d3d17abe44b4aa20e397e5170566e\reactor-core-3.1.8.RELEASE.jar;C:\Users\jorge\.gradle\caches\modules-2\files-2.1\net.minidev\json-smart\2.3\7396407491352ce4fa30de92efb158adb76b5b\json-smart-2.3.jar;C:\Users\jorge\.gradle\caches\modules-2\files-2.1\org.powermock\powermock-core\2.0.0-RC.3\f958479ea1f0d1ba37cf65b6612fccfbaf4d8dd3\powermock-core-2.0.0-RC.3.jar;C:\Users\jorge\.gradle\caches\modules-2\files-2.1\org.powermock\powermock-reflect\2.0.0-RC.3\c10437486ae35b91666c2591fd7b1a8054b4573c\powermock-reflect-2.0.0-RC.3.jar;C:\Users\jorge\.gradle\caches\modules-2\files-2.1\net.bytebuddy\byte-buddy\1.7.11\f02857a4e2c66ccbe7aaad6100a0a6c461bce9b3\byte-buddy-1.7.11.jar;C:\Users\jorge\.gradle\caches\modules-2\files-2.1\net.bytebuddy\byte-buddy-agent\1.7.11\b425a8933ca07edd03c6dbc8bc3b595fba9780de\byte-buddy-agent-1.7.11.jar;C:\Users\jorge\.gradle\caches\modules-2\files-2.1\org.objenesis\objenesis\3.0.1\11cfac598df9dc48bb9ed9357ed04212694b7808\objenesis-3.0.1.jar;C:\Users\jorge\.gradle\caches\modules-2\files-2.1\com.vaadin.external.google\android-json\0.0.20131108.vaadin1\fa26d351fe62a6a17f5cda1287c1c6110dec413f\android-json-0.0.20131108.vaadin1.jar;C:\Users\jorge\.gradle\caches\modules-2\files-2.1\ch.qos.logback\logback-core\1.2.3\864344400c3d4d92dfeb0a305dc87d953677c03c\logback-core-1.2.3.jar;C:\Users\jorge\.gradle\caches\modules-2\files-2.1\org.apache.logging.log4j\log4j-api\2.10.0\fec5797a55b786184a537abd39c3fa1449d752d6\log4j-api-2.10.0.jar;C:\Users\jorge\.gradle\caches\modules-2\files-2.1\org.apache.tomcat.embed\tomcat-embed-websocket\8.5.32\ea5302e378f1449d4e5dda79e8d810c1e7931f91\tomcat-embed-websocket-8.5.32.jar;C:\Users\jorge\.gradle\caches\modules-2\files-2.1\org.apache.tomcat.embed\tomcat-embed-core\8.5.32\6bc6896200146010cc4666bdc6b9b0cbb453ee22\tomcat-embed-core-8.5.32.jar;C:\Users\jorge\.gradle\caches\modules-2\files-2.1\org.apache.tomcat.embed\tomcat-embed-el\8.5.32\e4fd0ee015d83fa1c5ec93ff1d05bdaf9a4480c5\tomcat-embed-el-8.5.32.jar;C:\Users\jorge\.gradle\caches\modules-2\files-2.1\io.netty\netty-handler-proxy\4.1.27.Final\1a822ce7760bc6eb4937b7e448c9e081fedcc807\netty-handler-proxy-4.1.27.Final.jar;C:\Users\jorge\.gradle\caches\modules-2\files-2.1\io.netty\netty-codec-http\4.1.27.Final\a1722d6bcbbef1c4c7877e8bf38b07a3db5ed07f\netty-codec-http-4.1.27.Final.jar;C:\Users\jorge\.gradle\caches\modules-2\files-2.1\io.netty\netty-handler\4.1.27.Final\21bd9cf565390a8d72579b8664303e3c175dfc6a\netty-handler-4.1.27.Final.jar;C:\Users\jorge\.gradle\caches\modules-2\files-2.1\io.netty\netty-transport-native-epoll\4.1.27.Final\8c3a61a7dd53eafe2f0fe31356f1379598f74517\netty-transport-native-epoll-4.1.27.Final-linux-x86_64.jar;C:\Users\jorge\.gradle\caches\modules-2\files-2.1\org.reactivestreams\reactive-streams\1.0.2\323964c36556eb0e6209f65c1cef72b53b461ab8\reactive-streams-1.0.2.jar;C:\Users\jorge\.gradle\caches\modules-2\files-2.1\net.minidev\accessors-smart\1.2\c592b500269bfde36096641b01238a8350f8aa31\accessors-smart-1.2.jar;C:\Users\jorge\.gradle\caches\modules-2\files-2.1\org.javassist\javassist\3.24.0-GA\d7466fc2e3af7c023e95c510f06448ad29b225b3\javassist-3.24.0-GA.jar;C:\Users\jorge\.gradle\caches\modules-2\files-2.1\io.netty\netty-codec-socks\4.1.27.Final\285b09af98764cf02e4b77b3d95af188469a7133\netty-codec-socks-4.1.27.Final.jar;C:\Users\jorge\.gradle\caches\modules-2\files-2.1\io.netty\netty-codec\4.1.27.Final\d2653d78ebaa650064768fb26b10051f5c8efb2c\netty-codec-4.1.27.Final.jar;C:\Users\jorge\.gradle\caches\modules-2\files-2.1\io.netty\netty-transport-native-unix-common\4.1.27.Final\2b0667fe5c1df78c6cfbf9d53ad8b1fb533fb8e8\netty-transport-native-unix-common-4.1.27.Final.jar;C:\Users\jorge\.gradle\caches\modules-2\files-2.1\io.netty\netty-transport\4.1.27.Final\b5c2da3ea89dd67320925f1504c9eb3615241b7c\netty-transport-4.1.27.Final.jar;C:\Users\jorge\.gradle\caches\modules-2\files-2.1\io.netty\netty-buffer\4.1.27.Final\aafe2b9fb0d8f3b200cf10b9fd6486c6a722d7a1\netty-buffer-4.1.27.Final.jar;C:\Users\jorge\.gradle\caches\modules-2\files-2.1\io.netty\netty-resolver\4.1.27.Final\2536447ef9605ccb2b5203aa22392c6514484ea9\netty-resolver-4.1.27.Final.jar;C:\Users\jorge\.gradle\caches\modules-2\files-2.1\io.netty\netty-common\4.1.27.Final\6a12a969c27fb37b230c4bde5a67bd822fa6b7a4\netty-common-4.1.27.Final.jar;C:\Users\jorge\.gradle\caches\modules-2\files-2.1\org.ow2.asm\asm\5.0.4\da08b8cce7bbf903602a25a3a163ae252435795\asm-5.0.4.jar, user.name=jorge, java.vm.specification.version=1.8, sun.java.command=worker.org.gradle.process.internal.worker.GradleWorkerMain 'Gradle Test Executor 1', java.home=C:\Program Files\AdoptOpenJDK\jdk-8.0.242.08-hotspot\jre, sun.arch.data.model=64, user.language=en, java.specification.vendor=Oracle Corporation, awt.toolkit=sun.awt.windows.WToolkit, java.vm.info=mixed mode, java.version=1.8.0_242, java.ext.dirs=C:\Program Files\AdoptOpenJDK\jdk-8.0.242.08-hotspot\jre\lib\ext;C:\Windows\Sun\Java\lib\ext, sun.boot.class.path=C:\Program Files\AdoptOpenJDK\jdk-8.0.242.08-hotspot\jre\lib\resources.jar;C:\Program Files\AdoptOpenJDK\jdk-8.0.242.08-hotspot\jre\lib\rt.jar;C:\Program Files\AdoptOpenJDK\jdk-8.0.242.08-hotspot\jre\lib\sunrsasign.jar;C:\Program Files\AdoptOpenJDK\jdk-8.0.242.08-hotspot\jre\lib\jsse.jar;C:\Program Files\AdoptOpenJDK\jdk-8.0.242.08-hotspot\jre\lib\jce.jar;C:\Program Files\AdoptOpenJDK\jdk-8.0.242.08-hotspot\jre\lib\charsets.jar;C:\Program Files\AdoptOpenJDK\jdk-8.0.242.08-hotspot\jre\lib\jfr.jar;C:\Program Files\AdoptOpenJDK\jdk-8.0.242.08-hotspot\jre\classes, java.vendor=AdoptOpenJDK, org.gradle.test.worker=1, file.separator=\, java.vendor.url.bug=http://bugreport.sun.com/bugreport/, sun.io.unicode.encoding=UnicodeLittle, sun.cpu.endian=little, sun.desktop=windows, sun.cpu.isalist=amd64}}, SystemEnvironmentPropertySource@1760396275 {name='systemEnvironment', properties={USERDOMAIN_ROAMINGPROFILE=DESKTOP-U7U4TE6, PROCESSOR_LEVEL=6, VS140COMNTOOLS=C:\Program Files (x86)\Microsoft Visual Studio 14.0\Common7\Tools\, SESSIONNAME=Console, ALLUSERSPROFILE=C:\ProgramData, PROCESSOR_ARCHITECTURE=AMD64, PSModulePath=C:\Users\jorge\Documents\WindowsPowerShell\Modules;C:\Program Files\WindowsPowerShell\Modules;C:\Windows\system32\WindowsPowerShell\v1.0\Modules, SystemDrive=C:, =ExitCode=00000000, DIRNAME=C:\azure-devops\git\eShopOnContainers\src\Web\WebImapClient\Client\server\, USERNAME=jorge, CMD_LINE_ARGS=b, ProgramFiles(x86)=C:\Program Files (x86), FPS_BROWSER_USER_PROFILE_STRING=Default, APP_HOME=C:\azure-devops\git\eShopOnContainers\src\Web\WebImapClient\Client\server\, PATHEXT=.COM;.EXE;.BAT;.CMD;.VBS;.VBE;.JS;.JSE;.WSF;.WSH;.MSC;.CPL, DriverData=C:\Windows\System32\Drivers\DriverData, OneDriveConsumer=C:\Users\jorge\OneDrive, ProgramData=C:\ProgramData, ProgramW6432=C:\Program Files, HOMEPATH=\Users\jorge, PROCESSOR_IDENTIFIER=Intel64 Family 6 Model 158 Stepping 13, GenuineIntel, ProgramFiles=C:\Program Files, PUBLIC=C:\Users\Public, windir=C:\Windows, =::=::\, _SKIP=2, LOCALAPPDATA=C:\Users\jorge\AppData\Local, ChocolateyLastPathUpdate=132229495750090469, USERDOMAIN=DESKTOP-U7U4TE6, FPS_BROWSER_APP_PROFILE_STRING=Internet Explorer, LOGONSERVER=\\DESKTOP-U7U4TE6, PROMPT=$P$G, OneDrive=C:\Users\jorge\OneDrive, =C:=C:\azure-devops\git\eShopOnContainers\src\Web\WebImapClient\Client\server, APPDATA=C:\Users\jorge\AppData\Roaming, JAVA_EXE=java.exe, ChocolateyInstall=C:\ProgramData\chocolatey, CommonProgramFiles=C:\Program Files\Common Files, Path=C:\Program Files\AdoptOpenJDK\jdk-8.0.242.08-hotspot\bin;C:\Program Files (x86)\Common Files\Oracle\Java\javapath;C:\Python27\;C:\Python27\Scripts;C:\ProgramData\DockerDesktop\version-bin;C:\Program Files\Docker\Docker\Resources\bin;C:\Windows\system32;C:\Windows;C:\Windows\System32\Wbem;C:\Windows\System32\WindowsPowerShell\v1.0\;C:\Windows\System32\OpenSSH\;C:\Program Files (x86)\NVIDIA Corporation\PhysX\Common;C:\Program Files\dotnet\;C:\Program Files\Microsoft SQL Server\130\Tools\Binn\;C:\Program Files\Microsoft SQL Server\Client SDK\ODBC\170\Tools\Binn\;C:\Program Files (x86)\Microsoft SQL Server\150\DTS\Binn\;C:\Program Files\Git\cmd;C:\Program Files (x86)\Microsoft ASP.NET\ASP.NET Web Pages\v1.0\;C:\Program Files\Microsoft SQL Server\110\Tools\Binn\;C:\Windows\system32\config\systemprofile\.dnx\bin;C:\Program Files\Microsoft DNX\Dnvm\;C:\Program Files\nodejs\;C:\ProgramData\chocolatey\bin;C:\Program Files\Microsoft\Web Platform Installer\;C:\Users\jorge\AppData\Local\Microsoft\WindowsApps;C:\Users\jorge\AppData\Local\Programs\Microsoft VS Code\bin;C:\Users\jorge\.dotnet\tools;C:\Users\jorge\AppData\Roaming\npm;C:\Users\jorge\AppData\Local\GitHubDesktop\bin, OS=Windows_NT, COMPUTERNAME=DESKTOP-U7U4TE6, PROCESSOR_REVISION=9e0d, CLASSPATH=C:\azure-devops\git\eShopOnContainers\src\Web\WebImapClient\Client\server\\gradle\wrapper\gradle-wrapper.jar, CommonProgramW6432=C:\Program Files\Common Files, ComSpec=C:\Windows\system32\cmd.exe, APP_BASE_NAME=gradlew, SystemRoot=C:\Windows, TEMP=C:\Users\jorge\AppData\Local\Temp, HOMEDRIVE=C:, USERPROFILE=C:\Users\jorge, TMP=C:\Users\jorge\AppData\Local\Temp, VS110COMNTOOLS=C:\Program Files (x86)\Microsoft Visual Studio 11.0\Common7\Tools\, CommonProgramFiles(x86)=C:\Program Files (x86)\Common Files, NUMBER_OF_PROCESSORS=12}}]
13:25:55.869 [Test worker] DEBUG org.springframework.core.env.StandardEnvironment - Activating profiles []
13:25:55.869 [Test worker] DEBUG org.springframework.test.context.support.AnnotationConfigContextLoader - Registering annotated classes: {class com.marcnuri.isotope.api.folder.FolderResource}
13:25:55.882 [Test worker] INFO org.springframework.context.support.GenericApplicationContext - Refreshing org.springframework.context.support.GenericApplicationContext@2e029cb4: startup date [Wed Mar 04 13:25:55 CET 2020]; root of context hierarchy
13:25:55.882 [Test worker] DEBUG org.springframework.context.support.GenericApplicationContext - Bean factory for org.springframework.context.support.GenericApplicationContext@2e029cb4: org.springframework.beans.factory.support.DefaultListableBeanFactory@1bebd3e6: defining beans [org.springframework.context.annotation.internalConfigurationAnnotationProcessor,org.springframework.context.annotation.internalAutowiredAnnotationProcessor,org.springframework.context.annotation.internalRequiredAnnotationProcessor,org.springframework.context.annotation.internalCommonAnnotationProcessor,org.springframework.context.event.internalEventListenerProcessor,org.springframework.context.event.internalEventListenerFactory,folderResource,org.springframework.boot.test.mock.mockito.MockitoPostProcessor$SpyPostProcessor,org.springframework.boot.test.mock.mockito.MockitoPostProcessor]; root of factory hierarchy
13:25:55.883 [Test worker] DEBUG org.springframework.beans.factory.support.DefaultListableBeanFactory - Creating shared instance of singleton bean 'org.springframework.context.annotation.internalConfigurationAnnotationProcessor'
13:25:55.883 [Test worker] DEBUG org.springframework.beans.factory.support.DefaultListableBeanFactory - Creating instance of bean 'org.springframework.context.annotation.internalConfigurationAnnotationProcessor'
13:25:55.883 [Test worker] DEBUG org.springframework.beans.factory.support.DefaultListableBeanFactory - Eagerly caching bean 'org.springframework.context.annotation.internalConfigurationAnnotationProcessor' to allow for resolving potential circular references
13:25:55.883 [Test worker] DEBUG org.springframework.beans.factory.support.DefaultListableBeanFactory - Finished creating instance of bean 'org.springframework.context.annotation.internalConfigurationAnnotationProcessor'
13:25:55.917 [Test worker] DEBUG org.springframework.beans.factory.support.DefaultListableBeanFactory - Creating shared instance of singleton bean 'org.springframework.boot.test.mock.mockito.MockitoPostProcessor'
13:25:55.917 [Test worker] DEBUG org.springframework.beans.factory.support.DefaultListableBeanFactory - Creating instance of bean 'org.springframework.boot.test.mock.mockito.MockitoPostProcessor'
13:25:55.918 [Test worker] DEBUG org.springframework.beans.factory.support.DefaultListableBeanFactory - Eagerly caching bean 'org.springframework.boot.test.mock.mockito.MockitoPostProcessor' to allow for resolving potential circular references
13:25:55.918 [Test worker] DEBUG org.springframework.beans.factory.support.DefaultListableBeanFactory - Finished creating instance of bean 'org.springframework.boot.test.mock.mockito.MockitoPostProcessor'
13:25:55.997 [Test worker] DEBUG org.springframework.beans.factory.support.DefaultListableBeanFactory - Creating shared instance of singleton bean 'org.springframework.context.annotation.internalAutowiredAnnotationProcessor'
13:25:55.997 [Test worker] DEBUG org.springframework.beans.factory.support.DefaultListableBeanFactory - Creating instance of bean 'org.springframework.context.annotation.internalAutowiredAnnotationProcessor'
13:25:55.998 [Test worker] DEBUG org.springframework.beans.factory.support.DefaultListableBeanFactory - Eagerly caching bean 'org.springframework.context.annotation.internalAutowiredAnnotationProcessor' to allow for resolving potential circular references
13:25:55.998 [Test worker] DEBUG org.springframework.beans.factory.support.DefaultListableBeanFactory - Finished creating instance of bean 'org.springframework.context.annotation.internalAutowiredAnnotationProcessor'
13:25:55.999 [Test worker] DEBUG org.springframework.beans.factory.support.DefaultListableBeanFactory - Creating shared instance of singleton bean 'org.springframework.context.annotation.internalRequiredAnnotationProcessor'
13:25:55.999 [Test worker] DEBUG org.springframework.beans.factory.support.DefaultListableBeanFactory - Creating instance of bean 'org.springframework.context.annotation.internalRequiredAnnotationProcessor'
13:25:55.999 [Test worker] DEBUG org.springframework.beans.factory.support.DefaultListableBeanFactory - Eagerly caching bean 'org.springframework.context.annotation.internalRequiredAnnotationProcessor' to allow for resolving potential circular references
13:25:56.000 [Test worker] DEBUG org.springframework.beans.factory.support.DefaultListableBeanFactory - Finished creating instance of bean 'org.springframework.context.annotation.internalRequiredAnnotationProcessor'
13:25:56.000 [Test worker] DEBUG org.springframework.beans.factory.support.DefaultListableBeanFactory - Creating shared instance of singleton bean 'org.springframework.context.annotation.internalCommonAnnotationProcessor'
13:25:56.000 [Test worker] DEBUG org.springframework.beans.factory.support.DefaultListableBeanFactory - Creating instance of bean 'org.springframework.context.annotation.internalCommonAnnotationProcessor'
13:25:56.000 [Test worker] DEBUG org.springframework.beans.factory.support.DefaultListableBeanFactory - Eagerly caching bean 'org.springframework.context.annotation.internalCommonAnnotationProcessor' to allow for resolving potential circular references
13:25:56.001 [Test worker] DEBUG org.springframework.beans.factory.support.DefaultListableBeanFactory - Finished creating instance of bean 'org.springframework.context.annotation.internalCommonAnnotationProcessor'
13:25:56.001 [Test worker] DEBUG org.springframework.beans.factory.support.DefaultListableBeanFactory - Creating shared instance of singleton bean 'org.springframework.boot.test.mock.mockito.MockitoPostProcessor$SpyPostProcessor'
13:25:56.001 [Test worker] DEBUG org.springframework.beans.factory.support.DefaultListableBeanFactory - Creating instance of bean 'org.springframework.boot.test.mock.mockito.MockitoPostProcessor$SpyPostProcessor'
13:25:56.001 [Test worker] DEBUG org.springframework.beans.factory.support.DefaultListableBeanFactory - Returning cached instance of singleton bean 'org.springframework.boot.test.mock.mockito.MockitoPostProcessor'
13:25:56.001 [Test worker] DEBUG org.springframework.beans.factory.support.DefaultListableBeanFactory - Eagerly caching bean 'org.springframework.boot.test.mock.mockito.MockitoPostProcessor$SpyPostProcessor' to allow for resolving potential circular references
13:25:56.002 [Test worker] DEBUG org.springframework.beans.factory.support.DefaultListableBeanFactory - Finished creating instance of bean 'org.springframework.boot.test.mock.mockito.MockitoPostProcessor$SpyPostProcessor'
13:25:56.002 [Test worker] DEBUG org.springframework.beans.factory.support.DefaultListableBeanFactory - Returning cached instance of singleton bean 'org.springframework.boot.test.mock.mockito.MockitoPostProcessor'
13:25:56.002 [Test worker] DEBUG org.springframework.beans.factory.support.DefaultListableBeanFactory - Returning cached instance of singleton bean 'org.springframework.boot.test.autoconfigure.properties.PropertyMappingContextCustomizer$PropertyMappingCheckBeanPostProcessor'
13:25:56.002 [Test worker] DEBUG org.springframework.context.support.GenericApplicationContext - Unable to locate MessageSource with name 'messageSource': using default [org.springframework.context.support.DelegatingMessageSource@6a7ba4be]
13:25:56.002 [Test worker] DEBUG org.springframework.context.support.GenericApplicationContext - Unable to locate ApplicationEventMulticaster with name 'applicationEventMulticaster': using default [org.springframework.context.event.SimpleApplicationEventMulticaster@1b5f9fcc]
13:25:56.002 [Test worker] DEBUG org.springframework.beans.factory.support.DefaultListableBeanFactory - Pre-instantiating singletons in org.springframework.beans.factory.support.DefaultListableBeanFactory@1bebd3e6: defining beans [org.springframework.context.annotation.internalConfigurationAnnotationProcessor,org.springframework.context.annotation.internalAutowiredAnnotationProcessor,org.springframework.context.annotation.internalRequiredAnnotationProcessor,org.springframework.context.annotation.internalCommonAnnotationProcessor,org.springframework.context.event.internalEventListenerProcessor,org.springframework.context.event.internalEventListenerFactory,folderResource,org.springframework.boot.test.mock.mockito.MockitoPostProcessor$SpyPostProcessor,org.springframework.boot.test.mock.mockito.MockitoPostProcessor,prototypeImapService]; root of factory hierarchy
13:25:56.002 [Test worker] DEBUG org.springframework.beans.factory.support.DefaultListableBeanFactory - Returning cached instance of singleton bean 'org.springframework.context.annotation.internalConfigurationAnnotationProcessor'
13:25:56.002 [Test worker] DEBUG org.springframework.beans.factory.support.DefaultListableBeanFactory - Returning cached instance of singleton bean 'org.springframework.context.annotation.internalAutowiredAnnotationProcessor'
13:25:56.002 [Test worker] DEBUG org.springframework.beans.factory.support.DefaultListableBeanFactory - Returning cached instance of singleton bean 'org.springframework.context.annotation.internalRequiredAnnotationProcessor'
13:25:56.002 [Test worker] DEBUG org.springframework.beans.factory.support.DefaultListableBeanFactory - Returning cached instance of singleton bean 'org.springframework.context.annotation.internalCommonAnnotationProcessor'
13:25:56.003 [Test worker] DEBUG org.springframework.beans.factory.support.DefaultListableBeanFactory - Creating shared instance of singleton bean 'org.springframework.context.event.internalEventListenerProcessor'
13:25:56.003 [Test worker] DEBUG org.springframework.beans.factory.support.DefaultListableBeanFactory - Creating instance of bean 'org.springframework.context.event.internalEventListenerProcessor'
13:25:56.003 [Test worker] DEBUG org.springframework.beans.factory.support.DefaultListableBeanFactory - Eagerly caching bean 'org.springframework.context.event.internalEventListenerProcessor' to allow for resolving potential circular references
13:25:56.003 [Test worker] DEBUG org.springframework.beans.factory.support.DefaultListableBeanFactory - Finished creating instance of bean 'org.springframework.context.event.internalEventListenerProcessor'
13:25:56.003 [Test worker] DEBUG org.springframework.beans.factory.support.DefaultListableBeanFactory - Creating shared instance of singleton bean 'org.springframework.context.event.internalEventListenerFactory'
13:25:56.003 [Test worker] DEBUG org.springframework.beans.factory.support.DefaultListableBeanFactory - Creating instance of bean 'org.springframework.context.event.internalEventListenerFactory'
13:25:56.004 [Test worker] DEBUG org.springframework.beans.factory.support.DefaultListableBeanFactory - Eagerly caching bean 'org.springframework.context.event.internalEventListenerFactory' to allow for resolving potential circular references
13:25:56.004 [Test worker] DEBUG org.springframework.beans.factory.support.DefaultListableBeanFactory - Finished creating instance of bean 'org.springframework.context.event.internalEventListenerFactory'
13:25:56.004 [Test worker] DEBUG org.springframework.beans.factory.support.DefaultListableBeanFactory - Creating shared instance of singleton bean 'folderResource'
13:25:56.004 [Test worker] DEBUG org.springframework.beans.factory.support.DefaultListableBeanFactory - Creating instance of bean 'folderResource'
13:25:56.011 [Test worker] DEBUG org.springframework.beans.factory.support.DefaultListableBeanFactory - Eagerly caching bean 'folderResource' to allow for resolving potential circular references
13:25:56.015 [Test worker] DEBUG org.springframework.beans.factory.support.DefaultListableBeanFactory - Finished creating instance of bean 'folderResource'
13:25:56.015 [Test worker] DEBUG org.springframework.beans.factory.support.DefaultListableBeanFactory - Returning cached instance of singleton bean 'org.springframework.boot.test.mock.mockito.MockitoPostProcessor$SpyPostProcessor'
13:25:56.015 [Test worker] DEBUG org.springframework.beans.factory.support.DefaultListableBeanFactory - Returning cached instance of singleton bean 'org.springframework.boot.test.mock.mockito.MockitoPostProcessor'
13:25:56.015 [Test worker] DEBUG org.springframework.beans.factory.support.DefaultListableBeanFactory - Returning cached instance of singleton bean 'prototypeImapService'
13:25:56.016 [Test worker] DEBUG org.springframework.beans.factory.support.DefaultListableBeanFactory - Returning cached instance of singleton bean 'org.springframework.context.event.internalEventListenerFactory'
13:25:56.023 [Test worker] DEBUG org.springframework.context.support.GenericApplicationContext - Unable to locate LifecycleProcessor with name 'lifecycleProcessor': using default [org.springframework.context.support.DefaultLifecycleProcessor@40df682e]
13:25:56.023 [Test worker] DEBUG org.springframework.beans.factory.support.DefaultListableBeanFactory - Returning cached instance of singleton bean 'lifecycleProcessor'
13:25:56.023 [Test worker] DEBUG org.springframework.core.env.PropertySourcesPropertyResolver - Could not find key 'spring.liveBeansView.mbeanDomain' in any property source
13:25:56.024 [Test worker] DEBUG org.springframework.test.context.cache.DefaultCacheAwareContextLoaderDelegate - Storing ApplicationContext in cache under key [[MergedContextConfiguration@6692e92d testClass = FolderResourceTest, locations = '{}', classes = '{class com.marcnuri.isotope.api.folder.FolderResource}', contextInitializerClasses = '[]', activeProfiles = '{}', propertySourceLocations = '{}', propertySourceProperties = '{}', contextCustomizers = set[org.springframework.boot.test.autoconfigure.properties.PropertyMappingContextCustomizer@0, org.springframework.boot.test.autoconfigure.web.servlet.WebDriverContextCustomizerFactory$Customizer@2dc9ad67, org.springframework.boot.test.context.filter.ExcludeFilterContextCustomizer@7975bbf7, org.springframework.boot.test.json.DuplicateJsonObjectContextCustomizerFactory$DuplicateJsonObjectContextCustomizer@2dd9ed03, org.springframework.boot.test.mock.mockito.MockitoContextCustomizer@570072aa], contextLoader = 'org.springframework.test.context.support.DelegatingSmartContextLoader', parent = [null]]]
13:25:56.024 [Test worker] DEBUG org.springframework.test.context.cache - Spring test ApplicationContext cache statistics: [DefaultContextCache@10c13e31 size = 2, maxSize = 32, parentContextCount = 0, hitCount = 35, missCount = 2]
13:25:56.024 [Test worker] DEBUG org.springframework.beans.factory.support.DefaultListableBeanFactory - Returning cached instance of singleton bean 'org.springframework.boot.test.mock.mockito.MockitoPostProcessor'
13:25:56.024 [Test worker] DEBUG org.springframework.beans.factory.support.DefaultListableBeanFactory - Returning cached instance of singleton bean 'prototypeImapService'
13:25:56.024 [Test worker] DEBUG org.springframework.test.context.support.DependencyInjectionTestExecutionListener - Performing dependency injection for test context [[DefaultTestContext@2ff6fc48 testClass = FolderResourceTest, testInstance = com.marcnuri.isotope.api.folder.FolderResourceTest@7aab19e, testMethod = [null], testException = [null], mergedContextConfiguration = [MergedContextConfiguration@6692e92d testClass = FolderResourceTest, locations = '{}', classes = '{class com.marcnuri.isotope.api.folder.FolderResource}', contextInitializerClasses = '[]', activeProfiles = '{}', propertySourceLocations = '{}', propertySourceProperties = '{}', contextCustomizers = set[org.springframework.boot.test.autoconfigure.properties.PropertyMappingContextCustomizer@0, org.springframework.boot.test.autoconfigure.web.servlet.WebDriverContextCustomizerFactory$Customizer@2dc9ad67, org.springframework.boot.test.context.filter.ExcludeFilterContextCustomizer@7975bbf7, org.springframework.boot.test.json.DuplicateJsonObjectContextCustomizerFactory$DuplicateJsonObjectContextCustomizer@2dd9ed03, org.springframework.boot.test.mock.mockito.MockitoContextCustomizer@570072aa], contextLoader = 'org.springframework.test.context.support.DelegatingSmartContextLoader', parent = [null]], attributes = map[[empty]]]].
13:25:56.024 [Test worker] DEBUG org.springframework.test.context.cache.DefaultCacheAwareContextLoaderDelegate - Retrieved ApplicationContext from cache with key [[MergedContextConfiguration@6692e92d testClass = FolderResourceTest, locations = '{}', classes = '{class com.marcnuri.isotope.api.folder.FolderResource}', contextInitializerClasses = '[]', activeProfiles = '{}', propertySourceLocations = '{}', propertySourceProperties = '{}', contextCustomizers = set[org.springframework.boot.test.autoconfigure.properties.PropertyMappingContextCustomizer@0, org.springframework.boot.test.autoconfigure.web.servlet.WebDriverContextCustomizerFactory$Customizer@2dc9ad67, org.springframework.boot.test.context.filter.ExcludeFilterContextCustomizer@7975bbf7, org.springframework.boot.test.json.DuplicateJsonObjectContextCustomizerFactory$DuplicateJsonObjectContextCustomizer@2dd9ed03, org.springframework.boot.test.mock.mockito.MockitoContextCustomizer@570072aa], contextLoader = 'org.springframework.test.context.support.DelegatingSmartContextLoader', parent = [null]]]
13:25:56.025 [Test worker] DEBUG org.springframework.test.context.cache - Spring test ApplicationContext cache statistics: [DefaultContextCache@10c13e31 size = 2, maxSize = 32, parentContextCount = 0, hitCount = 36, missCount = 2]
13:25:56.031 [Test worker] DEBUG org.springframework.beans.factory.annotation.InjectionMetadata - Processing injected element of bean 'com.marcnuri.isotope.api.folder.FolderResourceTest': AutowiredFieldElement for private com.marcnuri.isotope.api.folder.FolderResource com.marcnuri.isotope.api.folder.FolderResourceTest.folderResource
13:25:56.034 [Test worker] DEBUG org.springframework.beans.factory.support.DefaultListableBeanFactory - Returning cached instance of singleton bean 'folderResource'
13:25:56.035 [Test worker] DEBUG org.springframework.beans.factory.annotation.AutowiredAnnotationBeanPostProcessor - Autowiring by type from bean name 'com.marcnuri.isotope.api.folder.FolderResourceTest' to bean named 'folderResource'
13:25:56.036 [Test worker] DEBUG org.springframework.test.context.support.AbstractDirtiesContextTestExecutionListener - Before test method: context [DefaultTestContext@2ff6fc48 testClass = FolderResourceTest, testInstance = com.marcnuri.isotope.api.folder.FolderResourceTest@7aab19e, testMethod = deleteMessages_validFolderAndValidIds_shouldReturnOk@FolderResourceTest, testException = [null], mergedContextConfiguration = [MergedContextConfiguration@6692e92d testClass = FolderResourceTest, locations = '{}', classes = '{class com.marcnuri.isotope.api.folder.FolderResource}', contextInitializerClasses = '[]', activeProfiles = '{}', propertySourceLocations = '{}', propertySourceProperties = '{}', contextCustomizers = set[org.springframework.boot.test.autoconfigure.properties.PropertyMappingContextCustomizer@0, org.springframework.boot.test.autoconfigure.web.servlet.WebDriverContextCustomizerFactory$Customizer@2dc9ad67, org.springframework.boot.test.context.filter.ExcludeFilterContextCustomizer@7975bbf7, org.springframework.boot.test.json.DuplicateJsonObjectContextCustomizerFactory$DuplicateJsonObjectContextCustomizer@2dd9ed03, org.springframework.boot.test.mock.mockito.MockitoContextCustomizer@570072aa], contextLoader = 'org.springframework.test.context.support.DelegatingSmartContextLoader', parent = [null]], attributes = map[[empty]]], class annotated with @DirtiesContext [false] with mode [null], method annotated with @DirtiesContext [false] with mode [null].
13:25:56.036 [Test worker] DEBUG reactor.core.publisher.Hooks - Hooking onLastOperator: reactor.core.publisher.Operators$LiftFunction@7f40ceb0
13:25:56.037 [Test worker] DEBUG org.springframework.test.context.cache.DefaultCacheAwareContextLoaderDelegate - Retrieved ApplicationContext from cache with key [[MergedContextConfiguration@6692e92d testClass = FolderResourceTest, locations = '{}', classes = '{class com.marcnuri.isotope.api.folder.FolderResource}', contextInitializerClasses = '[]', activeProfiles = '{}', propertySourceLocations = '{}', propertySourceProperties = '{}', contextCustomizers = set[org.springframework.boot.test.autoconfigure.properties.PropertyMappingContextCustomizer@0, org.springframework.boot.test.autoconfigure.web.servlet.WebDriverContextCustomizerFactory$Customizer@2dc9ad67, org.springframework.boot.test.context.filter.ExcludeFilterContextCustomizer@7975bbf7, org.springframework.boot.test.json.DuplicateJsonObjectContextCustomizerFactory$DuplicateJsonObjectContextCustomizer@2dd9ed03, org.springframework.boot.test.mock.mockito.MockitoContextCustomizer@570072aa], contextLoader = 'org.springframework.test.context.support.DelegatingSmartContextLoader', parent = [null]]]
13:25:56.037 [Test worker] DEBUG org.springframework.test.context.cache - Spring test ApplicationContext cache statistics: [DefaultContextCache@10c13e31 size = 2, maxSize = 32, parentContextCount = 0, hitCount = 37, missCount = 2]
13:25:56.037 [Test worker] DEBUG org.springframework.beans.factory.support.DefaultListableBeanFactory - Returning cached instance of singleton bean 'org.springframework.boot.test.mock.mockito.MockitoBeans'
13:25:56.077 [Test worker] DEBUG org.springframework.core.env.StandardEnvironment - Adding PropertySource 'systemProperties' with lowest search precedence
13:25:56.077 [Test worker] DEBUG org.springframework.core.env.StandardEnvironment - Adding PropertySource 'systemEnvironment' with lowest search precedence
13:25:56.077 [Test worker] DEBUG org.springframework.core.env.StandardEnvironment - Initialized StandardEnvironment with PropertySources [MapPropertySource@1928250398 {name='systemProperties', properties={java.runtime.name=OpenJDK Runtime Environment, sun.boot.library.path=C:\Program Files\AdoptOpenJDK\jdk-8.0.242.08-hotspot\jre\bin, java.vm.version=25.242-b08, java.vm.vendor=, java.vendor.url=http://java.oracle.com/, path.separator=;, java.vm.name=OpenJDK 64-Bit Server VM, file.encoding.pkg=sun.io, user.script=, sun.java.launcher=SUN_STANDARD, user.country=GB, sun.os.patch.level=, java.vm.specification.name=Java Virtual Machine Specification, user.dir=C:\azure-devops\git\eShopOnContainers\src\Web\WebImapClient\Client\server, java.runtime.version=1.8.0_242-b08, java.awt.graphicsenv=sun.awt.Win32GraphicsEnvironment, java.endorsed.dirs=C:\Program Files\AdoptOpenJDK\jdk-8.0.242.08-hotspot\jre\lib\endorsed, os.arch=amd64, java.io.tmpdir=C:\Users\jorge\AppData\Local\Temp\, line.separator=
, java.vm.specification.vendor=Oracle Corporation, user.variant=, os.name=Windows 10, sun.jnu.encoding=Cp1252, java.library.path=C:\Program Files\AdoptOpenJDK\jdk-8.0.242.08-hotspot\bin;C:\Windows\Sun\Java\bin;C:\Windows\system32;C:\Windows;C:\Program Files\AdoptOpenJDK\jdk-8.0.242.08-hotspot\bin;C:\Program Files (x86)\Common Files\Oracle\Java\javapath;C:\Python27\;C:\Python27\Scripts;C:\ProgramData\DockerDesktop\version-bin;C:\Program Files\Docker\Docker\Resources\bin;C:\Windows\system32;C:\Windows;C:\Windows\System32\Wbem;C:\Windows\System32\WindowsPowerShell\v1.0\;C:\Windows\System32\OpenSSH\;C:\Program Files (x86)\NVIDIA Corporation\PhysX\Common;C:\Program Files\dotnet\;C:\Program Files\Microsoft SQL Server\130\Tools\Binn\;C:\Program Files\Microsoft SQL Server\Client SDK\ODBC\170\Tools\Binn\;C:\Program Files (x86)\Microsoft SQL Server\150\DTS\Binn\;C:\Program Files\Git\cmd;C:\Program Files (x86)\Microsoft ASP.NET\ASP.NET Web Pages\v1.0\;C:\Program Files\Microsoft SQL Server\110\Tools\Binn\;C:\Windows\system32\config\systemprofile\.dnx\bin;C:\Program Files\Microsoft DNX\Dnvm\;C:\Program Files\nodejs\;C:\ProgramData\chocolatey\bin;C:\Program Files\Microsoft\Web Platform Installer\;C:\Users\jorge\AppData\Local\Microsoft\WindowsApps;C:\Users\jorge\AppData\Local\Programs\Microsoft VS Code\bin;C:\Users\jorge\.dotnet\tools;C:\Users\jorge\AppData\Roaming\npm;C:\Users\jorge\AppData\Local\GitHubDesktop\bin;., java.specification.name=Java Platform API Specification, java.class.version=52.0, org.gradle.native=false, sun.management.compiler=HotSpot 64-Bit Tiered Compilers, os.version=10.0, user.home=C:\Users\jorge, user.timezone=Europe/Paris, java.awt.printerjob=sun.awt.windows.WPrinterJob, file.encoding=windows-1252, java.specification.version=1.8, java.class.path=C:\azure-devops\git\eShopOnContainers\src\Web\WebImapClient\Client\server\build\classes\java\test;C:\azure-devops\git\eShopOnContainers\src\Web\WebImapClient\Client\server\build\resources\test;C:\azure-devops\git\eShopOnContainers\src\Web\WebImapClient\Client\server\build\classes\java\main;C:\azure-devops\git\eShopOnContainers\src\Web\WebImapClient\Client\server\build\resources\main;C:\Users\jorge\.gradle\caches\modules-2\files-2.1\org.springframework.boot\spring-boot-starter-actuator\2.0.4.RELEASE\24e901473279d9c18e0a0f8037d58b18c8297dca\spring-boot-starter-actuator-2.0.4.RELEASE.jar;C:\Users\jorge\.gradle\caches\modules-2\files-2.1\org.springframework.boot\spring-boot-starter-security\2.0.4.RELEASE\2ac314e5985fd9ae0d2acaea450f4f6c3dbd7f92\spring-boot-starter-security-2.0.4.RELEASE.jar;C:\Users\jorge\.gradle\caches\modules-2\files-2.1\org.springframework.boot\spring-boot-starter-webflux\2.0.4.RELEASE\a52fcd02fb6129e14f2b4b36acc5748368563c93\spring-boot-starter-webflux-2.0.4.RELEASE.jar;C:\Users\jorge\.gradle\caches\modules-2\files-2.1\org.springframework.boot\spring-boot-starter-test\2.0.4.RELEASE\8f473705d2742b669f0318f10a956f94a93ba3d2\spring-boot-starter-test-2.0.4.RELEASE.jar;C:\Users\jorge\.gradle\caches\modules-2\files-2.1\org.springframework.boot\spring-boot-starter-hateoas\2.0.4.RELEASE\2f115bebeffea81859c6d874457fa8db16b10747\spring-boot-starter-hateoas-2.0.4.RELEASE.jar;C:\Users\jorge\.gradle\caches\modules-2\files-2.1\org.springframework.boot\spring-boot-starter-web\2.0.4.RELEASE\98d49e981ecf804da877d84259b7b0d1ec2fb6f6\spring-boot-starter-web-2.0.4.RELEASE.jar;C:\Users\jorge\.gradle\caches\modules-2\files-2.1\org.springframework.boot\spring-boot-starter-json\2.0.4.RELEASE\c7afabf0d7c85db178da4ce0634e3bd2ddb0eb71\spring-boot-starter-json-2.0.4.RELEASE.jar;C:\Users\jorge\.gradle\caches\modules-2\files-2.1\org.springframework.boot\spring-boot-starter\2.0.4.RELEASE\ec46c63a2adeee40058eff1a6baefca13975dc94\spring-boot-starter-2.0.4.RELEASE.jar;C:\Users\jorge\.gradle\caches\modules-2\files-2.1\com.sun.mail\javax.mail\1.6.1\757ba4630692bb2a1ec2d9d57a616b63f15e947e\javax.mail-1.6.1.jar;C:\Users\jorge\.gradle\caches\modules-2\files-2.1\org.springframework.boot\spring-boot-actuator-autoconfigure\2.0.4.RELEASE\2cadc1d20a1f9ee667a608cfee154138e954f5f2\spring-boot-actuator-autoconfigure-2.0.4.RELEASE.jar;C:\Users\jorge\.gradle\caches\modules-2\files-2.1\com.fasterxml.jackson.datatype\jackson-datatype-jsr310\2.9.6\ea54f6193d224e5e5732bbd4262327eb465397c2\jackson-datatype-jsr310-2.9.6.jar;C:\Users\jorge\.gradle\caches\modules-2\files-2.1\commons-io\commons-io\2.6\815893df5f31da2ece4040fe0a12fd44b577afaf\commons-io-2.6.jar;C:\Users\jorge\.gradle\caches\modules-2\files-2.1\org.springframework.security\spring-security-test\5.0.7.RELEASE\a74c9ab10d53baa3bb7a731753fe0c6d9ab9d848\spring-security-test-5.0.7.RELEASE.jar;C:\Users\jorge\.gradle\caches\modules-2\files-2.1\com.marcnuri\spring-common-test\0.0.2\da9c2c5e849c7dcbbe99d190bedffa5e6fe450a5\spring-common-test-0.0.2.jar;C:\Users\jorge\.gradle\caches\modules-2\files-2.1\org.hamcrest\java-hamcrest\2.0.0.0\f1c8853ade0ecf707f5a261c830e98893983813\java-hamcrest-2.0.0.0.jar;C:\Users\jorge\.gradle\caches\modules-2\files-2.1\org.powermock\powermock-module-junit4\2.0.0-RC.3\b9a04b492e2b93e93617ba457f76aebbf00fc221\powermock-module-junit4-2.0.0-RC.3.jar;C:\Users\jorge\.gradle\caches\modules-2\files-2.1\org.powermock\powermock-api-mockito2\2.0.0-RC.3\f85a8404be063ef15c5fdd3745b11d2fba875fcd\powermock-api-mockito2-2.0.0-RC.3.jar;C:\Users\jorge\.gradle\caches\modules-2\files-2.1\org.springframework.boot\spring-boot-test-autoconfigure\2.0.4.RELEASE\8a2e3f31e607fdb08deda2f59263ce177f1c4310\spring-boot-test-autoconfigure-2.0.4.RELEASE.jar;C:\Users\jorge\.gradle\caches\modules-2\files-2.1\org.springframework.boot\spring-boot-test\2.0.4.RELEASE\8a17fc3cf16b6d75f2ba132ade04409a670095de\spring-boot-test-2.0.4.RELEASE.jar;C:\Users\jorge\.gradle\caches\modules-2\files-2.1\org.springframework.boot\spring-boot-autoconfigure\2.0.4.RELEASE\65cd1244d606acc02ab7bfc47a203a3fe2400dda\spring-boot-autoconfigure-2.0.4.RELEASE.jar;C:\Users\jorge\.gradle\caches\modules-2\files-2.1\org.springframework.boot\spring-boot-actuator\2.0.4.RELEASE\9c02c968eb50a7cdc14fc4c7b586d767df6dc48d\spring-boot-actuator-2.0.4.RELEASE.jar;C:\Users\jorge\.gradle\caches\modules-2\files-2.1\org.springframework.boot\spring-boot\2.0.4.RELEASE\c8619c5b06d4dcdb4cac1e5e9c839e6e8b1c8574\spring-boot-2.0.4.RELEASE.jar;C:\Users\jorge\.gradle\caches\modules-2\files-2.1\org.springframework.boot\spring-boot-starter-logging\2.0.4.RELEASE\dcd1a2c431c970f44adae64d9145133979a513ab\spring-boot-starter-logging-2.0.4.RELEASE.jar;C:\Users\jorge\.gradle\caches\modules-2\files-2.1\org.springframework.boot\spring-boot-starter-tomcat\2.0.4.RELEASE\dcf28989a34b0801fea0e810c371fb9dab1e7784\spring-boot-starter-tomcat-2.0.4.RELEASE.jar;C:\Users\jorge\.gradle\caches\modules-2\files-2.1\javax.annotation\javax.annotation-api\1.3.2\934c04d3cfef185a8008e7bf34331b79730a9d43\javax.annotation-api-1.3.2.jar;C:\Users\jorge\.gradle\caches\modules-2\files-2.1\org.springframework.security\spring-security-config\5.0.7.RELEASE\d702e01048687db4ec6c97fb32d28ffbe348b3e\spring-security-config-5.0.7.RELEASE.jar;C:\Users\jorge\.gradle\caches\modules-2\files-2.1\org.springframework.security\spring-security-web\5.0.7.RELEASE\bab3ed579d4550bb5cc40b0a7fddd0106db7c66\spring-security-web-5.0.7.RELEASE.jar;C:\Users\jorge\.gradle\caches\modules-2\files-2.1\org.springframework.hateoas\spring-hateoas\0.25.0.RELEASE\22d1abd575426709734ab83e7d81d6deb4addbf6\spring-hateoas-0.25.0.RELEASE.jar;C:\Users\jorge\.gradle\caches\modules-2\files-2.1\org.springframework\spring-webflux\5.0.8.RELEASE\d16ce1cf6f95771e821619d6ef13c1f0333fafb\spring-webflux-5.0.8.RELEASE.jar;C:\Users\jorge\.gradle\caches\modules-2\files-2.1\org.springframework\spring-webmvc\5.0.8.RELEASE\7e5fe57590ca8e4468e50fe1d92b0b67aa4a327a\spring-webmvc-5.0.8.RELEASE.jar;C:\Users\jorge\.gradle\caches\modules-2\files-2.1\org.springframework\spring-web\5.0.8.RELEASE\fa43cdadb4ab2491fd1d0ddb06c0808e4b60fc85\spring-web-5.0.8.RELEASE.jar;C:\Users\jorge\.gradle\caches\modules-2\files-2.1\org.springframework\spring-test\5.0.8.RELEASE\5782619373bd7e7b7d9106203c317b04bb613ebb\spring-test-5.0.8.RELEASE.jar;C:\Users\jorge\.gradle\caches\modules-2\files-2.1\org.springframework.security\spring-security-core\5.0.7.RELEASE\40a0c57af6b4c3f8c611216d2579c6ab19672694\spring-security-core-5.0.7.RELEASE.jar;C:\Users\jorge\.gradle\caches\modules-2\files-2.1\org.springframework.plugin\spring-plugin-core\1.2.0.RELEASE\f380e7760032e7d929184f8ad8a33716b75c0657\spring-plugin-core-1.2.0.RELEASE.jar;C:\Users\jorge\.gradle\caches\modules-2\files-2.1\org.springframework\spring-context\5.0.8.RELEASE\3a067d8990761111c9b6d1d895640be26cc1fb38\spring-context-5.0.8.RELEASE.jar;C:\Users\jorge\.gradle\caches\modules-2\files-2.1\org.springframework\spring-aop\5.0.8.RELEASE\f5086c1a3185c481104511837427b39a07a57aa2\spring-aop-5.0.8.RELEASE.jar;C:\Users\jorge\.gradle\caches\modules-2\files-2.1\org.springframework\spring-beans\5.0.8.RELEASE\5fc965d3e7f5515099244857a8ae9e2a208c169b\spring-beans-5.0.8.RELEASE.jar;C:\Users\jorge\.gradle\caches\modules-2\files-2.1\org.springframework\spring-expression\5.0.8.RELEASE\f23158f22c917df2cddf2ecebc398a9e95f95fae\spring-expression-5.0.8.RELEASE.jar;C:\Users\jorge\.gradle\caches\modules-2\files-2.1\org.springframework\spring-core\5.0.8.RELEASE\dc39c49e3246cdf73d3786ac41119140aed3fa08\spring-core-5.0.8.RELEASE.jar;C:\Users\jorge\.gradle\caches\modules-2\files-2.1\org.yaml\snakeyaml\1.19\2d998d3d674b172a588e54ab619854d073f555b5\snakeyaml-1.19.jar;C:\Users\jorge\.gradle\caches\modules-2\files-2.1\io.micrometer\micrometer-core\1.0.6\50299bc8a34c251d62311bbb1a297f3942a82e42\micrometer-core-1.0.6.jar;C:\Users\jorge\.gradle\caches\modules-2\files-2.1\org.springframework.boot\spring-boot-starter-reactor-netty\2.0.4.RELEASE\ed4ac88f7fc699a9cbb6ee804a26e2e30239ca35\spring-boot-starter-reactor-netty-2.0.4.RELEASE.jar;C:\Users\jorge\.gradle\caches\modules-2\files-2.1\org.hibernate.validator\hibernate-validator\6.0.11.Final\36f9d10a11e4768f55e8fb91ebe4338a5c43954e\hibernate-validator-6.0.11.Final.jar;C:\Users\jorge\.gradle\caches\modules-2\files-2.1\org.synchronoss.cloud\nio-multipart-parser\1.1.0\c6c417fec6612584b1c34d4dd98c5a4e47e8c754\nio-multipart-parser-1.1.0.jar;C:\Users\jorge\.gradle\caches\modules-2\files-2.1\javax.activation\activation\1.1\e6cb541461c2834bdea3eb920f1884d1eb508b50\activation-1.1.jar;C:\Users\jorge\.gradle\caches\modules-2\files-2.1\com.fasterxml.jackson.datatype\jackson-datatype-jdk8\2.9.6\456895fc91bf7180b216fead220373e6278230c9\jackson-datatype-jdk8-2.9.6.jar;C:\Users\jorge\.gradle\caches\modules-2\files-2.1\com.fasterxml.jackson.module\jackson-module-parameter-names\2.9.6\129acd77a4b6ee30d62d3a0899b1344c8ec2bff8\jackson-module-parameter-names-2.9.6.jar;C:\Users\jorge\.gradle\caches\modules-2\files-2.1\com.fasterxml.jackson.core\jackson-databind\2.9.6\cfa4f316351a91bfd95cb0644c6a2c95f52db1fc\jackson-databind-2.9.6.jar;C:\Users\jorge\.gradle\caches\modules-2\files-2.1\com.fasterxml.jackson.core\jackson-annotations\2.9.0\7c10d545325e3a6e72e06381afe469fd40eb701\jackson-annotations-2.9.0.jar;C:\Users\jorge\.gradle\caches\modules-2\files-2.1\com.fasterxml.jackson.core\jackson-core\2.9.6\4e393793c37c77e042ccc7be5a914ae39251b365\jackson-core-2.9.6.jar;C:\Users\jorge\.gradle\caches\modules-2\files-2.1\com.jayway.jsonpath\json-path\2.4.0\765a4401ceb2dc8d40553c2075eb80a8fa35c2ae\json-path-2.4.0.jar;C:\Users\jorge\.gradle\caches\modules-2\files-2.1\org.powermock\powermock-module-junit4-common\2.0.0-RC.3\f09137abdf1aeea2df214037eab50ed864602c9a\powermock-module-junit4-common-2.0.0-RC.3.jar;C:\Users\jorge\.gradle\caches\modules-2\files-2.1\junit\junit\4.12\2973d150c0dc1fefe998f834810d68f278ea58ec\junit-4.12.jar;C:\Users\jorge\.gradle\caches\modules-2\files-2.1\org.assertj\assertj-core\3.9.1\c5ce126b15f28d56cd8f960c1a6a058b9c9aea87\assertj-core-3.9.1.jar;C:\Users\jorge\.gradle\caches\modules-2\files-2.1\org.mockito\mockito-core\2.15.0\b84bfbbc29cd22c9529409627af6ea2897f4fa85\mockito-core-2.15.0.jar;C:\Users\jorge\.gradle\caches\modules-2\files-2.1\org.hamcrest\hamcrest-library\1.3\4785a3c21320980282f9f33d0d1264a69040538f\hamcrest-library-1.3.jar;C:\Users\jorge\.gradle\caches\modules-2\files-2.1\org.hamcrest\hamcrest-core\1.3\42a25dc3219429f0e5d060061f71acb49bf010a0\hamcrest-core-1.3.jar;C:\Users\jorge\.gradle\caches\modules-2\files-2.1\org.skyscreamer\jsonassert\1.5.0\6c9d5fe2f59da598d9aefc1cfc6528ff3cf32df3\jsonassert-1.5.0.jar;C:\Users\jorge\.gradle\caches\modules-2\files-2.1\org.xmlunit\xmlunit-core\2.5.1\4ffdb346572a7356f7521cd3119ce5287d2e339d\xmlunit-core-2.5.1.jar;C:\Users\jorge\.gradle\caches\modules-2\files-2.1\org.powermock\powermock-api-support\2.0.0-RC.3\a23d6bdbcf865513c9f6992134152be80504e499\powermock-api-support-2.0.0-RC.3.jar;C:\Users\jorge\.gradle\caches\modules-2\files-2.1\ch.qos.logback\logback-classic\1.2.3\7c4f3c474fb2c041d8028740440937705ebb473a\logback-classic-1.2.3.jar;C:\Users\jorge\.gradle\caches\modules-2\files-2.1\org.apache.logging.log4j\log4j-to-slf4j\2.10.0\f7e631ccf49cfc0aefa4a2a728da7d374c05bd3c\log4j-to-slf4j-2.10.0.jar;C:\Users\jorge\.gradle\caches\modules-2\files-2.1\org.slf4j\jul-to-slf4j\1.7.25\af5364cd6679bfffb114f0dec8a157aaa283b76\jul-to-slf4j-1.7.25.jar;C:\Users\jorge\.gradle\caches\modules-2\files-2.1\org.springframework\spring-jcl\5.0.8.RELEASE\a1fa8fb560fb252321776e16bc9ac8201af4ef5e\spring-jcl-5.0.8.RELEASE.jar;C:\Users\jorge\.gradle\caches\modules-2\files-2.1\org.hdrhistogram\HdrHistogram\2.1.10\9e1ac84eed220281841b75e72fb9de5a297fbf04\HdrHistogram-2.1.10.jar;C:\Users\jorge\.gradle\caches\modules-2\files-2.1\org.latencyutils\LatencyUtils\2.0.3\769c0b82cb2421c8256300e907298a9410a2a3d3\LatencyUtils-2.0.3.jar;C:\Users\jorge\.gradle\caches\modules-2\files-2.1\org.synchronoss.cloud\nio-stream-storage\1.1.3\986dba5f6e5eed20f0dba6ddc8e8a64a9ebdc2f3\nio-stream-storage-1.1.3.jar;C:\Users\jorge\.gradle\caches\modules-2\files-2.1\org.slf4j\slf4j-api\1.7.25\da76ca59f6a57ee3102f8f9bd9cee742973efa8a\slf4j-api-1.7.25.jar;C:\Users\jorge\.gradle\caches\modules-2\files-2.1\io.projectreactor.ipc\reactor-netty\0.7.8.RELEASE\fe25c7d3042b6005690f7d243cef987b696a12ee\reactor-netty-0.7.8.RELEASE.jar;C:\Users\jorge\.gradle\caches\modules-2\files-2.1\javax.validation\validation-api\2.0.1.Final\cb855558e6271b1b32e716d24cb85c7f583ce09e\validation-api-2.0.1.Final.jar;C:\Users\jorge\.gradle\caches\modules-2\files-2.1\org.jboss.logging\jboss-logging\3.3.2.Final\3789d00e859632e6c6206adc0c71625559e6e3b0\jboss-logging-3.3.2.Final.jar;C:\Users\jorge\.gradle\caches\modules-2\files-2.1\com.fasterxml\classmate\1.3.4\3d5f48f10bbe4eb7bd862f10c0583be2e0053c6\classmate-1.3.4.jar;C:\Users\jorge\.gradle\caches\modules-2\files-2.1\io.projectreactor\reactor-core\3.1.8.RELEASE\3bcc30f9161d3d17abe44b4aa20e397e5170566e\reactor-core-3.1.8.RELEASE.jar;C:\Users\jorge\.gradle\caches\modules-2\files-2.1\net.minidev\json-smart\2.3\7396407491352ce4fa30de92efb158adb76b5b\json-smart-2.3.jar;C:\Users\jorge\.gradle\caches\modules-2\files-2.1\org.powermock\powermock-core\2.0.0-RC.3\f958479ea1f0d1ba37cf65b6612fccfbaf4d8dd3\powermock-core-2.0.0-RC.3.jar;C:\Users\jorge\.gradle\caches\modules-2\files-2.1\org.powermock\powermock-reflect\2.0.0-RC.3\c10437486ae35b91666c2591fd7b1a8054b4573c\powermock-reflect-2.0.0-RC.3.jar;C:\Users\jorge\.gradle\caches\modules-2\files-2.1\net.bytebuddy\byte-buddy\1.7.11\f02857a4e2c66ccbe7aaad6100a0a6c461bce9b3\byte-buddy-1.7.11.jar;C:\Users\jorge\.gradle\caches\modules-2\files-2.1\net.bytebuddy\byte-buddy-agent\1.7.11\b425a8933ca07edd03c6dbc8bc3b595fba9780de\byte-buddy-agent-1.7.11.jar;C:\Users\jorge\.gradle\caches\modules-2\files-2.1\org.objenesis\objenesis\3.0.1\11cfac598df9dc48bb9ed9357ed04212694b7808\objenesis-3.0.1.jar;C:\Users\jorge\.gradle\caches\modules-2\files-2.1\com.vaadin.external.google\android-json\0.0.20131108.vaadin1\fa26d351fe62a6a17f5cda1287c1c6110dec413f\android-json-0.0.20131108.vaadin1.jar;C:\Users\jorge\.gradle\caches\modules-2\files-2.1\ch.qos.logback\logback-core\1.2.3\864344400c3d4d92dfeb0a305dc87d953677c03c\logback-core-1.2.3.jar;C:\Users\jorge\.gradle\caches\modules-2\files-2.1\org.apache.logging.log4j\log4j-api\2.10.0\fec5797a55b786184a537abd39c3fa1449d752d6\log4j-api-2.10.0.jar;C:\Users\jorge\.gradle\caches\modules-2\files-2.1\org.apache.tomcat.embed\tomcat-embed-websocket\8.5.32\ea5302e378f1449d4e5dda79e8d810c1e7931f91\tomcat-embed-websocket-8.5.32.jar;C:\Users\jorge\.gradle\caches\modules-2\files-2.1\org.apache.tomcat.embed\tomcat-embed-core\8.5.32\6bc6896200146010cc4666bdc6b9b0cbb453ee22\tomcat-embed-core-8.5.32.jar;C:\Users\jorge\.gradle\caches\modules-2\files-2.1\org.apache.tomcat.embed\tomcat-embed-el\8.5.32\e4fd0ee015d83fa1c5ec93ff1d05bdaf9a4480c5\tomcat-embed-el-8.5.32.jar;C:\Users\jorge\.gradle\caches\modules-2\files-2.1\io.netty\netty-handler-proxy\4.1.27.Final\1a822ce7760bc6eb4937b7e448c9e081fedcc807\netty-handler-proxy-4.1.27.Final.jar;C:\Users\jorge\.gradle\caches\modules-2\files-2.1\io.netty\netty-codec-http\4.1.27.Final\a1722d6bcbbef1c4c7877e8bf38b07a3db5ed07f\netty-codec-http-4.1.27.Final.jar;C:\Users\jorge\.gradle\caches\modules-2\files-2.1\io.netty\netty-handler\4.1.27.Final\21bd9cf565390a8d72579b8664303e3c175dfc6a\netty-handler-4.1.27.Final.jar;C:\Users\jorge\.gradle\caches\modules-2\files-2.1\io.netty\netty-transport-native-epoll\4.1.27.Final\8c3a61a7dd53eafe2f0fe31356f1379598f74517\netty-transport-native-epoll-4.1.27.Final-linux-x86_64.jar;C:\Users\jorge\.gradle\caches\modules-2\files-2.1\org.reactivestreams\reactive-streams\1.0.2\323964c36556eb0e6209f65c1cef72b53b461ab8\reactive-streams-1.0.2.jar;C:\Users\jorge\.gradle\caches\modules-2\files-2.1\net.minidev\accessors-smart\1.2\c592b500269bfde36096641b01238a8350f8aa31\accessors-smart-1.2.jar;C:\Users\jorge\.gradle\caches\modules-2\files-2.1\org.javassist\javassist\3.24.0-GA\d7466fc2e3af7c023e95c510f06448ad29b225b3\javassist-3.24.0-GA.jar;C:\Users\jorge\.gradle\caches\modules-2\files-2.1\io.netty\netty-codec-socks\4.1.27.Final\285b09af98764cf02e4b77b3d95af188469a7133\netty-codec-socks-4.1.27.Final.jar;C:\Users\jorge\.gradle\caches\modules-2\files-2.1\io.netty\netty-codec\4.1.27.Final\d2653d78ebaa650064768fb26b10051f5c8efb2c\netty-codec-4.1.27.Final.jar;C:\Users\jorge\.gradle\caches\modules-2\files-2.1\io.netty\netty-transport-native-unix-common\4.1.27.Final\2b0667fe5c1df78c6cfbf9d53ad8b1fb533fb8e8\netty-transport-native-unix-common-4.1.27.Final.jar;C:\Users\jorge\.gradle\caches\modules-2\files-2.1\io.netty\netty-transport\4.1.27.Final\b5c2da3ea89dd67320925f1504c9eb3615241b7c\netty-transport-4.1.27.Final.jar;C:\Users\jorge\.gradle\caches\modules-2\files-2.1\io.netty\netty-buffer\4.1.27.Final\aafe2b9fb0d8f3b200cf10b9fd6486c6a722d7a1\netty-buffer-4.1.27.Final.jar;C:\Users\jorge\.gradle\caches\modules-2\files-2.1\io.netty\netty-resolver\4.1.27.Final\2536447ef9605ccb2b5203aa22392c6514484ea9\netty-resolver-4.1.27.Final.jar;C:\Users\jorge\.gradle\caches\modules-2\files-2.1\io.netty\netty-common\4.1.27.Final\6a12a969c27fb37b230c4bde5a67bd822fa6b7a4\netty-common-4.1.27.Final.jar;C:\Users\jorge\.gradle\caches\modules-2\files-2.1\org.ow2.asm\asm\5.0.4\da08b8cce7bbf903602a25a3a163ae252435795\asm-5.0.4.jar, user.name=jorge, java.vm.specification.version=1.8, sun.java.command=worker.org.gradle.process.internal.worker.GradleWorkerMain 'Gradle Test Executor 1', java.home=C:\Program Files\AdoptOpenJDK\jdk-8.0.242.08-hotspot\jre, sun.arch.data.model=64, user.language=en, java.specification.vendor=Oracle Corporation, awt.toolkit=sun.awt.windows.WToolkit, java.vm.info=mixed mode, java.version=1.8.0_242, java.ext.dirs=C:\Program Files\AdoptOpenJDK\jdk-8.0.242.08-hotspot\jre\lib\ext;C:\Windows\Sun\Java\lib\ext, sun.boot.class.path=C:\Program Files\AdoptOpenJDK\jdk-8.0.242.08-hotspot\jre\lib\resources.jar;C:\Program Files\AdoptOpenJDK\jdk-8.0.242.08-hotspot\jre\lib\rt.jar;C:\Program Files\AdoptOpenJDK\jdk-8.0.242.08-hotspot\jre\lib\sunrsasign.jar;C:\Program Files\AdoptOpenJDK\jdk-8.0.242.08-hotspot\jre\lib\jsse.jar;C:\Program Files\AdoptOpenJDK\jdk-8.0.242.08-hotspot\jre\lib\jce.jar;C:\Program Files\AdoptOpenJDK\jdk-8.0.242.08-hotspot\jre\lib\charsets.jar;C:\Program Files\AdoptOpenJDK\jdk-8.0.242.08-hotspot\jre\lib\jfr.jar;C:\Program Files\AdoptOpenJDK\jdk-8.0.242.08-hotspot\jre\classes, java.vendor=AdoptOpenJDK, org.gradle.test.worker=1, file.separator=\, java.vendor.url.bug=http://bugreport.sun.com/bugreport/, sun.io.unicode.encoding=UnicodeLittle, sun.cpu.endian=little, sun.desktop=windows, sun.cpu.isalist=amd64}}, SystemEnvironmentPropertySource@1670924900 {name='systemEnvironment', properties={USERDOMAIN_ROAMINGPROFILE=DESKTOP-U7U4TE6, PROCESSOR_LEVEL=6, VS140COMNTOOLS=C:\Program Files (x86)\Microsoft Visual Studio 14.0\Common7\Tools\, SESSIONNAME=Console, ALLUSERSPROFILE=C:\ProgramData, PROCESSOR_ARCHITECTURE=AMD64, PSModulePath=C:\Users\jorge\Documents\WindowsPowerShell\Modules;C:\Program Files\WindowsPowerShell\Modules;C:\Windows\system32\WindowsPowerShell\v1.0\Modules, SystemDrive=C:, =ExitCode=00000000, DIRNAME=C:\azure-devops\git\eShopOnContainers\src\Web\WebImapClient\Client\server\, USERNAME=jorge, CMD_LINE_ARGS=b, ProgramFiles(x86)=C:\Program Files (x86), FPS_BROWSER_USER_PROFILE_STRING=Default, APP_HOME=C:\azure-devops\git\eShopOnContainers\src\Web\WebImapClient\Client\server\, PATHEXT=.COM;.EXE;.BAT;.CMD;.VBS;.VBE;.JS;.JSE;.WSF;.WSH;.MSC;.CPL, DriverData=C:\Windows\System32\Drivers\DriverData, OneDriveConsumer=C:\Users\jorge\OneDrive, ProgramData=C:\ProgramData, ProgramW6432=C:\Program Files, HOMEPATH=\Users\jorge, PROCESSOR_IDENTIFIER=Intel64 Family 6 Model 158 Stepping 13, GenuineIntel, ProgramFiles=C:\Program Files, PUBLIC=C:\Users\Public, windir=C:\Windows, =::=::\, _SKIP=2, LOCALAPPDATA=C:\Users\jorge\AppData\Local, ChocolateyLastPathUpdate=132229495750090469, USERDOMAIN=DESKTOP-U7U4TE6, FPS_BROWSER_APP_PROFILE_STRING=Internet Explorer, LOGONSERVER=\\DESKTOP-U7U4TE6, PROMPT=$P$G, OneDrive=C:\Users\jorge\OneDrive, =C:=C:\azure-devops\git\eShopOnContainers\src\Web\WebImapClient\Client\server, APPDATA=C:\Users\jorge\AppData\Roaming, JAVA_EXE=java.exe, ChocolateyInstall=C:\ProgramData\chocolatey, CommonProgramFiles=C:\Program Files\Common Files, Path=C:\Program Files\AdoptOpenJDK\jdk-8.0.242.08-hotspot\bin;C:\Program Files (x86)\Common Files\Oracle\Java\javapath;C:\Python27\;C:\Python27\Scripts;C:\ProgramData\DockerDesktop\version-bin;C:\Program Files\Docker\Docker\Resources\bin;C:\Windows\system32;C:\Windows;C:\Windows\System32\Wbem;C:\Windows\System32\WindowsPowerShell\v1.0\;C:\Windows\System32\OpenSSH\;C:\Program Files (x86)\NVIDIA Corporation\PhysX\Common;C:\Program Files\dotnet\;C:\Program Files\Microsoft SQL Server\130\Tools\Binn\;C:\Program Files\Microsoft SQL Server\Client SDK\ODBC\170\Tools\Binn\;C:\Program Files (x86)\Microsoft SQL Server\150\DTS\Binn\;C:\Program Files\Git\cmd;C:\Program Files (x86)\Microsoft ASP.NET\ASP.NET Web Pages\v1.0\;C:\Program Files\Microsoft SQL Server\110\Tools\Binn\;C:\Windows\system32\config\systemprofile\.dnx\bin;C:\Program Files\Microsoft DNX\Dnvm\;C:\Program Files\nodejs\;C:\ProgramData\chocolatey\bin;C:\Program Files\Microsoft\Web Platform Installer\;C:\Users\jorge\AppData\Local\Microsoft\WindowsApps;C:\Users\jorge\AppData\Local\Programs\Microsoft VS Code\bin;C:\Users\jorge\.dotnet\tools;C:\Users\jorge\AppData\Roaming\npm;C:\Users\jorge\AppData\Local\GitHubDesktop\bin, OS=Windows_NT, COMPUTERNAME=DESKTOP-U7U4TE6, PROCESSOR_REVISION=9e0d, CLASSPATH=C:\azure-devops\git\eShopOnContainers\src\Web\WebImapClient\Client\server\\gradle\wrapper\gradle-wrapper.jar, CommonProgramW6432=C:\Program Files\Common Files, ComSpec=C:\Windows\system32\cmd.exe, APP_BASE_NAME=gradlew, SystemRoot=C:\Windows, TEMP=C:\Users\jorge\AppData\Local\Temp, HOMEDRIVE=C:, USERPROFILE=C:\Users\jorge, TMP=C:\Users\jorge\AppData\Local\Temp, VS110COMNTOOLS=C:\Program Files (x86)\Microsoft Visual Studio 11.0\Common7\Tools\, CommonProgramFiles(x86)=C:\Program Files (x86)\Common Files, NUMBER_OF_PROCESSORS=12}}]
13:25:56.197 [Test worker] DEBUG org.springframework.web.servlet.mvc.method.annotation.RequestMappingHandlerMapping - Looking for request mappings in application context: org.springframework.test.web.servlet.setup.StubWebApplicationContext@4ff682c8
13:25:56.231 [Test worker] DEBUG org.springframework.web.servlet.mvc.method.annotation.RequestMappingHandlerMapping - 18 request handler methods found on class com.marcnuri.isotope.api.folder.FolderResource: {public org.springframework.http.ResponseEntity com.marcnuri.isotope.api.folder.FolderResource.getMessage(java.lang.String,java.lang.Long)={[/v1/folders/{folderId}/messages/{messageId}],methods=[GET]}, public org.springframework.http.ResponseEntity com.marcnuri.isotope.api.folder.FolderResource.setMessageFlagged(java.lang.String,java.lang.Long,boolean)={[/v1/folders/{folderId}/messages/{messageId}/flagged],methods=[PUT]}, public org.springframework.http.ResponseEntity com.marcnuri.isotope.api.folder.FolderResource.createChildFolder(java.lang.String,java.lang.String)={[/v1/folders/{folderId}],methods=[POST],produces=[application/hal+json]}, public org.springframework.http.ResponseEntity com.marcnuri.isotope.api.folder.FolderResource.deleteAllFolderMessages(java.lang.String)={[/v1/folders/{folderId}/messages],methods=[DELETE]}, public org.springframework.http.ResponseEntity com.marcnuri.isotope.api.folder.FolderResource.moveFolder(java.lang.String,java.lang.String)={[/v1/folders/{folderId}/parent],methods=[PUT],produces=[application/hal+json]}, public org.springframework.http.ResponseEntity com.marcnuri.isotope.api.folder.FolderResource.getMessageRaw(java.lang.String,java.lang.Long)={[/v1/folders/{folderId}/messages/{messageId}/raw],methods=[GET]}, public org.springframework.http.ResponseEntity com.marcnuri.isotope.api.folder.FolderResource.setMessagesSeen(java.lang.String,java.lang.Boolean,java.util.List)={[/v1/folders/{folderId}/messages/seen/{seen}],methods=[PUT]}, public org.springframework.http.ResponseEntity com.marcnuri.isotope.api.folder.FolderResource.getFolders(java.lang.Boolean)={[/v1/folders],methods=[GET],produces=[application/hal+json]}, public org.springframework.http.ResponseEntity com.marcnuri.isotope.api.folder.FolderResource.createRootFolder(java.lang.String)={[/v1/folders],methods=[POST],produces=[application/hal+json]}, public org.springframework.http.ResponseEntity com.marcnuri.isotope.api.folder.FolderResource.deleteMessages(java.lang.String,java.util.List)={[/v1/folders/{folderId}/messages],methods=[DELETE],params=[id]}, public reactor.core.publisher.Flux com.marcnuri.isotope.api.folder.FolderResource.getMessages(java.lang.String,javax.servlet.http.HttpServletResponse)={[/v1/folders/{folderId}/messages],methods=[GET],produces=[text/event-stream]}, public org.springframework.http.ResponseEntity com.marcnuri.isotope.api.folder.FolderResource.preloadMessages(java.lang.String,java.util.List)={[/v1/folders/{folderId}/messages],methods=[GET]}, public org.springframework.http.ResponseEntity com.marcnuri.isotope.api.folder.FolderResource.getAttachment(java.lang.String,java.lang.Long,java.lang.String,java.lang.Boolean,javax.servlet.http.HttpServletResponse)={[/v1/folders/{folderId}/messages/{messageId}/attachments/{id}],methods=[GET]}, public org.springframework.http.ResponseEntity com.marcnuri.isotope.api.folder.FolderResource.deleteFolder(java.lang.String)={[/v1/folders/{folderId}],methods=[DELETE],produces=[application/hal+json]}, public org.springframework.http.ResponseEntity com.marcnuri.isotope.api.folder.FolderResource.moveMessages(java.lang.String,java.lang.String,java.util.List)={[/v1/folders/{fromFolderId}/messages/folder/{toFolderId}],methods=[PUT]}, public org.springframework.http.ResponseEntity com.marcnuri.isotope.api.folder.FolderResource.renameFolder(java.lang.String,java.lang.String)={[/v1/folders/{folderId}/name],methods=[PUT],produces=[application/hal+json]}, public org.springframework.http.ResponseEntity com.marcnuri.isotope.api.folder.FolderResource.moveMessage(java.lang.String,java.lang.Long,java.lang.String)={[/v1/folders/{fromFolderId}/messages/{messageId}/folder/{toFolderId}],methods=[PUT]}, public org.springframework.http.ResponseEntity com.marcnuri.isotope.api.folder.FolderResource.setMessageSeen(java.lang.String,java.lang.Long,boolean)={[/v1/folders/{folderId}/messages/{messageId}/seen],methods=[PUT]}}
13:25:56.234 [Test worker] INFO org.springframework.web.servlet.mvc.method.annotation.RequestMappingHandlerMapping - Mapped "{[/v1/folders/{folderId}/messages/{messageId}],methods=[GET]}" onto public org.springframework.http.ResponseEntity<com.marcnuri.isotope.api.message.MessageWithFolder> com.marcnuri.isotope.api.folder.FolderResource.getMessage(java.lang.String,java.lang.Long)
13:25:56.236 [Test worker] INFO org.springframework.web.servlet.mvc.method.annotation.RequestMappingHandlerMapping - Mapped "{[/v1/folders/{folderId}/messages/{messageId}/flagged],methods=[PUT]}" onto public org.springframework.http.ResponseEntity<java.lang.Void> com.marcnuri.isotope.api.folder.FolderResource.setMessageFlagged(java.lang.String,java.lang.Long,boolean)
13:25:56.236 [Test worker] INFO org.springframework.web.servlet.mvc.method.annotation.RequestMappingHandlerMapping - Mapped "{[/v1/folders/{folderId}],methods=[POST],produces=[application/hal+json]}" onto public org.springframework.http.ResponseEntity<com.marcnuri.isotope.api.folder.Folder> com.marcnuri.isotope.api.folder.FolderResource.createChildFolder(java.lang.String,java.lang.String)
13:25:56.237 [Test worker] INFO org.springframework.web.servlet.mvc.method.annotation.RequestMappingHandlerMapping - Mapped "{[/v1/folders/{folderId}/messages],methods=[DELETE]}" onto public org.springframework.http.ResponseEntity<com.marcnuri.isotope.api.folder.Folder> com.marcnuri.isotope.api.folder.FolderResource.deleteAllFolderMessages(java.lang.String)
13:25:56.237 [Test worker] INFO org.springframework.web.servlet.mvc.method.annotation.RequestMappingHandlerMapping - Mapped "{[/v1/folders/{folderId}/parent],methods=[PUT],produces=[application/hal+json]}" onto public org.springframework.http.ResponseEntity<com.marcnuri.isotope.api.folder.Folder> com.marcnuri.isotope.api.folder.FolderResource.moveFolder(java.lang.String,java.lang.String)
13:25:56.237 [Test worker] INFO org.springframework.web.servlet.mvc.method.annotation.RequestMappingHandlerMapping - Mapped "{[/v1/folders/{folderId}/messages/{messageId}/raw],methods=[GET]}" onto public org.springframework.http.ResponseEntity<java.lang.String> com.marcnuri.isotope.api.folder.FolderResource.getMessageRaw(java.lang.String,java.lang.Long)
13:25:56.238 [Test worker] INFO org.springframework.web.servlet.mvc.method.annotation.RequestMappingHandlerMapping - Mapped "{[/v1/folders/{folderId}/messages/seen/{seen}],methods=[PUT]}" onto public org.springframework.http.ResponseEntity<java.lang.Void> com.marcnuri.isotope.api.folder.FolderResource.setMessagesSeen(java.lang.String,java.lang.Boolean,java.util.List<java.lang.Long>)
13:25:56.238 [Test worker] INFO org.springframework.web.servlet.mvc.method.annotation.RequestMappingHandlerMapping - Mapped "{[/v1/folders],methods=[GET],produces=[application/hal+json]}" onto public org.springframework.http.ResponseEntity<java.util.List<com.marcnuri.isotope.api.folder.Folder>> com.marcnuri.isotope.api.folder.FolderResource.getFolders(java.lang.Boolean)
13:25:56.238 [Test worker] INFO org.springframework.web.servlet.mvc.method.annotation.RequestMappingHandlerMapping - Mapped "{[/v1/folders],methods=[POST],produces=[application/hal+json]}" onto public org.springframework.http.ResponseEntity<java.util.List<com.marcnuri.isotope.api.folder.Folder>> com.marcnuri.isotope.api.folder.FolderResource.createRootFolder(java.lang.String)
13:25:56.239 [Test worker] INFO org.springframework.web.servlet.mvc.method.annotation.RequestMappingHandlerMapping - Mapped "{[/v1/folders/{folderId}/messages],methods=[DELETE],params=[id]}" onto public org.springframework.http.ResponseEntity<com.marcnuri.isotope.api.folder.Folder> com.marcnuri.isotope.api.folder.FolderResource.deleteMessages(java.lang.String,java.util.List<java.lang.Long>)
13:25:56.239 [Test worker] INFO org.springframework.web.servlet.mvc.method.annotation.RequestMappingHandlerMapping - Mapped "{[/v1/folders/{folderId}/messages],methods=[GET],produces=[text/event-stream]}" onto public reactor.core.publisher.Flux<org.springframework.http.codec.ServerSentEvent<java.util.List<com.marcnuri.isotope.api.message.Message>>> com.marcnuri.isotope.api.folder.FolderResource.getMessages(java.lang.String,javax.servlet.http.HttpServletResponse)
13:25:56.240 [Test worker] INFO org.springframework.web.servlet.mvc.method.annotation.RequestMappingHandlerMapping - Mapped "{[/v1/folders/{folderId}/messages],methods=[GET]}" onto public org.springframework.http.ResponseEntity<java.util.List<com.marcnuri.isotope.api.message.Message>> com.marcnuri.isotope.api.folder.FolderResource.preloadMessages(java.lang.String,java.util.List<java.lang.Long>)
13:25:56.243 [Test worker] INFO org.springframework.web.servlet.mvc.method.annotation.RequestMappingHandlerMapping - Mapped "{[/v1/folders/{folderId}/messages/{messageId}/attachments/{id}],methods=[GET]}" onto public org.springframework.http.ResponseEntity<java.lang.Void> com.marcnuri.isotope.api.folder.FolderResource.getAttachment(java.lang.String,java.lang.Long,java.lang.String,java.lang.Boolean,javax.servlet.http.HttpServletResponse)
13:25:56.244 [Test worker] INFO org.springframework.web.servlet.mvc.method.annotation.RequestMappingHandlerMapping - Mapped "{[/v1/folders/{folderId}],methods=[DELETE],produces=[application/hal+json]}" onto public org.springframework.http.ResponseEntity<com.marcnuri.isotope.api.folder.Folder> com.marcnuri.isotope.api.folder.FolderResource.deleteFolder(java.lang.String)
13:25:56.244 [Test worker] INFO org.springframework.web.servlet.mvc.method.annotation.RequestMappingHandlerMapping - Mapped "{[/v1/folders/{fromFolderId}/messages/folder/{toFolderId}],methods=[PUT]}" onto public org.springframework.http.ResponseEntity<java.util.List<com.marcnuri.isotope.api.message.MessageWithFolder>> com.marcnuri.isotope.api.folder.FolderResource.moveMessages(java.lang.String,java.lang.String,java.util.List<java.lang.Long>)
13:25:56.245 [Test worker] INFO org.springframework.web.servlet.mvc.method.annotation.RequestMappingHandlerMapping - Mapped "{[/v1/folders/{folderId}/name],methods=[PUT],produces=[application/hal+json]}" onto public org.springframework.http.ResponseEntity<com.marcnuri.isotope.api.folder.Folder> com.marcnuri.isotope.api.folder.FolderResource.renameFolder(java.lang.String,java.lang.String)
13:25:56.245 [Test worker] INFO org.springframework.web.servlet.mvc.method.annotation.RequestMappingHandlerMapping - Mapped "{[/v1/folders/{fromFolderId}/messages/{messageId}/folder/{toFolderId}],methods=[PUT]}" onto public org.springframework.http.ResponseEntity<java.util.List<com.marcnuri.isotope.api.message.MessageWithFolder>> com.marcnuri.isotope.api.folder.FolderResource.moveMessage(java.lang.String,java.lang.Long,java.lang.String)
13:25:56.246 [Test worker] INFO org.springframework.web.servlet.mvc.method.annotation.RequestMappingHandlerMapping - Mapped "{[/v1/folders/{folderId}/messages/{messageId}/seen],methods=[PUT]}" onto public org.springframework.http.ResponseEntity<java.lang.Void> com.marcnuri.isotope.api.folder.FolderResource.setMessageSeen(java.lang.String,java.lang.Long,boolean)
13:25:56.696 [Test worker] DEBUG org.jboss.logging - Logging Provider: org.jboss.logging.Log4j2LoggerProvider
13:25:56.696 [Test worker] INFO org.hibernate.validator.internal.util.Version - HV000001: Hibernate Validator 6.0.11.Final
13:25:56.711 [Test worker] DEBUG org.hibernate.validator.internal.engine.resolver.TraversableResolvers - Cannot find javax.persistence.Persistence on classpath. Assuming non JPA 2 environment. All properties will per default be traversable.
13:25:56.734 [Test worker] DEBUG org.hibernate.validator.messageinterpolation.ResourceBundleMessageInterpolator - Loaded expression factory via original TCCL
13:25:56.735 [Test worker] DEBUG org.hibernate.validator.internal.engine.ConfigurationImpl - Setting custom MessageInterpolator of type org.springframework.validation.beanvalidation.LocaleContextMessageInterpolator
13:25:56.735 [Test worker] DEBUG org.hibernate.validator.internal.engine.ConfigurationImpl - Setting custom ParameterNameProvider of type org.springframework.validation.beanvalidation.LocalValidatorFactoryBean$1
13:25:56.741 [Test worker] DEBUG org.hibernate.validator.internal.xml.config.ValidationXmlParser - Trying to load META-INF/validation.xml for XML based Validator configuration.
13:25:56.743 [Test worker] DEBUG org.hibernate.validator.internal.xml.config.ResourceLoaderHelper - Trying to load META-INF/validation.xml via TCCL
13:25:56.744 [Test worker] DEBUG org.hibernate.validator.internal.xml.config.ResourceLoaderHelper - Trying to load META-INF/validation.xml via Hibernate Validator's class loader
13:25:56.744 [Test worker] DEBUG org.hibernate.validator.internal.xml.config.ValidationXmlParser - No META-INF/validation.xml found. Using annotation based configuration only.
13:25:56.921 [Test worker] DEBUG org.hibernate.validator.internal.engine.ValidatorFactoryImpl - HV000234: Using org.springframework.validation.beanvalidation.LocaleContextMessageInterpolator as ValidatorFactory-scoped message interpolator.
13:25:56.921 [Test worker] DEBUG org.hibernate.validator.internal.engine.ValidatorFactoryImpl - HV000234: Using org.hibernate.validator.internal.engine.resolver.TraverseAllTraversableResolver as ValidatorFactory-scoped traversable resolver.
13:25:56.921 [Test worker] DEBUG org.hibernate.validator.internal.engine.ValidatorFactoryImpl - HV000234: Using org.hibernate.validator.internal.util.ExecutableParameterNameProvider as ValidatorFactory-scoped parameter name provider.
13:25:56.922 [Test worker] DEBUG org.hibernate.validator.internal.engine.ValidatorFactoryImpl - HV000234: Using org.hibernate.validator.internal.engine.DefaultClockProvider as ValidatorFactory-scoped clock provider.
13:25:56.922 [Test worker] DEBUG org.hibernate.validator.internal.engine.ValidatorFactoryImpl - HV000234: Using org.hibernate.validator.internal.engine.scripting.DefaultScriptEvaluatorFactory as ValidatorFactory-scoped script evaluator factory.
13:25:57.031 [Test worker] INFO org.springframework.web.servlet.mvc.method.annotation.RequestMappingHandlerAdapter - Looking for @ControllerAdvice: org.springframework.test.web.servlet.setup.StubWebApplicationContext@4ff682c8
13:25:57.094 [Test worker] DEBUG org.springframework.web.servlet.mvc.method.annotation.ExceptionHandlerExceptionResolver - Looking for exception mappings: org.springframework.test.web.servlet.setup.StubWebApplicationContext@4ff682c8
13:25:57.124 [Test worker] DEBUG org.springframework.test.web.servlet.TestDispatcherServlet - Initializing servlet ''
13:25:57.125 [Test worker] INFO org.springframework.mock.web.MockServletContext - Initializing Spring FrameworkServlet ''
13:25:57.126 [Test worker] INFO org.springframework.test.web.servlet.TestDispatcherServlet - FrameworkServlet '': initialization started
13:25:57.129 [Test worker] DEBUG org.springframework.test.web.servlet.TestDispatcherServlet - Unable to locate MultipartResolver with name 'multipartResolver': no multipart request handling provided
13:25:57.129 [Test worker] DEBUG org.springframework.test.web.servlet.TestDispatcherServlet - Using LocaleResolver [org.springframework.web.servlet.i18n.AcceptHeaderLocaleResolver@6f8a5c31]
13:25:57.129 [Test worker] DEBUG org.springframework.test.web.servlet.TestDispatcherServlet - Using ThemeResolver [org.springframework.web.servlet.theme.FixedThemeResolver@6c3f9cae]
13:25:57.130 [Test worker] DEBUG org.springframework.test.web.servlet.TestDispatcherServlet - Using RequestToViewNameTranslator [org.springframework.web.servlet.view.DefaultRequestToViewNameTranslator@25bc22c5]
13:25:57.130 [Test worker] DEBUG org.springframework.test.web.servlet.TestDispatcherServlet - Using FlashMapManager [org.springframework.web.servlet.support.SessionFlashMapManager@48df6a36]
13:25:57.130 [Test worker] DEBUG org.springframework.test.web.servlet.TestDispatcherServlet - Published WebApplicationContext of servlet '' as ServletContext attribute with name [org.springframework.web.servlet.FrameworkServlet.CONTEXT.]
13:25:57.130 [Test worker] INFO org.springframework.test.web.servlet.TestDispatcherServlet - FrameworkServlet '': initialization completed in 4 ms
13:25:57.130 [Test worker] DEBUG org.springframework.test.web.servlet.TestDispatcherServlet - Servlet '' configured successfully
13:25:57.176 [Test worker] DEBUG org.springframework.test.web.servlet.TestDispatcherServlet - DispatcherServlet with name '' processing DELETE request for [/v1/folders/1337/messages]
13:25:57.178 [Test worker] DEBUG org.springframework.web.servlet.mvc.method.annotation.RequestMappingHandlerMapping - Looking up handler method for path /v1/folders/1337/messages
13:25:57.189 [Test worker] DEBUG org.springframework.web.servlet.mvc.method.annotation.RequestMappingHandlerMapping - Returning handler method [public org.springframework.http.ResponseEntity<com.marcnuri.isotope.api.folder.Folder> com.marcnuri.isotope.api.folder.FolderResource.deleteMessages(java.lang.String,java.util.List<java.lang.Long>)]
13:25:57.222 [Test worker] DEBUG com.marcnuri.isotope.api.folder.FolderResource - Deleting 1 messages for folder 1337 
13:25:57.222 [Test worker] DEBUG org.springframework.beans.factory.support.DefaultListableBeanFactory - Returning cached instance of singleton bean 'prototypeImapService'
13:25:57.548 [Test worker] DEBUG org.springframework.web.servlet.mvc.method.annotation.HttpEntityMethodProcessor - Written [links: [<http://localhost/v1/folders/1337>;rel="self", <http://localhost/v1/folders/1337/messages>;rel="messages", <http://localhost/v1/folders/1337>;rel="delete", <http://localhost/v1/folders/1337/name>;rel="rename", <http://localhost/v1/folders/1337/parent>;rel="move", <http://localhost/v1/folders/1337/messages/{messageId}>;rel="message", <http://localhost/v1/folders/1337/messages/{messageId}/flagged>;rel="message.flagged", <http://localhost/v1/folders/1337/messages/{messageId}/folder/{toFolderId}>;rel="message.move", <http://localhost/v1/folders/1337/messages/folder/{toFolderId}>;rel="message.move.bulk", <http://localhost/v1/folders/1337/messages/{messageId}/seen>;rel="message.seen", <http://localhost/v1/folders/1337/messages/seen/{seen}>;rel="message.seen.bulk"]] as "application/hal+json" using [org.springframework.http.converter.json.MappingJackson2HttpMessageConverter@3f853c51]
13:25:57.550 [Test worker] DEBUG org.springframework.test.web.servlet.TestDispatcherServlet - Null ModelAndView returned to DispatcherServlet with name '': assuming HandlerAdapter completed request handling
13:25:57.550 [Test worker] DEBUG org.springframework.test.web.servlet.TestDispatcherServlet - Successfully completed request
13:25:57.631 [Test worker] DEBUG com.jayway.jsonpath.internal.path.CompiledPath - Evaluating path: $['folderId']
13:25:57.637 [Test worker] DEBUG com.jayway.jsonpath.internal.path.CompiledPath - Evaluating path: $['_links']
13:25:57.639 [Test worker] DEBUG com.jayway.jsonpath.internal.path.CompiledPath - Evaluating path: $['_links']
13:25:57.640 [Test worker] DEBUG org.springframework.test.context.cache.DefaultCacheAwareContextLoaderDelegate - Retrieved ApplicationContext from cache with key [[MergedContextConfiguration@6692e92d testClass = FolderResourceTest, locations = '{}', classes = '{class com.marcnuri.isotope.api.folder.FolderResource}', contextInitializerClasses = '[]', activeProfiles = '{}', propertySourceLocations = '{}', propertySourceProperties = '{}', contextCustomizers = set[org.springframework.boot.test.autoconfigure.properties.PropertyMappingContextCustomizer@0, org.springframework.boot.test.autoconfigure.web.servlet.WebDriverContextCustomizerFactory$Customizer@2dc9ad67, org.springframework.boot.test.context.filter.ExcludeFilterContextCustomizer@7975bbf7, org.springframework.boot.test.json.DuplicateJsonObjectContextCustomizerFactory$DuplicateJsonObjectContextCustomizer@2dd9ed03, org.springframework.boot.test.mock.mockito.MockitoContextCustomizer@570072aa], contextLoader = 'org.springframework.test.context.support.DelegatingSmartContextLoader', parent = [null]]]
13:25:57.640 [Test worker] DEBUG org.springframework.test.context.cache - Spring test ApplicationContext cache statistics: [DefaultContextCache@10c13e31 size = 2, maxSize = 32, parentContextCount = 0, hitCount = 38, missCount = 2]
13:25:57.640 [Test worker] DEBUG org.springframework.beans.factory.support.DefaultListableBeanFactory - Returning cached instance of singleton bean 'org.springframework.boot.test.mock.mockito.MockitoBeans'
13:25:57.641 [Test worker] DEBUG org.springframework.test.context.cache.DefaultCacheAwareContextLoaderDelegate - Retrieved ApplicationContext from cache with key [[MergedContextConfiguration@6692e92d testClass = FolderResourceTest, locations = '{}', classes = '{class com.marcnuri.isotope.api.folder.FolderResource}', contextInitializerClasses = '[]', activeProfiles = '{}', propertySourceLocations = '{}', propertySourceProperties = '{}', contextCustomizers = set[org.springframework.boot.test.autoconfigure.properties.PropertyMappingContextCustomizer@0, org.springframework.boot.test.autoconfigure.web.servlet.WebDriverContextCustomizerFactory$Customizer@2dc9ad67, org.springframework.boot.test.context.filter.ExcludeFilterContextCustomizer@7975bbf7, org.springframework.boot.test.json.DuplicateJsonObjectContextCustomizerFactory$DuplicateJsonObjectContextCustomizer@2dd9ed03, org.springframework.boot.test.mock.mockito.MockitoContextCustomizer@570072aa], contextLoader = 'org.springframework.test.context.support.DelegatingSmartContextLoader', parent = [null]]]
13:25:57.641 [Test worker] DEBUG org.springframework.test.context.cache - Spring test ApplicationContext cache statistics: [DefaultContextCache@10c13e31 size = 2, maxSize = 32, parentContextCount = 0, hitCount = 39, missCount = 2]
13:25:57.641 [Test worker] DEBUG org.springframework.test.context.cache.DefaultCacheAwareContextLoaderDelegate - Retrieved ApplicationContext from cache with key [[MergedContextConfiguration@6692e92d testClass = FolderResourceTest, locations = '{}', classes = '{class com.marcnuri.isotope.api.folder.FolderResource}', contextInitializerClasses = '[]', activeProfiles = '{}', propertySourceLocations = '{}', propertySourceProperties = '{}', contextCustomizers = set[org.springframework.boot.test.autoconfigure.properties.PropertyMappingContextCustomizer@0, org.springframework.boot.test.autoconfigure.web.servlet.WebDriverContextCustomizerFactory$Customizer@2dc9ad67, org.springframework.boot.test.context.filter.ExcludeFilterContextCustomizer@7975bbf7, org.springframework.boot.test.json.DuplicateJsonObjectContextCustomizerFactory$DuplicateJsonObjectContextCustomizer@2dd9ed03, org.springframework.boot.test.mock.mockito.MockitoContextCustomizer@570072aa], contextLoader = 'org.springframework.test.context.support.DelegatingSmartContextLoader', parent = [null]]]
13:25:57.641 [Test worker] DEBUG org.springframework.test.context.cache - Spring test ApplicationContext cache statistics: [DefaultContextCache@10c13e31 size = 2, maxSize = 32, parentContextCount = 0, hitCount = 40, missCount = 2]
13:25:57.641 [Test worker] DEBUG reactor.core.publisher.Hooks - Reset to factory defaults : onLastOperator
13:25:57.642 [Test worker] DEBUG org.springframework.test.context.support.AbstractDirtiesContextTestExecutionListener - After test method: context [DefaultTestContext@2ff6fc48 testClass = FolderResourceTest, testInstance = com.marcnuri.isotope.api.folder.FolderResourceTest@7aab19e, testMethod = deleteMessages_validFolderAndValidIds_shouldReturnOk@FolderResourceTest, testException = [null], mergedContextConfiguration = [MergedContextConfiguration@6692e92d testClass = FolderResourceTest, locations = '{}', classes = '{class com.marcnuri.isotope.api.folder.FolderResource}', contextInitializerClasses = '[]', activeProfiles = '{}', propertySourceLocations = '{}', propertySourceProperties = '{}', contextCustomizers = set[org.springframework.boot.test.autoconfigure.properties.PropertyMappingContextCustomizer@0, org.springframework.boot.test.autoconfigure.web.servlet.WebDriverContextCustomizerFactory$Customizer@2dc9ad67, org.springframework.boot.test.context.filter.ExcludeFilterContextCustomizer@7975bbf7, org.springframework.boot.test.json.DuplicateJsonObjectContextCustomizerFactory$DuplicateJsonObjectContextCustomizer@2dd9ed03, org.springframework.boot.test.mock.mockito.MockitoContextCustomizer@570072aa], contextLoader = 'org.springframework.test.context.support.DelegatingSmartContextLoader', parent = [null]], attributes = map[[empty]]], class annotated with @DirtiesContext [false] with mode [null], method annotated with @DirtiesContext [false] with mode [null].
13:25:57.642 [Test worker] DEBUG org.springframework.test.annotation.ProfileValueUtils - Retrieved @ProfileValueSourceConfiguration [null] for test class [com.marcnuri.isotope.api.folder.FolderResourceTest]
13:25:57.642 [Test worker] DEBUG org.springframework.test.annotation.ProfileValueUtils - Retrieved ProfileValueSource type [class org.springframework.test.annotation.SystemProfileValueSource] for class [com.marcnuri.isotope.api.folder.FolderResourceTest]
13:25:57.643 [Test worker] DEBUG org.springframework.test.context.cache.DefaultCacheAwareContextLoaderDelegate - Retrieved ApplicationContext from cache with key [[MergedContextConfiguration@6692e92d testClass = FolderResourceTest, locations = '{}', classes = '{class com.marcnuri.isotope.api.folder.FolderResource}', contextInitializerClasses = '[]', activeProfiles = '{}', propertySourceLocations = '{}', propertySourceProperties = '{}', contextCustomizers = set[org.springframework.boot.test.autoconfigure.properties.PropertyMappingContextCustomizer@0, org.springframework.boot.test.autoconfigure.web.servlet.WebDriverContextCustomizerFactory$Customizer@2dc9ad67, org.springframework.boot.test.context.filter.ExcludeFilterContextCustomizer@7975bbf7, org.springframework.boot.test.json.DuplicateJsonObjectContextCustomizerFactory$DuplicateJsonObjectContextCustomizer@2dd9ed03, org.springframework.boot.test.mock.mockito.MockitoContextCustomizer@570072aa], contextLoader = 'org.springframework.test.context.support.DelegatingSmartContextLoader', parent = [null]]]
13:25:57.643 [Test worker] DEBUG org.springframework.test.context.cache - Spring test ApplicationContext cache statistics: [DefaultContextCache@10c13e31 size = 2, maxSize = 32, parentContextCount = 0, hitCount = 41, missCount = 2]
13:25:57.643 [Test worker] DEBUG org.springframework.beans.factory.support.DefaultListableBeanFactory - Returning cached instance of singleton bean 'org.springframework.boot.test.mock.mockito.MockitoPostProcessor'
13:25:57.643 [Test worker] DEBUG org.springframework.beans.factory.support.DefaultListableBeanFactory - Returning cached instance of singleton bean 'prototypeImapService'
13:25:57.643 [Test worker] DEBUG org.springframework.test.context.support.DependencyInjectionTestExecutionListener - Performing dependency injection for test context [[DefaultTestContext@2ff6fc48 testClass = FolderResourceTest, testInstance = com.marcnuri.isotope.api.folder.FolderResourceTest@341bc395, testMethod = [null], testException = [null], mergedContextConfiguration = [MergedContextConfiguration@6692e92d testClass = FolderResourceTest, locations = '{}', classes = '{class com.marcnuri.isotope.api.folder.FolderResource}', contextInitializerClasses = '[]', activeProfiles = '{}', propertySourceLocations = '{}', propertySourceProperties = '{}', contextCustomizers = set[org.springframework.boot.test.autoconfigure.properties.PropertyMappingContextCustomizer@0, org.springframework.boot.test.autoconfigure.web.servlet.WebDriverContextCustomizerFactory$Customizer@2dc9ad67, org.springframework.boot.test.context.filter.ExcludeFilterContextCustomizer@7975bbf7, org.springframework.boot.test.json.DuplicateJsonObjectContextCustomizerFactory$DuplicateJsonObjectContextCustomizer@2dd9ed03, org.springframework.boot.test.mock.mockito.MockitoContextCustomizer@570072aa], contextLoader = 'org.springframework.test.context.support.DelegatingSmartContextLoader', parent = [null]], attributes = map[[empty]]]].
13:25:57.643 [Test worker] DEBUG org.springframework.test.context.cache.DefaultCacheAwareContextLoaderDelegate - Retrieved ApplicationContext from cache with key [[MergedContextConfiguration@6692e92d testClass = FolderResourceTest, locations = '{}', classes = '{class com.marcnuri.isotope.api.folder.FolderResource}', contextInitializerClasses = '[]', activeProfiles = '{}', propertySourceLocations = '{}', propertySourceProperties = '{}', contextCustomizers = set[org.springframework.boot.test.autoconfigure.properties.PropertyMappingContextCustomizer@0, org.springframework.boot.test.autoconfigure.web.servlet.WebDriverContextCustomizerFactory$Customizer@2dc9ad67, org.springframework.boot.test.context.filter.ExcludeFilterContextCustomizer@7975bbf7, org.springframework.boot.test.json.DuplicateJsonObjectContextCustomizerFactory$DuplicateJsonObjectContextCustomizer@2dd9ed03, org.springframework.boot.test.mock.mockito.MockitoContextCustomizer@570072aa], contextLoader = 'org.springframework.test.context.support.DelegatingSmartContextLoader', parent = [null]]]
13:25:57.643 [Test worker] DEBUG org.springframework.test.context.cache - Spring test ApplicationContext cache statistics: [DefaultContextCache@10c13e31 size = 2, maxSize = 32, parentContextCount = 0, hitCount = 42, missCount = 2]
13:25:57.643 [Test worker] DEBUG org.springframework.beans.factory.annotation.InjectionMetadata - Processing injected element of bean 'com.marcnuri.isotope.api.folder.FolderResourceTest': AutowiredFieldElement for private com.marcnuri.isotope.api.folder.FolderResource com.marcnuri.isotope.api.folder.FolderResourceTest.folderResource
13:25:57.644 [Test worker] DEBUG org.springframework.beans.factory.support.DefaultListableBeanFactory - Returning cached instance of singleton bean 'folderResource'
13:25:57.644 [Test worker] DEBUG org.springframework.test.context.support.AbstractDirtiesContextTestExecutionListener - Before test method: context [DefaultTestContext@2ff6fc48 testClass = FolderResourceTest, testInstance = com.marcnuri.isotope.api.folder.FolderResourceTest@341bc395, testMethod = deleteFolder_validFolderAndNewName_shouldReturnOk@FolderResourceTest, testException = [null], mergedContextConfiguration = [MergedContextConfiguration@6692e92d testClass = FolderResourceTest, locations = '{}', classes = '{class com.marcnuri.isotope.api.folder.FolderResource}', contextInitializerClasses = '[]', activeProfiles = '{}', propertySourceLocations = '{}', propertySourceProperties = '{}', contextCustomizers = set[org.springframework.boot.test.autoconfigure.properties.PropertyMappingContextCustomizer@0, org.springframework.boot.test.autoconfigure.web.servlet.WebDriverContextCustomizerFactory$Customizer@2dc9ad67, org.springframework.boot.test.context.filter.ExcludeFilterContextCustomizer@7975bbf7, org.springframework.boot.test.json.DuplicateJsonObjectContextCustomizerFactory$DuplicateJsonObjectContextCustomizer@2dd9ed03, org.springframework.boot.test.mock.mockito.MockitoContextCustomizer@570072aa], contextLoader = 'org.springframework.test.context.support.DelegatingSmartContextLoader', parent = [null]], attributes = map[[empty]]], class annotated with @DirtiesContext [false] with mode [null], method annotated with @DirtiesContext [false] with mode [null].
13:25:57.644 [Test worker] DEBUG reactor.core.publisher.Hooks - Hooking onLastOperator: reactor.core.publisher.Operators$LiftFunction@4e044968
13:25:57.645 [Test worker] DEBUG org.springframework.test.context.cache.DefaultCacheAwareContextLoaderDelegate - Retrieved ApplicationContext from cache with key [[MergedContextConfiguration@6692e92d testClass = FolderResourceTest, locations = '{}', classes = '{class com.marcnuri.isotope.api.folder.FolderResource}', contextInitializerClasses = '[]', activeProfiles = '{}', propertySourceLocations = '{}', propertySourceProperties = '{}', contextCustomizers = set[org.springframework.boot.test.autoconfigure.properties.PropertyMappingContextCustomizer@0, org.springframework.boot.test.autoconfigure.web.servlet.WebDriverContextCustomizerFactory$Customizer@2dc9ad67, org.springframework.boot.test.context.filter.ExcludeFilterContextCustomizer@7975bbf7, org.springframework.boot.test.json.DuplicateJsonObjectContextCustomizerFactory$DuplicateJsonObjectContextCustomizer@2dd9ed03, org.springframework.boot.test.mock.mockito.MockitoContextCustomizer@570072aa], contextLoader = 'org.springframework.test.context.support.DelegatingSmartContextLoader', parent = [null]]]
13:25:57.645 [Test worker] DEBUG org.springframework.test.context.cache - Spring test ApplicationContext cache statistics: [DefaultContextCache@10c13e31 size = 2, maxSize = 32, parentContextCount = 0, hitCount = 43, missCount = 2]
13:25:57.645 [Test worker] DEBUG org.springframework.beans.factory.support.DefaultListableBeanFactory - Returning cached instance of singleton bean 'org.springframework.boot.test.mock.mockito.MockitoBeans'
13:25:57.646 [Test worker] DEBUG org.springframework.core.env.StandardEnvironment - Adding PropertySource 'systemProperties' with lowest search precedence
13:25:57.646 [Test worker] DEBUG org.springframework.core.env.StandardEnvironment - Adding PropertySource 'systemEnvironment' with lowest search precedence
13:25:57.646 [Test worker] DEBUG org.springframework.core.env.StandardEnvironment - Initialized StandardEnvironment with PropertySources [MapPropertySource@855646117 {name='systemProperties', properties={java.runtime.name=OpenJDK Runtime Environment, sun.boot.library.path=C:\Program Files\AdoptOpenJDK\jdk-8.0.242.08-hotspot\jre\bin, java.vm.version=25.242-b08, java.vm.vendor=, java.vendor.url=http://java.oracle.com/, path.separator=;, java.vm.name=OpenJDK 64-Bit Server VM, file.encoding.pkg=sun.io, user.script=, sun.java.launcher=SUN_STANDARD, user.country=GB, sun.os.patch.level=, java.vm.specification.name=Java Virtual Machine Specification, user.dir=C:\azure-devops\git\eShopOnContainers\src\Web\WebImapClient\Client\server, java.runtime.version=1.8.0_242-b08, java.awt.graphicsenv=sun.awt.Win32GraphicsEnvironment, java.endorsed.dirs=C:\Program Files\AdoptOpenJDK\jdk-8.0.242.08-hotspot\jre\lib\endorsed, os.arch=amd64, java.io.tmpdir=C:\Users\jorge\AppData\Local\Temp\, line.separator=
, java.vm.specification.vendor=Oracle Corporation, user.variant=, os.name=Windows 10, sun.jnu.encoding=Cp1252, java.library.path=C:\Program Files\AdoptOpenJDK\jdk-8.0.242.08-hotspot\bin;C:\Windows\Sun\Java\bin;C:\Windows\system32;C:\Windows;C:\Program Files\AdoptOpenJDK\jdk-8.0.242.08-hotspot\bin;C:\Program Files (x86)\Common Files\Oracle\Java\javapath;C:\Python27\;C:\Python27\Scripts;C:\ProgramData\DockerDesktop\version-bin;C:\Program Files\Docker\Docker\Resources\bin;C:\Windows\system32;C:\Windows;C:\Windows\System32\Wbem;C:\Windows\System32\WindowsPowerShell\v1.0\;C:\Windows\System32\OpenSSH\;C:\Program Files (x86)\NVIDIA Corporation\PhysX\Common;C:\Program Files\dotnet\;C:\Program Files\Microsoft SQL Server\130\Tools\Binn\;C:\Program Files\Microsoft SQL Server\Client SDK\ODBC\170\Tools\Binn\;C:\Program Files (x86)\Microsoft SQL Server\150\DTS\Binn\;C:\Program Files\Git\cmd;C:\Program Files (x86)\Microsoft ASP.NET\ASP.NET Web Pages\v1.0\;C:\Program Files\Microsoft SQL Server\110\Tools\Binn\;C:\Windows\system32\config\systemprofile\.dnx\bin;C:\Program Files\Microsoft DNX\Dnvm\;C:\Program Files\nodejs\;C:\ProgramData\chocolatey\bin;C:\Program Files\Microsoft\Web Platform Installer\;C:\Users\jorge\AppData\Local\Microsoft\WindowsApps;C:\Users\jorge\AppData\Local\Programs\Microsoft VS Code\bin;C:\Users\jorge\.dotnet\tools;C:\Users\jorge\AppData\Roaming\npm;C:\Users\jorge\AppData\Local\GitHubDesktop\bin;., java.specification.name=Java Platform API Specification, java.class.version=52.0, org.gradle.native=false, sun.management.compiler=HotSpot 64-Bit Tiered Compilers, os.version=10.0, user.home=C:\Users\jorge, user.timezone=Europe/Paris, java.awt.printerjob=sun.awt.windows.WPrinterJob, file.encoding=windows-1252, java.specification.version=1.8, java.class.path=C:\azure-devops\git\eShopOnContainers\src\Web\WebImapClient\Client\server\build\classes\java\test;C:\azure-devops\git\eShopOnContainers\src\Web\WebImapClient\Client\server\build\resources\test;C:\azure-devops\git\eShopOnContainers\src\Web\WebImapClient\Client\server\build\classes\java\main;C:\azure-devops\git\eShopOnContainers\src\Web\WebImapClient\Client\server\build\resources\main;C:\Users\jorge\.gradle\caches\modules-2\files-2.1\org.springframework.boot\spring-boot-starter-actuator\2.0.4.RELEASE\24e901473279d9c18e0a0f8037d58b18c8297dca\spring-boot-starter-actuator-2.0.4.RELEASE.jar;C:\Users\jorge\.gradle\caches\modules-2\files-2.1\org.springframework.boot\spring-boot-starter-security\2.0.4.RELEASE\2ac314e5985fd9ae0d2acaea450f4f6c3dbd7f92\spring-boot-starter-security-2.0.4.RELEASE.jar;C:\Users\jorge\.gradle\caches\modules-2\files-2.1\org.springframework.boot\spring-boot-starter-webflux\2.0.4.RELEASE\a52fcd02fb6129e14f2b4b36acc5748368563c93\spring-boot-starter-webflux-2.0.4.RELEASE.jar;C:\Users\jorge\.gradle\caches\modules-2\files-2.1\org.springframework.boot\spring-boot-starter-test\2.0.4.RELEASE\8f473705d2742b669f0318f10a956f94a93ba3d2\spring-boot-starter-test-2.0.4.RELEASE.jar;C:\Users\jorge\.gradle\caches\modules-2\files-2.1\org.springframework.boot\spring-boot-starter-hateoas\2.0.4.RELEASE\2f115bebeffea81859c6d874457fa8db16b10747\spring-boot-starter-hateoas-2.0.4.RELEASE.jar;C:\Users\jorge\.gradle\caches\modules-2\files-2.1\org.springframework.boot\spring-boot-starter-web\2.0.4.RELEASE\98d49e981ecf804da877d84259b7b0d1ec2fb6f6\spring-boot-starter-web-2.0.4.RELEASE.jar;C:\Users\jorge\.gradle\caches\modules-2\files-2.1\org.springframework.boot\spring-boot-starter-json\2.0.4.RELEASE\c7afabf0d7c85db178da4ce0634e3bd2ddb0eb71\spring-boot-starter-json-2.0.4.RELEASE.jar;C:\Users\jorge\.gradle\caches\modules-2\files-2.1\org.springframework.boot\spring-boot-starter\2.0.4.RELEASE\ec46c63a2adeee40058eff1a6baefca13975dc94\spring-boot-starter-2.0.4.RELEASE.jar;C:\Users\jorge\.gradle\caches\modules-2\files-2.1\com.sun.mail\javax.mail\1.6.1\757ba4630692bb2a1ec2d9d57a616b63f15e947e\javax.mail-1.6.1.jar;C:\Users\jorge\.gradle\caches\modules-2\files-2.1\org.springframework.boot\spring-boot-actuator-autoconfigure\2.0.4.RELEASE\2cadc1d20a1f9ee667a608cfee154138e954f5f2\spring-boot-actuator-autoconfigure-2.0.4.RELEASE.jar;C:\Users\jorge\.gradle\caches\modules-2\files-2.1\com.fasterxml.jackson.datatype\jackson-datatype-jsr310\2.9.6\ea54f6193d224e5e5732bbd4262327eb465397c2\jackson-datatype-jsr310-2.9.6.jar;C:\Users\jorge\.gradle\caches\modules-2\files-2.1\commons-io\commons-io\2.6\815893df5f31da2ece4040fe0a12fd44b577afaf\commons-io-2.6.jar;C:\Users\jorge\.gradle\caches\modules-2\files-2.1\org.springframework.security\spring-security-test\5.0.7.RELEASE\a74c9ab10d53baa3bb7a731753fe0c6d9ab9d848\spring-security-test-5.0.7.RELEASE.jar;C:\Users\jorge\.gradle\caches\modules-2\files-2.1\com.marcnuri\spring-common-test\0.0.2\da9c2c5e849c7dcbbe99d190bedffa5e6fe450a5\spring-common-test-0.0.2.jar;C:\Users\jorge\.gradle\caches\modules-2\files-2.1\org.hamcrest\java-hamcrest\2.0.0.0\f1c8853ade0ecf707f5a261c830e98893983813\java-hamcrest-2.0.0.0.jar;C:\Users\jorge\.gradle\caches\modules-2\files-2.1\org.powermock\powermock-module-junit4\2.0.0-RC.3\b9a04b492e2b93e93617ba457f76aebbf00fc221\powermock-module-junit4-2.0.0-RC.3.jar;C:\Users\jorge\.gradle\caches\modules-2\files-2.1\org.powermock\powermock-api-mockito2\2.0.0-RC.3\f85a8404be063ef15c5fdd3745b11d2fba875fcd\powermock-api-mockito2-2.0.0-RC.3.jar;C:\Users\jorge\.gradle\caches\modules-2\files-2.1\org.springframework.boot\spring-boot-test-autoconfigure\2.0.4.RELEASE\8a2e3f31e607fdb08deda2f59263ce177f1c4310\spring-boot-test-autoconfigure-2.0.4.RELEASE.jar;C:\Users\jorge\.gradle\caches\modules-2\files-2.1\org.springframework.boot\spring-boot-test\2.0.4.RELEASE\8a17fc3cf16b6d75f2ba132ade04409a670095de\spring-boot-test-2.0.4.RELEASE.jar;C:\Users\jorge\.gradle\caches\modules-2\files-2.1\org.springframework.boot\spring-boot-autoconfigure\2.0.4.RELEASE\65cd1244d606acc02ab7bfc47a203a3fe2400dda\spring-boot-autoconfigure-2.0.4.RELEASE.jar;C:\Users\jorge\.gradle\caches\modules-2\files-2.1\org.springframework.boot\spring-boot-actuator\2.0.4.RELEASE\9c02c968eb50a7cdc14fc4c7b586d767df6dc48d\spring-boot-actuator-2.0.4.RELEASE.jar;C:\Users\jorge\.gradle\caches\modules-2\files-2.1\org.springframework.boot\spring-boot\2.0.4.RELEASE\c8619c5b06d4dcdb4cac1e5e9c839e6e8b1c8574\spring-boot-2.0.4.RELEASE.jar;C:\Users\jorge\.gradle\caches\modules-2\files-2.1\org.springframework.boot\spring-boot-starter-logging\2.0.4.RELEASE\dcd1a2c431c970f44adae64d9145133979a513ab\spring-boot-starter-logging-2.0.4.RELEASE.jar;C:\Users\jorge\.gradle\caches\modules-2\files-2.1\org.springframework.boot\spring-boot-starter-tomcat\2.0.4.RELEASE\dcf28989a34b0801fea0e810c371fb9dab1e7784\spring-boot-starter-tomcat-2.0.4.RELEASE.jar;C:\Users\jorge\.gradle\caches\modules-2\files-2.1\javax.annotation\javax.annotation-api\1.3.2\934c04d3cfef185a8008e7bf34331b79730a9d43\javax.annotation-api-1.3.2.jar;C:\Users\jorge\.gradle\caches\modules-2\files-2.1\org.springframework.security\spring-security-config\5.0.7.RELEASE\d702e01048687db4ec6c97fb32d28ffbe348b3e\spring-security-config-5.0.7.RELEASE.jar;C:\Users\jorge\.gradle\caches\modules-2\files-2.1\org.springframework.security\spring-security-web\5.0.7.RELEASE\bab3ed579d4550bb5cc40b0a7fddd0106db7c66\spring-security-web-5.0.7.RELEASE.jar;C:\Users\jorge\.gradle\caches\modules-2\files-2.1\org.springframework.hateoas\spring-hateoas\0.25.0.RELEASE\22d1abd575426709734ab83e7d81d6deb4addbf6\spring-hateoas-0.25.0.RELEASE.jar;C:\Users\jorge\.gradle\caches\modules-2\files-2.1\org.springframework\spring-webflux\5.0.8.RELEASE\d16ce1cf6f95771e821619d6ef13c1f0333fafb\spring-webflux-5.0.8.RELEASE.jar;C:\Users\jorge\.gradle\caches\modules-2\files-2.1\org.springframework\spring-webmvc\5.0.8.RELEASE\7e5fe57590ca8e4468e50fe1d92b0b67aa4a327a\spring-webmvc-5.0.8.RELEASE.jar;C:\Users\jorge\.gradle\caches\modules-2\files-2.1\org.springframework\spring-web\5.0.8.RELEASE\fa43cdadb4ab2491fd1d0ddb06c0808e4b60fc85\spring-web-5.0.8.RELEASE.jar;C:\Users\jorge\.gradle\caches\modules-2\files-2.1\org.springframework\spring-test\5.0.8.RELEASE\5782619373bd7e7b7d9106203c317b04bb613ebb\spring-test-5.0.8.RELEASE.jar;C:\Users\jorge\.gradle\caches\modules-2\files-2.1\org.springframework.security\spring-security-core\5.0.7.RELEASE\40a0c57af6b4c3f8c611216d2579c6ab19672694\spring-security-core-5.0.7.RELEASE.jar;C:\Users\jorge\.gradle\caches\modules-2\files-2.1\org.springframework.plugin\spring-plugin-core\1.2.0.RELEASE\f380e7760032e7d929184f8ad8a33716b75c0657\spring-plugin-core-1.2.0.RELEASE.jar;C:\Users\jorge\.gradle\caches\modules-2\files-2.1\org.springframework\spring-context\5.0.8.RELEASE\3a067d8990761111c9b6d1d895640be26cc1fb38\spring-context-5.0.8.RELEASE.jar;C:\Users\jorge\.gradle\caches\modules-2\files-2.1\org.springframework\spring-aop\5.0.8.RELEASE\f5086c1a3185c481104511837427b39a07a57aa2\spring-aop-5.0.8.RELEASE.jar;C:\Users\jorge\.gradle\caches\modules-2\files-2.1\org.springframework\spring-beans\5.0.8.RELEASE\5fc965d3e7f5515099244857a8ae9e2a208c169b\spring-beans-5.0.8.RELEASE.jar;C:\Users\jorge\.gradle\caches\modules-2\files-2.1\org.springframework\spring-expression\5.0.8.RELEASE\f23158f22c917df2cddf2ecebc398a9e95f95fae\spring-expression-5.0.8.RELEASE.jar;C:\Users\jorge\.gradle\caches\modules-2\files-2.1\org.springframework\spring-core\5.0.8.RELEASE\dc39c49e3246cdf73d3786ac41119140aed3fa08\spring-core-5.0.8.RELEASE.jar;C:\Users\jorge\.gradle\caches\modules-2\files-2.1\org.yaml\snakeyaml\1.19\2d998d3d674b172a588e54ab619854d073f555b5\snakeyaml-1.19.jar;C:\Users\jorge\.gradle\caches\modules-2\files-2.1\io.micrometer\micrometer-core\1.0.6\50299bc8a34c251d62311bbb1a297f3942a82e42\micrometer-core-1.0.6.jar;C:\Users\jorge\.gradle\caches\modules-2\files-2.1\org.springframework.boot\spring-boot-starter-reactor-netty\2.0.4.RELEASE\ed4ac88f7fc699a9cbb6ee804a26e2e30239ca35\spring-boot-starter-reactor-netty-2.0.4.RELEASE.jar;C:\Users\jorge\.gradle\caches\modules-2\files-2.1\org.hibernate.validator\hibernate-validator\6.0.11.Final\36f9d10a11e4768f55e8fb91ebe4338a5c43954e\hibernate-validator-6.0.11.Final.jar;C:\Users\jorge\.gradle\caches\modules-2\files-2.1\org.synchronoss.cloud\nio-multipart-parser\1.1.0\c6c417fec6612584b1c34d4dd98c5a4e47e8c754\nio-multipart-parser-1.1.0.jar;C:\Users\jorge\.gradle\caches\modules-2\files-2.1\javax.activation\activation\1.1\e6cb541461c2834bdea3eb920f1884d1eb508b50\activation-1.1.jar;C:\Users\jorge\.gradle\caches\modules-2\files-2.1\com.fasterxml.jackson.datatype\jackson-datatype-jdk8\2.9.6\456895fc91bf7180b216fead220373e6278230c9\jackson-datatype-jdk8-2.9.6.jar;C:\Users\jorge\.gradle\caches\modules-2\files-2.1\com.fasterxml.jackson.module\jackson-module-parameter-names\2.9.6\129acd77a4b6ee30d62d3a0899b1344c8ec2bff8\jackson-module-parameter-names-2.9.6.jar;C:\Users\jorge\.gradle\caches\modules-2\files-2.1\com.fasterxml.jackson.core\jackson-databind\2.9.6\cfa4f316351a91bfd95cb0644c6a2c95f52db1fc\jackson-databind-2.9.6.jar;C:\Users\jorge\.gradle\caches\modules-2\files-2.1\com.fasterxml.jackson.core\jackson-annotations\2.9.0\7c10d545325e3a6e72e06381afe469fd40eb701\jackson-annotations-2.9.0.jar;C:\Users\jorge\.gradle\caches\modules-2\files-2.1\com.fasterxml.jackson.core\jackson-core\2.9.6\4e393793c37c77e042ccc7be5a914ae39251b365\jackson-core-2.9.6.jar;C:\Users\jorge\.gradle\caches\modules-2\files-2.1\com.jayway.jsonpath\json-path\2.4.0\765a4401ceb2dc8d40553c2075eb80a8fa35c2ae\json-path-2.4.0.jar;C:\Users\jorge\.gradle\caches\modules-2\files-2.1\org.powermock\powermock-module-junit4-common\2.0.0-RC.3\f09137abdf1aeea2df214037eab50ed864602c9a\powermock-module-junit4-common-2.0.0-RC.3.jar;C:\Users\jorge\.gradle\caches\modules-2\files-2.1\junit\junit\4.12\2973d150c0dc1fefe998f834810d68f278ea58ec\junit-4.12.jar;C:\Users\jorge\.gradle\caches\modules-2\files-2.1\org.assertj\assertj-core\3.9.1\c5ce126b15f28d56cd8f960c1a6a058b9c9aea87\assertj-core-3.9.1.jar;C:\Users\jorge\.gradle\caches\modules-2\files-2.1\org.mockito\mockito-core\2.15.0\b84bfbbc29cd22c9529409627af6ea2897f4fa85\mockito-core-2.15.0.jar;C:\Users\jorge\.gradle\caches\modules-2\files-2.1\org.hamcrest\hamcrest-library\1.3\4785a3c21320980282f9f33d0d1264a69040538f\hamcrest-library-1.3.jar;C:\Users\jorge\.gradle\caches\modules-2\files-2.1\org.hamcrest\hamcrest-core\1.3\42a25dc3219429f0e5d060061f71acb49bf010a0\hamcrest-core-1.3.jar;C:\Users\jorge\.gradle\caches\modules-2\files-2.1\org.skyscreamer\jsonassert\1.5.0\6c9d5fe2f59da598d9aefc1cfc6528ff3cf32df3\jsonassert-1.5.0.jar;C:\Users\jorge\.gradle\caches\modules-2\files-2.1\org.xmlunit\xmlunit-core\2.5.1\4ffdb346572a7356f7521cd3119ce5287d2e339d\xmlunit-core-2.5.1.jar;C:\Users\jorge\.gradle\caches\modules-2\files-2.1\org.powermock\powermock-api-support\2.0.0-RC.3\a23d6bdbcf865513c9f6992134152be80504e499\powermock-api-support-2.0.0-RC.3.jar;C:\Users\jorge\.gradle\caches\modules-2\files-2.1\ch.qos.logback\logback-classic\1.2.3\7c4f3c474fb2c041d8028740440937705ebb473a\logback-classic-1.2.3.jar;C:\Users\jorge\.gradle\caches\modules-2\files-2.1\org.apache.logging.log4j\log4j-to-slf4j\2.10.0\f7e631ccf49cfc0aefa4a2a728da7d374c05bd3c\log4j-to-slf4j-2.10.0.jar;C:\Users\jorge\.gradle\caches\modules-2\files-2.1\org.slf4j\jul-to-slf4j\1.7.25\af5364cd6679bfffb114f0dec8a157aaa283b76\jul-to-slf4j-1.7.25.jar;C:\Users\jorge\.gradle\caches\modules-2\files-2.1\org.springframework\spring-jcl\5.0.8.RELEASE\a1fa8fb560fb252321776e16bc9ac8201af4ef5e\spring-jcl-5.0.8.RELEASE.jar;C:\Users\jorge\.gradle\caches\modules-2\files-2.1\org.hdrhistogram\HdrHistogram\2.1.10\9e1ac84eed220281841b75e72fb9de5a297fbf04\HdrHistogram-2.1.10.jar;C:\Users\jorge\.gradle\caches\modules-2\files-2.1\org.latencyutils\LatencyUtils\2.0.3\769c0b82cb2421c8256300e907298a9410a2a3d3\LatencyUtils-2.0.3.jar;C:\Users\jorge\.gradle\caches\modules-2\files-2.1\org.synchronoss.cloud\nio-stream-storage\1.1.3\986dba5f6e5eed20f0dba6ddc8e8a64a9ebdc2f3\nio-stream-storage-1.1.3.jar;C:\Users\jorge\.gradle\caches\modules-2\files-2.1\org.slf4j\slf4j-api\1.7.25\da76ca59f6a57ee3102f8f9bd9cee742973efa8a\slf4j-api-1.7.25.jar;C:\Users\jorge\.gradle\caches\modules-2\files-2.1\io.projectreactor.ipc\reactor-netty\0.7.8.RELEASE\fe25c7d3042b6005690f7d243cef987b696a12ee\reactor-netty-0.7.8.RELEASE.jar;C:\Users\jorge\.gradle\caches\modules-2\files-2.1\javax.validation\validation-api\2.0.1.Final\cb855558e6271b1b32e716d24cb85c7f583ce09e\validation-api-2.0.1.Final.jar;C:\Users\jorge\.gradle\caches\modules-2\files-2.1\org.jboss.logging\jboss-logging\3.3.2.Final\3789d00e859632e6c6206adc0c71625559e6e3b0\jboss-logging-3.3.2.Final.jar;C:\Users\jorge\.gradle\caches\modules-2\files-2.1\com.fasterxml\classmate\1.3.4\3d5f48f10bbe4eb7bd862f10c0583be2e0053c6\classmate-1.3.4.jar;C:\Users\jorge\.gradle\caches\modules-2\files-2.1\io.projectreactor\reactor-core\3.1.8.RELEASE\3bcc30f9161d3d17abe44b4aa20e397e5170566e\reactor-core-3.1.8.RELEASE.jar;C:\Users\jorge\.gradle\caches\modules-2\files-2.1\net.minidev\json-smart\2.3\7396407491352ce4fa30de92efb158adb76b5b\json-smart-2.3.jar;C:\Users\jorge\.gradle\caches\modules-2\files-2.1\org.powermock\powermock-core\2.0.0-RC.3\f958479ea1f0d1ba37cf65b6612fccfbaf4d8dd3\powermock-core-2.0.0-RC.3.jar;C:\Users\jorge\.gradle\caches\modules-2\files-2.1\org.powermock\powermock-reflect\2.0.0-RC.3\c10437486ae35b91666c2591fd7b1a8054b4573c\powermock-reflect-2.0.0-RC.3.jar;C:\Users\jorge\.gradle\caches\modules-2\files-2.1\net.bytebuddy\byte-buddy\1.7.11\f02857a4e2c66ccbe7aaad6100a0a6c461bce9b3\byte-buddy-1.7.11.jar;C:\Users\jorge\.gradle\caches\modules-2\files-2.1\net.bytebuddy\byte-buddy-agent\1.7.11\b425a8933ca07edd03c6dbc8bc3b595fba9780de\byte-buddy-agent-1.7.11.jar;C:\Users\jorge\.gradle\caches\modules-2\files-2.1\org.objenesis\objenesis\3.0.1\11cfac598df9dc48bb9ed9357ed04212694b7808\objenesis-3.0.1.jar;C:\Users\jorge\.gradle\caches\modules-2\files-2.1\com.vaadin.external.google\android-json\0.0.20131108.vaadin1\fa26d351fe62a6a17f5cda1287c1c6110dec413f\android-json-0.0.20131108.vaadin1.jar;C:\Users\jorge\.gradle\caches\modules-2\files-2.1\ch.qos.logback\logback-core\1.2.3\864344400c3d4d92dfeb0a305dc87d953677c03c\logback-core-1.2.3.jar;C:\Users\jorge\.gradle\caches\modules-2\files-2.1\org.apache.logging.log4j\log4j-api\2.10.0\fec5797a55b786184a537abd39c3fa1449d752d6\log4j-api-2.10.0.jar;C:\Users\jorge\.gradle\caches\modules-2\files-2.1\org.apache.tomcat.embed\tomcat-embed-websocket\8.5.32\ea5302e378f1449d4e5dda79e8d810c1e7931f91\tomcat-embed-websocket-8.5.32.jar;C:\Users\jorge\.gradle\caches\modules-2\files-2.1\org.apache.tomcat.embed\tomcat-embed-core\8.5.32\6bc6896200146010cc4666bdc6b9b0cbb453ee22\tomcat-embed-core-8.5.32.jar;C:\Users\jorge\.gradle\caches\modules-2\files-2.1\org.apache.tomcat.embed\tomcat-embed-el\8.5.32\e4fd0ee015d83fa1c5ec93ff1d05bdaf9a4480c5\tomcat-embed-el-8.5.32.jar;C:\Users\jorge\.gradle\caches\modules-2\files-2.1\io.netty\netty-handler-proxy\4.1.27.Final\1a822ce7760bc6eb4937b7e448c9e081fedcc807\netty-handler-proxy-4.1.27.Final.jar;C:\Users\jorge\.gradle\caches\modules-2\files-2.1\io.netty\netty-codec-http\4.1.27.Final\a1722d6bcbbef1c4c7877e8bf38b07a3db5ed07f\netty-codec-http-4.1.27.Final.jar;C:\Users\jorge\.gradle\caches\modules-2\files-2.1\io.netty\netty-handler\4.1.27.Final\21bd9cf565390a8d72579b8664303e3c175dfc6a\netty-handler-4.1.27.Final.jar;C:\Users\jorge\.gradle\caches\modules-2\files-2.1\io.netty\netty-transport-native-epoll\4.1.27.Final\8c3a61a7dd53eafe2f0fe31356f1379598f74517\netty-transport-native-epoll-4.1.27.Final-linux-x86_64.jar;C:\Users\jorge\.gradle\caches\modules-2\files-2.1\org.reactivestreams\reactive-streams\1.0.2\323964c36556eb0e6209f65c1cef72b53b461ab8\reactive-streams-1.0.2.jar;C:\Users\jorge\.gradle\caches\modules-2\files-2.1\net.minidev\accessors-smart\1.2\c592b500269bfde36096641b01238a8350f8aa31\accessors-smart-1.2.jar;C:\Users\jorge\.gradle\caches\modules-2\files-2.1\org.javassist\javassist\3.24.0-GA\d7466fc2e3af7c023e95c510f06448ad29b225b3\javassist-3.24.0-GA.jar;C:\Users\jorge\.gradle\caches\modules-2\files-2.1\io.netty\netty-codec-socks\4.1.27.Final\285b09af98764cf02e4b77b3d95af188469a7133\netty-codec-socks-4.1.27.Final.jar;C:\Users\jorge\.gradle\caches\modules-2\files-2.1\io.netty\netty-codec\4.1.27.Final\d2653d78ebaa650064768fb26b10051f5c8efb2c\netty-codec-4.1.27.Final.jar;C:\Users\jorge\.gradle\caches\modules-2\files-2.1\io.netty\netty-transport-native-unix-common\4.1.27.Final\2b0667fe5c1df78c6cfbf9d53ad8b1fb533fb8e8\netty-transport-native-unix-common-4.1.27.Final.jar;C:\Users\jorge\.gradle\caches\modules-2\files-2.1\io.netty\netty-transport\4.1.27.Final\b5c2da3ea89dd67320925f1504c9eb3615241b7c\netty-transport-4.1.27.Final.jar;C:\Users\jorge\.gradle\caches\modules-2\files-2.1\io.netty\netty-buffer\4.1.27.Final\aafe2b9fb0d8f3b200cf10b9fd6486c6a722d7a1\netty-buffer-4.1.27.Final.jar;C:\Users\jorge\.gradle\caches\modules-2\files-2.1\io.netty\netty-resolver\4.1.27.Final\2536447ef9605ccb2b5203aa22392c6514484ea9\netty-resolver-4.1.27.Final.jar;C:\Users\jorge\.gradle\caches\modules-2\files-2.1\io.netty\netty-common\4.1.27.Final\6a12a969c27fb37b230c4bde5a67bd822fa6b7a4\netty-common-4.1.27.Final.jar;C:\Users\jorge\.gradle\caches\modules-2\files-2.1\org.ow2.asm\asm\5.0.4\da08b8cce7bbf903602a25a3a163ae252435795\asm-5.0.4.jar, user.name=jorge, java.vm.specification.version=1.8, sun.java.command=worker.org.gradle.process.internal.worker.GradleWorkerMain 'Gradle Test Executor 1', java.home=C:\Program Files\AdoptOpenJDK\jdk-8.0.242.08-hotspot\jre, sun.arch.data.model=64, user.language=en, java.specification.vendor=Oracle Corporation, awt.toolkit=sun.awt.windows.WToolkit, java.vm.info=mixed mode, java.version=1.8.0_242, java.ext.dirs=C:\Program Files\AdoptOpenJDK\jdk-8.0.242.08-hotspot\jre\lib\ext;C:\Windows\Sun\Java\lib\ext, sun.boot.class.path=C:\Program Files\AdoptOpenJDK\jdk-8.0.242.08-hotspot\jre\lib\resources.jar;C:\Program Files\AdoptOpenJDK\jdk-8.0.242.08-hotspot\jre\lib\rt.jar;C:\Program Files\AdoptOpenJDK\jdk-8.0.242.08-hotspot\jre\lib\sunrsasign.jar;C:\Program Files\AdoptOpenJDK\jdk-8.0.242.08-hotspot\jre\lib\jsse.jar;C:\Program Files\AdoptOpenJDK\jdk-8.0.242.08-hotspot\jre\lib\jce.jar;C:\Program Files\AdoptOpenJDK\jdk-8.0.242.08-hotspot\jre\lib\charsets.jar;C:\Program Files\AdoptOpenJDK\jdk-8.0.242.08-hotspot\jre\lib\jfr.jar;C:\Program Files\AdoptOpenJDK\jdk-8.0.242.08-hotspot\jre\classes, java.vendor=AdoptOpenJDK, org.gradle.test.worker=1, file.separator=\, java.vendor.url.bug=http://bugreport.sun.com/bugreport/, sun.io.unicode.encoding=UnicodeLittle, sun.cpu.endian=little, sun.desktop=windows, sun.cpu.isalist=amd64}}, SystemEnvironmentPropertySource@1500345659 {name='systemEnvironment', properties={USERDOMAIN_ROAMINGPROFILE=DESKTOP-U7U4TE6, PROCESSOR_LEVEL=6, VS140COMNTOOLS=C:\Program Files (x86)\Microsoft Visual Studio 14.0\Common7\Tools\, SESSIONNAME=Console, ALLUSERSPROFILE=C:\ProgramData, PROCESSOR_ARCHITECTURE=AMD64, PSModulePath=C:\Users\jorge\Documents\WindowsPowerShell\Modules;C:\Program Files\WindowsPowerShell\Modules;C:\Windows\system32\WindowsPowerShell\v1.0\Modules, SystemDrive=C:, =ExitCode=00000000, DIRNAME=C:\azure-devops\git\eShopOnContainers\src\Web\WebImapClient\Client\server\, USERNAME=jorge, CMD_LINE_ARGS=b, ProgramFiles(x86)=C:\Program Files (x86), FPS_BROWSER_USER_PROFILE_STRING=Default, APP_HOME=C:\azure-devops\git\eShopOnContainers\src\Web\WebImapClient\Client\server\, PATHEXT=.COM;.EXE;.BAT;.CMD;.VBS;.VBE;.JS;.JSE;.WSF;.WSH;.MSC;.CPL, DriverData=C:\Windows\System32\Drivers\DriverData, OneDriveConsumer=C:\Users\jorge\OneDrive, ProgramData=C:\ProgramData, ProgramW6432=C:\Program Files, HOMEPATH=\Users\jorge, PROCESSOR_IDENTIFIER=Intel64 Family 6 Model 158 Stepping 13, GenuineIntel, ProgramFiles=C:\Program Files, PUBLIC=C:\Users\Public, windir=C:\Windows, =::=::\, _SKIP=2, LOCALAPPDATA=C:\Users\jorge\AppData\Local, ChocolateyLastPathUpdate=132229495750090469, USERDOMAIN=DESKTOP-U7U4TE6, FPS_BROWSER_APP_PROFILE_STRING=Internet Explorer, LOGONSERVER=\\DESKTOP-U7U4TE6, PROMPT=$P$G, OneDrive=C:\Users\jorge\OneDrive, =C:=C:\azure-devops\git\eShopOnContainers\src\Web\WebImapClient\Client\server, APPDATA=C:\Users\jorge\AppData\Roaming, JAVA_EXE=java.exe, ChocolateyInstall=C:\ProgramData\chocolatey, CommonProgramFiles=C:\Program Files\Common Files, Path=C:\Program Files\AdoptOpenJDK\jdk-8.0.242.08-hotspot\bin;C:\Program Files (x86)\Common Files\Oracle\Java\javapath;C:\Python27\;C:\Python27\Scripts;C:\ProgramData\DockerDesktop\version-bin;C:\Program Files\Docker\Docker\Resources\bin;C:\Windows\system32;C:\Windows;C:\Windows\System32\Wbem;C:\Windows\System32\WindowsPowerShell\v1.0\;C:\Windows\System32\OpenSSH\;C:\Program Files (x86)\NVIDIA Corporation\PhysX\Common;C:\Program Files\dotnet\;C:\Program Files\Microsoft SQL Server\130\Tools\Binn\;C:\Program Files\Microsoft SQL Server\Client SDK\ODBC\170\Tools\Binn\;C:\Program Files (x86)\Microsoft SQL Server\150\DTS\Binn\;C:\Program Files\Git\cmd;C:\Program Files (x86)\Microsoft ASP.NET\ASP.NET Web Pages\v1.0\;C:\Program Files\Microsoft SQL Server\110\Tools\Binn\;C:\Windows\system32\config\systemprofile\.dnx\bin;C:\Program Files\Microsoft DNX\Dnvm\;C:\Program Files\nodejs\;C:\ProgramData\chocolatey\bin;C:\Program Files\Microsoft\Web Platform Installer\;C:\Users\jorge\AppData\Local\Microsoft\WindowsApps;C:\Users\jorge\AppData\Local\Programs\Microsoft VS Code\bin;C:\Users\jorge\.dotnet\tools;C:\Users\jorge\AppData\Roaming\npm;C:\Users\jorge\AppData\Local\GitHubDesktop\bin, OS=Windows_NT, COMPUTERNAME=DESKTOP-U7U4TE6, PROCESSOR_REVISION=9e0d, CLASSPATH=C:\azure-devops\git\eShopOnContainers\src\Web\WebImapClient\Client\server\\gradle\wrapper\gradle-wrapper.jar, CommonProgramW6432=C:\Program Files\Common Files, ComSpec=C:\Windows\system32\cmd.exe, APP_BASE_NAME=gradlew, SystemRoot=C:\Windows, TEMP=C:\Users\jorge\AppData\Local\Temp, HOMEDRIVE=C:, USERPROFILE=C:\Users\jorge, TMP=C:\Users\jorge\AppData\Local\Temp, VS110COMNTOOLS=C:\Program Files (x86)\Microsoft Visual Studio 11.0\Common7\Tools\, CommonProgramFiles(x86)=C:\Program Files (x86)\Common Files, NUMBER_OF_PROCESSORS=12}}]
13:25:57.648 [Test worker] DEBUG org.springframework.web.servlet.mvc.method.annotation.RequestMappingHandlerMapping - Looking for request mappings in application context: org.springframework.test.web.servlet.setup.StubWebApplicationContext@7b3226ab
13:25:57.655 [Test worker] DEBUG org.springframework.web.servlet.mvc.method.annotation.RequestMappingHandlerMapping - 18 request handler methods found on class com.marcnuri.isotope.api.folder.FolderResource: {public org.springframework.http.ResponseEntity com.marcnuri.isotope.api.folder.FolderResource.getMessage(java.lang.String,java.lang.Long)={[/v1/folders/{folderId}/messages/{messageId}],methods=[GET]}, public org.springframework.http.ResponseEntity com.marcnuri.isotope.api.folder.FolderResource.setMessageFlagged(java.lang.String,java.lang.Long,boolean)={[/v1/folders/{folderId}/messages/{messageId}/flagged],methods=[PUT]}, public org.springframework.http.ResponseEntity com.marcnuri.isotope.api.folder.FolderResource.createChildFolder(java.lang.String,java.lang.String)={[/v1/folders/{folderId}],methods=[POST],produces=[application/hal+json]}, public org.springframework.http.ResponseEntity com.marcnuri.isotope.api.folder.FolderResource.deleteAllFolderMessages(java.lang.String)={[/v1/folders/{folderId}/messages],methods=[DELETE]}, public org.springframework.http.ResponseEntity com.marcnuri.isotope.api.folder.FolderResource.moveFolder(java.lang.String,java.lang.String)={[/v1/folders/{folderId}/parent],methods=[PUT],produces=[application/hal+json]}, public org.springframework.http.ResponseEntity com.marcnuri.isotope.api.folder.FolderResource.getMessageRaw(java.lang.String,java.lang.Long)={[/v1/folders/{folderId}/messages/{messageId}/raw],methods=[GET]}, public org.springframework.http.ResponseEntity com.marcnuri.isotope.api.folder.FolderResource.setMessagesSeen(java.lang.String,java.lang.Boolean,java.util.List)={[/v1/folders/{folderId}/messages/seen/{seen}],methods=[PUT]}, public org.springframework.http.ResponseEntity com.marcnuri.isotope.api.folder.FolderResource.getFolders(java.lang.Boolean)={[/v1/folders],methods=[GET],produces=[application/hal+json]}, public org.springframework.http.ResponseEntity com.marcnuri.isotope.api.folder.FolderResource.createRootFolder(java.lang.String)={[/v1/folders],methods=[POST],produces=[application/hal+json]}, public org.springframework.http.ResponseEntity com.marcnuri.isotope.api.folder.FolderResource.deleteMessages(java.lang.String,java.util.List)={[/v1/folders/{folderId}/messages],methods=[DELETE],params=[id]}, public reactor.core.publisher.Flux com.marcnuri.isotope.api.folder.FolderResource.getMessages(java.lang.String,javax.servlet.http.HttpServletResponse)={[/v1/folders/{folderId}/messages],methods=[GET],produces=[text/event-stream]}, public org.springframework.http.ResponseEntity com.marcnuri.isotope.api.folder.FolderResource.preloadMessages(java.lang.String,java.util.List)={[/v1/folders/{folderId}/messages],methods=[GET]}, public org.springframework.http.ResponseEntity com.marcnuri.isotope.api.folder.FolderResource.getAttachment(java.lang.String,java.lang.Long,java.lang.String,java.lang.Boolean,javax.servlet.http.HttpServletResponse)={[/v1/folders/{folderId}/messages/{messageId}/attachments/{id}],methods=[GET]}, public org.springframework.http.ResponseEntity com.marcnuri.isotope.api.folder.FolderResource.deleteFolder(java.lang.String)={[/v1/folders/{folderId}],methods=[DELETE],produces=[application/hal+json]}, public org.springframework.http.ResponseEntity com.marcnuri.isotope.api.folder.FolderResource.moveMessages(java.lang.String,java.lang.String,java.util.List)={[/v1/folders/{fromFolderId}/messages/folder/{toFolderId}],methods=[PUT]}, public org.springframework.http.ResponseEntity com.marcnuri.isotope.api.folder.FolderResource.renameFolder(java.lang.String,java.lang.String)={[/v1/folders/{folderId}/name],methods=[PUT],produces=[application/hal+json]}, public org.springframework.http.ResponseEntity com.marcnuri.isotope.api.folder.FolderResource.moveMessage(java.lang.String,java.lang.Long,java.lang.String)={[/v1/folders/{fromFolderId}/messages/{messageId}/folder/{toFolderId}],methods=[PUT]}, public org.springframework.http.ResponseEntity com.marcnuri.isotope.api.folder.FolderResource.setMessageSeen(java.lang.String,java.lang.Long,boolean)={[/v1/folders/{folderId}/messages/{messageId}/seen],methods=[PUT]}}
13:25:57.656 [Test worker] INFO org.springframework.web.servlet.mvc.method.annotation.RequestMappingHandlerMapping - Mapped "{[/v1/folders/{folderId}/messages/{messageId}],methods=[GET]}" onto public org.springframework.http.ResponseEntity<com.marcnuri.isotope.api.message.MessageWithFolder> com.marcnuri.isotope.api.folder.FolderResource.getMessage(java.lang.String,java.lang.Long)
13:25:57.656 [Test worker] INFO org.springframework.web.servlet.mvc.method.annotation.RequestMappingHandlerMapping - Mapped "{[/v1/folders/{folderId}/messages/{messageId}/flagged],methods=[PUT]}" onto public org.springframework.http.ResponseEntity<java.lang.Void> com.marcnuri.isotope.api.folder.FolderResource.setMessageFlagged(java.lang.String,java.lang.Long,boolean)
13:25:57.656 [Test worker] INFO org.springframework.web.servlet.mvc.method.annotation.RequestMappingHandlerMapping - Mapped "{[/v1/folders/{folderId}],methods=[POST],produces=[application/hal+json]}" onto public org.springframework.http.ResponseEntity<com.marcnuri.isotope.api.folder.Folder> com.marcnuri.isotope.api.folder.FolderResource.createChildFolder(java.lang.String,java.lang.String)
13:25:57.657 [Test worker] INFO org.springframework.web.servlet.mvc.method.annotation.RequestMappingHandlerMapping - Mapped "{[/v1/folders/{folderId}/messages],methods=[DELETE]}" onto public org.springframework.http.ResponseEntity<com.marcnuri.isotope.api.folder.Folder> com.marcnuri.isotope.api.folder.FolderResource.deleteAllFolderMessages(java.lang.String)
13:25:57.657 [Test worker] INFO org.springframework.web.servlet.mvc.method.annotation.RequestMappingHandlerMapping - Mapped "{[/v1/folders/{folderId}/parent],methods=[PUT],produces=[application/hal+json]}" onto public org.springframework.http.ResponseEntity<com.marcnuri.isotope.api.folder.Folder> com.marcnuri.isotope.api.folder.FolderResource.moveFolder(java.lang.String,java.lang.String)
13:25:57.657 [Test worker] INFO org.springframework.web.servlet.mvc.method.annotation.RequestMappingHandlerMapping - Mapped "{[/v1/folders/{folderId}/messages/{messageId}/raw],methods=[GET]}" onto public org.springframework.http.ResponseEntity<java.lang.String> com.marcnuri.isotope.api.folder.FolderResource.getMessageRaw(java.lang.String,java.lang.Long)
13:25:57.657 [Test worker] INFO org.springframework.web.servlet.mvc.method.annotation.RequestMappingHandlerMapping - Mapped "{[/v1/folders/{folderId}/messages/seen/{seen}],methods=[PUT]}" onto public org.springframework.http.ResponseEntity<java.lang.Void> com.marcnuri.isotope.api.folder.FolderResource.setMessagesSeen(java.lang.String,java.lang.Boolean,java.util.List<java.lang.Long>)
13:25:57.658 [Test worker] INFO org.springframework.web.servlet.mvc.method.annotation.RequestMappingHandlerMapping - Mapped "{[/v1/folders],methods=[GET],produces=[application/hal+json]}" onto public org.springframework.http.ResponseEntity<java.util.List<com.marcnuri.isotope.api.folder.Folder>> com.marcnuri.isotope.api.folder.FolderResource.getFolders(java.lang.Boolean)
13:25:57.658 [Test worker] INFO org.springframework.web.servlet.mvc.method.annotation.RequestMappingHandlerMapping - Mapped "{[/v1/folders],methods=[POST],produces=[application/hal+json]}" onto public org.springframework.http.ResponseEntity<java.util.List<com.marcnuri.isotope.api.folder.Folder>> com.marcnuri.isotope.api.folder.FolderResource.createRootFolder(java.lang.String)
13:25:57.658 [Test worker] INFO org.springframework.web.servlet.mvc.method.annotation.RequestMappingHandlerMapping - Mapped "{[/v1/folders/{folderId}/messages],methods=[DELETE],params=[id]}" onto public org.springframework.http.ResponseEntity<com.marcnuri.isotope.api.folder.Folder> com.marcnuri.isotope.api.folder.FolderResource.deleteMessages(java.lang.String,java.util.List<java.lang.Long>)
13:25:57.659 [Test worker] INFO org.springframework.web.servlet.mvc.method.annotation.RequestMappingHandlerMapping - Mapped "{[/v1/folders/{folderId}/messages],methods=[GET],produces=[text/event-stream]}" onto public reactor.core.publisher.Flux<org.springframework.http.codec.ServerSentEvent<java.util.List<com.marcnuri.isotope.api.message.Message>>> com.marcnuri.isotope.api.folder.FolderResource.getMessages(java.lang.String,javax.servlet.http.HttpServletResponse)
13:25:57.659 [Test worker] INFO org.springframework.web.servlet.mvc.method.annotation.RequestMappingHandlerMapping - Mapped "{[/v1/folders/{folderId}/messages],methods=[GET]}" onto public org.springframework.http.ResponseEntity<java.util.List<com.marcnuri.isotope.api.message.Message>> com.marcnuri.isotope.api.folder.FolderResource.preloadMessages(java.lang.String,java.util.List<java.lang.Long>)
13:25:57.659 [Test worker] INFO org.springframework.web.servlet.mvc.method.annotation.RequestMappingHandlerMapping - Mapped "{[/v1/folders/{folderId}/messages/{messageId}/attachments/{id}],methods=[GET]}" onto public org.springframework.http.ResponseEntity<java.lang.Void> com.marcnuri.isotope.api.folder.FolderResource.getAttachment(java.lang.String,java.lang.Long,java.lang.String,java.lang.Boolean,javax.servlet.http.HttpServletResponse)
13:25:57.659 [Test worker] INFO org.springframework.web.servlet.mvc.method.annotation.RequestMappingHandlerMapping - Mapped "{[/v1/folders/{folderId}],methods=[DELETE],produces=[application/hal+json]}" onto public org.springframework.http.ResponseEntity<com.marcnuri.isotope.api.folder.Folder> com.marcnuri.isotope.api.folder.FolderResource.deleteFolder(java.lang.String)
13:25:57.660 [Test worker] INFO org.springframework.web.servlet.mvc.method.annotation.RequestMappingHandlerMapping - Mapped "{[/v1/folders/{fromFolderId}/messages/folder/{toFolderId}],methods=[PUT]}" onto public org.springframework.http.ResponseEntity<java.util.List<com.marcnuri.isotope.api.message.MessageWithFolder>> com.marcnuri.isotope.api.folder.FolderResource.moveMessages(java.lang.String,java.lang.String,java.util.List<java.lang.Long>)
13:25:57.660 [Test worker] INFO org.springframework.web.servlet.mvc.method.annotation.RequestMappingHandlerMapping - Mapped "{[/v1/folders/{folderId}/name],methods=[PUT],produces=[application/hal+json]}" onto public org.springframework.http.ResponseEntity<com.marcnuri.isotope.api.folder.Folder> com.marcnuri.isotope.api.folder.FolderResource.renameFolder(java.lang.String,java.lang.String)
13:25:57.660 [Test worker] INFO org.springframework.web.servlet.mvc.method.annotation.RequestMappingHandlerMapping - Mapped "{[/v1/folders/{fromFolderId}/messages/{messageId}/folder/{toFolderId}],methods=[PUT]}" onto public org.springframework.http.ResponseEntity<java.util.List<com.marcnuri.isotope.api.message.MessageWithFolder>> com.marcnuri.isotope.api.folder.FolderResource.moveMessage(java.lang.String,java.lang.Long,java.lang.String)
13:25:57.660 [Test worker] INFO org.springframework.web.servlet.mvc.method.annotation.RequestMappingHandlerMapping - Mapped "{[/v1/folders/{folderId}/messages/{messageId}/seen],methods=[PUT]}" onto public org.springframework.http.ResponseEntity<java.lang.Void> com.marcnuri.isotope.api.folder.FolderResource.setMessageSeen(java.lang.String,java.lang.Long,boolean)
13:25:57.673 [Test worker] DEBUG org.hibernate.validator.internal.engine.resolver.TraversableResolvers - Cannot find javax.persistence.Persistence on classpath. Assuming non JPA 2 environment. All properties will per default be traversable.
13:25:57.673 [Test worker] DEBUG org.hibernate.validator.messageinterpolation.ResourceBundleMessageInterpolator - Loaded expression factory via original TCCL
13:25:57.673 [Test worker] DEBUG org.hibernate.validator.internal.engine.ConfigurationImpl - Setting custom MessageInterpolator of type org.springframework.validation.beanvalidation.LocaleContextMessageInterpolator
13:25:57.674 [Test worker] DEBUG org.hibernate.validator.internal.engine.ConfigurationImpl - Setting custom ParameterNameProvider of type org.springframework.validation.beanvalidation.LocalValidatorFactoryBean$1
13:25:57.674 [Test worker] DEBUG org.hibernate.validator.internal.xml.config.ValidationXmlParser - Trying to load META-INF/validation.xml for XML based Validator configuration.
13:25:57.674 [Test worker] DEBUG org.hibernate.validator.internal.xml.config.ResourceLoaderHelper - Trying to load META-INF/validation.xml via TCCL
13:25:57.675 [Test worker] DEBUG org.hibernate.validator.internal.xml.config.ResourceLoaderHelper - Trying to load META-INF/validation.xml via Hibernate Validator's class loader
13:25:57.675 [Test worker] DEBUG org.hibernate.validator.internal.xml.config.ValidationXmlParser - No META-INF/validation.xml found. Using annotation based configuration only.
13:25:57.682 [Test worker] DEBUG org.hibernate.validator.internal.engine.ValidatorFactoryImpl - HV000234: Using org.springframework.validation.beanvalidation.LocaleContextMessageInterpolator as ValidatorFactory-scoped message interpolator.
13:25:57.682 [Test worker] DEBUG org.hibernate.validator.internal.engine.ValidatorFactoryImpl - HV000234: Using org.hibernate.validator.internal.engine.resolver.TraverseAllTraversableResolver as ValidatorFactory-scoped traversable resolver.
13:25:57.682 [Test worker] DEBUG org.hibernate.validator.internal.engine.ValidatorFactoryImpl - HV000234: Using org.hibernate.validator.internal.util.ExecutableParameterNameProvider as ValidatorFactory-scoped parameter name provider.
13:25:57.682 [Test worker] DEBUG org.hibernate.validator.internal.engine.ValidatorFactoryImpl - HV000234: Using org.hibernate.validator.internal.engine.DefaultClockProvider as ValidatorFactory-scoped clock provider.
13:25:57.683 [Test worker] DEBUG org.hibernate.validator.internal.engine.ValidatorFactoryImpl - HV000234: Using org.hibernate.validator.internal.engine.scripting.DefaultScriptEvaluatorFactory as ValidatorFactory-scoped script evaluator factory.
13:25:57.683 [Test worker] INFO org.springframework.web.servlet.mvc.method.annotation.RequestMappingHandlerAdapter - Looking for @ControllerAdvice: org.springframework.test.web.servlet.setup.StubWebApplicationContext@7b3226ab
13:25:57.686 [Test worker] DEBUG org.springframework.web.servlet.mvc.method.annotation.ExceptionHandlerExceptionResolver - Looking for exception mappings: org.springframework.test.web.servlet.setup.StubWebApplicationContext@7b3226ab
13:25:57.687 [Test worker] DEBUG org.springframework.test.web.servlet.TestDispatcherServlet - Initializing servlet ''
13:25:57.687 [Test worker] INFO org.springframework.mock.web.MockServletContext - Initializing Spring FrameworkServlet ''
13:25:57.687 [Test worker] INFO org.springframework.test.web.servlet.TestDispatcherServlet - FrameworkServlet '': initialization started
13:25:57.687 [Test worker] DEBUG org.springframework.test.web.servlet.TestDispatcherServlet - Unable to locate MultipartResolver with name 'multipartResolver': no multipart request handling provided
13:25:57.687 [Test worker] DEBUG org.springframework.test.web.servlet.TestDispatcherServlet - Using LocaleResolver [org.springframework.web.servlet.i18n.AcceptHeaderLocaleResolver@7ba03940]
13:25:57.687 [Test worker] DEBUG org.springframework.test.web.servlet.TestDispatcherServlet - Using ThemeResolver [org.springframework.web.servlet.theme.FixedThemeResolver@7f497c0b]
13:25:57.687 [Test worker] DEBUG org.springframework.test.web.servlet.TestDispatcherServlet - Using RequestToViewNameTranslator [org.springframework.web.servlet.view.DefaultRequestToViewNameTranslator@30a9727]
13:25:57.687 [Test worker] DEBUG org.springframework.test.web.servlet.TestDispatcherServlet - Using FlashMapManager [org.springframework.web.servlet.support.SessionFlashMapManager@4aa939d6]
13:25:57.687 [Test worker] DEBUG org.springframework.test.web.servlet.TestDispatcherServlet - Published WebApplicationContext of servlet '' as ServletContext attribute with name [org.springframework.web.servlet.FrameworkServlet.CONTEXT.]
13:25:57.687 [Test worker] INFO org.springframework.test.web.servlet.TestDispatcherServlet - FrameworkServlet '': initialization completed in 0 ms
13:25:57.687 [Test worker] DEBUG org.springframework.test.web.servlet.TestDispatcherServlet - Servlet '' configured successfully
13:25:57.688 [Test worker] DEBUG org.springframework.test.web.servlet.TestDispatcherServlet - DispatcherServlet with name '' processing DELETE request for [/v1/folders/L29yaWdpbmFsL2ZvbGRlcg==]
13:25:57.688 [Test worker] DEBUG org.springframework.web.servlet.mvc.method.annotation.RequestMappingHandlerMapping - Looking up handler method for path /v1/folders/L29yaWdpbmFsL2ZvbGRlcg==
13:25:57.689 [Test worker] DEBUG org.springframework.web.servlet.mvc.method.annotation.RequestMappingHandlerMapping - Returning handler method [public org.springframework.http.ResponseEntity<com.marcnuri.isotope.api.folder.Folder> com.marcnuri.isotope.api.folder.FolderResource.deleteFolder(java.lang.String)]
13:25:57.690 [Test worker] DEBUG com.marcnuri.isotope.api.folder.FolderResource - Deleting folder with id L29yaWdpbmFsL2ZvbGRlcg==
13:25:57.691 [Test worker] DEBUG org.springframework.beans.factory.support.DefaultListableBeanFactory - Returning cached instance of singleton bean 'prototypeImapService'
13:25:57.711 [Test worker] DEBUG org.springframework.web.servlet.mvc.method.annotation.HttpEntityMethodProcessor - Written [links: [<http://localhost/v1/folders/1337>;rel="self", <http://localhost/v1/folders/1337/messages>;rel="messages", <http://localhost/v1/folders/1337>;rel="delete", <http://localhost/v1/folders/1337/name>;rel="rename", <http://localhost/v1/folders/1337/parent>;rel="move", <http://localhost/v1/folders/1337/messages/{messageId}>;rel="message", <http://localhost/v1/folders/1337/messages/{messageId}/flagged>;rel="message.flagged", <http://localhost/v1/folders/1337/messages/{messageId}/folder/{toFolderId}>;rel="message.move", <http://localhost/v1/folders/1337/messages/folder/{toFolderId}>;rel="message.move.bulk", <http://localhost/v1/folders/1337/messages/{messageId}/seen>;rel="message.seen", <http://localhost/v1/folders/1337/messages/seen/{seen}>;rel="message.seen.bulk"]] as "application/hal+json" using [org.springframework.http.converter.json.MappingJackson2HttpMessageConverter@4110d05e]
13:25:57.712 [Test worker] DEBUG org.springframework.test.web.servlet.TestDispatcherServlet - Null ModelAndView returned to DispatcherServlet with name '': assuming HandlerAdapter completed request handling
13:25:57.712 [Test worker] DEBUG org.springframework.test.web.servlet.TestDispatcherServlet - Successfully completed request
13:25:57.713 [Test worker] DEBUG com.jayway.jsonpath.internal.path.CompiledPath - Evaluating path: $['folderId']
13:25:57.713 [Test worker] DEBUG com.jayway.jsonpath.internal.path.CompiledPath - Evaluating path: $['_links']
13:25:57.714 [Test worker] DEBUG com.jayway.jsonpath.internal.path.CompiledPath - Evaluating path: $['_links']
13:25:57.714 [Test worker] DEBUG org.springframework.test.context.cache.DefaultCacheAwareContextLoaderDelegate - Retrieved ApplicationContext from cache with key [[MergedContextConfiguration@6692e92d testClass = FolderResourceTest, locations = '{}', classes = '{class com.marcnuri.isotope.api.folder.FolderResource}', contextInitializerClasses = '[]', activeProfiles = '{}', propertySourceLocations = '{}', propertySourceProperties = '{}', contextCustomizers = set[org.springframework.boot.test.autoconfigure.properties.PropertyMappingContextCustomizer@0, org.springframework.boot.test.autoconfigure.web.servlet.WebDriverContextCustomizerFactory$Customizer@2dc9ad67, org.springframework.boot.test.context.filter.ExcludeFilterContextCustomizer@7975bbf7, org.springframework.boot.test.json.DuplicateJsonObjectContextCustomizerFactory$DuplicateJsonObjectContextCustomizer@2dd9ed03, org.springframework.boot.test.mock.mockito.MockitoContextCustomizer@570072aa], contextLoader = 'org.springframework.test.context.support.DelegatingSmartContextLoader', parent = [null]]]
13:25:57.714 [Test worker] DEBUG org.springframework.test.context.cache - Spring test ApplicationContext cache statistics: [DefaultContextCache@10c13e31 size = 2, maxSize = 32, parentContextCount = 0, hitCount = 44, missCount = 2]
13:25:57.715 [Test worker] DEBUG org.springframework.beans.factory.support.DefaultListableBeanFactory - Returning cached instance of singleton bean 'org.springframework.boot.test.mock.mockito.MockitoBeans'
13:25:57.715 [Test worker] DEBUG org.springframework.test.context.cache.DefaultCacheAwareContextLoaderDelegate - Retrieved ApplicationContext from cache with key [[MergedContextConfiguration@6692e92d testClass = FolderResourceTest, locations = '{}', classes = '{class com.marcnuri.isotope.api.folder.FolderResource}', contextInitializerClasses = '[]', activeProfiles = '{}', propertySourceLocations = '{}', propertySourceProperties = '{}', contextCustomizers = set[org.springframework.boot.test.autoconfigure.properties.PropertyMappingContextCustomizer@0, org.springframework.boot.test.autoconfigure.web.servlet.WebDriverContextCustomizerFactory$Customizer@2dc9ad67, org.springframework.boot.test.context.filter.ExcludeFilterContextCustomizer@7975bbf7, org.springframework.boot.test.json.DuplicateJsonObjectContextCustomizerFactory$DuplicateJsonObjectContextCustomizer@2dd9ed03, org.springframework.boot.test.mock.mockito.MockitoContextCustomizer@570072aa], contextLoader = 'org.springframework.test.context.support.DelegatingSmartContextLoader', parent = [null]]]
13:25:57.715 [Test worker] DEBUG org.springframework.test.context.cache - Spring test ApplicationContext cache statistics: [DefaultContextCache@10c13e31 size = 2, maxSize = 32, parentContextCount = 0, hitCount = 45, missCount = 2]
13:25:57.715 [Test worker] DEBUG org.springframework.test.context.cache.DefaultCacheAwareContextLoaderDelegate - Retrieved ApplicationContext from cache with key [[MergedContextConfiguration@6692e92d testClass = FolderResourceTest, locations = '{}', classes = '{class com.marcnuri.isotope.api.folder.FolderResource}', contextInitializerClasses = '[]', activeProfiles = '{}', propertySourceLocations = '{}', propertySourceProperties = '{}', contextCustomizers = set[org.springframework.boot.test.autoconfigure.properties.PropertyMappingContextCustomizer@0, org.springframework.boot.test.autoconfigure.web.servlet.WebDriverContextCustomizerFactory$Customizer@2dc9ad67, org.springframework.boot.test.context.filter.ExcludeFilterContextCustomizer@7975bbf7, org.springframework.boot.test.json.DuplicateJsonObjectContextCustomizerFactory$DuplicateJsonObjectContextCustomizer@2dd9ed03, org.springframework.boot.test.mock.mockito.MockitoContextCustomizer@570072aa], contextLoader = 'org.springframework.test.context.support.DelegatingSmartContextLoader', parent = [null]]]
13:25:57.715 [Test worker] DEBUG org.springframework.test.context.cache - Spring test ApplicationContext cache statistics: [DefaultContextCache@10c13e31 size = 2, maxSize = 32, parentContextCount = 0, hitCount = 46, missCount = 2]
13:25:57.716 [Test worker] DEBUG reactor.core.publisher.Hooks - Reset to factory defaults : onLastOperator
13:25:57.716 [Test worker] DEBUG org.springframework.test.context.support.AbstractDirtiesContextTestExecutionListener - After test method: context [DefaultTestContext@2ff6fc48 testClass = FolderResourceTest, testInstance = com.marcnuri.isotope.api.folder.FolderResourceTest@341bc395, testMethod = deleteFolder_validFolderAndNewName_shouldReturnOk@FolderResourceTest, testException = [null], mergedContextConfiguration = [MergedContextConfiguration@6692e92d testClass = FolderResourceTest, locations = '{}', classes = '{class com.marcnuri.isotope.api.folder.FolderResource}', contextInitializerClasses = '[]', activeProfiles = '{}', propertySourceLocations = '{}', propertySourceProperties = '{}', contextCustomizers = set[org.springframework.boot.test.autoconfigure.properties.PropertyMappingContextCustomizer@0, org.springframework.boot.test.autoconfigure.web.servlet.WebDriverContextCustomizerFactory$Customizer@2dc9ad67, org.springframework.boot.test.context.filter.ExcludeFilterContextCustomizer@7975bbf7, org.springframework.boot.test.json.DuplicateJsonObjectContextCustomizerFactory$DuplicateJsonObjectContextCustomizer@2dd9ed03, org.springframework.boot.test.mock.mockito.MockitoContextCustomizer@570072aa], contextLoader = 'org.springframework.test.context.support.DelegatingSmartContextLoader', parent = [null]], attributes = map[[empty]]], class annotated with @DirtiesContext [false] with mode [null], method annotated with @DirtiesContext [false] with mode [null].
13:25:57.717 [Test worker] DEBUG org.springframework.test.annotation.ProfileValueUtils - Retrieved @ProfileValueSourceConfiguration [null] for test class [com.marcnuri.isotope.api.folder.FolderResourceTest]
13:25:57.717 [Test worker] DEBUG org.springframework.test.annotation.ProfileValueUtils - Retrieved ProfileValueSource type [class org.springframework.test.annotation.SystemProfileValueSource] for class [com.marcnuri.isotope.api.folder.FolderResourceTest]
13:25:57.717 [Test worker] DEBUG org.springframework.test.context.cache.DefaultCacheAwareContextLoaderDelegate - Retrieved ApplicationContext from cache with key [[MergedContextConfiguration@6692e92d testClass = FolderResourceTest, locations = '{}', classes = '{class com.marcnuri.isotope.api.folder.FolderResource}', contextInitializerClasses = '[]', activeProfiles = '{}', propertySourceLocations = '{}', propertySourceProperties = '{}', contextCustomizers = set[org.springframework.boot.test.autoconfigure.properties.PropertyMappingContextCustomizer@0, org.springframework.boot.test.autoconfigure.web.servlet.WebDriverContextCustomizerFactory$Customizer@2dc9ad67, org.springframework.boot.test.context.filter.ExcludeFilterContextCustomizer@7975bbf7, org.springframework.boot.test.json.DuplicateJsonObjectContextCustomizerFactory$DuplicateJsonObjectContextCustomizer@2dd9ed03, org.springframework.boot.test.mock.mockito.MockitoContextCustomizer@570072aa], contextLoader = 'org.springframework.test.context.support.DelegatingSmartContextLoader', parent = [null]]]
13:25:57.717 [Test worker] DEBUG org.springframework.test.context.cache - Spring test ApplicationContext cache statistics: [DefaultContextCache@10c13e31 size = 2, maxSize = 32, parentContextCount = 0, hitCount = 47, missCount = 2]
13:25:57.717 [Test worker] DEBUG org.springframework.beans.factory.support.DefaultListableBeanFactory - Returning cached instance of singleton bean 'org.springframework.boot.test.mock.mockito.MockitoPostProcessor'
13:25:57.718 [Test worker] DEBUG org.springframework.beans.factory.support.DefaultListableBeanFactory - Returning cached instance of singleton bean 'prototypeImapService'
13:25:57.718 [Test worker] DEBUG org.springframework.test.context.support.DependencyInjectionTestExecutionListener - Performing dependency injection for test context [[DefaultTestContext@2ff6fc48 testClass = FolderResourceTest, testInstance = com.marcnuri.isotope.api.folder.FolderResourceTest@4feddb37, testMethod = [null], testException = [null], mergedContextConfiguration = [MergedContextConfiguration@6692e92d testClass = FolderResourceTest, locations = '{}', classes = '{class com.marcnuri.isotope.api.folder.FolderResource}', contextInitializerClasses = '[]', activeProfiles = '{}', propertySourceLocations = '{}', propertySourceProperties = '{}', contextCustomizers = set[org.springframework.boot.test.autoconfigure.properties.PropertyMappingContextCustomizer@0, org.springframework.boot.test.autoconfigure.web.servlet.WebDriverContextCustomizerFactory$Customizer@2dc9ad67, org.springframework.boot.test.context.filter.ExcludeFilterContextCustomizer@7975bbf7, org.springframework.boot.test.json.DuplicateJsonObjectContextCustomizerFactory$DuplicateJsonObjectContextCustomizer@2dd9ed03, org.springframework.boot.test.mock.mockito.MockitoContextCustomizer@570072aa], contextLoader = 'org.springframework.test.context.support.DelegatingSmartContextLoader', parent = [null]], attributes = map[[empty]]]].
13:25:57.718 [Test worker] DEBUG org.springframework.test.context.cache.DefaultCacheAwareContextLoaderDelegate - Retrieved ApplicationContext from cache with key [[MergedContextConfiguration@6692e92d testClass = FolderResourceTest, locations = '{}', classes = '{class com.marcnuri.isotope.api.folder.FolderResource}', contextInitializerClasses = '[]', activeProfiles = '{}', propertySourceLocations = '{}', propertySourceProperties = '{}', contextCustomizers = set[org.springframework.boot.test.autoconfigure.properties.PropertyMappingContextCustomizer@0, org.springframework.boot.test.autoconfigure.web.servlet.WebDriverContextCustomizerFactory$Customizer@2dc9ad67, org.springframework.boot.test.context.filter.ExcludeFilterContextCustomizer@7975bbf7, org.springframework.boot.test.json.DuplicateJsonObjectContextCustomizerFactory$DuplicateJsonObjectContextCustomizer@2dd9ed03, org.springframework.boot.test.mock.mockito.MockitoContextCustomizer@570072aa], contextLoader = 'org.springframework.test.context.support.DelegatingSmartContextLoader', parent = [null]]]
13:25:57.718 [Test worker] DEBUG org.springframework.test.context.cache - Spring test ApplicationContext cache statistics: [DefaultContextCache@10c13e31 size = 2, maxSize = 32, parentContextCount = 0, hitCount = 48, missCount = 2]
13:25:57.718 [Test worker] DEBUG org.springframework.beans.factory.annotation.InjectionMetadata - Processing injected element of bean 'com.marcnuri.isotope.api.folder.FolderResourceTest': AutowiredFieldElement for private com.marcnuri.isotope.api.folder.FolderResource com.marcnuri.isotope.api.folder.FolderResourceTest.folderResource
13:25:57.718 [Test worker] DEBUG org.springframework.beans.factory.support.DefaultListableBeanFactory - Returning cached instance of singleton bean 'folderResource'
13:25:57.719 [Test worker] DEBUG org.springframework.test.context.support.AbstractDirtiesContextTestExecutionListener - Before test method: context [DefaultTestContext@2ff6fc48 testClass = FolderResourceTest, testInstance = com.marcnuri.isotope.api.folder.FolderResourceTest@4feddb37, testMethod = getMessages_validFolderId_shouldReturnOk@FolderResourceTest, testException = [null], mergedContextConfiguration = [MergedContextConfiguration@6692e92d testClass = FolderResourceTest, locations = '{}', classes = '{class com.marcnuri.isotope.api.folder.FolderResource}', contextInitializerClasses = '[]', activeProfiles = '{}', propertySourceLocations = '{}', propertySourceProperties = '{}', contextCustomizers = set[org.springframework.boot.test.autoconfigure.properties.PropertyMappingContextCustomizer@0, org.springframework.boot.test.autoconfigure.web.servlet.WebDriverContextCustomizerFactory$Customizer@2dc9ad67, org.springframework.boot.test.context.filter.ExcludeFilterContextCustomizer@7975bbf7, org.springframework.boot.test.json.DuplicateJsonObjectContextCustomizerFactory$DuplicateJsonObjectContextCustomizer@2dd9ed03, org.springframework.boot.test.mock.mockito.MockitoContextCustomizer@570072aa], contextLoader = 'org.springframework.test.context.support.DelegatingSmartContextLoader', parent = [null]], attributes = map[[empty]]], class annotated with @DirtiesContext [false] with mode [null], method annotated with @DirtiesContext [false] with mode [null].
13:25:57.719 [Test worker] DEBUG reactor.core.publisher.Hooks - Hooking onLastOperator: reactor.core.publisher.Operators$LiftFunction@1eaeb2c7
13:25:57.719 [Test worker] DEBUG org.springframework.test.context.cache.DefaultCacheAwareContextLoaderDelegate - Retrieved ApplicationContext from cache with key [[MergedContextConfiguration@6692e92d testClass = FolderResourceTest, locations = '{}', classes = '{class com.marcnuri.isotope.api.folder.FolderResource}', contextInitializerClasses = '[]', activeProfiles = '{}', propertySourceLocations = '{}', propertySourceProperties = '{}', contextCustomizers = set[org.springframework.boot.test.autoconfigure.properties.PropertyMappingContextCustomizer@0, org.springframework.boot.test.autoconfigure.web.servlet.WebDriverContextCustomizerFactory$Customizer@2dc9ad67, org.springframework.boot.test.context.filter.ExcludeFilterContextCustomizer@7975bbf7, org.springframework.boot.test.json.DuplicateJsonObjectContextCustomizerFactory$DuplicateJsonObjectContextCustomizer@2dd9ed03, org.springframework.boot.test.mock.mockito.MockitoContextCustomizer@570072aa], contextLoader = 'org.springframework.test.context.support.DelegatingSmartContextLoader', parent = [null]]]
13:25:57.720 [Test worker] DEBUG org.springframework.test.context.cache - Spring test ApplicationContext cache statistics: [DefaultContextCache@10c13e31 size = 2, maxSize = 32, parentContextCount = 0, hitCount = 49, missCount = 2]
13:25:57.720 [Test worker] DEBUG org.springframework.beans.factory.support.DefaultListableBeanFactory - Returning cached instance of singleton bean 'org.springframework.boot.test.mock.mockito.MockitoBeans'
13:25:57.720 [Test worker] DEBUG org.springframework.core.env.StandardEnvironment - Adding PropertySource 'systemProperties' with lowest search precedence
13:25:57.720 [Test worker] DEBUG org.springframework.core.env.StandardEnvironment - Adding PropertySource 'systemEnvironment' with lowest search precedence
13:25:57.720 [Test worker] DEBUG org.springframework.core.env.StandardEnvironment - Initialized StandardEnvironment with PropertySources [MapPropertySource@1308662825 {name='systemProperties', properties={java.runtime.name=OpenJDK Runtime Environment, sun.boot.library.path=C:\Program Files\AdoptOpenJDK\jdk-8.0.242.08-hotspot\jre\bin, java.vm.version=25.242-b08, java.vm.vendor=, java.vendor.url=http://java.oracle.com/, path.separator=;, java.vm.name=OpenJDK 64-Bit Server VM, file.encoding.pkg=sun.io, user.script=, sun.java.launcher=SUN_STANDARD, user.country=GB, sun.os.patch.level=, java.vm.specification.name=Java Virtual Machine Specification, user.dir=C:\azure-devops\git\eShopOnContainers\src\Web\WebImapClient\Client\server, java.runtime.version=1.8.0_242-b08, java.awt.graphicsenv=sun.awt.Win32GraphicsEnvironment, java.endorsed.dirs=C:\Program Files\AdoptOpenJDK\jdk-8.0.242.08-hotspot\jre\lib\endorsed, os.arch=amd64, java.io.tmpdir=C:\Users\jorge\AppData\Local\Temp\, line.separator=
, java.vm.specification.vendor=Oracle Corporation, user.variant=, os.name=Windows 10, sun.jnu.encoding=Cp1252, java.library.path=C:\Program Files\AdoptOpenJDK\jdk-8.0.242.08-hotspot\bin;C:\Windows\Sun\Java\bin;C:\Windows\system32;C:\Windows;C:\Program Files\AdoptOpenJDK\jdk-8.0.242.08-hotspot\bin;C:\Program Files (x86)\Common Files\Oracle\Java\javapath;C:\Python27\;C:\Python27\Scripts;C:\ProgramData\DockerDesktop\version-bin;C:\Program Files\Docker\Docker\Resources\bin;C:\Windows\system32;C:\Windows;C:\Windows\System32\Wbem;C:\Windows\System32\WindowsPowerShell\v1.0\;C:\Windows\System32\OpenSSH\;C:\Program Files (x86)\NVIDIA Corporation\PhysX\Common;C:\Program Files\dotnet\;C:\Program Files\Microsoft SQL Server\130\Tools\Binn\;C:\Program Files\Microsoft SQL Server\Client SDK\ODBC\170\Tools\Binn\;C:\Program Files (x86)\Microsoft SQL Server\150\DTS\Binn\;C:\Program Files\Git\cmd;C:\Program Files (x86)\Microsoft ASP.NET\ASP.NET Web Pages\v1.0\;C:\Program Files\Microsoft SQL Server\110\Tools\Binn\;C:\Windows\system32\config\systemprofile\.dnx\bin;C:\Program Files\Microsoft DNX\Dnvm\;C:\Program Files\nodejs\;C:\ProgramData\chocolatey\bin;C:\Program Files\Microsoft\Web Platform Installer\;C:\Users\jorge\AppData\Local\Microsoft\WindowsApps;C:\Users\jorge\AppData\Local\Programs\Microsoft VS Code\bin;C:\Users\jorge\.dotnet\tools;C:\Users\jorge\AppData\Roaming\npm;C:\Users\jorge\AppData\Local\GitHubDesktop\bin;., java.specification.name=Java Platform API Specification, java.class.version=52.0, org.gradle.native=false, sun.management.compiler=HotSpot 64-Bit Tiered Compilers, os.version=10.0, user.home=C:\Users\jorge, user.timezone=Europe/Paris, java.awt.printerjob=sun.awt.windows.WPrinterJob, file.encoding=windows-1252, java.specification.version=1.8, java.class.path=C:\azure-devops\git\eShopOnContainers\src\Web\WebImapClient\Client\server\build\classes\java\test;C:\azure-devops\git\eShopOnContainers\src\Web\WebImapClient\Client\server\build\resources\test;C:\azure-devops\git\eShopOnContainers\src\Web\WebImapClient\Client\server\build\classes\java\main;C:\azure-devops\git\eShopOnContainers\src\Web\WebImapClient\Client\server\build\resources\main;C:\Users\jorge\.gradle\caches\modules-2\files-2.1\org.springframework.boot\spring-boot-starter-actuator\2.0.4.RELEASE\24e901473279d9c18e0a0f8037d58b18c8297dca\spring-boot-starter-actuator-2.0.4.RELEASE.jar;C:\Users\jorge\.gradle\caches\modules-2\files-2.1\org.springframework.boot\spring-boot-starter-security\2.0.4.RELEASE\2ac314e5985fd9ae0d2acaea450f4f6c3dbd7f92\spring-boot-starter-security-2.0.4.RELEASE.jar;C:\Users\jorge\.gradle\caches\modules-2\files-2.1\org.springframework.boot\spring-boot-starter-webflux\2.0.4.RELEASE\a52fcd02fb6129e14f2b4b36acc5748368563c93\spring-boot-starter-webflux-2.0.4.RELEASE.jar;C:\Users\jorge\.gradle\caches\modules-2\files-2.1\org.springframework.boot\spring-boot-starter-test\2.0.4.RELEASE\8f473705d2742b669f0318f10a956f94a93ba3d2\spring-boot-starter-test-2.0.4.RELEASE.jar;C:\Users\jorge\.gradle\caches\modules-2\files-2.1\org.springframework.boot\spring-boot-starter-hateoas\2.0.4.RELEASE\2f115bebeffea81859c6d874457fa8db16b10747\spring-boot-starter-hateoas-2.0.4.RELEASE.jar;C:\Users\jorge\.gradle\caches\modules-2\files-2.1\org.springframework.boot\spring-boot-starter-web\2.0.4.RELEASE\98d49e981ecf804da877d84259b7b0d1ec2fb6f6\spring-boot-starter-web-2.0.4.RELEASE.jar;C:\Users\jorge\.gradle\caches\modules-2\files-2.1\org.springframework.boot\spring-boot-starter-json\2.0.4.RELEASE\c7afabf0d7c85db178da4ce0634e3bd2ddb0eb71\spring-boot-starter-json-2.0.4.RELEASE.jar;C:\Users\jorge\.gradle\caches\modules-2\files-2.1\org.springframework.boot\spring-boot-starter\2.0.4.RELEASE\ec46c63a2adeee40058eff1a6baefca13975dc94\spring-boot-starter-2.0.4.RELEASE.jar;C:\Users\jorge\.gradle\caches\modules-2\files-2.1\com.sun.mail\javax.mail\1.6.1\757ba4630692bb2a1ec2d9d57a616b63f15e947e\javax.mail-1.6.1.jar;C:\Users\jorge\.gradle\caches\modules-2\files-2.1\org.springframework.boot\spring-boot-actuator-autoconfigure\2.0.4.RELEASE\2cadc1d20a1f9ee667a608cfee154138e954f5f2\spring-boot-actuator-autoconfigure-2.0.4.RELEASE.jar;C:\Users\jorge\.gradle\caches\modules-2\files-2.1\com.fasterxml.jackson.datatype\jackson-datatype-jsr310\2.9.6\ea54f6193d224e5e5732bbd4262327eb465397c2\jackson-datatype-jsr310-2.9.6.jar;C:\Users\jorge\.gradle\caches\modules-2\files-2.1\commons-io\commons-io\2.6\815893df5f31da2ece4040fe0a12fd44b577afaf\commons-io-2.6.jar;C:\Users\jorge\.gradle\caches\modules-2\files-2.1\org.springframework.security\spring-security-test\5.0.7.RELEASE\a74c9ab10d53baa3bb7a731753fe0c6d9ab9d848\spring-security-test-5.0.7.RELEASE.jar;C:\Users\jorge\.gradle\caches\modules-2\files-2.1\com.marcnuri\spring-common-test\0.0.2\da9c2c5e849c7dcbbe99d190bedffa5e6fe450a5\spring-common-test-0.0.2.jar;C:\Users\jorge\.gradle\caches\modules-2\files-2.1\org.hamcrest\java-hamcrest\2.0.0.0\f1c8853ade0ecf707f5a261c830e98893983813\java-hamcrest-2.0.0.0.jar;C:\Users\jorge\.gradle\caches\modules-2\files-2.1\org.powermock\powermock-module-junit4\2.0.0-RC.3\b9a04b492e2b93e93617ba457f76aebbf00fc221\powermock-module-junit4-2.0.0-RC.3.jar;C:\Users\jorge\.gradle\caches\modules-2\files-2.1\org.powermock\powermock-api-mockito2\2.0.0-RC.3\f85a8404be063ef15c5fdd3745b11d2fba875fcd\powermock-api-mockito2-2.0.0-RC.3.jar;C:\Users\jorge\.gradle\caches\modules-2\files-2.1\org.springframework.boot\spring-boot-test-autoconfigure\2.0.4.RELEASE\8a2e3f31e607fdb08deda2f59263ce177f1c4310\spring-boot-test-autoconfigure-2.0.4.RELEASE.jar;C:\Users\jorge\.gradle\caches\modules-2\files-2.1\org.springframework.boot\spring-boot-test\2.0.4.RELEASE\8a17fc3cf16b6d75f2ba132ade04409a670095de\spring-boot-test-2.0.4.RELEASE.jar;C:\Users\jorge\.gradle\caches\modules-2\files-2.1\org.springframework.boot\spring-boot-autoconfigure\2.0.4.RELEASE\65cd1244d606acc02ab7bfc47a203a3fe2400dda\spring-boot-autoconfigure-2.0.4.RELEASE.jar;C:\Users\jorge\.gradle\caches\modules-2\files-2.1\org.springframework.boot\spring-boot-actuator\2.0.4.RELEASE\9c02c968eb50a7cdc14fc4c7b586d767df6dc48d\spring-boot-actuator-2.0.4.RELEASE.jar;C:\Users\jorge\.gradle\caches\modules-2\files-2.1\org.springframework.boot\spring-boot\2.0.4.RELEASE\c8619c5b06d4dcdb4cac1e5e9c839e6e8b1c8574\spring-boot-2.0.4.RELEASE.jar;C:\Users\jorge\.gradle\caches\modules-2\files-2.1\org.springframework.boot\spring-boot-starter-logging\2.0.4.RELEASE\dcd1a2c431c970f44adae64d9145133979a513ab\spring-boot-starter-logging-2.0.4.RELEASE.jar;C:\Users\jorge\.gradle\caches\modules-2\files-2.1\org.springframework.boot\spring-boot-starter-tomcat\2.0.4.RELEASE\dcf28989a34b0801fea0e810c371fb9dab1e7784\spring-boot-starter-tomcat-2.0.4.RELEASE.jar;C:\Users\jorge\.gradle\caches\modules-2\files-2.1\javax.annotation\javax.annotation-api\1.3.2\934c04d3cfef185a8008e7bf34331b79730a9d43\javax.annotation-api-1.3.2.jar;C:\Users\jorge\.gradle\caches\modules-2\files-2.1\org.springframework.security\spring-security-config\5.0.7.RELEASE\d702e01048687db4ec6c97fb32d28ffbe348b3e\spring-security-config-5.0.7.RELEASE.jar;C:\Users\jorge\.gradle\caches\modules-2\files-2.1\org.springframework.security\spring-security-web\5.0.7.RELEASE\bab3ed579d4550bb5cc40b0a7fddd0106db7c66\spring-security-web-5.0.7.RELEASE.jar;C:\Users\jorge\.gradle\caches\modules-2\files-2.1\org.springframework.hateoas\spring-hateoas\0.25.0.RELEASE\22d1abd575426709734ab83e7d81d6deb4addbf6\spring-hateoas-0.25.0.RELEASE.jar;C:\Users\jorge\.gradle\caches\modules-2\files-2.1\org.springframework\spring-webflux\5.0.8.RELEASE\d16ce1cf6f95771e821619d6ef13c1f0333fafb\spring-webflux-5.0.8.RELEASE.jar;C:\Users\jorge\.gradle\caches\modules-2\files-2.1\org.springframework\spring-webmvc\5.0.8.RELEASE\7e5fe57590ca8e4468e50fe1d92b0b67aa4a327a\spring-webmvc-5.0.8.RELEASE.jar;C:\Users\jorge\.gradle\caches\modules-2\files-2.1\org.springframework\spring-web\5.0.8.RELEASE\fa43cdadb4ab2491fd1d0ddb06c0808e4b60fc85\spring-web-5.0.8.RELEASE.jar;C:\Users\jorge\.gradle\caches\modules-2\files-2.1\org.springframework\spring-test\5.0.8.RELEASE\5782619373bd7e7b7d9106203c317b04bb613ebb\spring-test-5.0.8.RELEASE.jar;C:\Users\jorge\.gradle\caches\modules-2\files-2.1\org.springframework.security\spring-security-core\5.0.7.RELEASE\40a0c57af6b4c3f8c611216d2579c6ab19672694\spring-security-core-5.0.7.RELEASE.jar;C:\Users\jorge\.gradle\caches\modules-2\files-2.1\org.springframework.plugin\spring-plugin-core\1.2.0.RELEASE\f380e7760032e7d929184f8ad8a33716b75c0657\spring-plugin-core-1.2.0.RELEASE.jar;C:\Users\jorge\.gradle\caches\modules-2\files-2.1\org.springframework\spring-context\5.0.8.RELEASE\3a067d8990761111c9b6d1d895640be26cc1fb38\spring-context-5.0.8.RELEASE.jar;C:\Users\jorge\.gradle\caches\modules-2\files-2.1\org.springframework\spring-aop\5.0.8.RELEASE\f5086c1a3185c481104511837427b39a07a57aa2\spring-aop-5.0.8.RELEASE.jar;C:\Users\jorge\.gradle\caches\modules-2\files-2.1\org.springframework\spring-beans\5.0.8.RELEASE\5fc965d3e7f5515099244857a8ae9e2a208c169b\spring-beans-5.0.8.RELEASE.jar;C:\Users\jorge\.gradle\caches\modules-2\files-2.1\org.springframework\spring-expression\5.0.8.RELEASE\f23158f22c917df2cddf2ecebc398a9e95f95fae\spring-expression-5.0.8.RELEASE.jar;C:\Users\jorge\.gradle\caches\modules-2\files-2.1\org.springframework\spring-core\5.0.8.RELEASE\dc39c49e3246cdf73d3786ac41119140aed3fa08\spring-core-5.0.8.RELEASE.jar;C:\Users\jorge\.gradle\caches\modules-2\files-2.1\org.yaml\snakeyaml\1.19\2d998d3d674b172a588e54ab619854d073f555b5\snakeyaml-1.19.jar;C:\Users\jorge\.gradle\caches\modules-2\files-2.1\io.micrometer\micrometer-core\1.0.6\50299bc8a34c251d62311bbb1a297f3942a82e42\micrometer-core-1.0.6.jar;C:\Users\jorge\.gradle\caches\modules-2\files-2.1\org.springframework.boot\spring-boot-starter-reactor-netty\2.0.4.RELEASE\ed4ac88f7fc699a9cbb6ee804a26e2e30239ca35\spring-boot-starter-reactor-netty-2.0.4.RELEASE.jar;C:\Users\jorge\.gradle\caches\modules-2\files-2.1\org.hibernate.validator\hibernate-validator\6.0.11.Final\36f9d10a11e4768f55e8fb91ebe4338a5c43954e\hibernate-validator-6.0.11.Final.jar;C:\Users\jorge\.gradle\caches\modules-2\files-2.1\org.synchronoss.cloud\nio-multipart-parser\1.1.0\c6c417fec6612584b1c34d4dd98c5a4e47e8c754\nio-multipart-parser-1.1.0.jar;C:\Users\jorge\.gradle\caches\modules-2\files-2.1\javax.activation\activation\1.1\e6cb541461c2834bdea3eb920f1884d1eb508b50\activation-1.1.jar;C:\Users\jorge\.gradle\caches\modules-2\files-2.1\com.fasterxml.jackson.datatype\jackson-datatype-jdk8\2.9.6\456895fc91bf7180b216fead220373e6278230c9\jackson-datatype-jdk8-2.9.6.jar;C:\Users\jorge\.gradle\caches\modules-2\files-2.1\com.fasterxml.jackson.module\jackson-module-parameter-names\2.9.6\129acd77a4b6ee30d62d3a0899b1344c8ec2bff8\jackson-module-parameter-names-2.9.6.jar;C:\Users\jorge\.gradle\caches\modules-2\files-2.1\com.fasterxml.jackson.core\jackson-databind\2.9.6\cfa4f316351a91bfd95cb0644c6a2c95f52db1fc\jackson-databind-2.9.6.jar;C:\Users\jorge\.gradle\caches\modules-2\files-2.1\com.fasterxml.jackson.core\jackson-annotations\2.9.0\7c10d545325e3a6e72e06381afe469fd40eb701\jackson-annotations-2.9.0.jar;C:\Users\jorge\.gradle\caches\modules-2\files-2.1\com.fasterxml.jackson.core\jackson-core\2.9.6\4e393793c37c77e042ccc7be5a914ae39251b365\jackson-core-2.9.6.jar;C:\Users\jorge\.gradle\caches\modules-2\files-2.1\com.jayway.jsonpath\json-path\2.4.0\765a4401ceb2dc8d40553c2075eb80a8fa35c2ae\json-path-2.4.0.jar;C:\Users\jorge\.gradle\caches\modules-2\files-2.1\org.powermock\powermock-module-junit4-common\2.0.0-RC.3\f09137abdf1aeea2df214037eab50ed864602c9a\powermock-module-junit4-common-2.0.0-RC.3.jar;C:\Users\jorge\.gradle\caches\modules-2\files-2.1\junit\junit\4.12\2973d150c0dc1fefe998f834810d68f278ea58ec\junit-4.12.jar;C:\Users\jorge\.gradle\caches\modules-2\files-2.1\org.assertj\assertj-core\3.9.1\c5ce126b15f28d56cd8f960c1a6a058b9c9aea87\assertj-core-3.9.1.jar;C:\Users\jorge\.gradle\caches\modules-2\files-2.1\org.mockito\mockito-core\2.15.0\b84bfbbc29cd22c9529409627af6ea2897f4fa85\mockito-core-2.15.0.jar;C:\Users\jorge\.gradle\caches\modules-2\files-2.1\org.hamcrest\hamcrest-library\1.3\4785a3c21320980282f9f33d0d1264a69040538f\hamcrest-library-1.3.jar;C:\Users\jorge\.gradle\caches\modules-2\files-2.1\org.hamcrest\hamcrest-core\1.3\42a25dc3219429f0e5d060061f71acb49bf010a0\hamcrest-core-1.3.jar;C:\Users\jorge\.gradle\caches\modules-2\files-2.1\org.skyscreamer\jsonassert\1.5.0\6c9d5fe2f59da598d9aefc1cfc6528ff3cf32df3\jsonassert-1.5.0.jar;C:\Users\jorge\.gradle\caches\modules-2\files-2.1\org.xmlunit\xmlunit-core\2.5.1\4ffdb346572a7356f7521cd3119ce5287d2e339d\xmlunit-core-2.5.1.jar;C:\Users\jorge\.gradle\caches\modules-2\files-2.1\org.powermock\powermock-api-support\2.0.0-RC.3\a23d6bdbcf865513c9f6992134152be80504e499\powermock-api-support-2.0.0-RC.3.jar;C:\Users\jorge\.gradle\caches\modules-2\files-2.1\ch.qos.logback\logback-classic\1.2.3\7c4f3c474fb2c041d8028740440937705ebb473a\logback-classic-1.2.3.jar;C:\Users\jorge\.gradle\caches\modules-2\files-2.1\org.apache.logging.log4j\log4j-to-slf4j\2.10.0\f7e631ccf49cfc0aefa4a2a728da7d374c05bd3c\log4j-to-slf4j-2.10.0.jar;C:\Users\jorge\.gradle\caches\modules-2\files-2.1\org.slf4j\jul-to-slf4j\1.7.25\af5364cd6679bfffb114f0dec8a157aaa283b76\jul-to-slf4j-1.7.25.jar;C:\Users\jorge\.gradle\caches\modules-2\files-2.1\org.springframework\spring-jcl\5.0.8.RELEASE\a1fa8fb560fb252321776e16bc9ac8201af4ef5e\spring-jcl-5.0.8.RELEASE.jar;C:\Users\jorge\.gradle\caches\modules-2\files-2.1\org.hdrhistogram\HdrHistogram\2.1.10\9e1ac84eed220281841b75e72fb9de5a297fbf04\HdrHistogram-2.1.10.jar;C:\Users\jorge\.gradle\caches\modules-2\files-2.1\org.latencyutils\LatencyUtils\2.0.3\769c0b82cb2421c8256300e907298a9410a2a3d3\LatencyUtils-2.0.3.jar;C:\Users\jorge\.gradle\caches\modules-2\files-2.1\org.synchronoss.cloud\nio-stream-storage\1.1.3\986dba5f6e5eed20f0dba6ddc8e8a64a9ebdc2f3\nio-stream-storage-1.1.3.jar;C:\Users\jorge\.gradle\caches\modules-2\files-2.1\org.slf4j\slf4j-api\1.7.25\da76ca59f6a57ee3102f8f9bd9cee742973efa8a\slf4j-api-1.7.25.jar;C:\Users\jorge\.gradle\caches\modules-2\files-2.1\io.projectreactor.ipc\reactor-netty\0.7.8.RELEASE\fe25c7d3042b6005690f7d243cef987b696a12ee\reactor-netty-0.7.8.RELEASE.jar;C:\Users\jorge\.gradle\caches\modules-2\files-2.1\javax.validation\validation-api\2.0.1.Final\cb855558e6271b1b32e716d24cb85c7f583ce09e\validation-api-2.0.1.Final.jar;C:\Users\jorge\.gradle\caches\modules-2\files-2.1\org.jboss.logging\jboss-logging\3.3.2.Final\3789d00e859632e6c6206adc0c71625559e6e3b0\jboss-logging-3.3.2.Final.jar;C:\Users\jorge\.gradle\caches\modules-2\files-2.1\com.fasterxml\classmate\1.3.4\3d5f48f10bbe4eb7bd862f10c0583be2e0053c6\classmate-1.3.4.jar;C:\Users\jorge\.gradle\caches\modules-2\files-2.1\io.projectreactor\reactor-core\3.1.8.RELEASE\3bcc30f9161d3d17abe44b4aa20e397e5170566e\reactor-core-3.1.8.RELEASE.jar;C:\Users\jorge\.gradle\caches\modules-2\files-2.1\net.minidev\json-smart\2.3\7396407491352ce4fa30de92efb158adb76b5b\json-smart-2.3.jar;C:\Users\jorge\.gradle\caches\modules-2\files-2.1\org.powermock\powermock-core\2.0.0-RC.3\f958479ea1f0d1ba37cf65b6612fccfbaf4d8dd3\powermock-core-2.0.0-RC.3.jar;C:\Users\jorge\.gradle\caches\modules-2\files-2.1\org.powermock\powermock-reflect\2.0.0-RC.3\c10437486ae35b91666c2591fd7b1a8054b4573c\powermock-reflect-2.0.0-RC.3.jar;C:\Users\jorge\.gradle\caches\modules-2\files-2.1\net.bytebuddy\byte-buddy\1.7.11\f02857a4e2c66ccbe7aaad6100a0a6c461bce9b3\byte-buddy-1.7.11.jar;C:\Users\jorge\.gradle\caches\modules-2\files-2.1\net.bytebuddy\byte-buddy-agent\1.7.11\b425a8933ca07edd03c6dbc8bc3b595fba9780de\byte-buddy-agent-1.7.11.jar;C:\Users\jorge\.gradle\caches\modules-2\files-2.1\org.objenesis\objenesis\3.0.1\11cfac598df9dc48bb9ed9357ed04212694b7808\objenesis-3.0.1.jar;C:\Users\jorge\.gradle\caches\modules-2\files-2.1\com.vaadin.external.google\android-json\0.0.20131108.vaadin1\fa26d351fe62a6a17f5cda1287c1c6110dec413f\android-json-0.0.20131108.vaadin1.jar;C:\Users\jorge\.gradle\caches\modules-2\files-2.1\ch.qos.logback\logback-core\1.2.3\864344400c3d4d92dfeb0a305dc87d953677c03c\logback-core-1.2.3.jar;C:\Users\jorge\.gradle\caches\modules-2\files-2.1\org.apache.logging.log4j\log4j-api\2.10.0\fec5797a55b786184a537abd39c3fa1449d752d6\log4j-api-2.10.0.jar;C:\Users\jorge\.gradle\caches\modules-2\files-2.1\org.apache.tomcat.embed\tomcat-embed-websocket\8.5.32\ea5302e378f1449d4e5dda79e8d810c1e7931f91\tomcat-embed-websocket-8.5.32.jar;C:\Users\jorge\.gradle\caches\modules-2\files-2.1\org.apache.tomcat.embed\tomcat-embed-core\8.5.32\6bc6896200146010cc4666bdc6b9b0cbb453ee22\tomcat-embed-core-8.5.32.jar;C:\Users\jorge\.gradle\caches\modules-2\files-2.1\org.apache.tomcat.embed\tomcat-embed-el\8.5.32\e4fd0ee015d83fa1c5ec93ff1d05bdaf9a4480c5\tomcat-embed-el-8.5.32.jar;C:\Users\jorge\.gradle\caches\modules-2\files-2.1\io.netty\netty-handler-proxy\4.1.27.Final\1a822ce7760bc6eb4937b7e448c9e081fedcc807\netty-handler-proxy-4.1.27.Final.jar;C:\Users\jorge\.gradle\caches\modules-2\files-2.1\io.netty\netty-codec-http\4.1.27.Final\a1722d6bcbbef1c4c7877e8bf38b07a3db5ed07f\netty-codec-http-4.1.27.Final.jar;C:\Users\jorge\.gradle\caches\modules-2\files-2.1\io.netty\netty-handler\4.1.27.Final\21bd9cf565390a8d72579b8664303e3c175dfc6a\netty-handler-4.1.27.Final.jar;C:\Users\jorge\.gradle\caches\modules-2\files-2.1\io.netty\netty-transport-native-epoll\4.1.27.Final\8c3a61a7dd53eafe2f0fe31356f1379598f74517\netty-transport-native-epoll-4.1.27.Final-linux-x86_64.jar;C:\Users\jorge\.gradle\caches\modules-2\files-2.1\org.reactivestreams\reactive-streams\1.0.2\323964c36556eb0e6209f65c1cef72b53b461ab8\reactive-streams-1.0.2.jar;C:\Users\jorge\.gradle\caches\modules-2\files-2.1\net.minidev\accessors-smart\1.2\c592b500269bfde36096641b01238a8350f8aa31\accessors-smart-1.2.jar;C:\Users\jorge\.gradle\caches\modules-2\files-2.1\org.javassist\javassist\3.24.0-GA\d7466fc2e3af7c023e95c510f06448ad29b225b3\javassist-3.24.0-GA.jar;C:\Users\jorge\.gradle\caches\modules-2\files-2.1\io.netty\netty-codec-socks\4.1.27.Final\285b09af98764cf02e4b77b3d95af188469a7133\netty-codec-socks-4.1.27.Final.jar;C:\Users\jorge\.gradle\caches\modules-2\files-2.1\io.netty\netty-codec\4.1.27.Final\d2653d78ebaa650064768fb26b10051f5c8efb2c\netty-codec-4.1.27.Final.jar;C:\Users\jorge\.gradle\caches\modules-2\files-2.1\io.netty\netty-transport-native-unix-common\4.1.27.Final\2b0667fe5c1df78c6cfbf9d53ad8b1fb533fb8e8\netty-transport-native-unix-common-4.1.27.Final.jar;C:\Users\jorge\.gradle\caches\modules-2\files-2.1\io.netty\netty-transport\4.1.27.Final\b5c2da3ea89dd67320925f1504c9eb3615241b7c\netty-transport-4.1.27.Final.jar;C:\Users\jorge\.gradle\caches\modules-2\files-2.1\io.netty\netty-buffer\4.1.27.Final\aafe2b9fb0d8f3b200cf10b9fd6486c6a722d7a1\netty-buffer-4.1.27.Final.jar;C:\Users\jorge\.gradle\caches\modules-2\files-2.1\io.netty\netty-resolver\4.1.27.Final\2536447ef9605ccb2b5203aa22392c6514484ea9\netty-resolver-4.1.27.Final.jar;C:\Users\jorge\.gradle\caches\modules-2\files-2.1\io.netty\netty-common\4.1.27.Final\6a12a969c27fb37b230c4bde5a67bd822fa6b7a4\netty-common-4.1.27.Final.jar;C:\Users\jorge\.gradle\caches\modules-2\files-2.1\org.ow2.asm\asm\5.0.4\da08b8cce7bbf903602a25a3a163ae252435795\asm-5.0.4.jar, user.name=jorge, java.vm.specification.version=1.8, sun.java.command=worker.org.gradle.process.internal.worker.GradleWorkerMain 'Gradle Test Executor 1', java.home=C:\Program Files\AdoptOpenJDK\jdk-8.0.242.08-hotspot\jre, sun.arch.data.model=64, user.language=en, java.specification.vendor=Oracle Corporation, awt.toolkit=sun.awt.windows.WToolkit, java.vm.info=mixed mode, java.version=1.8.0_242, java.ext.dirs=C:\Program Files\AdoptOpenJDK\jdk-8.0.242.08-hotspot\jre\lib\ext;C:\Windows\Sun\Java\lib\ext, sun.boot.class.path=C:\Program Files\AdoptOpenJDK\jdk-8.0.242.08-hotspot\jre\lib\resources.jar;C:\Program Files\AdoptOpenJDK\jdk-8.0.242.08-hotspot\jre\lib\rt.jar;C:\Program Files\AdoptOpenJDK\jdk-8.0.242.08-hotspot\jre\lib\sunrsasign.jar;C:\Program Files\AdoptOpenJDK\jdk-8.0.242.08-hotspot\jre\lib\jsse.jar;C:\Program Files\AdoptOpenJDK\jdk-8.0.242.08-hotspot\jre\lib\jce.jar;C:\Program Files\AdoptOpenJDK\jdk-8.0.242.08-hotspot\jre\lib\charsets.jar;C:\Program Files\AdoptOpenJDK\jdk-8.0.242.08-hotspot\jre\lib\jfr.jar;C:\Program Files\AdoptOpenJDK\jdk-8.0.242.08-hotspot\jre\classes, java.vendor=AdoptOpenJDK, org.gradle.test.worker=1, file.separator=\, java.vendor.url.bug=http://bugreport.sun.com/bugreport/, sun.io.unicode.encoding=UnicodeLittle, sun.cpu.endian=little, sun.desktop=windows, sun.cpu.isalist=amd64}}, SystemEnvironmentPropertySource@1863697085 {name='systemEnvironment', properties={USERDOMAIN_ROAMINGPROFILE=DESKTOP-U7U4TE6, PROCESSOR_LEVEL=6, VS140COMNTOOLS=C:\Program Files (x86)\Microsoft Visual Studio 14.0\Common7\Tools\, SESSIONNAME=Console, ALLUSERSPROFILE=C:\ProgramData, PROCESSOR_ARCHITECTURE=AMD64, PSModulePath=C:\Users\jorge\Documents\WindowsPowerShell\Modules;C:\Program Files\WindowsPowerShell\Modules;C:\Windows\system32\WindowsPowerShell\v1.0\Modules, SystemDrive=C:, =ExitCode=00000000, DIRNAME=C:\azure-devops\git\eShopOnContainers\src\Web\WebImapClient\Client\server\, USERNAME=jorge, CMD_LINE_ARGS=b, ProgramFiles(x86)=C:\Program Files (x86), FPS_BROWSER_USER_PROFILE_STRING=Default, APP_HOME=C:\azure-devops\git\eShopOnContainers\src\Web\WebImapClient\Client\server\, PATHEXT=.COM;.EXE;.BAT;.CMD;.VBS;.VBE;.JS;.JSE;.WSF;.WSH;.MSC;.CPL, DriverData=C:\Windows\System32\Drivers\DriverData, OneDriveConsumer=C:\Users\jorge\OneDrive, ProgramData=C:\ProgramData, ProgramW6432=C:\Program Files, HOMEPATH=\Users\jorge, PROCESSOR_IDENTIFIER=Intel64 Family 6 Model 158 Stepping 13, GenuineIntel, ProgramFiles=C:\Program Files, PUBLIC=C:\Users\Public, windir=C:\Windows, =::=::\, _SKIP=2, LOCALAPPDATA=C:\Users\jorge\AppData\Local, ChocolateyLastPathUpdate=132229495750090469, USERDOMAIN=DESKTOP-U7U4TE6, FPS_BROWSER_APP_PROFILE_STRING=Internet Explorer, LOGONSERVER=\\DESKTOP-U7U4TE6, PROMPT=$P$G, OneDrive=C:\Users\jorge\OneDrive, =C:=C:\azure-devops\git\eShopOnContainers\src\Web\WebImapClient\Client\server, APPDATA=C:\Users\jorge\AppData\Roaming, JAVA_EXE=java.exe, ChocolateyInstall=C:\ProgramData\chocolatey, CommonProgramFiles=C:\Program Files\Common Files, Path=C:\Program Files\AdoptOpenJDK\jdk-8.0.242.08-hotspot\bin;C:\Program Files (x86)\Common Files\Oracle\Java\javapath;C:\Python27\;C:\Python27\Scripts;C:\ProgramData\DockerDesktop\version-bin;C:\Program Files\Docker\Docker\Resources\bin;C:\Windows\system32;C:\Windows;C:\Windows\System32\Wbem;C:\Windows\System32\WindowsPowerShell\v1.0\;C:\Windows\System32\OpenSSH\;C:\Program Files (x86)\NVIDIA Corporation\PhysX\Common;C:\Program Files\dotnet\;C:\Program Files\Microsoft SQL Server\130\Tools\Binn\;C:\Program Files\Microsoft SQL Server\Client SDK\ODBC\170\Tools\Binn\;C:\Program Files (x86)\Microsoft SQL Server\150\DTS\Binn\;C:\Program Files\Git\cmd;C:\Program Files (x86)\Microsoft ASP.NET\ASP.NET Web Pages\v1.0\;C:\Program Files\Microsoft SQL Server\110\Tools\Binn\;C:\Windows\system32\config\systemprofile\.dnx\bin;C:\Program Files\Microsoft DNX\Dnvm\;C:\Program Files\nodejs\;C:\ProgramData\chocolatey\bin;C:\Program Files\Microsoft\Web Platform Installer\;C:\Users\jorge\AppData\Local\Microsoft\WindowsApps;C:\Users\jorge\AppData\Local\Programs\Microsoft VS Code\bin;C:\Users\jorge\.dotnet\tools;C:\Users\jorge\AppData\Roaming\npm;C:\Users\jorge\AppData\Local\GitHubDesktop\bin, OS=Windows_NT, COMPUTERNAME=DESKTOP-U7U4TE6, PROCESSOR_REVISION=9e0d, CLASSPATH=C:\azure-devops\git\eShopOnContainers\src\Web\WebImapClient\Client\server\\gradle\wrapper\gradle-wrapper.jar, CommonProgramW6432=C:\Program Files\Common Files, ComSpec=C:\Windows\system32\cmd.exe, APP_BASE_NAME=gradlew, SystemRoot=C:\Windows, TEMP=C:\Users\jorge\AppData\Local\Temp, HOMEDRIVE=C:, USERPROFILE=C:\Users\jorge, TMP=C:\Users\jorge\AppData\Local\Temp, VS110COMNTOOLS=C:\Program Files (x86)\Microsoft Visual Studio 11.0\Common7\Tools\, CommonProgramFiles(x86)=C:\Program Files (x86)\Common Files, NUMBER_OF_PROCESSORS=12}}]
13:25:57.722 [Test worker] DEBUG org.springframework.web.servlet.mvc.method.annotation.RequestMappingHandlerMapping - Looking for request mappings in application context: org.springframework.test.web.servlet.setup.StubWebApplicationContext@9553f7d
13:25:57.728 [Test worker] DEBUG org.springframework.web.servlet.mvc.method.annotation.RequestMappingHandlerMapping - 18 request handler methods found on class com.marcnuri.isotope.api.folder.FolderResource: {public org.springframework.http.ResponseEntity com.marcnuri.isotope.api.folder.FolderResource.getMessage(java.lang.String,java.lang.Long)={[/v1/folders/{folderId}/messages/{messageId}],methods=[GET]}, public org.springframework.http.ResponseEntity com.marcnuri.isotope.api.folder.FolderResource.setMessageFlagged(java.lang.String,java.lang.Long,boolean)={[/v1/folders/{folderId}/messages/{messageId}/flagged],methods=[PUT]}, public org.springframework.http.ResponseEntity com.marcnuri.isotope.api.folder.FolderResource.createChildFolder(java.lang.String,java.lang.String)={[/v1/folders/{folderId}],methods=[POST],produces=[application/hal+json]}, public org.springframework.http.ResponseEntity com.marcnuri.isotope.api.folder.FolderResource.deleteAllFolderMessages(java.lang.String)={[/v1/folders/{folderId}/messages],methods=[DELETE]}, public org.springframework.http.ResponseEntity com.marcnuri.isotope.api.folder.FolderResource.moveFolder(java.lang.String,java.lang.String)={[/v1/folders/{folderId}/parent],methods=[PUT],produces=[application/hal+json]}, public org.springframework.http.ResponseEntity com.marcnuri.isotope.api.folder.FolderResource.getMessageRaw(java.lang.String,java.lang.Long)={[/v1/folders/{folderId}/messages/{messageId}/raw],methods=[GET]}, public org.springframework.http.ResponseEntity com.marcnuri.isotope.api.folder.FolderResource.setMessagesSeen(java.lang.String,java.lang.Boolean,java.util.List)={[/v1/folders/{folderId}/messages/seen/{seen}],methods=[PUT]}, public org.springframework.http.ResponseEntity com.marcnuri.isotope.api.folder.FolderResource.getFolders(java.lang.Boolean)={[/v1/folders],methods=[GET],produces=[application/hal+json]}, public org.springframework.http.ResponseEntity com.marcnuri.isotope.api.folder.FolderResource.createRootFolder(java.lang.String)={[/v1/folders],methods=[POST],produces=[application/hal+json]}, public org.springframework.http.ResponseEntity com.marcnuri.isotope.api.folder.FolderResource.deleteMessages(java.lang.String,java.util.List)={[/v1/folders/{folderId}/messages],methods=[DELETE],params=[id]}, public reactor.core.publisher.Flux com.marcnuri.isotope.api.folder.FolderResource.getMessages(java.lang.String,javax.servlet.http.HttpServletResponse)={[/v1/folders/{folderId}/messages],methods=[GET],produces=[text/event-stream]}, public org.springframework.http.ResponseEntity com.marcnuri.isotope.api.folder.FolderResource.preloadMessages(java.lang.String,java.util.List)={[/v1/folders/{folderId}/messages],methods=[GET]}, public org.springframework.http.ResponseEntity com.marcnuri.isotope.api.folder.FolderResource.getAttachment(java.lang.String,java.lang.Long,java.lang.String,java.lang.Boolean,javax.servlet.http.HttpServletResponse)={[/v1/folders/{folderId}/messages/{messageId}/attachments/{id}],methods=[GET]}, public org.springframework.http.ResponseEntity com.marcnuri.isotope.api.folder.FolderResource.deleteFolder(java.lang.String)={[/v1/folders/{folderId}],methods=[DELETE],produces=[application/hal+json]}, public org.springframework.http.ResponseEntity com.marcnuri.isotope.api.folder.FolderResource.moveMessages(java.lang.String,java.lang.String,java.util.List)={[/v1/folders/{fromFolderId}/messages/folder/{toFolderId}],methods=[PUT]}, public org.springframework.http.ResponseEntity com.marcnuri.isotope.api.folder.FolderResource.renameFolder(java.lang.String,java.lang.String)={[/v1/folders/{folderId}/name],methods=[PUT],produces=[application/hal+json]}, public org.springframework.http.ResponseEntity com.marcnuri.isotope.api.folder.FolderResource.moveMessage(java.lang.String,java.lang.Long,java.lang.String)={[/v1/folders/{fromFolderId}/messages/{messageId}/folder/{toFolderId}],methods=[PUT]}, public org.springframework.http.ResponseEntity com.marcnuri.isotope.api.folder.FolderResource.setMessageSeen(java.lang.String,java.lang.Long,boolean)={[/v1/folders/{folderId}/messages/{messageId}/seen],methods=[PUT]}}
13:25:57.728 [Test worker] INFO org.springframework.web.servlet.mvc.method.annotation.RequestMappingHandlerMapping - Mapped "{[/v1/folders/{folderId}/messages/{messageId}],methods=[GET]}" onto public org.springframework.http.ResponseEntity<com.marcnuri.isotope.api.message.MessageWithFolder> com.marcnuri.isotope.api.folder.FolderResource.getMessage(java.lang.String,java.lang.Long)
13:25:57.728 [Test worker] INFO org.springframework.web.servlet.mvc.method.annotation.RequestMappingHandlerMapping - Mapped "{[/v1/folders/{folderId}/messages/{messageId}/flagged],methods=[PUT]}" onto public org.springframework.http.ResponseEntity<java.lang.Void> com.marcnuri.isotope.api.folder.FolderResource.setMessageFlagged(java.lang.String,java.lang.Long,boolean)
13:25:57.729 [Test worker] INFO org.springframework.web.servlet.mvc.method.annotation.RequestMappingHandlerMapping - Mapped "{[/v1/folders/{folderId}],methods=[POST],produces=[application/hal+json]}" onto public org.springframework.http.ResponseEntity<com.marcnuri.isotope.api.folder.Folder> com.marcnuri.isotope.api.folder.FolderResource.createChildFolder(java.lang.String,java.lang.String)
13:25:57.729 [Test worker] INFO org.springframework.web.servlet.mvc.method.annotation.RequestMappingHandlerMapping - Mapped "{[/v1/folders/{folderId}/messages],methods=[DELETE]}" onto public org.springframework.http.ResponseEntity<com.marcnuri.isotope.api.folder.Folder> com.marcnuri.isotope.api.folder.FolderResource.deleteAllFolderMessages(java.lang.String)
13:25:57.729 [Test worker] INFO org.springframework.web.servlet.mvc.method.annotation.RequestMappingHandlerMapping - Mapped "{[/v1/folders/{folderId}/parent],methods=[PUT],produces=[application/hal+json]}" onto public org.springframework.http.ResponseEntity<com.marcnuri.isotope.api.folder.Folder> com.marcnuri.isotope.api.folder.FolderResource.moveFolder(java.lang.String,java.lang.String)
13:25:57.729 [Test worker] INFO org.springframework.web.servlet.mvc.method.annotation.RequestMappingHandlerMapping - Mapped "{[/v1/folders/{folderId}/messages/{messageId}/raw],methods=[GET]}" onto public org.springframework.http.ResponseEntity<java.lang.String> com.marcnuri.isotope.api.folder.FolderResource.getMessageRaw(java.lang.String,java.lang.Long)
13:25:57.730 [Test worker] INFO org.springframework.web.servlet.mvc.method.annotation.RequestMappingHandlerMapping - Mapped "{[/v1/folders/{folderId}/messages/seen/{seen}],methods=[PUT]}" onto public org.springframework.http.ResponseEntity<java.lang.Void> com.marcnuri.isotope.api.folder.FolderResource.setMessagesSeen(java.lang.String,java.lang.Boolean,java.util.List<java.lang.Long>)
13:25:57.730 [Test worker] INFO org.springframework.web.servlet.mvc.method.annotation.RequestMappingHandlerMapping - Mapped "{[/v1/folders],methods=[GET],produces=[application/hal+json]}" onto public org.springframework.http.ResponseEntity<java.util.List<com.marcnuri.isotope.api.folder.Folder>> com.marcnuri.isotope.api.folder.FolderResource.getFolders(java.lang.Boolean)
13:25:57.731 [Test worker] INFO org.springframework.web.servlet.mvc.method.annotation.RequestMappingHandlerMapping - Mapped "{[/v1/folders],methods=[POST],produces=[application/hal+json]}" onto public org.springframework.http.ResponseEntity<java.util.List<com.marcnuri.isotope.api.folder.Folder>> com.marcnuri.isotope.api.folder.FolderResource.createRootFolder(java.lang.String)
13:25:57.731 [Test worker] INFO org.springframework.web.servlet.mvc.method.annotation.RequestMappingHandlerMapping - Mapped "{[/v1/folders/{folderId}/messages],methods=[DELETE],params=[id]}" onto public org.springframework.http.ResponseEntity<com.marcnuri.isotope.api.folder.Folder> com.marcnuri.isotope.api.folder.FolderResource.deleteMessages(java.lang.String,java.util.List<java.lang.Long>)
13:25:57.732 [Test worker] INFO org.springframework.web.servlet.mvc.method.annotation.RequestMappingHandlerMapping - Mapped "{[/v1/folders/{folderId}/messages],methods=[GET],produces=[text/event-stream]}" onto public reactor.core.publisher.Flux<org.springframework.http.codec.ServerSentEvent<java.util.List<com.marcnuri.isotope.api.message.Message>>> com.marcnuri.isotope.api.folder.FolderResource.getMessages(java.lang.String,javax.servlet.http.HttpServletResponse)
13:25:57.732 [Test worker] INFO org.springframework.web.servlet.mvc.method.annotation.RequestMappingHandlerMapping - Mapped "{[/v1/folders/{folderId}/messages],methods=[GET]}" onto public org.springframework.http.ResponseEntity<java.util.List<com.marcnuri.isotope.api.message.Message>> com.marcnuri.isotope.api.folder.FolderResource.preloadMessages(java.lang.String,java.util.List<java.lang.Long>)
13:25:57.732 [Test worker] INFO org.springframework.web.servlet.mvc.method.annotation.RequestMappingHandlerMapping - Mapped "{[/v1/folders/{folderId}/messages/{messageId}/attachments/{id}],methods=[GET]}" onto public org.springframework.http.ResponseEntity<java.lang.Void> com.marcnuri.isotope.api.folder.FolderResource.getAttachment(java.lang.String,java.lang.Long,java.lang.String,java.lang.Boolean,javax.servlet.http.HttpServletResponse)
13:25:57.732 [Test worker] INFO org.springframework.web.servlet.mvc.method.annotation.RequestMappingHandlerMapping - Mapped "{[/v1/folders/{folderId}],methods=[DELETE],produces=[application/hal+json]}" onto public org.springframework.http.ResponseEntity<com.marcnuri.isotope.api.folder.Folder> com.marcnuri.isotope.api.folder.FolderResource.deleteFolder(java.lang.String)
13:25:57.732 [Test worker] INFO org.springframework.web.servlet.mvc.method.annotation.RequestMappingHandlerMapping - Mapped "{[/v1/folders/{fromFolderId}/messages/folder/{toFolderId}],methods=[PUT]}" onto public org.springframework.http.ResponseEntity<java.util.List<com.marcnuri.isotope.api.message.MessageWithFolder>> com.marcnuri.isotope.api.folder.FolderResource.moveMessages(java.lang.String,java.lang.String,java.util.List<java.lang.Long>)
13:25:57.733 [Test worker] INFO org.springframework.web.servlet.mvc.method.annotation.RequestMappingHandlerMapping - Mapped "{[/v1/folders/{folderId}/name],methods=[PUT],produces=[application/hal+json]}" onto public org.springframework.http.ResponseEntity<com.marcnuri.isotope.api.folder.Folder> com.marcnuri.isotope.api.folder.FolderResource.renameFolder(java.lang.String,java.lang.String)
13:25:57.733 [Test worker] INFO org.springframework.web.servlet.mvc.method.annotation.RequestMappingHandlerMapping - Mapped "{[/v1/folders/{fromFolderId}/messages/{messageId}/folder/{toFolderId}],methods=[PUT]}" onto public org.springframework.http.ResponseEntity<java.util.List<com.marcnuri.isotope.api.message.MessageWithFolder>> com.marcnuri.isotope.api.folder.FolderResource.moveMessage(java.lang.String,java.lang.Long,java.lang.String)
13:25:57.733 [Test worker] INFO org.springframework.web.servlet.mvc.method.annotation.RequestMappingHandlerMapping - Mapped "{[/v1/folders/{folderId}/messages/{messageId}/seen],methods=[PUT]}" onto public org.springframework.http.ResponseEntity<java.lang.Void> com.marcnuri.isotope.api.folder.FolderResource.setMessageSeen(java.lang.String,java.lang.Long,boolean)
13:25:57.739 [Test worker] DEBUG org.hibernate.validator.internal.engine.resolver.TraversableResolvers - Cannot find javax.persistence.Persistence on classpath. Assuming non JPA 2 environment. All properties will per default be traversable.
13:25:57.739 [Test worker] DEBUG org.hibernate.validator.messageinterpolation.ResourceBundleMessageInterpolator - Loaded expression factory via original TCCL
13:25:57.739 [Test worker] DEBUG org.hibernate.validator.internal.engine.ConfigurationImpl - Setting custom MessageInterpolator of type org.springframework.validation.beanvalidation.LocaleContextMessageInterpolator
13:25:57.739 [Test worker] DEBUG org.hibernate.validator.internal.engine.ConfigurationImpl - Setting custom ParameterNameProvider of type org.springframework.validation.beanvalidation.LocalValidatorFactoryBean$1
13:25:57.740 [Test worker] DEBUG org.hibernate.validator.internal.xml.config.ValidationXmlParser - Trying to load META-INF/validation.xml for XML based Validator configuration.
13:25:57.740 [Test worker] DEBUG org.hibernate.validator.internal.xml.config.ResourceLoaderHelper - Trying to load META-INF/validation.xml via TCCL
13:25:57.740 [Test worker] DEBUG org.hibernate.validator.internal.xml.config.ResourceLoaderHelper - Trying to load META-INF/validation.xml via Hibernate Validator's class loader
13:25:57.741 [Test worker] DEBUG org.hibernate.validator.internal.xml.config.ValidationXmlParser - No META-INF/validation.xml found. Using annotation based configuration only.
13:25:57.746 [Test worker] DEBUG org.hibernate.validator.internal.engine.ValidatorFactoryImpl - HV000234: Using org.springframework.validation.beanvalidation.LocaleContextMessageInterpolator as ValidatorFactory-scoped message interpolator.
13:25:57.746 [Test worker] DEBUG org.hibernate.validator.internal.engine.ValidatorFactoryImpl - HV000234: Using org.hibernate.validator.internal.engine.resolver.TraverseAllTraversableResolver as ValidatorFactory-scoped traversable resolver.
13:25:57.746 [Test worker] DEBUG org.hibernate.validator.internal.engine.ValidatorFactoryImpl - HV000234: Using org.hibernate.validator.internal.util.ExecutableParameterNameProvider as ValidatorFactory-scoped parameter name provider.
13:25:57.746 [Test worker] DEBUG org.hibernate.validator.internal.engine.ValidatorFactoryImpl - HV000234: Using org.hibernate.validator.internal.engine.DefaultClockProvider as ValidatorFactory-scoped clock provider.
13:25:57.746 [Test worker] DEBUG org.hibernate.validator.internal.engine.ValidatorFactoryImpl - HV000234: Using org.hibernate.validator.internal.engine.scripting.DefaultScriptEvaluatorFactory as ValidatorFactory-scoped script evaluator factory.
13:25:57.747 [Test worker] INFO org.springframework.web.servlet.mvc.method.annotation.RequestMappingHandlerAdapter - Looking for @ControllerAdvice: org.springframework.test.web.servlet.setup.StubWebApplicationContext@9553f7d
13:25:57.751 [Test worker] DEBUG org.springframework.web.servlet.mvc.method.annotation.ExceptionHandlerExceptionResolver - Looking for exception mappings: org.springframework.test.web.servlet.setup.StubWebApplicationContext@9553f7d
13:25:57.752 [Test worker] DEBUG org.springframework.test.web.servlet.TestDispatcherServlet - Initializing servlet ''
13:25:57.752 [Test worker] INFO org.springframework.mock.web.MockServletContext - Initializing Spring FrameworkServlet ''
13:25:57.752 [Test worker] INFO org.springframework.test.web.servlet.TestDispatcherServlet - FrameworkServlet '': initialization started
13:25:57.752 [Test worker] DEBUG org.springframework.test.web.servlet.TestDispatcherServlet - Unable to locate MultipartResolver with name 'multipartResolver': no multipart request handling provided
13:25:57.752 [Test worker] DEBUG org.springframework.test.web.servlet.TestDispatcherServlet - Using LocaleResolver [org.springframework.web.servlet.i18n.AcceptHeaderLocaleResolver@14e77561]
13:25:57.752 [Test worker] DEBUG org.springframework.test.web.servlet.TestDispatcherServlet - Using ThemeResolver [org.springframework.web.servlet.theme.FixedThemeResolver@2d97b43]
13:25:57.752 [Test worker] DEBUG org.springframework.test.web.servlet.TestDispatcherServlet - Using RequestToViewNameTranslator [org.springframework.web.servlet.view.DefaultRequestToViewNameTranslator@40566b38]
13:25:57.752 [Test worker] DEBUG org.springframework.test.web.servlet.TestDispatcherServlet - Using FlashMapManager [org.springframework.web.servlet.support.SessionFlashMapManager@df4f19]
13:25:57.752 [Test worker] DEBUG org.springframework.test.web.servlet.TestDispatcherServlet - Published WebApplicationContext of servlet '' as ServletContext attribute with name [org.springframework.web.servlet.FrameworkServlet.CONTEXT.]
13:25:57.752 [Test worker] INFO org.springframework.test.web.servlet.TestDispatcherServlet - FrameworkServlet '': initialization completed in 0 ms
13:25:57.752 [Test worker] DEBUG org.springframework.test.web.servlet.TestDispatcherServlet - Servlet '' configured successfully
13:25:57.760 [Test worker] DEBUG org.springframework.test.web.servlet.TestDispatcherServlet - DispatcherServlet with name '' processing GET request for [/v1/folders/MTMzNw==/messages]
13:25:57.760 [Test worker] DEBUG org.springframework.web.servlet.mvc.method.annotation.RequestMappingHandlerMapping - Looking up handler method for path /v1/folders/MTMzNw==/messages
13:25:57.761 [Test worker] DEBUG org.springframework.web.servlet.mvc.method.annotation.RequestMappingHandlerMapping - Returning handler method [public reactor.core.publisher.Flux<org.springframework.http.codec.ServerSentEvent<java.util.List<com.marcnuri.isotope.api.message.Message>>> com.marcnuri.isotope.api.folder.FolderResource.getMessages(java.lang.String,javax.servlet.http.HttpServletResponse)]
13:25:57.761 [Test worker] DEBUG org.springframework.test.web.servlet.TestDispatcherServlet - Last-Modified value for [/v1/folders/MTMzNw==/messages] is: -1
13:25:57.763 [Test worker] DEBUG com.marcnuri.isotope.api.folder.FolderResource - Loading list of messages for folder MTMzNw== 
13:25:57.764 [Test worker] DEBUG org.springframework.beans.factory.support.DefaultListableBeanFactory - Returning cached instance of singleton bean 'prototypeImapService'
13:25:57.780 [Test worker] WARN org.springframework.web.servlet.mvc.method.annotation.ReactiveTypeHandler - 
!!!
Streaming through a reactive type requires an Executor to write to the response.
Please, configure a TaskExecutor in the MVC config under "async support".
The SimpleAsyncTaskExecutor currently in use is not suitable under load.
-------------------------------
Controller:	com.marcnuri.isotope.api.folder.FolderResource
Method:		getMessages
Returning:	reactor.core.publisher.Flux<org.springframework.http.codec.ServerSentEvent<java.util.List<com.marcnuri.isotope.api.message.Message>>>
!!!
13:25:57.805 [Test worker] DEBUG org.springframework.web.servlet.mvc.method.annotation.ReactiveTypeHandler - Subscribed to Publisher for SseEmitter@370fc4d1
13:25:57.821 [Test worker] DEBUG org.springframework.web.context.request.async.WebAsyncManager - Concurrent handling starting for GET [/v1/folders/MTMzNw==/messages]
13:25:57.838 [Test worker] DEBUG org.springframework.test.web.servlet.TestDispatcherServlet - Leaving response open for concurrent processing
13:25:57.839 [MvcAsync2] DEBUG org.springframework.web.servlet.mvc.method.annotation.ReactiveTypeHandler - Publishing completed for SseEmitter@370fc4d1
13:25:57.840 [MvcAsync2] DEBUG org.springframework.web.context.request.async.WebAsyncManager - Concurrent result value [null] - dispatching request to resume processing
13:25:57.841 [Test worker] DEBUG com.jayway.jsonpath.internal.path.CompiledPath - Evaluating path: $
13:25:57.846 [Test worker] DEBUG com.jayway.jsonpath.internal.path.CompiledPath - Evaluating path: $[0]['subject']
13:25:57.846 [Test worker] DEBUG com.jayway.jsonpath.internal.path.CompiledPath - Evaluating path: $
13:25:57.847 [Test worker] DEBUG com.jayway.jsonpath.internal.path.CompiledPath - Evaluating path: $[0]['subject']
13:25:57.847 [Test worker] DEBUG org.springframework.test.context.cache.DefaultCacheAwareContextLoaderDelegate - Retrieved ApplicationContext from cache with key [[MergedContextConfiguration@6692e92d testClass = FolderResourceTest, locations = '{}', classes = '{class com.marcnuri.isotope.api.folder.FolderResource}', contextInitializerClasses = '[]', activeProfiles = '{}', propertySourceLocations = '{}', propertySourceProperties = '{}', contextCustomizers = set[org.springframework.boot.test.autoconfigure.properties.PropertyMappingContextCustomizer@0, org.springframework.boot.test.autoconfigure.web.servlet.WebDriverContextCustomizerFactory$Customizer@2dc9ad67, org.springframework.boot.test.context.filter.ExcludeFilterContextCustomizer@7975bbf7, org.springframework.boot.test.json.DuplicateJsonObjectContextCustomizerFactory$DuplicateJsonObjectContextCustomizer@2dd9ed03, org.springframework.boot.test.mock.mockito.MockitoContextCustomizer@570072aa], contextLoader = 'org.springframework.test.context.support.DelegatingSmartContextLoader', parent = [null]]]
13:25:57.847 [Test worker] DEBUG org.springframework.test.context.cache - Spring test ApplicationContext cache statistics: [DefaultContextCache@10c13e31 size = 2, maxSize = 32, parentContextCount = 0, hitCount = 50, missCount = 2]
13:25:57.847 [Test worker] DEBUG org.springframework.beans.factory.support.DefaultListableBeanFactory - Returning cached instance of singleton bean 'org.springframework.boot.test.mock.mockito.MockitoBeans'
13:25:57.847 [Test worker] DEBUG org.springframework.test.context.cache.DefaultCacheAwareContextLoaderDelegate - Retrieved ApplicationContext from cache with key [[MergedContextConfiguration@6692e92d testClass = FolderResourceTest, locations = '{}', classes = '{class com.marcnuri.isotope.api.folder.FolderResource}', contextInitializerClasses = '[]', activeProfiles = '{}', propertySourceLocations = '{}', propertySourceProperties = '{}', contextCustomizers = set[org.springframework.boot.test.autoconfigure.properties.PropertyMappingContextCustomizer@0, org.springframework.boot.test.autoconfigure.web.servlet.WebDriverContextCustomizerFactory$Customizer@2dc9ad67, org.springframework.boot.test.context.filter.ExcludeFilterContextCustomizer@7975bbf7, org.springframework.boot.test.json.DuplicateJsonObjectContextCustomizerFactory$DuplicateJsonObjectContextCustomizer@2dd9ed03, org.springframework.boot.test.mock.mockito.MockitoContextCustomizer@570072aa], contextLoader = 'org.springframework.test.context.support.DelegatingSmartContextLoader', parent = [null]]]
13:25:57.847 [Test worker] DEBUG org.springframework.test.context.cache - Spring test ApplicationContext cache statistics: [DefaultContextCache@10c13e31 size = 2, maxSize = 32, parentContextCount = 0, hitCount = 51, missCount = 2]
13:25:57.848 [Test worker] DEBUG org.springframework.test.context.cache.DefaultCacheAwareContextLoaderDelegate - Retrieved ApplicationContext from cache with key [[MergedContextConfiguration@6692e92d testClass = FolderResourceTest, locations = '{}', classes = '{class com.marcnuri.isotope.api.folder.FolderResource}', contextInitializerClasses = '[]', activeProfiles = '{}', propertySourceLocations = '{}', propertySourceProperties = '{}', contextCustomizers = set[org.springframework.boot.test.autoconfigure.properties.PropertyMappingContextCustomizer@0, org.springframework.boot.test.autoconfigure.web.servlet.WebDriverContextCustomizerFactory$Customizer@2dc9ad67, org.springframework.boot.test.context.filter.ExcludeFilterContextCustomizer@7975bbf7, org.springframework.boot.test.json.DuplicateJsonObjectContextCustomizerFactory$DuplicateJsonObjectContextCustomizer@2dd9ed03, org.springframework.boot.test.mock.mockito.MockitoContextCustomizer@570072aa], contextLoader = 'org.springframework.test.context.support.DelegatingSmartContextLoader', parent = [null]]]
13:25:57.848 [Test worker] DEBUG org.springframework.test.context.cache - Spring test ApplicationContext cache statistics: [DefaultContextCache@10c13e31 size = 2, maxSize = 32, parentContextCount = 0, hitCount = 52, missCount = 2]
13:25:57.848 [Test worker] DEBUG reactor.core.publisher.Hooks - Reset to factory defaults : onLastOperator
13:25:57.849 [Test worker] DEBUG org.springframework.test.context.support.AbstractDirtiesContextTestExecutionListener - After test method: context [DefaultTestContext@2ff6fc48 testClass = FolderResourceTest, testInstance = com.marcnuri.isotope.api.folder.FolderResourceTest@4feddb37, testMethod = getMessages_validFolderId_shouldReturnOk@FolderResourceTest, testException = [null], mergedContextConfiguration = [MergedContextConfiguration@6692e92d testClass = FolderResourceTest, locations = '{}', classes = '{class com.marcnuri.isotope.api.folder.FolderResource}', contextInitializerClasses = '[]', activeProfiles = '{}', propertySourceLocations = '{}', propertySourceProperties = '{}', contextCustomizers = set[org.springframework.boot.test.autoconfigure.properties.PropertyMappingContextCustomizer@0, org.springframework.boot.test.autoconfigure.web.servlet.WebDriverContextCustomizerFactory$Customizer@2dc9ad67, org.springframework.boot.test.context.filter.ExcludeFilterContextCustomizer@7975bbf7, org.springframework.boot.test.json.DuplicateJsonObjectContextCustomizerFactory$DuplicateJsonObjectContextCustomizer@2dd9ed03, org.springframework.boot.test.mock.mockito.MockitoContextCustomizer@570072aa], contextLoader = 'org.springframework.test.context.support.DelegatingSmartContextLoader', parent = [null]], attributes = map[[empty]]], class annotated with @DirtiesContext [false] with mode [null], method annotated with @DirtiesContext [false] with mode [null].
13:25:57.849 [Test worker] DEBUG org.springframework.test.annotation.ProfileValueUtils - Retrieved @ProfileValueSourceConfiguration [null] for test class [com.marcnuri.isotope.api.folder.FolderResourceTest]
13:25:57.849 [Test worker] DEBUG org.springframework.test.annotation.ProfileValueUtils - Retrieved ProfileValueSource type [class org.springframework.test.annotation.SystemProfileValueSource] for class [com.marcnuri.isotope.api.folder.FolderResourceTest]
13:25:57.850 [Test worker] DEBUG org.springframework.test.context.cache.DefaultCacheAwareContextLoaderDelegate - Retrieved ApplicationContext from cache with key [[MergedContextConfiguration@6692e92d testClass = FolderResourceTest, locations = '{}', classes = '{class com.marcnuri.isotope.api.folder.FolderResource}', contextInitializerClasses = '[]', activeProfiles = '{}', propertySourceLocations = '{}', propertySourceProperties = '{}', contextCustomizers = set[org.springframework.boot.test.autoconfigure.properties.PropertyMappingContextCustomizer@0, org.springframework.boot.test.autoconfigure.web.servlet.WebDriverContextCustomizerFactory$Customizer@2dc9ad67, org.springframework.boot.test.context.filter.ExcludeFilterContextCustomizer@7975bbf7, org.springframework.boot.test.json.DuplicateJsonObjectContextCustomizerFactory$DuplicateJsonObjectContextCustomizer@2dd9ed03, org.springframework.boot.test.mock.mockito.MockitoContextCustomizer@570072aa], contextLoader = 'org.springframework.test.context.support.DelegatingSmartContextLoader', parent = [null]]]
13:25:57.850 [Test worker] DEBUG org.springframework.test.context.cache - Spring test ApplicationContext cache statistics: [DefaultContextCache@10c13e31 size = 2, maxSize = 32, parentContextCount = 0, hitCount = 53, missCount = 2]
13:25:57.850 [Test worker] DEBUG org.springframework.beans.factory.support.DefaultListableBeanFactory - Returning cached instance of singleton bean 'org.springframework.boot.test.mock.mockito.MockitoPostProcessor'
13:25:57.850 [Test worker] DEBUG org.springframework.beans.factory.support.DefaultListableBeanFactory - Returning cached instance of singleton bean 'prototypeImapService'
13:25:57.850 [Test worker] DEBUG org.springframework.test.context.support.DependencyInjectionTestExecutionListener - Performing dependency injection for test context [[DefaultTestContext@2ff6fc48 testClass = FolderResourceTest, testInstance = com.marcnuri.isotope.api.folder.FolderResourceTest@46fa3a2b, testMethod = [null], testException = [null], mergedContextConfiguration = [MergedContextConfiguration@6692e92d testClass = FolderResourceTest, locations = '{}', classes = '{class com.marcnuri.isotope.api.folder.FolderResource}', contextInitializerClasses = '[]', activeProfiles = '{}', propertySourceLocations = '{}', propertySourceProperties = '{}', contextCustomizers = set[org.springframework.boot.test.autoconfigure.properties.PropertyMappingContextCustomizer@0, org.springframework.boot.test.autoconfigure.web.servlet.WebDriverContextCustomizerFactory$Customizer@2dc9ad67, org.springframework.boot.test.context.filter.ExcludeFilterContextCustomizer@7975bbf7, org.springframework.boot.test.json.DuplicateJsonObjectContextCustomizerFactory$DuplicateJsonObjectContextCustomizer@2dd9ed03, org.springframework.boot.test.mock.mockito.MockitoContextCustomizer@570072aa], contextLoader = 'org.springframework.test.context.support.DelegatingSmartContextLoader', parent = [null]], attributes = map[[empty]]]].
13:25:57.850 [Test worker] DEBUG org.springframework.test.context.cache.DefaultCacheAwareContextLoaderDelegate - Retrieved ApplicationContext from cache with key [[MergedContextConfiguration@6692e92d testClass = FolderResourceTest, locations = '{}', classes = '{class com.marcnuri.isotope.api.folder.FolderResource}', contextInitializerClasses = '[]', activeProfiles = '{}', propertySourceLocations = '{}', propertySourceProperties = '{}', contextCustomizers = set[org.springframework.boot.test.autoconfigure.properties.PropertyMappingContextCustomizer@0, org.springframework.boot.test.autoconfigure.web.servlet.WebDriverContextCustomizerFactory$Customizer@2dc9ad67, org.springframework.boot.test.context.filter.ExcludeFilterContextCustomizer@7975bbf7, org.springframework.boot.test.json.DuplicateJsonObjectContextCustomizerFactory$DuplicateJsonObjectContextCustomizer@2dd9ed03, org.springframework.boot.test.mock.mockito.MockitoContextCustomizer@570072aa], contextLoader = 'org.springframework.test.context.support.DelegatingSmartContextLoader', parent = [null]]]
13:25:57.850 [Test worker] DEBUG org.springframework.test.context.cache - Spring test ApplicationContext cache statistics: [DefaultContextCache@10c13e31 size = 2, maxSize = 32, parentContextCount = 0, hitCount = 54, missCount = 2]
13:25:57.850 [Test worker] DEBUG org.springframework.beans.factory.annotation.InjectionMetadata - Processing injected element of bean 'com.marcnuri.isotope.api.folder.FolderResourceTest': AutowiredFieldElement for private com.marcnuri.isotope.api.folder.FolderResource com.marcnuri.isotope.api.folder.FolderResourceTest.folderResource
13:25:57.851 [Test worker] DEBUG org.springframework.beans.factory.support.DefaultListableBeanFactory - Returning cached instance of singleton bean 'folderResource'
13:25:57.851 [Test worker] DEBUG org.springframework.test.context.support.AbstractDirtiesContextTestExecutionListener - Before test method: context [DefaultTestContext@2ff6fc48 testClass = FolderResourceTest, testInstance = com.marcnuri.isotope.api.folder.FolderResourceTest@46fa3a2b, testMethod = setMessageSeen_validFolderAndMessage_shouldReturnNoContent@FolderResourceTest, testException = [null], mergedContextConfiguration = [MergedContextConfiguration@6692e92d testClass = FolderResourceTest, locations = '{}', classes = '{class com.marcnuri.isotope.api.folder.FolderResource}', contextInitializerClasses = '[]', activeProfiles = '{}', propertySourceLocations = '{}', propertySourceProperties = '{}', contextCustomizers = set[org.springframework.boot.test.autoconfigure.properties.PropertyMappingContextCustomizer@0, org.springframework.boot.test.autoconfigure.web.servlet.WebDriverContextCustomizerFactory$Customizer@2dc9ad67, org.springframework.boot.test.context.filter.ExcludeFilterContextCustomizer@7975bbf7, org.springframework.boot.test.json.DuplicateJsonObjectContextCustomizerFactory$DuplicateJsonObjectContextCustomizer@2dd9ed03, org.springframework.boot.test.mock.mockito.MockitoContextCustomizer@570072aa], contextLoader = 'org.springframework.test.context.support.DelegatingSmartContextLoader', parent = [null]], attributes = map[[empty]]], class annotated with @DirtiesContext [false] with mode [null], method annotated with @DirtiesContext [false] with mode [null].
13:25:57.851 [Test worker] DEBUG reactor.core.publisher.Hooks - Hooking onLastOperator: reactor.core.publisher.Operators$LiftFunction@b492efc
13:25:57.852 [Test worker] DEBUG org.springframework.test.context.cache.DefaultCacheAwareContextLoaderDelegate - Retrieved ApplicationContext from cache with key [[MergedContextConfiguration@6692e92d testClass = FolderResourceTest, locations = '{}', classes = '{class com.marcnuri.isotope.api.folder.FolderResource}', contextInitializerClasses = '[]', activeProfiles = '{}', propertySourceLocations = '{}', propertySourceProperties = '{}', contextCustomizers = set[org.springframework.boot.test.autoconfigure.properties.PropertyMappingContextCustomizer@0, org.springframework.boot.test.autoconfigure.web.servlet.WebDriverContextCustomizerFactory$Customizer@2dc9ad67, org.springframework.boot.test.context.filter.ExcludeFilterContextCustomizer@7975bbf7, org.springframework.boot.test.json.DuplicateJsonObjectContextCustomizerFactory$DuplicateJsonObjectContextCustomizer@2dd9ed03, org.springframework.boot.test.mock.mockito.MockitoContextCustomizer@570072aa], contextLoader = 'org.springframework.test.context.support.DelegatingSmartContextLoader', parent = [null]]]
13:25:57.852 [Test worker] DEBUG org.springframework.test.context.cache - Spring test ApplicationContext cache statistics: [DefaultContextCache@10c13e31 size = 2, maxSize = 32, parentContextCount = 0, hitCount = 55, missCount = 2]
13:25:57.853 [Test worker] DEBUG org.springframework.beans.factory.support.DefaultListableBeanFactory - Returning cached instance of singleton bean 'org.springframework.boot.test.mock.mockito.MockitoBeans'
13:25:57.853 [Test worker] DEBUG org.springframework.core.env.StandardEnvironment - Adding PropertySource 'systemProperties' with lowest search precedence
13:25:57.853 [Test worker] DEBUG org.springframework.core.env.StandardEnvironment - Adding PropertySource 'systemEnvironment' with lowest search precedence
13:25:57.853 [Test worker] DEBUG org.springframework.core.env.StandardEnvironment - Initialized StandardEnvironment with PropertySources [MapPropertySource@534501266 {name='systemProperties', properties={java.runtime.name=OpenJDK Runtime Environment, sun.boot.library.path=C:\Program Files\AdoptOpenJDK\jdk-8.0.242.08-hotspot\jre\bin, java.vm.version=25.242-b08, java.vm.vendor=, java.vendor.url=http://java.oracle.com/, path.separator=;, java.vm.name=OpenJDK 64-Bit Server VM, file.encoding.pkg=sun.io, user.script=, sun.java.launcher=SUN_STANDARD, user.country=GB, sun.os.patch.level=, java.vm.specification.name=Java Virtual Machine Specification, user.dir=C:\azure-devops\git\eShopOnContainers\src\Web\WebImapClient\Client\server, java.runtime.version=1.8.0_242-b08, java.awt.graphicsenv=sun.awt.Win32GraphicsEnvironment, java.endorsed.dirs=C:\Program Files\AdoptOpenJDK\jdk-8.0.242.08-hotspot\jre\lib\endorsed, os.arch=amd64, java.io.tmpdir=C:\Users\jorge\AppData\Local\Temp\, line.separator=
, java.vm.specification.vendor=Oracle Corporation, user.variant=, os.name=Windows 10, sun.jnu.encoding=Cp1252, java.library.path=C:\Program Files\AdoptOpenJDK\jdk-8.0.242.08-hotspot\bin;C:\Windows\Sun\Java\bin;C:\Windows\system32;C:\Windows;C:\Program Files\AdoptOpenJDK\jdk-8.0.242.08-hotspot\bin;C:\Program Files (x86)\Common Files\Oracle\Java\javapath;C:\Python27\;C:\Python27\Scripts;C:\ProgramData\DockerDesktop\version-bin;C:\Program Files\Docker\Docker\Resources\bin;C:\Windows\system32;C:\Windows;C:\Windows\System32\Wbem;C:\Windows\System32\WindowsPowerShell\v1.0\;C:\Windows\System32\OpenSSH\;C:\Program Files (x86)\NVIDIA Corporation\PhysX\Common;C:\Program Files\dotnet\;C:\Program Files\Microsoft SQL Server\130\Tools\Binn\;C:\Program Files\Microsoft SQL Server\Client SDK\ODBC\170\Tools\Binn\;C:\Program Files (x86)\Microsoft SQL Server\150\DTS\Binn\;C:\Program Files\Git\cmd;C:\Program Files (x86)\Microsoft ASP.NET\ASP.NET Web Pages\v1.0\;C:\Program Files\Microsoft SQL Server\110\Tools\Binn\;C:\Windows\system32\config\systemprofile\.dnx\bin;C:\Program Files\Microsoft DNX\Dnvm\;C:\Program Files\nodejs\;C:\ProgramData\chocolatey\bin;C:\Program Files\Microsoft\Web Platform Installer\;C:\Users\jorge\AppData\Local\Microsoft\WindowsApps;C:\Users\jorge\AppData\Local\Programs\Microsoft VS Code\bin;C:\Users\jorge\.dotnet\tools;C:\Users\jorge\AppData\Roaming\npm;C:\Users\jorge\AppData\Local\GitHubDesktop\bin;., java.specification.name=Java Platform API Specification, java.class.version=52.0, org.gradle.native=false, sun.management.compiler=HotSpot 64-Bit Tiered Compilers, os.version=10.0, user.home=C:\Users\jorge, user.timezone=Europe/Paris, java.awt.printerjob=sun.awt.windows.WPrinterJob, file.encoding=windows-1252, java.specification.version=1.8, java.class.path=C:\azure-devops\git\eShopOnContainers\src\Web\WebImapClient\Client\server\build\classes\java\test;C:\azure-devops\git\eShopOnContainers\src\Web\WebImapClient\Client\server\build\resources\test;C:\azure-devops\git\eShopOnContainers\src\Web\WebImapClient\Client\server\build\classes\java\main;C:\azure-devops\git\eShopOnContainers\src\Web\WebImapClient\Client\server\build\resources\main;C:\Users\jorge\.gradle\caches\modules-2\files-2.1\org.springframework.boot\spring-boot-starter-actuator\2.0.4.RELEASE\24e901473279d9c18e0a0f8037d58b18c8297dca\spring-boot-starter-actuator-2.0.4.RELEASE.jar;C:\Users\jorge\.gradle\caches\modules-2\files-2.1\org.springframework.boot\spring-boot-starter-security\2.0.4.RELEASE\2ac314e5985fd9ae0d2acaea450f4f6c3dbd7f92\spring-boot-starter-security-2.0.4.RELEASE.jar;C:\Users\jorge\.gradle\caches\modules-2\files-2.1\org.springframework.boot\spring-boot-starter-webflux\2.0.4.RELEASE\a52fcd02fb6129e14f2b4b36acc5748368563c93\spring-boot-starter-webflux-2.0.4.RELEASE.jar;C:\Users\jorge\.gradle\caches\modules-2\files-2.1\org.springframework.boot\spring-boot-starter-test\2.0.4.RELEASE\8f473705d2742b669f0318f10a956f94a93ba3d2\spring-boot-starter-test-2.0.4.RELEASE.jar;C:\Users\jorge\.gradle\caches\modules-2\files-2.1\org.springframework.boot\spring-boot-starter-hateoas\2.0.4.RELEASE\2f115bebeffea81859c6d874457fa8db16b10747\spring-boot-starter-hateoas-2.0.4.RELEASE.jar;C:\Users\jorge\.gradle\caches\modules-2\files-2.1\org.springframework.boot\spring-boot-starter-web\2.0.4.RELEASE\98d49e981ecf804da877d84259b7b0d1ec2fb6f6\spring-boot-starter-web-2.0.4.RELEASE.jar;C:\Users\jorge\.gradle\caches\modules-2\files-2.1\org.springframework.boot\spring-boot-starter-json\2.0.4.RELEASE\c7afabf0d7c85db178da4ce0634e3bd2ddb0eb71\spring-boot-starter-json-2.0.4.RELEASE.jar;C:\Users\jorge\.gradle\caches\modules-2\files-2.1\org.springframework.boot\spring-boot-starter\2.0.4.RELEASE\ec46c63a2adeee40058eff1a6baefca13975dc94\spring-boot-starter-2.0.4.RELEASE.jar;C:\Users\jorge\.gradle\caches\modules-2\files-2.1\com.sun.mail\javax.mail\1.6.1\757ba4630692bb2a1ec2d9d57a616b63f15e947e\javax.mail-1.6.1.jar;C:\Users\jorge\.gradle\caches\modules-2\files-2.1\org.springframework.boot\spring-boot-actuator-autoconfigure\2.0.4.RELEASE\2cadc1d20a1f9ee667a608cfee154138e954f5f2\spring-boot-actuator-autoconfigure-2.0.4.RELEASE.jar;C:\Users\jorge\.gradle\caches\modules-2\files-2.1\com.fasterxml.jackson.datatype\jackson-datatype-jsr310\2.9.6\ea54f6193d224e5e5732bbd4262327eb465397c2\jackson-datatype-jsr310-2.9.6.jar;C:\Users\jorge\.gradle\caches\modules-2\files-2.1\commons-io\commons-io\2.6\815893df5f31da2ece4040fe0a12fd44b577afaf\commons-io-2.6.jar;C:\Users\jorge\.gradle\caches\modules-2\files-2.1\org.springframework.security\spring-security-test\5.0.7.RELEASE\a74c9ab10d53baa3bb7a731753fe0c6d9ab9d848\spring-security-test-5.0.7.RELEASE.jar;C:\Users\jorge\.gradle\caches\modules-2\files-2.1\com.marcnuri\spring-common-test\0.0.2\da9c2c5e849c7dcbbe99d190bedffa5e6fe450a5\spring-common-test-0.0.2.jar;C:\Users\jorge\.gradle\caches\modules-2\files-2.1\org.hamcrest\java-hamcrest\2.0.0.0\f1c8853ade0ecf707f5a261c830e98893983813\java-hamcrest-2.0.0.0.jar;C:\Users\jorge\.gradle\caches\modules-2\files-2.1\org.powermock\powermock-module-junit4\2.0.0-RC.3\b9a04b492e2b93e93617ba457f76aebbf00fc221\powermock-module-junit4-2.0.0-RC.3.jar;C:\Users\jorge\.gradle\caches\modules-2\files-2.1\org.powermock\powermock-api-mockito2\2.0.0-RC.3\f85a8404be063ef15c5fdd3745b11d2fba875fcd\powermock-api-mockito2-2.0.0-RC.3.jar;C:\Users\jorge\.gradle\caches\modules-2\files-2.1\org.springframework.boot\spring-boot-test-autoconfigure\2.0.4.RELEASE\8a2e3f31e607fdb08deda2f59263ce177f1c4310\spring-boot-test-autoconfigure-2.0.4.RELEASE.jar;C:\Users\jorge\.gradle\caches\modules-2\files-2.1\org.springframework.boot\spring-boot-test\2.0.4.RELEASE\8a17fc3cf16b6d75f2ba132ade04409a670095de\spring-boot-test-2.0.4.RELEASE.jar;C:\Users\jorge\.gradle\caches\modules-2\files-2.1\org.springframework.boot\spring-boot-autoconfigure\2.0.4.RELEASE\65cd1244d606acc02ab7bfc47a203a3fe2400dda\spring-boot-autoconfigure-2.0.4.RELEASE.jar;C:\Users\jorge\.gradle\caches\modules-2\files-2.1\org.springframework.boot\spring-boot-actuator\2.0.4.RELEASE\9c02c968eb50a7cdc14fc4c7b586d767df6dc48d\spring-boot-actuator-2.0.4.RELEASE.jar;C:\Users\jorge\.gradle\caches\modules-2\files-2.1\org.springframework.boot\spring-boot\2.0.4.RELEASE\c8619c5b06d4dcdb4cac1e5e9c839e6e8b1c8574\spring-boot-2.0.4.RELEASE.jar;C:\Users\jorge\.gradle\caches\modules-2\files-2.1\org.springframework.boot\spring-boot-starter-logging\2.0.4.RELEASE\dcd1a2c431c970f44adae64d9145133979a513ab\spring-boot-starter-logging-2.0.4.RELEASE.jar;C:\Users\jorge\.gradle\caches\modules-2\files-2.1\org.springframework.boot\spring-boot-starter-tomcat\2.0.4.RELEASE\dcf28989a34b0801fea0e810c371fb9dab1e7784\spring-boot-starter-tomcat-2.0.4.RELEASE.jar;C:\Users\jorge\.gradle\caches\modules-2\files-2.1\javax.annotation\javax.annotation-api\1.3.2\934c04d3cfef185a8008e7bf34331b79730a9d43\javax.annotation-api-1.3.2.jar;C:\Users\jorge\.gradle\caches\modules-2\files-2.1\org.springframework.security\spring-security-config\5.0.7.RELEASE\d702e01048687db4ec6c97fb32d28ffbe348b3e\spring-security-config-5.0.7.RELEASE.jar;C:\Users\jorge\.gradle\caches\modules-2\files-2.1\org.springframework.security\spring-security-web\5.0.7.RELEASE\bab3ed579d4550bb5cc40b0a7fddd0106db7c66\spring-security-web-5.0.7.RELEASE.jar;C:\Users\jorge\.gradle\caches\modules-2\files-2.1\org.springframework.hateoas\spring-hateoas\0.25.0.RELEASE\22d1abd575426709734ab83e7d81d6deb4addbf6\spring-hateoas-0.25.0.RELEASE.jar;C:\Users\jorge\.gradle\caches\modules-2\files-2.1\org.springframework\spring-webflux\5.0.8.RELEASE\d16ce1cf6f95771e821619d6ef13c1f0333fafb\spring-webflux-5.0.8.RELEASE.jar;C:\Users\jorge\.gradle\caches\modules-2\files-2.1\org.springframework\spring-webmvc\5.0.8.RELEASE\7e5fe57590ca8e4468e50fe1d92b0b67aa4a327a\spring-webmvc-5.0.8.RELEASE.jar;C:\Users\jorge\.gradle\caches\modules-2\files-2.1\org.springframework\spring-web\5.0.8.RELEASE\fa43cdadb4ab2491fd1d0ddb06c0808e4b60fc85\spring-web-5.0.8.RELEASE.jar;C:\Users\jorge\.gradle\caches\modules-2\files-2.1\org.springframework\spring-test\5.0.8.RELEASE\5782619373bd7e7b7d9106203c317b04bb613ebb\spring-test-5.0.8.RELEASE.jar;C:\Users\jorge\.gradle\caches\modules-2\files-2.1\org.springframework.security\spring-security-core\5.0.7.RELEASE\40a0c57af6b4c3f8c611216d2579c6ab19672694\spring-security-core-5.0.7.RELEASE.jar;C:\Users\jorge\.gradle\caches\modules-2\files-2.1\org.springframework.plugin\spring-plugin-core\1.2.0.RELEASE\f380e7760032e7d929184f8ad8a33716b75c0657\spring-plugin-core-1.2.0.RELEASE.jar;C:\Users\jorge\.gradle\caches\modules-2\files-2.1\org.springframework\spring-context\5.0.8.RELEASE\3a067d8990761111c9b6d1d895640be26cc1fb38\spring-context-5.0.8.RELEASE.jar;C:\Users\jorge\.gradle\caches\modules-2\files-2.1\org.springframework\spring-aop\5.0.8.RELEASE\f5086c1a3185c481104511837427b39a07a57aa2\spring-aop-5.0.8.RELEASE.jar;C:\Users\jorge\.gradle\caches\modules-2\files-2.1\org.springframework\spring-beans\5.0.8.RELEASE\5fc965d3e7f5515099244857a8ae9e2a208c169b\spring-beans-5.0.8.RELEASE.jar;C:\Users\jorge\.gradle\caches\modules-2\files-2.1\org.springframework\spring-expression\5.0.8.RELEASE\f23158f22c917df2cddf2ecebc398a9e95f95fae\spring-expression-5.0.8.RELEASE.jar;C:\Users\jorge\.gradle\caches\modules-2\files-2.1\org.springframework\spring-core\5.0.8.RELEASE\dc39c49e3246cdf73d3786ac41119140aed3fa08\spring-core-5.0.8.RELEASE.jar;C:\Users\jorge\.gradle\caches\modules-2\files-2.1\org.yaml\snakeyaml\1.19\2d998d3d674b172a588e54ab619854d073f555b5\snakeyaml-1.19.jar;C:\Users\jorge\.gradle\caches\modules-2\files-2.1\io.micrometer\micrometer-core\1.0.6\50299bc8a34c251d62311bbb1a297f3942a82e42\micrometer-core-1.0.6.jar;C:\Users\jorge\.gradle\caches\modules-2\files-2.1\org.springframework.boot\spring-boot-starter-reactor-netty\2.0.4.RELEASE\ed4ac88f7fc699a9cbb6ee804a26e2e30239ca35\spring-boot-starter-reactor-netty-2.0.4.RELEASE.jar;C:\Users\jorge\.gradle\caches\modules-2\files-2.1\org.hibernate.validator\hibernate-validator\6.0.11.Final\36f9d10a11e4768f55e8fb91ebe4338a5c43954e\hibernate-validator-6.0.11.Final.jar;C:\Users\jorge\.gradle\caches\modules-2\files-2.1\org.synchronoss.cloud\nio-multipart-parser\1.1.0\c6c417fec6612584b1c34d4dd98c5a4e47e8c754\nio-multipart-parser-1.1.0.jar;C:\Users\jorge\.gradle\caches\modules-2\files-2.1\javax.activation\activation\1.1\e6cb541461c2834bdea3eb920f1884d1eb508b50\activation-1.1.jar;C:\Users\jorge\.gradle\caches\modules-2\files-2.1\com.fasterxml.jackson.datatype\jackson-datatype-jdk8\2.9.6\456895fc91bf7180b216fead220373e6278230c9\jackson-datatype-jdk8-2.9.6.jar;C:\Users\jorge\.gradle\caches\modules-2\files-2.1\com.fasterxml.jackson.module\jackson-module-parameter-names\2.9.6\129acd77a4b6ee30d62d3a0899b1344c8ec2bff8\jackson-module-parameter-names-2.9.6.jar;C:\Users\jorge\.gradle\caches\modules-2\files-2.1\com.fasterxml.jackson.core\jackson-databind\2.9.6\cfa4f316351a91bfd95cb0644c6a2c95f52db1fc\jackson-databind-2.9.6.jar;C:\Users\jorge\.gradle\caches\modules-2\files-2.1\com.fasterxml.jackson.core\jackson-annotations\2.9.0\7c10d545325e3a6e72e06381afe469fd40eb701\jackson-annotations-2.9.0.jar;C:\Users\jorge\.gradle\caches\modules-2\files-2.1\com.fasterxml.jackson.core\jackson-core\2.9.6\4e393793c37c77e042ccc7be5a914ae39251b365\jackson-core-2.9.6.jar;C:\Users\jorge\.gradle\caches\modules-2\files-2.1\com.jayway.jsonpath\json-path\2.4.0\765a4401ceb2dc8d40553c2075eb80a8fa35c2ae\json-path-2.4.0.jar;C:\Users\jorge\.gradle\caches\modules-2\files-2.1\org.powermock\powermock-module-junit4-common\2.0.0-RC.3\f09137abdf1aeea2df214037eab50ed864602c9a\powermock-module-junit4-common-2.0.0-RC.3.jar;C:\Users\jorge\.gradle\caches\modules-2\files-2.1\junit\junit\4.12\2973d150c0dc1fefe998f834810d68f278ea58ec\junit-4.12.jar;C:\Users\jorge\.gradle\caches\modules-2\files-2.1\org.assertj\assertj-core\3.9.1\c5ce126b15f28d56cd8f960c1a6a058b9c9aea87\assertj-core-3.9.1.jar;C:\Users\jorge\.gradle\caches\modules-2\files-2.1\org.mockito\mockito-core\2.15.0\b84bfbbc29cd22c9529409627af6ea2897f4fa85\mockito-core-2.15.0.jar;C:\Users\jorge\.gradle\caches\modules-2\files-2.1\org.hamcrest\hamcrest-library\1.3\4785a3c21320980282f9f33d0d1264a69040538f\hamcrest-library-1.3.jar;C:\Users\jorge\.gradle\caches\modules-2\files-2.1\org.hamcrest\hamcrest-core\1.3\42a25dc3219429f0e5d060061f71acb49bf010a0\hamcrest-core-1.3.jar;C:\Users\jorge\.gradle\caches\modules-2\files-2.1\org.skyscreamer\jsonassert\1.5.0\6c9d5fe2f59da598d9aefc1cfc6528ff3cf32df3\jsonassert-1.5.0.jar;C:\Users\jorge\.gradle\caches\modules-2\files-2.1\org.xmlunit\xmlunit-core\2.5.1\4ffdb346572a7356f7521cd3119ce5287d2e339d\xmlunit-core-2.5.1.jar;C:\Users\jorge\.gradle\caches\modules-2\files-2.1\org.powermock\powermock-api-support\2.0.0-RC.3\a23d6bdbcf865513c9f6992134152be80504e499\powermock-api-support-2.0.0-RC.3.jar;C:\Users\jorge\.gradle\caches\modules-2\files-2.1\ch.qos.logback\logback-classic\1.2.3\7c4f3c474fb2c041d8028740440937705ebb473a\logback-classic-1.2.3.jar;C:\Users\jorge\.gradle\caches\modules-2\files-2.1\org.apache.logging.log4j\log4j-to-slf4j\2.10.0\f7e631ccf49cfc0aefa4a2a728da7d374c05bd3c\log4j-to-slf4j-2.10.0.jar;C:\Users\jorge\.gradle\caches\modules-2\files-2.1\org.slf4j\jul-to-slf4j\1.7.25\af5364cd6679bfffb114f0dec8a157aaa283b76\jul-to-slf4j-1.7.25.jar;C:\Users\jorge\.gradle\caches\modules-2\files-2.1\org.springframework\spring-jcl\5.0.8.RELEASE\a1fa8fb560fb252321776e16bc9ac8201af4ef5e\spring-jcl-5.0.8.RELEASE.jar;C:\Users\jorge\.gradle\caches\modules-2\files-2.1\org.hdrhistogram\HdrHistogram\2.1.10\9e1ac84eed220281841b75e72fb9de5a297fbf04\HdrHistogram-2.1.10.jar;C:\Users\jorge\.gradle\caches\modules-2\files-2.1\org.latencyutils\LatencyUtils\2.0.3\769c0b82cb2421c8256300e907298a9410a2a3d3\LatencyUtils-2.0.3.jar;C:\Users\jorge\.gradle\caches\modules-2\files-2.1\org.synchronoss.cloud\nio-stream-storage\1.1.3\986dba5f6e5eed20f0dba6ddc8e8a64a9ebdc2f3\nio-stream-storage-1.1.3.jar;C:\Users\jorge\.gradle\caches\modules-2\files-2.1\org.slf4j\slf4j-api\1.7.25\da76ca59f6a57ee3102f8f9bd9cee742973efa8a\slf4j-api-1.7.25.jar;C:\Users\jorge\.gradle\caches\modules-2\files-2.1\io.projectreactor.ipc\reactor-netty\0.7.8.RELEASE\fe25c7d3042b6005690f7d243cef987b696a12ee\reactor-netty-0.7.8.RELEASE.jar;C:\Users\jorge\.gradle\caches\modules-2\files-2.1\javax.validation\validation-api\2.0.1.Final\cb855558e6271b1b32e716d24cb85c7f583ce09e\validation-api-2.0.1.Final.jar;C:\Users\jorge\.gradle\caches\modules-2\files-2.1\org.jboss.logging\jboss-logging\3.3.2.Final\3789d00e859632e6c6206adc0c71625559e6e3b0\jboss-logging-3.3.2.Final.jar;C:\Users\jorge\.gradle\caches\modules-2\files-2.1\com.fasterxml\classmate\1.3.4\3d5f48f10bbe4eb7bd862f10c0583be2e0053c6\classmate-1.3.4.jar;C:\Users\jorge\.gradle\caches\modules-2\files-2.1\io.projectreactor\reactor-core\3.1.8.RELEASE\3bcc30f9161d3d17abe44b4aa20e397e5170566e\reactor-core-3.1.8.RELEASE.jar;C:\Users\jorge\.gradle\caches\modules-2\files-2.1\net.minidev\json-smart\2.3\7396407491352ce4fa30de92efb158adb76b5b\json-smart-2.3.jar;C:\Users\jorge\.gradle\caches\modules-2\files-2.1\org.powermock\powermock-core\2.0.0-RC.3\f958479ea1f0d1ba37cf65b6612fccfbaf4d8dd3\powermock-core-2.0.0-RC.3.jar;C:\Users\jorge\.gradle\caches\modules-2\files-2.1\org.powermock\powermock-reflect\2.0.0-RC.3\c10437486ae35b91666c2591fd7b1a8054b4573c\powermock-reflect-2.0.0-RC.3.jar;C:\Users\jorge\.gradle\caches\modules-2\files-2.1\net.bytebuddy\byte-buddy\1.7.11\f02857a4e2c66ccbe7aaad6100a0a6c461bce9b3\byte-buddy-1.7.11.jar;C:\Users\jorge\.gradle\caches\modules-2\files-2.1\net.bytebuddy\byte-buddy-agent\1.7.11\b425a8933ca07edd03c6dbc8bc3b595fba9780de\byte-buddy-agent-1.7.11.jar;C:\Users\jorge\.gradle\caches\modules-2\files-2.1\org.objenesis\objenesis\3.0.1\11cfac598df9dc48bb9ed9357ed04212694b7808\objenesis-3.0.1.jar;C:\Users\jorge\.gradle\caches\modules-2\files-2.1\com.vaadin.external.google\android-json\0.0.20131108.vaadin1\fa26d351fe62a6a17f5cda1287c1c6110dec413f\android-json-0.0.20131108.vaadin1.jar;C:\Users\jorge\.gradle\caches\modules-2\files-2.1\ch.qos.logback\logback-core\1.2.3\864344400c3d4d92dfeb0a305dc87d953677c03c\logback-core-1.2.3.jar;C:\Users\jorge\.gradle\caches\modules-2\files-2.1\org.apache.logging.log4j\log4j-api\2.10.0\fec5797a55b786184a537abd39c3fa1449d752d6\log4j-api-2.10.0.jar;C:\Users\jorge\.gradle\caches\modules-2\files-2.1\org.apache.tomcat.embed\tomcat-embed-websocket\8.5.32\ea5302e378f1449d4e5dda79e8d810c1e7931f91\tomcat-embed-websocket-8.5.32.jar;C:\Users\jorge\.gradle\caches\modules-2\files-2.1\org.apache.tomcat.embed\tomcat-embed-core\8.5.32\6bc6896200146010cc4666bdc6b9b0cbb453ee22\tomcat-embed-core-8.5.32.jar;C:\Users\jorge\.gradle\caches\modules-2\files-2.1\org.apache.tomcat.embed\tomcat-embed-el\8.5.32\e4fd0ee015d83fa1c5ec93ff1d05bdaf9a4480c5\tomcat-embed-el-8.5.32.jar;C:\Users\jorge\.gradle\caches\modules-2\files-2.1\io.netty\netty-handler-proxy\4.1.27.Final\1a822ce7760bc6eb4937b7e448c9e081fedcc807\netty-handler-proxy-4.1.27.Final.jar;C:\Users\jorge\.gradle\caches\modules-2\files-2.1\io.netty\netty-codec-http\4.1.27.Final\a1722d6bcbbef1c4c7877e8bf38b07a3db5ed07f\netty-codec-http-4.1.27.Final.jar;C:\Users\jorge\.gradle\caches\modules-2\files-2.1\io.netty\netty-handler\4.1.27.Final\21bd9cf565390a8d72579b8664303e3c175dfc6a\netty-handler-4.1.27.Final.jar;C:\Users\jorge\.gradle\caches\modules-2\files-2.1\io.netty\netty-transport-native-epoll\4.1.27.Final\8c3a61a7dd53eafe2f0fe31356f1379598f74517\netty-transport-native-epoll-4.1.27.Final-linux-x86_64.jar;C:\Users\jorge\.gradle\caches\modules-2\files-2.1\org.reactivestreams\reactive-streams\1.0.2\323964c36556eb0e6209f65c1cef72b53b461ab8\reactive-streams-1.0.2.jar;C:\Users\jorge\.gradle\caches\modules-2\files-2.1\net.minidev\accessors-smart\1.2\c592b500269bfde36096641b01238a8350f8aa31\accessors-smart-1.2.jar;C:\Users\jorge\.gradle\caches\modules-2\files-2.1\org.javassist\javassist\3.24.0-GA\d7466fc2e3af7c023e95c510f06448ad29b225b3\javassist-3.24.0-GA.jar;C:\Users\jorge\.gradle\caches\modules-2\files-2.1\io.netty\netty-codec-socks\4.1.27.Final\285b09af98764cf02e4b77b3d95af188469a7133\netty-codec-socks-4.1.27.Final.jar;C:\Users\jorge\.gradle\caches\modules-2\files-2.1\io.netty\netty-codec\4.1.27.Final\d2653d78ebaa650064768fb26b10051f5c8efb2c\netty-codec-4.1.27.Final.jar;C:\Users\jorge\.gradle\caches\modules-2\files-2.1\io.netty\netty-transport-native-unix-common\4.1.27.Final\2b0667fe5c1df78c6cfbf9d53ad8b1fb533fb8e8\netty-transport-native-unix-common-4.1.27.Final.jar;C:\Users\jorge\.gradle\caches\modules-2\files-2.1\io.netty\netty-transport\4.1.27.Final\b5c2da3ea89dd67320925f1504c9eb3615241b7c\netty-transport-4.1.27.Final.jar;C:\Users\jorge\.gradle\caches\modules-2\files-2.1\io.netty\netty-buffer\4.1.27.Final\aafe2b9fb0d8f3b200cf10b9fd6486c6a722d7a1\netty-buffer-4.1.27.Final.jar;C:\Users\jorge\.gradle\caches\modules-2\files-2.1\io.netty\netty-resolver\4.1.27.Final\2536447ef9605ccb2b5203aa22392c6514484ea9\netty-resolver-4.1.27.Final.jar;C:\Users\jorge\.gradle\caches\modules-2\files-2.1\io.netty\netty-common\4.1.27.Final\6a12a969c27fb37b230c4bde5a67bd822fa6b7a4\netty-common-4.1.27.Final.jar;C:\Users\jorge\.gradle\caches\modules-2\files-2.1\org.ow2.asm\asm\5.0.4\da08b8cce7bbf903602a25a3a163ae252435795\asm-5.0.4.jar, user.name=jorge, java.vm.specification.version=1.8, sun.java.command=worker.org.gradle.process.internal.worker.GradleWorkerMain 'Gradle Test Executor 1', java.home=C:\Program Files\AdoptOpenJDK\jdk-8.0.242.08-hotspot\jre, sun.arch.data.model=64, user.language=en, java.specification.vendor=Oracle Corporation, awt.toolkit=sun.awt.windows.WToolkit, java.vm.info=mixed mode, java.version=1.8.0_242, java.ext.dirs=C:\Program Files\AdoptOpenJDK\jdk-8.0.242.08-hotspot\jre\lib\ext;C:\Windows\Sun\Java\lib\ext, sun.boot.class.path=C:\Program Files\AdoptOpenJDK\jdk-8.0.242.08-hotspot\jre\lib\resources.jar;C:\Program Files\AdoptOpenJDK\jdk-8.0.242.08-hotspot\jre\lib\rt.jar;C:\Program Files\AdoptOpenJDK\jdk-8.0.242.08-hotspot\jre\lib\sunrsasign.jar;C:\Program Files\AdoptOpenJDK\jdk-8.0.242.08-hotspot\jre\lib\jsse.jar;C:\Program Files\AdoptOpenJDK\jdk-8.0.242.08-hotspot\jre\lib\jce.jar;C:\Program Files\AdoptOpenJDK\jdk-8.0.242.08-hotspot\jre\lib\charsets.jar;C:\Program Files\AdoptOpenJDK\jdk-8.0.242.08-hotspot\jre\lib\jfr.jar;C:\Program Files\AdoptOpenJDK\jdk-8.0.242.08-hotspot\jre\classes, java.vendor=AdoptOpenJDK, org.gradle.test.worker=1, file.separator=\, java.vendor.url.bug=http://bugreport.sun.com/bugreport/, sun.io.unicode.encoding=UnicodeLittle, sun.cpu.endian=little, sun.desktop=windows, sun.cpu.isalist=amd64}}, SystemEnvironmentPropertySource@149392672 {name='systemEnvironment', properties={USERDOMAIN_ROAMINGPROFILE=DESKTOP-U7U4TE6, PROCESSOR_LEVEL=6, VS140COMNTOOLS=C:\Program Files (x86)\Microsoft Visual Studio 14.0\Common7\Tools\, SESSIONNAME=Console, ALLUSERSPROFILE=C:\ProgramData, PROCESSOR_ARCHITECTURE=AMD64, PSModulePath=C:\Users\jorge\Documents\WindowsPowerShell\Modules;C:\Program Files\WindowsPowerShell\Modules;C:\Windows\system32\WindowsPowerShell\v1.0\Modules, SystemDrive=C:, =ExitCode=00000000, DIRNAME=C:\azure-devops\git\eShopOnContainers\src\Web\WebImapClient\Client\server\, USERNAME=jorge, CMD_LINE_ARGS=b, ProgramFiles(x86)=C:\Program Files (x86), FPS_BROWSER_USER_PROFILE_STRING=Default, APP_HOME=C:\azure-devops\git\eShopOnContainers\src\Web\WebImapClient\Client\server\, PATHEXT=.COM;.EXE;.BAT;.CMD;.VBS;.VBE;.JS;.JSE;.WSF;.WSH;.MSC;.CPL, DriverData=C:\Windows\System32\Drivers\DriverData, OneDriveConsumer=C:\Users\jorge\OneDrive, ProgramData=C:\ProgramData, ProgramW6432=C:\Program Files, HOMEPATH=\Users\jorge, PROCESSOR_IDENTIFIER=Intel64 Family 6 Model 158 Stepping 13, GenuineIntel, ProgramFiles=C:\Program Files, PUBLIC=C:\Users\Public, windir=C:\Windows, =::=::\, _SKIP=2, LOCALAPPDATA=C:\Users\jorge\AppData\Local, ChocolateyLastPathUpdate=132229495750090469, USERDOMAIN=DESKTOP-U7U4TE6, FPS_BROWSER_APP_PROFILE_STRING=Internet Explorer, LOGONSERVER=\\DESKTOP-U7U4TE6, PROMPT=$P$G, OneDrive=C:\Users\jorge\OneDrive, =C:=C:\azure-devops\git\eShopOnContainers\src\Web\WebImapClient\Client\server, APPDATA=C:\Users\jorge\AppData\Roaming, JAVA_EXE=java.exe, ChocolateyInstall=C:\ProgramData\chocolatey, CommonProgramFiles=C:\Program Files\Common Files, Path=C:\Program Files\AdoptOpenJDK\jdk-8.0.242.08-hotspot\bin;C:\Program Files (x86)\Common Files\Oracle\Java\javapath;C:\Python27\;C:\Python27\Scripts;C:\ProgramData\DockerDesktop\version-bin;C:\Program Files\Docker\Docker\Resources\bin;C:\Windows\system32;C:\Windows;C:\Windows\System32\Wbem;C:\Windows\System32\WindowsPowerShell\v1.0\;C:\Windows\System32\OpenSSH\;C:\Program Files (x86)\NVIDIA Corporation\PhysX\Common;C:\Program Files\dotnet\;C:\Program Files\Microsoft SQL Server\130\Tools\Binn\;C:\Program Files\Microsoft SQL Server\Client SDK\ODBC\170\Tools\Binn\;C:\Program Files (x86)\Microsoft SQL Server\150\DTS\Binn\;C:\Program Files\Git\cmd;C:\Program Files (x86)\Microsoft ASP.NET\ASP.NET Web Pages\v1.0\;C:\Program Files\Microsoft SQL Server\110\Tools\Binn\;C:\Windows\system32\config\systemprofile\.dnx\bin;C:\Program Files\Microsoft DNX\Dnvm\;C:\Program Files\nodejs\;C:\ProgramData\chocolatey\bin;C:\Program Files\Microsoft\Web Platform Installer\;C:\Users\jorge\AppData\Local\Microsoft\WindowsApps;C:\Users\jorge\AppData\Local\Programs\Microsoft VS Code\bin;C:\Users\jorge\.dotnet\tools;C:\Users\jorge\AppData\Roaming\npm;C:\Users\jorge\AppData\Local\GitHubDesktop\bin, OS=Windows_NT, COMPUTERNAME=DESKTOP-U7U4TE6, PROCESSOR_REVISION=9e0d, CLASSPATH=C:\azure-devops\git\eShopOnContainers\src\Web\WebImapClient\Client\server\\gradle\wrapper\gradle-wrapper.jar, CommonProgramW6432=C:\Program Files\Common Files, ComSpec=C:\Windows\system32\cmd.exe, APP_BASE_NAME=gradlew, SystemRoot=C:\Windows, TEMP=C:\Users\jorge\AppData\Local\Temp, HOMEDRIVE=C:, USERPROFILE=C:\Users\jorge, TMP=C:\Users\jorge\AppData\Local\Temp, VS110COMNTOOLS=C:\Program Files (x86)\Microsoft Visual Studio 11.0\Common7\Tools\, CommonProgramFiles(x86)=C:\Program Files (x86)\Common Files, NUMBER_OF_PROCESSORS=12}}]
13:25:57.856 [Test worker] DEBUG org.springframework.web.servlet.mvc.method.annotation.RequestMappingHandlerMapping - Looking for request mappings in application context: org.springframework.test.web.servlet.setup.StubWebApplicationContext@1c74db45
13:25:57.859 [Test worker] DEBUG org.springframework.web.servlet.mvc.method.annotation.RequestMappingHandlerMapping - 18 request handler methods found on class com.marcnuri.isotope.api.folder.FolderResource: {public org.springframework.http.ResponseEntity com.marcnuri.isotope.api.folder.FolderResource.getMessage(java.lang.String,java.lang.Long)={[/v1/folders/{folderId}/messages/{messageId}],methods=[GET]}, public org.springframework.http.ResponseEntity com.marcnuri.isotope.api.folder.FolderResource.setMessageFlagged(java.lang.String,java.lang.Long,boolean)={[/v1/folders/{folderId}/messages/{messageId}/flagged],methods=[PUT]}, public org.springframework.http.ResponseEntity com.marcnuri.isotope.api.folder.FolderResource.createChildFolder(java.lang.String,java.lang.String)={[/v1/folders/{folderId}],methods=[POST],produces=[application/hal+json]}, public org.springframework.http.ResponseEntity com.marcnuri.isotope.api.folder.FolderResource.deleteAllFolderMessages(java.lang.String)={[/v1/folders/{folderId}/messages],methods=[DELETE]}, public org.springframework.http.ResponseEntity com.marcnuri.isotope.api.folder.FolderResource.moveFolder(java.lang.String,java.lang.String)={[/v1/folders/{folderId}/parent],methods=[PUT],produces=[application/hal+json]}, public org.springframework.http.ResponseEntity com.marcnuri.isotope.api.folder.FolderResource.getMessageRaw(java.lang.String,java.lang.Long)={[/v1/folders/{folderId}/messages/{messageId}/raw],methods=[GET]}, public org.springframework.http.ResponseEntity com.marcnuri.isotope.api.folder.FolderResource.setMessagesSeen(java.lang.String,java.lang.Boolean,java.util.List)={[/v1/folders/{folderId}/messages/seen/{seen}],methods=[PUT]}, public org.springframework.http.ResponseEntity com.marcnuri.isotope.api.folder.FolderResource.getFolders(java.lang.Boolean)={[/v1/folders],methods=[GET],produces=[application/hal+json]}, public org.springframework.http.ResponseEntity com.marcnuri.isotope.api.folder.FolderResource.createRootFolder(java.lang.String)={[/v1/folders],methods=[POST],produces=[application/hal+json]}, public org.springframework.http.ResponseEntity com.marcnuri.isotope.api.folder.FolderResource.deleteMessages(java.lang.String,java.util.List)={[/v1/folders/{folderId}/messages],methods=[DELETE],params=[id]}, public reactor.core.publisher.Flux com.marcnuri.isotope.api.folder.FolderResource.getMessages(java.lang.String,javax.servlet.http.HttpServletResponse)={[/v1/folders/{folderId}/messages],methods=[GET],produces=[text/event-stream]}, public org.springframework.http.ResponseEntity com.marcnuri.isotope.api.folder.FolderResource.preloadMessages(java.lang.String,java.util.List)={[/v1/folders/{folderId}/messages],methods=[GET]}, public org.springframework.http.ResponseEntity com.marcnuri.isotope.api.folder.FolderResource.getAttachment(java.lang.String,java.lang.Long,java.lang.String,java.lang.Boolean,javax.servlet.http.HttpServletResponse)={[/v1/folders/{folderId}/messages/{messageId}/attachments/{id}],methods=[GET]}, public org.springframework.http.ResponseEntity com.marcnuri.isotope.api.folder.FolderResource.deleteFolder(java.lang.String)={[/v1/folders/{folderId}],methods=[DELETE],produces=[application/hal+json]}, public org.springframework.http.ResponseEntity com.marcnuri.isotope.api.folder.FolderResource.moveMessages(java.lang.String,java.lang.String,java.util.List)={[/v1/folders/{fromFolderId}/messages/folder/{toFolderId}],methods=[PUT]}, public org.springframework.http.ResponseEntity com.marcnuri.isotope.api.folder.FolderResource.renameFolder(java.lang.String,java.lang.String)={[/v1/folders/{folderId}/name],methods=[PUT],produces=[application/hal+json]}, public org.springframework.http.ResponseEntity com.marcnuri.isotope.api.folder.FolderResource.moveMessage(java.lang.String,java.lang.Long,java.lang.String)={[/v1/folders/{fromFolderId}/messages/{messageId}/folder/{toFolderId}],methods=[PUT]}, public org.springframework.http.ResponseEntity com.marcnuri.isotope.api.folder.FolderResource.setMessageSeen(java.lang.String,java.lang.Long,boolean)={[/v1/folders/{folderId}/messages/{messageId}/seen],methods=[PUT]}}
13:25:57.860 [Test worker] INFO org.springframework.web.servlet.mvc.method.annotation.RequestMappingHandlerMapping - Mapped "{[/v1/folders/{folderId}/messages/{messageId}],methods=[GET]}" onto public org.springframework.http.ResponseEntity<com.marcnuri.isotope.api.message.MessageWithFolder> com.marcnuri.isotope.api.folder.FolderResource.getMessage(java.lang.String,java.lang.Long)
13:25:57.860 [Test worker] INFO org.springframework.web.servlet.mvc.method.annotation.RequestMappingHandlerMapping - Mapped "{[/v1/folders/{folderId}/messages/{messageId}/flagged],methods=[PUT]}" onto public org.springframework.http.ResponseEntity<java.lang.Void> com.marcnuri.isotope.api.folder.FolderResource.setMessageFlagged(java.lang.String,java.lang.Long,boolean)
13:25:57.860 [Test worker] INFO org.springframework.web.servlet.mvc.method.annotation.RequestMappingHandlerMapping - Mapped "{[/v1/folders/{folderId}],methods=[POST],produces=[application/hal+json]}" onto public org.springframework.http.ResponseEntity<com.marcnuri.isotope.api.folder.Folder> com.marcnuri.isotope.api.folder.FolderResource.createChildFolder(java.lang.String,java.lang.String)
13:25:57.860 [Test worker] INFO org.springframework.web.servlet.mvc.method.annotation.RequestMappingHandlerMapping - Mapped "{[/v1/folders/{folderId}/messages],methods=[DELETE]}" onto public org.springframework.http.ResponseEntity<com.marcnuri.isotope.api.folder.Folder> com.marcnuri.isotope.api.folder.FolderResource.deleteAllFolderMessages(java.lang.String)
13:25:57.861 [Test worker] INFO org.springframework.web.servlet.mvc.method.annotation.RequestMappingHandlerMapping - Mapped "{[/v1/folders/{folderId}/parent],methods=[PUT],produces=[application/hal+json]}" onto public org.springframework.http.ResponseEntity<com.marcnuri.isotope.api.folder.Folder> com.marcnuri.isotope.api.folder.FolderResource.moveFolder(java.lang.String,java.lang.String)
13:25:57.861 [Test worker] INFO org.springframework.web.servlet.mvc.method.annotation.RequestMappingHandlerMapping - Mapped "{[/v1/folders/{folderId}/messages/{messageId}/raw],methods=[GET]}" onto public org.springframework.http.ResponseEntity<java.lang.String> com.marcnuri.isotope.api.folder.FolderResource.getMessageRaw(java.lang.String,java.lang.Long)
13:25:57.861 [Test worker] INFO org.springframework.web.servlet.mvc.method.annotation.RequestMappingHandlerMapping - Mapped "{[/v1/folders/{folderId}/messages/seen/{seen}],methods=[PUT]}" onto public org.springframework.http.ResponseEntity<java.lang.Void> com.marcnuri.isotope.api.folder.FolderResource.setMessagesSeen(java.lang.String,java.lang.Boolean,java.util.List<java.lang.Long>)
13:25:57.861 [Test worker] INFO org.springframework.web.servlet.mvc.method.annotation.RequestMappingHandlerMapping - Mapped "{[/v1/folders],methods=[GET],produces=[application/hal+json]}" onto public org.springframework.http.ResponseEntity<java.util.List<com.marcnuri.isotope.api.folder.Folder>> com.marcnuri.isotope.api.folder.FolderResource.getFolders(java.lang.Boolean)
13:25:57.861 [Test worker] INFO org.springframework.web.servlet.mvc.method.annotation.RequestMappingHandlerMapping - Mapped "{[/v1/folders],methods=[POST],produces=[application/hal+json]}" onto public org.springframework.http.ResponseEntity<java.util.List<com.marcnuri.isotope.api.folder.Folder>> com.marcnuri.isotope.api.folder.FolderResource.createRootFolder(java.lang.String)
13:25:57.861 [Test worker] INFO org.springframework.web.servlet.mvc.method.annotation.RequestMappingHandlerMapping - Mapped "{[/v1/folders/{folderId}/messages],methods=[DELETE],params=[id]}" onto public org.springframework.http.ResponseEntity<com.marcnuri.isotope.api.folder.Folder> com.marcnuri.isotope.api.folder.FolderResource.deleteMessages(java.lang.String,java.util.List<java.lang.Long>)
13:25:57.862 [Test worker] INFO org.springframework.web.servlet.mvc.method.annotation.RequestMappingHandlerMapping - Mapped "{[/v1/folders/{folderId}/messages],methods=[GET],produces=[text/event-stream]}" onto public reactor.core.publisher.Flux<org.springframework.http.codec.ServerSentEvent<java.util.List<com.marcnuri.isotope.api.message.Message>>> com.marcnuri.isotope.api.folder.FolderResource.getMessages(java.lang.String,javax.servlet.http.HttpServletResponse)
13:25:57.862 [Test worker] INFO org.springframework.web.servlet.mvc.method.annotation.RequestMappingHandlerMapping - Mapped "{[/v1/folders/{folderId}/messages],methods=[GET]}" onto public org.springframework.http.ResponseEntity<java.util.List<com.marcnuri.isotope.api.message.Message>> com.marcnuri.isotope.api.folder.FolderResource.preloadMessages(java.lang.String,java.util.List<java.lang.Long>)
13:25:57.862 [Test worker] INFO org.springframework.web.servlet.mvc.method.annotation.RequestMappingHandlerMapping - Mapped "{[/v1/folders/{folderId}/messages/{messageId}/attachments/{id}],methods=[GET]}" onto public org.springframework.http.ResponseEntity<java.lang.Void> com.marcnuri.isotope.api.folder.FolderResource.getAttachment(java.lang.String,java.lang.Long,java.lang.String,java.lang.Boolean,javax.servlet.http.HttpServletResponse)
13:25:57.862 [Test worker] INFO org.springframework.web.servlet.mvc.method.annotation.RequestMappingHandlerMapping - Mapped "{[/v1/folders/{folderId}],methods=[DELETE],produces=[application/hal+json]}" onto public org.springframework.http.ResponseEntity<com.marcnuri.isotope.api.folder.Folder> com.marcnuri.isotope.api.folder.FolderResource.deleteFolder(java.lang.String)
13:25:57.863 [Test worker] INFO org.springframework.web.servlet.mvc.method.annotation.RequestMappingHandlerMapping - Mapped "{[/v1/folders/{fromFolderId}/messages/folder/{toFolderId}],methods=[PUT]}" onto public org.springframework.http.ResponseEntity<java.util.List<com.marcnuri.isotope.api.message.MessageWithFolder>> com.marcnuri.isotope.api.folder.FolderResource.moveMessages(java.lang.String,java.lang.String,java.util.List<java.lang.Long>)
13:25:57.863 [Test worker] INFO org.springframework.web.servlet.mvc.method.annotation.RequestMappingHandlerMapping - Mapped "{[/v1/folders/{folderId}/name],methods=[PUT],produces=[application/hal+json]}" onto public org.springframework.http.ResponseEntity<com.marcnuri.isotope.api.folder.Folder> com.marcnuri.isotope.api.folder.FolderResource.renameFolder(java.lang.String,java.lang.String)
13:25:57.863 [Test worker] INFO org.springframework.web.servlet.mvc.method.annotation.RequestMappingHandlerMapping - Mapped "{[/v1/folders/{fromFolderId}/messages/{messageId}/folder/{toFolderId}],methods=[PUT]}" onto public org.springframework.http.ResponseEntity<java.util.List<com.marcnuri.isotope.api.message.MessageWithFolder>> com.marcnuri.isotope.api.folder.FolderResource.moveMessage(java.lang.String,java.lang.Long,java.lang.String)
13:25:57.863 [Test worker] INFO org.springframework.web.servlet.mvc.method.annotation.RequestMappingHandlerMapping - Mapped "{[/v1/folders/{folderId}/messages/{messageId}/seen],methods=[PUT]}" onto public org.springframework.http.ResponseEntity<java.lang.Void> com.marcnuri.isotope.api.folder.FolderResource.setMessageSeen(java.lang.String,java.lang.Long,boolean)
13:25:57.870 [Test worker] DEBUG org.hibernate.validator.internal.engine.resolver.TraversableResolvers - Cannot find javax.persistence.Persistence on classpath. Assuming non JPA 2 environment. All properties will per default be traversable.
13:25:57.870 [Test worker] DEBUG org.hibernate.validator.messageinterpolation.ResourceBundleMessageInterpolator - Loaded expression factory via original TCCL
13:25:57.870 [Test worker] DEBUG org.hibernate.validator.internal.engine.ConfigurationImpl - Setting custom MessageInterpolator of type org.springframework.validation.beanvalidation.LocaleContextMessageInterpolator
13:25:57.870 [Test worker] DEBUG org.hibernate.validator.internal.engine.ConfigurationImpl - Setting custom ParameterNameProvider of type org.springframework.validation.beanvalidation.LocalValidatorFactoryBean$1
13:25:57.871 [Test worker] DEBUG org.hibernate.validator.internal.xml.config.ValidationXmlParser - Trying to load META-INF/validation.xml for XML based Validator configuration.
13:25:57.871 [Test worker] DEBUG org.hibernate.validator.internal.xml.config.ResourceLoaderHelper - Trying to load META-INF/validation.xml via TCCL
13:25:57.871 [Test worker] DEBUG org.hibernate.validator.internal.xml.config.ResourceLoaderHelper - Trying to load META-INF/validation.xml via Hibernate Validator's class loader
13:25:57.872 [Test worker] DEBUG org.hibernate.validator.internal.xml.config.ValidationXmlParser - No META-INF/validation.xml found. Using annotation based configuration only.
13:25:57.880 [Test worker] DEBUG org.hibernate.validator.internal.engine.ValidatorFactoryImpl - HV000234: Using org.springframework.validation.beanvalidation.LocaleContextMessageInterpolator as ValidatorFactory-scoped message interpolator.
13:25:57.880 [Test worker] DEBUG org.hibernate.validator.internal.engine.ValidatorFactoryImpl - HV000234: Using org.hibernate.validator.internal.engine.resolver.TraverseAllTraversableResolver as ValidatorFactory-scoped traversable resolver.
13:25:57.880 [Test worker] DEBUG org.hibernate.validator.internal.engine.ValidatorFactoryImpl - HV000234: Using org.hibernate.validator.internal.util.ExecutableParameterNameProvider as ValidatorFactory-scoped parameter name provider.
13:25:57.880 [Test worker] DEBUG org.hibernate.validator.internal.engine.ValidatorFactoryImpl - HV000234: Using org.hibernate.validator.internal.engine.DefaultClockProvider as ValidatorFactory-scoped clock provider.
13:25:57.880 [Test worker] DEBUG org.hibernate.validator.internal.engine.ValidatorFactoryImpl - HV000234: Using org.hibernate.validator.internal.engine.scripting.DefaultScriptEvaluatorFactory as ValidatorFactory-scoped script evaluator factory.
13:25:57.881 [Test worker] INFO org.springframework.web.servlet.mvc.method.annotation.RequestMappingHandlerAdapter - Looking for @ControllerAdvice: org.springframework.test.web.servlet.setup.StubWebApplicationContext@1c74db45
13:25:57.885 [Test worker] DEBUG org.springframework.web.servlet.mvc.method.annotation.ExceptionHandlerExceptionResolver - Looking for exception mappings: org.springframework.test.web.servlet.setup.StubWebApplicationContext@1c74db45
13:25:57.885 [Test worker] DEBUG org.springframework.test.web.servlet.TestDispatcherServlet - Initializing servlet ''
13:25:57.885 [Test worker] INFO org.springframework.mock.web.MockServletContext - Initializing Spring FrameworkServlet ''
13:25:57.885 [Test worker] INFO org.springframework.test.web.servlet.TestDispatcherServlet - FrameworkServlet '': initialization started
13:25:57.885 [Test worker] DEBUG org.springframework.test.web.servlet.TestDispatcherServlet - Unable to locate MultipartResolver with name 'multipartResolver': no multipart request handling provided
13:25:57.885 [Test worker] DEBUG org.springframework.test.web.servlet.TestDispatcherServlet - Using LocaleResolver [org.springframework.web.servlet.i18n.AcceptHeaderLocaleResolver@40583104]
13:25:57.885 [Test worker] DEBUG org.springframework.test.web.servlet.TestDispatcherServlet - Using ThemeResolver [org.springframework.web.servlet.theme.FixedThemeResolver@19acff54]
13:25:57.885 [Test worker] DEBUG org.springframework.test.web.servlet.TestDispatcherServlet - Using RequestToViewNameTranslator [org.springframework.web.servlet.view.DefaultRequestToViewNameTranslator@76583c57]
13:25:57.885 [Test worker] DEBUG org.springframework.test.web.servlet.TestDispatcherServlet - Using FlashMapManager [org.springframework.web.servlet.support.SessionFlashMapManager@293d9060]
13:25:57.885 [Test worker] DEBUG org.springframework.test.web.servlet.TestDispatcherServlet - Published WebApplicationContext of servlet '' as ServletContext attribute with name [org.springframework.web.servlet.FrameworkServlet.CONTEXT.]
13:25:57.885 [Test worker] INFO org.springframework.test.web.servlet.TestDispatcherServlet - FrameworkServlet '': initialization completed in 0 ms
13:25:57.885 [Test worker] DEBUG org.springframework.test.web.servlet.TestDispatcherServlet - Servlet '' configured successfully
13:25:57.887 [Test worker] DEBUG org.springframework.test.web.servlet.TestDispatcherServlet - DispatcherServlet with name '' processing PUT request for [/v1/folders/1337/messages/1337/seen]
13:25:57.887 [Test worker] DEBUG org.springframework.web.servlet.mvc.method.annotation.RequestMappingHandlerMapping - Looking up handler method for path /v1/folders/1337/messages/1337/seen
13:25:57.888 [Test worker] DEBUG org.springframework.web.servlet.mvc.method.annotation.RequestMappingHandlerMapping - Returning handler method [public org.springframework.http.ResponseEntity<java.lang.Void> com.marcnuri.isotope.api.folder.FolderResource.setMessageSeen(java.lang.String,java.lang.Long,boolean)]
13:25:57.904 [Test worker] DEBUG org.springframework.web.servlet.mvc.method.annotation.RequestResponseBodyMethodProcessor - Read [boolean] as "application/json" with [org.springframework.http.converter.json.MappingJackson2HttpMessageConverter@62ead6bc]
13:25:57.923 [Test worker] DEBUG com.marcnuri.isotope.api.folder.FolderResource - Setting message seen attribute to true in message 1337 from folder 1337
13:25:57.923 [Test worker] DEBUG org.springframework.beans.factory.support.DefaultListableBeanFactory - Returning cached instance of singleton bean 'prototypeImapService'
13:25:57.925 [Test worker] DEBUG org.springframework.test.web.servlet.TestDispatcherServlet - Null ModelAndView returned to DispatcherServlet with name '': assuming HandlerAdapter completed request handling
13:25:57.925 [Test worker] DEBUG org.springframework.test.web.servlet.TestDispatcherServlet - Successfully completed request
13:25:57.925 [Test worker] DEBUG org.springframework.test.context.cache.DefaultCacheAwareContextLoaderDelegate - Retrieved ApplicationContext from cache with key [[MergedContextConfiguration@6692e92d testClass = FolderResourceTest, locations = '{}', classes = '{class com.marcnuri.isotope.api.folder.FolderResource}', contextInitializerClasses = '[]', activeProfiles = '{}', propertySourceLocations = '{}', propertySourceProperties = '{}', contextCustomizers = set[org.springframework.boot.test.autoconfigure.properties.PropertyMappingContextCustomizer@0, org.springframework.boot.test.autoconfigure.web.servlet.WebDriverContextCustomizerFactory$Customizer@2dc9ad67, org.springframework.boot.test.context.filter.ExcludeFilterContextCustomizer@7975bbf7, org.springframework.boot.test.json.DuplicateJsonObjectContextCustomizerFactory$DuplicateJsonObjectContextCustomizer@2dd9ed03, org.springframework.boot.test.mock.mockito.MockitoContextCustomizer@570072aa], contextLoader = 'org.springframework.test.context.support.DelegatingSmartContextLoader', parent = [null]]]
13:25:57.925 [Test worker] DEBUG org.springframework.test.context.cache - Spring test ApplicationContext cache statistics: [DefaultContextCache@10c13e31 size = 2, maxSize = 32, parentContextCount = 0, hitCount = 56, missCount = 2]
13:25:57.926 [Test worker] DEBUG org.springframework.beans.factory.support.DefaultListableBeanFactory - Returning cached instance of singleton bean 'org.springframework.boot.test.mock.mockito.MockitoBeans'
13:25:57.926 [Test worker] DEBUG org.springframework.test.context.cache.DefaultCacheAwareContextLoaderDelegate - Retrieved ApplicationContext from cache with key [[MergedContextConfiguration@6692e92d testClass = FolderResourceTest, locations = '{}', classes = '{class com.marcnuri.isotope.api.folder.FolderResource}', contextInitializerClasses = '[]', activeProfiles = '{}', propertySourceLocations = '{}', propertySourceProperties = '{}', contextCustomizers = set[org.springframework.boot.test.autoconfigure.properties.PropertyMappingContextCustomizer@0, org.springframework.boot.test.autoconfigure.web.servlet.WebDriverContextCustomizerFactory$Customizer@2dc9ad67, org.springframework.boot.test.context.filter.ExcludeFilterContextCustomizer@7975bbf7, org.springframework.boot.test.json.DuplicateJsonObjectContextCustomizerFactory$DuplicateJsonObjectContextCustomizer@2dd9ed03, org.springframework.boot.test.mock.mockito.MockitoContextCustomizer@570072aa], contextLoader = 'org.springframework.test.context.support.DelegatingSmartContextLoader', parent = [null]]]
13:25:57.926 [Test worker] DEBUG org.springframework.test.context.cache - Spring test ApplicationContext cache statistics: [DefaultContextCache@10c13e31 size = 2, maxSize = 32, parentContextCount = 0, hitCount = 57, missCount = 2]
13:25:57.926 [Test worker] DEBUG org.springframework.test.context.cache.DefaultCacheAwareContextLoaderDelegate - Retrieved ApplicationContext from cache with key [[MergedContextConfiguration@6692e92d testClass = FolderResourceTest, locations = '{}', classes = '{class com.marcnuri.isotope.api.folder.FolderResource}', contextInitializerClasses = '[]', activeProfiles = '{}', propertySourceLocations = '{}', propertySourceProperties = '{}', contextCustomizers = set[org.springframework.boot.test.autoconfigure.properties.PropertyMappingContextCustomizer@0, org.springframework.boot.test.autoconfigure.web.servlet.WebDriverContextCustomizerFactory$Customizer@2dc9ad67, org.springframework.boot.test.context.filter.ExcludeFilterContextCustomizer@7975bbf7, org.springframework.boot.test.json.DuplicateJsonObjectContextCustomizerFactory$DuplicateJsonObjectContextCustomizer@2dd9ed03, org.springframework.boot.test.mock.mockito.MockitoContextCustomizer@570072aa], contextLoader = 'org.springframework.test.context.support.DelegatingSmartContextLoader', parent = [null]]]
13:25:57.926 [Test worker] DEBUG org.springframework.test.context.cache - Spring test ApplicationContext cache statistics: [DefaultContextCache@10c13e31 size = 2, maxSize = 32, parentContextCount = 0, hitCount = 58, missCount = 2]
13:25:57.927 [Test worker] DEBUG reactor.core.publisher.Hooks - Reset to factory defaults : onLastOperator
13:25:57.927 [Test worker] DEBUG org.springframework.test.context.support.AbstractDirtiesContextTestExecutionListener - After test method: context [DefaultTestContext@2ff6fc48 testClass = FolderResourceTest, testInstance = com.marcnuri.isotope.api.folder.FolderResourceTest@46fa3a2b, testMethod = setMessageSeen_validFolderAndMessage_shouldReturnNoContent@FolderResourceTest, testException = [null], mergedContextConfiguration = [MergedContextConfiguration@6692e92d testClass = FolderResourceTest, locations = '{}', classes = '{class com.marcnuri.isotope.api.folder.FolderResource}', contextInitializerClasses = '[]', activeProfiles = '{}', propertySourceLocations = '{}', propertySourceProperties = '{}', contextCustomizers = set[org.springframework.boot.test.autoconfigure.properties.PropertyMappingContextCustomizer@0, org.springframework.boot.test.autoconfigure.web.servlet.WebDriverContextCustomizerFactory$Customizer@2dc9ad67, org.springframework.boot.test.context.filter.ExcludeFilterContextCustomizer@7975bbf7, org.springframework.boot.test.json.DuplicateJsonObjectContextCustomizerFactory$DuplicateJsonObjectContextCustomizer@2dd9ed03, org.springframework.boot.test.mock.mockito.MockitoContextCustomizer@570072aa], contextLoader = 'org.springframework.test.context.support.DelegatingSmartContextLoader', parent = [null]], attributes = map[[empty]]], class annotated with @DirtiesContext [false] with mode [null], method annotated with @DirtiesContext [false] with mode [null].
13:25:57.927 [Test worker] DEBUG org.springframework.test.annotation.ProfileValueUtils - Retrieved @ProfileValueSourceConfiguration [null] for test class [com.marcnuri.isotope.api.folder.FolderResourceTest]
13:25:57.927 [Test worker] DEBUG org.springframework.test.annotation.ProfileValueUtils - Retrieved ProfileValueSource type [class org.springframework.test.annotation.SystemProfileValueSource] for class [com.marcnuri.isotope.api.folder.FolderResourceTest]
13:25:57.928 [Test worker] DEBUG org.springframework.test.context.cache.DefaultCacheAwareContextLoaderDelegate - Retrieved ApplicationContext from cache with key [[MergedContextConfiguration@6692e92d testClass = FolderResourceTest, locations = '{}', classes = '{class com.marcnuri.isotope.api.folder.FolderResource}', contextInitializerClasses = '[]', activeProfiles = '{}', propertySourceLocations = '{}', propertySourceProperties = '{}', contextCustomizers = set[org.springframework.boot.test.autoconfigure.properties.PropertyMappingContextCustomizer@0, org.springframework.boot.test.autoconfigure.web.servlet.WebDriverContextCustomizerFactory$Customizer@2dc9ad67, org.springframework.boot.test.context.filter.ExcludeFilterContextCustomizer@7975bbf7, org.springframework.boot.test.json.DuplicateJsonObjectContextCustomizerFactory$DuplicateJsonObjectContextCustomizer@2dd9ed03, org.springframework.boot.test.mock.mockito.MockitoContextCustomizer@570072aa], contextLoader = 'org.springframework.test.context.support.DelegatingSmartContextLoader', parent = [null]]]
13:25:57.928 [Test worker] DEBUG org.springframework.test.context.cache - Spring test ApplicationContext cache statistics: [DefaultContextCache@10c13e31 size = 2, maxSize = 32, parentContextCount = 0, hitCount = 59, missCount = 2]
13:25:57.928 [Test worker] DEBUG org.springframework.beans.factory.support.DefaultListableBeanFactory - Returning cached instance of singleton bean 'org.springframework.boot.test.mock.mockito.MockitoPostProcessor'
13:25:57.928 [Test worker] DEBUG org.springframework.beans.factory.support.DefaultListableBeanFactory - Returning cached instance of singleton bean 'prototypeImapService'
13:25:57.928 [Test worker] DEBUG org.springframework.test.context.support.DependencyInjectionTestExecutionListener - Performing dependency injection for test context [[DefaultTestContext@2ff6fc48 testClass = FolderResourceTest, testInstance = com.marcnuri.isotope.api.folder.FolderResourceTest@39828c2a, testMethod = [null], testException = [null], mergedContextConfiguration = [MergedContextConfiguration@6692e92d testClass = FolderResourceTest, locations = '{}', classes = '{class com.marcnuri.isotope.api.folder.FolderResource}', contextInitializerClasses = '[]', activeProfiles = '{}', propertySourceLocations = '{}', propertySourceProperties = '{}', contextCustomizers = set[org.springframework.boot.test.autoconfigure.properties.PropertyMappingContextCustomizer@0, org.springframework.boot.test.autoconfigure.web.servlet.WebDriverContextCustomizerFactory$Customizer@2dc9ad67, org.springframework.boot.test.context.filter.ExcludeFilterContextCustomizer@7975bbf7, org.springframework.boot.test.json.DuplicateJsonObjectContextCustomizerFactory$DuplicateJsonObjectContextCustomizer@2dd9ed03, org.springframework.boot.test.mock.mockito.MockitoContextCustomizer@570072aa], contextLoader = 'org.springframework.test.context.support.DelegatingSmartContextLoader', parent = [null]], attributes = map[[empty]]]].
13:25:57.928 [Test worker] DEBUG org.springframework.test.context.cache.DefaultCacheAwareContextLoaderDelegate - Retrieved ApplicationContext from cache with key [[MergedContextConfiguration@6692e92d testClass = FolderResourceTest, locations = '{}', classes = '{class com.marcnuri.isotope.api.folder.FolderResource}', contextInitializerClasses = '[]', activeProfiles = '{}', propertySourceLocations = '{}', propertySourceProperties = '{}', contextCustomizers = set[org.springframework.boot.test.autoconfigure.properties.PropertyMappingContextCustomizer@0, org.springframework.boot.test.autoconfigure.web.servlet.WebDriverContextCustomizerFactory$Customizer@2dc9ad67, org.springframework.boot.test.context.filter.ExcludeFilterContextCustomizer@7975bbf7, org.springframework.boot.test.json.DuplicateJsonObjectContextCustomizerFactory$DuplicateJsonObjectContextCustomizer@2dd9ed03, org.springframework.boot.test.mock.mockito.MockitoContextCustomizer@570072aa], contextLoader = 'org.springframework.test.context.support.DelegatingSmartContextLoader', parent = [null]]]
13:25:57.928 [Test worker] DEBUG org.springframework.test.context.cache - Spring test ApplicationContext cache statistics: [DefaultContextCache@10c13e31 size = 2, maxSize = 32, parentContextCount = 0, hitCount = 60, missCount = 2]
13:25:57.928 [Test worker] DEBUG org.springframework.beans.factory.annotation.InjectionMetadata - Processing injected element of bean 'com.marcnuri.isotope.api.folder.FolderResourceTest': AutowiredFieldElement for private com.marcnuri.isotope.api.folder.FolderResource com.marcnuri.isotope.api.folder.FolderResourceTest.folderResource
13:25:57.928 [Test worker] DEBUG org.springframework.beans.factory.support.DefaultListableBeanFactory - Returning cached instance of singleton bean 'folderResource'
13:25:57.929 [Test worker] DEBUG org.springframework.test.context.support.AbstractDirtiesContextTestExecutionListener - Before test method: context [DefaultTestContext@2ff6fc48 testClass = FolderResourceTest, testInstance = com.marcnuri.isotope.api.folder.FolderResourceTest@39828c2a, testMethod = setMessagesSeen_validFolderAndMessages_shouldReturnNoContent@FolderResourceTest, testException = [null], mergedContextConfiguration = [MergedContextConfiguration@6692e92d testClass = FolderResourceTest, locations = '{}', classes = '{class com.marcnuri.isotope.api.folder.FolderResource}', contextInitializerClasses = '[]', activeProfiles = '{}', propertySourceLocations = '{}', propertySourceProperties = '{}', contextCustomizers = set[org.springframework.boot.test.autoconfigure.properties.PropertyMappingContextCustomizer@0, org.springframework.boot.test.autoconfigure.web.servlet.WebDriverContextCustomizerFactory$Customizer@2dc9ad67, org.springframework.boot.test.context.filter.ExcludeFilterContextCustomizer@7975bbf7, org.springframework.boot.test.json.DuplicateJsonObjectContextCustomizerFactory$DuplicateJsonObjectContextCustomizer@2dd9ed03, org.springframework.boot.test.mock.mockito.MockitoContextCustomizer@570072aa], contextLoader = 'org.springframework.test.context.support.DelegatingSmartContextLoader', parent = [null]], attributes = map[[empty]]], class annotated with @DirtiesContext [false] with mode [null], method annotated with @DirtiesContext [false] with mode [null].
13:25:57.929 [Test worker] DEBUG reactor.core.publisher.Hooks - Hooking onLastOperator: reactor.core.publisher.Operators$LiftFunction@53220c64
13:25:57.930 [Test worker] DEBUG org.springframework.test.context.cache.DefaultCacheAwareContextLoaderDelegate - Retrieved ApplicationContext from cache with key [[MergedContextConfiguration@6692e92d testClass = FolderResourceTest, locations = '{}', classes = '{class com.marcnuri.isotope.api.folder.FolderResource}', contextInitializerClasses = '[]', activeProfiles = '{}', propertySourceLocations = '{}', propertySourceProperties = '{}', contextCustomizers = set[org.springframework.boot.test.autoconfigure.properties.PropertyMappingContextCustomizer@0, org.springframework.boot.test.autoconfigure.web.servlet.WebDriverContextCustomizerFactory$Customizer@2dc9ad67, org.springframework.boot.test.context.filter.ExcludeFilterContextCustomizer@7975bbf7, org.springframework.boot.test.json.DuplicateJsonObjectContextCustomizerFactory$DuplicateJsonObjectContextCustomizer@2dd9ed03, org.springframework.boot.test.mock.mockito.MockitoContextCustomizer@570072aa], contextLoader = 'org.springframework.test.context.support.DelegatingSmartContextLoader', parent = [null]]]
13:25:57.930 [Test worker] DEBUG org.springframework.test.context.cache - Spring test ApplicationContext cache statistics: [DefaultContextCache@10c13e31 size = 2, maxSize = 32, parentContextCount = 0, hitCount = 61, missCount = 2]
13:25:57.930 [Test worker] DEBUG org.springframework.beans.factory.support.DefaultListableBeanFactory - Returning cached instance of singleton bean 'org.springframework.boot.test.mock.mockito.MockitoBeans'
13:25:57.930 [Test worker] DEBUG org.springframework.core.env.StandardEnvironment - Adding PropertySource 'systemProperties' with lowest search precedence
13:25:57.930 [Test worker] DEBUG org.springframework.core.env.StandardEnvironment - Adding PropertySource 'systemEnvironment' with lowest search precedence
13:25:57.930 [Test worker] DEBUG org.springframework.core.env.StandardEnvironment - Initialized StandardEnvironment with PropertySources [MapPropertySource@676688554 {name='systemProperties', properties={java.runtime.name=OpenJDK Runtime Environment, sun.boot.library.path=C:\Program Files\AdoptOpenJDK\jdk-8.0.242.08-hotspot\jre\bin, java.vm.version=25.242-b08, java.vm.vendor=, java.vendor.url=http://java.oracle.com/, path.separator=;, java.vm.name=OpenJDK 64-Bit Server VM, file.encoding.pkg=sun.io, user.script=, sun.java.launcher=SUN_STANDARD, user.country=GB, sun.os.patch.level=, java.vm.specification.name=Java Virtual Machine Specification, user.dir=C:\azure-devops\git\eShopOnContainers\src\Web\WebImapClient\Client\server, java.runtime.version=1.8.0_242-b08, java.awt.graphicsenv=sun.awt.Win32GraphicsEnvironment, java.endorsed.dirs=C:\Program Files\AdoptOpenJDK\jdk-8.0.242.08-hotspot\jre\lib\endorsed, os.arch=amd64, java.io.tmpdir=C:\Users\jorge\AppData\Local\Temp\, line.separator=
, java.vm.specification.vendor=Oracle Corporation, user.variant=, os.name=Windows 10, sun.jnu.encoding=Cp1252, java.library.path=C:\Program Files\AdoptOpenJDK\jdk-8.0.242.08-hotspot\bin;C:\Windows\Sun\Java\bin;C:\Windows\system32;C:\Windows;C:\Program Files\AdoptOpenJDK\jdk-8.0.242.08-hotspot\bin;C:\Program Files (x86)\Common Files\Oracle\Java\javapath;C:\Python27\;C:\Python27\Scripts;C:\ProgramData\DockerDesktop\version-bin;C:\Program Files\Docker\Docker\Resources\bin;C:\Windows\system32;C:\Windows;C:\Windows\System32\Wbem;C:\Windows\System32\WindowsPowerShell\v1.0\;C:\Windows\System32\OpenSSH\;C:\Program Files (x86)\NVIDIA Corporation\PhysX\Common;C:\Program Files\dotnet\;C:\Program Files\Microsoft SQL Server\130\Tools\Binn\;C:\Program Files\Microsoft SQL Server\Client SDK\ODBC\170\Tools\Binn\;C:\Program Files (x86)\Microsoft SQL Server\150\DTS\Binn\;C:\Program Files\Git\cmd;C:\Program Files (x86)\Microsoft ASP.NET\ASP.NET Web Pages\v1.0\;C:\Program Files\Microsoft SQL Server\110\Tools\Binn\;C:\Windows\system32\config\systemprofile\.dnx\bin;C:\Program Files\Microsoft DNX\Dnvm\;C:\Program Files\nodejs\;C:\ProgramData\chocolatey\bin;C:\Program Files\Microsoft\Web Platform Installer\;C:\Users\jorge\AppData\Local\Microsoft\WindowsApps;C:\Users\jorge\AppData\Local\Programs\Microsoft VS Code\bin;C:\Users\jorge\.dotnet\tools;C:\Users\jorge\AppData\Roaming\npm;C:\Users\jorge\AppData\Local\GitHubDesktop\bin;., java.specification.name=Java Platform API Specification, java.class.version=52.0, org.gradle.native=false, sun.management.compiler=HotSpot 64-Bit Tiered Compilers, os.version=10.0, user.home=C:\Users\jorge, user.timezone=Europe/Paris, java.awt.printerjob=sun.awt.windows.WPrinterJob, file.encoding=windows-1252, java.specification.version=1.8, java.class.path=C:\azure-devops\git\eShopOnContainers\src\Web\WebImapClient\Client\server\build\classes\java\test;C:\azure-devops\git\eShopOnContainers\src\Web\WebImapClient\Client\server\build\resources\test;C:\azure-devops\git\eShopOnContainers\src\Web\WebImapClient\Client\server\build\classes\java\main;C:\azure-devops\git\eShopOnContainers\src\Web\WebImapClient\Client\server\build\resources\main;C:\Users\jorge\.gradle\caches\modules-2\files-2.1\org.springframework.boot\spring-boot-starter-actuator\2.0.4.RELEASE\24e901473279d9c18e0a0f8037d58b18c8297dca\spring-boot-starter-actuator-2.0.4.RELEASE.jar;C:\Users\jorge\.gradle\caches\modules-2\files-2.1\org.springframework.boot\spring-boot-starter-security\2.0.4.RELEASE\2ac314e5985fd9ae0d2acaea450f4f6c3dbd7f92\spring-boot-starter-security-2.0.4.RELEASE.jar;C:\Users\jorge\.gradle\caches\modules-2\files-2.1\org.springframework.boot\spring-boot-starter-webflux\2.0.4.RELEASE\a52fcd02fb6129e14f2b4b36acc5748368563c93\spring-boot-starter-webflux-2.0.4.RELEASE.jar;C:\Users\jorge\.gradle\caches\modules-2\files-2.1\org.springframework.boot\spring-boot-starter-test\2.0.4.RELEASE\8f473705d2742b669f0318f10a956f94a93ba3d2\spring-boot-starter-test-2.0.4.RELEASE.jar;C:\Users\jorge\.gradle\caches\modules-2\files-2.1\org.springframework.boot\spring-boot-starter-hateoas\2.0.4.RELEASE\2f115bebeffea81859c6d874457fa8db16b10747\spring-boot-starter-hateoas-2.0.4.RELEASE.jar;C:\Users\jorge\.gradle\caches\modules-2\files-2.1\org.springframework.boot\spring-boot-starter-web\2.0.4.RELEASE\98d49e981ecf804da877d84259b7b0d1ec2fb6f6\spring-boot-starter-web-2.0.4.RELEASE.jar;C:\Users\jorge\.gradle\caches\modules-2\files-2.1\org.springframework.boot\spring-boot-starter-json\2.0.4.RELEASE\c7afabf0d7c85db178da4ce0634e3bd2ddb0eb71\spring-boot-starter-json-2.0.4.RELEASE.jar;C:\Users\jorge\.gradle\caches\modules-2\files-2.1\org.springframework.boot\spring-boot-starter\2.0.4.RELEASE\ec46c63a2adeee40058eff1a6baefca13975dc94\spring-boot-starter-2.0.4.RELEASE.jar;C:\Users\jorge\.gradle\caches\modules-2\files-2.1\com.sun.mail\javax.mail\1.6.1\757ba4630692bb2a1ec2d9d57a616b63f15e947e\javax.mail-1.6.1.jar;C:\Users\jorge\.gradle\caches\modules-2\files-2.1\org.springframework.boot\spring-boot-actuator-autoconfigure\2.0.4.RELEASE\2cadc1d20a1f9ee667a608cfee154138e954f5f2\spring-boot-actuator-autoconfigure-2.0.4.RELEASE.jar;C:\Users\jorge\.gradle\caches\modules-2\files-2.1\com.fasterxml.jackson.datatype\jackson-datatype-jsr310\2.9.6\ea54f6193d224e5e5732bbd4262327eb465397c2\jackson-datatype-jsr310-2.9.6.jar;C:\Users\jorge\.gradle\caches\modules-2\files-2.1\commons-io\commons-io\2.6\815893df5f31da2ece4040fe0a12fd44b577afaf\commons-io-2.6.jar;C:\Users\jorge\.gradle\caches\modules-2\files-2.1\org.springframework.security\spring-security-test\5.0.7.RELEASE\a74c9ab10d53baa3bb7a731753fe0c6d9ab9d848\spring-security-test-5.0.7.RELEASE.jar;C:\Users\jorge\.gradle\caches\modules-2\files-2.1\com.marcnuri\spring-common-test\0.0.2\da9c2c5e849c7dcbbe99d190bedffa5e6fe450a5\spring-common-test-0.0.2.jar;C:\Users\jorge\.gradle\caches\modules-2\files-2.1\org.hamcrest\java-hamcrest\2.0.0.0\f1c8853ade0ecf707f5a261c830e98893983813\java-hamcrest-2.0.0.0.jar;C:\Users\jorge\.gradle\caches\modules-2\files-2.1\org.powermock\powermock-module-junit4\2.0.0-RC.3\b9a04b492e2b93e93617ba457f76aebbf00fc221\powermock-module-junit4-2.0.0-RC.3.jar;C:\Users\jorge\.gradle\caches\modules-2\files-2.1\org.powermock\powermock-api-mockito2\2.0.0-RC.3\f85a8404be063ef15c5fdd3745b11d2fba875fcd\powermock-api-mockito2-2.0.0-RC.3.jar;C:\Users\jorge\.gradle\caches\modules-2\files-2.1\org.springframework.boot\spring-boot-test-autoconfigure\2.0.4.RELEASE\8a2e3f31e607fdb08deda2f59263ce177f1c4310\spring-boot-test-autoconfigure-2.0.4.RELEASE.jar;C:\Users\jorge\.gradle\caches\modules-2\files-2.1\org.springframework.boot\spring-boot-test\2.0.4.RELEASE\8a17fc3cf16b6d75f2ba132ade04409a670095de\spring-boot-test-2.0.4.RELEASE.jar;C:\Users\jorge\.gradle\caches\modules-2\files-2.1\org.springframework.boot\spring-boot-autoconfigure\2.0.4.RELEASE\65cd1244d606acc02ab7bfc47a203a3fe2400dda\spring-boot-autoconfigure-2.0.4.RELEASE.jar;C:\Users\jorge\.gradle\caches\modules-2\files-2.1\org.springframework.boot\spring-boot-actuator\2.0.4.RELEASE\9c02c968eb50a7cdc14fc4c7b586d767df6dc48d\spring-boot-actuator-2.0.4.RELEASE.jar;C:\Users\jorge\.gradle\caches\modules-2\files-2.1\org.springframework.boot\spring-boot\2.0.4.RELEASE\c8619c5b06d4dcdb4cac1e5e9c839e6e8b1c8574\spring-boot-2.0.4.RELEASE.jar;C:\Users\jorge\.gradle\caches\modules-2\files-2.1\org.springframework.boot\spring-boot-starter-logging\2.0.4.RELEASE\dcd1a2c431c970f44adae64d9145133979a513ab\spring-boot-starter-logging-2.0.4.RELEASE.jar;C:\Users\jorge\.gradle\caches\modules-2\files-2.1\org.springframework.boot\spring-boot-starter-tomcat\2.0.4.RELEASE\dcf28989a34b0801fea0e810c371fb9dab1e7784\spring-boot-starter-tomcat-2.0.4.RELEASE.jar;C:\Users\jorge\.gradle\caches\modules-2\files-2.1\javax.annotation\javax.annotation-api\1.3.2\934c04d3cfef185a8008e7bf34331b79730a9d43\javax.annotation-api-1.3.2.jar;C:\Users\jorge\.gradle\caches\modules-2\files-2.1\org.springframework.security\spring-security-config\5.0.7.RELEASE\d702e01048687db4ec6c97fb32d28ffbe348b3e\spring-security-config-5.0.7.RELEASE.jar;C:\Users\jorge\.gradle\caches\modules-2\files-2.1\org.springframework.security\spring-security-web\5.0.7.RELEASE\bab3ed579d4550bb5cc40b0a7fddd0106db7c66\spring-security-web-5.0.7.RELEASE.jar;C:\Users\jorge\.gradle\caches\modules-2\files-2.1\org.springframework.hateoas\spring-hateoas\0.25.0.RELEASE\22d1abd575426709734ab83e7d81d6deb4addbf6\spring-hateoas-0.25.0.RELEASE.jar;C:\Users\jorge\.gradle\caches\modules-2\files-2.1\org.springframework\spring-webflux\5.0.8.RELEASE\d16ce1cf6f95771e821619d6ef13c1f0333fafb\spring-webflux-5.0.8.RELEASE.jar;C:\Users\jorge\.gradle\caches\modules-2\files-2.1\org.springframework\spring-webmvc\5.0.8.RELEASE\7e5fe57590ca8e4468e50fe1d92b0b67aa4a327a\spring-webmvc-5.0.8.RELEASE.jar;C:\Users\jorge\.gradle\caches\modules-2\files-2.1\org.springframework\spring-web\5.0.8.RELEASE\fa43cdadb4ab2491fd1d0ddb06c0808e4b60fc85\spring-web-5.0.8.RELEASE.jar;C:\Users\jorge\.gradle\caches\modules-2\files-2.1\org.springframework\spring-test\5.0.8.RELEASE\5782619373bd7e7b7d9106203c317b04bb613ebb\spring-test-5.0.8.RELEASE.jar;C:\Users\jorge\.gradle\caches\modules-2\files-2.1\org.springframework.security\spring-security-core\5.0.7.RELEASE\40a0c57af6b4c3f8c611216d2579c6ab19672694\spring-security-core-5.0.7.RELEASE.jar;C:\Users\jorge\.gradle\caches\modules-2\files-2.1\org.springframework.plugin\spring-plugin-core\1.2.0.RELEASE\f380e7760032e7d929184f8ad8a33716b75c0657\spring-plugin-core-1.2.0.RELEASE.jar;C:\Users\jorge\.gradle\caches\modules-2\files-2.1\org.springframework\spring-context\5.0.8.RELEASE\3a067d8990761111c9b6d1d895640be26cc1fb38\spring-context-5.0.8.RELEASE.jar;C:\Users\jorge\.gradle\caches\modules-2\files-2.1\org.springframework\spring-aop\5.0.8.RELEASE\f5086c1a3185c481104511837427b39a07a57aa2\spring-aop-5.0.8.RELEASE.jar;C:\Users\jorge\.gradle\caches\modules-2\files-2.1\org.springframework\spring-beans\5.0.8.RELEASE\5fc965d3e7f5515099244857a8ae9e2a208c169b\spring-beans-5.0.8.RELEASE.jar;C:\Users\jorge\.gradle\caches\modules-2\files-2.1\org.springframework\spring-expression\5.0.8.RELEASE\f23158f22c917df2cddf2ecebc398a9e95f95fae\spring-expression-5.0.8.RELEASE.jar;C:\Users\jorge\.gradle\caches\modules-2\files-2.1\org.springframework\spring-core\5.0.8.RELEASE\dc39c49e3246cdf73d3786ac41119140aed3fa08\spring-core-5.0.8.RELEASE.jar;C:\Users\jorge\.gradle\caches\modules-2\files-2.1\org.yaml\snakeyaml\1.19\2d998d3d674b172a588e54ab619854d073f555b5\snakeyaml-1.19.jar;C:\Users\jorge\.gradle\caches\modules-2\files-2.1\io.micrometer\micrometer-core\1.0.6\50299bc8a34c251d62311bbb1a297f3942a82e42\micrometer-core-1.0.6.jar;C:\Users\jorge\.gradle\caches\modules-2\files-2.1\org.springframework.boot\spring-boot-starter-reactor-netty\2.0.4.RELEASE\ed4ac88f7fc699a9cbb6ee804a26e2e30239ca35\spring-boot-starter-reactor-netty-2.0.4.RELEASE.jar;C:\Users\jorge\.gradle\caches\modules-2\files-2.1\org.hibernate.validator\hibernate-validator\6.0.11.Final\36f9d10a11e4768f55e8fb91ebe4338a5c43954e\hibernate-validator-6.0.11.Final.jar;C:\Users\jorge\.gradle\caches\modules-2\files-2.1\org.synchronoss.cloud\nio-multipart-parser\1.1.0\c6c417fec6612584b1c34d4dd98c5a4e47e8c754\nio-multipart-parser-1.1.0.jar;C:\Users\jorge\.gradle\caches\modules-2\files-2.1\javax.activation\activation\1.1\e6cb541461c2834bdea3eb920f1884d1eb508b50\activation-1.1.jar;C:\Users\jorge\.gradle\caches\modules-2\files-2.1\com.fasterxml.jackson.datatype\jackson-datatype-jdk8\2.9.6\456895fc91bf7180b216fead220373e6278230c9\jackson-datatype-jdk8-2.9.6.jar;C:\Users\jorge\.gradle\caches\modules-2\files-2.1\com.fasterxml.jackson.module\jackson-module-parameter-names\2.9.6\129acd77a4b6ee30d62d3a0899b1344c8ec2bff8\jackson-module-parameter-names-2.9.6.jar;C:\Users\jorge\.gradle\caches\modules-2\files-2.1\com.fasterxml.jackson.core\jackson-databind\2.9.6\cfa4f316351a91bfd95cb0644c6a2c95f52db1fc\jackson-databind-2.9.6.jar;C:\Users\jorge\.gradle\caches\modules-2\files-2.1\com.fasterxml.jackson.core\jackson-annotations\2.9.0\7c10d545325e3a6e72e06381afe469fd40eb701\jackson-annotations-2.9.0.jar;C:\Users\jorge\.gradle\caches\modules-2\files-2.1\com.fasterxml.jackson.core\jackson-core\2.9.6\4e393793c37c77e042ccc7be5a914ae39251b365\jackson-core-2.9.6.jar;C:\Users\jorge\.gradle\caches\modules-2\files-2.1\com.jayway.jsonpath\json-path\2.4.0\765a4401ceb2dc8d40553c2075eb80a8fa35c2ae\json-path-2.4.0.jar;C:\Users\jorge\.gradle\caches\modules-2\files-2.1\org.powermock\powermock-module-junit4-common\2.0.0-RC.3\f09137abdf1aeea2df214037eab50ed864602c9a\powermock-module-junit4-common-2.0.0-RC.3.jar;C:\Users\jorge\.gradle\caches\modules-2\files-2.1\junit\junit\4.12\2973d150c0dc1fefe998f834810d68f278ea58ec\junit-4.12.jar;C:\Users\jorge\.gradle\caches\modules-2\files-2.1\org.assertj\assertj-core\3.9.1\c5ce126b15f28d56cd8f960c1a6a058b9c9aea87\assertj-core-3.9.1.jar;C:\Users\jorge\.gradle\caches\modules-2\files-2.1\org.mockito\mockito-core\2.15.0\b84bfbbc29cd22c9529409627af6ea2897f4fa85\mockito-core-2.15.0.jar;C:\Users\jorge\.gradle\caches\modules-2\files-2.1\org.hamcrest\hamcrest-library\1.3\4785a3c21320980282f9f33d0d1264a69040538f\hamcrest-library-1.3.jar;C:\Users\jorge\.gradle\caches\modules-2\files-2.1\org.hamcrest\hamcrest-core\1.3\42a25dc3219429f0e5d060061f71acb49bf010a0\hamcrest-core-1.3.jar;C:\Users\jorge\.gradle\caches\modules-2\files-2.1\org.skyscreamer\jsonassert\1.5.0\6c9d5fe2f59da598d9aefc1cfc6528ff3cf32df3\jsonassert-1.5.0.jar;C:\Users\jorge\.gradle\caches\modules-2\files-2.1\org.xmlunit\xmlunit-core\2.5.1\4ffdb346572a7356f7521cd3119ce5287d2e339d\xmlunit-core-2.5.1.jar;C:\Users\jorge\.gradle\caches\modules-2\files-2.1\org.powermock\powermock-api-support\2.0.0-RC.3\a23d6bdbcf865513c9f6992134152be80504e499\powermock-api-support-2.0.0-RC.3.jar;C:\Users\jorge\.gradle\caches\modules-2\files-2.1\ch.qos.logback\logback-classic\1.2.3\7c4f3c474fb2c041d8028740440937705ebb473a\logback-classic-1.2.3.jar;C:\Users\jorge\.gradle\caches\modules-2\files-2.1\org.apache.logging.log4j\log4j-to-slf4j\2.10.0\f7e631ccf49cfc0aefa4a2a728da7d374c05bd3c\log4j-to-slf4j-2.10.0.jar;C:\Users\jorge\.gradle\caches\modules-2\files-2.1\org.slf4j\jul-to-slf4j\1.7.25\af5364cd6679bfffb114f0dec8a157aaa283b76\jul-to-slf4j-1.7.25.jar;C:\Users\jorge\.gradle\caches\modules-2\files-2.1\org.springframework\spring-jcl\5.0.8.RELEASE\a1fa8fb560fb252321776e16bc9ac8201af4ef5e\spring-jcl-5.0.8.RELEASE.jar;C:\Users\jorge\.gradle\caches\modules-2\files-2.1\org.hdrhistogram\HdrHistogram\2.1.10\9e1ac84eed220281841b75e72fb9de5a297fbf04\HdrHistogram-2.1.10.jar;C:\Users\jorge\.gradle\caches\modules-2\files-2.1\org.latencyutils\LatencyUtils\2.0.3\769c0b82cb2421c8256300e907298a9410a2a3d3\LatencyUtils-2.0.3.jar;C:\Users\jorge\.gradle\caches\modules-2\files-2.1\org.synchronoss.cloud\nio-stream-storage\1.1.3\986dba5f6e5eed20f0dba6ddc8e8a64a9ebdc2f3\nio-stream-storage-1.1.3.jar;C:\Users\jorge\.gradle\caches\modules-2\files-2.1\org.slf4j\slf4j-api\1.7.25\da76ca59f6a57ee3102f8f9bd9cee742973efa8a\slf4j-api-1.7.25.jar;C:\Users\jorge\.gradle\caches\modules-2\files-2.1\io.projectreactor.ipc\reactor-netty\0.7.8.RELEASE\fe25c7d3042b6005690f7d243cef987b696a12ee\reactor-netty-0.7.8.RELEASE.jar;C:\Users\jorge\.gradle\caches\modules-2\files-2.1\javax.validation\validation-api\2.0.1.Final\cb855558e6271b1b32e716d24cb85c7f583ce09e\validation-api-2.0.1.Final.jar;C:\Users\jorge\.gradle\caches\modules-2\files-2.1\org.jboss.logging\jboss-logging\3.3.2.Final\3789d00e859632e6c6206adc0c71625559e6e3b0\jboss-logging-3.3.2.Final.jar;C:\Users\jorge\.gradle\caches\modules-2\files-2.1\com.fasterxml\classmate\1.3.4\3d5f48f10bbe4eb7bd862f10c0583be2e0053c6\classmate-1.3.4.jar;C:\Users\jorge\.gradle\caches\modules-2\files-2.1\io.projectreactor\reactor-core\3.1.8.RELEASE\3bcc30f9161d3d17abe44b4aa20e397e5170566e\reactor-core-3.1.8.RELEASE.jar;C:\Users\jorge\.gradle\caches\modules-2\files-2.1\net.minidev\json-smart\2.3\7396407491352ce4fa30de92efb158adb76b5b\json-smart-2.3.jar;C:\Users\jorge\.gradle\caches\modules-2\files-2.1\org.powermock\powermock-core\2.0.0-RC.3\f958479ea1f0d1ba37cf65b6612fccfbaf4d8dd3\powermock-core-2.0.0-RC.3.jar;C:\Users\jorge\.gradle\caches\modules-2\files-2.1\org.powermock\powermock-reflect\2.0.0-RC.3\c10437486ae35b91666c2591fd7b1a8054b4573c\powermock-reflect-2.0.0-RC.3.jar;C:\Users\jorge\.gradle\caches\modules-2\files-2.1\net.bytebuddy\byte-buddy\1.7.11\f02857a4e2c66ccbe7aaad6100a0a6c461bce9b3\byte-buddy-1.7.11.jar;C:\Users\jorge\.gradle\caches\modules-2\files-2.1\net.bytebuddy\byte-buddy-agent\1.7.11\b425a8933ca07edd03c6dbc8bc3b595fba9780de\byte-buddy-agent-1.7.11.jar;C:\Users\jorge\.gradle\caches\modules-2\files-2.1\org.objenesis\objenesis\3.0.1\11cfac598df9dc48bb9ed9357ed04212694b7808\objenesis-3.0.1.jar;C:\Users\jorge\.gradle\caches\modules-2\files-2.1\com.vaadin.external.google\android-json\0.0.20131108.vaadin1\fa26d351fe62a6a17f5cda1287c1c6110dec413f\android-json-0.0.20131108.vaadin1.jar;C:\Users\jorge\.gradle\caches\modules-2\files-2.1\ch.qos.logback\logback-core\1.2.3\864344400c3d4d92dfeb0a305dc87d953677c03c\logback-core-1.2.3.jar;C:\Users\jorge\.gradle\caches\modules-2\files-2.1\org.apache.logging.log4j\log4j-api\2.10.0\fec5797a55b786184a537abd39c3fa1449d752d6\log4j-api-2.10.0.jar;C:\Users\jorge\.gradle\caches\modules-2\files-2.1\org.apache.tomcat.embed\tomcat-embed-websocket\8.5.32\ea5302e378f1449d4e5dda79e8d810c1e7931f91\tomcat-embed-websocket-8.5.32.jar;C:\Users\jorge\.gradle\caches\modules-2\files-2.1\org.apache.tomcat.embed\tomcat-embed-core\8.5.32\6bc6896200146010cc4666bdc6b9b0cbb453ee22\tomcat-embed-core-8.5.32.jar;C:\Users\jorge\.gradle\caches\modules-2\files-2.1\org.apache.tomcat.embed\tomcat-embed-el\8.5.32\e4fd0ee015d83fa1c5ec93ff1d05bdaf9a4480c5\tomcat-embed-el-8.5.32.jar;C:\Users\jorge\.gradle\caches\modules-2\files-2.1\io.netty\netty-handler-proxy\4.1.27.Final\1a822ce7760bc6eb4937b7e448c9e081fedcc807\netty-handler-proxy-4.1.27.Final.jar;C:\Users\jorge\.gradle\caches\modules-2\files-2.1\io.netty\netty-codec-http\4.1.27.Final\a1722d6bcbbef1c4c7877e8bf38b07a3db5ed07f\netty-codec-http-4.1.27.Final.jar;C:\Users\jorge\.gradle\caches\modules-2\files-2.1\io.netty\netty-handler\4.1.27.Final\21bd9cf565390a8d72579b8664303e3c175dfc6a\netty-handler-4.1.27.Final.jar;C:\Users\jorge\.gradle\caches\modules-2\files-2.1\io.netty\netty-transport-native-epoll\4.1.27.Final\8c3a61a7dd53eafe2f0fe31356f1379598f74517\netty-transport-native-epoll-4.1.27.Final-linux-x86_64.jar;C:\Users\jorge\.gradle\caches\modules-2\files-2.1\org.reactivestreams\reactive-streams\1.0.2\323964c36556eb0e6209f65c1cef72b53b461ab8\reactive-streams-1.0.2.jar;C:\Users\jorge\.gradle\caches\modules-2\files-2.1\net.minidev\accessors-smart\1.2\c592b500269bfde36096641b01238a8350f8aa31\accessors-smart-1.2.jar;C:\Users\jorge\.gradle\caches\modules-2\files-2.1\org.javassist\javassist\3.24.0-GA\d7466fc2e3af7c023e95c510f06448ad29b225b3\javassist-3.24.0-GA.jar;C:\Users\jorge\.gradle\caches\modules-2\files-2.1\io.netty\netty-codec-socks\4.1.27.Final\285b09af98764cf02e4b77b3d95af188469a7133\netty-codec-socks-4.1.27.Final.jar;C:\Users\jorge\.gradle\caches\modules-2\files-2.1\io.netty\netty-codec\4.1.27.Final\d2653d78ebaa650064768fb26b10051f5c8efb2c\netty-codec-4.1.27.Final.jar;C:\Users\jorge\.gradle\caches\modules-2\files-2.1\io.netty\netty-transport-native-unix-common\4.1.27.Final\2b0667fe5c1df78c6cfbf9d53ad8b1fb533fb8e8\netty-transport-native-unix-common-4.1.27.Final.jar;C:\Users\jorge\.gradle\caches\modules-2\files-2.1\io.netty\netty-transport\4.1.27.Final\b5c2da3ea89dd67320925f1504c9eb3615241b7c\netty-transport-4.1.27.Final.jar;C:\Users\jorge\.gradle\caches\modules-2\files-2.1\io.netty\netty-buffer\4.1.27.Final\aafe2b9fb0d8f3b200cf10b9fd6486c6a722d7a1\netty-buffer-4.1.27.Final.jar;C:\Users\jorge\.gradle\caches\modules-2\files-2.1\io.netty\netty-resolver\4.1.27.Final\2536447ef9605ccb2b5203aa22392c6514484ea9\netty-resolver-4.1.27.Final.jar;C:\Users\jorge\.gradle\caches\modules-2\files-2.1\io.netty\netty-common\4.1.27.Final\6a12a969c27fb37b230c4bde5a67bd822fa6b7a4\netty-common-4.1.27.Final.jar;C:\Users\jorge\.gradle\caches\modules-2\files-2.1\org.ow2.asm\asm\5.0.4\da08b8cce7bbf903602a25a3a163ae252435795\asm-5.0.4.jar, user.name=jorge, java.vm.specification.version=1.8, sun.java.command=worker.org.gradle.process.internal.worker.GradleWorkerMain 'Gradle Test Executor 1', java.home=C:\Program Files\AdoptOpenJDK\jdk-8.0.242.08-hotspot\jre, sun.arch.data.model=64, user.language=en, java.specification.vendor=Oracle Corporation, awt.toolkit=sun.awt.windows.WToolkit, java.vm.info=mixed mode, java.version=1.8.0_242, java.ext.dirs=C:\Program Files\AdoptOpenJDK\jdk-8.0.242.08-hotspot\jre\lib\ext;C:\Windows\Sun\Java\lib\ext, sun.boot.class.path=C:\Program Files\AdoptOpenJDK\jdk-8.0.242.08-hotspot\jre\lib\resources.jar;C:\Program Files\AdoptOpenJDK\jdk-8.0.242.08-hotspot\jre\lib\rt.jar;C:\Program Files\AdoptOpenJDK\jdk-8.0.242.08-hotspot\jre\lib\sunrsasign.jar;C:\Program Files\AdoptOpenJDK\jdk-8.0.242.08-hotspot\jre\lib\jsse.jar;C:\Program Files\AdoptOpenJDK\jdk-8.0.242.08-hotspot\jre\lib\jce.jar;C:\Program Files\AdoptOpenJDK\jdk-8.0.242.08-hotspot\jre\lib\charsets.jar;C:\Program Files\AdoptOpenJDK\jdk-8.0.242.08-hotspot\jre\lib\jfr.jar;C:\Program Files\AdoptOpenJDK\jdk-8.0.242.08-hotspot\jre\classes, java.vendor=AdoptOpenJDK, org.gradle.test.worker=1, file.separator=\, java.vendor.url.bug=http://bugreport.sun.com/bugreport/, sun.io.unicode.encoding=UnicodeLittle, sun.cpu.endian=little, sun.desktop=windows, sun.cpu.isalist=amd64}}, SystemEnvironmentPropertySource@14536938 {name='systemEnvironment', properties={USERDOMAIN_ROAMINGPROFILE=DESKTOP-U7U4TE6, PROCESSOR_LEVEL=6, VS140COMNTOOLS=C:\Program Files (x86)\Microsoft Visual Studio 14.0\Common7\Tools\, SESSIONNAME=Console, ALLUSERSPROFILE=C:\ProgramData, PROCESSOR_ARCHITECTURE=AMD64, PSModulePath=C:\Users\jorge\Documents\WindowsPowerShell\Modules;C:\Program Files\WindowsPowerShell\Modules;C:\Windows\system32\WindowsPowerShell\v1.0\Modules, SystemDrive=C:, =ExitCode=00000000, DIRNAME=C:\azure-devops\git\eShopOnContainers\src\Web\WebImapClient\Client\server\, USERNAME=jorge, CMD_LINE_ARGS=b, ProgramFiles(x86)=C:\Program Files (x86), FPS_BROWSER_USER_PROFILE_STRING=Default, APP_HOME=C:\azure-devops\git\eShopOnContainers\src\Web\WebImapClient\Client\server\, PATHEXT=.COM;.EXE;.BAT;.CMD;.VBS;.VBE;.JS;.JSE;.WSF;.WSH;.MSC;.CPL, DriverData=C:\Windows\System32\Drivers\DriverData, OneDriveConsumer=C:\Users\jorge\OneDrive, ProgramData=C:\ProgramData, ProgramW6432=C:\Program Files, HOMEPATH=\Users\jorge, PROCESSOR_IDENTIFIER=Intel64 Family 6 Model 158 Stepping 13, GenuineIntel, ProgramFiles=C:\Program Files, PUBLIC=C:\Users\Public, windir=C:\Windows, =::=::\, _SKIP=2, LOCALAPPDATA=C:\Users\jorge\AppData\Local, ChocolateyLastPathUpdate=132229495750090469, USERDOMAIN=DESKTOP-U7U4TE6, FPS_BROWSER_APP_PROFILE_STRING=Internet Explorer, LOGONSERVER=\\DESKTOP-U7U4TE6, PROMPT=$P$G, OneDrive=C:\Users\jorge\OneDrive, =C:=C:\azure-devops\git\eShopOnContainers\src\Web\WebImapClient\Client\server, APPDATA=C:\Users\jorge\AppData\Roaming, JAVA_EXE=java.exe, ChocolateyInstall=C:\ProgramData\chocolatey, CommonProgramFiles=C:\Program Files\Common Files, Path=C:\Program Files\AdoptOpenJDK\jdk-8.0.242.08-hotspot\bin;C:\Program Files (x86)\Common Files\Oracle\Java\javapath;C:\Python27\;C:\Python27\Scripts;C:\ProgramData\DockerDesktop\version-bin;C:\Program Files\Docker\Docker\Resources\bin;C:\Windows\system32;C:\Windows;C:\Windows\System32\Wbem;C:\Windows\System32\WindowsPowerShell\v1.0\;C:\Windows\System32\OpenSSH\;C:\Program Files (x86)\NVIDIA Corporation\PhysX\Common;C:\Program Files\dotnet\;C:\Program Files\Microsoft SQL Server\130\Tools\Binn\;C:\Program Files\Microsoft SQL Server\Client SDK\ODBC\170\Tools\Binn\;C:\Program Files (x86)\Microsoft SQL Server\150\DTS\Binn\;C:\Program Files\Git\cmd;C:\Program Files (x86)\Microsoft ASP.NET\ASP.NET Web Pages\v1.0\;C:\Program Files\Microsoft SQL Server\110\Tools\Binn\;C:\Windows\system32\config\systemprofile\.dnx\bin;C:\Program Files\Microsoft DNX\Dnvm\;C:\Program Files\nodejs\;C:\ProgramData\chocolatey\bin;C:\Program Files\Microsoft\Web Platform Installer\;C:\Users\jorge\AppData\Local\Microsoft\WindowsApps;C:\Users\jorge\AppData\Local\Programs\Microsoft VS Code\bin;C:\Users\jorge\.dotnet\tools;C:\Users\jorge\AppData\Roaming\npm;C:\Users\jorge\AppData\Local\GitHubDesktop\bin, OS=Windows_NT, COMPUTERNAME=DESKTOP-U7U4TE6, PROCESSOR_REVISION=9e0d, CLASSPATH=C:\azure-devops\git\eShopOnContainers\src\Web\WebImapClient\Client\server\\gradle\wrapper\gradle-wrapper.jar, CommonProgramW6432=C:\Program Files\Common Files, ComSpec=C:\Windows\system32\cmd.exe, APP_BASE_NAME=gradlew, SystemRoot=C:\Windows, TEMP=C:\Users\jorge\AppData\Local\Temp, HOMEDRIVE=C:, USERPROFILE=C:\Users\jorge, TMP=C:\Users\jorge\AppData\Local\Temp, VS110COMNTOOLS=C:\Program Files (x86)\Microsoft Visual Studio 11.0\Common7\Tools\, CommonProgramFiles(x86)=C:\Program Files (x86)\Common Files, NUMBER_OF_PROCESSORS=12}}]
13:25:57.931 [Test worker] DEBUG org.springframework.web.servlet.mvc.method.annotation.RequestMappingHandlerMapping - Looking for request mappings in application context: org.springframework.test.web.servlet.setup.StubWebApplicationContext@59b4def
13:25:57.939 [Test worker] DEBUG org.springframework.web.servlet.mvc.method.annotation.RequestMappingHandlerMapping - 18 request handler methods found on class com.marcnuri.isotope.api.folder.FolderResource: {public org.springframework.http.ResponseEntity com.marcnuri.isotope.api.folder.FolderResource.getMessage(java.lang.String,java.lang.Long)={[/v1/folders/{folderId}/messages/{messageId}],methods=[GET]}, public org.springframework.http.ResponseEntity com.marcnuri.isotope.api.folder.FolderResource.setMessageFlagged(java.lang.String,java.lang.Long,boolean)={[/v1/folders/{folderId}/messages/{messageId}/flagged],methods=[PUT]}, public org.springframework.http.ResponseEntity com.marcnuri.isotope.api.folder.FolderResource.createChildFolder(java.lang.String,java.lang.String)={[/v1/folders/{folderId}],methods=[POST],produces=[application/hal+json]}, public org.springframework.http.ResponseEntity com.marcnuri.isotope.api.folder.FolderResource.deleteAllFolderMessages(java.lang.String)={[/v1/folders/{folderId}/messages],methods=[DELETE]}, public org.springframework.http.ResponseEntity com.marcnuri.isotope.api.folder.FolderResource.moveFolder(java.lang.String,java.lang.String)={[/v1/folders/{folderId}/parent],methods=[PUT],produces=[application/hal+json]}, public org.springframework.http.ResponseEntity com.marcnuri.isotope.api.folder.FolderResource.getMessageRaw(java.lang.String,java.lang.Long)={[/v1/folders/{folderId}/messages/{messageId}/raw],methods=[GET]}, public org.springframework.http.ResponseEntity com.marcnuri.isotope.api.folder.FolderResource.setMessagesSeen(java.lang.String,java.lang.Boolean,java.util.List)={[/v1/folders/{folderId}/messages/seen/{seen}],methods=[PUT]}, public org.springframework.http.ResponseEntity com.marcnuri.isotope.api.folder.FolderResource.getFolders(java.lang.Boolean)={[/v1/folders],methods=[GET],produces=[application/hal+json]}, public org.springframework.http.ResponseEntity com.marcnuri.isotope.api.folder.FolderResource.createRootFolder(java.lang.String)={[/v1/folders],methods=[POST],produces=[application/hal+json]}, public org.springframework.http.ResponseEntity com.marcnuri.isotope.api.folder.FolderResource.deleteMessages(java.lang.String,java.util.List)={[/v1/folders/{folderId}/messages],methods=[DELETE],params=[id]}, public reactor.core.publisher.Flux com.marcnuri.isotope.api.folder.FolderResource.getMessages(java.lang.String,javax.servlet.http.HttpServletResponse)={[/v1/folders/{folderId}/messages],methods=[GET],produces=[text/event-stream]}, public org.springframework.http.ResponseEntity com.marcnuri.isotope.api.folder.FolderResource.preloadMessages(java.lang.String,java.util.List)={[/v1/folders/{folderId}/messages],methods=[GET]}, public org.springframework.http.ResponseEntity com.marcnuri.isotope.api.folder.FolderResource.getAttachment(java.lang.String,java.lang.Long,java.lang.String,java.lang.Boolean,javax.servlet.http.HttpServletResponse)={[/v1/folders/{folderId}/messages/{messageId}/attachments/{id}],methods=[GET]}, public org.springframework.http.ResponseEntity com.marcnuri.isotope.api.folder.FolderResource.deleteFolder(java.lang.String)={[/v1/folders/{folderId}],methods=[DELETE],produces=[application/hal+json]}, public org.springframework.http.ResponseEntity com.marcnuri.isotope.api.folder.FolderResource.moveMessages(java.lang.String,java.lang.String,java.util.List)={[/v1/folders/{fromFolderId}/messages/folder/{toFolderId}],methods=[PUT]}, public org.springframework.http.ResponseEntity com.marcnuri.isotope.api.folder.FolderResource.renameFolder(java.lang.String,java.lang.String)={[/v1/folders/{folderId}/name],methods=[PUT],produces=[application/hal+json]}, public org.springframework.http.ResponseEntity com.marcnuri.isotope.api.folder.FolderResource.moveMessage(java.lang.String,java.lang.Long,java.lang.String)={[/v1/folders/{fromFolderId}/messages/{messageId}/folder/{toFolderId}],methods=[PUT]}, public org.springframework.http.ResponseEntity com.marcnuri.isotope.api.folder.FolderResource.setMessageSeen(java.lang.String,java.lang.Long,boolean)={[/v1/folders/{folderId}/messages/{messageId}/seen],methods=[PUT]}}
13:25:57.939 [Test worker] INFO org.springframework.web.servlet.mvc.method.annotation.RequestMappingHandlerMapping - Mapped "{[/v1/folders/{folderId}/messages/{messageId}],methods=[GET]}" onto public org.springframework.http.ResponseEntity<com.marcnuri.isotope.api.message.MessageWithFolder> com.marcnuri.isotope.api.folder.FolderResource.getMessage(java.lang.String,java.lang.Long)
13:25:57.940 [Test worker] INFO org.springframework.web.servlet.mvc.method.annotation.RequestMappingHandlerMapping - Mapped "{[/v1/folders/{folderId}/messages/{messageId}/flagged],methods=[PUT]}" onto public org.springframework.http.ResponseEntity<java.lang.Void> com.marcnuri.isotope.api.folder.FolderResource.setMessageFlagged(java.lang.String,java.lang.Long,boolean)
13:25:57.940 [Test worker] INFO org.springframework.web.servlet.mvc.method.annotation.RequestMappingHandlerMapping - Mapped "{[/v1/folders/{folderId}],methods=[POST],produces=[application/hal+json]}" onto public org.springframework.http.ResponseEntity<com.marcnuri.isotope.api.folder.Folder> com.marcnuri.isotope.api.folder.FolderResource.createChildFolder(java.lang.String,java.lang.String)
13:25:57.941 [Test worker] INFO org.springframework.web.servlet.mvc.method.annotation.RequestMappingHandlerMapping - Mapped "{[/v1/folders/{folderId}/messages],methods=[DELETE]}" onto public org.springframework.http.ResponseEntity<com.marcnuri.isotope.api.folder.Folder> com.marcnuri.isotope.api.folder.FolderResource.deleteAllFolderMessages(java.lang.String)
13:25:57.941 [Test worker] INFO org.springframework.web.servlet.mvc.method.annotation.RequestMappingHandlerMapping - Mapped "{[/v1/folders/{folderId}/parent],methods=[PUT],produces=[application/hal+json]}" onto public org.springframework.http.ResponseEntity<com.marcnuri.isotope.api.folder.Folder> com.marcnuri.isotope.api.folder.FolderResource.moveFolder(java.lang.String,java.lang.String)
13:25:57.941 [Test worker] INFO org.springframework.web.servlet.mvc.method.annotation.RequestMappingHandlerMapping - Mapped "{[/v1/folders/{folderId}/messages/{messageId}/raw],methods=[GET]}" onto public org.springframework.http.ResponseEntity<java.lang.String> com.marcnuri.isotope.api.folder.FolderResource.getMessageRaw(java.lang.String,java.lang.Long)
13:25:57.941 [Test worker] INFO org.springframework.web.servlet.mvc.method.annotation.RequestMappingHandlerMapping - Mapped "{[/v1/folders/{folderId}/messages/seen/{seen}],methods=[PUT]}" onto public org.springframework.http.ResponseEntity<java.lang.Void> com.marcnuri.isotope.api.folder.FolderResource.setMessagesSeen(java.lang.String,java.lang.Boolean,java.util.List<java.lang.Long>)
13:25:57.942 [Test worker] INFO org.springframework.web.servlet.mvc.method.annotation.RequestMappingHandlerMapping - Mapped "{[/v1/folders],methods=[GET],produces=[application/hal+json]}" onto public org.springframework.http.ResponseEntity<java.util.List<com.marcnuri.isotope.api.folder.Folder>> com.marcnuri.isotope.api.folder.FolderResource.getFolders(java.lang.Boolean)
13:25:57.942 [Test worker] INFO org.springframework.web.servlet.mvc.method.annotation.RequestMappingHandlerMapping - Mapped "{[/v1/folders],methods=[POST],produces=[application/hal+json]}" onto public org.springframework.http.ResponseEntity<java.util.List<com.marcnuri.isotope.api.folder.Folder>> com.marcnuri.isotope.api.folder.FolderResource.createRootFolder(java.lang.String)
13:25:57.942 [Test worker] INFO org.springframework.web.servlet.mvc.method.annotation.RequestMappingHandlerMapping - Mapped "{[/v1/folders/{folderId}/messages],methods=[DELETE],params=[id]}" onto public org.springframework.http.ResponseEntity<com.marcnuri.isotope.api.folder.Folder> com.marcnuri.isotope.api.folder.FolderResource.deleteMessages(java.lang.String,java.util.List<java.lang.Long>)
13:25:57.943 [Test worker] INFO org.springframework.web.servlet.mvc.method.annotation.RequestMappingHandlerMapping - Mapped "{[/v1/folders/{folderId}/messages],methods=[GET],produces=[text/event-stream]}" onto public reactor.core.publisher.Flux<org.springframework.http.codec.ServerSentEvent<java.util.List<com.marcnuri.isotope.api.message.Message>>> com.marcnuri.isotope.api.folder.FolderResource.getMessages(java.lang.String,javax.servlet.http.HttpServletResponse)
13:25:57.943 [Test worker] INFO org.springframework.web.servlet.mvc.method.annotation.RequestMappingHandlerMapping - Mapped "{[/v1/folders/{folderId}/messages],methods=[GET]}" onto public org.springframework.http.ResponseEntity<java.util.List<com.marcnuri.isotope.api.message.Message>> com.marcnuri.isotope.api.folder.FolderResource.preloadMessages(java.lang.String,java.util.List<java.lang.Long>)
13:25:57.943 [Test worker] INFO org.springframework.web.servlet.mvc.method.annotation.RequestMappingHandlerMapping - Mapped "{[/v1/folders/{folderId}/messages/{messageId}/attachments/{id}],methods=[GET]}" onto public org.springframework.http.ResponseEntity<java.lang.Void> com.marcnuri.isotope.api.folder.FolderResource.getAttachment(java.lang.String,java.lang.Long,java.lang.String,java.lang.Boolean,javax.servlet.http.HttpServletResponse)
13:25:57.943 [Test worker] INFO org.springframework.web.servlet.mvc.method.annotation.RequestMappingHandlerMapping - Mapped "{[/v1/folders/{folderId}],methods=[DELETE],produces=[application/hal+json]}" onto public org.springframework.http.ResponseEntity<com.marcnuri.isotope.api.folder.Folder> com.marcnuri.isotope.api.folder.FolderResource.deleteFolder(java.lang.String)
13:25:57.944 [Test worker] INFO org.springframework.web.servlet.mvc.method.annotation.RequestMappingHandlerMapping - Mapped "{[/v1/folders/{fromFolderId}/messages/folder/{toFolderId}],methods=[PUT]}" onto public org.springframework.http.ResponseEntity<java.util.List<com.marcnuri.isotope.api.message.MessageWithFolder>> com.marcnuri.isotope.api.folder.FolderResource.moveMessages(java.lang.String,java.lang.String,java.util.List<java.lang.Long>)
13:25:57.944 [Test worker] INFO org.springframework.web.servlet.mvc.method.annotation.RequestMappingHandlerMapping - Mapped "{[/v1/folders/{folderId}/name],methods=[PUT],produces=[application/hal+json]}" onto public org.springframework.http.ResponseEntity<com.marcnuri.isotope.api.folder.Folder> com.marcnuri.isotope.api.folder.FolderResource.renameFolder(java.lang.String,java.lang.String)
13:25:57.944 [Test worker] INFO org.springframework.web.servlet.mvc.method.annotation.RequestMappingHandlerMapping - Mapped "{[/v1/folders/{fromFolderId}/messages/{messageId}/folder/{toFolderId}],methods=[PUT]}" onto public org.springframework.http.ResponseEntity<java.util.List<com.marcnuri.isotope.api.message.MessageWithFolder>> com.marcnuri.isotope.api.folder.FolderResource.moveMessage(java.lang.String,java.lang.Long,java.lang.String)
13:25:57.945 [Test worker] INFO org.springframework.web.servlet.mvc.method.annotation.RequestMappingHandlerMapping - Mapped "{[/v1/folders/{folderId}/messages/{messageId}/seen],methods=[PUT]}" onto public org.springframework.http.ResponseEntity<java.lang.Void> com.marcnuri.isotope.api.folder.FolderResource.setMessageSeen(java.lang.String,java.lang.Long,boolean)
13:25:57.951 [Test worker] DEBUG org.hibernate.validator.internal.engine.resolver.TraversableResolvers - Cannot find javax.persistence.Persistence on classpath. Assuming non JPA 2 environment. All properties will per default be traversable.
13:25:57.951 [Test worker] DEBUG org.hibernate.validator.messageinterpolation.ResourceBundleMessageInterpolator - Loaded expression factory via original TCCL
13:25:57.951 [Test worker] DEBUG org.hibernate.validator.internal.engine.ConfigurationImpl - Setting custom MessageInterpolator of type org.springframework.validation.beanvalidation.LocaleContextMessageInterpolator
13:25:57.951 [Test worker] DEBUG org.hibernate.validator.internal.engine.ConfigurationImpl - Setting custom ParameterNameProvider of type org.springframework.validation.beanvalidation.LocalValidatorFactoryBean$1
13:25:57.952 [Test worker] DEBUG org.hibernate.validator.internal.xml.config.ValidationXmlParser - Trying to load META-INF/validation.xml for XML based Validator configuration.
13:25:57.952 [Test worker] DEBUG org.hibernate.validator.internal.xml.config.ResourceLoaderHelper - Trying to load META-INF/validation.xml via TCCL
13:25:57.952 [Test worker] DEBUG org.hibernate.validator.internal.xml.config.ResourceLoaderHelper - Trying to load META-INF/validation.xml via Hibernate Validator's class loader
13:25:57.953 [Test worker] DEBUG org.hibernate.validator.internal.xml.config.ValidationXmlParser - No META-INF/validation.xml found. Using annotation based configuration only.
13:25:57.960 [Test worker] DEBUG org.hibernate.validator.internal.engine.ValidatorFactoryImpl - HV000234: Using org.springframework.validation.beanvalidation.LocaleContextMessageInterpolator as ValidatorFactory-scoped message interpolator.
13:25:57.960 [Test worker] DEBUG org.hibernate.validator.internal.engine.ValidatorFactoryImpl - HV000234: Using org.hibernate.validator.internal.engine.resolver.TraverseAllTraversableResolver as ValidatorFactory-scoped traversable resolver.
13:25:57.960 [Test worker] DEBUG org.hibernate.validator.internal.engine.ValidatorFactoryImpl - HV000234: Using org.hibernate.validator.internal.util.ExecutableParameterNameProvider as ValidatorFactory-scoped parameter name provider.
13:25:57.960 [Test worker] DEBUG org.hibernate.validator.internal.engine.ValidatorFactoryImpl - HV000234: Using org.hibernate.validator.internal.engine.DefaultClockProvider as ValidatorFactory-scoped clock provider.
13:25:57.960 [Test worker] DEBUG org.hibernate.validator.internal.engine.ValidatorFactoryImpl - HV000234: Using org.hibernate.validator.internal.engine.scripting.DefaultScriptEvaluatorFactory as ValidatorFactory-scoped script evaluator factory.
13:25:57.961 [Test worker] INFO org.springframework.web.servlet.mvc.method.annotation.RequestMappingHandlerAdapter - Looking for @ControllerAdvice: org.springframework.test.web.servlet.setup.StubWebApplicationContext@59b4def
13:25:57.963 [Test worker] DEBUG org.springframework.web.servlet.mvc.method.annotation.ExceptionHandlerExceptionResolver - Looking for exception mappings: org.springframework.test.web.servlet.setup.StubWebApplicationContext@59b4def
13:25:57.964 [Test worker] DEBUG org.springframework.test.web.servlet.TestDispatcherServlet - Initializing servlet ''
13:25:57.964 [Test worker] INFO org.springframework.mock.web.MockServletContext - Initializing Spring FrameworkServlet ''
13:25:57.964 [Test worker] INFO org.springframework.test.web.servlet.TestDispatcherServlet - FrameworkServlet '': initialization started
13:25:57.964 [Test worker] DEBUG org.springframework.test.web.servlet.TestDispatcherServlet - Unable to locate MultipartResolver with name 'multipartResolver': no multipart request handling provided
13:25:57.964 [Test worker] DEBUG org.springframework.test.web.servlet.TestDispatcherServlet - Using LocaleResolver [org.springframework.web.servlet.i18n.AcceptHeaderLocaleResolver@5835041c]
13:25:57.964 [Test worker] DEBUG org.springframework.test.web.servlet.TestDispatcherServlet - Using ThemeResolver [org.springframework.web.servlet.theme.FixedThemeResolver@60b2914c]
13:25:57.964 [Test worker] DEBUG org.springframework.test.web.servlet.TestDispatcherServlet - Using RequestToViewNameTranslator [org.springframework.web.servlet.view.DefaultRequestToViewNameTranslator@2cdf8ab7]
13:25:57.964 [Test worker] DEBUG org.springframework.test.web.servlet.TestDispatcherServlet - Using FlashMapManager [org.springframework.web.servlet.support.SessionFlashMapManager@55ed8cb7]
13:25:57.964 [Test worker] DEBUG org.springframework.test.web.servlet.TestDispatcherServlet - Published WebApplicationContext of servlet '' as ServletContext attribute with name [org.springframework.web.servlet.FrameworkServlet.CONTEXT.]
13:25:57.964 [Test worker] INFO org.springframework.test.web.servlet.TestDispatcherServlet - FrameworkServlet '': initialization completed in 0 ms
13:25:57.965 [Test worker] DEBUG org.springframework.test.web.servlet.TestDispatcherServlet - Servlet '' configured successfully
13:25:57.965 [Test worker] DEBUG org.springframework.test.web.servlet.TestDispatcherServlet - DispatcherServlet with name '' processing PUT request for [/v1/folders/1337/messages/seen/true]
13:25:57.965 [Test worker] DEBUG org.springframework.web.servlet.mvc.method.annotation.RequestMappingHandlerMapping - Looking up handler method for path /v1/folders/1337/messages/seen/true
13:25:57.967 [Test worker] DEBUG org.springframework.web.servlet.mvc.method.annotation.RequestMappingHandlerMapping - Returning handler method [public org.springframework.http.ResponseEntity<java.lang.Void> com.marcnuri.isotope.api.folder.FolderResource.setMessagesSeen(java.lang.String,java.lang.Boolean,java.util.List<java.lang.Long>)]
13:25:57.979 [Test worker] DEBUG org.springframework.web.servlet.mvc.method.annotation.RequestResponseBodyMethodProcessor - Read [java.util.List<java.lang.Long>] as "application/json" with [org.springframework.http.converter.json.MappingJackson2HttpMessageConverter@679fde5]
13:25:57.982 [Test worker] DEBUG com.marcnuri.isotope.api.folder.FolderResource - Setting 1 messages in folder 1337 seen attribute to true
13:25:57.982 [Test worker] DEBUG org.springframework.beans.factory.support.DefaultListableBeanFactory - Returning cached instance of singleton bean 'prototypeImapService'
13:25:57.987 [Test worker] DEBUG org.springframework.test.web.servlet.TestDispatcherServlet - Null ModelAndView returned to DispatcherServlet with name '': assuming HandlerAdapter completed request handling
13:25:57.987 [Test worker] DEBUG org.springframework.test.web.servlet.TestDispatcherServlet - Successfully completed request
13:25:57.988 [Test worker] DEBUG org.springframework.test.context.cache.DefaultCacheAwareContextLoaderDelegate - Retrieved ApplicationContext from cache with key [[MergedContextConfiguration@6692e92d testClass = FolderResourceTest, locations = '{}', classes = '{class com.marcnuri.isotope.api.folder.FolderResource}', contextInitializerClasses = '[]', activeProfiles = '{}', propertySourceLocations = '{}', propertySourceProperties = '{}', contextCustomizers = set[org.springframework.boot.test.autoconfigure.properties.PropertyMappingContextCustomizer@0, org.springframework.boot.test.autoconfigure.web.servlet.WebDriverContextCustomizerFactory$Customizer@2dc9ad67, org.springframework.boot.test.context.filter.ExcludeFilterContextCustomizer@7975bbf7, org.springframework.boot.test.json.DuplicateJsonObjectContextCustomizerFactory$DuplicateJsonObjectContextCustomizer@2dd9ed03, org.springframework.boot.test.mock.mockito.MockitoContextCustomizer@570072aa], contextLoader = 'org.springframework.test.context.support.DelegatingSmartContextLoader', parent = [null]]]
13:25:57.988 [Test worker] DEBUG org.springframework.test.context.cache - Spring test ApplicationContext cache statistics: [DefaultContextCache@10c13e31 size = 2, maxSize = 32, parentContextCount = 0, hitCount = 62, missCount = 2]
13:25:57.988 [Test worker] DEBUG org.springframework.beans.factory.support.DefaultListableBeanFactory - Returning cached instance of singleton bean 'org.springframework.boot.test.mock.mockito.MockitoBeans'
13:25:57.988 [Test worker] DEBUG org.springframework.test.context.cache.DefaultCacheAwareContextLoaderDelegate - Retrieved ApplicationContext from cache with key [[MergedContextConfiguration@6692e92d testClass = FolderResourceTest, locations = '{}', classes = '{class com.marcnuri.isotope.api.folder.FolderResource}', contextInitializerClasses = '[]', activeProfiles = '{}', propertySourceLocations = '{}', propertySourceProperties = '{}', contextCustomizers = set[org.springframework.boot.test.autoconfigure.properties.PropertyMappingContextCustomizer@0, org.springframework.boot.test.autoconfigure.web.servlet.WebDriverContextCustomizerFactory$Customizer@2dc9ad67, org.springframework.boot.test.context.filter.ExcludeFilterContextCustomizer@7975bbf7, org.springframework.boot.test.json.DuplicateJsonObjectContextCustomizerFactory$DuplicateJsonObjectContextCustomizer@2dd9ed03, org.springframework.boot.test.mock.mockito.MockitoContextCustomizer@570072aa], contextLoader = 'org.springframework.test.context.support.DelegatingSmartContextLoader', parent = [null]]]
13:25:57.988 [Test worker] DEBUG org.springframework.test.context.cache - Spring test ApplicationContext cache statistics: [DefaultContextCache@10c13e31 size = 2, maxSize = 32, parentContextCount = 0, hitCount = 63, missCount = 2]
13:25:57.988 [Test worker] DEBUG org.springframework.test.context.cache.DefaultCacheAwareContextLoaderDelegate - Retrieved ApplicationContext from cache with key [[MergedContextConfiguration@6692e92d testClass = FolderResourceTest, locations = '{}', classes = '{class com.marcnuri.isotope.api.folder.FolderResource}', contextInitializerClasses = '[]', activeProfiles = '{}', propertySourceLocations = '{}', propertySourceProperties = '{}', contextCustomizers = set[org.springframework.boot.test.autoconfigure.properties.PropertyMappingContextCustomizer@0, org.springframework.boot.test.autoconfigure.web.servlet.WebDriverContextCustomizerFactory$Customizer@2dc9ad67, org.springframework.boot.test.context.filter.ExcludeFilterContextCustomizer@7975bbf7, org.springframework.boot.test.json.DuplicateJsonObjectContextCustomizerFactory$DuplicateJsonObjectContextCustomizer@2dd9ed03, org.springframework.boot.test.mock.mockito.MockitoContextCustomizer@570072aa], contextLoader = 'org.springframework.test.context.support.DelegatingSmartContextLoader', parent = [null]]]
13:25:57.988 [Test worker] DEBUG org.springframework.test.context.cache - Spring test ApplicationContext cache statistics: [DefaultContextCache@10c13e31 size = 2, maxSize = 32, parentContextCount = 0, hitCount = 64, missCount = 2]
13:25:57.989 [Test worker] DEBUG reactor.core.publisher.Hooks - Reset to factory defaults : onLastOperator
13:25:57.989 [Test worker] DEBUG org.springframework.test.context.support.AbstractDirtiesContextTestExecutionListener - After test method: context [DefaultTestContext@2ff6fc48 testClass = FolderResourceTest, testInstance = com.marcnuri.isotope.api.folder.FolderResourceTest@39828c2a, testMethod = setMessagesSeen_validFolderAndMessages_shouldReturnNoContent@FolderResourceTest, testException = [null], mergedContextConfiguration = [MergedContextConfiguration@6692e92d testClass = FolderResourceTest, locations = '{}', classes = '{class com.marcnuri.isotope.api.folder.FolderResource}', contextInitializerClasses = '[]', activeProfiles = '{}', propertySourceLocations = '{}', propertySourceProperties = '{}', contextCustomizers = set[org.springframework.boot.test.autoconfigure.properties.PropertyMappingContextCustomizer@0, org.springframework.boot.test.autoconfigure.web.servlet.WebDriverContextCustomizerFactory$Customizer@2dc9ad67, org.springframework.boot.test.context.filter.ExcludeFilterContextCustomizer@7975bbf7, org.springframework.boot.test.json.DuplicateJsonObjectContextCustomizerFactory$DuplicateJsonObjectContextCustomizer@2dd9ed03, org.springframework.boot.test.mock.mockito.MockitoContextCustomizer@570072aa], contextLoader = 'org.springframework.test.context.support.DelegatingSmartContextLoader', parent = [null]], attributes = map[[empty]]], class annotated with @DirtiesContext [false] with mode [null], method annotated with @DirtiesContext [false] with mode [null].
13:25:57.990 [Test worker] DEBUG org.springframework.test.annotation.ProfileValueUtils - Retrieved @ProfileValueSourceConfiguration [null] for test class [com.marcnuri.isotope.api.folder.FolderResourceTest]
13:25:57.990 [Test worker] DEBUG org.springframework.test.annotation.ProfileValueUtils - Retrieved ProfileValueSource type [class org.springframework.test.annotation.SystemProfileValueSource] for class [com.marcnuri.isotope.api.folder.FolderResourceTest]
13:25:57.990 [Test worker] DEBUG org.springframework.test.context.cache.DefaultCacheAwareContextLoaderDelegate - Retrieved ApplicationContext from cache with key [[MergedContextConfiguration@6692e92d testClass = FolderResourceTest, locations = '{}', classes = '{class com.marcnuri.isotope.api.folder.FolderResource}', contextInitializerClasses = '[]', activeProfiles = '{}', propertySourceLocations = '{}', propertySourceProperties = '{}', contextCustomizers = set[org.springframework.boot.test.autoconfigure.properties.PropertyMappingContextCustomizer@0, org.springframework.boot.test.autoconfigure.web.servlet.WebDriverContextCustomizerFactory$Customizer@2dc9ad67, org.springframework.boot.test.context.filter.ExcludeFilterContextCustomizer@7975bbf7, org.springframework.boot.test.json.DuplicateJsonObjectContextCustomizerFactory$DuplicateJsonObjectContextCustomizer@2dd9ed03, org.springframework.boot.test.mock.mockito.MockitoContextCustomizer@570072aa], contextLoader = 'org.springframework.test.context.support.DelegatingSmartContextLoader', parent = [null]]]
13:25:57.991 [Test worker] DEBUG org.springframework.test.context.cache - Spring test ApplicationContext cache statistics: [DefaultContextCache@10c13e31 size = 2, maxSize = 32, parentContextCount = 0, hitCount = 65, missCount = 2]
13:25:57.991 [Test worker] DEBUG org.springframework.beans.factory.support.DefaultListableBeanFactory - Returning cached instance of singleton bean 'org.springframework.boot.test.mock.mockito.MockitoPostProcessor'
13:25:57.991 [Test worker] DEBUG org.springframework.beans.factory.support.DefaultListableBeanFactory - Returning cached instance of singleton bean 'prototypeImapService'
13:25:57.991 [Test worker] DEBUG org.springframework.test.context.support.DependencyInjectionTestExecutionListener - Performing dependency injection for test context [[DefaultTestContext@2ff6fc48 testClass = FolderResourceTest, testInstance = com.marcnuri.isotope.api.folder.FolderResourceTest@3ef974b0, testMethod = [null], testException = [null], mergedContextConfiguration = [MergedContextConfiguration@6692e92d testClass = FolderResourceTest, locations = '{}', classes = '{class com.marcnuri.isotope.api.folder.FolderResource}', contextInitializerClasses = '[]', activeProfiles = '{}', propertySourceLocations = '{}', propertySourceProperties = '{}', contextCustomizers = set[org.springframework.boot.test.autoconfigure.properties.PropertyMappingContextCustomizer@0, org.springframework.boot.test.autoconfigure.web.servlet.WebDriverContextCustomizerFactory$Customizer@2dc9ad67, org.springframework.boot.test.context.filter.ExcludeFilterContextCustomizer@7975bbf7, org.springframework.boot.test.json.DuplicateJsonObjectContextCustomizerFactory$DuplicateJsonObjectContextCustomizer@2dd9ed03, org.springframework.boot.test.mock.mockito.MockitoContextCustomizer@570072aa], contextLoader = 'org.springframework.test.context.support.DelegatingSmartContextLoader', parent = [null]], attributes = map[[empty]]]].
13:25:57.991 [Test worker] DEBUG org.springframework.test.context.cache.DefaultCacheAwareContextLoaderDelegate - Retrieved ApplicationContext from cache with key [[MergedContextConfiguration@6692e92d testClass = FolderResourceTest, locations = '{}', classes = '{class com.marcnuri.isotope.api.folder.FolderResource}', contextInitializerClasses = '[]', activeProfiles = '{}', propertySourceLocations = '{}', propertySourceProperties = '{}', contextCustomizers = set[org.springframework.boot.test.autoconfigure.properties.PropertyMappingContextCustomizer@0, org.springframework.boot.test.autoconfigure.web.servlet.WebDriverContextCustomizerFactory$Customizer@2dc9ad67, org.springframework.boot.test.context.filter.ExcludeFilterContextCustomizer@7975bbf7, org.springframework.boot.test.json.DuplicateJsonObjectContextCustomizerFactory$DuplicateJsonObjectContextCustomizer@2dd9ed03, org.springframework.boot.test.mock.mockito.MockitoContextCustomizer@570072aa], contextLoader = 'org.springframework.test.context.support.DelegatingSmartContextLoader', parent = [null]]]
13:25:57.991 [Test worker] DEBUG org.springframework.test.context.cache - Spring test ApplicationContext cache statistics: [DefaultContextCache@10c13e31 size = 2, maxSize = 32, parentContextCount = 0, hitCount = 66, missCount = 2]
13:25:57.991 [Test worker] DEBUG org.springframework.beans.factory.annotation.InjectionMetadata - Processing injected element of bean 'com.marcnuri.isotope.api.folder.FolderResourceTest': AutowiredFieldElement for private com.marcnuri.isotope.api.folder.FolderResource com.marcnuri.isotope.api.folder.FolderResourceTest.folderResource
13:25:57.991 [Test worker] DEBUG org.springframework.beans.factory.support.DefaultListableBeanFactory - Returning cached instance of singleton bean 'folderResource'
13:25:57.992 [Test worker] DEBUG org.springframework.test.context.support.AbstractDirtiesContextTestExecutionListener - Before test method: context [DefaultTestContext@2ff6fc48 testClass = FolderResourceTest, testInstance = com.marcnuri.isotope.api.folder.FolderResourceTest@3ef974b0, testMethod = deleteAllFolderMessages_validFolderAndValidIds_shouldReturnOk@FolderResourceTest, testException = [null], mergedContextConfiguration = [MergedContextConfiguration@6692e92d testClass = FolderResourceTest, locations = '{}', classes = '{class com.marcnuri.isotope.api.folder.FolderResource}', contextInitializerClasses = '[]', activeProfiles = '{}', propertySourceLocations = '{}', propertySourceProperties = '{}', contextCustomizers = set[org.springframework.boot.test.autoconfigure.properties.PropertyMappingContextCustomizer@0, org.springframework.boot.test.autoconfigure.web.servlet.WebDriverContextCustomizerFactory$Customizer@2dc9ad67, org.springframework.boot.test.context.filter.ExcludeFilterContextCustomizer@7975bbf7, org.springframework.boot.test.json.DuplicateJsonObjectContextCustomizerFactory$DuplicateJsonObjectContextCustomizer@2dd9ed03, org.springframework.boot.test.mock.mockito.MockitoContextCustomizer@570072aa], contextLoader = 'org.springframework.test.context.support.DelegatingSmartContextLoader', parent = [null]], attributes = map[[empty]]], class annotated with @DirtiesContext [false] with mode [null], method annotated with @DirtiesContext [false] with mode [null].
13:25:57.992 [Test worker] DEBUG reactor.core.publisher.Hooks - Hooking onLastOperator: reactor.core.publisher.Operators$LiftFunction@548e56d7
13:25:57.992 [Test worker] DEBUG org.springframework.test.context.cache.DefaultCacheAwareContextLoaderDelegate - Retrieved ApplicationContext from cache with key [[MergedContextConfiguration@6692e92d testClass = FolderResourceTest, locations = '{}', classes = '{class com.marcnuri.isotope.api.folder.FolderResource}', contextInitializerClasses = '[]', activeProfiles = '{}', propertySourceLocations = '{}', propertySourceProperties = '{}', contextCustomizers = set[org.springframework.boot.test.autoconfigure.properties.PropertyMappingContextCustomizer@0, org.springframework.boot.test.autoconfigure.web.servlet.WebDriverContextCustomizerFactory$Customizer@2dc9ad67, org.springframework.boot.test.context.filter.ExcludeFilterContextCustomizer@7975bbf7, org.springframework.boot.test.json.DuplicateJsonObjectContextCustomizerFactory$DuplicateJsonObjectContextCustomizer@2dd9ed03, org.springframework.boot.test.mock.mockito.MockitoContextCustomizer@570072aa], contextLoader = 'org.springframework.test.context.support.DelegatingSmartContextLoader', parent = [null]]]
13:25:57.993 [Test worker] DEBUG org.springframework.test.context.cache - Spring test ApplicationContext cache statistics: [DefaultContextCache@10c13e31 size = 2, maxSize = 32, parentContextCount = 0, hitCount = 67, missCount = 2]
13:25:57.993 [Test worker] DEBUG org.springframework.beans.factory.support.DefaultListableBeanFactory - Returning cached instance of singleton bean 'org.springframework.boot.test.mock.mockito.MockitoBeans'
13:25:57.993 [Test worker] DEBUG org.springframework.core.env.StandardEnvironment - Adding PropertySource 'systemProperties' with lowest search precedence
13:25:57.993 [Test worker] DEBUG org.springframework.core.env.StandardEnvironment - Adding PropertySource 'systemEnvironment' with lowest search precedence
13:25:57.993 [Test worker] DEBUG org.springframework.core.env.StandardEnvironment - Initialized StandardEnvironment with PropertySources [MapPropertySource@743652780 {name='systemProperties', properties={java.runtime.name=OpenJDK Runtime Environment, sun.boot.library.path=C:\Program Files\AdoptOpenJDK\jdk-8.0.242.08-hotspot\jre\bin, java.vm.version=25.242-b08, java.vm.vendor=, java.vendor.url=http://java.oracle.com/, path.separator=;, java.vm.name=OpenJDK 64-Bit Server VM, file.encoding.pkg=sun.io, user.script=, sun.java.launcher=SUN_STANDARD, user.country=GB, sun.os.patch.level=, java.vm.specification.name=Java Virtual Machine Specification, user.dir=C:\azure-devops\git\eShopOnContainers\src\Web\WebImapClient\Client\server, java.runtime.version=1.8.0_242-b08, java.awt.graphicsenv=sun.awt.Win32GraphicsEnvironment, java.endorsed.dirs=C:\Program Files\AdoptOpenJDK\jdk-8.0.242.08-hotspot\jre\lib\endorsed, os.arch=amd64, java.io.tmpdir=C:\Users\jorge\AppData\Local\Temp\, line.separator=
, java.vm.specification.vendor=Oracle Corporation, user.variant=, os.name=Windows 10, sun.jnu.encoding=Cp1252, java.library.path=C:\Program Files\AdoptOpenJDK\jdk-8.0.242.08-hotspot\bin;C:\Windows\Sun\Java\bin;C:\Windows\system32;C:\Windows;C:\Program Files\AdoptOpenJDK\jdk-8.0.242.08-hotspot\bin;C:\Program Files (x86)\Common Files\Oracle\Java\javapath;C:\Python27\;C:\Python27\Scripts;C:\ProgramData\DockerDesktop\version-bin;C:\Program Files\Docker\Docker\Resources\bin;C:\Windows\system32;C:\Windows;C:\Windows\System32\Wbem;C:\Windows\System32\WindowsPowerShell\v1.0\;C:\Windows\System32\OpenSSH\;C:\Program Files (x86)\NVIDIA Corporation\PhysX\Common;C:\Program Files\dotnet\;C:\Program Files\Microsoft SQL Server\130\Tools\Binn\;C:\Program Files\Microsoft SQL Server\Client SDK\ODBC\170\Tools\Binn\;C:\Program Files (x86)\Microsoft SQL Server\150\DTS\Binn\;C:\Program Files\Git\cmd;C:\Program Files (x86)\Microsoft ASP.NET\ASP.NET Web Pages\v1.0\;C:\Program Files\Microsoft SQL Server\110\Tools\Binn\;C:\Windows\system32\config\systemprofile\.dnx\bin;C:\Program Files\Microsoft DNX\Dnvm\;C:\Program Files\nodejs\;C:\ProgramData\chocolatey\bin;C:\Program Files\Microsoft\Web Platform Installer\;C:\Users\jorge\AppData\Local\Microsoft\WindowsApps;C:\Users\jorge\AppData\Local\Programs\Microsoft VS Code\bin;C:\Users\jorge\.dotnet\tools;C:\Users\jorge\AppData\Roaming\npm;C:\Users\jorge\AppData\Local\GitHubDesktop\bin;., java.specification.name=Java Platform API Specification, java.class.version=52.0, org.gradle.native=false, sun.management.compiler=HotSpot 64-Bit Tiered Compilers, os.version=10.0, user.home=C:\Users\jorge, user.timezone=Europe/Paris, java.awt.printerjob=sun.awt.windows.WPrinterJob, file.encoding=windows-1252, java.specification.version=1.8, java.class.path=C:\azure-devops\git\eShopOnContainers\src\Web\WebImapClient\Client\server\build\classes\java\test;C:\azure-devops\git\eShopOnContainers\src\Web\WebImapClient\Client\server\build\resources\test;C:\azure-devops\git\eShopOnContainers\src\Web\WebImapClient\Client\server\build\classes\java\main;C:\azure-devops\git\eShopOnContainers\src\Web\WebImapClient\Client\server\build\resources\main;C:\Users\jorge\.gradle\caches\modules-2\files-2.1\org.springframework.boot\spring-boot-starter-actuator\2.0.4.RELEASE\24e901473279d9c18e0a0f8037d58b18c8297dca\spring-boot-starter-actuator-2.0.4.RELEASE.jar;C:\Users\jorge\.gradle\caches\modules-2\files-2.1\org.springframework.boot\spring-boot-starter-security\2.0.4.RELEASE\2ac314e5985fd9ae0d2acaea450f4f6c3dbd7f92\spring-boot-starter-security-2.0.4.RELEASE.jar;C:\Users\jorge\.gradle\caches\modules-2\files-2.1\org.springframework.boot\spring-boot-starter-webflux\2.0.4.RELEASE\a52fcd02fb6129e14f2b4b36acc5748368563c93\spring-boot-starter-webflux-2.0.4.RELEASE.jar;C:\Users\jorge\.gradle\caches\modules-2\files-2.1\org.springframework.boot\spring-boot-starter-test\2.0.4.RELEASE\8f473705d2742b669f0318f10a956f94a93ba3d2\spring-boot-starter-test-2.0.4.RELEASE.jar;C:\Users\jorge\.gradle\caches\modules-2\files-2.1\org.springframework.boot\spring-boot-starter-hateoas\2.0.4.RELEASE\2f115bebeffea81859c6d874457fa8db16b10747\spring-boot-starter-hateoas-2.0.4.RELEASE.jar;C:\Users\jorge\.gradle\caches\modules-2\files-2.1\org.springframework.boot\spring-boot-starter-web\2.0.4.RELEASE\98d49e981ecf804da877d84259b7b0d1ec2fb6f6\spring-boot-starter-web-2.0.4.RELEASE.jar;C:\Users\jorge\.gradle\caches\modules-2\files-2.1\org.springframework.boot\spring-boot-starter-json\2.0.4.RELEASE\c7afabf0d7c85db178da4ce0634e3bd2ddb0eb71\spring-boot-starter-json-2.0.4.RELEASE.jar;C:\Users\jorge\.gradle\caches\modules-2\files-2.1\org.springframework.boot\spring-boot-starter\2.0.4.RELEASE\ec46c63a2adeee40058eff1a6baefca13975dc94\spring-boot-starter-2.0.4.RELEASE.jar;C:\Users\jorge\.gradle\caches\modules-2\files-2.1\com.sun.mail\javax.mail\1.6.1\757ba4630692bb2a1ec2d9d57a616b63f15e947e\javax.mail-1.6.1.jar;C:\Users\jorge\.gradle\caches\modules-2\files-2.1\org.springframework.boot\spring-boot-actuator-autoconfigure\2.0.4.RELEASE\2cadc1d20a1f9ee667a608cfee154138e954f5f2\spring-boot-actuator-autoconfigure-2.0.4.RELEASE.jar;C:\Users\jorge\.gradle\caches\modules-2\files-2.1\com.fasterxml.jackson.datatype\jackson-datatype-jsr310\2.9.6\ea54f6193d224e5e5732bbd4262327eb465397c2\jackson-datatype-jsr310-2.9.6.jar;C:\Users\jorge\.gradle\caches\modules-2\files-2.1\commons-io\commons-io\2.6\815893df5f31da2ece4040fe0a12fd44b577afaf\commons-io-2.6.jar;C:\Users\jorge\.gradle\caches\modules-2\files-2.1\org.springframework.security\spring-security-test\5.0.7.RELEASE\a74c9ab10d53baa3bb7a731753fe0c6d9ab9d848\spring-security-test-5.0.7.RELEASE.jar;C:\Users\jorge\.gradle\caches\modules-2\files-2.1\com.marcnuri\spring-common-test\0.0.2\da9c2c5e849c7dcbbe99d190bedffa5e6fe450a5\spring-common-test-0.0.2.jar;C:\Users\jorge\.gradle\caches\modules-2\files-2.1\org.hamcrest\java-hamcrest\2.0.0.0\f1c8853ade0ecf707f5a261c830e98893983813\java-hamcrest-2.0.0.0.jar;C:\Users\jorge\.gradle\caches\modules-2\files-2.1\org.powermock\powermock-module-junit4\2.0.0-RC.3\b9a04b492e2b93e93617ba457f76aebbf00fc221\powermock-module-junit4-2.0.0-RC.3.jar;C:\Users\jorge\.gradle\caches\modules-2\files-2.1\org.powermock\powermock-api-mockito2\2.0.0-RC.3\f85a8404be063ef15c5fdd3745b11d2fba875fcd\powermock-api-mockito2-2.0.0-RC.3.jar;C:\Users\jorge\.gradle\caches\modules-2\files-2.1\org.springframework.boot\spring-boot-test-autoconfigure\2.0.4.RELEASE\8a2e3f31e607fdb08deda2f59263ce177f1c4310\spring-boot-test-autoconfigure-2.0.4.RELEASE.jar;C:\Users\jorge\.gradle\caches\modules-2\files-2.1\org.springframework.boot\spring-boot-test\2.0.4.RELEASE\8a17fc3cf16b6d75f2ba132ade04409a670095de\spring-boot-test-2.0.4.RELEASE.jar;C:\Users\jorge\.gradle\caches\modules-2\files-2.1\org.springframework.boot\spring-boot-autoconfigure\2.0.4.RELEASE\65cd1244d606acc02ab7bfc47a203a3fe2400dda\spring-boot-autoconfigure-2.0.4.RELEASE.jar;C:\Users\jorge\.gradle\caches\modules-2\files-2.1\org.springframework.boot\spring-boot-actuator\2.0.4.RELEASE\9c02c968eb50a7cdc14fc4c7b586d767df6dc48d\spring-boot-actuator-2.0.4.RELEASE.jar;C:\Users\jorge\.gradle\caches\modules-2\files-2.1\org.springframework.boot\spring-boot\2.0.4.RELEASE\c8619c5b06d4dcdb4cac1e5e9c839e6e8b1c8574\spring-boot-2.0.4.RELEASE.jar;C:\Users\jorge\.gradle\caches\modules-2\files-2.1\org.springframework.boot\spring-boot-starter-logging\2.0.4.RELEASE\dcd1a2c431c970f44adae64d9145133979a513ab\spring-boot-starter-logging-2.0.4.RELEASE.jar;C:\Users\jorge\.gradle\caches\modules-2\files-2.1\org.springframework.boot\spring-boot-starter-tomcat\2.0.4.RELEASE\dcf28989a34b0801fea0e810c371fb9dab1e7784\spring-boot-starter-tomcat-2.0.4.RELEASE.jar;C:\Users\jorge\.gradle\caches\modules-2\files-2.1\javax.annotation\javax.annotation-api\1.3.2\934c04d3cfef185a8008e7bf34331b79730a9d43\javax.annotation-api-1.3.2.jar;C:\Users\jorge\.gradle\caches\modules-2\files-2.1\org.springframework.security\spring-security-config\5.0.7.RELEASE\d702e01048687db4ec6c97fb32d28ffbe348b3e\spring-security-config-5.0.7.RELEASE.jar;C:\Users\jorge\.gradle\caches\modules-2\files-2.1\org.springframework.security\spring-security-web\5.0.7.RELEASE\bab3ed579d4550bb5cc40b0a7fddd0106db7c66\spring-security-web-5.0.7.RELEASE.jar;C:\Users\jorge\.gradle\caches\modules-2\files-2.1\org.springframework.hateoas\spring-hateoas\0.25.0.RELEASE\22d1abd575426709734ab83e7d81d6deb4addbf6\spring-hateoas-0.25.0.RELEASE.jar;C:\Users\jorge\.gradle\caches\modules-2\files-2.1\org.springframework\spring-webflux\5.0.8.RELEASE\d16ce1cf6f95771e821619d6ef13c1f0333fafb\spring-webflux-5.0.8.RELEASE.jar;C:\Users\jorge\.gradle\caches\modules-2\files-2.1\org.springframework\spring-webmvc\5.0.8.RELEASE\7e5fe57590ca8e4468e50fe1d92b0b67aa4a327a\spring-webmvc-5.0.8.RELEASE.jar;C:\Users\jorge\.gradle\caches\modules-2\files-2.1\org.springframework\spring-web\5.0.8.RELEASE\fa43cdadb4ab2491fd1d0ddb06c0808e4b60fc85\spring-web-5.0.8.RELEASE.jar;C:\Users\jorge\.gradle\caches\modules-2\files-2.1\org.springframework\spring-test\5.0.8.RELEASE\5782619373bd7e7b7d9106203c317b04bb613ebb\spring-test-5.0.8.RELEASE.jar;C:\Users\jorge\.gradle\caches\modules-2\files-2.1\org.springframework.security\spring-security-core\5.0.7.RELEASE\40a0c57af6b4c3f8c611216d2579c6ab19672694\spring-security-core-5.0.7.RELEASE.jar;C:\Users\jorge\.gradle\caches\modules-2\files-2.1\org.springframework.plugin\spring-plugin-core\1.2.0.RELEASE\f380e7760032e7d929184f8ad8a33716b75c0657\spring-plugin-core-1.2.0.RELEASE.jar;C:\Users\jorge\.gradle\caches\modules-2\files-2.1\org.springframework\spring-context\5.0.8.RELEASE\3a067d8990761111c9b6d1d895640be26cc1fb38\spring-context-5.0.8.RELEASE.jar;C:\Users\jorge\.gradle\caches\modules-2\files-2.1\org.springframework\spring-aop\5.0.8.RELEASE\f5086c1a3185c481104511837427b39a07a57aa2\spring-aop-5.0.8.RELEASE.jar;C:\Users\jorge\.gradle\caches\modules-2\files-2.1\org.springframework\spring-beans\5.0.8.RELEASE\5fc965d3e7f5515099244857a8ae9e2a208c169b\spring-beans-5.0.8.RELEASE.jar;C:\Users\jorge\.gradle\caches\modules-2\files-2.1\org.springframework\spring-expression\5.0.8.RELEASE\f23158f22c917df2cddf2ecebc398a9e95f95fae\spring-expression-5.0.8.RELEASE.jar;C:\Users\jorge\.gradle\caches\modules-2\files-2.1\org.springframework\spring-core\5.0.8.RELEASE\dc39c49e3246cdf73d3786ac41119140aed3fa08\spring-core-5.0.8.RELEASE.jar;C:\Users\jorge\.gradle\caches\modules-2\files-2.1\org.yaml\snakeyaml\1.19\2d998d3d674b172a588e54ab619854d073f555b5\snakeyaml-1.19.jar;C:\Users\jorge\.gradle\caches\modules-2\files-2.1\io.micrometer\micrometer-core\1.0.6\50299bc8a34c251d62311bbb1a297f3942a82e42\micrometer-core-1.0.6.jar;C:\Users\jorge\.gradle\caches\modules-2\files-2.1\org.springframework.boot\spring-boot-starter-reactor-netty\2.0.4.RELEASE\ed4ac88f7fc699a9cbb6ee804a26e2e30239ca35\spring-boot-starter-reactor-netty-2.0.4.RELEASE.jar;C:\Users\jorge\.gradle\caches\modules-2\files-2.1\org.hibernate.validator\hibernate-validator\6.0.11.Final\36f9d10a11e4768f55e8fb91ebe4338a5c43954e\hibernate-validator-6.0.11.Final.jar;C:\Users\jorge\.gradle\caches\modules-2\files-2.1\org.synchronoss.cloud\nio-multipart-parser\1.1.0\c6c417fec6612584b1c34d4dd98c5a4e47e8c754\nio-multipart-parser-1.1.0.jar;C:\Users\jorge\.gradle\caches\modules-2\files-2.1\javax.activation\activation\1.1\e6cb541461c2834bdea3eb920f1884d1eb508b50\activation-1.1.jar;C:\Users\jorge\.gradle\caches\modules-2\files-2.1\com.fasterxml.jackson.datatype\jackson-datatype-jdk8\2.9.6\456895fc91bf7180b216fead220373e6278230c9\jackson-datatype-jdk8-2.9.6.jar;C:\Users\jorge\.gradle\caches\modules-2\files-2.1\com.fasterxml.jackson.module\jackson-module-parameter-names\2.9.6\129acd77a4b6ee30d62d3a0899b1344c8ec2bff8\jackson-module-parameter-names-2.9.6.jar;C:\Users\jorge\.gradle\caches\modules-2\files-2.1\com.fasterxml.jackson.core\jackson-databind\2.9.6\cfa4f316351a91bfd95cb0644c6a2c95f52db1fc\jackson-databind-2.9.6.jar;C:\Users\jorge\.gradle\caches\modules-2\files-2.1\com.fasterxml.jackson.core\jackson-annotations\2.9.0\7c10d545325e3a6e72e06381afe469fd40eb701\jackson-annotations-2.9.0.jar;C:\Users\jorge\.gradle\caches\modules-2\files-2.1\com.fasterxml.jackson.core\jackson-core\2.9.6\4e393793c37c77e042ccc7be5a914ae39251b365\jackson-core-2.9.6.jar;C:\Users\jorge\.gradle\caches\modules-2\files-2.1\com.jayway.jsonpath\json-path\2.4.0\765a4401ceb2dc8d40553c2075eb80a8fa35c2ae\json-path-2.4.0.jar;C:\Users\jorge\.gradle\caches\modules-2\files-2.1\org.powermock\powermock-module-junit4-common\2.0.0-RC.3\f09137abdf1aeea2df214037eab50ed864602c9a\powermock-module-junit4-common-2.0.0-RC.3.jar;C:\Users\jorge\.gradle\caches\modules-2\files-2.1\junit\junit\4.12\2973d150c0dc1fefe998f834810d68f278ea58ec\junit-4.12.jar;C:\Users\jorge\.gradle\caches\modules-2\files-2.1\org.assertj\assertj-core\3.9.1\c5ce126b15f28d56cd8f960c1a6a058b9c9aea87\assertj-core-3.9.1.jar;C:\Users\jorge\.gradle\caches\modules-2\files-2.1\org.mockito\mockito-core\2.15.0\b84bfbbc29cd22c9529409627af6ea2897f4fa85\mockito-core-2.15.0.jar;C:\Users\jorge\.gradle\caches\modules-2\files-2.1\org.hamcrest\hamcrest-library\1.3\4785a3c21320980282f9f33d0d1264a69040538f\hamcrest-library-1.3.jar;C:\Users\jorge\.gradle\caches\modules-2\files-2.1\org.hamcrest\hamcrest-core\1.3\42a25dc3219429f0e5d060061f71acb49bf010a0\hamcrest-core-1.3.jar;C:\Users\jorge\.gradle\caches\modules-2\files-2.1\org.skyscreamer\jsonassert\1.5.0\6c9d5fe2f59da598d9aefc1cfc6528ff3cf32df3\jsonassert-1.5.0.jar;C:\Users\jorge\.gradle\caches\modules-2\files-2.1\org.xmlunit\xmlunit-core\2.5.1\4ffdb346572a7356f7521cd3119ce5287d2e339d\xmlunit-core-2.5.1.jar;C:\Users\jorge\.gradle\caches\modules-2\files-2.1\org.powermock\powermock-api-support\2.0.0-RC.3\a23d6bdbcf865513c9f6992134152be80504e499\powermock-api-support-2.0.0-RC.3.jar;C:\Users\jorge\.gradle\caches\modules-2\files-2.1\ch.qos.logback\logback-classic\1.2.3\7c4f3c474fb2c041d8028740440937705ebb473a\logback-classic-1.2.3.jar;C:\Users\jorge\.gradle\caches\modules-2\files-2.1\org.apache.logging.log4j\log4j-to-slf4j\2.10.0\f7e631ccf49cfc0aefa4a2a728da7d374c05bd3c\log4j-to-slf4j-2.10.0.jar;C:\Users\jorge\.gradle\caches\modules-2\files-2.1\org.slf4j\jul-to-slf4j\1.7.25\af5364cd6679bfffb114f0dec8a157aaa283b76\jul-to-slf4j-1.7.25.jar;C:\Users\jorge\.gradle\caches\modules-2\files-2.1\org.springframework\spring-jcl\5.0.8.RELEASE\a1fa8fb560fb252321776e16bc9ac8201af4ef5e\spring-jcl-5.0.8.RELEASE.jar;C:\Users\jorge\.gradle\caches\modules-2\files-2.1\org.hdrhistogram\HdrHistogram\2.1.10\9e1ac84eed220281841b75e72fb9de5a297fbf04\HdrHistogram-2.1.10.jar;C:\Users\jorge\.gradle\caches\modules-2\files-2.1\org.latencyutils\LatencyUtils\2.0.3\769c0b82cb2421c8256300e907298a9410a2a3d3\LatencyUtils-2.0.3.jar;C:\Users\jorge\.gradle\caches\modules-2\files-2.1\org.synchronoss.cloud\nio-stream-storage\1.1.3\986dba5f6e5eed20f0dba6ddc8e8a64a9ebdc2f3\nio-stream-storage-1.1.3.jar;C:\Users\jorge\.gradle\caches\modules-2\files-2.1\org.slf4j\slf4j-api\1.7.25\da76ca59f6a57ee3102f8f9bd9cee742973efa8a\slf4j-api-1.7.25.jar;C:\Users\jorge\.gradle\caches\modules-2\files-2.1\io.projectreactor.ipc\reactor-netty\0.7.8.RELEASE\fe25c7d3042b6005690f7d243cef987b696a12ee\reactor-netty-0.7.8.RELEASE.jar;C:\Users\jorge\.gradle\caches\modules-2\files-2.1\javax.validation\validation-api\2.0.1.Final\cb855558e6271b1b32e716d24cb85c7f583ce09e\validation-api-2.0.1.Final.jar;C:\Users\jorge\.gradle\caches\modules-2\files-2.1\org.jboss.logging\jboss-logging\3.3.2.Final\3789d00e859632e6c6206adc0c71625559e6e3b0\jboss-logging-3.3.2.Final.jar;C:\Users\jorge\.gradle\caches\modules-2\files-2.1\com.fasterxml\classmate\1.3.4\3d5f48f10bbe4eb7bd862f10c0583be2e0053c6\classmate-1.3.4.jar;C:\Users\jorge\.gradle\caches\modules-2\files-2.1\io.projectreactor\reactor-core\3.1.8.RELEASE\3bcc30f9161d3d17abe44b4aa20e397e5170566e\reactor-core-3.1.8.RELEASE.jar;C:\Users\jorge\.gradle\caches\modules-2\files-2.1\net.minidev\json-smart\2.3\7396407491352ce4fa30de92efb158adb76b5b\json-smart-2.3.jar;C:\Users\jorge\.gradle\caches\modules-2\files-2.1\org.powermock\powermock-core\2.0.0-RC.3\f958479ea1f0d1ba37cf65b6612fccfbaf4d8dd3\powermock-core-2.0.0-RC.3.jar;C:\Users\jorge\.gradle\caches\modules-2\files-2.1\org.powermock\powermock-reflect\2.0.0-RC.3\c10437486ae35b91666c2591fd7b1a8054b4573c\powermock-reflect-2.0.0-RC.3.jar;C:\Users\jorge\.gradle\caches\modules-2\files-2.1\net.bytebuddy\byte-buddy\1.7.11\f02857a4e2c66ccbe7aaad6100a0a6c461bce9b3\byte-buddy-1.7.11.jar;C:\Users\jorge\.gradle\caches\modules-2\files-2.1\net.bytebuddy\byte-buddy-agent\1.7.11\b425a8933ca07edd03c6dbc8bc3b595fba9780de\byte-buddy-agent-1.7.11.jar;C:\Users\jorge\.gradle\caches\modules-2\files-2.1\org.objenesis\objenesis\3.0.1\11cfac598df9dc48bb9ed9357ed04212694b7808\objenesis-3.0.1.jar;C:\Users\jorge\.gradle\caches\modules-2\files-2.1\com.vaadin.external.google\android-json\0.0.20131108.vaadin1\fa26d351fe62a6a17f5cda1287c1c6110dec413f\android-json-0.0.20131108.vaadin1.jar;C:\Users\jorge\.gradle\caches\modules-2\files-2.1\ch.qos.logback\logback-core\1.2.3\864344400c3d4d92dfeb0a305dc87d953677c03c\logback-core-1.2.3.jar;C:\Users\jorge\.gradle\caches\modules-2\files-2.1\org.apache.logging.log4j\log4j-api\2.10.0\fec5797a55b786184a537abd39c3fa1449d752d6\log4j-api-2.10.0.jar;C:\Users\jorge\.gradle\caches\modules-2\files-2.1\org.apache.tomcat.embed\tomcat-embed-websocket\8.5.32\ea5302e378f1449d4e5dda79e8d810c1e7931f91\tomcat-embed-websocket-8.5.32.jar;C:\Users\jorge\.gradle\caches\modules-2\files-2.1\org.apache.tomcat.embed\tomcat-embed-core\8.5.32\6bc6896200146010cc4666bdc6b9b0cbb453ee22\tomcat-embed-core-8.5.32.jar;C:\Users\jorge\.gradle\caches\modules-2\files-2.1\org.apache.tomcat.embed\tomcat-embed-el\8.5.32\e4fd0ee015d83fa1c5ec93ff1d05bdaf9a4480c5\tomcat-embed-el-8.5.32.jar;C:\Users\jorge\.gradle\caches\modules-2\files-2.1\io.netty\netty-handler-proxy\4.1.27.Final\1a822ce7760bc6eb4937b7e448c9e081fedcc807\netty-handler-proxy-4.1.27.Final.jar;C:\Users\jorge\.gradle\caches\modules-2\files-2.1\io.netty\netty-codec-http\4.1.27.Final\a1722d6bcbbef1c4c7877e8bf38b07a3db5ed07f\netty-codec-http-4.1.27.Final.jar;C:\Users\jorge\.gradle\caches\modules-2\files-2.1\io.netty\netty-handler\4.1.27.Final\21bd9cf565390a8d72579b8664303e3c175dfc6a\netty-handler-4.1.27.Final.jar;C:\Users\jorge\.gradle\caches\modules-2\files-2.1\io.netty\netty-transport-native-epoll\4.1.27.Final\8c3a61a7dd53eafe2f0fe31356f1379598f74517\netty-transport-native-epoll-4.1.27.Final-linux-x86_64.jar;C:\Users\jorge\.gradle\caches\modules-2\files-2.1\org.reactivestreams\reactive-streams\1.0.2\323964c36556eb0e6209f65c1cef72b53b461ab8\reactive-streams-1.0.2.jar;C:\Users\jorge\.gradle\caches\modules-2\files-2.1\net.minidev\accessors-smart\1.2\c592b500269bfde36096641b01238a8350f8aa31\accessors-smart-1.2.jar;C:\Users\jorge\.gradle\caches\modules-2\files-2.1\org.javassist\javassist\3.24.0-GA\d7466fc2e3af7c023e95c510f06448ad29b225b3\javassist-3.24.0-GA.jar;C:\Users\jorge\.gradle\caches\modules-2\files-2.1\io.netty\netty-codec-socks\4.1.27.Final\285b09af98764cf02e4b77b3d95af188469a7133\netty-codec-socks-4.1.27.Final.jar;C:\Users\jorge\.gradle\caches\modules-2\files-2.1\io.netty\netty-codec\4.1.27.Final\d2653d78ebaa650064768fb26b10051f5c8efb2c\netty-codec-4.1.27.Final.jar;C:\Users\jorge\.gradle\caches\modules-2\files-2.1\io.netty\netty-transport-native-unix-common\4.1.27.Final\2b0667fe5c1df78c6cfbf9d53ad8b1fb533fb8e8\netty-transport-native-unix-common-4.1.27.Final.jar;C:\Users\jorge\.gradle\caches\modules-2\files-2.1\io.netty\netty-transport\4.1.27.Final\b5c2da3ea89dd67320925f1504c9eb3615241b7c\netty-transport-4.1.27.Final.jar;C:\Users\jorge\.gradle\caches\modules-2\files-2.1\io.netty\netty-buffer\4.1.27.Final\aafe2b9fb0d8f3b200cf10b9fd6486c6a722d7a1\netty-buffer-4.1.27.Final.jar;C:\Users\jorge\.gradle\caches\modules-2\files-2.1\io.netty\netty-resolver\4.1.27.Final\2536447ef9605ccb2b5203aa22392c6514484ea9\netty-resolver-4.1.27.Final.jar;C:\Users\jorge\.gradle\caches\modules-2\files-2.1\io.netty\netty-common\4.1.27.Final\6a12a969c27fb37b230c4bde5a67bd822fa6b7a4\netty-common-4.1.27.Final.jar;C:\Users\jorge\.gradle\caches\modules-2\files-2.1\org.ow2.asm\asm\5.0.4\da08b8cce7bbf903602a25a3a163ae252435795\asm-5.0.4.jar, user.name=jorge, java.vm.specification.version=1.8, sun.java.command=worker.org.gradle.process.internal.worker.GradleWorkerMain 'Gradle Test Executor 1', java.home=C:\Program Files\AdoptOpenJDK\jdk-8.0.242.08-hotspot\jre, sun.arch.data.model=64, user.language=en, java.specification.vendor=Oracle Corporation, awt.toolkit=sun.awt.windows.WToolkit, java.vm.info=mixed mode, java.version=1.8.0_242, java.ext.dirs=C:\Program Files\AdoptOpenJDK\jdk-8.0.242.08-hotspot\jre\lib\ext;C:\Windows\Sun\Java\lib\ext, sun.boot.class.path=C:\Program Files\AdoptOpenJDK\jdk-8.0.242.08-hotspot\jre\lib\resources.jar;C:\Program Files\AdoptOpenJDK\jdk-8.0.242.08-hotspot\jre\lib\rt.jar;C:\Program Files\AdoptOpenJDK\jdk-8.0.242.08-hotspot\jre\lib\sunrsasign.jar;C:\Program Files\AdoptOpenJDK\jdk-8.0.242.08-hotspot\jre\lib\jsse.jar;C:\Program Files\AdoptOpenJDK\jdk-8.0.242.08-hotspot\jre\lib\jce.jar;C:\Program Files\AdoptOpenJDK\jdk-8.0.242.08-hotspot\jre\lib\charsets.jar;C:\Program Files\AdoptOpenJDK\jdk-8.0.242.08-hotspot\jre\lib\jfr.jar;C:\Program Files\AdoptOpenJDK\jdk-8.0.242.08-hotspot\jre\classes, java.vendor=AdoptOpenJDK, org.gradle.test.worker=1, file.separator=\, java.vendor.url.bug=http://bugreport.sun.com/bugreport/, sun.io.unicode.encoding=UnicodeLittle, sun.cpu.endian=little, sun.desktop=windows, sun.cpu.isalist=amd64}}, SystemEnvironmentPropertySource@1501200482 {name='systemEnvironment', properties={USERDOMAIN_ROAMINGPROFILE=DESKTOP-U7U4TE6, PROCESSOR_LEVEL=6, VS140COMNTOOLS=C:\Program Files (x86)\Microsoft Visual Studio 14.0\Common7\Tools\, SESSIONNAME=Console, ALLUSERSPROFILE=C:\ProgramData, PROCESSOR_ARCHITECTURE=AMD64, PSModulePath=C:\Users\jorge\Documents\WindowsPowerShell\Modules;C:\Program Files\WindowsPowerShell\Modules;C:\Windows\system32\WindowsPowerShell\v1.0\Modules, SystemDrive=C:, =ExitCode=00000000, DIRNAME=C:\azure-devops\git\eShopOnContainers\src\Web\WebImapClient\Client\server\, USERNAME=jorge, CMD_LINE_ARGS=b, ProgramFiles(x86)=C:\Program Files (x86), FPS_BROWSER_USER_PROFILE_STRING=Default, APP_HOME=C:\azure-devops\git\eShopOnContainers\src\Web\WebImapClient\Client\server\, PATHEXT=.COM;.EXE;.BAT;.CMD;.VBS;.VBE;.JS;.JSE;.WSF;.WSH;.MSC;.CPL, DriverData=C:\Windows\System32\Drivers\DriverData, OneDriveConsumer=C:\Users\jorge\OneDrive, ProgramData=C:\ProgramData, ProgramW6432=C:\Program Files, HOMEPATH=\Users\jorge, PROCESSOR_IDENTIFIER=Intel64 Family 6 Model 158 Stepping 13, GenuineIntel, ProgramFiles=C:\Program Files, PUBLIC=C:\Users\Public, windir=C:\Windows, =::=::\, _SKIP=2, LOCALAPPDATA=C:\Users\jorge\AppData\Local, ChocolateyLastPathUpdate=132229495750090469, USERDOMAIN=DESKTOP-U7U4TE6, FPS_BROWSER_APP_PROFILE_STRING=Internet Explorer, LOGONSERVER=\\DESKTOP-U7U4TE6, PROMPT=$P$G, OneDrive=C:\Users\jorge\OneDrive, =C:=C:\azure-devops\git\eShopOnContainers\src\Web\WebImapClient\Client\server, APPDATA=C:\Users\jorge\AppData\Roaming, JAVA_EXE=java.exe, ChocolateyInstall=C:\ProgramData\chocolatey, CommonProgramFiles=C:\Program Files\Common Files, Path=C:\Program Files\AdoptOpenJDK\jdk-8.0.242.08-hotspot\bin;C:\Program Files (x86)\Common Files\Oracle\Java\javapath;C:\Python27\;C:\Python27\Scripts;C:\ProgramData\DockerDesktop\version-bin;C:\Program Files\Docker\Docker\Resources\bin;C:\Windows\system32;C:\Windows;C:\Windows\System32\Wbem;C:\Windows\System32\WindowsPowerShell\v1.0\;C:\Windows\System32\OpenSSH\;C:\Program Files (x86)\NVIDIA Corporation\PhysX\Common;C:\Program Files\dotnet\;C:\Program Files\Microsoft SQL Server\130\Tools\Binn\;C:\Program Files\Microsoft SQL Server\Client SDK\ODBC\170\Tools\Binn\;C:\Program Files (x86)\Microsoft SQL Server\150\DTS\Binn\;C:\Program Files\Git\cmd;C:\Program Files (x86)\Microsoft ASP.NET\ASP.NET Web Pages\v1.0\;C:\Program Files\Microsoft SQL Server\110\Tools\Binn\;C:\Windows\system32\config\systemprofile\.dnx\bin;C:\Program Files\Microsoft DNX\Dnvm\;C:\Program Files\nodejs\;C:\ProgramData\chocolatey\bin;C:\Program Files\Microsoft\Web Platform Installer\;C:\Users\jorge\AppData\Local\Microsoft\WindowsApps;C:\Users\jorge\AppData\Local\Programs\Microsoft VS Code\bin;C:\Users\jorge\.dotnet\tools;C:\Users\jorge\AppData\Roaming\npm;C:\Users\jorge\AppData\Local\GitHubDesktop\bin, OS=Windows_NT, COMPUTERNAME=DESKTOP-U7U4TE6, PROCESSOR_REVISION=9e0d, CLASSPATH=C:\azure-devops\git\eShopOnContainers\src\Web\WebImapClient\Client\server\\gradle\wrapper\gradle-wrapper.jar, CommonProgramW6432=C:\Program Files\Common Files, ComSpec=C:\Windows\system32\cmd.exe, APP_BASE_NAME=gradlew, SystemRoot=C:\Windows, TEMP=C:\Users\jorge\AppData\Local\Temp, HOMEDRIVE=C:, USERPROFILE=C:\Users\jorge, TMP=C:\Users\jorge\AppData\Local\Temp, VS110COMNTOOLS=C:\Program Files (x86)\Microsoft Visual Studio 11.0\Common7\Tools\, CommonProgramFiles(x86)=C:\Program Files (x86)\Common Files, NUMBER_OF_PROCESSORS=12}}]
13:25:57.995 [Test worker] DEBUG org.springframework.web.servlet.mvc.method.annotation.RequestMappingHandlerMapping - Looking for request mappings in application context: org.springframework.test.web.servlet.setup.StubWebApplicationContext@738386e9
13:25:58.003 [Test worker] DEBUG org.springframework.web.servlet.mvc.method.annotation.RequestMappingHandlerMapping - 18 request handler methods found on class com.marcnuri.isotope.api.folder.FolderResource: {public org.springframework.http.ResponseEntity com.marcnuri.isotope.api.folder.FolderResource.getMessage(java.lang.String,java.lang.Long)={[/v1/folders/{folderId}/messages/{messageId}],methods=[GET]}, public org.springframework.http.ResponseEntity com.marcnuri.isotope.api.folder.FolderResource.setMessageFlagged(java.lang.String,java.lang.Long,boolean)={[/v1/folders/{folderId}/messages/{messageId}/flagged],methods=[PUT]}, public org.springframework.http.ResponseEntity com.marcnuri.isotope.api.folder.FolderResource.createChildFolder(java.lang.String,java.lang.String)={[/v1/folders/{folderId}],methods=[POST],produces=[application/hal+json]}, public org.springframework.http.ResponseEntity com.marcnuri.isotope.api.folder.FolderResource.deleteAllFolderMessages(java.lang.String)={[/v1/folders/{folderId}/messages],methods=[DELETE]}, public org.springframework.http.ResponseEntity com.marcnuri.isotope.api.folder.FolderResource.moveFolder(java.lang.String,java.lang.String)={[/v1/folders/{folderId}/parent],methods=[PUT],produces=[application/hal+json]}, public org.springframework.http.ResponseEntity com.marcnuri.isotope.api.folder.FolderResource.getMessageRaw(java.lang.String,java.lang.Long)={[/v1/folders/{folderId}/messages/{messageId}/raw],methods=[GET]}, public org.springframework.http.ResponseEntity com.marcnuri.isotope.api.folder.FolderResource.setMessagesSeen(java.lang.String,java.lang.Boolean,java.util.List)={[/v1/folders/{folderId}/messages/seen/{seen}],methods=[PUT]}, public org.springframework.http.ResponseEntity com.marcnuri.isotope.api.folder.FolderResource.getFolders(java.lang.Boolean)={[/v1/folders],methods=[GET],produces=[application/hal+json]}, public org.springframework.http.ResponseEntity com.marcnuri.isotope.api.folder.FolderResource.createRootFolder(java.lang.String)={[/v1/folders],methods=[POST],produces=[application/hal+json]}, public org.springframework.http.ResponseEntity com.marcnuri.isotope.api.folder.FolderResource.deleteMessages(java.lang.String,java.util.List)={[/v1/folders/{folderId}/messages],methods=[DELETE],params=[id]}, public reactor.core.publisher.Flux com.marcnuri.isotope.api.folder.FolderResource.getMessages(java.lang.String,javax.servlet.http.HttpServletResponse)={[/v1/folders/{folderId}/messages],methods=[GET],produces=[text/event-stream]}, public org.springframework.http.ResponseEntity com.marcnuri.isotope.api.folder.FolderResource.preloadMessages(java.lang.String,java.util.List)={[/v1/folders/{folderId}/messages],methods=[GET]}, public org.springframework.http.ResponseEntity com.marcnuri.isotope.api.folder.FolderResource.getAttachment(java.lang.String,java.lang.Long,java.lang.String,java.lang.Boolean,javax.servlet.http.HttpServletResponse)={[/v1/folders/{folderId}/messages/{messageId}/attachments/{id}],methods=[GET]}, public org.springframework.http.ResponseEntity com.marcnuri.isotope.api.folder.FolderResource.deleteFolder(java.lang.String)={[/v1/folders/{folderId}],methods=[DELETE],produces=[application/hal+json]}, public org.springframework.http.ResponseEntity com.marcnuri.isotope.api.folder.FolderResource.moveMessages(java.lang.String,java.lang.String,java.util.List)={[/v1/folders/{fromFolderId}/messages/folder/{toFolderId}],methods=[PUT]}, public org.springframework.http.ResponseEntity com.marcnuri.isotope.api.folder.FolderResource.renameFolder(java.lang.String,java.lang.String)={[/v1/folders/{folderId}/name],methods=[PUT],produces=[application/hal+json]}, public org.springframework.http.ResponseEntity com.marcnuri.isotope.api.folder.FolderResource.moveMessage(java.lang.String,java.lang.Long,java.lang.String)={[/v1/folders/{fromFolderId}/messages/{messageId}/folder/{toFolderId}],methods=[PUT]}, public org.springframework.http.ResponseEntity com.marcnuri.isotope.api.folder.FolderResource.setMessageSeen(java.lang.String,java.lang.Long,boolean)={[/v1/folders/{folderId}/messages/{messageId}/seen],methods=[PUT]}}
13:25:58.003 [Test worker] INFO org.springframework.web.servlet.mvc.method.annotation.RequestMappingHandlerMapping - Mapped "{[/v1/folders/{folderId}/messages/{messageId}],methods=[GET]}" onto public org.springframework.http.ResponseEntity<com.marcnuri.isotope.api.message.MessageWithFolder> com.marcnuri.isotope.api.folder.FolderResource.getMessage(java.lang.String,java.lang.Long)
13:25:58.003 [Test worker] INFO org.springframework.web.servlet.mvc.method.annotation.RequestMappingHandlerMapping - Mapped "{[/v1/folders/{folderId}/messages/{messageId}/flagged],methods=[PUT]}" onto public org.springframework.http.ResponseEntity<java.lang.Void> com.marcnuri.isotope.api.folder.FolderResource.setMessageFlagged(java.lang.String,java.lang.Long,boolean)
13:25:58.004 [Test worker] INFO org.springframework.web.servlet.mvc.method.annotation.RequestMappingHandlerMapping - Mapped "{[/v1/folders/{folderId}],methods=[POST],produces=[application/hal+json]}" onto public org.springframework.http.ResponseEntity<com.marcnuri.isotope.api.folder.Folder> com.marcnuri.isotope.api.folder.FolderResource.createChildFolder(java.lang.String,java.lang.String)
13:25:58.004 [Test worker] INFO org.springframework.web.servlet.mvc.method.annotation.RequestMappingHandlerMapping - Mapped "{[/v1/folders/{folderId}/messages],methods=[DELETE]}" onto public org.springframework.http.ResponseEntity<com.marcnuri.isotope.api.folder.Folder> com.marcnuri.isotope.api.folder.FolderResource.deleteAllFolderMessages(java.lang.String)
13:25:58.005 [Test worker] INFO org.springframework.web.servlet.mvc.method.annotation.RequestMappingHandlerMapping - Mapped "{[/v1/folders/{folderId}/parent],methods=[PUT],produces=[application/hal+json]}" onto public org.springframework.http.ResponseEntity<com.marcnuri.isotope.api.folder.Folder> com.marcnuri.isotope.api.folder.FolderResource.moveFolder(java.lang.String,java.lang.String)
13:25:58.005 [Test worker] INFO org.springframework.web.servlet.mvc.method.annotation.RequestMappingHandlerMapping - Mapped "{[/v1/folders/{folderId}/messages/{messageId}/raw],methods=[GET]}" onto public org.springframework.http.ResponseEntity<java.lang.String> com.marcnuri.isotope.api.folder.FolderResource.getMessageRaw(java.lang.String,java.lang.Long)
13:25:58.005 [Test worker] INFO org.springframework.web.servlet.mvc.method.annotation.RequestMappingHandlerMapping - Mapped "{[/v1/folders/{folderId}/messages/seen/{seen}],methods=[PUT]}" onto public org.springframework.http.ResponseEntity<java.lang.Void> com.marcnuri.isotope.api.folder.FolderResource.setMessagesSeen(java.lang.String,java.lang.Boolean,java.util.List<java.lang.Long>)
13:25:58.005 [Test worker] INFO org.springframework.web.servlet.mvc.method.annotation.RequestMappingHandlerMapping - Mapped "{[/v1/folders],methods=[GET],produces=[application/hal+json]}" onto public org.springframework.http.ResponseEntity<java.util.List<com.marcnuri.isotope.api.folder.Folder>> com.marcnuri.isotope.api.folder.FolderResource.getFolders(java.lang.Boolean)
13:25:58.006 [Test worker] INFO org.springframework.web.servlet.mvc.method.annotation.RequestMappingHandlerMapping - Mapped "{[/v1/folders],methods=[POST],produces=[application/hal+json]}" onto public org.springframework.http.ResponseEntity<java.util.List<com.marcnuri.isotope.api.folder.Folder>> com.marcnuri.isotope.api.folder.FolderResource.createRootFolder(java.lang.String)
13:25:58.006 [Test worker] INFO org.springframework.web.servlet.mvc.method.annotation.RequestMappingHandlerMapping - Mapped "{[/v1/folders/{folderId}/messages],methods=[DELETE],params=[id]}" onto public org.springframework.http.ResponseEntity<com.marcnuri.isotope.api.folder.Folder> com.marcnuri.isotope.api.folder.FolderResource.deleteMessages(java.lang.String,java.util.List<java.lang.Long>)
13:25:58.006 [Test worker] INFO org.springframework.web.servlet.mvc.method.annotation.RequestMappingHandlerMapping - Mapped "{[/v1/folders/{folderId}/messages],methods=[GET],produces=[text/event-stream]}" onto public reactor.core.publisher.Flux<org.springframework.http.codec.ServerSentEvent<java.util.List<com.marcnuri.isotope.api.message.Message>>> com.marcnuri.isotope.api.folder.FolderResource.getMessages(java.lang.String,javax.servlet.http.HttpServletResponse)
13:25:58.006 [Test worker] INFO org.springframework.web.servlet.mvc.method.annotation.RequestMappingHandlerMapping - Mapped "{[/v1/folders/{folderId}/messages],methods=[GET]}" onto public org.springframework.http.ResponseEntity<java.util.List<com.marcnuri.isotope.api.message.Message>> com.marcnuri.isotope.api.folder.FolderResource.preloadMessages(java.lang.String,java.util.List<java.lang.Long>)
13:25:58.007 [Test worker] INFO org.springframework.web.servlet.mvc.method.annotation.RequestMappingHandlerMapping - Mapped "{[/v1/folders/{folderId}/messages/{messageId}/attachments/{id}],methods=[GET]}" onto public org.springframework.http.ResponseEntity<java.lang.Void> com.marcnuri.isotope.api.folder.FolderResource.getAttachment(java.lang.String,java.lang.Long,java.lang.String,java.lang.Boolean,javax.servlet.http.HttpServletResponse)
13:25:58.007 [Test worker] INFO org.springframework.web.servlet.mvc.method.annotation.RequestMappingHandlerMapping - Mapped "{[/v1/folders/{folderId}],methods=[DELETE],produces=[application/hal+json]}" onto public org.springframework.http.ResponseEntity<com.marcnuri.isotope.api.folder.Folder> com.marcnuri.isotope.api.folder.FolderResource.deleteFolder(java.lang.String)
13:25:58.007 [Test worker] INFO org.springframework.web.servlet.mvc.method.annotation.RequestMappingHandlerMapping - Mapped "{[/v1/folders/{fromFolderId}/messages/folder/{toFolderId}],methods=[PUT]}" onto public org.springframework.http.ResponseEntity<java.util.List<com.marcnuri.isotope.api.message.MessageWithFolder>> com.marcnuri.isotope.api.folder.FolderResource.moveMessages(java.lang.String,java.lang.String,java.util.List<java.lang.Long>)
13:25:58.007 [Test worker] INFO org.springframework.web.servlet.mvc.method.annotation.RequestMappingHandlerMapping - Mapped "{[/v1/folders/{folderId}/name],methods=[PUT],produces=[application/hal+json]}" onto public org.springframework.http.ResponseEntity<com.marcnuri.isotope.api.folder.Folder> com.marcnuri.isotope.api.folder.FolderResource.renameFolder(java.lang.String,java.lang.String)
13:25:58.007 [Test worker] INFO org.springframework.web.servlet.mvc.method.annotation.RequestMappingHandlerMapping - Mapped "{[/v1/folders/{fromFolderId}/messages/{messageId}/folder/{toFolderId}],methods=[PUT]}" onto public org.springframework.http.ResponseEntity<java.util.List<com.marcnuri.isotope.api.message.MessageWithFolder>> com.marcnuri.isotope.api.folder.FolderResource.moveMessage(java.lang.String,java.lang.Long,java.lang.String)
13:25:58.008 [Test worker] INFO org.springframework.web.servlet.mvc.method.annotation.RequestMappingHandlerMapping - Mapped "{[/v1/folders/{folderId}/messages/{messageId}/seen],methods=[PUT]}" onto public org.springframework.http.ResponseEntity<java.lang.Void> com.marcnuri.isotope.api.folder.FolderResource.setMessageSeen(java.lang.String,java.lang.Long,boolean)
13:25:58.013 [Test worker] DEBUG org.hibernate.validator.internal.engine.resolver.TraversableResolvers - Cannot find javax.persistence.Persistence on classpath. Assuming non JPA 2 environment. All properties will per default be traversable.
13:25:58.014 [Test worker] DEBUG org.hibernate.validator.messageinterpolation.ResourceBundleMessageInterpolator - Loaded expression factory via original TCCL
13:25:58.014 [Test worker] DEBUG org.hibernate.validator.internal.engine.ConfigurationImpl - Setting custom MessageInterpolator of type org.springframework.validation.beanvalidation.LocaleContextMessageInterpolator
13:25:58.014 [Test worker] DEBUG org.hibernate.validator.internal.engine.ConfigurationImpl - Setting custom ParameterNameProvider of type org.springframework.validation.beanvalidation.LocalValidatorFactoryBean$1
13:25:58.014 [Test worker] DEBUG org.hibernate.validator.internal.xml.config.ValidationXmlParser - Trying to load META-INF/validation.xml for XML based Validator configuration.
13:25:58.014 [Test worker] DEBUG org.hibernate.validator.internal.xml.config.ResourceLoaderHelper - Trying to load META-INF/validation.xml via TCCL
13:25:58.014 [Test worker] DEBUG org.hibernate.validator.internal.xml.config.ResourceLoaderHelper - Trying to load META-INF/validation.xml via Hibernate Validator's class loader
13:25:58.015 [Test worker] DEBUG org.hibernate.validator.internal.xml.config.ValidationXmlParser - No META-INF/validation.xml found. Using annotation based configuration only.
13:25:58.020 [Test worker] DEBUG org.hibernate.validator.internal.engine.ValidatorFactoryImpl - HV000234: Using org.springframework.validation.beanvalidation.LocaleContextMessageInterpolator as ValidatorFactory-scoped message interpolator.
13:25:58.020 [Test worker] DEBUG org.hibernate.validator.internal.engine.ValidatorFactoryImpl - HV000234: Using org.hibernate.validator.internal.engine.resolver.TraverseAllTraversableResolver as ValidatorFactory-scoped traversable resolver.
13:25:58.020 [Test worker] DEBUG org.hibernate.validator.internal.engine.ValidatorFactoryImpl - HV000234: Using org.hibernate.validator.internal.util.ExecutableParameterNameProvider as ValidatorFactory-scoped parameter name provider.
13:25:58.020 [Test worker] DEBUG org.hibernate.validator.internal.engine.ValidatorFactoryImpl - HV000234: Using org.hibernate.validator.internal.engine.DefaultClockProvider as ValidatorFactory-scoped clock provider.
13:25:58.020 [Test worker] DEBUG org.hibernate.validator.internal.engine.ValidatorFactoryImpl - HV000234: Using org.hibernate.validator.internal.engine.scripting.DefaultScriptEvaluatorFactory as ValidatorFactory-scoped script evaluator factory.
13:25:58.021 [Test worker] INFO org.springframework.web.servlet.mvc.method.annotation.RequestMappingHandlerAdapter - Looking for @ControllerAdvice: org.springframework.test.web.servlet.setup.StubWebApplicationContext@738386e9
13:25:58.023 [Test worker] DEBUG org.springframework.web.servlet.mvc.method.annotation.ExceptionHandlerExceptionResolver - Looking for exception mappings: org.springframework.test.web.servlet.setup.StubWebApplicationContext@738386e9
13:25:58.024 [Test worker] DEBUG org.springframework.test.web.servlet.TestDispatcherServlet - Initializing servlet ''
13:25:58.024 [Test worker] INFO org.springframework.mock.web.MockServletContext - Initializing Spring FrameworkServlet ''
13:25:58.024 [Test worker] INFO org.springframework.test.web.servlet.TestDispatcherServlet - FrameworkServlet '': initialization started
13:25:58.024 [Test worker] DEBUG org.springframework.test.web.servlet.TestDispatcherServlet - Unable to locate MultipartResolver with name 'multipartResolver': no multipart request handling provided
13:25:58.024 [Test worker] DEBUG org.springframework.test.web.servlet.TestDispatcherServlet - Using LocaleResolver [org.springframework.web.servlet.i18n.AcceptHeaderLocaleResolver@6164604e]
13:25:58.024 [Test worker] DEBUG org.springframework.test.web.servlet.TestDispatcherServlet - Using ThemeResolver [org.springframework.web.servlet.theme.FixedThemeResolver@7e775e7d]
13:25:58.024 [Test worker] DEBUG org.springframework.test.web.servlet.TestDispatcherServlet - Using RequestToViewNameTranslator [org.springframework.web.servlet.view.DefaultRequestToViewNameTranslator@4364d88d]
13:25:58.024 [Test worker] DEBUG org.springframework.test.web.servlet.TestDispatcherServlet - Using FlashMapManager [org.springframework.web.servlet.support.SessionFlashMapManager@234c06e2]
13:25:58.024 [Test worker] DEBUG org.springframework.test.web.servlet.TestDispatcherServlet - Published WebApplicationContext of servlet '' as ServletContext attribute with name [org.springframework.web.servlet.FrameworkServlet.CONTEXT.]
13:25:58.024 [Test worker] INFO org.springframework.test.web.servlet.TestDispatcherServlet - FrameworkServlet '': initialization completed in 0 ms
13:25:58.024 [Test worker] DEBUG org.springframework.test.web.servlet.TestDispatcherServlet - Servlet '' configured successfully
13:25:58.025 [Test worker] DEBUG org.springframework.test.web.servlet.TestDispatcherServlet - DispatcherServlet with name '' processing DELETE request for [/v1/folders/MTMzNw==/messages]
13:25:58.025 [Test worker] DEBUG org.springframework.web.servlet.mvc.method.annotation.RequestMappingHandlerMapping - Looking up handler method for path /v1/folders/MTMzNw==/messages
13:25:58.026 [Test worker] DEBUG org.springframework.web.servlet.mvc.method.annotation.RequestMappingHandlerMapping - Returning handler method [public org.springframework.http.ResponseEntity<com.marcnuri.isotope.api.folder.Folder> com.marcnuri.isotope.api.folder.FolderResource.deleteAllFolderMessages(java.lang.String)]
13:25:58.026 [Test worker] DEBUG com.marcnuri.isotope.api.folder.FolderResource - Deleting ALL messages for folder MTMzNw== 
13:25:58.027 [Test worker] DEBUG org.springframework.beans.factory.support.DefaultListableBeanFactory - Returning cached instance of singleton bean 'prototypeImapService'
13:25:58.038 [Test worker] DEBUG org.springframework.web.servlet.mvc.method.annotation.HttpEntityMethodProcessor - Written [links: [<http://localhost/v1/folders/1337>;rel="self", <http://localhost/v1/folders/1337/messages>;rel="messages", <http://localhost/v1/folders/1337>;rel="delete", <http://localhost/v1/folders/1337/name>;rel="rename", <http://localhost/v1/folders/1337/parent>;rel="move", <http://localhost/v1/folders/1337/messages/{messageId}>;rel="message", <http://localhost/v1/folders/1337/messages/{messageId}/flagged>;rel="message.flagged", <http://localhost/v1/folders/1337/messages/{messageId}/folder/{toFolderId}>;rel="message.move", <http://localhost/v1/folders/1337/messages/folder/{toFolderId}>;rel="message.move.bulk", <http://localhost/v1/folders/1337/messages/{messageId}/seen>;rel="message.seen", <http://localhost/v1/folders/1337/messages/seen/{seen}>;rel="message.seen.bulk"]] as "application/hal+json" using [org.springframework.http.converter.json.MappingJackson2HttpMessageConverter@3d52b52]
13:25:58.038 [Test worker] DEBUG org.springframework.test.web.servlet.TestDispatcherServlet - Null ModelAndView returned to DispatcherServlet with name '': assuming HandlerAdapter completed request handling
13:25:58.038 [Test worker] DEBUG org.springframework.test.web.servlet.TestDispatcherServlet - Successfully completed request
13:25:58.038 [Test worker] DEBUG com.jayway.jsonpath.internal.path.CompiledPath - Evaluating path: $['folderId']
13:25:58.038 [Test worker] DEBUG com.jayway.jsonpath.internal.path.CompiledPath - Evaluating path: $['_links']
13:25:58.039 [Test worker] DEBUG com.jayway.jsonpath.internal.path.CompiledPath - Evaluating path: $['_links']
13:25:58.039 [Test worker] DEBUG org.springframework.test.context.cache.DefaultCacheAwareContextLoaderDelegate - Retrieved ApplicationContext from cache with key [[MergedContextConfiguration@6692e92d testClass = FolderResourceTest, locations = '{}', classes = '{class com.marcnuri.isotope.api.folder.FolderResource}', contextInitializerClasses = '[]', activeProfiles = '{}', propertySourceLocations = '{}', propertySourceProperties = '{}', contextCustomizers = set[org.springframework.boot.test.autoconfigure.properties.PropertyMappingContextCustomizer@0, org.springframework.boot.test.autoconfigure.web.servlet.WebDriverContextCustomizerFactory$Customizer@2dc9ad67, org.springframework.boot.test.context.filter.ExcludeFilterContextCustomizer@7975bbf7, org.springframework.boot.test.json.DuplicateJsonObjectContextCustomizerFactory$DuplicateJsonObjectContextCustomizer@2dd9ed03, org.springframework.boot.test.mock.mockito.MockitoContextCustomizer@570072aa], contextLoader = 'org.springframework.test.context.support.DelegatingSmartContextLoader', parent = [null]]]
13:25:58.039 [Test worker] DEBUG org.springframework.test.context.cache - Spring test ApplicationContext cache statistics: [DefaultContextCache@10c13e31 size = 2, maxSize = 32, parentContextCount = 0, hitCount = 68, missCount = 2]
13:25:58.039 [Test worker] DEBUG org.springframework.beans.factory.support.DefaultListableBeanFactory - Returning cached instance of singleton bean 'org.springframework.boot.test.mock.mockito.MockitoBeans'
13:25:58.039 [Test worker] DEBUG org.springframework.test.context.cache.DefaultCacheAwareContextLoaderDelegate - Retrieved ApplicationContext from cache with key [[MergedContextConfiguration@6692e92d testClass = FolderResourceTest, locations = '{}', classes = '{class com.marcnuri.isotope.api.folder.FolderResource}', contextInitializerClasses = '[]', activeProfiles = '{}', propertySourceLocations = '{}', propertySourceProperties = '{}', contextCustomizers = set[org.springframework.boot.test.autoconfigure.properties.PropertyMappingContextCustomizer@0, org.springframework.boot.test.autoconfigure.web.servlet.WebDriverContextCustomizerFactory$Customizer@2dc9ad67, org.springframework.boot.test.context.filter.ExcludeFilterContextCustomizer@7975bbf7, org.springframework.boot.test.json.DuplicateJsonObjectContextCustomizerFactory$DuplicateJsonObjectContextCustomizer@2dd9ed03, org.springframework.boot.test.mock.mockito.MockitoContextCustomizer@570072aa], contextLoader = 'org.springframework.test.context.support.DelegatingSmartContextLoader', parent = [null]]]
13:25:58.039 [Test worker] DEBUG org.springframework.test.context.cache - Spring test ApplicationContext cache statistics: [DefaultContextCache@10c13e31 size = 2, maxSize = 32, parentContextCount = 0, hitCount = 69, missCount = 2]
13:25:58.040 [Test worker] DEBUG org.springframework.test.context.cache.DefaultCacheAwareContextLoaderDelegate - Retrieved ApplicationContext from cache with key [[MergedContextConfiguration@6692e92d testClass = FolderResourceTest, locations = '{}', classes = '{class com.marcnuri.isotope.api.folder.FolderResource}', contextInitializerClasses = '[]', activeProfiles = '{}', propertySourceLocations = '{}', propertySourceProperties = '{}', contextCustomizers = set[org.springframework.boot.test.autoconfigure.properties.PropertyMappingContextCustomizer@0, org.springframework.boot.test.autoconfigure.web.servlet.WebDriverContextCustomizerFactory$Customizer@2dc9ad67, org.springframework.boot.test.context.filter.ExcludeFilterContextCustomizer@7975bbf7, org.springframework.boot.test.json.DuplicateJsonObjectContextCustomizerFactory$DuplicateJsonObjectContextCustomizer@2dd9ed03, org.springframework.boot.test.mock.mockito.MockitoContextCustomizer@570072aa], contextLoader = 'org.springframework.test.context.support.DelegatingSmartContextLoader', parent = [null]]]
13:25:58.040 [Test worker] DEBUG org.springframework.test.context.cache - Spring test ApplicationContext cache statistics: [DefaultContextCache@10c13e31 size = 2, maxSize = 32, parentContextCount = 0, hitCount = 70, missCount = 2]
13:25:58.040 [Test worker] DEBUG reactor.core.publisher.Hooks - Reset to factory defaults : onLastOperator
13:25:58.041 [Test worker] DEBUG org.springframework.test.context.support.AbstractDirtiesContextTestExecutionListener - After test method: context [DefaultTestContext@2ff6fc48 testClass = FolderResourceTest, testInstance = com.marcnuri.isotope.api.folder.FolderResourceTest@3ef974b0, testMethod = deleteAllFolderMessages_validFolderAndValidIds_shouldReturnOk@FolderResourceTest, testException = [null], mergedContextConfiguration = [MergedContextConfiguration@6692e92d testClass = FolderResourceTest, locations = '{}', classes = '{class com.marcnuri.isotope.api.folder.FolderResource}', contextInitializerClasses = '[]', activeProfiles = '{}', propertySourceLocations = '{}', propertySourceProperties = '{}', contextCustomizers = set[org.springframework.boot.test.autoconfigure.properties.PropertyMappingContextCustomizer@0, org.springframework.boot.test.autoconfigure.web.servlet.WebDriverContextCustomizerFactory$Customizer@2dc9ad67, org.springframework.boot.test.context.filter.ExcludeFilterContextCustomizer@7975bbf7, org.springframework.boot.test.json.DuplicateJsonObjectContextCustomizerFactory$DuplicateJsonObjectContextCustomizer@2dd9ed03, org.springframework.boot.test.mock.mockito.MockitoContextCustomizer@570072aa], contextLoader = 'org.springframework.test.context.support.DelegatingSmartContextLoader', parent = [null]], attributes = map[[empty]]], class annotated with @DirtiesContext [false] with mode [null], method annotated with @DirtiesContext [false] with mode [null].
13:25:58.041 [Test worker] DEBUG org.springframework.test.annotation.ProfileValueUtils - Retrieved @ProfileValueSourceConfiguration [null] for test class [com.marcnuri.isotope.api.folder.FolderResourceTest]
13:25:58.041 [Test worker] DEBUG org.springframework.test.annotation.ProfileValueUtils - Retrieved ProfileValueSource type [class org.springframework.test.annotation.SystemProfileValueSource] for class [com.marcnuri.isotope.api.folder.FolderResourceTest]
13:25:58.041 [Test worker] DEBUG org.springframework.test.context.cache.DefaultCacheAwareContextLoaderDelegate - Retrieved ApplicationContext from cache with key [[MergedContextConfiguration@6692e92d testClass = FolderResourceTest, locations = '{}', classes = '{class com.marcnuri.isotope.api.folder.FolderResource}', contextInitializerClasses = '[]', activeProfiles = '{}', propertySourceLocations = '{}', propertySourceProperties = '{}', contextCustomizers = set[org.springframework.boot.test.autoconfigure.properties.PropertyMappingContextCustomizer@0, org.springframework.boot.test.autoconfigure.web.servlet.WebDriverContextCustomizerFactory$Customizer@2dc9ad67, org.springframework.boot.test.context.filter.ExcludeFilterContextCustomizer@7975bbf7, org.springframework.boot.test.json.DuplicateJsonObjectContextCustomizerFactory$DuplicateJsonObjectContextCustomizer@2dd9ed03, org.springframework.boot.test.mock.mockito.MockitoContextCustomizer@570072aa], contextLoader = 'org.springframework.test.context.support.DelegatingSmartContextLoader', parent = [null]]]
13:25:58.041 [Test worker] DEBUG org.springframework.test.context.cache - Spring test ApplicationContext cache statistics: [DefaultContextCache@10c13e31 size = 2, maxSize = 32, parentContextCount = 0, hitCount = 71, missCount = 2]
13:25:58.041 [Test worker] DEBUG org.springframework.beans.factory.support.DefaultListableBeanFactory - Returning cached instance of singleton bean 'org.springframework.boot.test.mock.mockito.MockitoPostProcessor'
13:25:58.041 [Test worker] DEBUG org.springframework.beans.factory.support.DefaultListableBeanFactory - Returning cached instance of singleton bean 'prototypeImapService'
13:25:58.042 [Test worker] DEBUG org.springframework.test.context.support.DependencyInjectionTestExecutionListener - Performing dependency injection for test context [[DefaultTestContext@2ff6fc48 testClass = FolderResourceTest, testInstance = com.marcnuri.isotope.api.folder.FolderResourceTest@2139a931, testMethod = [null], testException = [null], mergedContextConfiguration = [MergedContextConfiguration@6692e92d testClass = FolderResourceTest, locations = '{}', classes = '{class com.marcnuri.isotope.api.folder.FolderResource}', contextInitializerClasses = '[]', activeProfiles = '{}', propertySourceLocations = '{}', propertySourceProperties = '{}', contextCustomizers = set[org.springframework.boot.test.autoconfigure.properties.PropertyMappingContextCustomizer@0, org.springframework.boot.test.autoconfigure.web.servlet.WebDriverContextCustomizerFactory$Customizer@2dc9ad67, org.springframework.boot.test.context.filter.ExcludeFilterContextCustomizer@7975bbf7, org.springframework.boot.test.json.DuplicateJsonObjectContextCustomizerFactory$DuplicateJsonObjectContextCustomizer@2dd9ed03, org.springframework.boot.test.mock.mockito.MockitoContextCustomizer@570072aa], contextLoader = 'org.springframework.test.context.support.DelegatingSmartContextLoader', parent = [null]], attributes = map[[empty]]]].
13:25:58.042 [Test worker] DEBUG org.springframework.test.context.cache.DefaultCacheAwareContextLoaderDelegate - Retrieved ApplicationContext from cache with key [[MergedContextConfiguration@6692e92d testClass = FolderResourceTest, locations = '{}', classes = '{class com.marcnuri.isotope.api.folder.FolderResource}', contextInitializerClasses = '[]', activeProfiles = '{}', propertySourceLocations = '{}', propertySourceProperties = '{}', contextCustomizers = set[org.springframework.boot.test.autoconfigure.properties.PropertyMappingContextCustomizer@0, org.springframework.boot.test.autoconfigure.web.servlet.WebDriverContextCustomizerFactory$Customizer@2dc9ad67, org.springframework.boot.test.context.filter.ExcludeFilterContextCustomizer@7975bbf7, org.springframework.boot.test.json.DuplicateJsonObjectContextCustomizerFactory$DuplicateJsonObjectContextCustomizer@2dd9ed03, org.springframework.boot.test.mock.mockito.MockitoContextCustomizer@570072aa], contextLoader = 'org.springframework.test.context.support.DelegatingSmartContextLoader', parent = [null]]]
13:25:58.042 [Test worker] DEBUG org.springframework.test.context.cache - Spring test ApplicationContext cache statistics: [DefaultContextCache@10c13e31 size = 2, maxSize = 32, parentContextCount = 0, hitCount = 72, missCount = 2]
13:25:58.042 [Test worker] DEBUG org.springframework.beans.factory.annotation.InjectionMetadata - Processing injected element of bean 'com.marcnuri.isotope.api.folder.FolderResourceTest': AutowiredFieldElement for private com.marcnuri.isotope.api.folder.FolderResource com.marcnuri.isotope.api.folder.FolderResourceTest.folderResource
13:25:58.042 [Test worker] DEBUG org.springframework.beans.factory.support.DefaultListableBeanFactory - Returning cached instance of singleton bean 'folderResource'
13:25:58.043 [Test worker] DEBUG org.springframework.test.context.support.AbstractDirtiesContextTestExecutionListener - Before test method: context [DefaultTestContext@2ff6fc48 testClass = FolderResourceTest, testInstance = com.marcnuri.isotope.api.folder.FolderResourceTest@2139a931, testMethod = moveFolder_validFolderAndNewName_shouldReturnOk@FolderResourceTest, testException = [null], mergedContextConfiguration = [MergedContextConfiguration@6692e92d testClass = FolderResourceTest, locations = '{}', classes = '{class com.marcnuri.isotope.api.folder.FolderResource}', contextInitializerClasses = '[]', activeProfiles = '{}', propertySourceLocations = '{}', propertySourceProperties = '{}', contextCustomizers = set[org.springframework.boot.test.autoconfigure.properties.PropertyMappingContextCustomizer@0, org.springframework.boot.test.autoconfigure.web.servlet.WebDriverContextCustomizerFactory$Customizer@2dc9ad67, org.springframework.boot.test.context.filter.ExcludeFilterContextCustomizer@7975bbf7, org.springframework.boot.test.json.DuplicateJsonObjectContextCustomizerFactory$DuplicateJsonObjectContextCustomizer@2dd9ed03, org.springframework.boot.test.mock.mockito.MockitoContextCustomizer@570072aa], contextLoader = 'org.springframework.test.context.support.DelegatingSmartContextLoader', parent = [null]], attributes = map[[empty]]], class annotated with @DirtiesContext [false] with mode [null], method annotated with @DirtiesContext [false] with mode [null].
13:25:58.043 [Test worker] DEBUG reactor.core.publisher.Hooks - Hooking onLastOperator: reactor.core.publisher.Operators$LiftFunction@462716f7
13:25:58.044 [Test worker] DEBUG org.springframework.test.context.cache.DefaultCacheAwareContextLoaderDelegate - Retrieved ApplicationContext from cache with key [[MergedContextConfiguration@6692e92d testClass = FolderResourceTest, locations = '{}', classes = '{class com.marcnuri.isotope.api.folder.FolderResource}', contextInitializerClasses = '[]', activeProfiles = '{}', propertySourceLocations = '{}', propertySourceProperties = '{}', contextCustomizers = set[org.springframework.boot.test.autoconfigure.properties.PropertyMappingContextCustomizer@0, org.springframework.boot.test.autoconfigure.web.servlet.WebDriverContextCustomizerFactory$Customizer@2dc9ad67, org.springframework.boot.test.context.filter.ExcludeFilterContextCustomizer@7975bbf7, org.springframework.boot.test.json.DuplicateJsonObjectContextCustomizerFactory$DuplicateJsonObjectContextCustomizer@2dd9ed03, org.springframework.boot.test.mock.mockito.MockitoContextCustomizer@570072aa], contextLoader = 'org.springframework.test.context.support.DelegatingSmartContextLoader', parent = [null]]]
13:25:58.044 [Test worker] DEBUG org.springframework.test.context.cache - Spring test ApplicationContext cache statistics: [DefaultContextCache@10c13e31 size = 2, maxSize = 32, parentContextCount = 0, hitCount = 73, missCount = 2]
13:25:58.044 [Test worker] DEBUG org.springframework.beans.factory.support.DefaultListableBeanFactory - Returning cached instance of singleton bean 'org.springframework.boot.test.mock.mockito.MockitoBeans'
13:25:58.044 [Test worker] DEBUG org.springframework.core.env.StandardEnvironment - Adding PropertySource 'systemProperties' with lowest search precedence
13:25:58.044 [Test worker] DEBUG org.springframework.core.env.StandardEnvironment - Adding PropertySource 'systemEnvironment' with lowest search precedence
13:25:58.044 [Test worker] DEBUG org.springframework.core.env.StandardEnvironment - Initialized StandardEnvironment with PropertySources [MapPropertySource@1177594357 {name='systemProperties', properties={java.runtime.name=OpenJDK Runtime Environment, sun.boot.library.path=C:\Program Files\AdoptOpenJDK\jdk-8.0.242.08-hotspot\jre\bin, java.vm.version=25.242-b08, java.vm.vendor=, java.vendor.url=http://java.oracle.com/, path.separator=;, java.vm.name=OpenJDK 64-Bit Server VM, file.encoding.pkg=sun.io, user.script=, sun.java.launcher=SUN_STANDARD, user.country=GB, sun.os.patch.level=, java.vm.specification.name=Java Virtual Machine Specification, user.dir=C:\azure-devops\git\eShopOnContainers\src\Web\WebImapClient\Client\server, java.runtime.version=1.8.0_242-b08, java.awt.graphicsenv=sun.awt.Win32GraphicsEnvironment, java.endorsed.dirs=C:\Program Files\AdoptOpenJDK\jdk-8.0.242.08-hotspot\jre\lib\endorsed, os.arch=amd64, java.io.tmpdir=C:\Users\jorge\AppData\Local\Temp\, line.separator=
, java.vm.specification.vendor=Oracle Corporation, user.variant=, os.name=Windows 10, sun.jnu.encoding=Cp1252, java.library.path=C:\Program Files\AdoptOpenJDK\jdk-8.0.242.08-hotspot\bin;C:\Windows\Sun\Java\bin;C:\Windows\system32;C:\Windows;C:\Program Files\AdoptOpenJDK\jdk-8.0.242.08-hotspot\bin;C:\Program Files (x86)\Common Files\Oracle\Java\javapath;C:\Python27\;C:\Python27\Scripts;C:\ProgramData\DockerDesktop\version-bin;C:\Program Files\Docker\Docker\Resources\bin;C:\Windows\system32;C:\Windows;C:\Windows\System32\Wbem;C:\Windows\System32\WindowsPowerShell\v1.0\;C:\Windows\System32\OpenSSH\;C:\Program Files (x86)\NVIDIA Corporation\PhysX\Common;C:\Program Files\dotnet\;C:\Program Files\Microsoft SQL Server\130\Tools\Binn\;C:\Program Files\Microsoft SQL Server\Client SDK\ODBC\170\Tools\Binn\;C:\Program Files (x86)\Microsoft SQL Server\150\DTS\Binn\;C:\Program Files\Git\cmd;C:\Program Files (x86)\Microsoft ASP.NET\ASP.NET Web Pages\v1.0\;C:\Program Files\Microsoft SQL Server\110\Tools\Binn\;C:\Windows\system32\config\systemprofile\.dnx\bin;C:\Program Files\Microsoft DNX\Dnvm\;C:\Program Files\nodejs\;C:\ProgramData\chocolatey\bin;C:\Program Files\Microsoft\Web Platform Installer\;C:\Users\jorge\AppData\Local\Microsoft\WindowsApps;C:\Users\jorge\AppData\Local\Programs\Microsoft VS Code\bin;C:\Users\jorge\.dotnet\tools;C:\Users\jorge\AppData\Roaming\npm;C:\Users\jorge\AppData\Local\GitHubDesktop\bin;., java.specification.name=Java Platform API Specification, java.class.version=52.0, org.gradle.native=false, sun.management.compiler=HotSpot 64-Bit Tiered Compilers, os.version=10.0, user.home=C:\Users\jorge, user.timezone=Europe/Paris, java.awt.printerjob=sun.awt.windows.WPrinterJob, file.encoding=windows-1252, java.specification.version=1.8, java.class.path=C:\azure-devops\git\eShopOnContainers\src\Web\WebImapClient\Client\server\build\classes\java\test;C:\azure-devops\git\eShopOnContainers\src\Web\WebImapClient\Client\server\build\resources\test;C:\azure-devops\git\eShopOnContainers\src\Web\WebImapClient\Client\server\build\classes\java\main;C:\azure-devops\git\eShopOnContainers\src\Web\WebImapClient\Client\server\build\resources\main;C:\Users\jorge\.gradle\caches\modules-2\files-2.1\org.springframework.boot\spring-boot-starter-actuator\2.0.4.RELEASE\24e901473279d9c18e0a0f8037d58b18c8297dca\spring-boot-starter-actuator-2.0.4.RELEASE.jar;C:\Users\jorge\.gradle\caches\modules-2\files-2.1\org.springframework.boot\spring-boot-starter-security\2.0.4.RELEASE\2ac314e5985fd9ae0d2acaea450f4f6c3dbd7f92\spring-boot-starter-security-2.0.4.RELEASE.jar;C:\Users\jorge\.gradle\caches\modules-2\files-2.1\org.springframework.boot\spring-boot-starter-webflux\2.0.4.RELEASE\a52fcd02fb6129e14f2b4b36acc5748368563c93\spring-boot-starter-webflux-2.0.4.RELEASE.jar;C:\Users\jorge\.gradle\caches\modules-2\files-2.1\org.springframework.boot\spring-boot-starter-test\2.0.4.RELEASE\8f473705d2742b669f0318f10a956f94a93ba3d2\spring-boot-starter-test-2.0.4.RELEASE.jar;C:\Users\jorge\.gradle\caches\modules-2\files-2.1\org.springframework.boot\spring-boot-starter-hateoas\2.0.4.RELEASE\2f115bebeffea81859c6d874457fa8db16b10747\spring-boot-starter-hateoas-2.0.4.RELEASE.jar;C:\Users\jorge\.gradle\caches\modules-2\files-2.1\org.springframework.boot\spring-boot-starter-web\2.0.4.RELEASE\98d49e981ecf804da877d84259b7b0d1ec2fb6f6\spring-boot-starter-web-2.0.4.RELEASE.jar;C:\Users\jorge\.gradle\caches\modules-2\files-2.1\org.springframework.boot\spring-boot-starter-json\2.0.4.RELEASE\c7afabf0d7c85db178da4ce0634e3bd2ddb0eb71\spring-boot-starter-json-2.0.4.RELEASE.jar;C:\Users\jorge\.gradle\caches\modules-2\files-2.1\org.springframework.boot\spring-boot-starter\2.0.4.RELEASE\ec46c63a2adeee40058eff1a6baefca13975dc94\spring-boot-starter-2.0.4.RELEASE.jar;C:\Users\jorge\.gradle\caches\modules-2\files-2.1\com.sun.mail\javax.mail\1.6.1\757ba4630692bb2a1ec2d9d57a616b63f15e947e\javax.mail-1.6.1.jar;C:\Users\jorge\.gradle\caches\modules-2\files-2.1\org.springframework.boot\spring-boot-actuator-autoconfigure\2.0.4.RELEASE\2cadc1d20a1f9ee667a608cfee154138e954f5f2\spring-boot-actuator-autoconfigure-2.0.4.RELEASE.jar;C:\Users\jorge\.gradle\caches\modules-2\files-2.1\com.fasterxml.jackson.datatype\jackson-datatype-jsr310\2.9.6\ea54f6193d224e5e5732bbd4262327eb465397c2\jackson-datatype-jsr310-2.9.6.jar;C:\Users\jorge\.gradle\caches\modules-2\files-2.1\commons-io\commons-io\2.6\815893df5f31da2ece4040fe0a12fd44b577afaf\commons-io-2.6.jar;C:\Users\jorge\.gradle\caches\modules-2\files-2.1\org.springframework.security\spring-security-test\5.0.7.RELEASE\a74c9ab10d53baa3bb7a731753fe0c6d9ab9d848\spring-security-test-5.0.7.RELEASE.jar;C:\Users\jorge\.gradle\caches\modules-2\files-2.1\com.marcnuri\spring-common-test\0.0.2\da9c2c5e849c7dcbbe99d190bedffa5e6fe450a5\spring-common-test-0.0.2.jar;C:\Users\jorge\.gradle\caches\modules-2\files-2.1\org.hamcrest\java-hamcrest\2.0.0.0\f1c8853ade0ecf707f5a261c830e98893983813\java-hamcrest-2.0.0.0.jar;C:\Users\jorge\.gradle\caches\modules-2\files-2.1\org.powermock\powermock-module-junit4\2.0.0-RC.3\b9a04b492e2b93e93617ba457f76aebbf00fc221\powermock-module-junit4-2.0.0-RC.3.jar;C:\Users\jorge\.gradle\caches\modules-2\files-2.1\org.powermock\powermock-api-mockito2\2.0.0-RC.3\f85a8404be063ef15c5fdd3745b11d2fba875fcd\powermock-api-mockito2-2.0.0-RC.3.jar;C:\Users\jorge\.gradle\caches\modules-2\files-2.1\org.springframework.boot\spring-boot-test-autoconfigure\2.0.4.RELEASE\8a2e3f31e607fdb08deda2f59263ce177f1c4310\spring-boot-test-autoconfigure-2.0.4.RELEASE.jar;C:\Users\jorge\.gradle\caches\modules-2\files-2.1\org.springframework.boot\spring-boot-test\2.0.4.RELEASE\8a17fc3cf16b6d75f2ba132ade04409a670095de\spring-boot-test-2.0.4.RELEASE.jar;C:\Users\jorge\.gradle\caches\modules-2\files-2.1\org.springframework.boot\spring-boot-autoconfigure\2.0.4.RELEASE\65cd1244d606acc02ab7bfc47a203a3fe2400dda\spring-boot-autoconfigure-2.0.4.RELEASE.jar;C:\Users\jorge\.gradle\caches\modules-2\files-2.1\org.springframework.boot\spring-boot-actuator\2.0.4.RELEASE\9c02c968eb50a7cdc14fc4c7b586d767df6dc48d\spring-boot-actuator-2.0.4.RELEASE.jar;C:\Users\jorge\.gradle\caches\modules-2\files-2.1\org.springframework.boot\spring-boot\2.0.4.RELEASE\c8619c5b06d4dcdb4cac1e5e9c839e6e8b1c8574\spring-boot-2.0.4.RELEASE.jar;C:\Users\jorge\.gradle\caches\modules-2\files-2.1\org.springframework.boot\spring-boot-starter-logging\2.0.4.RELEASE\dcd1a2c431c970f44adae64d9145133979a513ab\spring-boot-starter-logging-2.0.4.RELEASE.jar;C:\Users\jorge\.gradle\caches\modules-2\files-2.1\org.springframework.boot\spring-boot-starter-tomcat\2.0.4.RELEASE\dcf28989a34b0801fea0e810c371fb9dab1e7784\spring-boot-starter-tomcat-2.0.4.RELEASE.jar;C:\Users\jorge\.gradle\caches\modules-2\files-2.1\javax.annotation\javax.annotation-api\1.3.2\934c04d3cfef185a8008e7bf34331b79730a9d43\javax.annotation-api-1.3.2.jar;C:\Users\jorge\.gradle\caches\modules-2\files-2.1\org.springframework.security\spring-security-config\5.0.7.RELEASE\d702e01048687db4ec6c97fb32d28ffbe348b3e\spring-security-config-5.0.7.RELEASE.jar;C:\Users\jorge\.gradle\caches\modules-2\files-2.1\org.springframework.security\spring-security-web\5.0.7.RELEASE\bab3ed579d4550bb5cc40b0a7fddd0106db7c66\spring-security-web-5.0.7.RELEASE.jar;C:\Users\jorge\.gradle\caches\modules-2\files-2.1\org.springframework.hateoas\spring-hateoas\0.25.0.RELEASE\22d1abd575426709734ab83e7d81d6deb4addbf6\spring-hateoas-0.25.0.RELEASE.jar;C:\Users\jorge\.gradle\caches\modules-2\files-2.1\org.springframework\spring-webflux\5.0.8.RELEASE\d16ce1cf6f95771e821619d6ef13c1f0333fafb\spring-webflux-5.0.8.RELEASE.jar;C:\Users\jorge\.gradle\caches\modules-2\files-2.1\org.springframework\spring-webmvc\5.0.8.RELEASE\7e5fe57590ca8e4468e50fe1d92b0b67aa4a327a\spring-webmvc-5.0.8.RELEASE.jar;C:\Users\jorge\.gradle\caches\modules-2\files-2.1\org.springframework\spring-web\5.0.8.RELEASE\fa43cdadb4ab2491fd1d0ddb06c0808e4b60fc85\spring-web-5.0.8.RELEASE.jar;C:\Users\jorge\.gradle\caches\modules-2\files-2.1\org.springframework\spring-test\5.0.8.RELEASE\5782619373bd7e7b7d9106203c317b04bb613ebb\spring-test-5.0.8.RELEASE.jar;C:\Users\jorge\.gradle\caches\modules-2\files-2.1\org.springframework.security\spring-security-core\5.0.7.RELEASE\40a0c57af6b4c3f8c611216d2579c6ab19672694\spring-security-core-5.0.7.RELEASE.jar;C:\Users\jorge\.gradle\caches\modules-2\files-2.1\org.springframework.plugin\spring-plugin-core\1.2.0.RELEASE\f380e7760032e7d929184f8ad8a33716b75c0657\spring-plugin-core-1.2.0.RELEASE.jar;C:\Users\jorge\.gradle\caches\modules-2\files-2.1\org.springframework\spring-context\5.0.8.RELEASE\3a067d8990761111c9b6d1d895640be26cc1fb38\spring-context-5.0.8.RELEASE.jar;C:\Users\jorge\.gradle\caches\modules-2\files-2.1\org.springframework\spring-aop\5.0.8.RELEASE\f5086c1a3185c481104511837427b39a07a57aa2\spring-aop-5.0.8.RELEASE.jar;C:\Users\jorge\.gradle\caches\modules-2\files-2.1\org.springframework\spring-beans\5.0.8.RELEASE\5fc965d3e7f5515099244857a8ae9e2a208c169b\spring-beans-5.0.8.RELEASE.jar;C:\Users\jorge\.gradle\caches\modules-2\files-2.1\org.springframework\spring-expression\5.0.8.RELEASE\f23158f22c917df2cddf2ecebc398a9e95f95fae\spring-expression-5.0.8.RELEASE.jar;C:\Users\jorge\.gradle\caches\modules-2\files-2.1\org.springframework\spring-core\5.0.8.RELEASE\dc39c49e3246cdf73d3786ac41119140aed3fa08\spring-core-5.0.8.RELEASE.jar;C:\Users\jorge\.gradle\caches\modules-2\files-2.1\org.yaml\snakeyaml\1.19\2d998d3d674b172a588e54ab619854d073f555b5\snakeyaml-1.19.jar;C:\Users\jorge\.gradle\caches\modules-2\files-2.1\io.micrometer\micrometer-core\1.0.6\50299bc8a34c251d62311bbb1a297f3942a82e42\micrometer-core-1.0.6.jar;C:\Users\jorge\.gradle\caches\modules-2\files-2.1\org.springframework.boot\spring-boot-starter-reactor-netty\2.0.4.RELEASE\ed4ac88f7fc699a9cbb6ee804a26e2e30239ca35\spring-boot-starter-reactor-netty-2.0.4.RELEASE.jar;C:\Users\jorge\.gradle\caches\modules-2\files-2.1\org.hibernate.validator\hibernate-validator\6.0.11.Final\36f9d10a11e4768f55e8fb91ebe4338a5c43954e\hibernate-validator-6.0.11.Final.jar;C:\Users\jorge\.gradle\caches\modules-2\files-2.1\org.synchronoss.cloud\nio-multipart-parser\1.1.0\c6c417fec6612584b1c34d4dd98c5a4e47e8c754\nio-multipart-parser-1.1.0.jar;C:\Users\jorge\.gradle\caches\modules-2\files-2.1\javax.activation\activation\1.1\e6cb541461c2834bdea3eb920f1884d1eb508b50\activation-1.1.jar;C:\Users\jorge\.gradle\caches\modules-2\files-2.1\com.fasterxml.jackson.datatype\jackson-datatype-jdk8\2.9.6\456895fc91bf7180b216fead220373e6278230c9\jackson-datatype-jdk8-2.9.6.jar;C:\Users\jorge\.gradle\caches\modules-2\files-2.1\com.fasterxml.jackson.module\jackson-module-parameter-names\2.9.6\129acd77a4b6ee30d62d3a0899b1344c8ec2bff8\jackson-module-parameter-names-2.9.6.jar;C:\Users\jorge\.gradle\caches\modules-2\files-2.1\com.fasterxml.jackson.core\jackson-databind\2.9.6\cfa4f316351a91bfd95cb0644c6a2c95f52db1fc\jackson-databind-2.9.6.jar;C:\Users\jorge\.gradle\caches\modules-2\files-2.1\com.fasterxml.jackson.core\jackson-annotations\2.9.0\7c10d545325e3a6e72e06381afe469fd40eb701\jackson-annotations-2.9.0.jar;C:\Users\jorge\.gradle\caches\modules-2\files-2.1\com.fasterxml.jackson.core\jackson-core\2.9.6\4e393793c37c77e042ccc7be5a914ae39251b365\jackson-core-2.9.6.jar;C:\Users\jorge\.gradle\caches\modules-2\files-2.1\com.jayway.jsonpath\json-path\2.4.0\765a4401ceb2dc8d40553c2075eb80a8fa35c2ae\json-path-2.4.0.jar;C:\Users\jorge\.gradle\caches\modules-2\files-2.1\org.powermock\powermock-module-junit4-common\2.0.0-RC.3\f09137abdf1aeea2df214037eab50ed864602c9a\powermock-module-junit4-common-2.0.0-RC.3.jar;C:\Users\jorge\.gradle\caches\modules-2\files-2.1\junit\junit\4.12\2973d150c0dc1fefe998f834810d68f278ea58ec\junit-4.12.jar;C:\Users\jorge\.gradle\caches\modules-2\files-2.1\org.assertj\assertj-core\3.9.1\c5ce126b15f28d56cd8f960c1a6a058b9c9aea87\assertj-core-3.9.1.jar;C:\Users\jorge\.gradle\caches\modules-2\files-2.1\org.mockito\mockito-core\2.15.0\b84bfbbc29cd22c9529409627af6ea2897f4fa85\mockito-core-2.15.0.jar;C:\Users\jorge\.gradle\caches\modules-2\files-2.1\org.hamcrest\hamcrest-library\1.3\4785a3c21320980282f9f33d0d1264a69040538f\hamcrest-library-1.3.jar;C:\Users\jorge\.gradle\caches\modules-2\files-2.1\org.hamcrest\hamcrest-core\1.3\42a25dc3219429f0e5d060061f71acb49bf010a0\hamcrest-core-1.3.jar;C:\Users\jorge\.gradle\caches\modules-2\files-2.1\org.skyscreamer\jsonassert\1.5.0\6c9d5fe2f59da598d9aefc1cfc6528ff3cf32df3\jsonassert-1.5.0.jar;C:\Users\jorge\.gradle\caches\modules-2\files-2.1\org.xmlunit\xmlunit-core\2.5.1\4ffdb346572a7356f7521cd3119ce5287d2e339d\xmlunit-core-2.5.1.jar;C:\Users\jorge\.gradle\caches\modules-2\files-2.1\org.powermock\powermock-api-support\2.0.0-RC.3\a23d6bdbcf865513c9f6992134152be80504e499\powermock-api-support-2.0.0-RC.3.jar;C:\Users\jorge\.gradle\caches\modules-2\files-2.1\ch.qos.logback\logback-classic\1.2.3\7c4f3c474fb2c041d8028740440937705ebb473a\logback-classic-1.2.3.jar;C:\Users\jorge\.gradle\caches\modules-2\files-2.1\org.apache.logging.log4j\log4j-to-slf4j\2.10.0\f7e631ccf49cfc0aefa4a2a728da7d374c05bd3c\log4j-to-slf4j-2.10.0.jar;C:\Users\jorge\.gradle\caches\modules-2\files-2.1\org.slf4j\jul-to-slf4j\1.7.25\af5364cd6679bfffb114f0dec8a157aaa283b76\jul-to-slf4j-1.7.25.jar;C:\Users\jorge\.gradle\caches\modules-2\files-2.1\org.springframework\spring-jcl\5.0.8.RELEASE\a1fa8fb560fb252321776e16bc9ac8201af4ef5e\spring-jcl-5.0.8.RELEASE.jar;C:\Users\jorge\.gradle\caches\modules-2\files-2.1\org.hdrhistogram\HdrHistogram\2.1.10\9e1ac84eed220281841b75e72fb9de5a297fbf04\HdrHistogram-2.1.10.jar;C:\Users\jorge\.gradle\caches\modules-2\files-2.1\org.latencyutils\LatencyUtils\2.0.3\769c0b82cb2421c8256300e907298a9410a2a3d3\LatencyUtils-2.0.3.jar;C:\Users\jorge\.gradle\caches\modules-2\files-2.1\org.synchronoss.cloud\nio-stream-storage\1.1.3\986dba5f6e5eed20f0dba6ddc8e8a64a9ebdc2f3\nio-stream-storage-1.1.3.jar;C:\Users\jorge\.gradle\caches\modules-2\files-2.1\org.slf4j\slf4j-api\1.7.25\da76ca59f6a57ee3102f8f9bd9cee742973efa8a\slf4j-api-1.7.25.jar;C:\Users\jorge\.gradle\caches\modules-2\files-2.1\io.projectreactor.ipc\reactor-netty\0.7.8.RELEASE\fe25c7d3042b6005690f7d243cef987b696a12ee\reactor-netty-0.7.8.RELEASE.jar;C:\Users\jorge\.gradle\caches\modules-2\files-2.1\javax.validation\validation-api\2.0.1.Final\cb855558e6271b1b32e716d24cb85c7f583ce09e\validation-api-2.0.1.Final.jar;C:\Users\jorge\.gradle\caches\modules-2\files-2.1\org.jboss.logging\jboss-logging\3.3.2.Final\3789d00e859632e6c6206adc0c71625559e6e3b0\jboss-logging-3.3.2.Final.jar;C:\Users\jorge\.gradle\caches\modules-2\files-2.1\com.fasterxml\classmate\1.3.4\3d5f48f10bbe4eb7bd862f10c0583be2e0053c6\classmate-1.3.4.jar;C:\Users\jorge\.gradle\caches\modules-2\files-2.1\io.projectreactor\reactor-core\3.1.8.RELEASE\3bcc30f9161d3d17abe44b4aa20e397e5170566e\reactor-core-3.1.8.RELEASE.jar;C:\Users\jorge\.gradle\caches\modules-2\files-2.1\net.minidev\json-smart\2.3\7396407491352ce4fa30de92efb158adb76b5b\json-smart-2.3.jar;C:\Users\jorge\.gradle\caches\modules-2\files-2.1\org.powermock\powermock-core\2.0.0-RC.3\f958479ea1f0d1ba37cf65b6612fccfbaf4d8dd3\powermock-core-2.0.0-RC.3.jar;C:\Users\jorge\.gradle\caches\modules-2\files-2.1\org.powermock\powermock-reflect\2.0.0-RC.3\c10437486ae35b91666c2591fd7b1a8054b4573c\powermock-reflect-2.0.0-RC.3.jar;C:\Users\jorge\.gradle\caches\modules-2\files-2.1\net.bytebuddy\byte-buddy\1.7.11\f02857a4e2c66ccbe7aaad6100a0a6c461bce9b3\byte-buddy-1.7.11.jar;C:\Users\jorge\.gradle\caches\modules-2\files-2.1\net.bytebuddy\byte-buddy-agent\1.7.11\b425a8933ca07edd03c6dbc8bc3b595fba9780de\byte-buddy-agent-1.7.11.jar;C:\Users\jorge\.gradle\caches\modules-2\files-2.1\org.objenesis\objenesis\3.0.1\11cfac598df9dc48bb9ed9357ed04212694b7808\objenesis-3.0.1.jar;C:\Users\jorge\.gradle\caches\modules-2\files-2.1\com.vaadin.external.google\android-json\0.0.20131108.vaadin1\fa26d351fe62a6a17f5cda1287c1c6110dec413f\android-json-0.0.20131108.vaadin1.jar;C:\Users\jorge\.gradle\caches\modules-2\files-2.1\ch.qos.logback\logback-core\1.2.3\864344400c3d4d92dfeb0a305dc87d953677c03c\logback-core-1.2.3.jar;C:\Users\jorge\.gradle\caches\modules-2\files-2.1\org.apache.logging.log4j\log4j-api\2.10.0\fec5797a55b786184a537abd39c3fa1449d752d6\log4j-api-2.10.0.jar;C:\Users\jorge\.gradle\caches\modules-2\files-2.1\org.apache.tomcat.embed\tomcat-embed-websocket\8.5.32\ea5302e378f1449d4e5dda79e8d810c1e7931f91\tomcat-embed-websocket-8.5.32.jar;C:\Users\jorge\.gradle\caches\modules-2\files-2.1\org.apache.tomcat.embed\tomcat-embed-core\8.5.32\6bc6896200146010cc4666bdc6b9b0cbb453ee22\tomcat-embed-core-8.5.32.jar;C:\Users\jorge\.gradle\caches\modules-2\files-2.1\org.apache.tomcat.embed\tomcat-embed-el\8.5.32\e4fd0ee015d83fa1c5ec93ff1d05bdaf9a4480c5\tomcat-embed-el-8.5.32.jar;C:\Users\jorge\.gradle\caches\modules-2\files-2.1\io.netty\netty-handler-proxy\4.1.27.Final\1a822ce7760bc6eb4937b7e448c9e081fedcc807\netty-handler-proxy-4.1.27.Final.jar;C:\Users\jorge\.gradle\caches\modules-2\files-2.1\io.netty\netty-codec-http\4.1.27.Final\a1722d6bcbbef1c4c7877e8bf38b07a3db5ed07f\netty-codec-http-4.1.27.Final.jar;C:\Users\jorge\.gradle\caches\modules-2\files-2.1\io.netty\netty-handler\4.1.27.Final\21bd9cf565390a8d72579b8664303e3c175dfc6a\netty-handler-4.1.27.Final.jar;C:\Users\jorge\.gradle\caches\modules-2\files-2.1\io.netty\netty-transport-native-epoll\4.1.27.Final\8c3a61a7dd53eafe2f0fe31356f1379598f74517\netty-transport-native-epoll-4.1.27.Final-linux-x86_64.jar;C:\Users\jorge\.gradle\caches\modules-2\files-2.1\org.reactivestreams\reactive-streams\1.0.2\323964c36556eb0e6209f65c1cef72b53b461ab8\reactive-streams-1.0.2.jar;C:\Users\jorge\.gradle\caches\modules-2\files-2.1\net.minidev\accessors-smart\1.2\c592b500269bfde36096641b01238a8350f8aa31\accessors-smart-1.2.jar;C:\Users\jorge\.gradle\caches\modules-2\files-2.1\org.javassist\javassist\3.24.0-GA\d7466fc2e3af7c023e95c510f06448ad29b225b3\javassist-3.24.0-GA.jar;C:\Users\jorge\.gradle\caches\modules-2\files-2.1\io.netty\netty-codec-socks\4.1.27.Final\285b09af98764cf02e4b77b3d95af188469a7133\netty-codec-socks-4.1.27.Final.jar;C:\Users\jorge\.gradle\caches\modules-2\files-2.1\io.netty\netty-codec\4.1.27.Final\d2653d78ebaa650064768fb26b10051f5c8efb2c\netty-codec-4.1.27.Final.jar;C:\Users\jorge\.gradle\caches\modules-2\files-2.1\io.netty\netty-transport-native-unix-common\4.1.27.Final\2b0667fe5c1df78c6cfbf9d53ad8b1fb533fb8e8\netty-transport-native-unix-common-4.1.27.Final.jar;C:\Users\jorge\.gradle\caches\modules-2\files-2.1\io.netty\netty-transport\4.1.27.Final\b5c2da3ea89dd67320925f1504c9eb3615241b7c\netty-transport-4.1.27.Final.jar;C:\Users\jorge\.gradle\caches\modules-2\files-2.1\io.netty\netty-buffer\4.1.27.Final\aafe2b9fb0d8f3b200cf10b9fd6486c6a722d7a1\netty-buffer-4.1.27.Final.jar;C:\Users\jorge\.gradle\caches\modules-2\files-2.1\io.netty\netty-resolver\4.1.27.Final\2536447ef9605ccb2b5203aa22392c6514484ea9\netty-resolver-4.1.27.Final.jar;C:\Users\jorge\.gradle\caches\modules-2\files-2.1\io.netty\netty-common\4.1.27.Final\6a12a969c27fb37b230c4bde5a67bd822fa6b7a4\netty-common-4.1.27.Final.jar;C:\Users\jorge\.gradle\caches\modules-2\files-2.1\org.ow2.asm\asm\5.0.4\da08b8cce7bbf903602a25a3a163ae252435795\asm-5.0.4.jar, user.name=jorge, java.vm.specification.version=1.8, sun.java.command=worker.org.gradle.process.internal.worker.GradleWorkerMain 'Gradle Test Executor 1', java.home=C:\Program Files\AdoptOpenJDK\jdk-8.0.242.08-hotspot\jre, sun.arch.data.model=64, user.language=en, java.specification.vendor=Oracle Corporation, awt.toolkit=sun.awt.windows.WToolkit, java.vm.info=mixed mode, java.version=1.8.0_242, java.ext.dirs=C:\Program Files\AdoptOpenJDK\jdk-8.0.242.08-hotspot\jre\lib\ext;C:\Windows\Sun\Java\lib\ext, sun.boot.class.path=C:\Program Files\AdoptOpenJDK\jdk-8.0.242.08-hotspot\jre\lib\resources.jar;C:\Program Files\AdoptOpenJDK\jdk-8.0.242.08-hotspot\jre\lib\rt.jar;C:\Program Files\AdoptOpenJDK\jdk-8.0.242.08-hotspot\jre\lib\sunrsasign.jar;C:\Program Files\AdoptOpenJDK\jdk-8.0.242.08-hotspot\jre\lib\jsse.jar;C:\Program Files\AdoptOpenJDK\jdk-8.0.242.08-hotspot\jre\lib\jce.jar;C:\Program Files\AdoptOpenJDK\jdk-8.0.242.08-hotspot\jre\lib\charsets.jar;C:\Program Files\AdoptOpenJDK\jdk-8.0.242.08-hotspot\jre\lib\jfr.jar;C:\Program Files\AdoptOpenJDK\jdk-8.0.242.08-hotspot\jre\classes, java.vendor=AdoptOpenJDK, org.gradle.test.worker=1, file.separator=\, java.vendor.url.bug=http://bugreport.sun.com/bugreport/, sun.io.unicode.encoding=UnicodeLittle, sun.cpu.endian=little, sun.desktop=windows, sun.cpu.isalist=amd64}}, SystemEnvironmentPropertySource@707584035 {name='systemEnvironment', properties={USERDOMAIN_ROAMINGPROFILE=DESKTOP-U7U4TE6, PROCESSOR_LEVEL=6, VS140COMNTOOLS=C:\Program Files (x86)\Microsoft Visual Studio 14.0\Common7\Tools\, SESSIONNAME=Console, ALLUSERSPROFILE=C:\ProgramData, PROCESSOR_ARCHITECTURE=AMD64, PSModulePath=C:\Users\jorge\Documents\WindowsPowerShell\Modules;C:\Program Files\WindowsPowerShell\Modules;C:\Windows\system32\WindowsPowerShell\v1.0\Modules, SystemDrive=C:, =ExitCode=00000000, DIRNAME=C:\azure-devops\git\eShopOnContainers\src\Web\WebImapClient\Client\server\, USERNAME=jorge, CMD_LINE_ARGS=b, ProgramFiles(x86)=C:\Program Files (x86), FPS_BROWSER_USER_PROFILE_STRING=Default, APP_HOME=C:\azure-devops\git\eShopOnContainers\src\Web\WebImapClient\Client\server\, PATHEXT=.COM;.EXE;.BAT;.CMD;.VBS;.VBE;.JS;.JSE;.WSF;.WSH;.MSC;.CPL, DriverData=C:\Windows\System32\Drivers\DriverData, OneDriveConsumer=C:\Users\jorge\OneDrive, ProgramData=C:\ProgramData, ProgramW6432=C:\Program Files, HOMEPATH=\Users\jorge, PROCESSOR_IDENTIFIER=Intel64 Family 6 Model 158 Stepping 13, GenuineIntel, ProgramFiles=C:\Program Files, PUBLIC=C:\Users\Public, windir=C:\Windows, =::=::\, _SKIP=2, LOCALAPPDATA=C:\Users\jorge\AppData\Local, ChocolateyLastPathUpdate=132229495750090469, USERDOMAIN=DESKTOP-U7U4TE6, FPS_BROWSER_APP_PROFILE_STRING=Internet Explorer, LOGONSERVER=\\DESKTOP-U7U4TE6, PROMPT=$P$G, OneDrive=C:\Users\jorge\OneDrive, =C:=C:\azure-devops\git\eShopOnContainers\src\Web\WebImapClient\Client\server, APPDATA=C:\Users\jorge\AppData\Roaming, JAVA_EXE=java.exe, ChocolateyInstall=C:\ProgramData\chocolatey, CommonProgramFiles=C:\Program Files\Common Files, Path=C:\Program Files\AdoptOpenJDK\jdk-8.0.242.08-hotspot\bin;C:\Program Files (x86)\Common Files\Oracle\Java\javapath;C:\Python27\;C:\Python27\Scripts;C:\ProgramData\DockerDesktop\version-bin;C:\Program Files\Docker\Docker\Resources\bin;C:\Windows\system32;C:\Windows;C:\Windows\System32\Wbem;C:\Windows\System32\WindowsPowerShell\v1.0\;C:\Windows\System32\OpenSSH\;C:\Program Files (x86)\NVIDIA Corporation\PhysX\Common;C:\Program Files\dotnet\;C:\Program Files\Microsoft SQL Server\130\Tools\Binn\;C:\Program Files\Microsoft SQL Server\Client SDK\ODBC\170\Tools\Binn\;C:\Program Files (x86)\Microsoft SQL Server\150\DTS\Binn\;C:\Program Files\Git\cmd;C:\Program Files (x86)\Microsoft ASP.NET\ASP.NET Web Pages\v1.0\;C:\Program Files\Microsoft SQL Server\110\Tools\Binn\;C:\Windows\system32\config\systemprofile\.dnx\bin;C:\Program Files\Microsoft DNX\Dnvm\;C:\Program Files\nodejs\;C:\ProgramData\chocolatey\bin;C:\Program Files\Microsoft\Web Platform Installer\;C:\Users\jorge\AppData\Local\Microsoft\WindowsApps;C:\Users\jorge\AppData\Local\Programs\Microsoft VS Code\bin;C:\Users\jorge\.dotnet\tools;C:\Users\jorge\AppData\Roaming\npm;C:\Users\jorge\AppData\Local\GitHubDesktop\bin, OS=Windows_NT, COMPUTERNAME=DESKTOP-U7U4TE6, PROCESSOR_REVISION=9e0d, CLASSPATH=C:\azure-devops\git\eShopOnContainers\src\Web\WebImapClient\Client\server\\gradle\wrapper\gradle-wrapper.jar, CommonProgramW6432=C:\Program Files\Common Files, ComSpec=C:\Windows\system32\cmd.exe, APP_BASE_NAME=gradlew, SystemRoot=C:\Windows, TEMP=C:\Users\jorge\AppData\Local\Temp, HOMEDRIVE=C:, USERPROFILE=C:\Users\jorge, TMP=C:\Users\jorge\AppData\Local\Temp, VS110COMNTOOLS=C:\Program Files (x86)\Microsoft Visual Studio 11.0\Common7\Tools\, CommonProgramFiles(x86)=C:\Program Files (x86)\Common Files, NUMBER_OF_PROCESSORS=12}}]
13:25:58.045 [Test worker] DEBUG org.springframework.web.servlet.mvc.method.annotation.RequestMappingHandlerMapping - Looking for request mappings in application context: org.springframework.test.web.servlet.setup.StubWebApplicationContext@6c15909e
13:25:58.050 [Test worker] DEBUG org.springframework.web.servlet.mvc.method.annotation.RequestMappingHandlerMapping - 18 request handler methods found on class com.marcnuri.isotope.api.folder.FolderResource: {public org.springframework.http.ResponseEntity com.marcnuri.isotope.api.folder.FolderResource.getMessage(java.lang.String,java.lang.Long)={[/v1/folders/{folderId}/messages/{messageId}],methods=[GET]}, public org.springframework.http.ResponseEntity com.marcnuri.isotope.api.folder.FolderResource.setMessageFlagged(java.lang.String,java.lang.Long,boolean)={[/v1/folders/{folderId}/messages/{messageId}/flagged],methods=[PUT]}, public org.springframework.http.ResponseEntity com.marcnuri.isotope.api.folder.FolderResource.createChildFolder(java.lang.String,java.lang.String)={[/v1/folders/{folderId}],methods=[POST],produces=[application/hal+json]}, public org.springframework.http.ResponseEntity com.marcnuri.isotope.api.folder.FolderResource.deleteAllFolderMessages(java.lang.String)={[/v1/folders/{folderId}/messages],methods=[DELETE]}, public org.springframework.http.ResponseEntity com.marcnuri.isotope.api.folder.FolderResource.moveFolder(java.lang.String,java.lang.String)={[/v1/folders/{folderId}/parent],methods=[PUT],produces=[application/hal+json]}, public org.springframework.http.ResponseEntity com.marcnuri.isotope.api.folder.FolderResource.getMessageRaw(java.lang.String,java.lang.Long)={[/v1/folders/{folderId}/messages/{messageId}/raw],methods=[GET]}, public org.springframework.http.ResponseEntity com.marcnuri.isotope.api.folder.FolderResource.setMessagesSeen(java.lang.String,java.lang.Boolean,java.util.List)={[/v1/folders/{folderId}/messages/seen/{seen}],methods=[PUT]}, public org.springframework.http.ResponseEntity com.marcnuri.isotope.api.folder.FolderResource.getFolders(java.lang.Boolean)={[/v1/folders],methods=[GET],produces=[application/hal+json]}, public org.springframework.http.ResponseEntity com.marcnuri.isotope.api.folder.FolderResource.createRootFolder(java.lang.String)={[/v1/folders],methods=[POST],produces=[application/hal+json]}, public org.springframework.http.ResponseEntity com.marcnuri.isotope.api.folder.FolderResource.deleteMessages(java.lang.String,java.util.List)={[/v1/folders/{folderId}/messages],methods=[DELETE],params=[id]}, public reactor.core.publisher.Flux com.marcnuri.isotope.api.folder.FolderResource.getMessages(java.lang.String,javax.servlet.http.HttpServletResponse)={[/v1/folders/{folderId}/messages],methods=[GET],produces=[text/event-stream]}, public org.springframework.http.ResponseEntity com.marcnuri.isotope.api.folder.FolderResource.preloadMessages(java.lang.String,java.util.List)={[/v1/folders/{folderId}/messages],methods=[GET]}, public org.springframework.http.ResponseEntity com.marcnuri.isotope.api.folder.FolderResource.getAttachment(java.lang.String,java.lang.Long,java.lang.String,java.lang.Boolean,javax.servlet.http.HttpServletResponse)={[/v1/folders/{folderId}/messages/{messageId}/attachments/{id}],methods=[GET]}, public org.springframework.http.ResponseEntity com.marcnuri.isotope.api.folder.FolderResource.deleteFolder(java.lang.String)={[/v1/folders/{folderId}],methods=[DELETE],produces=[application/hal+json]}, public org.springframework.http.ResponseEntity com.marcnuri.isotope.api.folder.FolderResource.moveMessages(java.lang.String,java.lang.String,java.util.List)={[/v1/folders/{fromFolderId}/messages/folder/{toFolderId}],methods=[PUT]}, public org.springframework.http.ResponseEntity com.marcnuri.isotope.api.folder.FolderResource.renameFolder(java.lang.String,java.lang.String)={[/v1/folders/{folderId}/name],methods=[PUT],produces=[application/hal+json]}, public org.springframework.http.ResponseEntity com.marcnuri.isotope.api.folder.FolderResource.moveMessage(java.lang.String,java.lang.Long,java.lang.String)={[/v1/folders/{fromFolderId}/messages/{messageId}/folder/{toFolderId}],methods=[PUT]}, public org.springframework.http.ResponseEntity com.marcnuri.isotope.api.folder.FolderResource.setMessageSeen(java.lang.String,java.lang.Long,boolean)={[/v1/folders/{folderId}/messages/{messageId}/seen],methods=[PUT]}}
13:25:58.050 [Test worker] INFO org.springframework.web.servlet.mvc.method.annotation.RequestMappingHandlerMapping - Mapped "{[/v1/folders/{folderId}/messages/{messageId}],methods=[GET]}" onto public org.springframework.http.ResponseEntity<com.marcnuri.isotope.api.message.MessageWithFolder> com.marcnuri.isotope.api.folder.FolderResource.getMessage(java.lang.String,java.lang.Long)
13:25:58.051 [Test worker] INFO org.springframework.web.servlet.mvc.method.annotation.RequestMappingHandlerMapping - Mapped "{[/v1/folders/{folderId}/messages/{messageId}/flagged],methods=[PUT]}" onto public org.springframework.http.ResponseEntity<java.lang.Void> com.marcnuri.isotope.api.folder.FolderResource.setMessageFlagged(java.lang.String,java.lang.Long,boolean)
13:25:58.051 [Test worker] INFO org.springframework.web.servlet.mvc.method.annotation.RequestMappingHandlerMapping - Mapped "{[/v1/folders/{folderId}],methods=[POST],produces=[application/hal+json]}" onto public org.springframework.http.ResponseEntity<com.marcnuri.isotope.api.folder.Folder> com.marcnuri.isotope.api.folder.FolderResource.createChildFolder(java.lang.String,java.lang.String)
13:25:58.051 [Test worker] INFO org.springframework.web.servlet.mvc.method.annotation.RequestMappingHandlerMapping - Mapped "{[/v1/folders/{folderId}/messages],methods=[DELETE]}" onto public org.springframework.http.ResponseEntity<com.marcnuri.isotope.api.folder.Folder> com.marcnuri.isotope.api.folder.FolderResource.deleteAllFolderMessages(java.lang.String)
13:25:58.051 [Test worker] INFO org.springframework.web.servlet.mvc.method.annotation.RequestMappingHandlerMapping - Mapped "{[/v1/folders/{folderId}/parent],methods=[PUT],produces=[application/hal+json]}" onto public org.springframework.http.ResponseEntity<com.marcnuri.isotope.api.folder.Folder> com.marcnuri.isotope.api.folder.FolderResource.moveFolder(java.lang.String,java.lang.String)
13:25:58.051 [Test worker] INFO org.springframework.web.servlet.mvc.method.annotation.RequestMappingHandlerMapping - Mapped "{[/v1/folders/{folderId}/messages/{messageId}/raw],methods=[GET]}" onto public org.springframework.http.ResponseEntity<java.lang.String> com.marcnuri.isotope.api.folder.FolderResource.getMessageRaw(java.lang.String,java.lang.Long)
13:25:58.051 [Test worker] INFO org.springframework.web.servlet.mvc.method.annotation.RequestMappingHandlerMapping - Mapped "{[/v1/folders/{folderId}/messages/seen/{seen}],methods=[PUT]}" onto public org.springframework.http.ResponseEntity<java.lang.Void> com.marcnuri.isotope.api.folder.FolderResource.setMessagesSeen(java.lang.String,java.lang.Boolean,java.util.List<java.lang.Long>)
13:25:58.052 [Test worker] INFO org.springframework.web.servlet.mvc.method.annotation.RequestMappingHandlerMapping - Mapped "{[/v1/folders],methods=[GET],produces=[application/hal+json]}" onto public org.springframework.http.ResponseEntity<java.util.List<com.marcnuri.isotope.api.folder.Folder>> com.marcnuri.isotope.api.folder.FolderResource.getFolders(java.lang.Boolean)
13:25:58.052 [Test worker] INFO org.springframework.web.servlet.mvc.method.annotation.RequestMappingHandlerMapping - Mapped "{[/v1/folders],methods=[POST],produces=[application/hal+json]}" onto public org.springframework.http.ResponseEntity<java.util.List<com.marcnuri.isotope.api.folder.Folder>> com.marcnuri.isotope.api.folder.FolderResource.createRootFolder(java.lang.String)
13:25:58.052 [Test worker] INFO org.springframework.web.servlet.mvc.method.annotation.RequestMappingHandlerMapping - Mapped "{[/v1/folders/{folderId}/messages],methods=[DELETE],params=[id]}" onto public org.springframework.http.ResponseEntity<com.marcnuri.isotope.api.folder.Folder> com.marcnuri.isotope.api.folder.FolderResource.deleteMessages(java.lang.String,java.util.List<java.lang.Long>)
13:25:58.052 [Test worker] INFO org.springframework.web.servlet.mvc.method.annotation.RequestMappingHandlerMapping - Mapped "{[/v1/folders/{folderId}/messages],methods=[GET],produces=[text/event-stream]}" onto public reactor.core.publisher.Flux<org.springframework.http.codec.ServerSentEvent<java.util.List<com.marcnuri.isotope.api.message.Message>>> com.marcnuri.isotope.api.folder.FolderResource.getMessages(java.lang.String,javax.servlet.http.HttpServletResponse)
13:25:58.053 [Test worker] INFO org.springframework.web.servlet.mvc.method.annotation.RequestMappingHandlerMapping - Mapped "{[/v1/folders/{folderId}/messages],methods=[GET]}" onto public org.springframework.http.ResponseEntity<java.util.List<com.marcnuri.isotope.api.message.Message>> com.marcnuri.isotope.api.folder.FolderResource.preloadMessages(java.lang.String,java.util.List<java.lang.Long>)
13:25:58.053 [Test worker] INFO org.springframework.web.servlet.mvc.method.annotation.RequestMappingHandlerMapping - Mapped "{[/v1/folders/{folderId}/messages/{messageId}/attachments/{id}],methods=[GET]}" onto public org.springframework.http.ResponseEntity<java.lang.Void> com.marcnuri.isotope.api.folder.FolderResource.getAttachment(java.lang.String,java.lang.Long,java.lang.String,java.lang.Boolean,javax.servlet.http.HttpServletResponse)
13:25:58.053 [Test worker] INFO org.springframework.web.servlet.mvc.method.annotation.RequestMappingHandlerMapping - Mapped "{[/v1/folders/{folderId}],methods=[DELETE],produces=[application/hal+json]}" onto public org.springframework.http.ResponseEntity<com.marcnuri.isotope.api.folder.Folder> com.marcnuri.isotope.api.folder.FolderResource.deleteFolder(java.lang.String)
13:25:58.053 [Test worker] INFO org.springframework.web.servlet.mvc.method.annotation.RequestMappingHandlerMapping - Mapped "{[/v1/folders/{fromFolderId}/messages/folder/{toFolderId}],methods=[PUT]}" onto public org.springframework.http.ResponseEntity<java.util.List<com.marcnuri.isotope.api.message.MessageWithFolder>> com.marcnuri.isotope.api.folder.FolderResource.moveMessages(java.lang.String,java.lang.String,java.util.List<java.lang.Long>)
13:25:58.053 [Test worker] INFO org.springframework.web.servlet.mvc.method.annotation.RequestMappingHandlerMapping - Mapped "{[/v1/folders/{folderId}/name],methods=[PUT],produces=[application/hal+json]}" onto public org.springframework.http.ResponseEntity<com.marcnuri.isotope.api.folder.Folder> com.marcnuri.isotope.api.folder.FolderResource.renameFolder(java.lang.String,java.lang.String)
13:25:58.054 [Test worker] INFO org.springframework.web.servlet.mvc.method.annotation.RequestMappingHandlerMapping - Mapped "{[/v1/folders/{fromFolderId}/messages/{messageId}/folder/{toFolderId}],methods=[PUT]}" onto public org.springframework.http.ResponseEntity<java.util.List<com.marcnuri.isotope.api.message.MessageWithFolder>> com.marcnuri.isotope.api.folder.FolderResource.moveMessage(java.lang.String,java.lang.Long,java.lang.String)
13:25:58.054 [Test worker] INFO org.springframework.web.servlet.mvc.method.annotation.RequestMappingHandlerMapping - Mapped "{[/v1/folders/{folderId}/messages/{messageId}/seen],methods=[PUT]}" onto public org.springframework.http.ResponseEntity<java.lang.Void> com.marcnuri.isotope.api.folder.FolderResource.setMessageSeen(java.lang.String,java.lang.Long,boolean)
13:25:58.060 [Test worker] DEBUG org.hibernate.validator.internal.engine.resolver.TraversableResolvers - Cannot find javax.persistence.Persistence on classpath. Assuming non JPA 2 environment. All properties will per default be traversable.
13:25:58.060 [Test worker] DEBUG org.hibernate.validator.messageinterpolation.ResourceBundleMessageInterpolator - Loaded expression factory via original TCCL
13:25:58.061 [Test worker] DEBUG org.hibernate.validator.internal.engine.ConfigurationImpl - Setting custom MessageInterpolator of type org.springframework.validation.beanvalidation.LocaleContextMessageInterpolator
13:25:58.061 [Test worker] DEBUG org.hibernate.validator.internal.engine.ConfigurationImpl - Setting custom ParameterNameProvider of type org.springframework.validation.beanvalidation.LocalValidatorFactoryBean$1
13:25:58.061 [Test worker] DEBUG org.hibernate.validator.internal.xml.config.ValidationXmlParser - Trying to load META-INF/validation.xml for XML based Validator configuration.
13:25:58.061 [Test worker] DEBUG org.hibernate.validator.internal.xml.config.ResourceLoaderHelper - Trying to load META-INF/validation.xml via TCCL
13:25:58.061 [Test worker] DEBUG org.hibernate.validator.internal.xml.config.ResourceLoaderHelper - Trying to load META-INF/validation.xml via Hibernate Validator's class loader
13:25:58.062 [Test worker] DEBUG org.hibernate.validator.internal.xml.config.ValidationXmlParser - No META-INF/validation.xml found. Using annotation based configuration only.
13:25:58.066 [Test worker] DEBUG org.hibernate.validator.internal.engine.ValidatorFactoryImpl - HV000234: Using org.springframework.validation.beanvalidation.LocaleContextMessageInterpolator as ValidatorFactory-scoped message interpolator.
13:25:58.066 [Test worker] DEBUG org.hibernate.validator.internal.engine.ValidatorFactoryImpl - HV000234: Using org.hibernate.validator.internal.engine.resolver.TraverseAllTraversableResolver as ValidatorFactory-scoped traversable resolver.
13:25:58.066 [Test worker] DEBUG org.hibernate.validator.internal.engine.ValidatorFactoryImpl - HV000234: Using org.hibernate.validator.internal.util.ExecutableParameterNameProvider as ValidatorFactory-scoped parameter name provider.
13:25:58.066 [Test worker] DEBUG org.hibernate.validator.internal.engine.ValidatorFactoryImpl - HV000234: Using org.hibernate.validator.internal.engine.DefaultClockProvider as ValidatorFactory-scoped clock provider.
13:25:58.066 [Test worker] DEBUG org.hibernate.validator.internal.engine.ValidatorFactoryImpl - HV000234: Using org.hibernate.validator.internal.engine.scripting.DefaultScriptEvaluatorFactory as ValidatorFactory-scoped script evaluator factory.
13:25:58.067 [Test worker] INFO org.springframework.web.servlet.mvc.method.annotation.RequestMappingHandlerAdapter - Looking for @ControllerAdvice: org.springframework.test.web.servlet.setup.StubWebApplicationContext@6c15909e
13:25:58.069 [Test worker] DEBUG org.springframework.web.servlet.mvc.method.annotation.ExceptionHandlerExceptionResolver - Looking for exception mappings: org.springframework.test.web.servlet.setup.StubWebApplicationContext@6c15909e
13:25:58.069 [Test worker] DEBUG org.springframework.test.web.servlet.TestDispatcherServlet - Initializing servlet ''
13:25:58.069 [Test worker] INFO org.springframework.mock.web.MockServletContext - Initializing Spring FrameworkServlet ''
13:25:58.069 [Test worker] INFO org.springframework.test.web.servlet.TestDispatcherServlet - FrameworkServlet '': initialization started
13:25:58.069 [Test worker] DEBUG org.springframework.test.web.servlet.TestDispatcherServlet - Unable to locate MultipartResolver with name 'multipartResolver': no multipart request handling provided
13:25:58.069 [Test worker] DEBUG org.springframework.test.web.servlet.TestDispatcherServlet - Using LocaleResolver [org.springframework.web.servlet.i18n.AcceptHeaderLocaleResolver@70ba6640]
13:25:58.069 [Test worker] DEBUG org.springframework.test.web.servlet.TestDispatcherServlet - Using ThemeResolver [org.springframework.web.servlet.theme.FixedThemeResolver@38421200]
13:25:58.069 [Test worker] DEBUG org.springframework.test.web.servlet.TestDispatcherServlet - Using RequestToViewNameTranslator [org.springframework.web.servlet.view.DefaultRequestToViewNameTranslator@4b422f7f]
13:25:58.069 [Test worker] DEBUG org.springframework.test.web.servlet.TestDispatcherServlet - Using FlashMapManager [org.springframework.web.servlet.support.SessionFlashMapManager@7eaa20c1]
13:25:58.069 [Test worker] DEBUG org.springframework.test.web.servlet.TestDispatcherServlet - Published WebApplicationContext of servlet '' as ServletContext attribute with name [org.springframework.web.servlet.FrameworkServlet.CONTEXT.]
13:25:58.069 [Test worker] INFO org.springframework.test.web.servlet.TestDispatcherServlet - FrameworkServlet '': initialization completed in 0 ms
13:25:58.069 [Test worker] DEBUG org.springframework.test.web.servlet.TestDispatcherServlet - Servlet '' configured successfully
13:25:58.070 [Test worker] DEBUG org.springframework.test.web.servlet.TestDispatcherServlet - DispatcherServlet with name '' processing PUT request for [/v1/folders/L29yaWdpbmFsL2ZvbGRlcg==/parent]
13:25:58.070 [Test worker] DEBUG org.springframework.web.servlet.mvc.method.annotation.RequestMappingHandlerMapping - Looking up handler method for path /v1/folders/L29yaWdpbmFsL2ZvbGRlcg==/parent
13:25:58.071 [Test worker] DEBUG org.springframework.web.servlet.mvc.method.annotation.RequestMappingHandlerMapping - Returning handler method [public org.springframework.http.ResponseEntity<com.marcnuri.isotope.api.folder.Folder> com.marcnuri.isotope.api.folder.FolderResource.moveFolder(java.lang.String,java.lang.String)]
13:25:58.072 [Test worker] DEBUG org.springframework.web.servlet.mvc.method.annotation.RequestResponseBodyMethodProcessor - Read [class java.lang.String] as "application/json" with [org.springframework.http.converter.StringHttpMessageConverter@5d01c132]
13:25:58.073 [Test worker] DEBUG org.springframework.beans.factory.support.DefaultListableBeanFactory - Returning cached instance of singleton bean 'prototypeImapService'
13:25:58.081 [Test worker] DEBUG org.springframework.web.servlet.mvc.method.annotation.HttpEntityMethodProcessor - Written [links: [<http://localhost/v1/folders/1337>;rel="self", <http://localhost/v1/folders/1337/messages>;rel="messages", <http://localhost/v1/folders/1337>;rel="delete", <http://localhost/v1/folders/1337/name>;rel="rename", <http://localhost/v1/folders/1337/parent>;rel="move", <http://localhost/v1/folders/1337/messages/{messageId}>;rel="message", <http://localhost/v1/folders/1337/messages/{messageId}/flagged>;rel="message.flagged", <http://localhost/v1/folders/1337/messages/{messageId}/folder/{toFolderId}>;rel="message.move", <http://localhost/v1/folders/1337/messages/folder/{toFolderId}>;rel="message.move.bulk", <http://localhost/v1/folders/1337/messages/{messageId}/seen>;rel="message.seen", <http://localhost/v1/folders/1337/messages/seen/{seen}>;rel="message.seen.bulk"]] as "application/hal+json" using [org.springframework.http.converter.json.MappingJackson2HttpMessageConverter@534022fd]
13:25:58.081 [Test worker] DEBUG org.springframework.test.web.servlet.TestDispatcherServlet - Null ModelAndView returned to DispatcherServlet with name '': assuming HandlerAdapter completed request handling
13:25:58.081 [Test worker] DEBUG org.springframework.test.web.servlet.TestDispatcherServlet - Successfully completed request
13:25:58.082 [Test worker] DEBUG com.jayway.jsonpath.internal.path.CompiledPath - Evaluating path: $['folderId']
13:25:58.082 [Test worker] DEBUG com.jayway.jsonpath.internal.path.CompiledPath - Evaluating path: $['_links']
13:25:58.082 [Test worker] DEBUG com.jayway.jsonpath.internal.path.CompiledPath - Evaluating path: $['_links']
13:25:58.082 [Test worker] DEBUG org.springframework.test.context.cache.DefaultCacheAwareContextLoaderDelegate - Retrieved ApplicationContext from cache with key [[MergedContextConfiguration@6692e92d testClass = FolderResourceTest, locations = '{}', classes = '{class com.marcnuri.isotope.api.folder.FolderResource}', contextInitializerClasses = '[]', activeProfiles = '{}', propertySourceLocations = '{}', propertySourceProperties = '{}', contextCustomizers = set[org.springframework.boot.test.autoconfigure.properties.PropertyMappingContextCustomizer@0, org.springframework.boot.test.autoconfigure.web.servlet.WebDriverContextCustomizerFactory$Customizer@2dc9ad67, org.springframework.boot.test.context.filter.ExcludeFilterContextCustomizer@7975bbf7, org.springframework.boot.test.json.DuplicateJsonObjectContextCustomizerFactory$DuplicateJsonObjectContextCustomizer@2dd9ed03, org.springframework.boot.test.mock.mockito.MockitoContextCustomizer@570072aa], contextLoader = 'org.springframework.test.context.support.DelegatingSmartContextLoader', parent = [null]]]
13:25:58.083 [Test worker] DEBUG org.springframework.test.context.cache - Spring test ApplicationContext cache statistics: [DefaultContextCache@10c13e31 size = 2, maxSize = 32, parentContextCount = 0, hitCount = 74, missCount = 2]
13:25:58.083 [Test worker] DEBUG org.springframework.beans.factory.support.DefaultListableBeanFactory - Returning cached instance of singleton bean 'org.springframework.boot.test.mock.mockito.MockitoBeans'
13:25:58.083 [Test worker] DEBUG org.springframework.test.context.cache.DefaultCacheAwareContextLoaderDelegate - Retrieved ApplicationContext from cache with key [[MergedContextConfiguration@6692e92d testClass = FolderResourceTest, locations = '{}', classes = '{class com.marcnuri.isotope.api.folder.FolderResource}', contextInitializerClasses = '[]', activeProfiles = '{}', propertySourceLocations = '{}', propertySourceProperties = '{}', contextCustomizers = set[org.springframework.boot.test.autoconfigure.properties.PropertyMappingContextCustomizer@0, org.springframework.boot.test.autoconfigure.web.servlet.WebDriverContextCustomizerFactory$Customizer@2dc9ad67, org.springframework.boot.test.context.filter.ExcludeFilterContextCustomizer@7975bbf7, org.springframework.boot.test.json.DuplicateJsonObjectContextCustomizerFactory$DuplicateJsonObjectContextCustomizer@2dd9ed03, org.springframework.boot.test.mock.mockito.MockitoContextCustomizer@570072aa], contextLoader = 'org.springframework.test.context.support.DelegatingSmartContextLoader', parent = [null]]]
13:25:58.083 [Test worker] DEBUG org.springframework.test.context.cache - Spring test ApplicationContext cache statistics: [DefaultContextCache@10c13e31 size = 2, maxSize = 32, parentContextCount = 0, hitCount = 75, missCount = 2]
13:25:58.083 [Test worker] DEBUG org.springframework.test.context.cache.DefaultCacheAwareContextLoaderDelegate - Retrieved ApplicationContext from cache with key [[MergedContextConfiguration@6692e92d testClass = FolderResourceTest, locations = '{}', classes = '{class com.marcnuri.isotope.api.folder.FolderResource}', contextInitializerClasses = '[]', activeProfiles = '{}', propertySourceLocations = '{}', propertySourceProperties = '{}', contextCustomizers = set[org.springframework.boot.test.autoconfigure.properties.PropertyMappingContextCustomizer@0, org.springframework.boot.test.autoconfigure.web.servlet.WebDriverContextCustomizerFactory$Customizer@2dc9ad67, org.springframework.boot.test.context.filter.ExcludeFilterContextCustomizer@7975bbf7, org.springframework.boot.test.json.DuplicateJsonObjectContextCustomizerFactory$DuplicateJsonObjectContextCustomizer@2dd9ed03, org.springframework.boot.test.mock.mockito.MockitoContextCustomizer@570072aa], contextLoader = 'org.springframework.test.context.support.DelegatingSmartContextLoader', parent = [null]]]
13:25:58.083 [Test worker] DEBUG org.springframework.test.context.cache - Spring test ApplicationContext cache statistics: [DefaultContextCache@10c13e31 size = 2, maxSize = 32, parentContextCount = 0, hitCount = 76, missCount = 2]
13:25:58.084 [Test worker] DEBUG reactor.core.publisher.Hooks - Reset to factory defaults : onLastOperator
13:25:58.084 [Test worker] DEBUG org.springframework.test.context.support.AbstractDirtiesContextTestExecutionListener - After test method: context [DefaultTestContext@2ff6fc48 testClass = FolderResourceTest, testInstance = com.marcnuri.isotope.api.folder.FolderResourceTest@2139a931, testMethod = moveFolder_validFolderAndNewName_shouldReturnOk@FolderResourceTest, testException = [null], mergedContextConfiguration = [MergedContextConfiguration@6692e92d testClass = FolderResourceTest, locations = '{}', classes = '{class com.marcnuri.isotope.api.folder.FolderResource}', contextInitializerClasses = '[]', activeProfiles = '{}', propertySourceLocations = '{}', propertySourceProperties = '{}', contextCustomizers = set[org.springframework.boot.test.autoconfigure.properties.PropertyMappingContextCustomizer@0, org.springframework.boot.test.autoconfigure.web.servlet.WebDriverContextCustomizerFactory$Customizer@2dc9ad67, org.springframework.boot.test.context.filter.ExcludeFilterContextCustomizer@7975bbf7, org.springframework.boot.test.json.DuplicateJsonObjectContextCustomizerFactory$DuplicateJsonObjectContextCustomizer@2dd9ed03, org.springframework.boot.test.mock.mockito.MockitoContextCustomizer@570072aa], contextLoader = 'org.springframework.test.context.support.DelegatingSmartContextLoader', parent = [null]], attributes = map[[empty]]], class annotated with @DirtiesContext [false] with mode [null], method annotated with @DirtiesContext [false] with mode [null].
13:25:58.084 [Test worker] DEBUG org.springframework.test.annotation.ProfileValueUtils - Retrieved @ProfileValueSourceConfiguration [null] for test class [com.marcnuri.isotope.api.folder.FolderResourceTest]
13:25:58.084 [Test worker] DEBUG org.springframework.test.annotation.ProfileValueUtils - Retrieved ProfileValueSource type [class org.springframework.test.annotation.SystemProfileValueSource] for class [com.marcnuri.isotope.api.folder.FolderResourceTest]
13:25:58.085 [Test worker] DEBUG org.springframework.test.context.cache.DefaultCacheAwareContextLoaderDelegate - Retrieved ApplicationContext from cache with key [[MergedContextConfiguration@6692e92d testClass = FolderResourceTest, locations = '{}', classes = '{class com.marcnuri.isotope.api.folder.FolderResource}', contextInitializerClasses = '[]', activeProfiles = '{}', propertySourceLocations = '{}', propertySourceProperties = '{}', contextCustomizers = set[org.springframework.boot.test.autoconfigure.properties.PropertyMappingContextCustomizer@0, org.springframework.boot.test.autoconfigure.web.servlet.WebDriverContextCustomizerFactory$Customizer@2dc9ad67, org.springframework.boot.test.context.filter.ExcludeFilterContextCustomizer@7975bbf7, org.springframework.boot.test.json.DuplicateJsonObjectContextCustomizerFactory$DuplicateJsonObjectContextCustomizer@2dd9ed03, org.springframework.boot.test.mock.mockito.MockitoContextCustomizer@570072aa], contextLoader = 'org.springframework.test.context.support.DelegatingSmartContextLoader', parent = [null]]]
13:25:58.085 [Test worker] DEBUG org.springframework.test.context.cache - Spring test ApplicationContext cache statistics: [DefaultContextCache@10c13e31 size = 2, maxSize = 32, parentContextCount = 0, hitCount = 77, missCount = 2]
13:25:58.085 [Test worker] DEBUG org.springframework.beans.factory.support.DefaultListableBeanFactory - Returning cached instance of singleton bean 'org.springframework.boot.test.mock.mockito.MockitoPostProcessor'
13:25:58.085 [Test worker] DEBUG org.springframework.beans.factory.support.DefaultListableBeanFactory - Returning cached instance of singleton bean 'prototypeImapService'
13:25:58.085 [Test worker] DEBUG org.springframework.test.context.support.DependencyInjectionTestExecutionListener - Performing dependency injection for test context [[DefaultTestContext@2ff6fc48 testClass = FolderResourceTest, testInstance = com.marcnuri.isotope.api.folder.FolderResourceTest@7e420d1f, testMethod = [null], testException = [null], mergedContextConfiguration = [MergedContextConfiguration@6692e92d testClass = FolderResourceTest, locations = '{}', classes = '{class com.marcnuri.isotope.api.folder.FolderResource}', contextInitializerClasses = '[]', activeProfiles = '{}', propertySourceLocations = '{}', propertySourceProperties = '{}', contextCustomizers = set[org.springframework.boot.test.autoconfigure.properties.PropertyMappingContextCustomizer@0, org.springframework.boot.test.autoconfigure.web.servlet.WebDriverContextCustomizerFactory$Customizer@2dc9ad67, org.springframework.boot.test.context.filter.ExcludeFilterContextCustomizer@7975bbf7, org.springframework.boot.test.json.DuplicateJsonObjectContextCustomizerFactory$DuplicateJsonObjectContextCustomizer@2dd9ed03, org.springframework.boot.test.mock.mockito.MockitoContextCustomizer@570072aa], contextLoader = 'org.springframework.test.context.support.DelegatingSmartContextLoader', parent = [null]], attributes = map[[empty]]]].
13:25:58.085 [Test worker] DEBUG org.springframework.test.context.cache.DefaultCacheAwareContextLoaderDelegate - Retrieved ApplicationContext from cache with key [[MergedContextConfiguration@6692e92d testClass = FolderResourceTest, locations = '{}', classes = '{class com.marcnuri.isotope.api.folder.FolderResource}', contextInitializerClasses = '[]', activeProfiles = '{}', propertySourceLocations = '{}', propertySourceProperties = '{}', contextCustomizers = set[org.springframework.boot.test.autoconfigure.properties.PropertyMappingContextCustomizer@0, org.springframework.boot.test.autoconfigure.web.servlet.WebDriverContextCustomizerFactory$Customizer@2dc9ad67, org.springframework.boot.test.context.filter.ExcludeFilterContextCustomizer@7975bbf7, org.springframework.boot.test.json.DuplicateJsonObjectContextCustomizerFactory$DuplicateJsonObjectContextCustomizer@2dd9ed03, org.springframework.boot.test.mock.mockito.MockitoContextCustomizer@570072aa], contextLoader = 'org.springframework.test.context.support.DelegatingSmartContextLoader', parent = [null]]]
13:25:58.085 [Test worker] DEBUG org.springframework.test.context.cache - Spring test ApplicationContext cache statistics: [DefaultContextCache@10c13e31 size = 2, maxSize = 32, parentContextCount = 0, hitCount = 78, missCount = 2]
13:25:58.085 [Test worker] DEBUG org.springframework.beans.factory.annotation.InjectionMetadata - Processing injected element of bean 'com.marcnuri.isotope.api.folder.FolderResourceTest': AutowiredFieldElement for private com.marcnuri.isotope.api.folder.FolderResource com.marcnuri.isotope.api.folder.FolderResourceTest.folderResource
13:25:58.085 [Test worker] DEBUG org.springframework.beans.factory.support.DefaultListableBeanFactory - Returning cached instance of singleton bean 'folderResource'
13:25:58.086 [Test worker] DEBUG org.springframework.test.context.support.AbstractDirtiesContextTestExecutionListener - Before test method: context [DefaultTestContext@2ff6fc48 testClass = FolderResourceTest, testInstance = com.marcnuri.isotope.api.folder.FolderResourceTest@7e420d1f, testMethod = preloadMessages_validFolderAndValidIds_shouldReturnOk@FolderResourceTest, testException = [null], mergedContextConfiguration = [MergedContextConfiguration@6692e92d testClass = FolderResourceTest, locations = '{}', classes = '{class com.marcnuri.isotope.api.folder.FolderResource}', contextInitializerClasses = '[]', activeProfiles = '{}', propertySourceLocations = '{}', propertySourceProperties = '{}', contextCustomizers = set[org.springframework.boot.test.autoconfigure.properties.PropertyMappingContextCustomizer@0, org.springframework.boot.test.autoconfigure.web.servlet.WebDriverContextCustomizerFactory$Customizer@2dc9ad67, org.springframework.boot.test.context.filter.ExcludeFilterContextCustomizer@7975bbf7, org.springframework.boot.test.json.DuplicateJsonObjectContextCustomizerFactory$DuplicateJsonObjectContextCustomizer@2dd9ed03, org.springframework.boot.test.mock.mockito.MockitoContextCustomizer@570072aa], contextLoader = 'org.springframework.test.context.support.DelegatingSmartContextLoader', parent = [null]], attributes = map[[empty]]], class annotated with @DirtiesContext [false] with mode [null], method annotated with @DirtiesContext [false] with mode [null].
13:25:58.086 [Test worker] DEBUG reactor.core.publisher.Hooks - Hooking onLastOperator: reactor.core.publisher.Operators$LiftFunction@16e68c92
13:25:58.087 [Test worker] DEBUG org.springframework.test.context.cache.DefaultCacheAwareContextLoaderDelegate - Retrieved ApplicationContext from cache with key [[MergedContextConfiguration@6692e92d testClass = FolderResourceTest, locations = '{}', classes = '{class com.marcnuri.isotope.api.folder.FolderResource}', contextInitializerClasses = '[]', activeProfiles = '{}', propertySourceLocations = '{}', propertySourceProperties = '{}', contextCustomizers = set[org.springframework.boot.test.autoconfigure.properties.PropertyMappingContextCustomizer@0, org.springframework.boot.test.autoconfigure.web.servlet.WebDriverContextCustomizerFactory$Customizer@2dc9ad67, org.springframework.boot.test.context.filter.ExcludeFilterContextCustomizer@7975bbf7, org.springframework.boot.test.json.DuplicateJsonObjectContextCustomizerFactory$DuplicateJsonObjectContextCustomizer@2dd9ed03, org.springframework.boot.test.mock.mockito.MockitoContextCustomizer@570072aa], contextLoader = 'org.springframework.test.context.support.DelegatingSmartContextLoader', parent = [null]]]
13:25:58.087 [Test worker] DEBUG org.springframework.test.context.cache - Spring test ApplicationContext cache statistics: [DefaultContextCache@10c13e31 size = 2, maxSize = 32, parentContextCount = 0, hitCount = 79, missCount = 2]
13:25:58.087 [Test worker] DEBUG org.springframework.beans.factory.support.DefaultListableBeanFactory - Returning cached instance of singleton bean 'org.springframework.boot.test.mock.mockito.MockitoBeans'
13:25:58.087 [Test worker] DEBUG org.springframework.core.env.StandardEnvironment - Adding PropertySource 'systemProperties' with lowest search precedence
13:25:58.087 [Test worker] DEBUG org.springframework.core.env.StandardEnvironment - Adding PropertySource 'systemEnvironment' with lowest search precedence
13:25:58.087 [Test worker] DEBUG org.springframework.core.env.StandardEnvironment - Initialized StandardEnvironment with PropertySources [MapPropertySource@536829640 {name='systemProperties', properties={java.runtime.name=OpenJDK Runtime Environment, sun.boot.library.path=C:\Program Files\AdoptOpenJDK\jdk-8.0.242.08-hotspot\jre\bin, java.vm.version=25.242-b08, java.vm.vendor=, java.vendor.url=http://java.oracle.com/, path.separator=;, java.vm.name=OpenJDK 64-Bit Server VM, file.encoding.pkg=sun.io, user.script=, sun.java.launcher=SUN_STANDARD, user.country=GB, sun.os.patch.level=, java.vm.specification.name=Java Virtual Machine Specification, user.dir=C:\azure-devops\git\eShopOnContainers\src\Web\WebImapClient\Client\server, java.runtime.version=1.8.0_242-b08, java.awt.graphicsenv=sun.awt.Win32GraphicsEnvironment, java.endorsed.dirs=C:\Program Files\AdoptOpenJDK\jdk-8.0.242.08-hotspot\jre\lib\endorsed, os.arch=amd64, java.io.tmpdir=C:\Users\jorge\AppData\Local\Temp\, line.separator=
, java.vm.specification.vendor=Oracle Corporation, user.variant=, os.name=Windows 10, sun.jnu.encoding=Cp1252, java.library.path=C:\Program Files\AdoptOpenJDK\jdk-8.0.242.08-hotspot\bin;C:\Windows\Sun\Java\bin;C:\Windows\system32;C:\Windows;C:\Program Files\AdoptOpenJDK\jdk-8.0.242.08-hotspot\bin;C:\Program Files (x86)\Common Files\Oracle\Java\javapath;C:\Python27\;C:\Python27\Scripts;C:\ProgramData\DockerDesktop\version-bin;C:\Program Files\Docker\Docker\Resources\bin;C:\Windows\system32;C:\Windows;C:\Windows\System32\Wbem;C:\Windows\System32\WindowsPowerShell\v1.0\;C:\Windows\System32\OpenSSH\;C:\Program Files (x86)\NVIDIA Corporation\PhysX\Common;C:\Program Files\dotnet\;C:\Program Files\Microsoft SQL Server\130\Tools\Binn\;C:\Program Files\Microsoft SQL Server\Client SDK\ODBC\170\Tools\Binn\;C:\Program Files (x86)\Microsoft SQL Server\150\DTS\Binn\;C:\Program Files\Git\cmd;C:\Program Files (x86)\Microsoft ASP.NET\ASP.NET Web Pages\v1.0\;C:\Program Files\Microsoft SQL Server\110\Tools\Binn\;C:\Windows\system32\config\systemprofile\.dnx\bin;C:\Program Files\Microsoft DNX\Dnvm\;C:\Program Files\nodejs\;C:\ProgramData\chocolatey\bin;C:\Program Files\Microsoft\Web Platform Installer\;C:\Users\jorge\AppData\Local\Microsoft\WindowsApps;C:\Users\jorge\AppData\Local\Programs\Microsoft VS Code\bin;C:\Users\jorge\.dotnet\tools;C:\Users\jorge\AppData\Roaming\npm;C:\Users\jorge\AppData\Local\GitHubDesktop\bin;., java.specification.name=Java Platform API Specification, java.class.version=52.0, org.gradle.native=false, sun.management.compiler=HotSpot 64-Bit Tiered Compilers, os.version=10.0, user.home=C:\Users\jorge, user.timezone=Europe/Paris, java.awt.printerjob=sun.awt.windows.WPrinterJob, file.encoding=windows-1252, java.specification.version=1.8, java.class.path=C:\azure-devops\git\eShopOnContainers\src\Web\WebImapClient\Client\server\build\classes\java\test;C:\azure-devops\git\eShopOnContainers\src\Web\WebImapClient\Client\server\build\resources\test;C:\azure-devops\git\eShopOnContainers\src\Web\WebImapClient\Client\server\build\classes\java\main;C:\azure-devops\git\eShopOnContainers\src\Web\WebImapClient\Client\server\build\resources\main;C:\Users\jorge\.gradle\caches\modules-2\files-2.1\org.springframework.boot\spring-boot-starter-actuator\2.0.4.RELEASE\24e901473279d9c18e0a0f8037d58b18c8297dca\spring-boot-starter-actuator-2.0.4.RELEASE.jar;C:\Users\jorge\.gradle\caches\modules-2\files-2.1\org.springframework.boot\spring-boot-starter-security\2.0.4.RELEASE\2ac314e5985fd9ae0d2acaea450f4f6c3dbd7f92\spring-boot-starter-security-2.0.4.RELEASE.jar;C:\Users\jorge\.gradle\caches\modules-2\files-2.1\org.springframework.boot\spring-boot-starter-webflux\2.0.4.RELEASE\a52fcd02fb6129e14f2b4b36acc5748368563c93\spring-boot-starter-webflux-2.0.4.RELEASE.jar;C:\Users\jorge\.gradle\caches\modules-2\files-2.1\org.springframework.boot\spring-boot-starter-test\2.0.4.RELEASE\8f473705d2742b669f0318f10a956f94a93ba3d2\spring-boot-starter-test-2.0.4.RELEASE.jar;C:\Users\jorge\.gradle\caches\modules-2\files-2.1\org.springframework.boot\spring-boot-starter-hateoas\2.0.4.RELEASE\2f115bebeffea81859c6d874457fa8db16b10747\spring-boot-starter-hateoas-2.0.4.RELEASE.jar;C:\Users\jorge\.gradle\caches\modules-2\files-2.1\org.springframework.boot\spring-boot-starter-web\2.0.4.RELEASE\98d49e981ecf804da877d84259b7b0d1ec2fb6f6\spring-boot-starter-web-2.0.4.RELEASE.jar;C:\Users\jorge\.gradle\caches\modules-2\files-2.1\org.springframework.boot\spring-boot-starter-json\2.0.4.RELEASE\c7afabf0d7c85db178da4ce0634e3bd2ddb0eb71\spring-boot-starter-json-2.0.4.RELEASE.jar;C:\Users\jorge\.gradle\caches\modules-2\files-2.1\org.springframework.boot\spring-boot-starter\2.0.4.RELEASE\ec46c63a2adeee40058eff1a6baefca13975dc94\spring-boot-starter-2.0.4.RELEASE.jar;C:\Users\jorge\.gradle\caches\modules-2\files-2.1\com.sun.mail\javax.mail\1.6.1\757ba4630692bb2a1ec2d9d57a616b63f15e947e\javax.mail-1.6.1.jar;C:\Users\jorge\.gradle\caches\modules-2\files-2.1\org.springframework.boot\spring-boot-actuator-autoconfigure\2.0.4.RELEASE\2cadc1d20a1f9ee667a608cfee154138e954f5f2\spring-boot-actuator-autoconfigure-2.0.4.RELEASE.jar;C:\Users\jorge\.gradle\caches\modules-2\files-2.1\com.fasterxml.jackson.datatype\jackson-datatype-jsr310\2.9.6\ea54f6193d224e5e5732bbd4262327eb465397c2\jackson-datatype-jsr310-2.9.6.jar;C:\Users\jorge\.gradle\caches\modules-2\files-2.1\commons-io\commons-io\2.6\815893df5f31da2ece4040fe0a12fd44b577afaf\commons-io-2.6.jar;C:\Users\jorge\.gradle\caches\modules-2\files-2.1\org.springframework.security\spring-security-test\5.0.7.RELEASE\a74c9ab10d53baa3bb7a731753fe0c6d9ab9d848\spring-security-test-5.0.7.RELEASE.jar;C:\Users\jorge\.gradle\caches\modules-2\files-2.1\com.marcnuri\spring-common-test\0.0.2\da9c2c5e849c7dcbbe99d190bedffa5e6fe450a5\spring-common-test-0.0.2.jar;C:\Users\jorge\.gradle\caches\modules-2\files-2.1\org.hamcrest\java-hamcrest\2.0.0.0\f1c8853ade0ecf707f5a261c830e98893983813\java-hamcrest-2.0.0.0.jar;C:\Users\jorge\.gradle\caches\modules-2\files-2.1\org.powermock\powermock-module-junit4\2.0.0-RC.3\b9a04b492e2b93e93617ba457f76aebbf00fc221\powermock-module-junit4-2.0.0-RC.3.jar;C:\Users\jorge\.gradle\caches\modules-2\files-2.1\org.powermock\powermock-api-mockito2\2.0.0-RC.3\f85a8404be063ef15c5fdd3745b11d2fba875fcd\powermock-api-mockito2-2.0.0-RC.3.jar;C:\Users\jorge\.gradle\caches\modules-2\files-2.1\org.springframework.boot\spring-boot-test-autoconfigure\2.0.4.RELEASE\8a2e3f31e607fdb08deda2f59263ce177f1c4310\spring-boot-test-autoconfigure-2.0.4.RELEASE.jar;C:\Users\jorge\.gradle\caches\modules-2\files-2.1\org.springframework.boot\spring-boot-test\2.0.4.RELEASE\8a17fc3cf16b6d75f2ba132ade04409a670095de\spring-boot-test-2.0.4.RELEASE.jar;C:\Users\jorge\.gradle\caches\modules-2\files-2.1\org.springframework.boot\spring-boot-autoconfigure\2.0.4.RELEASE\65cd1244d606acc02ab7bfc47a203a3fe2400dda\spring-boot-autoconfigure-2.0.4.RELEASE.jar;C:\Users\jorge\.gradle\caches\modules-2\files-2.1\org.springframework.boot\spring-boot-actuator\2.0.4.RELEASE\9c02c968eb50a7cdc14fc4c7b586d767df6dc48d\spring-boot-actuator-2.0.4.RELEASE.jar;C:\Users\jorge\.gradle\caches\modules-2\files-2.1\org.springframework.boot\spring-boot\2.0.4.RELEASE\c8619c5b06d4dcdb4cac1e5e9c839e6e8b1c8574\spring-boot-2.0.4.RELEASE.jar;C:\Users\jorge\.gradle\caches\modules-2\files-2.1\org.springframework.boot\spring-boot-starter-logging\2.0.4.RELEASE\dcd1a2c431c970f44adae64d9145133979a513ab\spring-boot-starter-logging-2.0.4.RELEASE.jar;C:\Users\jorge\.gradle\caches\modules-2\files-2.1\org.springframework.boot\spring-boot-starter-tomcat\2.0.4.RELEASE\dcf28989a34b0801fea0e810c371fb9dab1e7784\spring-boot-starter-tomcat-2.0.4.RELEASE.jar;C:\Users\jorge\.gradle\caches\modules-2\files-2.1\javax.annotation\javax.annotation-api\1.3.2\934c04d3cfef185a8008e7bf34331b79730a9d43\javax.annotation-api-1.3.2.jar;C:\Users\jorge\.gradle\caches\modules-2\files-2.1\org.springframework.security\spring-security-config\5.0.7.RELEASE\d702e01048687db4ec6c97fb32d28ffbe348b3e\spring-security-config-5.0.7.RELEASE.jar;C:\Users\jorge\.gradle\caches\modules-2\files-2.1\org.springframework.security\spring-security-web\5.0.7.RELEASE\bab3ed579d4550bb5cc40b0a7fddd0106db7c66\spring-security-web-5.0.7.RELEASE.jar;C:\Users\jorge\.gradle\caches\modules-2\files-2.1\org.springframework.hateoas\spring-hateoas\0.25.0.RELEASE\22d1abd575426709734ab83e7d81d6deb4addbf6\spring-hateoas-0.25.0.RELEASE.jar;C:\Users\jorge\.gradle\caches\modules-2\files-2.1\org.springframework\spring-webflux\5.0.8.RELEASE\d16ce1cf6f95771e821619d6ef13c1f0333fafb\spring-webflux-5.0.8.RELEASE.jar;C:\Users\jorge\.gradle\caches\modules-2\files-2.1\org.springframework\spring-webmvc\5.0.8.RELEASE\7e5fe57590ca8e4468e50fe1d92b0b67aa4a327a\spring-webmvc-5.0.8.RELEASE.jar;C:\Users\jorge\.gradle\caches\modules-2\files-2.1\org.springframework\spring-web\5.0.8.RELEASE\fa43cdadb4ab2491fd1d0ddb06c0808e4b60fc85\spring-web-5.0.8.RELEASE.jar;C:\Users\jorge\.gradle\caches\modules-2\files-2.1\org.springframework\spring-test\5.0.8.RELEASE\5782619373bd7e7b7d9106203c317b04bb613ebb\spring-test-5.0.8.RELEASE.jar;C:\Users\jorge\.gradle\caches\modules-2\files-2.1\org.springframework.security\spring-security-core\5.0.7.RELEASE\40a0c57af6b4c3f8c611216d2579c6ab19672694\spring-security-core-5.0.7.RELEASE.jar;C:\Users\jorge\.gradle\caches\modules-2\files-2.1\org.springframework.plugin\spring-plugin-core\1.2.0.RELEASE\f380e7760032e7d929184f8ad8a33716b75c0657\spring-plugin-core-1.2.0.RELEASE.jar;C:\Users\jorge\.gradle\caches\modules-2\files-2.1\org.springframework\spring-context\5.0.8.RELEASE\3a067d8990761111c9b6d1d895640be26cc1fb38\spring-context-5.0.8.RELEASE.jar;C:\Users\jorge\.gradle\caches\modules-2\files-2.1\org.springframework\spring-aop\5.0.8.RELEASE\f5086c1a3185c481104511837427b39a07a57aa2\spring-aop-5.0.8.RELEASE.jar;C:\Users\jorge\.gradle\caches\modules-2\files-2.1\org.springframework\spring-beans\5.0.8.RELEASE\5fc965d3e7f5515099244857a8ae9e2a208c169b\spring-beans-5.0.8.RELEASE.jar;C:\Users\jorge\.gradle\caches\modules-2\files-2.1\org.springframework\spring-expression\5.0.8.RELEASE\f23158f22c917df2cddf2ecebc398a9e95f95fae\spring-expression-5.0.8.RELEASE.jar;C:\Users\jorge\.gradle\caches\modules-2\files-2.1\org.springframework\spring-core\5.0.8.RELEASE\dc39c49e3246cdf73d3786ac41119140aed3fa08\spring-core-5.0.8.RELEASE.jar;C:\Users\jorge\.gradle\caches\modules-2\files-2.1\org.yaml\snakeyaml\1.19\2d998d3d674b172a588e54ab619854d073f555b5\snakeyaml-1.19.jar;C:\Users\jorge\.gradle\caches\modules-2\files-2.1\io.micrometer\micrometer-core\1.0.6\50299bc8a34c251d62311bbb1a297f3942a82e42\micrometer-core-1.0.6.jar;C:\Users\jorge\.gradle\caches\modules-2\files-2.1\org.springframework.boot\spring-boot-starter-reactor-netty\2.0.4.RELEASE\ed4ac88f7fc699a9cbb6ee804a26e2e30239ca35\spring-boot-starter-reactor-netty-2.0.4.RELEASE.jar;C:\Users\jorge\.gradle\caches\modules-2\files-2.1\org.hibernate.validator\hibernate-validator\6.0.11.Final\36f9d10a11e4768f55e8fb91ebe4338a5c43954e\hibernate-validator-6.0.11.Final.jar;C:\Users\jorge\.gradle\caches\modules-2\files-2.1\org.synchronoss.cloud\nio-multipart-parser\1.1.0\c6c417fec6612584b1c34d4dd98c5a4e47e8c754\nio-multipart-parser-1.1.0.jar;C:\Users\jorge\.gradle\caches\modules-2\files-2.1\javax.activation\activation\1.1\e6cb541461c2834bdea3eb920f1884d1eb508b50\activation-1.1.jar;C:\Users\jorge\.gradle\caches\modules-2\files-2.1\com.fasterxml.jackson.datatype\jackson-datatype-jdk8\2.9.6\456895fc91bf7180b216fead220373e6278230c9\jackson-datatype-jdk8-2.9.6.jar;C:\Users\jorge\.gradle\caches\modules-2\files-2.1\com.fasterxml.jackson.module\jackson-module-parameter-names\2.9.6\129acd77a4b6ee30d62d3a0899b1344c8ec2bff8\jackson-module-parameter-names-2.9.6.jar;C:\Users\jorge\.gradle\caches\modules-2\files-2.1\com.fasterxml.jackson.core\jackson-databind\2.9.6\cfa4f316351a91bfd95cb0644c6a2c95f52db1fc\jackson-databind-2.9.6.jar;C:\Users\jorge\.gradle\caches\modules-2\files-2.1\com.fasterxml.jackson.core\jackson-annotations\2.9.0\7c10d545325e3a6e72e06381afe469fd40eb701\jackson-annotations-2.9.0.jar;C:\Users\jorge\.gradle\caches\modules-2\files-2.1\com.fasterxml.jackson.core\jackson-core\2.9.6\4e393793c37c77e042ccc7be5a914ae39251b365\jackson-core-2.9.6.jar;C:\Users\jorge\.gradle\caches\modules-2\files-2.1\com.jayway.jsonpath\json-path\2.4.0\765a4401ceb2dc8d40553c2075eb80a8fa35c2ae\json-path-2.4.0.jar;C:\Users\jorge\.gradle\caches\modules-2\files-2.1\org.powermock\powermock-module-junit4-common\2.0.0-RC.3\f09137abdf1aeea2df214037eab50ed864602c9a\powermock-module-junit4-common-2.0.0-RC.3.jar;C:\Users\jorge\.gradle\caches\modules-2\files-2.1\junit\junit\4.12\2973d150c0dc1fefe998f834810d68f278ea58ec\junit-4.12.jar;C:\Users\jorge\.gradle\caches\modules-2\files-2.1\org.assertj\assertj-core\3.9.1\c5ce126b15f28d56cd8f960c1a6a058b9c9aea87\assertj-core-3.9.1.jar;C:\Users\jorge\.gradle\caches\modules-2\files-2.1\org.mockito\mockito-core\2.15.0\b84bfbbc29cd22c9529409627af6ea2897f4fa85\mockito-core-2.15.0.jar;C:\Users\jorge\.gradle\caches\modules-2\files-2.1\org.hamcrest\hamcrest-library\1.3\4785a3c21320980282f9f33d0d1264a69040538f\hamcrest-library-1.3.jar;C:\Users\jorge\.gradle\caches\modules-2\files-2.1\org.hamcrest\hamcrest-core\1.3\42a25dc3219429f0e5d060061f71acb49bf010a0\hamcrest-core-1.3.jar;C:\Users\jorge\.gradle\caches\modules-2\files-2.1\org.skyscreamer\jsonassert\1.5.0\6c9d5fe2f59da598d9aefc1cfc6528ff3cf32df3\jsonassert-1.5.0.jar;C:\Users\jorge\.gradle\caches\modules-2\files-2.1\org.xmlunit\xmlunit-core\2.5.1\4ffdb346572a7356f7521cd3119ce5287d2e339d\xmlunit-core-2.5.1.jar;C:\Users\jorge\.gradle\caches\modules-2\files-2.1\org.powermock\powermock-api-support\2.0.0-RC.3\a23d6bdbcf865513c9f6992134152be80504e499\powermock-api-support-2.0.0-RC.3.jar;C:\Users\jorge\.gradle\caches\modules-2\files-2.1\ch.qos.logback\logback-classic\1.2.3\7c4f3c474fb2c041d8028740440937705ebb473a\logback-classic-1.2.3.jar;C:\Users\jorge\.gradle\caches\modules-2\files-2.1\org.apache.logging.log4j\log4j-to-slf4j\2.10.0\f7e631ccf49cfc0aefa4a2a728da7d374c05bd3c\log4j-to-slf4j-2.10.0.jar;C:\Users\jorge\.gradle\caches\modules-2\files-2.1\org.slf4j\jul-to-slf4j\1.7.25\af5364cd6679bfffb114f0dec8a157aaa283b76\jul-to-slf4j-1.7.25.jar;C:\Users\jorge\.gradle\caches\modules-2\files-2.1\org.springframework\spring-jcl\5.0.8.RELEASE\a1fa8fb560fb252321776e16bc9ac8201af4ef5e\spring-jcl-5.0.8.RELEASE.jar;C:\Users\jorge\.gradle\caches\modules-2\files-2.1\org.hdrhistogram\HdrHistogram\2.1.10\9e1ac84eed220281841b75e72fb9de5a297fbf04\HdrHistogram-2.1.10.jar;C:\Users\jorge\.gradle\caches\modules-2\files-2.1\org.latencyutils\LatencyUtils\2.0.3\769c0b82cb2421c8256300e907298a9410a2a3d3\LatencyUtils-2.0.3.jar;C:\Users\jorge\.gradle\caches\modules-2\files-2.1\org.synchronoss.cloud\nio-stream-storage\1.1.3\986dba5f6e5eed20f0dba6ddc8e8a64a9ebdc2f3\nio-stream-storage-1.1.3.jar;C:\Users\jorge\.gradle\caches\modules-2\files-2.1\org.slf4j\slf4j-api\1.7.25\da76ca59f6a57ee3102f8f9bd9cee742973efa8a\slf4j-api-1.7.25.jar;C:\Users\jorge\.gradle\caches\modules-2\files-2.1\io.projectreactor.ipc\reactor-netty\0.7.8.RELEASE\fe25c7d3042b6005690f7d243cef987b696a12ee\reactor-netty-0.7.8.RELEASE.jar;C:\Users\jorge\.gradle\caches\modules-2\files-2.1\javax.validation\validation-api\2.0.1.Final\cb855558e6271b1b32e716d24cb85c7f583ce09e\validation-api-2.0.1.Final.jar;C:\Users\jorge\.gradle\caches\modules-2\files-2.1\org.jboss.logging\jboss-logging\3.3.2.Final\3789d00e859632e6c6206adc0c71625559e6e3b0\jboss-logging-3.3.2.Final.jar;C:\Users\jorge\.gradle\caches\modules-2\files-2.1\com.fasterxml\classmate\1.3.4\3d5f48f10bbe4eb7bd862f10c0583be2e0053c6\classmate-1.3.4.jar;C:\Users\jorge\.gradle\caches\modules-2\files-2.1\io.projectreactor\reactor-core\3.1.8.RELEASE\3bcc30f9161d3d17abe44b4aa20e397e5170566e\reactor-core-3.1.8.RELEASE.jar;C:\Users\jorge\.gradle\caches\modules-2\files-2.1\net.minidev\json-smart\2.3\7396407491352ce4fa30de92efb158adb76b5b\json-smart-2.3.jar;C:\Users\jorge\.gradle\caches\modules-2\files-2.1\org.powermock\powermock-core\2.0.0-RC.3\f958479ea1f0d1ba37cf65b6612fccfbaf4d8dd3\powermock-core-2.0.0-RC.3.jar;C:\Users\jorge\.gradle\caches\modules-2\files-2.1\org.powermock\powermock-reflect\2.0.0-RC.3\c10437486ae35b91666c2591fd7b1a8054b4573c\powermock-reflect-2.0.0-RC.3.jar;C:\Users\jorge\.gradle\caches\modules-2\files-2.1\net.bytebuddy\byte-buddy\1.7.11\f02857a4e2c66ccbe7aaad6100a0a6c461bce9b3\byte-buddy-1.7.11.jar;C:\Users\jorge\.gradle\caches\modules-2\files-2.1\net.bytebuddy\byte-buddy-agent\1.7.11\b425a8933ca07edd03c6dbc8bc3b595fba9780de\byte-buddy-agent-1.7.11.jar;C:\Users\jorge\.gradle\caches\modules-2\files-2.1\org.objenesis\objenesis\3.0.1\11cfac598df9dc48bb9ed9357ed04212694b7808\objenesis-3.0.1.jar;C:\Users\jorge\.gradle\caches\modules-2\files-2.1\com.vaadin.external.google\android-json\0.0.20131108.vaadin1\fa26d351fe62a6a17f5cda1287c1c6110dec413f\android-json-0.0.20131108.vaadin1.jar;C:\Users\jorge\.gradle\caches\modules-2\files-2.1\ch.qos.logback\logback-core\1.2.3\864344400c3d4d92dfeb0a305dc87d953677c03c\logback-core-1.2.3.jar;C:\Users\jorge\.gradle\caches\modules-2\files-2.1\org.apache.logging.log4j\log4j-api\2.10.0\fec5797a55b786184a537abd39c3fa1449d752d6\log4j-api-2.10.0.jar;C:\Users\jorge\.gradle\caches\modules-2\files-2.1\org.apache.tomcat.embed\tomcat-embed-websocket\8.5.32\ea5302e378f1449d4e5dda79e8d810c1e7931f91\tomcat-embed-websocket-8.5.32.jar;C:\Users\jorge\.gradle\caches\modules-2\files-2.1\org.apache.tomcat.embed\tomcat-embed-core\8.5.32\6bc6896200146010cc4666bdc6b9b0cbb453ee22\tomcat-embed-core-8.5.32.jar;C:\Users\jorge\.gradle\caches\modules-2\files-2.1\org.apache.tomcat.embed\tomcat-embed-el\8.5.32\e4fd0ee015d83fa1c5ec93ff1d05bdaf9a4480c5\tomcat-embed-el-8.5.32.jar;C:\Users\jorge\.gradle\caches\modules-2\files-2.1\io.netty\netty-handler-proxy\4.1.27.Final\1a822ce7760bc6eb4937b7e448c9e081fedcc807\netty-handler-proxy-4.1.27.Final.jar;C:\Users\jorge\.gradle\caches\modules-2\files-2.1\io.netty\netty-codec-http\4.1.27.Final\a1722d6bcbbef1c4c7877e8bf38b07a3db5ed07f\netty-codec-http-4.1.27.Final.jar;C:\Users\jorge\.gradle\caches\modules-2\files-2.1\io.netty\netty-handler\4.1.27.Final\21bd9cf565390a8d72579b8664303e3c175dfc6a\netty-handler-4.1.27.Final.jar;C:\Users\jorge\.gradle\caches\modules-2\files-2.1\io.netty\netty-transport-native-epoll\4.1.27.Final\8c3a61a7dd53eafe2f0fe31356f1379598f74517\netty-transport-native-epoll-4.1.27.Final-linux-x86_64.jar;C:\Users\jorge\.gradle\caches\modules-2\files-2.1\org.reactivestreams\reactive-streams\1.0.2\323964c36556eb0e6209f65c1cef72b53b461ab8\reactive-streams-1.0.2.jar;C:\Users\jorge\.gradle\caches\modules-2\files-2.1\net.minidev\accessors-smart\1.2\c592b500269bfde36096641b01238a8350f8aa31\accessors-smart-1.2.jar;C:\Users\jorge\.gradle\caches\modules-2\files-2.1\org.javassist\javassist\3.24.0-GA\d7466fc2e3af7c023e95c510f06448ad29b225b3\javassist-3.24.0-GA.jar;C:\Users\jorge\.gradle\caches\modules-2\files-2.1\io.netty\netty-codec-socks\4.1.27.Final\285b09af98764cf02e4b77b3d95af188469a7133\netty-codec-socks-4.1.27.Final.jar;C:\Users\jorge\.gradle\caches\modules-2\files-2.1\io.netty\netty-codec\4.1.27.Final\d2653d78ebaa650064768fb26b10051f5c8efb2c\netty-codec-4.1.27.Final.jar;C:\Users\jorge\.gradle\caches\modules-2\files-2.1\io.netty\netty-transport-native-unix-common\4.1.27.Final\2b0667fe5c1df78c6cfbf9d53ad8b1fb533fb8e8\netty-transport-native-unix-common-4.1.27.Final.jar;C:\Users\jorge\.gradle\caches\modules-2\files-2.1\io.netty\netty-transport\4.1.27.Final\b5c2da3ea89dd67320925f1504c9eb3615241b7c\netty-transport-4.1.27.Final.jar;C:\Users\jorge\.gradle\caches\modules-2\files-2.1\io.netty\netty-buffer\4.1.27.Final\aafe2b9fb0d8f3b200cf10b9fd6486c6a722d7a1\netty-buffer-4.1.27.Final.jar;C:\Users\jorge\.gradle\caches\modules-2\files-2.1\io.netty\netty-resolver\4.1.27.Final\2536447ef9605ccb2b5203aa22392c6514484ea9\netty-resolver-4.1.27.Final.jar;C:\Users\jorge\.gradle\caches\modules-2\files-2.1\io.netty\netty-common\4.1.27.Final\6a12a969c27fb37b230c4bde5a67bd822fa6b7a4\netty-common-4.1.27.Final.jar;C:\Users\jorge\.gradle\caches\modules-2\files-2.1\org.ow2.asm\asm\5.0.4\da08b8cce7bbf903602a25a3a163ae252435795\asm-5.0.4.jar, user.name=jorge, java.vm.specification.version=1.8, sun.java.command=worker.org.gradle.process.internal.worker.GradleWorkerMain 'Gradle Test Executor 1', java.home=C:\Program Files\AdoptOpenJDK\jdk-8.0.242.08-hotspot\jre, sun.arch.data.model=64, user.language=en, java.specification.vendor=Oracle Corporation, awt.toolkit=sun.awt.windows.WToolkit, java.vm.info=mixed mode, java.version=1.8.0_242, java.ext.dirs=C:\Program Files\AdoptOpenJDK\jdk-8.0.242.08-hotspot\jre\lib\ext;C:\Windows\Sun\Java\lib\ext, sun.boot.class.path=C:\Program Files\AdoptOpenJDK\jdk-8.0.242.08-hotspot\jre\lib\resources.jar;C:\Program Files\AdoptOpenJDK\jdk-8.0.242.08-hotspot\jre\lib\rt.jar;C:\Program Files\AdoptOpenJDK\jdk-8.0.242.08-hotspot\jre\lib\sunrsasign.jar;C:\Program Files\AdoptOpenJDK\jdk-8.0.242.08-hotspot\jre\lib\jsse.jar;C:\Program Files\AdoptOpenJDK\jdk-8.0.242.08-hotspot\jre\lib\jce.jar;C:\Program Files\AdoptOpenJDK\jdk-8.0.242.08-hotspot\jre\lib\charsets.jar;C:\Program Files\AdoptOpenJDK\jdk-8.0.242.08-hotspot\jre\lib\jfr.jar;C:\Program Files\AdoptOpenJDK\jdk-8.0.242.08-hotspot\jre\classes, java.vendor=AdoptOpenJDK, org.gradle.test.worker=1, file.separator=\, java.vendor.url.bug=http://bugreport.sun.com/bugreport/, sun.io.unicode.encoding=UnicodeLittle, sun.cpu.endian=little, sun.desktop=windows, sun.cpu.isalist=amd64}}, SystemEnvironmentPropertySource@1908114141 {name='systemEnvironment', properties={USERDOMAIN_ROAMINGPROFILE=DESKTOP-U7U4TE6, PROCESSOR_LEVEL=6, VS140COMNTOOLS=C:\Program Files (x86)\Microsoft Visual Studio 14.0\Common7\Tools\, SESSIONNAME=Console, ALLUSERSPROFILE=C:\ProgramData, PROCESSOR_ARCHITECTURE=AMD64, PSModulePath=C:\Users\jorge\Documents\WindowsPowerShell\Modules;C:\Program Files\WindowsPowerShell\Modules;C:\Windows\system32\WindowsPowerShell\v1.0\Modules, SystemDrive=C:, =ExitCode=00000000, DIRNAME=C:\azure-devops\git\eShopOnContainers\src\Web\WebImapClient\Client\server\, USERNAME=jorge, CMD_LINE_ARGS=b, ProgramFiles(x86)=C:\Program Files (x86), FPS_BROWSER_USER_PROFILE_STRING=Default, APP_HOME=C:\azure-devops\git\eShopOnContainers\src\Web\WebImapClient\Client\server\, PATHEXT=.COM;.EXE;.BAT;.CMD;.VBS;.VBE;.JS;.JSE;.WSF;.WSH;.MSC;.CPL, DriverData=C:\Windows\System32\Drivers\DriverData, OneDriveConsumer=C:\Users\jorge\OneDrive, ProgramData=C:\ProgramData, ProgramW6432=C:\Program Files, HOMEPATH=\Users\jorge, PROCESSOR_IDENTIFIER=Intel64 Family 6 Model 158 Stepping 13, GenuineIntel, ProgramFiles=C:\Program Files, PUBLIC=C:\Users\Public, windir=C:\Windows, =::=::\, _SKIP=2, LOCALAPPDATA=C:\Users\jorge\AppData\Local, ChocolateyLastPathUpdate=132229495750090469, USERDOMAIN=DESKTOP-U7U4TE6, FPS_BROWSER_APP_PROFILE_STRING=Internet Explorer, LOGONSERVER=\\DESKTOP-U7U4TE6, PROMPT=$P$G, OneDrive=C:\Users\jorge\OneDrive, =C:=C:\azure-devops\git\eShopOnContainers\src\Web\WebImapClient\Client\server, APPDATA=C:\Users\jorge\AppData\Roaming, JAVA_EXE=java.exe, ChocolateyInstall=C:\ProgramData\chocolatey, CommonProgramFiles=C:\Program Files\Common Files, Path=C:\Program Files\AdoptOpenJDK\jdk-8.0.242.08-hotspot\bin;C:\Program Files (x86)\Common Files\Oracle\Java\javapath;C:\Python27\;C:\Python27\Scripts;C:\ProgramData\DockerDesktop\version-bin;C:\Program Files\Docker\Docker\Resources\bin;C:\Windows\system32;C:\Windows;C:\Windows\System32\Wbem;C:\Windows\System32\WindowsPowerShell\v1.0\;C:\Windows\System32\OpenSSH\;C:\Program Files (x86)\NVIDIA Corporation\PhysX\Common;C:\Program Files\dotnet\;C:\Program Files\Microsoft SQL Server\130\Tools\Binn\;C:\Program Files\Microsoft SQL Server\Client SDK\ODBC\170\Tools\Binn\;C:\Program Files (x86)\Microsoft SQL Server\150\DTS\Binn\;C:\Program Files\Git\cmd;C:\Program Files (x86)\Microsoft ASP.NET\ASP.NET Web Pages\v1.0\;C:\Program Files\Microsoft SQL Server\110\Tools\Binn\;C:\Windows\system32\config\systemprofile\.dnx\bin;C:\Program Files\Microsoft DNX\Dnvm\;C:\Program Files\nodejs\;C:\ProgramData\chocolatey\bin;C:\Program Files\Microsoft\Web Platform Installer\;C:\Users\jorge\AppData\Local\Microsoft\WindowsApps;C:\Users\jorge\AppData\Local\Programs\Microsoft VS Code\bin;C:\Users\jorge\.dotnet\tools;C:\Users\jorge\AppData\Roaming\npm;C:\Users\jorge\AppData\Local\GitHubDesktop\bin, OS=Windows_NT, COMPUTERNAME=DESKTOP-U7U4TE6, PROCESSOR_REVISION=9e0d, CLASSPATH=C:\azure-devops\git\eShopOnContainers\src\Web\WebImapClient\Client\server\\gradle\wrapper\gradle-wrapper.jar, CommonProgramW6432=C:\Program Files\Common Files, ComSpec=C:\Windows\system32\cmd.exe, APP_BASE_NAME=gradlew, SystemRoot=C:\Windows, TEMP=C:\Users\jorge\AppData\Local\Temp, HOMEDRIVE=C:, USERPROFILE=C:\Users\jorge, TMP=C:\Users\jorge\AppData\Local\Temp, VS110COMNTOOLS=C:\Program Files (x86)\Microsoft Visual Studio 11.0\Common7\Tools\, CommonProgramFiles(x86)=C:\Program Files (x86)\Common Files, NUMBER_OF_PROCESSORS=12}}]
13:25:58.089 [Test worker] DEBUG org.springframework.web.servlet.mvc.method.annotation.RequestMappingHandlerMapping - Looking for request mappings in application context: org.springframework.test.web.servlet.setup.StubWebApplicationContext@4dfaca40
13:25:58.094 [Test worker] DEBUG org.springframework.web.servlet.mvc.method.annotation.RequestMappingHandlerMapping - 18 request handler methods found on class com.marcnuri.isotope.api.folder.FolderResource: {public org.springframework.http.ResponseEntity com.marcnuri.isotope.api.folder.FolderResource.getMessage(java.lang.String,java.lang.Long)={[/v1/folders/{folderId}/messages/{messageId}],methods=[GET]}, public org.springframework.http.ResponseEntity com.marcnuri.isotope.api.folder.FolderResource.setMessageFlagged(java.lang.String,java.lang.Long,boolean)={[/v1/folders/{folderId}/messages/{messageId}/flagged],methods=[PUT]}, public org.springframework.http.ResponseEntity com.marcnuri.isotope.api.folder.FolderResource.createChildFolder(java.lang.String,java.lang.String)={[/v1/folders/{folderId}],methods=[POST],produces=[application/hal+json]}, public org.springframework.http.ResponseEntity com.marcnuri.isotope.api.folder.FolderResource.deleteAllFolderMessages(java.lang.String)={[/v1/folders/{folderId}/messages],methods=[DELETE]}, public org.springframework.http.ResponseEntity com.marcnuri.isotope.api.folder.FolderResource.moveFolder(java.lang.String,java.lang.String)={[/v1/folders/{folderId}/parent],methods=[PUT],produces=[application/hal+json]}, public org.springframework.http.ResponseEntity com.marcnuri.isotope.api.folder.FolderResource.getMessageRaw(java.lang.String,java.lang.Long)={[/v1/folders/{folderId}/messages/{messageId}/raw],methods=[GET]}, public org.springframework.http.ResponseEntity com.marcnuri.isotope.api.folder.FolderResource.setMessagesSeen(java.lang.String,java.lang.Boolean,java.util.List)={[/v1/folders/{folderId}/messages/seen/{seen}],methods=[PUT]}, public org.springframework.http.ResponseEntity com.marcnuri.isotope.api.folder.FolderResource.getFolders(java.lang.Boolean)={[/v1/folders],methods=[GET],produces=[application/hal+json]}, public org.springframework.http.ResponseEntity com.marcnuri.isotope.api.folder.FolderResource.createRootFolder(java.lang.String)={[/v1/folders],methods=[POST],produces=[application/hal+json]}, public org.springframework.http.ResponseEntity com.marcnuri.isotope.api.folder.FolderResource.deleteMessages(java.lang.String,java.util.List)={[/v1/folders/{folderId}/messages],methods=[DELETE],params=[id]}, public reactor.core.publisher.Flux com.marcnuri.isotope.api.folder.FolderResource.getMessages(java.lang.String,javax.servlet.http.HttpServletResponse)={[/v1/folders/{folderId}/messages],methods=[GET],produces=[text/event-stream]}, public org.springframework.http.ResponseEntity com.marcnuri.isotope.api.folder.FolderResource.preloadMessages(java.lang.String,java.util.List)={[/v1/folders/{folderId}/messages],methods=[GET]}, public org.springframework.http.ResponseEntity com.marcnuri.isotope.api.folder.FolderResource.getAttachment(java.lang.String,java.lang.Long,java.lang.String,java.lang.Boolean,javax.servlet.http.HttpServletResponse)={[/v1/folders/{folderId}/messages/{messageId}/attachments/{id}],methods=[GET]}, public org.springframework.http.ResponseEntity com.marcnuri.isotope.api.folder.FolderResource.deleteFolder(java.lang.String)={[/v1/folders/{folderId}],methods=[DELETE],produces=[application/hal+json]}, public org.springframework.http.ResponseEntity com.marcnuri.isotope.api.folder.FolderResource.moveMessages(java.lang.String,java.lang.String,java.util.List)={[/v1/folders/{fromFolderId}/messages/folder/{toFolderId}],methods=[PUT]}, public org.springframework.http.ResponseEntity com.marcnuri.isotope.api.folder.FolderResource.renameFolder(java.lang.String,java.lang.String)={[/v1/folders/{folderId}/name],methods=[PUT],produces=[application/hal+json]}, public org.springframework.http.ResponseEntity com.marcnuri.isotope.api.folder.FolderResource.moveMessage(java.lang.String,java.lang.Long,java.lang.String)={[/v1/folders/{fromFolderId}/messages/{messageId}/folder/{toFolderId}],methods=[PUT]}, public org.springframework.http.ResponseEntity com.marcnuri.isotope.api.folder.FolderResource.setMessageSeen(java.lang.String,java.lang.Long,boolean)={[/v1/folders/{folderId}/messages/{messageId}/seen],methods=[PUT]}}
13:25:58.094 [Test worker] INFO org.springframework.web.servlet.mvc.method.annotation.RequestMappingHandlerMapping - Mapped "{[/v1/folders/{folderId}/messages/{messageId}],methods=[GET]}" onto public org.springframework.http.ResponseEntity<com.marcnuri.isotope.api.message.MessageWithFolder> com.marcnuri.isotope.api.folder.FolderResource.getMessage(java.lang.String,java.lang.Long)
13:25:58.094 [Test worker] INFO org.springframework.web.servlet.mvc.method.annotation.RequestMappingHandlerMapping - Mapped "{[/v1/folders/{folderId}/messages/{messageId}/flagged],methods=[PUT]}" onto public org.springframework.http.ResponseEntity<java.lang.Void> com.marcnuri.isotope.api.folder.FolderResource.setMessageFlagged(java.lang.String,java.lang.Long,boolean)
13:25:58.094 [Test worker] INFO org.springframework.web.servlet.mvc.method.annotation.RequestMappingHandlerMapping - Mapped "{[/v1/folders/{folderId}],methods=[POST],produces=[application/hal+json]}" onto public org.springframework.http.ResponseEntity<com.marcnuri.isotope.api.folder.Folder> com.marcnuri.isotope.api.folder.FolderResource.createChildFolder(java.lang.String,java.lang.String)
13:25:58.095 [Test worker] INFO org.springframework.web.servlet.mvc.method.annotation.RequestMappingHandlerMapping - Mapped "{[/v1/folders/{folderId}/messages],methods=[DELETE]}" onto public org.springframework.http.ResponseEntity<com.marcnuri.isotope.api.folder.Folder> com.marcnuri.isotope.api.folder.FolderResource.deleteAllFolderMessages(java.lang.String)
13:25:58.095 [Test worker] INFO org.springframework.web.servlet.mvc.method.annotation.RequestMappingHandlerMapping - Mapped "{[/v1/folders/{folderId}/parent],methods=[PUT],produces=[application/hal+json]}" onto public org.springframework.http.ResponseEntity<com.marcnuri.isotope.api.folder.Folder> com.marcnuri.isotope.api.folder.FolderResource.moveFolder(java.lang.String,java.lang.String)
13:25:58.095 [Test worker] INFO org.springframework.web.servlet.mvc.method.annotation.RequestMappingHandlerMapping - Mapped "{[/v1/folders/{folderId}/messages/{messageId}/raw],methods=[GET]}" onto public org.springframework.http.ResponseEntity<java.lang.String> com.marcnuri.isotope.api.folder.FolderResource.getMessageRaw(java.lang.String,java.lang.Long)
13:25:58.095 [Test worker] INFO org.springframework.web.servlet.mvc.method.annotation.RequestMappingHandlerMapping - Mapped "{[/v1/folders/{folderId}/messages/seen/{seen}],methods=[PUT]}" onto public org.springframework.http.ResponseEntity<java.lang.Void> com.marcnuri.isotope.api.folder.FolderResource.setMessagesSeen(java.lang.String,java.lang.Boolean,java.util.List<java.lang.Long>)
13:25:58.096 [Test worker] INFO org.springframework.web.servlet.mvc.method.annotation.RequestMappingHandlerMapping - Mapped "{[/v1/folders],methods=[GET],produces=[application/hal+json]}" onto public org.springframework.http.ResponseEntity<java.util.List<com.marcnuri.isotope.api.folder.Folder>> com.marcnuri.isotope.api.folder.FolderResource.getFolders(java.lang.Boolean)
13:25:58.096 [Test worker] INFO org.springframework.web.servlet.mvc.method.annotation.RequestMappingHandlerMapping - Mapped "{[/v1/folders],methods=[POST],produces=[application/hal+json]}" onto public org.springframework.http.ResponseEntity<java.util.List<com.marcnuri.isotope.api.folder.Folder>> com.marcnuri.isotope.api.folder.FolderResource.createRootFolder(java.lang.String)
13:25:58.096 [Test worker] INFO org.springframework.web.servlet.mvc.method.annotation.RequestMappingHandlerMapping - Mapped "{[/v1/folders/{folderId}/messages],methods=[DELETE],params=[id]}" onto public org.springframework.http.ResponseEntity<com.marcnuri.isotope.api.folder.Folder> com.marcnuri.isotope.api.folder.FolderResource.deleteMessages(java.lang.String,java.util.List<java.lang.Long>)
13:25:58.096 [Test worker] INFO org.springframework.web.servlet.mvc.method.annotation.RequestMappingHandlerMapping - Mapped "{[/v1/folders/{folderId}/messages],methods=[GET],produces=[text/event-stream]}" onto public reactor.core.publisher.Flux<org.springframework.http.codec.ServerSentEvent<java.util.List<com.marcnuri.isotope.api.message.Message>>> com.marcnuri.isotope.api.folder.FolderResource.getMessages(java.lang.String,javax.servlet.http.HttpServletResponse)
13:25:58.097 [Test worker] INFO org.springframework.web.servlet.mvc.method.annotation.RequestMappingHandlerMapping - Mapped "{[/v1/folders/{folderId}/messages],methods=[GET]}" onto public org.springframework.http.ResponseEntity<java.util.List<com.marcnuri.isotope.api.message.Message>> com.marcnuri.isotope.api.folder.FolderResource.preloadMessages(java.lang.String,java.util.List<java.lang.Long>)
13:25:58.097 [Test worker] INFO org.springframework.web.servlet.mvc.method.annotation.RequestMappingHandlerMapping - Mapped "{[/v1/folders/{folderId}/messages/{messageId}/attachments/{id}],methods=[GET]}" onto public org.springframework.http.ResponseEntity<java.lang.Void> com.marcnuri.isotope.api.folder.FolderResource.getAttachment(java.lang.String,java.lang.Long,java.lang.String,java.lang.Boolean,javax.servlet.http.HttpServletResponse)
13:25:58.097 [Test worker] INFO org.springframework.web.servlet.mvc.method.annotation.RequestMappingHandlerMapping - Mapped "{[/v1/folders/{folderId}],methods=[DELETE],produces=[application/hal+json]}" onto public org.springframework.http.ResponseEntity<com.marcnuri.isotope.api.folder.Folder> com.marcnuri.isotope.api.folder.FolderResource.deleteFolder(java.lang.String)
13:25:58.097 [Test worker] INFO org.springframework.web.servlet.mvc.method.annotation.RequestMappingHandlerMapping - Mapped "{[/v1/folders/{fromFolderId}/messages/folder/{toFolderId}],methods=[PUT]}" onto public org.springframework.http.ResponseEntity<java.util.List<com.marcnuri.isotope.api.message.MessageWithFolder>> com.marcnuri.isotope.api.folder.FolderResource.moveMessages(java.lang.String,java.lang.String,java.util.List<java.lang.Long>)
13:25:58.097 [Test worker] INFO org.springframework.web.servlet.mvc.method.annotation.RequestMappingHandlerMapping - Mapped "{[/v1/folders/{folderId}/name],methods=[PUT],produces=[application/hal+json]}" onto public org.springframework.http.ResponseEntity<com.marcnuri.isotope.api.folder.Folder> com.marcnuri.isotope.api.folder.FolderResource.renameFolder(java.lang.String,java.lang.String)
13:25:58.098 [Test worker] INFO org.springframework.web.servlet.mvc.method.annotation.RequestMappingHandlerMapping - Mapped "{[/v1/folders/{fromFolderId}/messages/{messageId}/folder/{toFolderId}],methods=[PUT]}" onto public org.springframework.http.ResponseEntity<java.util.List<com.marcnuri.isotope.api.message.MessageWithFolder>> com.marcnuri.isotope.api.folder.FolderResource.moveMessage(java.lang.String,java.lang.Long,java.lang.String)
13:25:58.098 [Test worker] INFO org.springframework.web.servlet.mvc.method.annotation.RequestMappingHandlerMapping - Mapped "{[/v1/folders/{folderId}/messages/{messageId}/seen],methods=[PUT]}" onto public org.springframework.http.ResponseEntity<java.lang.Void> com.marcnuri.isotope.api.folder.FolderResource.setMessageSeen(java.lang.String,java.lang.Long,boolean)
13:25:58.103 [Test worker] DEBUG org.hibernate.validator.internal.engine.resolver.TraversableResolvers - Cannot find javax.persistence.Persistence on classpath. Assuming non JPA 2 environment. All properties will per default be traversable.
13:25:58.103 [Test worker] DEBUG org.hibernate.validator.messageinterpolation.ResourceBundleMessageInterpolator - Loaded expression factory via original TCCL
13:25:58.103 [Test worker] DEBUG org.hibernate.validator.internal.engine.ConfigurationImpl - Setting custom MessageInterpolator of type org.springframework.validation.beanvalidation.LocaleContextMessageInterpolator
13:25:58.103 [Test worker] DEBUG org.hibernate.validator.internal.engine.ConfigurationImpl - Setting custom ParameterNameProvider of type org.springframework.validation.beanvalidation.LocalValidatorFactoryBean$1
13:25:58.103 [Test worker] DEBUG org.hibernate.validator.internal.xml.config.ValidationXmlParser - Trying to load META-INF/validation.xml for XML based Validator configuration.
13:25:58.103 [Test worker] DEBUG org.hibernate.validator.internal.xml.config.ResourceLoaderHelper - Trying to load META-INF/validation.xml via TCCL
13:25:58.104 [Test worker] DEBUG org.hibernate.validator.internal.xml.config.ResourceLoaderHelper - Trying to load META-INF/validation.xml via Hibernate Validator's class loader
13:25:58.104 [Test worker] DEBUG org.hibernate.validator.internal.xml.config.ValidationXmlParser - No META-INF/validation.xml found. Using annotation based configuration only.
13:25:58.108 [Test worker] DEBUG org.hibernate.validator.internal.engine.ValidatorFactoryImpl - HV000234: Using org.springframework.validation.beanvalidation.LocaleContextMessageInterpolator as ValidatorFactory-scoped message interpolator.
13:25:58.108 [Test worker] DEBUG org.hibernate.validator.internal.engine.ValidatorFactoryImpl - HV000234: Using org.hibernate.validator.internal.engine.resolver.TraverseAllTraversableResolver as ValidatorFactory-scoped traversable resolver.
13:25:58.108 [Test worker] DEBUG org.hibernate.validator.internal.engine.ValidatorFactoryImpl - HV000234: Using org.hibernate.validator.internal.util.ExecutableParameterNameProvider as ValidatorFactory-scoped parameter name provider.
13:25:58.108 [Test worker] DEBUG org.hibernate.validator.internal.engine.ValidatorFactoryImpl - HV000234: Using org.hibernate.validator.internal.engine.DefaultClockProvider as ValidatorFactory-scoped clock provider.
13:25:58.109 [Test worker] DEBUG org.hibernate.validator.internal.engine.ValidatorFactoryImpl - HV000234: Using org.hibernate.validator.internal.engine.scripting.DefaultScriptEvaluatorFactory as ValidatorFactory-scoped script evaluator factory.
13:25:58.109 [Test worker] INFO org.springframework.web.servlet.mvc.method.annotation.RequestMappingHandlerAdapter - Looking for @ControllerAdvice: org.springframework.test.web.servlet.setup.StubWebApplicationContext@4dfaca40
13:25:58.111 [Test worker] DEBUG org.springframework.web.servlet.mvc.method.annotation.ExceptionHandlerExceptionResolver - Looking for exception mappings: org.springframework.test.web.servlet.setup.StubWebApplicationContext@4dfaca40
13:25:58.111 [Test worker] DEBUG org.springframework.test.web.servlet.TestDispatcherServlet - Initializing servlet ''
13:25:58.111 [Test worker] INFO org.springframework.mock.web.MockServletContext - Initializing Spring FrameworkServlet ''
13:25:58.111 [Test worker] INFO org.springframework.test.web.servlet.TestDispatcherServlet - FrameworkServlet '': initialization started
13:25:58.111 [Test worker] DEBUG org.springframework.test.web.servlet.TestDispatcherServlet - Unable to locate MultipartResolver with name 'multipartResolver': no multipart request handling provided
13:25:58.111 [Test worker] DEBUG org.springframework.test.web.servlet.TestDispatcherServlet - Using LocaleResolver [org.springframework.web.servlet.i18n.AcceptHeaderLocaleResolver@276bd6b4]
13:25:58.111 [Test worker] DEBUG org.springframework.test.web.servlet.TestDispatcherServlet - Using ThemeResolver [org.springframework.web.servlet.theme.FixedThemeResolver@28c0e0a0]
13:25:58.111 [Test worker] DEBUG org.springframework.test.web.servlet.TestDispatcherServlet - Using RequestToViewNameTranslator [org.springframework.web.servlet.view.DefaultRequestToViewNameTranslator@177666cb]
13:25:58.111 [Test worker] DEBUG org.springframework.test.web.servlet.TestDispatcherServlet - Using FlashMapManager [org.springframework.web.servlet.support.SessionFlashMapManager@fbee9ae]
13:25:58.111 [Test worker] DEBUG org.springframework.test.web.servlet.TestDispatcherServlet - Published WebApplicationContext of servlet '' as ServletContext attribute with name [org.springframework.web.servlet.FrameworkServlet.CONTEXT.]
13:25:58.111 [Test worker] INFO org.springframework.test.web.servlet.TestDispatcherServlet - FrameworkServlet '': initialization completed in 0 ms
13:25:58.111 [Test worker] DEBUG org.springframework.test.web.servlet.TestDispatcherServlet - Servlet '' configured successfully
13:25:58.112 [Test worker] DEBUG org.springframework.test.web.servlet.TestDispatcherServlet - DispatcherServlet with name '' processing GET request for [/v1/folders/1337/messages]
13:25:58.112 [Test worker] DEBUG org.springframework.web.servlet.mvc.method.annotation.RequestMappingHandlerMapping - Looking up handler method for path /v1/folders/1337/messages
13:25:58.113 [Test worker] DEBUG org.springframework.web.servlet.mvc.method.annotation.RequestMappingHandlerMapping - Returning handler method [public org.springframework.http.ResponseEntity<java.util.List<com.marcnuri.isotope.api.message.Message>> com.marcnuri.isotope.api.folder.FolderResource.preloadMessages(java.lang.String,java.util.List<java.lang.Long>)]
13:25:58.113 [Test worker] DEBUG org.springframework.test.web.servlet.TestDispatcherServlet - Last-Modified value for [/v1/folders/1337/messages] is: -1
13:25:58.114 [Test worker] DEBUG com.marcnuri.isotope.api.folder.FolderResource - Preloading 1 messages for folder 1337 
13:25:58.115 [Test worker] DEBUG org.springframework.beans.factory.support.DefaultListableBeanFactory - Returning cached instance of singleton bean 'prototypeImapService'
13:25:58.122 [Test worker] DEBUG org.springframework.web.servlet.mvc.method.annotation.HttpEntityMethodProcessor - Written [[links: []]] as "application/hal+json" using [org.springframework.http.converter.json.MappingJackson2HttpMessageConverter@7d171ec3]
13:25:58.122 [Test worker] DEBUG org.springframework.test.web.servlet.TestDispatcherServlet - Null ModelAndView returned to DispatcherServlet with name '': assuming HandlerAdapter completed request handling
13:25:58.122 [Test worker] DEBUG org.springframework.test.web.servlet.TestDispatcherServlet - Successfully completed request
13:25:58.123 [Test worker] DEBUG com.jayway.jsonpath.internal.path.CompiledPath - Evaluating path: $
13:25:58.123 [Test worker] DEBUG com.jayway.jsonpath.internal.path.CompiledPath - Evaluating path: $[0]['uid']
13:25:58.129 [Test worker] DEBUG com.jayway.jsonpath.internal.path.CompiledPath - Evaluating path: $[0]['uid']
13:25:58.129 [Test worker] DEBUG com.jayway.jsonpath.internal.path.CompiledPath - Evaluating path: $[0]['subject']
13:25:58.129 [Test worker] DEBUG org.springframework.test.context.cache.DefaultCacheAwareContextLoaderDelegate - Retrieved ApplicationContext from cache with key [[MergedContextConfiguration@6692e92d testClass = FolderResourceTest, locations = '{}', classes = '{class com.marcnuri.isotope.api.folder.FolderResource}', contextInitializerClasses = '[]', activeProfiles = '{}', propertySourceLocations = '{}', propertySourceProperties = '{}', contextCustomizers = set[org.springframework.boot.test.autoconfigure.properties.PropertyMappingContextCustomizer@0, org.springframework.boot.test.autoconfigure.web.servlet.WebDriverContextCustomizerFactory$Customizer@2dc9ad67, org.springframework.boot.test.context.filter.ExcludeFilterContextCustomizer@7975bbf7, org.springframework.boot.test.json.DuplicateJsonObjectContextCustomizerFactory$DuplicateJsonObjectContextCustomizer@2dd9ed03, org.springframework.boot.test.mock.mockito.MockitoContextCustomizer@570072aa], contextLoader = 'org.springframework.test.context.support.DelegatingSmartContextLoader', parent = [null]]]
13:25:58.129 [Test worker] DEBUG org.springframework.test.context.cache - Spring test ApplicationContext cache statistics: [DefaultContextCache@10c13e31 size = 2, maxSize = 32, parentContextCount = 0, hitCount = 80, missCount = 2]
13:25:58.129 [Test worker] DEBUG org.springframework.beans.factory.support.DefaultListableBeanFactory - Returning cached instance of singleton bean 'org.springframework.boot.test.mock.mockito.MockitoBeans'
13:25:58.130 [Test worker] DEBUG org.springframework.test.context.cache.DefaultCacheAwareContextLoaderDelegate - Retrieved ApplicationContext from cache with key [[MergedContextConfiguration@6692e92d testClass = FolderResourceTest, locations = '{}', classes = '{class com.marcnuri.isotope.api.folder.FolderResource}', contextInitializerClasses = '[]', activeProfiles = '{}', propertySourceLocations = '{}', propertySourceProperties = '{}', contextCustomizers = set[org.springframework.boot.test.autoconfigure.properties.PropertyMappingContextCustomizer@0, org.springframework.boot.test.autoconfigure.web.servlet.WebDriverContextCustomizerFactory$Customizer@2dc9ad67, org.springframework.boot.test.context.filter.ExcludeFilterContextCustomizer@7975bbf7, org.springframework.boot.test.json.DuplicateJsonObjectContextCustomizerFactory$DuplicateJsonObjectContextCustomizer@2dd9ed03, org.springframework.boot.test.mock.mockito.MockitoContextCustomizer@570072aa], contextLoader = 'org.springframework.test.context.support.DelegatingSmartContextLoader', parent = [null]]]
13:25:58.130 [Test worker] DEBUG org.springframework.test.context.cache - Spring test ApplicationContext cache statistics: [DefaultContextCache@10c13e31 size = 2, maxSize = 32, parentContextCount = 0, hitCount = 81, missCount = 2]
13:25:58.130 [Test worker] DEBUG org.springframework.test.context.cache.DefaultCacheAwareContextLoaderDelegate - Retrieved ApplicationContext from cache with key [[MergedContextConfiguration@6692e92d testClass = FolderResourceTest, locations = '{}', classes = '{class com.marcnuri.isotope.api.folder.FolderResource}', contextInitializerClasses = '[]', activeProfiles = '{}', propertySourceLocations = '{}', propertySourceProperties = '{}', contextCustomizers = set[org.springframework.boot.test.autoconfigure.properties.PropertyMappingContextCustomizer@0, org.springframework.boot.test.autoconfigure.web.servlet.WebDriverContextCustomizerFactory$Customizer@2dc9ad67, org.springframework.boot.test.context.filter.ExcludeFilterContextCustomizer@7975bbf7, org.springframework.boot.test.json.DuplicateJsonObjectContextCustomizerFactory$DuplicateJsonObjectContextCustomizer@2dd9ed03, org.springframework.boot.test.mock.mockito.MockitoContextCustomizer@570072aa], contextLoader = 'org.springframework.test.context.support.DelegatingSmartContextLoader', parent = [null]]]
13:25:58.130 [Test worker] DEBUG org.springframework.test.context.cache - Spring test ApplicationContext cache statistics: [DefaultContextCache@10c13e31 size = 2, maxSize = 32, parentContextCount = 0, hitCount = 82, missCount = 2]
13:25:58.130 [Test worker] DEBUG reactor.core.publisher.Hooks - Reset to factory defaults : onLastOperator
13:25:58.130 [Test worker] DEBUG org.springframework.test.context.support.AbstractDirtiesContextTestExecutionListener - After test method: context [DefaultTestContext@2ff6fc48 testClass = FolderResourceTest, testInstance = com.marcnuri.isotope.api.folder.FolderResourceTest@7e420d1f, testMethod = preloadMessages_validFolderAndValidIds_shouldReturnOk@FolderResourceTest, testException = [null], mergedContextConfiguration = [MergedContextConfiguration@6692e92d testClass = FolderResourceTest, locations = '{}', classes = '{class com.marcnuri.isotope.api.folder.FolderResource}', contextInitializerClasses = '[]', activeProfiles = '{}', propertySourceLocations = '{}', propertySourceProperties = '{}', contextCustomizers = set[org.springframework.boot.test.autoconfigure.properties.PropertyMappingContextCustomizer@0, org.springframework.boot.test.autoconfigure.web.servlet.WebDriverContextCustomizerFactory$Customizer@2dc9ad67, org.springframework.boot.test.context.filter.ExcludeFilterContextCustomizer@7975bbf7, org.springframework.boot.test.json.DuplicateJsonObjectContextCustomizerFactory$DuplicateJsonObjectContextCustomizer@2dd9ed03, org.springframework.boot.test.mock.mockito.MockitoContextCustomizer@570072aa], contextLoader = 'org.springframework.test.context.support.DelegatingSmartContextLoader', parent = [null]], attributes = map[[empty]]], class annotated with @DirtiesContext [false] with mode [null], method annotated with @DirtiesContext [false] with mode [null].
13:25:58.131 [Test worker] DEBUG org.springframework.test.annotation.ProfileValueUtils - Retrieved @ProfileValueSourceConfiguration [null] for test class [com.marcnuri.isotope.api.folder.FolderResourceTest]
13:25:58.131 [Test worker] DEBUG org.springframework.test.annotation.ProfileValueUtils - Retrieved ProfileValueSource type [class org.springframework.test.annotation.SystemProfileValueSource] for class [com.marcnuri.isotope.api.folder.FolderResourceTest]
13:25:58.131 [Test worker] DEBUG org.springframework.test.context.cache.DefaultCacheAwareContextLoaderDelegate - Retrieved ApplicationContext from cache with key [[MergedContextConfiguration@6692e92d testClass = FolderResourceTest, locations = '{}', classes = '{class com.marcnuri.isotope.api.folder.FolderResource}', contextInitializerClasses = '[]', activeProfiles = '{}', propertySourceLocations = '{}', propertySourceProperties = '{}', contextCustomizers = set[org.springframework.boot.test.autoconfigure.properties.PropertyMappingContextCustomizer@0, org.springframework.boot.test.autoconfigure.web.servlet.WebDriverContextCustomizerFactory$Customizer@2dc9ad67, org.springframework.boot.test.context.filter.ExcludeFilterContextCustomizer@7975bbf7, org.springframework.boot.test.json.DuplicateJsonObjectContextCustomizerFactory$DuplicateJsonObjectContextCustomizer@2dd9ed03, org.springframework.boot.test.mock.mockito.MockitoContextCustomizer@570072aa], contextLoader = 'org.springframework.test.context.support.DelegatingSmartContextLoader', parent = [null]]]
13:25:58.131 [Test worker] DEBUG org.springframework.test.context.cache - Spring test ApplicationContext cache statistics: [DefaultContextCache@10c13e31 size = 2, maxSize = 32, parentContextCount = 0, hitCount = 83, missCount = 2]
13:25:58.131 [Test worker] DEBUG org.springframework.beans.factory.support.DefaultListableBeanFactory - Returning cached instance of singleton bean 'org.springframework.boot.test.mock.mockito.MockitoPostProcessor'
13:25:58.131 [Test worker] DEBUG org.springframework.beans.factory.support.DefaultListableBeanFactory - Returning cached instance of singleton bean 'prototypeImapService'
13:25:58.131 [Test worker] DEBUG org.springframework.test.context.support.DependencyInjectionTestExecutionListener - Performing dependency injection for test context [[DefaultTestContext@2ff6fc48 testClass = FolderResourceTest, testInstance = com.marcnuri.isotope.api.folder.FolderResourceTest@15b686ea, testMethod = [null], testException = [null], mergedContextConfiguration = [MergedContextConfiguration@6692e92d testClass = FolderResourceTest, locations = '{}', classes = '{class com.marcnuri.isotope.api.folder.FolderResource}', contextInitializerClasses = '[]', activeProfiles = '{}', propertySourceLocations = '{}', propertySourceProperties = '{}', contextCustomizers = set[org.springframework.boot.test.autoconfigure.properties.PropertyMappingContextCustomizer@0, org.springframework.boot.test.autoconfigure.web.servlet.WebDriverContextCustomizerFactory$Customizer@2dc9ad67, org.springframework.boot.test.context.filter.ExcludeFilterContextCustomizer@7975bbf7, org.springframework.boot.test.json.DuplicateJsonObjectContextCustomizerFactory$DuplicateJsonObjectContextCustomizer@2dd9ed03, org.springframework.boot.test.mock.mockito.MockitoContextCustomizer@570072aa], contextLoader = 'org.springframework.test.context.support.DelegatingSmartContextLoader', parent = [null]], attributes = map[[empty]]]].
13:25:58.131 [Test worker] DEBUG org.springframework.test.context.cache.DefaultCacheAwareContextLoaderDelegate - Retrieved ApplicationContext from cache with key [[MergedContextConfiguration@6692e92d testClass = FolderResourceTest, locations = '{}', classes = '{class com.marcnuri.isotope.api.folder.FolderResource}', contextInitializerClasses = '[]', activeProfiles = '{}', propertySourceLocations = '{}', propertySourceProperties = '{}', contextCustomizers = set[org.springframework.boot.test.autoconfigure.properties.PropertyMappingContextCustomizer@0, org.springframework.boot.test.autoconfigure.web.servlet.WebDriverContextCustomizerFactory$Customizer@2dc9ad67, org.springframework.boot.test.context.filter.ExcludeFilterContextCustomizer@7975bbf7, org.springframework.boot.test.json.DuplicateJsonObjectContextCustomizerFactory$DuplicateJsonObjectContextCustomizer@2dd9ed03, org.springframework.boot.test.mock.mockito.MockitoContextCustomizer@570072aa], contextLoader = 'org.springframework.test.context.support.DelegatingSmartContextLoader', parent = [null]]]
13:25:58.131 [Test worker] DEBUG org.springframework.test.context.cache - Spring test ApplicationContext cache statistics: [DefaultContextCache@10c13e31 size = 2, maxSize = 32, parentContextCount = 0, hitCount = 84, missCount = 2]
13:25:58.131 [Test worker] DEBUG org.springframework.beans.factory.annotation.InjectionMetadata - Processing injected element of bean 'com.marcnuri.isotope.api.folder.FolderResourceTest': AutowiredFieldElement for private com.marcnuri.isotope.api.folder.FolderResource com.marcnuri.isotope.api.folder.FolderResourceTest.folderResource
13:25:58.131 [Test worker] DEBUG org.springframework.beans.factory.support.DefaultListableBeanFactory - Returning cached instance of singleton bean 'folderResource'
13:25:58.132 [Test worker] DEBUG org.springframework.test.context.support.AbstractDirtiesContextTestExecutionListener - Before test method: context [DefaultTestContext@2ff6fc48 testClass = FolderResourceTest, testInstance = com.marcnuri.isotope.api.folder.FolderResourceTest@15b686ea, testMethod = createChildFolder_validFolderParentAndNewName_shouldReturnOk@FolderResourceTest, testException = [null], mergedContextConfiguration = [MergedContextConfiguration@6692e92d testClass = FolderResourceTest, locations = '{}', classes = '{class com.marcnuri.isotope.api.folder.FolderResource}', contextInitializerClasses = '[]', activeProfiles = '{}', propertySourceLocations = '{}', propertySourceProperties = '{}', contextCustomizers = set[org.springframework.boot.test.autoconfigure.properties.PropertyMappingContextCustomizer@0, org.springframework.boot.test.autoconfigure.web.servlet.WebDriverContextCustomizerFactory$Customizer@2dc9ad67, org.springframework.boot.test.context.filter.ExcludeFilterContextCustomizer@7975bbf7, org.springframework.boot.test.json.DuplicateJsonObjectContextCustomizerFactory$DuplicateJsonObjectContextCustomizer@2dd9ed03, org.springframework.boot.test.mock.mockito.MockitoContextCustomizer@570072aa], contextLoader = 'org.springframework.test.context.support.DelegatingSmartContextLoader', parent = [null]], attributes = map[[empty]]], class annotated with @DirtiesContext [false] with mode [null], method annotated with @DirtiesContext [false] with mode [null].
13:25:58.132 [Test worker] DEBUG reactor.core.publisher.Hooks - Hooking onLastOperator: reactor.core.publisher.Operators$LiftFunction@1b05214f
13:25:58.133 [Test worker] DEBUG org.springframework.test.context.cache.DefaultCacheAwareContextLoaderDelegate - Retrieved ApplicationContext from cache with key [[MergedContextConfiguration@6692e92d testClass = FolderResourceTest, locations = '{}', classes = '{class com.marcnuri.isotope.api.folder.FolderResource}', contextInitializerClasses = '[]', activeProfiles = '{}', propertySourceLocations = '{}', propertySourceProperties = '{}', contextCustomizers = set[org.springframework.boot.test.autoconfigure.properties.PropertyMappingContextCustomizer@0, org.springframework.boot.test.autoconfigure.web.servlet.WebDriverContextCustomizerFactory$Customizer@2dc9ad67, org.springframework.boot.test.context.filter.ExcludeFilterContextCustomizer@7975bbf7, org.springframework.boot.test.json.DuplicateJsonObjectContextCustomizerFactory$DuplicateJsonObjectContextCustomizer@2dd9ed03, org.springframework.boot.test.mock.mockito.MockitoContextCustomizer@570072aa], contextLoader = 'org.springframework.test.context.support.DelegatingSmartContextLoader', parent = [null]]]
13:25:58.133 [Test worker] DEBUG org.springframework.test.context.cache - Spring test ApplicationContext cache statistics: [DefaultContextCache@10c13e31 size = 2, maxSize = 32, parentContextCount = 0, hitCount = 85, missCount = 2]
13:25:58.133 [Test worker] DEBUG org.springframework.beans.factory.support.DefaultListableBeanFactory - Returning cached instance of singleton bean 'org.springframework.boot.test.mock.mockito.MockitoBeans'
13:25:58.133 [Test worker] DEBUG org.springframework.core.env.StandardEnvironment - Adding PropertySource 'systemProperties' with lowest search precedence
13:25:58.133 [Test worker] DEBUG org.springframework.core.env.StandardEnvironment - Adding PropertySource 'systemEnvironment' with lowest search precedence
13:25:58.133 [Test worker] DEBUG org.springframework.core.env.StandardEnvironment - Initialized StandardEnvironment with PropertySources [MapPropertySource@888505317 {name='systemProperties', properties={java.runtime.name=OpenJDK Runtime Environment, sun.boot.library.path=C:\Program Files\AdoptOpenJDK\jdk-8.0.242.08-hotspot\jre\bin, java.vm.version=25.242-b08, java.vm.vendor=, java.vendor.url=http://java.oracle.com/, path.separator=;, java.vm.name=OpenJDK 64-Bit Server VM, file.encoding.pkg=sun.io, user.script=, sun.java.launcher=SUN_STANDARD, user.country=GB, sun.os.patch.level=, java.vm.specification.name=Java Virtual Machine Specification, user.dir=C:\azure-devops\git\eShopOnContainers\src\Web\WebImapClient\Client\server, java.runtime.version=1.8.0_242-b08, java.awt.graphicsenv=sun.awt.Win32GraphicsEnvironment, java.endorsed.dirs=C:\Program Files\AdoptOpenJDK\jdk-8.0.242.08-hotspot\jre\lib\endorsed, os.arch=amd64, java.io.tmpdir=C:\Users\jorge\AppData\Local\Temp\, line.separator=
, java.vm.specification.vendor=Oracle Corporation, user.variant=, os.name=Windows 10, sun.jnu.encoding=Cp1252, java.library.path=C:\Program Files\AdoptOpenJDK\jdk-8.0.242.08-hotspot\bin;C:\Windows\Sun\Java\bin;C:\Windows\system32;C:\Windows;C:\Program Files\AdoptOpenJDK\jdk-8.0.242.08-hotspot\bin;C:\Program Files (x86)\Common Files\Oracle\Java\javapath;C:\Python27\;C:\Python27\Scripts;C:\ProgramData\DockerDesktop\version-bin;C:\Program Files\Docker\Docker\Resources\bin;C:\Windows\system32;C:\Windows;C:\Windows\System32\Wbem;C:\Windows\System32\WindowsPowerShell\v1.0\;C:\Windows\System32\OpenSSH\;C:\Program Files (x86)\NVIDIA Corporation\PhysX\Common;C:\Program Files\dotnet\;C:\Program Files\Microsoft SQL Server\130\Tools\Binn\;C:\Program Files\Microsoft SQL Server\Client SDK\ODBC\170\Tools\Binn\;C:\Program Files (x86)\Microsoft SQL Server\150\DTS\Binn\;C:\Program Files\Git\cmd;C:\Program Files (x86)\Microsoft ASP.NET\ASP.NET Web Pages\v1.0\;C:\Program Files\Microsoft SQL Server\110\Tools\Binn\;C:\Windows\system32\config\systemprofile\.dnx\bin;C:\Program Files\Microsoft DNX\Dnvm\;C:\Program Files\nodejs\;C:\ProgramData\chocolatey\bin;C:\Program Files\Microsoft\Web Platform Installer\;C:\Users\jorge\AppData\Local\Microsoft\WindowsApps;C:\Users\jorge\AppData\Local\Programs\Microsoft VS Code\bin;C:\Users\jorge\.dotnet\tools;C:\Users\jorge\AppData\Roaming\npm;C:\Users\jorge\AppData\Local\GitHubDesktop\bin;., java.specification.name=Java Platform API Specification, java.class.version=52.0, org.gradle.native=false, sun.management.compiler=HotSpot 64-Bit Tiered Compilers, os.version=10.0, user.home=C:\Users\jorge, user.timezone=Europe/Paris, java.awt.printerjob=sun.awt.windows.WPrinterJob, file.encoding=windows-1252, java.specification.version=1.8, java.class.path=C:\azure-devops\git\eShopOnContainers\src\Web\WebImapClient\Client\server\build\classes\java\test;C:\azure-devops\git\eShopOnContainers\src\Web\WebImapClient\Client\server\build\resources\test;C:\azure-devops\git\eShopOnContainers\src\Web\WebImapClient\Client\server\build\classes\java\main;C:\azure-devops\git\eShopOnContainers\src\Web\WebImapClient\Client\server\build\resources\main;C:\Users\jorge\.gradle\caches\modules-2\files-2.1\org.springframework.boot\spring-boot-starter-actuator\2.0.4.RELEASE\24e901473279d9c18e0a0f8037d58b18c8297dca\spring-boot-starter-actuator-2.0.4.RELEASE.jar;C:\Users\jorge\.gradle\caches\modules-2\files-2.1\org.springframework.boot\spring-boot-starter-security\2.0.4.RELEASE\2ac314e5985fd9ae0d2acaea450f4f6c3dbd7f92\spring-boot-starter-security-2.0.4.RELEASE.jar;C:\Users\jorge\.gradle\caches\modules-2\files-2.1\org.springframework.boot\spring-boot-starter-webflux\2.0.4.RELEASE\a52fcd02fb6129e14f2b4b36acc5748368563c93\spring-boot-starter-webflux-2.0.4.RELEASE.jar;C:\Users\jorge\.gradle\caches\modules-2\files-2.1\org.springframework.boot\spring-boot-starter-test\2.0.4.RELEASE\8f473705d2742b669f0318f10a956f94a93ba3d2\spring-boot-starter-test-2.0.4.RELEASE.jar;C:\Users\jorge\.gradle\caches\modules-2\files-2.1\org.springframework.boot\spring-boot-starter-hateoas\2.0.4.RELEASE\2f115bebeffea81859c6d874457fa8db16b10747\spring-boot-starter-hateoas-2.0.4.RELEASE.jar;C:\Users\jorge\.gradle\caches\modules-2\files-2.1\org.springframework.boot\spring-boot-starter-web\2.0.4.RELEASE\98d49e981ecf804da877d84259b7b0d1ec2fb6f6\spring-boot-starter-web-2.0.4.RELEASE.jar;C:\Users\jorge\.gradle\caches\modules-2\files-2.1\org.springframework.boot\spring-boot-starter-json\2.0.4.RELEASE\c7afabf0d7c85db178da4ce0634e3bd2ddb0eb71\spring-boot-starter-json-2.0.4.RELEASE.jar;C:\Users\jorge\.gradle\caches\modules-2\files-2.1\org.springframework.boot\spring-boot-starter\2.0.4.RELEASE\ec46c63a2adeee40058eff1a6baefca13975dc94\spring-boot-starter-2.0.4.RELEASE.jar;C:\Users\jorge\.gradle\caches\modules-2\files-2.1\com.sun.mail\javax.mail\1.6.1\757ba4630692bb2a1ec2d9d57a616b63f15e947e\javax.mail-1.6.1.jar;C:\Users\jorge\.gradle\caches\modules-2\files-2.1\org.springframework.boot\spring-boot-actuator-autoconfigure\2.0.4.RELEASE\2cadc1d20a1f9ee667a608cfee154138e954f5f2\spring-boot-actuator-autoconfigure-2.0.4.RELEASE.jar;C:\Users\jorge\.gradle\caches\modules-2\files-2.1\com.fasterxml.jackson.datatype\jackson-datatype-jsr310\2.9.6\ea54f6193d224e5e5732bbd4262327eb465397c2\jackson-datatype-jsr310-2.9.6.jar;C:\Users\jorge\.gradle\caches\modules-2\files-2.1\commons-io\commons-io\2.6\815893df5f31da2ece4040fe0a12fd44b577afaf\commons-io-2.6.jar;C:\Users\jorge\.gradle\caches\modules-2\files-2.1\org.springframework.security\spring-security-test\5.0.7.RELEASE\a74c9ab10d53baa3bb7a731753fe0c6d9ab9d848\spring-security-test-5.0.7.RELEASE.jar;C:\Users\jorge\.gradle\caches\modules-2\files-2.1\com.marcnuri\spring-common-test\0.0.2\da9c2c5e849c7dcbbe99d190bedffa5e6fe450a5\spring-common-test-0.0.2.jar;C:\Users\jorge\.gradle\caches\modules-2\files-2.1\org.hamcrest\java-hamcrest\2.0.0.0\f1c8853ade0ecf707f5a261c830e98893983813\java-hamcrest-2.0.0.0.jar;C:\Users\jorge\.gradle\caches\modules-2\files-2.1\org.powermock\powermock-module-junit4\2.0.0-RC.3\b9a04b492e2b93e93617ba457f76aebbf00fc221\powermock-module-junit4-2.0.0-RC.3.jar;C:\Users\jorge\.gradle\caches\modules-2\files-2.1\org.powermock\powermock-api-mockito2\2.0.0-RC.3\f85a8404be063ef15c5fdd3745b11d2fba875fcd\powermock-api-mockito2-2.0.0-RC.3.jar;C:\Users\jorge\.gradle\caches\modules-2\files-2.1\org.springframework.boot\spring-boot-test-autoconfigure\2.0.4.RELEASE\8a2e3f31e607fdb08deda2f59263ce177f1c4310\spring-boot-test-autoconfigure-2.0.4.RELEASE.jar;C:\Users\jorge\.gradle\caches\modules-2\files-2.1\org.springframework.boot\spring-boot-test\2.0.4.RELEASE\8a17fc3cf16b6d75f2ba132ade04409a670095de\spring-boot-test-2.0.4.RELEASE.jar;C:\Users\jorge\.gradle\caches\modules-2\files-2.1\org.springframework.boot\spring-boot-autoconfigure\2.0.4.RELEASE\65cd1244d606acc02ab7bfc47a203a3fe2400dda\spring-boot-autoconfigure-2.0.4.RELEASE.jar;C:\Users\jorge\.gradle\caches\modules-2\files-2.1\org.springframework.boot\spring-boot-actuator\2.0.4.RELEASE\9c02c968eb50a7cdc14fc4c7b586d767df6dc48d\spring-boot-actuator-2.0.4.RELEASE.jar;C:\Users\jorge\.gradle\caches\modules-2\files-2.1\org.springframework.boot\spring-boot\2.0.4.RELEASE\c8619c5b06d4dcdb4cac1e5e9c839e6e8b1c8574\spring-boot-2.0.4.RELEASE.jar;C:\Users\jorge\.gradle\caches\modules-2\files-2.1\org.springframework.boot\spring-boot-starter-logging\2.0.4.RELEASE\dcd1a2c431c970f44adae64d9145133979a513ab\spring-boot-starter-logging-2.0.4.RELEASE.jar;C:\Users\jorge\.gradle\caches\modules-2\files-2.1\org.springframework.boot\spring-boot-starter-tomcat\2.0.4.RELEASE\dcf28989a34b0801fea0e810c371fb9dab1e7784\spring-boot-starter-tomcat-2.0.4.RELEASE.jar;C:\Users\jorge\.gradle\caches\modules-2\files-2.1\javax.annotation\javax.annotation-api\1.3.2\934c04d3cfef185a8008e7bf34331b79730a9d43\javax.annotation-api-1.3.2.jar;C:\Users\jorge\.gradle\caches\modules-2\files-2.1\org.springframework.security\spring-security-config\5.0.7.RELEASE\d702e01048687db4ec6c97fb32d28ffbe348b3e\spring-security-config-5.0.7.RELEASE.jar;C:\Users\jorge\.gradle\caches\modules-2\files-2.1\org.springframework.security\spring-security-web\5.0.7.RELEASE\bab3ed579d4550bb5cc40b0a7fddd0106db7c66\spring-security-web-5.0.7.RELEASE.jar;C:\Users\jorge\.gradle\caches\modules-2\files-2.1\org.springframework.hateoas\spring-hateoas\0.25.0.RELEASE\22d1abd575426709734ab83e7d81d6deb4addbf6\spring-hateoas-0.25.0.RELEASE.jar;C:\Users\jorge\.gradle\caches\modules-2\files-2.1\org.springframework\spring-webflux\5.0.8.RELEASE\d16ce1cf6f95771e821619d6ef13c1f0333fafb\spring-webflux-5.0.8.RELEASE.jar;C:\Users\jorge\.gradle\caches\modules-2\files-2.1\org.springframework\spring-webmvc\5.0.8.RELEASE\7e5fe57590ca8e4468e50fe1d92b0b67aa4a327a\spring-webmvc-5.0.8.RELEASE.jar;C:\Users\jorge\.gradle\caches\modules-2\files-2.1\org.springframework\spring-web\5.0.8.RELEASE\fa43cdadb4ab2491fd1d0ddb06c0808e4b60fc85\spring-web-5.0.8.RELEASE.jar;C:\Users\jorge\.gradle\caches\modules-2\files-2.1\org.springframework\spring-test\5.0.8.RELEASE\5782619373bd7e7b7d9106203c317b04bb613ebb\spring-test-5.0.8.RELEASE.jar;C:\Users\jorge\.gradle\caches\modules-2\files-2.1\org.springframework.security\spring-security-core\5.0.7.RELEASE\40a0c57af6b4c3f8c611216d2579c6ab19672694\spring-security-core-5.0.7.RELEASE.jar;C:\Users\jorge\.gradle\caches\modules-2\files-2.1\org.springframework.plugin\spring-plugin-core\1.2.0.RELEASE\f380e7760032e7d929184f8ad8a33716b75c0657\spring-plugin-core-1.2.0.RELEASE.jar;C:\Users\jorge\.gradle\caches\modules-2\files-2.1\org.springframework\spring-context\5.0.8.RELEASE\3a067d8990761111c9b6d1d895640be26cc1fb38\spring-context-5.0.8.RELEASE.jar;C:\Users\jorge\.gradle\caches\modules-2\files-2.1\org.springframework\spring-aop\5.0.8.RELEASE\f5086c1a3185c481104511837427b39a07a57aa2\spring-aop-5.0.8.RELEASE.jar;C:\Users\jorge\.gradle\caches\modules-2\files-2.1\org.springframework\spring-beans\5.0.8.RELEASE\5fc965d3e7f5515099244857a8ae9e2a208c169b\spring-beans-5.0.8.RELEASE.jar;C:\Users\jorge\.gradle\caches\modules-2\files-2.1\org.springframework\spring-expression\5.0.8.RELEASE\f23158f22c917df2cddf2ecebc398a9e95f95fae\spring-expression-5.0.8.RELEASE.jar;C:\Users\jorge\.gradle\caches\modules-2\files-2.1\org.springframework\spring-core\5.0.8.RELEASE\dc39c49e3246cdf73d3786ac41119140aed3fa08\spring-core-5.0.8.RELEASE.jar;C:\Users\jorge\.gradle\caches\modules-2\files-2.1\org.yaml\snakeyaml\1.19\2d998d3d674b172a588e54ab619854d073f555b5\snakeyaml-1.19.jar;C:\Users\jorge\.gradle\caches\modules-2\files-2.1\io.micrometer\micrometer-core\1.0.6\50299bc8a34c251d62311bbb1a297f3942a82e42\micrometer-core-1.0.6.jar;C:\Users\jorge\.gradle\caches\modules-2\files-2.1\org.springframework.boot\spring-boot-starter-reactor-netty\2.0.4.RELEASE\ed4ac88f7fc699a9cbb6ee804a26e2e30239ca35\spring-boot-starter-reactor-netty-2.0.4.RELEASE.jar;C:\Users\jorge\.gradle\caches\modules-2\files-2.1\org.hibernate.validator\hibernate-validator\6.0.11.Final\36f9d10a11e4768f55e8fb91ebe4338a5c43954e\hibernate-validator-6.0.11.Final.jar;C:\Users\jorge\.gradle\caches\modules-2\files-2.1\org.synchronoss.cloud\nio-multipart-parser\1.1.0\c6c417fec6612584b1c34d4dd98c5a4e47e8c754\nio-multipart-parser-1.1.0.jar;C:\Users\jorge\.gradle\caches\modules-2\files-2.1\javax.activation\activation\1.1\e6cb541461c2834bdea3eb920f1884d1eb508b50\activation-1.1.jar;C:\Users\jorge\.gradle\caches\modules-2\files-2.1\com.fasterxml.jackson.datatype\jackson-datatype-jdk8\2.9.6\456895fc91bf7180b216fead220373e6278230c9\jackson-datatype-jdk8-2.9.6.jar;C:\Users\jorge\.gradle\caches\modules-2\files-2.1\com.fasterxml.jackson.module\jackson-module-parameter-names\2.9.6\129acd77a4b6ee30d62d3a0899b1344c8ec2bff8\jackson-module-parameter-names-2.9.6.jar;C:\Users\jorge\.gradle\caches\modules-2\files-2.1\com.fasterxml.jackson.core\jackson-databind\2.9.6\cfa4f316351a91bfd95cb0644c6a2c95f52db1fc\jackson-databind-2.9.6.jar;C:\Users\jorge\.gradle\caches\modules-2\files-2.1\com.fasterxml.jackson.core\jackson-annotations\2.9.0\7c10d545325e3a6e72e06381afe469fd40eb701\jackson-annotations-2.9.0.jar;C:\Users\jorge\.gradle\caches\modules-2\files-2.1\com.fasterxml.jackson.core\jackson-core\2.9.6\4e393793c37c77e042ccc7be5a914ae39251b365\jackson-core-2.9.6.jar;C:\Users\jorge\.gradle\caches\modules-2\files-2.1\com.jayway.jsonpath\json-path\2.4.0\765a4401ceb2dc8d40553c2075eb80a8fa35c2ae\json-path-2.4.0.jar;C:\Users\jorge\.gradle\caches\modules-2\files-2.1\org.powermock\powermock-module-junit4-common\2.0.0-RC.3\f09137abdf1aeea2df214037eab50ed864602c9a\powermock-module-junit4-common-2.0.0-RC.3.jar;C:\Users\jorge\.gradle\caches\modules-2\files-2.1\junit\junit\4.12\2973d150c0dc1fefe998f834810d68f278ea58ec\junit-4.12.jar;C:\Users\jorge\.gradle\caches\modules-2\files-2.1\org.assertj\assertj-core\3.9.1\c5ce126b15f28d56cd8f960c1a6a058b9c9aea87\assertj-core-3.9.1.jar;C:\Users\jorge\.gradle\caches\modules-2\files-2.1\org.mockito\mockito-core\2.15.0\b84bfbbc29cd22c9529409627af6ea2897f4fa85\mockito-core-2.15.0.jar;C:\Users\jorge\.gradle\caches\modules-2\files-2.1\org.hamcrest\hamcrest-library\1.3\4785a3c21320980282f9f33d0d1264a69040538f\hamcrest-library-1.3.jar;C:\Users\jorge\.gradle\caches\modules-2\files-2.1\org.hamcrest\hamcrest-core\1.3\42a25dc3219429f0e5d060061f71acb49bf010a0\hamcrest-core-1.3.jar;C:\Users\jorge\.gradle\caches\modules-2\files-2.1\org.skyscreamer\jsonassert\1.5.0\6c9d5fe2f59da598d9aefc1cfc6528ff3cf32df3\jsonassert-1.5.0.jar;C:\Users\jorge\.gradle\caches\modules-2\files-2.1\org.xmlunit\xmlunit-core\2.5.1\4ffdb346572a7356f7521cd3119ce5287d2e339d\xmlunit-core-2.5.1.jar;C:\Users\jorge\.gradle\caches\modules-2\files-2.1\org.powermock\powermock-api-support\2.0.0-RC.3\a23d6bdbcf865513c9f6992134152be80504e499\powermock-api-support-2.0.0-RC.3.jar;C:\Users\jorge\.gradle\caches\modules-2\files-2.1\ch.qos.logback\logback-classic\1.2.3\7c4f3c474fb2c041d8028740440937705ebb473a\logback-classic-1.2.3.jar;C:\Users\jorge\.gradle\caches\modules-2\files-2.1\org.apache.logging.log4j\log4j-to-slf4j\2.10.0\f7e631ccf49cfc0aefa4a2a728da7d374c05bd3c\log4j-to-slf4j-2.10.0.jar;C:\Users\jorge\.gradle\caches\modules-2\files-2.1\org.slf4j\jul-to-slf4j\1.7.25\af5364cd6679bfffb114f0dec8a157aaa283b76\jul-to-slf4j-1.7.25.jar;C:\Users\jorge\.gradle\caches\modules-2\files-2.1\org.springframework\spring-jcl\5.0.8.RELEASE\a1fa8fb560fb252321776e16bc9ac8201af4ef5e\spring-jcl-5.0.8.RELEASE.jar;C:\Users\jorge\.gradle\caches\modules-2\files-2.1\org.hdrhistogram\HdrHistogram\2.1.10\9e1ac84eed220281841b75e72fb9de5a297fbf04\HdrHistogram-2.1.10.jar;C:\Users\jorge\.gradle\caches\modules-2\files-2.1\org.latencyutils\LatencyUtils\2.0.3\769c0b82cb2421c8256300e907298a9410a2a3d3\LatencyUtils-2.0.3.jar;C:\Users\jorge\.gradle\caches\modules-2\files-2.1\org.synchronoss.cloud\nio-stream-storage\1.1.3\986dba5f6e5eed20f0dba6ddc8e8a64a9ebdc2f3\nio-stream-storage-1.1.3.jar;C:\Users\jorge\.gradle\caches\modules-2\files-2.1\org.slf4j\slf4j-api\1.7.25\da76ca59f6a57ee3102f8f9bd9cee742973efa8a\slf4j-api-1.7.25.jar;C:\Users\jorge\.gradle\caches\modules-2\files-2.1\io.projectreactor.ipc\reactor-netty\0.7.8.RELEASE\fe25c7d3042b6005690f7d243cef987b696a12ee\reactor-netty-0.7.8.RELEASE.jar;C:\Users\jorge\.gradle\caches\modules-2\files-2.1\javax.validation\validation-api\2.0.1.Final\cb855558e6271b1b32e716d24cb85c7f583ce09e\validation-api-2.0.1.Final.jar;C:\Users\jorge\.gradle\caches\modules-2\files-2.1\org.jboss.logging\jboss-logging\3.3.2.Final\3789d00e859632e6c6206adc0c71625559e6e3b0\jboss-logging-3.3.2.Final.jar;C:\Users\jorge\.gradle\caches\modules-2\files-2.1\com.fasterxml\classmate\1.3.4\3d5f48f10bbe4eb7bd862f10c0583be2e0053c6\classmate-1.3.4.jar;C:\Users\jorge\.gradle\caches\modules-2\files-2.1\io.projectreactor\reactor-core\3.1.8.RELEASE\3bcc30f9161d3d17abe44b4aa20e397e5170566e\reactor-core-3.1.8.RELEASE.jar;C:\Users\jorge\.gradle\caches\modules-2\files-2.1\net.minidev\json-smart\2.3\7396407491352ce4fa30de92efb158adb76b5b\json-smart-2.3.jar;C:\Users\jorge\.gradle\caches\modules-2\files-2.1\org.powermock\powermock-core\2.0.0-RC.3\f958479ea1f0d1ba37cf65b6612fccfbaf4d8dd3\powermock-core-2.0.0-RC.3.jar;C:\Users\jorge\.gradle\caches\modules-2\files-2.1\org.powermock\powermock-reflect\2.0.0-RC.3\c10437486ae35b91666c2591fd7b1a8054b4573c\powermock-reflect-2.0.0-RC.3.jar;C:\Users\jorge\.gradle\caches\modules-2\files-2.1\net.bytebuddy\byte-buddy\1.7.11\f02857a4e2c66ccbe7aaad6100a0a6c461bce9b3\byte-buddy-1.7.11.jar;C:\Users\jorge\.gradle\caches\modules-2\files-2.1\net.bytebuddy\byte-buddy-agent\1.7.11\b425a8933ca07edd03c6dbc8bc3b595fba9780de\byte-buddy-agent-1.7.11.jar;C:\Users\jorge\.gradle\caches\modules-2\files-2.1\org.objenesis\objenesis\3.0.1\11cfac598df9dc48bb9ed9357ed04212694b7808\objenesis-3.0.1.jar;C:\Users\jorge\.gradle\caches\modules-2\files-2.1\com.vaadin.external.google\android-json\0.0.20131108.vaadin1\fa26d351fe62a6a17f5cda1287c1c6110dec413f\android-json-0.0.20131108.vaadin1.jar;C:\Users\jorge\.gradle\caches\modules-2\files-2.1\ch.qos.logback\logback-core\1.2.3\864344400c3d4d92dfeb0a305dc87d953677c03c\logback-core-1.2.3.jar;C:\Users\jorge\.gradle\caches\modules-2\files-2.1\org.apache.logging.log4j\log4j-api\2.10.0\fec5797a55b786184a537abd39c3fa1449d752d6\log4j-api-2.10.0.jar;C:\Users\jorge\.gradle\caches\modules-2\files-2.1\org.apache.tomcat.embed\tomcat-embed-websocket\8.5.32\ea5302e378f1449d4e5dda79e8d810c1e7931f91\tomcat-embed-websocket-8.5.32.jar;C:\Users\jorge\.gradle\caches\modules-2\files-2.1\org.apache.tomcat.embed\tomcat-embed-core\8.5.32\6bc6896200146010cc4666bdc6b9b0cbb453ee22\tomcat-embed-core-8.5.32.jar;C:\Users\jorge\.gradle\caches\modules-2\files-2.1\org.apache.tomcat.embed\tomcat-embed-el\8.5.32\e4fd0ee015d83fa1c5ec93ff1d05bdaf9a4480c5\tomcat-embed-el-8.5.32.jar;C:\Users\jorge\.gradle\caches\modules-2\files-2.1\io.netty\netty-handler-proxy\4.1.27.Final\1a822ce7760bc6eb4937b7e448c9e081fedcc807\netty-handler-proxy-4.1.27.Final.jar;C:\Users\jorge\.gradle\caches\modules-2\files-2.1\io.netty\netty-codec-http\4.1.27.Final\a1722d6bcbbef1c4c7877e8bf38b07a3db5ed07f\netty-codec-http-4.1.27.Final.jar;C:\Users\jorge\.gradle\caches\modules-2\files-2.1\io.netty\netty-handler\4.1.27.Final\21bd9cf565390a8d72579b8664303e3c175dfc6a\netty-handler-4.1.27.Final.jar;C:\Users\jorge\.gradle\caches\modules-2\files-2.1\io.netty\netty-transport-native-epoll\4.1.27.Final\8c3a61a7dd53eafe2f0fe31356f1379598f74517\netty-transport-native-epoll-4.1.27.Final-linux-x86_64.jar;C:\Users\jorge\.gradle\caches\modules-2\files-2.1\org.reactivestreams\reactive-streams\1.0.2\323964c36556eb0e6209f65c1cef72b53b461ab8\reactive-streams-1.0.2.jar;C:\Users\jorge\.gradle\caches\modules-2\files-2.1\net.minidev\accessors-smart\1.2\c592b500269bfde36096641b01238a8350f8aa31\accessors-smart-1.2.jar;C:\Users\jorge\.gradle\caches\modules-2\files-2.1\org.javassist\javassist\3.24.0-GA\d7466fc2e3af7c023e95c510f06448ad29b225b3\javassist-3.24.0-GA.jar;C:\Users\jorge\.gradle\caches\modules-2\files-2.1\io.netty\netty-codec-socks\4.1.27.Final\285b09af98764cf02e4b77b3d95af188469a7133\netty-codec-socks-4.1.27.Final.jar;C:\Users\jorge\.gradle\caches\modules-2\files-2.1\io.netty\netty-codec\4.1.27.Final\d2653d78ebaa650064768fb26b10051f5c8efb2c\netty-codec-4.1.27.Final.jar;C:\Users\jorge\.gradle\caches\modules-2\files-2.1\io.netty\netty-transport-native-unix-common\4.1.27.Final\2b0667fe5c1df78c6cfbf9d53ad8b1fb533fb8e8\netty-transport-native-unix-common-4.1.27.Final.jar;C:\Users\jorge\.gradle\caches\modules-2\files-2.1\io.netty\netty-transport\4.1.27.Final\b5c2da3ea89dd67320925f1504c9eb3615241b7c\netty-transport-4.1.27.Final.jar;C:\Users\jorge\.gradle\caches\modules-2\files-2.1\io.netty\netty-buffer\4.1.27.Final\aafe2b9fb0d8f3b200cf10b9fd6486c6a722d7a1\netty-buffer-4.1.27.Final.jar;C:\Users\jorge\.gradle\caches\modules-2\files-2.1\io.netty\netty-resolver\4.1.27.Final\2536447ef9605ccb2b5203aa22392c6514484ea9\netty-resolver-4.1.27.Final.jar;C:\Users\jorge\.gradle\caches\modules-2\files-2.1\io.netty\netty-common\4.1.27.Final\6a12a969c27fb37b230c4bde5a67bd822fa6b7a4\netty-common-4.1.27.Final.jar;C:\Users\jorge\.gradle\caches\modules-2\files-2.1\org.ow2.asm\asm\5.0.4\da08b8cce7bbf903602a25a3a163ae252435795\asm-5.0.4.jar, user.name=jorge, java.vm.specification.version=1.8, sun.java.command=worker.org.gradle.process.internal.worker.GradleWorkerMain 'Gradle Test Executor 1', java.home=C:\Program Files\AdoptOpenJDK\jdk-8.0.242.08-hotspot\jre, sun.arch.data.model=64, user.language=en, java.specification.vendor=Oracle Corporation, awt.toolkit=sun.awt.windows.WToolkit, java.vm.info=mixed mode, java.version=1.8.0_242, java.ext.dirs=C:\Program Files\AdoptOpenJDK\jdk-8.0.242.08-hotspot\jre\lib\ext;C:\Windows\Sun\Java\lib\ext, sun.boot.class.path=C:\Program Files\AdoptOpenJDK\jdk-8.0.242.08-hotspot\jre\lib\resources.jar;C:\Program Files\AdoptOpenJDK\jdk-8.0.242.08-hotspot\jre\lib\rt.jar;C:\Program Files\AdoptOpenJDK\jdk-8.0.242.08-hotspot\jre\lib\sunrsasign.jar;C:\Program Files\AdoptOpenJDK\jdk-8.0.242.08-hotspot\jre\lib\jsse.jar;C:\Program Files\AdoptOpenJDK\jdk-8.0.242.08-hotspot\jre\lib\jce.jar;C:\Program Files\AdoptOpenJDK\jdk-8.0.242.08-hotspot\jre\lib\charsets.jar;C:\Program Files\AdoptOpenJDK\jdk-8.0.242.08-hotspot\jre\lib\jfr.jar;C:\Program Files\AdoptOpenJDK\jdk-8.0.242.08-hotspot\jre\classes, java.vendor=AdoptOpenJDK, org.gradle.test.worker=1, file.separator=\, java.vendor.url.bug=http://bugreport.sun.com/bugreport/, sun.io.unicode.encoding=UnicodeLittle, sun.cpu.endian=little, sun.desktop=windows, sun.cpu.isalist=amd64}}, SystemEnvironmentPropertySource@366330439 {name='systemEnvironment', properties={USERDOMAIN_ROAMINGPROFILE=DESKTOP-U7U4TE6, PROCESSOR_LEVEL=6, VS140COMNTOOLS=C:\Program Files (x86)\Microsoft Visual Studio 14.0\Common7\Tools\, SESSIONNAME=Console, ALLUSERSPROFILE=C:\ProgramData, PROCESSOR_ARCHITECTURE=AMD64, PSModulePath=C:\Users\jorge\Documents\WindowsPowerShell\Modules;C:\Program Files\WindowsPowerShell\Modules;C:\Windows\system32\WindowsPowerShell\v1.0\Modules, SystemDrive=C:, =ExitCode=00000000, DIRNAME=C:\azure-devops\git\eShopOnContainers\src\Web\WebImapClient\Client\server\, USERNAME=jorge, CMD_LINE_ARGS=b, ProgramFiles(x86)=C:\Program Files (x86), FPS_BROWSER_USER_PROFILE_STRING=Default, APP_HOME=C:\azure-devops\git\eShopOnContainers\src\Web\WebImapClient\Client\server\, PATHEXT=.COM;.EXE;.BAT;.CMD;.VBS;.VBE;.JS;.JSE;.WSF;.WSH;.MSC;.CPL, DriverData=C:\Windows\System32\Drivers\DriverData, OneDriveConsumer=C:\Users\jorge\OneDrive, ProgramData=C:\ProgramData, ProgramW6432=C:\Program Files, HOMEPATH=\Users\jorge, PROCESSOR_IDENTIFIER=Intel64 Family 6 Model 158 Stepping 13, GenuineIntel, ProgramFiles=C:\Program Files, PUBLIC=C:\Users\Public, windir=C:\Windows, =::=::\, _SKIP=2, LOCALAPPDATA=C:\Users\jorge\AppData\Local, ChocolateyLastPathUpdate=132229495750090469, USERDOMAIN=DESKTOP-U7U4TE6, FPS_BROWSER_APP_PROFILE_STRING=Internet Explorer, LOGONSERVER=\\DESKTOP-U7U4TE6, PROMPT=$P$G, OneDrive=C:\Users\jorge\OneDrive, =C:=C:\azure-devops\git\eShopOnContainers\src\Web\WebImapClient\Client\server, APPDATA=C:\Users\jorge\AppData\Roaming, JAVA_EXE=java.exe, ChocolateyInstall=C:\ProgramData\chocolatey, CommonProgramFiles=C:\Program Files\Common Files, Path=C:\Program Files\AdoptOpenJDK\jdk-8.0.242.08-hotspot\bin;C:\Program Files (x86)\Common Files\Oracle\Java\javapath;C:\Python27\;C:\Python27\Scripts;C:\ProgramData\DockerDesktop\version-bin;C:\Program Files\Docker\Docker\Resources\bin;C:\Windows\system32;C:\Windows;C:\Windows\System32\Wbem;C:\Windows\System32\WindowsPowerShell\v1.0\;C:\Windows\System32\OpenSSH\;C:\Program Files (x86)\NVIDIA Corporation\PhysX\Common;C:\Program Files\dotnet\;C:\Program Files\Microsoft SQL Server\130\Tools\Binn\;C:\Program Files\Microsoft SQL Server\Client SDK\ODBC\170\Tools\Binn\;C:\Program Files (x86)\Microsoft SQL Server\150\DTS\Binn\;C:\Program Files\Git\cmd;C:\Program Files (x86)\Microsoft ASP.NET\ASP.NET Web Pages\v1.0\;C:\Program Files\Microsoft SQL Server\110\Tools\Binn\;C:\Windows\system32\config\systemprofile\.dnx\bin;C:\Program Files\Microsoft DNX\Dnvm\;C:\Program Files\nodejs\;C:\ProgramData\chocolatey\bin;C:\Program Files\Microsoft\Web Platform Installer\;C:\Users\jorge\AppData\Local\Microsoft\WindowsApps;C:\Users\jorge\AppData\Local\Programs\Microsoft VS Code\bin;C:\Users\jorge\.dotnet\tools;C:\Users\jorge\AppData\Roaming\npm;C:\Users\jorge\AppData\Local\GitHubDesktop\bin, OS=Windows_NT, COMPUTERNAME=DESKTOP-U7U4TE6, PROCESSOR_REVISION=9e0d, CLASSPATH=C:\azure-devops\git\eShopOnContainers\src\Web\WebImapClient\Client\server\\gradle\wrapper\gradle-wrapper.jar, CommonProgramW6432=C:\Program Files\Common Files, ComSpec=C:\Windows\system32\cmd.exe, APP_BASE_NAME=gradlew, SystemRoot=C:\Windows, TEMP=C:\Users\jorge\AppData\Local\Temp, HOMEDRIVE=C:, USERPROFILE=C:\Users\jorge, TMP=C:\Users\jorge\AppData\Local\Temp, VS110COMNTOOLS=C:\Program Files (x86)\Microsoft Visual Studio 11.0\Common7\Tools\, CommonProgramFiles(x86)=C:\Program Files (x86)\Common Files, NUMBER_OF_PROCESSORS=12}}]
13:25:58.135 [Test worker] DEBUG org.springframework.web.servlet.mvc.method.annotation.RequestMappingHandlerMapping - Looking for request mappings in application context: org.springframework.test.web.servlet.setup.StubWebApplicationContext@6fac47e2
13:25:58.139 [Test worker] DEBUG org.springframework.web.servlet.mvc.method.annotation.RequestMappingHandlerMapping - 18 request handler methods found on class com.marcnuri.isotope.api.folder.FolderResource: {public org.springframework.http.ResponseEntity com.marcnuri.isotope.api.folder.FolderResource.getMessage(java.lang.String,java.lang.Long)={[/v1/folders/{folderId}/messages/{messageId}],methods=[GET]}, public org.springframework.http.ResponseEntity com.marcnuri.isotope.api.folder.FolderResource.setMessageFlagged(java.lang.String,java.lang.Long,boolean)={[/v1/folders/{folderId}/messages/{messageId}/flagged],methods=[PUT]}, public org.springframework.http.ResponseEntity com.marcnuri.isotope.api.folder.FolderResource.createChildFolder(java.lang.String,java.lang.String)={[/v1/folders/{folderId}],methods=[POST],produces=[application/hal+json]}, public org.springframework.http.ResponseEntity com.marcnuri.isotope.api.folder.FolderResource.deleteAllFolderMessages(java.lang.String)={[/v1/folders/{folderId}/messages],methods=[DELETE]}, public org.springframework.http.ResponseEntity com.marcnuri.isotope.api.folder.FolderResource.moveFolder(java.lang.String,java.lang.String)={[/v1/folders/{folderId}/parent],methods=[PUT],produces=[application/hal+json]}, public org.springframework.http.ResponseEntity com.marcnuri.isotope.api.folder.FolderResource.getMessageRaw(java.lang.String,java.lang.Long)={[/v1/folders/{folderId}/messages/{messageId}/raw],methods=[GET]}, public org.springframework.http.ResponseEntity com.marcnuri.isotope.api.folder.FolderResource.setMessagesSeen(java.lang.String,java.lang.Boolean,java.util.List)={[/v1/folders/{folderId}/messages/seen/{seen}],methods=[PUT]}, public org.springframework.http.ResponseEntity com.marcnuri.isotope.api.folder.FolderResource.getFolders(java.lang.Boolean)={[/v1/folders],methods=[GET],produces=[application/hal+json]}, public org.springframework.http.ResponseEntity com.marcnuri.isotope.api.folder.FolderResource.createRootFolder(java.lang.String)={[/v1/folders],methods=[POST],produces=[application/hal+json]}, public org.springframework.http.ResponseEntity com.marcnuri.isotope.api.folder.FolderResource.deleteMessages(java.lang.String,java.util.List)={[/v1/folders/{folderId}/messages],methods=[DELETE],params=[id]}, public reactor.core.publisher.Flux com.marcnuri.isotope.api.folder.FolderResource.getMessages(java.lang.String,javax.servlet.http.HttpServletResponse)={[/v1/folders/{folderId}/messages],methods=[GET],produces=[text/event-stream]}, public org.springframework.http.ResponseEntity com.marcnuri.isotope.api.folder.FolderResource.preloadMessages(java.lang.String,java.util.List)={[/v1/folders/{folderId}/messages],methods=[GET]}, public org.springframework.http.ResponseEntity com.marcnuri.isotope.api.folder.FolderResource.getAttachment(java.lang.String,java.lang.Long,java.lang.String,java.lang.Boolean,javax.servlet.http.HttpServletResponse)={[/v1/folders/{folderId}/messages/{messageId}/attachments/{id}],methods=[GET]}, public org.springframework.http.ResponseEntity com.marcnuri.isotope.api.folder.FolderResource.deleteFolder(java.lang.String)={[/v1/folders/{folderId}],methods=[DELETE],produces=[application/hal+json]}, public org.springframework.http.ResponseEntity com.marcnuri.isotope.api.folder.FolderResource.moveMessages(java.lang.String,java.lang.String,java.util.List)={[/v1/folders/{fromFolderId}/messages/folder/{toFolderId}],methods=[PUT]}, public org.springframework.http.ResponseEntity com.marcnuri.isotope.api.folder.FolderResource.renameFolder(java.lang.String,java.lang.String)={[/v1/folders/{folderId}/name],methods=[PUT],produces=[application/hal+json]}, public org.springframework.http.ResponseEntity com.marcnuri.isotope.api.folder.FolderResource.moveMessage(java.lang.String,java.lang.Long,java.lang.String)={[/v1/folders/{fromFolderId}/messages/{messageId}/folder/{toFolderId}],methods=[PUT]}, public org.springframework.http.ResponseEntity com.marcnuri.isotope.api.folder.FolderResource.setMessageSeen(java.lang.String,java.lang.Long,boolean)={[/v1/folders/{folderId}/messages/{messageId}/seen],methods=[PUT]}}
13:25:58.140 [Test worker] INFO org.springframework.web.servlet.mvc.method.annotation.RequestMappingHandlerMapping - Mapped "{[/v1/folders/{folderId}/messages/{messageId}],methods=[GET]}" onto public org.springframework.http.ResponseEntity<com.marcnuri.isotope.api.message.MessageWithFolder> com.marcnuri.isotope.api.folder.FolderResource.getMessage(java.lang.String,java.lang.Long)
13:25:58.140 [Test worker] INFO org.springframework.web.servlet.mvc.method.annotation.RequestMappingHandlerMapping - Mapped "{[/v1/folders/{folderId}/messages/{messageId}/flagged],methods=[PUT]}" onto public org.springframework.http.ResponseEntity<java.lang.Void> com.marcnuri.isotope.api.folder.FolderResource.setMessageFlagged(java.lang.String,java.lang.Long,boolean)
13:25:58.140 [Test worker] INFO org.springframework.web.servlet.mvc.method.annotation.RequestMappingHandlerMapping - Mapped "{[/v1/folders/{folderId}],methods=[POST],produces=[application/hal+json]}" onto public org.springframework.http.ResponseEntity<com.marcnuri.isotope.api.folder.Folder> com.marcnuri.isotope.api.folder.FolderResource.createChildFolder(java.lang.String,java.lang.String)
13:25:58.140 [Test worker] INFO org.springframework.web.servlet.mvc.method.annotation.RequestMappingHandlerMapping - Mapped "{[/v1/folders/{folderId}/messages],methods=[DELETE]}" onto public org.springframework.http.ResponseEntity<com.marcnuri.isotope.api.folder.Folder> com.marcnuri.isotope.api.folder.FolderResource.deleteAllFolderMessages(java.lang.String)
13:25:58.140 [Test worker] INFO org.springframework.web.servlet.mvc.method.annotation.RequestMappingHandlerMapping - Mapped "{[/v1/folders/{folderId}/parent],methods=[PUT],produces=[application/hal+json]}" onto public org.springframework.http.ResponseEntity<com.marcnuri.isotope.api.folder.Folder> com.marcnuri.isotope.api.folder.FolderResource.moveFolder(java.lang.String,java.lang.String)
13:25:58.140 [Test worker] INFO org.springframework.web.servlet.mvc.method.annotation.RequestMappingHandlerMapping - Mapped "{[/v1/folders/{folderId}/messages/{messageId}/raw],methods=[GET]}" onto public org.springframework.http.ResponseEntity<java.lang.String> com.marcnuri.isotope.api.folder.FolderResource.getMessageRaw(java.lang.String,java.lang.Long)
13:25:58.140 [Test worker] INFO org.springframework.web.servlet.mvc.method.annotation.RequestMappingHandlerMapping - Mapped "{[/v1/folders/{folderId}/messages/seen/{seen}],methods=[PUT]}" onto public org.springframework.http.ResponseEntity<java.lang.Void> com.marcnuri.isotope.api.folder.FolderResource.setMessagesSeen(java.lang.String,java.lang.Boolean,java.util.List<java.lang.Long>)
13:25:58.141 [Test worker] INFO org.springframework.web.servlet.mvc.method.annotation.RequestMappingHandlerMapping - Mapped "{[/v1/folders],methods=[GET],produces=[application/hal+json]}" onto public org.springframework.http.ResponseEntity<java.util.List<com.marcnuri.isotope.api.folder.Folder>> com.marcnuri.isotope.api.folder.FolderResource.getFolders(java.lang.Boolean)
13:25:58.141 [Test worker] INFO org.springframework.web.servlet.mvc.method.annotation.RequestMappingHandlerMapping - Mapped "{[/v1/folders],methods=[POST],produces=[application/hal+json]}" onto public org.springframework.http.ResponseEntity<java.util.List<com.marcnuri.isotope.api.folder.Folder>> com.marcnuri.isotope.api.folder.FolderResource.createRootFolder(java.lang.String)
13:25:58.141 [Test worker] INFO org.springframework.web.servlet.mvc.method.annotation.RequestMappingHandlerMapping - Mapped "{[/v1/folders/{folderId}/messages],methods=[DELETE],params=[id]}" onto public org.springframework.http.ResponseEntity<com.marcnuri.isotope.api.folder.Folder> com.marcnuri.isotope.api.folder.FolderResource.deleteMessages(java.lang.String,java.util.List<java.lang.Long>)
13:25:58.141 [Test worker] INFO org.springframework.web.servlet.mvc.method.annotation.RequestMappingHandlerMapping - Mapped "{[/v1/folders/{folderId}/messages],methods=[GET],produces=[text/event-stream]}" onto public reactor.core.publisher.Flux<org.springframework.http.codec.ServerSentEvent<java.util.List<com.marcnuri.isotope.api.message.Message>>> com.marcnuri.isotope.api.folder.FolderResource.getMessages(java.lang.String,javax.servlet.http.HttpServletResponse)
13:25:58.141 [Test worker] INFO org.springframework.web.servlet.mvc.method.annotation.RequestMappingHandlerMapping - Mapped "{[/v1/folders/{folderId}/messages],methods=[GET]}" onto public org.springframework.http.ResponseEntity<java.util.List<com.marcnuri.isotope.api.message.Message>> com.marcnuri.isotope.api.folder.FolderResource.preloadMessages(java.lang.String,java.util.List<java.lang.Long>)
13:25:58.141 [Test worker] INFO org.springframework.web.servlet.mvc.method.annotation.RequestMappingHandlerMapping - Mapped "{[/v1/folders/{folderId}/messages/{messageId}/attachments/{id}],methods=[GET]}" onto public org.springframework.http.ResponseEntity<java.lang.Void> com.marcnuri.isotope.api.folder.FolderResource.getAttachment(java.lang.String,java.lang.Long,java.lang.String,java.lang.Boolean,javax.servlet.http.HttpServletResponse)
13:25:58.141 [Test worker] INFO org.springframework.web.servlet.mvc.method.annotation.RequestMappingHandlerMapping - Mapped "{[/v1/folders/{folderId}],methods=[DELETE],produces=[application/hal+json]}" onto public org.springframework.http.ResponseEntity<com.marcnuri.isotope.api.folder.Folder> com.marcnuri.isotope.api.folder.FolderResource.deleteFolder(java.lang.String)
13:25:58.141 [Test worker] INFO org.springframework.web.servlet.mvc.method.annotation.RequestMappingHandlerMapping - Mapped "{[/v1/folders/{fromFolderId}/messages/folder/{toFolderId}],methods=[PUT]}" onto public org.springframework.http.ResponseEntity<java.util.List<com.marcnuri.isotope.api.message.MessageWithFolder>> com.marcnuri.isotope.api.folder.FolderResource.moveMessages(java.lang.String,java.lang.String,java.util.List<java.lang.Long>)
13:25:58.142 [Test worker] INFO org.springframework.web.servlet.mvc.method.annotation.RequestMappingHandlerMapping - Mapped "{[/v1/folders/{folderId}/name],methods=[PUT],produces=[application/hal+json]}" onto public org.springframework.http.ResponseEntity<com.marcnuri.isotope.api.folder.Folder> com.marcnuri.isotope.api.folder.FolderResource.renameFolder(java.lang.String,java.lang.String)
13:25:58.142 [Test worker] INFO org.springframework.web.servlet.mvc.method.annotation.RequestMappingHandlerMapping - Mapped "{[/v1/folders/{fromFolderId}/messages/{messageId}/folder/{toFolderId}],methods=[PUT]}" onto public org.springframework.http.ResponseEntity<java.util.List<com.marcnuri.isotope.api.message.MessageWithFolder>> com.marcnuri.isotope.api.folder.FolderResource.moveMessage(java.lang.String,java.lang.Long,java.lang.String)
13:25:58.142 [Test worker] INFO org.springframework.web.servlet.mvc.method.annotation.RequestMappingHandlerMapping - Mapped "{[/v1/folders/{folderId}/messages/{messageId}/seen],methods=[PUT]}" onto public org.springframework.http.ResponseEntity<java.lang.Void> com.marcnuri.isotope.api.folder.FolderResource.setMessageSeen(java.lang.String,java.lang.Long,boolean)
13:25:58.146 [Test worker] DEBUG org.hibernate.validator.internal.engine.resolver.TraversableResolvers - Cannot find javax.persistence.Persistence on classpath. Assuming non JPA 2 environment. All properties will per default be traversable.
13:25:58.147 [Test worker] DEBUG org.hibernate.validator.messageinterpolation.ResourceBundleMessageInterpolator - Loaded expression factory via original TCCL
13:25:58.147 [Test worker] DEBUG org.hibernate.validator.internal.engine.ConfigurationImpl - Setting custom MessageInterpolator of type org.springframework.validation.beanvalidation.LocaleContextMessageInterpolator
13:25:58.147 [Test worker] DEBUG org.hibernate.validator.internal.engine.ConfigurationImpl - Setting custom ParameterNameProvider of type org.springframework.validation.beanvalidation.LocalValidatorFactoryBean$1
13:25:58.147 [Test worker] DEBUG org.hibernate.validator.internal.xml.config.ValidationXmlParser - Trying to load META-INF/validation.xml for XML based Validator configuration.
13:25:58.147 [Test worker] DEBUG org.hibernate.validator.internal.xml.config.ResourceLoaderHelper - Trying to load META-INF/validation.xml via TCCL
13:25:58.148 [Test worker] DEBUG org.hibernate.validator.internal.xml.config.ResourceLoaderHelper - Trying to load META-INF/validation.xml via Hibernate Validator's class loader
13:25:58.148 [Test worker] DEBUG org.hibernate.validator.internal.xml.config.ValidationXmlParser - No META-INF/validation.xml found. Using annotation based configuration only.
13:25:58.153 [Test worker] DEBUG org.hibernate.validator.internal.engine.ValidatorFactoryImpl - HV000234: Using org.springframework.validation.beanvalidation.LocaleContextMessageInterpolator as ValidatorFactory-scoped message interpolator.
13:25:58.153 [Test worker] DEBUG org.hibernate.validator.internal.engine.ValidatorFactoryImpl - HV000234: Using org.hibernate.validator.internal.engine.resolver.TraverseAllTraversableResolver as ValidatorFactory-scoped traversable resolver.
13:25:58.153 [Test worker] DEBUG org.hibernate.validator.internal.engine.ValidatorFactoryImpl - HV000234: Using org.hibernate.validator.internal.util.ExecutableParameterNameProvider as ValidatorFactory-scoped parameter name provider.
13:25:58.153 [Test worker] DEBUG org.hibernate.validator.internal.engine.ValidatorFactoryImpl - HV000234: Using org.hibernate.validator.internal.engine.DefaultClockProvider as ValidatorFactory-scoped clock provider.
13:25:58.153 [Test worker] DEBUG org.hibernate.validator.internal.engine.ValidatorFactoryImpl - HV000234: Using org.hibernate.validator.internal.engine.scripting.DefaultScriptEvaluatorFactory as ValidatorFactory-scoped script evaluator factory.
13:25:58.154 [Test worker] INFO org.springframework.web.servlet.mvc.method.annotation.RequestMappingHandlerAdapter - Looking for @ControllerAdvice: org.springframework.test.web.servlet.setup.StubWebApplicationContext@6fac47e2
13:25:58.156 [Test worker] DEBUG org.springframework.web.servlet.mvc.method.annotation.ExceptionHandlerExceptionResolver - Looking for exception mappings: org.springframework.test.web.servlet.setup.StubWebApplicationContext@6fac47e2
13:25:58.157 [Test worker] DEBUG org.springframework.test.web.servlet.TestDispatcherServlet - Initializing servlet ''
13:25:58.157 [Test worker] INFO org.springframework.mock.web.MockServletContext - Initializing Spring FrameworkServlet ''
13:25:58.157 [Test worker] INFO org.springframework.test.web.servlet.TestDispatcherServlet - FrameworkServlet '': initialization started
13:25:58.157 [Test worker] DEBUG org.springframework.test.web.servlet.TestDispatcherServlet - Unable to locate MultipartResolver with name 'multipartResolver': no multipart request handling provided
13:25:58.157 [Test worker] DEBUG org.springframework.test.web.servlet.TestDispatcherServlet - Using LocaleResolver [org.springframework.web.servlet.i18n.AcceptHeaderLocaleResolver@3040418e]
13:25:58.157 [Test worker] DEBUG org.springframework.test.web.servlet.TestDispatcherServlet - Using ThemeResolver [org.springframework.web.servlet.theme.FixedThemeResolver@b764212]
13:25:58.157 [Test worker] DEBUG org.springframework.test.web.servlet.TestDispatcherServlet - Using RequestToViewNameTranslator [org.springframework.web.servlet.view.DefaultRequestToViewNameTranslator@2a185152]
13:25:58.157 [Test worker] DEBUG org.springframework.test.web.servlet.TestDispatcherServlet - Using FlashMapManager [org.springframework.web.servlet.support.SessionFlashMapManager@2dd673ba]
13:25:58.157 [Test worker] DEBUG org.springframework.test.web.servlet.TestDispatcherServlet - Published WebApplicationContext of servlet '' as ServletContext attribute with name [org.springframework.web.servlet.FrameworkServlet.CONTEXT.]
13:25:58.157 [Test worker] INFO org.springframework.test.web.servlet.TestDispatcherServlet - FrameworkServlet '': initialization completed in 0 ms
13:25:58.157 [Test worker] DEBUG org.springframework.test.web.servlet.TestDispatcherServlet - Servlet '' configured successfully
13:25:58.158 [Test worker] DEBUG org.springframework.test.web.servlet.TestDispatcherServlet - DispatcherServlet with name '' processing POST request for [/v1/folders/L3BhcmVudC9mb2xkZXI=]
13:25:58.158 [Test worker] DEBUG org.springframework.web.servlet.mvc.method.annotation.RequestMappingHandlerMapping - Looking up handler method for path /v1/folders/L3BhcmVudC9mb2xkZXI=
13:25:58.159 [Test worker] DEBUG org.springframework.web.servlet.mvc.method.annotation.RequestMappingHandlerMapping - Returning handler method [public org.springframework.http.ResponseEntity<com.marcnuri.isotope.api.folder.Folder> com.marcnuri.isotope.api.folder.FolderResource.createChildFolder(java.lang.String,java.lang.String)]
13:25:58.160 [Test worker] DEBUG org.springframework.web.servlet.mvc.method.annotation.RequestResponseBodyMethodProcessor - Read [class java.lang.String] as "application/json" with [org.springframework.http.converter.StringHttpMessageConverter@1f280bbf]
13:25:58.160 [Test worker] DEBUG com.marcnuri.isotope.api.folder.FolderResource - Creating new folder with name new-folder under L3BhcmVudC9mb2xkZXI= folder
13:25:58.160 [Test worker] DEBUG org.springframework.beans.factory.support.DefaultListableBeanFactory - Returning cached instance of singleton bean 'prototypeImapService'
13:25:58.172 [Test worker] DEBUG org.springframework.web.servlet.mvc.method.annotation.HttpEntityMethodProcessor - Written [links: [<http://localhost/v1/folders/new-folder>;rel="self", <http://localhost/v1/folders/new-folder/messages>;rel="messages", <http://localhost/v1/folders/new-folder>;rel="delete", <http://localhost/v1/folders/new-folder/name>;rel="rename", <http://localhost/v1/folders/new-folder/parent>;rel="move", <http://localhost/v1/folders/new-folder/messages/{messageId}>;rel="message", <http://localhost/v1/folders/new-folder/messages/{messageId}/flagged>;rel="message.flagged", <http://localhost/v1/folders/new-folder/messages/{messageId}/folder/{toFolderId}>;rel="message.move", <http://localhost/v1/folders/new-folder/messages/folder/{toFolderId}>;rel="message.move.bulk", <http://localhost/v1/folders/new-folder/messages/{messageId}/seen>;rel="message.seen", <http://localhost/v1/folders/new-folder/messages/seen/{seen}>;rel="message.seen.bulk"]] as "application/hal+json" using [org.springframework.http.converter.json.MappingJackson2HttpMessageConverter@f728658]
13:25:58.172 [Test worker] DEBUG org.springframework.test.web.servlet.TestDispatcherServlet - Null ModelAndView returned to DispatcherServlet with name '': assuming HandlerAdapter completed request handling
13:25:58.172 [Test worker] DEBUG org.springframework.test.web.servlet.TestDispatcherServlet - Successfully completed request
13:25:58.172 [Test worker] DEBUG com.jayway.jsonpath.internal.path.CompiledPath - Evaluating path: $['folderId']
13:25:58.172 [Test worker] DEBUG org.springframework.test.context.cache.DefaultCacheAwareContextLoaderDelegate - Retrieved ApplicationContext from cache with key [[MergedContextConfiguration@6692e92d testClass = FolderResourceTest, locations = '{}', classes = '{class com.marcnuri.isotope.api.folder.FolderResource}', contextInitializerClasses = '[]', activeProfiles = '{}', propertySourceLocations = '{}', propertySourceProperties = '{}', contextCustomizers = set[org.springframework.boot.test.autoconfigure.properties.PropertyMappingContextCustomizer@0, org.springframework.boot.test.autoconfigure.web.servlet.WebDriverContextCustomizerFactory$Customizer@2dc9ad67, org.springframework.boot.test.context.filter.ExcludeFilterContextCustomizer@7975bbf7, org.springframework.boot.test.json.DuplicateJsonObjectContextCustomizerFactory$DuplicateJsonObjectContextCustomizer@2dd9ed03, org.springframework.boot.test.mock.mockito.MockitoContextCustomizer@570072aa], contextLoader = 'org.springframework.test.context.support.DelegatingSmartContextLoader', parent = [null]]]
13:25:58.172 [Test worker] DEBUG org.springframework.test.context.cache - Spring test ApplicationContext cache statistics: [DefaultContextCache@10c13e31 size = 2, maxSize = 32, parentContextCount = 0, hitCount = 86, missCount = 2]
13:25:58.172 [Test worker] DEBUG org.springframework.beans.factory.support.DefaultListableBeanFactory - Returning cached instance of singleton bean 'org.springframework.boot.test.mock.mockito.MockitoBeans'
13:25:58.173 [Test worker] DEBUG org.springframework.test.context.cache.DefaultCacheAwareContextLoaderDelegate - Retrieved ApplicationContext from cache with key [[MergedContextConfiguration@6692e92d testClass = FolderResourceTest, locations = '{}', classes = '{class com.marcnuri.isotope.api.folder.FolderResource}', contextInitializerClasses = '[]', activeProfiles = '{}', propertySourceLocations = '{}', propertySourceProperties = '{}', contextCustomizers = set[org.springframework.boot.test.autoconfigure.properties.PropertyMappingContextCustomizer@0, org.springframework.boot.test.autoconfigure.web.servlet.WebDriverContextCustomizerFactory$Customizer@2dc9ad67, org.springframework.boot.test.context.filter.ExcludeFilterContextCustomizer@7975bbf7, org.springframework.boot.test.json.DuplicateJsonObjectContextCustomizerFactory$DuplicateJsonObjectContextCustomizer@2dd9ed03, org.springframework.boot.test.mock.mockito.MockitoContextCustomizer@570072aa], contextLoader = 'org.springframework.test.context.support.DelegatingSmartContextLoader', parent = [null]]]
13:25:58.173 [Test worker] DEBUG org.springframework.test.context.cache - Spring test ApplicationContext cache statistics: [DefaultContextCache@10c13e31 size = 2, maxSize = 32, parentContextCount = 0, hitCount = 87, missCount = 2]
13:25:58.173 [Test worker] DEBUG org.springframework.test.context.cache.DefaultCacheAwareContextLoaderDelegate - Retrieved ApplicationContext from cache with key [[MergedContextConfiguration@6692e92d testClass = FolderResourceTest, locations = '{}', classes = '{class com.marcnuri.isotope.api.folder.FolderResource}', contextInitializerClasses = '[]', activeProfiles = '{}', propertySourceLocations = '{}', propertySourceProperties = '{}', contextCustomizers = set[org.springframework.boot.test.autoconfigure.properties.PropertyMappingContextCustomizer@0, org.springframework.boot.test.autoconfigure.web.servlet.WebDriverContextCustomizerFactory$Customizer@2dc9ad67, org.springframework.boot.test.context.filter.ExcludeFilterContextCustomizer@7975bbf7, org.springframework.boot.test.json.DuplicateJsonObjectContextCustomizerFactory$DuplicateJsonObjectContextCustomizer@2dd9ed03, org.springframework.boot.test.mock.mockito.MockitoContextCustomizer@570072aa], contextLoader = 'org.springframework.test.context.support.DelegatingSmartContextLoader', parent = [null]]]
13:25:58.173 [Test worker] DEBUG org.springframework.test.context.cache - Spring test ApplicationContext cache statistics: [DefaultContextCache@10c13e31 size = 2, maxSize = 32, parentContextCount = 0, hitCount = 88, missCount = 2]
13:25:58.173 [Test worker] DEBUG reactor.core.publisher.Hooks - Reset to factory defaults : onLastOperator
13:25:58.174 [Test worker] DEBUG org.springframework.test.context.support.AbstractDirtiesContextTestExecutionListener - After test method: context [DefaultTestContext@2ff6fc48 testClass = FolderResourceTest, testInstance = com.marcnuri.isotope.api.folder.FolderResourceTest@15b686ea, testMethod = createChildFolder_validFolderParentAndNewName_shouldReturnOk@FolderResourceTest, testException = [null], mergedContextConfiguration = [MergedContextConfiguration@6692e92d testClass = FolderResourceTest, locations = '{}', classes = '{class com.marcnuri.isotope.api.folder.FolderResource}', contextInitializerClasses = '[]', activeProfiles = '{}', propertySourceLocations = '{}', propertySourceProperties = '{}', contextCustomizers = set[org.springframework.boot.test.autoconfigure.properties.PropertyMappingContextCustomizer@0, org.springframework.boot.test.autoconfigure.web.servlet.WebDriverContextCustomizerFactory$Customizer@2dc9ad67, org.springframework.boot.test.context.filter.ExcludeFilterContextCustomizer@7975bbf7, org.springframework.boot.test.json.DuplicateJsonObjectContextCustomizerFactory$DuplicateJsonObjectContextCustomizer@2dd9ed03, org.springframework.boot.test.mock.mockito.MockitoContextCustomizer@570072aa], contextLoader = 'org.springframework.test.context.support.DelegatingSmartContextLoader', parent = [null]], attributes = map[[empty]]], class annotated with @DirtiesContext [false] with mode [null], method annotated with @DirtiesContext [false] with mode [null].
13:25:58.174 [Test worker] DEBUG org.springframework.test.annotation.ProfileValueUtils - Retrieved @ProfileValueSourceConfiguration [null] for test class [com.marcnuri.isotope.api.folder.FolderResourceTest]
13:25:58.174 [Test worker] DEBUG org.springframework.test.annotation.ProfileValueUtils - Retrieved ProfileValueSource type [class org.springframework.test.annotation.SystemProfileValueSource] for class [com.marcnuri.isotope.api.folder.FolderResourceTest]
13:25:58.174 [Test worker] DEBUG org.springframework.test.context.cache.DefaultCacheAwareContextLoaderDelegate - Retrieved ApplicationContext from cache with key [[MergedContextConfiguration@6692e92d testClass = FolderResourceTest, locations = '{}', classes = '{class com.marcnuri.isotope.api.folder.FolderResource}', contextInitializerClasses = '[]', activeProfiles = '{}', propertySourceLocations = '{}', propertySourceProperties = '{}', contextCustomizers = set[org.springframework.boot.test.autoconfigure.properties.PropertyMappingContextCustomizer@0, org.springframework.boot.test.autoconfigure.web.servlet.WebDriverContextCustomizerFactory$Customizer@2dc9ad67, org.springframework.boot.test.context.filter.ExcludeFilterContextCustomizer@7975bbf7, org.springframework.boot.test.json.DuplicateJsonObjectContextCustomizerFactory$DuplicateJsonObjectContextCustomizer@2dd9ed03, org.springframework.boot.test.mock.mockito.MockitoContextCustomizer@570072aa], contextLoader = 'org.springframework.test.context.support.DelegatingSmartContextLoader', parent = [null]]]
13:25:58.174 [Test worker] DEBUG org.springframework.test.context.cache - Spring test ApplicationContext cache statistics: [DefaultContextCache@10c13e31 size = 2, maxSize = 32, parentContextCount = 0, hitCount = 89, missCount = 2]
13:25:58.174 [Test worker] DEBUG org.springframework.beans.factory.support.DefaultListableBeanFactory - Returning cached instance of singleton bean 'org.springframework.boot.test.mock.mockito.MockitoPostProcessor'
13:25:58.174 [Test worker] DEBUG org.springframework.beans.factory.support.DefaultListableBeanFactory - Returning cached instance of singleton bean 'prototypeImapService'
13:25:58.174 [Test worker] DEBUG org.springframework.test.context.support.DependencyInjectionTestExecutionListener - Performing dependency injection for test context [[DefaultTestContext@2ff6fc48 testClass = FolderResourceTest, testInstance = com.marcnuri.isotope.api.folder.FolderResourceTest@147a6850, testMethod = [null], testException = [null], mergedContextConfiguration = [MergedContextConfiguration@6692e92d testClass = FolderResourceTest, locations = '{}', classes = '{class com.marcnuri.isotope.api.folder.FolderResource}', contextInitializerClasses = '[]', activeProfiles = '{}', propertySourceLocations = '{}', propertySourceProperties = '{}', contextCustomizers = set[org.springframework.boot.test.autoconfigure.properties.PropertyMappingContextCustomizer@0, org.springframework.boot.test.autoconfigure.web.servlet.WebDriverContextCustomizerFactory$Customizer@2dc9ad67, org.springframework.boot.test.context.filter.ExcludeFilterContextCustomizer@7975bbf7, org.springframework.boot.test.json.DuplicateJsonObjectContextCustomizerFactory$DuplicateJsonObjectContextCustomizer@2dd9ed03, org.springframework.boot.test.mock.mockito.MockitoContextCustomizer@570072aa], contextLoader = 'org.springframework.test.context.support.DelegatingSmartContextLoader', parent = [null]], attributes = map[[empty]]]].
13:25:58.174 [Test worker] DEBUG org.springframework.test.context.cache.DefaultCacheAwareContextLoaderDelegate - Retrieved ApplicationContext from cache with key [[MergedContextConfiguration@6692e92d testClass = FolderResourceTest, locations = '{}', classes = '{class com.marcnuri.isotope.api.folder.FolderResource}', contextInitializerClasses = '[]', activeProfiles = '{}', propertySourceLocations = '{}', propertySourceProperties = '{}', contextCustomizers = set[org.springframework.boot.test.autoconfigure.properties.PropertyMappingContextCustomizer@0, org.springframework.boot.test.autoconfigure.web.servlet.WebDriverContextCustomizerFactory$Customizer@2dc9ad67, org.springframework.boot.test.context.filter.ExcludeFilterContextCustomizer@7975bbf7, org.springframework.boot.test.json.DuplicateJsonObjectContextCustomizerFactory$DuplicateJsonObjectContextCustomizer@2dd9ed03, org.springframework.boot.test.mock.mockito.MockitoContextCustomizer@570072aa], contextLoader = 'org.springframework.test.context.support.DelegatingSmartContextLoader', parent = [null]]]
13:25:58.175 [Test worker] DEBUG org.springframework.test.context.cache - Spring test ApplicationContext cache statistics: [DefaultContextCache@10c13e31 size = 2, maxSize = 32, parentContextCount = 0, hitCount = 90, missCount = 2]
13:25:58.175 [Test worker] DEBUG org.springframework.beans.factory.annotation.InjectionMetadata - Processing injected element of bean 'com.marcnuri.isotope.api.folder.FolderResourceTest': AutowiredFieldElement for private com.marcnuri.isotope.api.folder.FolderResource com.marcnuri.isotope.api.folder.FolderResourceTest.folderResource
13:25:58.175 [Test worker] DEBUG org.springframework.beans.factory.support.DefaultListableBeanFactory - Returning cached instance of singleton bean 'folderResource'
13:25:58.175 [Test worker] DEBUG org.springframework.test.context.support.AbstractDirtiesContextTestExecutionListener - Before test method: context [DefaultTestContext@2ff6fc48 testClass = FolderResourceTest, testInstance = com.marcnuri.isotope.api.folder.FolderResourceTest@147a6850, testMethod = setMessageFlagged_validFolderAndMessage_shouldReturnNoContent@FolderResourceTest, testException = [null], mergedContextConfiguration = [MergedContextConfiguration@6692e92d testClass = FolderResourceTest, locations = '{}', classes = '{class com.marcnuri.isotope.api.folder.FolderResource}', contextInitializerClasses = '[]', activeProfiles = '{}', propertySourceLocations = '{}', propertySourceProperties = '{}', contextCustomizers = set[org.springframework.boot.test.autoconfigure.properties.PropertyMappingContextCustomizer@0, org.springframework.boot.test.autoconfigure.web.servlet.WebDriverContextCustomizerFactory$Customizer@2dc9ad67, org.springframework.boot.test.context.filter.ExcludeFilterContextCustomizer@7975bbf7, org.springframework.boot.test.json.DuplicateJsonObjectContextCustomizerFactory$DuplicateJsonObjectContextCustomizer@2dd9ed03, org.springframework.boot.test.mock.mockito.MockitoContextCustomizer@570072aa], contextLoader = 'org.springframework.test.context.support.DelegatingSmartContextLoader', parent = [null]], attributes = map[[empty]]], class annotated with @DirtiesContext [false] with mode [null], method annotated with @DirtiesContext [false] with mode [null].
13:25:58.176 [Test worker] DEBUG reactor.core.publisher.Hooks - Hooking onLastOperator: reactor.core.publisher.Operators$LiftFunction@25909697
13:25:58.176 [Test worker] DEBUG org.springframework.test.context.cache.DefaultCacheAwareContextLoaderDelegate - Retrieved ApplicationContext from cache with key [[MergedContextConfiguration@6692e92d testClass = FolderResourceTest, locations = '{}', classes = '{class com.marcnuri.isotope.api.folder.FolderResource}', contextInitializerClasses = '[]', activeProfiles = '{}', propertySourceLocations = '{}', propertySourceProperties = '{}', contextCustomizers = set[org.springframework.boot.test.autoconfigure.properties.PropertyMappingContextCustomizer@0, org.springframework.boot.test.autoconfigure.web.servlet.WebDriverContextCustomizerFactory$Customizer@2dc9ad67, org.springframework.boot.test.context.filter.ExcludeFilterContextCustomizer@7975bbf7, org.springframework.boot.test.json.DuplicateJsonObjectContextCustomizerFactory$DuplicateJsonObjectContextCustomizer@2dd9ed03, org.springframework.boot.test.mock.mockito.MockitoContextCustomizer@570072aa], contextLoader = 'org.springframework.test.context.support.DelegatingSmartContextLoader', parent = [null]]]
13:25:58.176 [Test worker] DEBUG org.springframework.test.context.cache - Spring test ApplicationContext cache statistics: [DefaultContextCache@10c13e31 size = 2, maxSize = 32, parentContextCount = 0, hitCount = 91, missCount = 2]
13:25:58.177 [Test worker] DEBUG org.springframework.beans.factory.support.DefaultListableBeanFactory - Returning cached instance of singleton bean 'org.springframework.boot.test.mock.mockito.MockitoBeans'
13:25:58.177 [Test worker] DEBUG org.springframework.core.env.StandardEnvironment - Adding PropertySource 'systemProperties' with lowest search precedence
13:25:58.177 [Test worker] DEBUG org.springframework.core.env.StandardEnvironment - Adding PropertySource 'systemEnvironment' with lowest search precedence
13:25:58.177 [Test worker] DEBUG org.springframework.core.env.StandardEnvironment - Initialized StandardEnvironment with PropertySources [MapPropertySource@2033472330 {name='systemProperties', properties={java.runtime.name=OpenJDK Runtime Environment, sun.boot.library.path=C:\Program Files\AdoptOpenJDK\jdk-8.0.242.08-hotspot\jre\bin, java.vm.version=25.242-b08, java.vm.vendor=, java.vendor.url=http://java.oracle.com/, path.separator=;, java.vm.name=OpenJDK 64-Bit Server VM, file.encoding.pkg=sun.io, user.script=, sun.java.launcher=SUN_STANDARD, user.country=GB, sun.os.patch.level=, java.vm.specification.name=Java Virtual Machine Specification, user.dir=C:\azure-devops\git\eShopOnContainers\src\Web\WebImapClient\Client\server, java.runtime.version=1.8.0_242-b08, java.awt.graphicsenv=sun.awt.Win32GraphicsEnvironment, java.endorsed.dirs=C:\Program Files\AdoptOpenJDK\jdk-8.0.242.08-hotspot\jre\lib\endorsed, os.arch=amd64, java.io.tmpdir=C:\Users\jorge\AppData\Local\Temp\, line.separator=
, java.vm.specification.vendor=Oracle Corporation, user.variant=, os.name=Windows 10, sun.jnu.encoding=Cp1252, java.library.path=C:\Program Files\AdoptOpenJDK\jdk-8.0.242.08-hotspot\bin;C:\Windows\Sun\Java\bin;C:\Windows\system32;C:\Windows;C:\Program Files\AdoptOpenJDK\jdk-8.0.242.08-hotspot\bin;C:\Program Files (x86)\Common Files\Oracle\Java\javapath;C:\Python27\;C:\Python27\Scripts;C:\ProgramData\DockerDesktop\version-bin;C:\Program Files\Docker\Docker\Resources\bin;C:\Windows\system32;C:\Windows;C:\Windows\System32\Wbem;C:\Windows\System32\WindowsPowerShell\v1.0\;C:\Windows\System32\OpenSSH\;C:\Program Files (x86)\NVIDIA Corporation\PhysX\Common;C:\Program Files\dotnet\;C:\Program Files\Microsoft SQL Server\130\Tools\Binn\;C:\Program Files\Microsoft SQL Server\Client SDK\ODBC\170\Tools\Binn\;C:\Program Files (x86)\Microsoft SQL Server\150\DTS\Binn\;C:\Program Files\Git\cmd;C:\Program Files (x86)\Microsoft ASP.NET\ASP.NET Web Pages\v1.0\;C:\Program Files\Microsoft SQL Server\110\Tools\Binn\;C:\Windows\system32\config\systemprofile\.dnx\bin;C:\Program Files\Microsoft DNX\Dnvm\;C:\Program Files\nodejs\;C:\ProgramData\chocolatey\bin;C:\Program Files\Microsoft\Web Platform Installer\;C:\Users\jorge\AppData\Local\Microsoft\WindowsApps;C:\Users\jorge\AppData\Local\Programs\Microsoft VS Code\bin;C:\Users\jorge\.dotnet\tools;C:\Users\jorge\AppData\Roaming\npm;C:\Users\jorge\AppData\Local\GitHubDesktop\bin;., java.specification.name=Java Platform API Specification, java.class.version=52.0, org.gradle.native=false, sun.management.compiler=HotSpot 64-Bit Tiered Compilers, os.version=10.0, user.home=C:\Users\jorge, user.timezone=Europe/Paris, java.awt.printerjob=sun.awt.windows.WPrinterJob, file.encoding=windows-1252, java.specification.version=1.8, java.class.path=C:\azure-devops\git\eShopOnContainers\src\Web\WebImapClient\Client\server\build\classes\java\test;C:\azure-devops\git\eShopOnContainers\src\Web\WebImapClient\Client\server\build\resources\test;C:\azure-devops\git\eShopOnContainers\src\Web\WebImapClient\Client\server\build\classes\java\main;C:\azure-devops\git\eShopOnContainers\src\Web\WebImapClient\Client\server\build\resources\main;C:\Users\jorge\.gradle\caches\modules-2\files-2.1\org.springframework.boot\spring-boot-starter-actuator\2.0.4.RELEASE\24e901473279d9c18e0a0f8037d58b18c8297dca\spring-boot-starter-actuator-2.0.4.RELEASE.jar;C:\Users\jorge\.gradle\caches\modules-2\files-2.1\org.springframework.boot\spring-boot-starter-security\2.0.4.RELEASE\2ac314e5985fd9ae0d2acaea450f4f6c3dbd7f92\spring-boot-starter-security-2.0.4.RELEASE.jar;C:\Users\jorge\.gradle\caches\modules-2\files-2.1\org.springframework.boot\spring-boot-starter-webflux\2.0.4.RELEASE\a52fcd02fb6129e14f2b4b36acc5748368563c93\spring-boot-starter-webflux-2.0.4.RELEASE.jar;C:\Users\jorge\.gradle\caches\modules-2\files-2.1\org.springframework.boot\spring-boot-starter-test\2.0.4.RELEASE\8f473705d2742b669f0318f10a956f94a93ba3d2\spring-boot-starter-test-2.0.4.RELEASE.jar;C:\Users\jorge\.gradle\caches\modules-2\files-2.1\org.springframework.boot\spring-boot-starter-hateoas\2.0.4.RELEASE\2f115bebeffea81859c6d874457fa8db16b10747\spring-boot-starter-hateoas-2.0.4.RELEASE.jar;C:\Users\jorge\.gradle\caches\modules-2\files-2.1\org.springframework.boot\spring-boot-starter-web\2.0.4.RELEASE\98d49e981ecf804da877d84259b7b0d1ec2fb6f6\spring-boot-starter-web-2.0.4.RELEASE.jar;C:\Users\jorge\.gradle\caches\modules-2\files-2.1\org.springframework.boot\spring-boot-starter-json\2.0.4.RELEASE\c7afabf0d7c85db178da4ce0634e3bd2ddb0eb71\spring-boot-starter-json-2.0.4.RELEASE.jar;C:\Users\jorge\.gradle\caches\modules-2\files-2.1\org.springframework.boot\spring-boot-starter\2.0.4.RELEASE\ec46c63a2adeee40058eff1a6baefca13975dc94\spring-boot-starter-2.0.4.RELEASE.jar;C:\Users\jorge\.gradle\caches\modules-2\files-2.1\com.sun.mail\javax.mail\1.6.1\757ba4630692bb2a1ec2d9d57a616b63f15e947e\javax.mail-1.6.1.jar;C:\Users\jorge\.gradle\caches\modules-2\files-2.1\org.springframework.boot\spring-boot-actuator-autoconfigure\2.0.4.RELEASE\2cadc1d20a1f9ee667a608cfee154138e954f5f2\spring-boot-actuator-autoconfigure-2.0.4.RELEASE.jar;C:\Users\jorge\.gradle\caches\modules-2\files-2.1\com.fasterxml.jackson.datatype\jackson-datatype-jsr310\2.9.6\ea54f6193d224e5e5732bbd4262327eb465397c2\jackson-datatype-jsr310-2.9.6.jar;C:\Users\jorge\.gradle\caches\modules-2\files-2.1\commons-io\commons-io\2.6\815893df5f31da2ece4040fe0a12fd44b577afaf\commons-io-2.6.jar;C:\Users\jorge\.gradle\caches\modules-2\files-2.1\org.springframework.security\spring-security-test\5.0.7.RELEASE\a74c9ab10d53baa3bb7a731753fe0c6d9ab9d848\spring-security-test-5.0.7.RELEASE.jar;C:\Users\jorge\.gradle\caches\modules-2\files-2.1\com.marcnuri\spring-common-test\0.0.2\da9c2c5e849c7dcbbe99d190bedffa5e6fe450a5\spring-common-test-0.0.2.jar;C:\Users\jorge\.gradle\caches\modules-2\files-2.1\org.hamcrest\java-hamcrest\2.0.0.0\f1c8853ade0ecf707f5a261c830e98893983813\java-hamcrest-2.0.0.0.jar;C:\Users\jorge\.gradle\caches\modules-2\files-2.1\org.powermock\powermock-module-junit4\2.0.0-RC.3\b9a04b492e2b93e93617ba457f76aebbf00fc221\powermock-module-junit4-2.0.0-RC.3.jar;C:\Users\jorge\.gradle\caches\modules-2\files-2.1\org.powermock\powermock-api-mockito2\2.0.0-RC.3\f85a8404be063ef15c5fdd3745b11d2fba875fcd\powermock-api-mockito2-2.0.0-RC.3.jar;C:\Users\jorge\.gradle\caches\modules-2\files-2.1\org.springframework.boot\spring-boot-test-autoconfigure\2.0.4.RELEASE\8a2e3f31e607fdb08deda2f59263ce177f1c4310\spring-boot-test-autoconfigure-2.0.4.RELEASE.jar;C:\Users\jorge\.gradle\caches\modules-2\files-2.1\org.springframework.boot\spring-boot-test\2.0.4.RELEASE\8a17fc3cf16b6d75f2ba132ade04409a670095de\spring-boot-test-2.0.4.RELEASE.jar;C:\Users\jorge\.gradle\caches\modules-2\files-2.1\org.springframework.boot\spring-boot-autoconfigure\2.0.4.RELEASE\65cd1244d606acc02ab7bfc47a203a3fe2400dda\spring-boot-autoconfigure-2.0.4.RELEASE.jar;C:\Users\jorge\.gradle\caches\modules-2\files-2.1\org.springframework.boot\spring-boot-actuator\2.0.4.RELEASE\9c02c968eb50a7cdc14fc4c7b586d767df6dc48d\spring-boot-actuator-2.0.4.RELEASE.jar;C:\Users\jorge\.gradle\caches\modules-2\files-2.1\org.springframework.boot\spring-boot\2.0.4.RELEASE\c8619c5b06d4dcdb4cac1e5e9c839e6e8b1c8574\spring-boot-2.0.4.RELEASE.jar;C:\Users\jorge\.gradle\caches\modules-2\files-2.1\org.springframework.boot\spring-boot-starter-logging\2.0.4.RELEASE\dcd1a2c431c970f44adae64d9145133979a513ab\spring-boot-starter-logging-2.0.4.RELEASE.jar;C:\Users\jorge\.gradle\caches\modules-2\files-2.1\org.springframework.boot\spring-boot-starter-tomcat\2.0.4.RELEASE\dcf28989a34b0801fea0e810c371fb9dab1e7784\spring-boot-starter-tomcat-2.0.4.RELEASE.jar;C:\Users\jorge\.gradle\caches\modules-2\files-2.1\javax.annotation\javax.annotation-api\1.3.2\934c04d3cfef185a8008e7bf34331b79730a9d43\javax.annotation-api-1.3.2.jar;C:\Users\jorge\.gradle\caches\modules-2\files-2.1\org.springframework.security\spring-security-config\5.0.7.RELEASE\d702e01048687db4ec6c97fb32d28ffbe348b3e\spring-security-config-5.0.7.RELEASE.jar;C:\Users\jorge\.gradle\caches\modules-2\files-2.1\org.springframework.security\spring-security-web\5.0.7.RELEASE\bab3ed579d4550bb5cc40b0a7fddd0106db7c66\spring-security-web-5.0.7.RELEASE.jar;C:\Users\jorge\.gradle\caches\modules-2\files-2.1\org.springframework.hateoas\spring-hateoas\0.25.0.RELEASE\22d1abd575426709734ab83e7d81d6deb4addbf6\spring-hateoas-0.25.0.RELEASE.jar;C:\Users\jorge\.gradle\caches\modules-2\files-2.1\org.springframework\spring-webflux\5.0.8.RELEASE\d16ce1cf6f95771e821619d6ef13c1f0333fafb\spring-webflux-5.0.8.RELEASE.jar;C:\Users\jorge\.gradle\caches\modules-2\files-2.1\org.springframework\spring-webmvc\5.0.8.RELEASE\7e5fe57590ca8e4468e50fe1d92b0b67aa4a327a\spring-webmvc-5.0.8.RELEASE.jar;C:\Users\jorge\.gradle\caches\modules-2\files-2.1\org.springframework\spring-web\5.0.8.RELEASE\fa43cdadb4ab2491fd1d0ddb06c0808e4b60fc85\spring-web-5.0.8.RELEASE.jar;C:\Users\jorge\.gradle\caches\modules-2\files-2.1\org.springframework\spring-test\5.0.8.RELEASE\5782619373bd7e7b7d9106203c317b04bb613ebb\spring-test-5.0.8.RELEASE.jar;C:\Users\jorge\.gradle\caches\modules-2\files-2.1\org.springframework.security\spring-security-core\5.0.7.RELEASE\40a0c57af6b4c3f8c611216d2579c6ab19672694\spring-security-core-5.0.7.RELEASE.jar;C:\Users\jorge\.gradle\caches\modules-2\files-2.1\org.springframework.plugin\spring-plugin-core\1.2.0.RELEASE\f380e7760032e7d929184f8ad8a33716b75c0657\spring-plugin-core-1.2.0.RELEASE.jar;C:\Users\jorge\.gradle\caches\modules-2\files-2.1\org.springframework\spring-context\5.0.8.RELEASE\3a067d8990761111c9b6d1d895640be26cc1fb38\spring-context-5.0.8.RELEASE.jar;C:\Users\jorge\.gradle\caches\modules-2\files-2.1\org.springframework\spring-aop\5.0.8.RELEASE\f5086c1a3185c481104511837427b39a07a57aa2\spring-aop-5.0.8.RELEASE.jar;C:\Users\jorge\.gradle\caches\modules-2\files-2.1\org.springframework\spring-beans\5.0.8.RELEASE\5fc965d3e7f5515099244857a8ae9e2a208c169b\spring-beans-5.0.8.RELEASE.jar;C:\Users\jorge\.gradle\caches\modules-2\files-2.1\org.springframework\spring-expression\5.0.8.RELEASE\f23158f22c917df2cddf2ecebc398a9e95f95fae\spring-expression-5.0.8.RELEASE.jar;C:\Users\jorge\.gradle\caches\modules-2\files-2.1\org.springframework\spring-core\5.0.8.RELEASE\dc39c49e3246cdf73d3786ac41119140aed3fa08\spring-core-5.0.8.RELEASE.jar;C:\Users\jorge\.gradle\caches\modules-2\files-2.1\org.yaml\snakeyaml\1.19\2d998d3d674b172a588e54ab619854d073f555b5\snakeyaml-1.19.jar;C:\Users\jorge\.gradle\caches\modules-2\files-2.1\io.micrometer\micrometer-core\1.0.6\50299bc8a34c251d62311bbb1a297f3942a82e42\micrometer-core-1.0.6.jar;C:\Users\jorge\.gradle\caches\modules-2\files-2.1\org.springframework.boot\spring-boot-starter-reactor-netty\2.0.4.RELEASE\ed4ac88f7fc699a9cbb6ee804a26e2e30239ca35\spring-boot-starter-reactor-netty-2.0.4.RELEASE.jar;C:\Users\jorge\.gradle\caches\modules-2\files-2.1\org.hibernate.validator\hibernate-validator\6.0.11.Final\36f9d10a11e4768f55e8fb91ebe4338a5c43954e\hibernate-validator-6.0.11.Final.jar;C:\Users\jorge\.gradle\caches\modules-2\files-2.1\org.synchronoss.cloud\nio-multipart-parser\1.1.0\c6c417fec6612584b1c34d4dd98c5a4e47e8c754\nio-multipart-parser-1.1.0.jar;C:\Users\jorge\.gradle\caches\modules-2\files-2.1\javax.activation\activation\1.1\e6cb541461c2834bdea3eb920f1884d1eb508b50\activation-1.1.jar;C:\Users\jorge\.gradle\caches\modules-2\files-2.1\com.fasterxml.jackson.datatype\jackson-datatype-jdk8\2.9.6\456895fc91bf7180b216fead220373e6278230c9\jackson-datatype-jdk8-2.9.6.jar;C:\Users\jorge\.gradle\caches\modules-2\files-2.1\com.fasterxml.jackson.module\jackson-module-parameter-names\2.9.6\129acd77a4b6ee30d62d3a0899b1344c8ec2bff8\jackson-module-parameter-names-2.9.6.jar;C:\Users\jorge\.gradle\caches\modules-2\files-2.1\com.fasterxml.jackson.core\jackson-databind\2.9.6\cfa4f316351a91bfd95cb0644c6a2c95f52db1fc\jackson-databind-2.9.6.jar;C:\Users\jorge\.gradle\caches\modules-2\files-2.1\com.fasterxml.jackson.core\jackson-annotations\2.9.0\7c10d545325e3a6e72e06381afe469fd40eb701\jackson-annotations-2.9.0.jar;C:\Users\jorge\.gradle\caches\modules-2\files-2.1\com.fasterxml.jackson.core\jackson-core\2.9.6\4e393793c37c77e042ccc7be5a914ae39251b365\jackson-core-2.9.6.jar;C:\Users\jorge\.gradle\caches\modules-2\files-2.1\com.jayway.jsonpath\json-path\2.4.0\765a4401ceb2dc8d40553c2075eb80a8fa35c2ae\json-path-2.4.0.jar;C:\Users\jorge\.gradle\caches\modules-2\files-2.1\org.powermock\powermock-module-junit4-common\2.0.0-RC.3\f09137abdf1aeea2df214037eab50ed864602c9a\powermock-module-junit4-common-2.0.0-RC.3.jar;C:\Users\jorge\.gradle\caches\modules-2\files-2.1\junit\junit\4.12\2973d150c0dc1fefe998f834810d68f278ea58ec\junit-4.12.jar;C:\Users\jorge\.gradle\caches\modules-2\files-2.1\org.assertj\assertj-core\3.9.1\c5ce126b15f28d56cd8f960c1a6a058b9c9aea87\assertj-core-3.9.1.jar;C:\Users\jorge\.gradle\caches\modules-2\files-2.1\org.mockito\mockito-core\2.15.0\b84bfbbc29cd22c9529409627af6ea2897f4fa85\mockito-core-2.15.0.jar;C:\Users\jorge\.gradle\caches\modules-2\files-2.1\org.hamcrest\hamcrest-library\1.3\4785a3c21320980282f9f33d0d1264a69040538f\hamcrest-library-1.3.jar;C:\Users\jorge\.gradle\caches\modules-2\files-2.1\org.hamcrest\hamcrest-core\1.3\42a25dc3219429f0e5d060061f71acb49bf010a0\hamcrest-core-1.3.jar;C:\Users\jorge\.gradle\caches\modules-2\files-2.1\org.skyscreamer\jsonassert\1.5.0\6c9d5fe2f59da598d9aefc1cfc6528ff3cf32df3\jsonassert-1.5.0.jar;C:\Users\jorge\.gradle\caches\modules-2\files-2.1\org.xmlunit\xmlunit-core\2.5.1\4ffdb346572a7356f7521cd3119ce5287d2e339d\xmlunit-core-2.5.1.jar;C:\Users\jorge\.gradle\caches\modules-2\files-2.1\org.powermock\powermock-api-support\2.0.0-RC.3\a23d6bdbcf865513c9f6992134152be80504e499\powermock-api-support-2.0.0-RC.3.jar;C:\Users\jorge\.gradle\caches\modules-2\files-2.1\ch.qos.logback\logback-classic\1.2.3\7c4f3c474fb2c041d8028740440937705ebb473a\logback-classic-1.2.3.jar;C:\Users\jorge\.gradle\caches\modules-2\files-2.1\org.apache.logging.log4j\log4j-to-slf4j\2.10.0\f7e631ccf49cfc0aefa4a2a728da7d374c05bd3c\log4j-to-slf4j-2.10.0.jar;C:\Users\jorge\.gradle\caches\modules-2\files-2.1\org.slf4j\jul-to-slf4j\1.7.25\af5364cd6679bfffb114f0dec8a157aaa283b76\jul-to-slf4j-1.7.25.jar;C:\Users\jorge\.gradle\caches\modules-2\files-2.1\org.springframework\spring-jcl\5.0.8.RELEASE\a1fa8fb560fb252321776e16bc9ac8201af4ef5e\spring-jcl-5.0.8.RELEASE.jar;C:\Users\jorge\.gradle\caches\modules-2\files-2.1\org.hdrhistogram\HdrHistogram\2.1.10\9e1ac84eed220281841b75e72fb9de5a297fbf04\HdrHistogram-2.1.10.jar;C:\Users\jorge\.gradle\caches\modules-2\files-2.1\org.latencyutils\LatencyUtils\2.0.3\769c0b82cb2421c8256300e907298a9410a2a3d3\LatencyUtils-2.0.3.jar;C:\Users\jorge\.gradle\caches\modules-2\files-2.1\org.synchronoss.cloud\nio-stream-storage\1.1.3\986dba5f6e5eed20f0dba6ddc8e8a64a9ebdc2f3\nio-stream-storage-1.1.3.jar;C:\Users\jorge\.gradle\caches\modules-2\files-2.1\org.slf4j\slf4j-api\1.7.25\da76ca59f6a57ee3102f8f9bd9cee742973efa8a\slf4j-api-1.7.25.jar;C:\Users\jorge\.gradle\caches\modules-2\files-2.1\io.projectreactor.ipc\reactor-netty\0.7.8.RELEASE\fe25c7d3042b6005690f7d243cef987b696a12ee\reactor-netty-0.7.8.RELEASE.jar;C:\Users\jorge\.gradle\caches\modules-2\files-2.1\javax.validation\validation-api\2.0.1.Final\cb855558e6271b1b32e716d24cb85c7f583ce09e\validation-api-2.0.1.Final.jar;C:\Users\jorge\.gradle\caches\modules-2\files-2.1\org.jboss.logging\jboss-logging\3.3.2.Final\3789d00e859632e6c6206adc0c71625559e6e3b0\jboss-logging-3.3.2.Final.jar;C:\Users\jorge\.gradle\caches\modules-2\files-2.1\com.fasterxml\classmate\1.3.4\3d5f48f10bbe4eb7bd862f10c0583be2e0053c6\classmate-1.3.4.jar;C:\Users\jorge\.gradle\caches\modules-2\files-2.1\io.projectreactor\reactor-core\3.1.8.RELEASE\3bcc30f9161d3d17abe44b4aa20e397e5170566e\reactor-core-3.1.8.RELEASE.jar;C:\Users\jorge\.gradle\caches\modules-2\files-2.1\net.minidev\json-smart\2.3\7396407491352ce4fa30de92efb158adb76b5b\json-smart-2.3.jar;C:\Users\jorge\.gradle\caches\modules-2\files-2.1\org.powermock\powermock-core\2.0.0-RC.3\f958479ea1f0d1ba37cf65b6612fccfbaf4d8dd3\powermock-core-2.0.0-RC.3.jar;C:\Users\jorge\.gradle\caches\modules-2\files-2.1\org.powermock\powermock-reflect\2.0.0-RC.3\c10437486ae35b91666c2591fd7b1a8054b4573c\powermock-reflect-2.0.0-RC.3.jar;C:\Users\jorge\.gradle\caches\modules-2\files-2.1\net.bytebuddy\byte-buddy\1.7.11\f02857a4e2c66ccbe7aaad6100a0a6c461bce9b3\byte-buddy-1.7.11.jar;C:\Users\jorge\.gradle\caches\modules-2\files-2.1\net.bytebuddy\byte-buddy-agent\1.7.11\b425a8933ca07edd03c6dbc8bc3b595fba9780de\byte-buddy-agent-1.7.11.jar;C:\Users\jorge\.gradle\caches\modules-2\files-2.1\org.objenesis\objenesis\3.0.1\11cfac598df9dc48bb9ed9357ed04212694b7808\objenesis-3.0.1.jar;C:\Users\jorge\.gradle\caches\modules-2\files-2.1\com.vaadin.external.google\android-json\0.0.20131108.vaadin1\fa26d351fe62a6a17f5cda1287c1c6110dec413f\android-json-0.0.20131108.vaadin1.jar;C:\Users\jorge\.gradle\caches\modules-2\files-2.1\ch.qos.logback\logback-core\1.2.3\864344400c3d4d92dfeb0a305dc87d953677c03c\logback-core-1.2.3.jar;C:\Users\jorge\.gradle\caches\modules-2\files-2.1\org.apache.logging.log4j\log4j-api\2.10.0\fec5797a55b786184a537abd39c3fa1449d752d6\log4j-api-2.10.0.jar;C:\Users\jorge\.gradle\caches\modules-2\files-2.1\org.apache.tomcat.embed\tomcat-embed-websocket\8.5.32\ea5302e378f1449d4e5dda79e8d810c1e7931f91\tomcat-embed-websocket-8.5.32.jar;C:\Users\jorge\.gradle\caches\modules-2\files-2.1\org.apache.tomcat.embed\tomcat-embed-core\8.5.32\6bc6896200146010cc4666bdc6b9b0cbb453ee22\tomcat-embed-core-8.5.32.jar;C:\Users\jorge\.gradle\caches\modules-2\files-2.1\org.apache.tomcat.embed\tomcat-embed-el\8.5.32\e4fd0ee015d83fa1c5ec93ff1d05bdaf9a4480c5\tomcat-embed-el-8.5.32.jar;C:\Users\jorge\.gradle\caches\modules-2\files-2.1\io.netty\netty-handler-proxy\4.1.27.Final\1a822ce7760bc6eb4937b7e448c9e081fedcc807\netty-handler-proxy-4.1.27.Final.jar;C:\Users\jorge\.gradle\caches\modules-2\files-2.1\io.netty\netty-codec-http\4.1.27.Final\a1722d6bcbbef1c4c7877e8bf38b07a3db5ed07f\netty-codec-http-4.1.27.Final.jar;C:\Users\jorge\.gradle\caches\modules-2\files-2.1\io.netty\netty-handler\4.1.27.Final\21bd9cf565390a8d72579b8664303e3c175dfc6a\netty-handler-4.1.27.Final.jar;C:\Users\jorge\.gradle\caches\modules-2\files-2.1\io.netty\netty-transport-native-epoll\4.1.27.Final\8c3a61a7dd53eafe2f0fe31356f1379598f74517\netty-transport-native-epoll-4.1.27.Final-linux-x86_64.jar;C:\Users\jorge\.gradle\caches\modules-2\files-2.1\org.reactivestreams\reactive-streams\1.0.2\323964c36556eb0e6209f65c1cef72b53b461ab8\reactive-streams-1.0.2.jar;C:\Users\jorge\.gradle\caches\modules-2\files-2.1\net.minidev\accessors-smart\1.2\c592b500269bfde36096641b01238a8350f8aa31\accessors-smart-1.2.jar;C:\Users\jorge\.gradle\caches\modules-2\files-2.1\org.javassist\javassist\3.24.0-GA\d7466fc2e3af7c023e95c510f06448ad29b225b3\javassist-3.24.0-GA.jar;C:\Users\jorge\.gradle\caches\modules-2\files-2.1\io.netty\netty-codec-socks\4.1.27.Final\285b09af98764cf02e4b77b3d95af188469a7133\netty-codec-socks-4.1.27.Final.jar;C:\Users\jorge\.gradle\caches\modules-2\files-2.1\io.netty\netty-codec\4.1.27.Final\d2653d78ebaa650064768fb26b10051f5c8efb2c\netty-codec-4.1.27.Final.jar;C:\Users\jorge\.gradle\caches\modules-2\files-2.1\io.netty\netty-transport-native-unix-common\4.1.27.Final\2b0667fe5c1df78c6cfbf9d53ad8b1fb533fb8e8\netty-transport-native-unix-common-4.1.27.Final.jar;C:\Users\jorge\.gradle\caches\modules-2\files-2.1\io.netty\netty-transport\4.1.27.Final\b5c2da3ea89dd67320925f1504c9eb3615241b7c\netty-transport-4.1.27.Final.jar;C:\Users\jorge\.gradle\caches\modules-2\files-2.1\io.netty\netty-buffer\4.1.27.Final\aafe2b9fb0d8f3b200cf10b9fd6486c6a722d7a1\netty-buffer-4.1.27.Final.jar;C:\Users\jorge\.gradle\caches\modules-2\files-2.1\io.netty\netty-resolver\4.1.27.Final\2536447ef9605ccb2b5203aa22392c6514484ea9\netty-resolver-4.1.27.Final.jar;C:\Users\jorge\.gradle\caches\modules-2\files-2.1\io.netty\netty-common\4.1.27.Final\6a12a969c27fb37b230c4bde5a67bd822fa6b7a4\netty-common-4.1.27.Final.jar;C:\Users\jorge\.gradle\caches\modules-2\files-2.1\org.ow2.asm\asm\5.0.4\da08b8cce7bbf903602a25a3a163ae252435795\asm-5.0.4.jar, user.name=jorge, java.vm.specification.version=1.8, sun.java.command=worker.org.gradle.process.internal.worker.GradleWorkerMain 'Gradle Test Executor 1', java.home=C:\Program Files\AdoptOpenJDK\jdk-8.0.242.08-hotspot\jre, sun.arch.data.model=64, user.language=en, java.specification.vendor=Oracle Corporation, awt.toolkit=sun.awt.windows.WToolkit, java.vm.info=mixed mode, java.version=1.8.0_242, java.ext.dirs=C:\Program Files\AdoptOpenJDK\jdk-8.0.242.08-hotspot\jre\lib\ext;C:\Windows\Sun\Java\lib\ext, sun.boot.class.path=C:\Program Files\AdoptOpenJDK\jdk-8.0.242.08-hotspot\jre\lib\resources.jar;C:\Program Files\AdoptOpenJDK\jdk-8.0.242.08-hotspot\jre\lib\rt.jar;C:\Program Files\AdoptOpenJDK\jdk-8.0.242.08-hotspot\jre\lib\sunrsasign.jar;C:\Program Files\AdoptOpenJDK\jdk-8.0.242.08-hotspot\jre\lib\jsse.jar;C:\Program Files\AdoptOpenJDK\jdk-8.0.242.08-hotspot\jre\lib\jce.jar;C:\Program Files\AdoptOpenJDK\jdk-8.0.242.08-hotspot\jre\lib\charsets.jar;C:\Program Files\AdoptOpenJDK\jdk-8.0.242.08-hotspot\jre\lib\jfr.jar;C:\Program Files\AdoptOpenJDK\jdk-8.0.242.08-hotspot\jre\classes, java.vendor=AdoptOpenJDK, org.gradle.test.worker=1, file.separator=\, java.vendor.url.bug=http://bugreport.sun.com/bugreport/, sun.io.unicode.encoding=UnicodeLittle, sun.cpu.endian=little, sun.desktop=windows, sun.cpu.isalist=amd64}}, SystemEnvironmentPropertySource@186397845 {name='systemEnvironment', properties={USERDOMAIN_ROAMINGPROFILE=DESKTOP-U7U4TE6, PROCESSOR_LEVEL=6, VS140COMNTOOLS=C:\Program Files (x86)\Microsoft Visual Studio 14.0\Common7\Tools\, SESSIONNAME=Console, ALLUSERSPROFILE=C:\ProgramData, PROCESSOR_ARCHITECTURE=AMD64, PSModulePath=C:\Users\jorge\Documents\WindowsPowerShell\Modules;C:\Program Files\WindowsPowerShell\Modules;C:\Windows\system32\WindowsPowerShell\v1.0\Modules, SystemDrive=C:, =ExitCode=00000000, DIRNAME=C:\azure-devops\git\eShopOnContainers\src\Web\WebImapClient\Client\server\, USERNAME=jorge, CMD_LINE_ARGS=b, ProgramFiles(x86)=C:\Program Files (x86), FPS_BROWSER_USER_PROFILE_STRING=Default, APP_HOME=C:\azure-devops\git\eShopOnContainers\src\Web\WebImapClient\Client\server\, PATHEXT=.COM;.EXE;.BAT;.CMD;.VBS;.VBE;.JS;.JSE;.WSF;.WSH;.MSC;.CPL, DriverData=C:\Windows\System32\Drivers\DriverData, OneDriveConsumer=C:\Users\jorge\OneDrive, ProgramData=C:\ProgramData, ProgramW6432=C:\Program Files, HOMEPATH=\Users\jorge, PROCESSOR_IDENTIFIER=Intel64 Family 6 Model 158 Stepping 13, GenuineIntel, ProgramFiles=C:\Program Files, PUBLIC=C:\Users\Public, windir=C:\Windows, =::=::\, _SKIP=2, LOCALAPPDATA=C:\Users\jorge\AppData\Local, ChocolateyLastPathUpdate=132229495750090469, USERDOMAIN=DESKTOP-U7U4TE6, FPS_BROWSER_APP_PROFILE_STRING=Internet Explorer, LOGONSERVER=\\DESKTOP-U7U4TE6, PROMPT=$P$G, OneDrive=C:\Users\jorge\OneDrive, =C:=C:\azure-devops\git\eShopOnContainers\src\Web\WebImapClient\Client\server, APPDATA=C:\Users\jorge\AppData\Roaming, JAVA_EXE=java.exe, ChocolateyInstall=C:\ProgramData\chocolatey, CommonProgramFiles=C:\Program Files\Common Files, Path=C:\Program Files\AdoptOpenJDK\jdk-8.0.242.08-hotspot\bin;C:\Program Files (x86)\Common Files\Oracle\Java\javapath;C:\Python27\;C:\Python27\Scripts;C:\ProgramData\DockerDesktop\version-bin;C:\Program Files\Docker\Docker\Resources\bin;C:\Windows\system32;C:\Windows;C:\Windows\System32\Wbem;C:\Windows\System32\WindowsPowerShell\v1.0\;C:\Windows\System32\OpenSSH\;C:\Program Files (x86)\NVIDIA Corporation\PhysX\Common;C:\Program Files\dotnet\;C:\Program Files\Microsoft SQL Server\130\Tools\Binn\;C:\Program Files\Microsoft SQL Server\Client SDK\ODBC\170\Tools\Binn\;C:\Program Files (x86)\Microsoft SQL Server\150\DTS\Binn\;C:\Program Files\Git\cmd;C:\Program Files (x86)\Microsoft ASP.NET\ASP.NET Web Pages\v1.0\;C:\Program Files\Microsoft SQL Server\110\Tools\Binn\;C:\Windows\system32\config\systemprofile\.dnx\bin;C:\Program Files\Microsoft DNX\Dnvm\;C:\Program Files\nodejs\;C:\ProgramData\chocolatey\bin;C:\Program Files\Microsoft\Web Platform Installer\;C:\Users\jorge\AppData\Local\Microsoft\WindowsApps;C:\Users\jorge\AppData\Local\Programs\Microsoft VS Code\bin;C:\Users\jorge\.dotnet\tools;C:\Users\jorge\AppData\Roaming\npm;C:\Users\jorge\AppData\Local\GitHubDesktop\bin, OS=Windows_NT, COMPUTERNAME=DESKTOP-U7U4TE6, PROCESSOR_REVISION=9e0d, CLASSPATH=C:\azure-devops\git\eShopOnContainers\src\Web\WebImapClient\Client\server\\gradle\wrapper\gradle-wrapper.jar, CommonProgramW6432=C:\Program Files\Common Files, ComSpec=C:\Windows\system32\cmd.exe, APP_BASE_NAME=gradlew, SystemRoot=C:\Windows, TEMP=C:\Users\jorge\AppData\Local\Temp, HOMEDRIVE=C:, USERPROFILE=C:\Users\jorge, TMP=C:\Users\jorge\AppData\Local\Temp, VS110COMNTOOLS=C:\Program Files (x86)\Microsoft Visual Studio 11.0\Common7\Tools\, CommonProgramFiles(x86)=C:\Program Files (x86)\Common Files, NUMBER_OF_PROCESSORS=12}}]
13:25:58.178 [Test worker] DEBUG org.springframework.web.servlet.mvc.method.annotation.RequestMappingHandlerMapping - Looking for request mappings in application context: org.springframework.test.web.servlet.setup.StubWebApplicationContext@3e4b843b
13:25:58.182 [Test worker] DEBUG org.springframework.web.servlet.mvc.method.annotation.RequestMappingHandlerMapping - 18 request handler methods found on class com.marcnuri.isotope.api.folder.FolderResource: {public org.springframework.http.ResponseEntity com.marcnuri.isotope.api.folder.FolderResource.getMessage(java.lang.String,java.lang.Long)={[/v1/folders/{folderId}/messages/{messageId}],methods=[GET]}, public org.springframework.http.ResponseEntity com.marcnuri.isotope.api.folder.FolderResource.setMessageFlagged(java.lang.String,java.lang.Long,boolean)={[/v1/folders/{folderId}/messages/{messageId}/flagged],methods=[PUT]}, public org.springframework.http.ResponseEntity com.marcnuri.isotope.api.folder.FolderResource.createChildFolder(java.lang.String,java.lang.String)={[/v1/folders/{folderId}],methods=[POST],produces=[application/hal+json]}, public org.springframework.http.ResponseEntity com.marcnuri.isotope.api.folder.FolderResource.deleteAllFolderMessages(java.lang.String)={[/v1/folders/{folderId}/messages],methods=[DELETE]}, public org.springframework.http.ResponseEntity com.marcnuri.isotope.api.folder.FolderResource.moveFolder(java.lang.String,java.lang.String)={[/v1/folders/{folderId}/parent],methods=[PUT],produces=[application/hal+json]}, public org.springframework.http.ResponseEntity com.marcnuri.isotope.api.folder.FolderResource.getMessageRaw(java.lang.String,java.lang.Long)={[/v1/folders/{folderId}/messages/{messageId}/raw],methods=[GET]}, public org.springframework.http.ResponseEntity com.marcnuri.isotope.api.folder.FolderResource.setMessagesSeen(java.lang.String,java.lang.Boolean,java.util.List)={[/v1/folders/{folderId}/messages/seen/{seen}],methods=[PUT]}, public org.springframework.http.ResponseEntity com.marcnuri.isotope.api.folder.FolderResource.getFolders(java.lang.Boolean)={[/v1/folders],methods=[GET],produces=[application/hal+json]}, public org.springframework.http.ResponseEntity com.marcnuri.isotope.api.folder.FolderResource.createRootFolder(java.lang.String)={[/v1/folders],methods=[POST],produces=[application/hal+json]}, public org.springframework.http.ResponseEntity com.marcnuri.isotope.api.folder.FolderResource.deleteMessages(java.lang.String,java.util.List)={[/v1/folders/{folderId}/messages],methods=[DELETE],params=[id]}, public reactor.core.publisher.Flux com.marcnuri.isotope.api.folder.FolderResource.getMessages(java.lang.String,javax.servlet.http.HttpServletResponse)={[/v1/folders/{folderId}/messages],methods=[GET],produces=[text/event-stream]}, public org.springframework.http.ResponseEntity com.marcnuri.isotope.api.folder.FolderResource.preloadMessages(java.lang.String,java.util.List)={[/v1/folders/{folderId}/messages],methods=[GET]}, public org.springframework.http.ResponseEntity com.marcnuri.isotope.api.folder.FolderResource.getAttachment(java.lang.String,java.lang.Long,java.lang.String,java.lang.Boolean,javax.servlet.http.HttpServletResponse)={[/v1/folders/{folderId}/messages/{messageId}/attachments/{id}],methods=[GET]}, public org.springframework.http.ResponseEntity com.marcnuri.isotope.api.folder.FolderResource.deleteFolder(java.lang.String)={[/v1/folders/{folderId}],methods=[DELETE],produces=[application/hal+json]}, public org.springframework.http.ResponseEntity com.marcnuri.isotope.api.folder.FolderResource.moveMessages(java.lang.String,java.lang.String,java.util.List)={[/v1/folders/{fromFolderId}/messages/folder/{toFolderId}],methods=[PUT]}, public org.springframework.http.ResponseEntity com.marcnuri.isotope.api.folder.FolderResource.renameFolder(java.lang.String,java.lang.String)={[/v1/folders/{folderId}/name],methods=[PUT],produces=[application/hal+json]}, public org.springframework.http.ResponseEntity com.marcnuri.isotope.api.folder.FolderResource.moveMessage(java.lang.String,java.lang.Long,java.lang.String)={[/v1/folders/{fromFolderId}/messages/{messageId}/folder/{toFolderId}],methods=[PUT]}, public org.springframework.http.ResponseEntity com.marcnuri.isotope.api.folder.FolderResource.setMessageSeen(java.lang.String,java.lang.Long,boolean)={[/v1/folders/{folderId}/messages/{messageId}/seen],methods=[PUT]}}
13:25:58.182 [Test worker] INFO org.springframework.web.servlet.mvc.method.annotation.RequestMappingHandlerMapping - Mapped "{[/v1/folders/{folderId}/messages/{messageId}],methods=[GET]}" onto public org.springframework.http.ResponseEntity<com.marcnuri.isotope.api.message.MessageWithFolder> com.marcnuri.isotope.api.folder.FolderResource.getMessage(java.lang.String,java.lang.Long)
13:25:58.183 [Test worker] INFO org.springframework.web.servlet.mvc.method.annotation.RequestMappingHandlerMapping - Mapped "{[/v1/folders/{folderId}/messages/{messageId}/flagged],methods=[PUT]}" onto public org.springframework.http.ResponseEntity<java.lang.Void> com.marcnuri.isotope.api.folder.FolderResource.setMessageFlagged(java.lang.String,java.lang.Long,boolean)
13:25:58.183 [Test worker] INFO org.springframework.web.servlet.mvc.method.annotation.RequestMappingHandlerMapping - Mapped "{[/v1/folders/{folderId}],methods=[POST],produces=[application/hal+json]}" onto public org.springframework.http.ResponseEntity<com.marcnuri.isotope.api.folder.Folder> com.marcnuri.isotope.api.folder.FolderResource.createChildFolder(java.lang.String,java.lang.String)
13:25:58.183 [Test worker] INFO org.springframework.web.servlet.mvc.method.annotation.RequestMappingHandlerMapping - Mapped "{[/v1/folders/{folderId}/messages],methods=[DELETE]}" onto public org.springframework.http.ResponseEntity<com.marcnuri.isotope.api.folder.Folder> com.marcnuri.isotope.api.folder.FolderResource.deleteAllFolderMessages(java.lang.String)
13:25:58.183 [Test worker] INFO org.springframework.web.servlet.mvc.method.annotation.RequestMappingHandlerMapping - Mapped "{[/v1/folders/{folderId}/parent],methods=[PUT],produces=[application/hal+json]}" onto public org.springframework.http.ResponseEntity<com.marcnuri.isotope.api.folder.Folder> com.marcnuri.isotope.api.folder.FolderResource.moveFolder(java.lang.String,java.lang.String)
13:25:58.183 [Test worker] INFO org.springframework.web.servlet.mvc.method.annotation.RequestMappingHandlerMapping - Mapped "{[/v1/folders/{folderId}/messages/{messageId}/raw],methods=[GET]}" onto public org.springframework.http.ResponseEntity<java.lang.String> com.marcnuri.isotope.api.folder.FolderResource.getMessageRaw(java.lang.String,java.lang.Long)
13:25:58.183 [Test worker] INFO org.springframework.web.servlet.mvc.method.annotation.RequestMappingHandlerMapping - Mapped "{[/v1/folders/{folderId}/messages/seen/{seen}],methods=[PUT]}" onto public org.springframework.http.ResponseEntity<java.lang.Void> com.marcnuri.isotope.api.folder.FolderResource.setMessagesSeen(java.lang.String,java.lang.Boolean,java.util.List<java.lang.Long>)
13:25:58.183 [Test worker] INFO org.springframework.web.servlet.mvc.method.annotation.RequestMappingHandlerMapping - Mapped "{[/v1/folders],methods=[GET],produces=[application/hal+json]}" onto public org.springframework.http.ResponseEntity<java.util.List<com.marcnuri.isotope.api.folder.Folder>> com.marcnuri.isotope.api.folder.FolderResource.getFolders(java.lang.Boolean)
13:25:58.184 [Test worker] INFO org.springframework.web.servlet.mvc.method.annotation.RequestMappingHandlerMapping - Mapped "{[/v1/folders],methods=[POST],produces=[application/hal+json]}" onto public org.springframework.http.ResponseEntity<java.util.List<com.marcnuri.isotope.api.folder.Folder>> com.marcnuri.isotope.api.folder.FolderResource.createRootFolder(java.lang.String)
13:25:58.184 [Test worker] INFO org.springframework.web.servlet.mvc.method.annotation.RequestMappingHandlerMapping - Mapped "{[/v1/folders/{folderId}/messages],methods=[DELETE],params=[id]}" onto public org.springframework.http.ResponseEntity<com.marcnuri.isotope.api.folder.Folder> com.marcnuri.isotope.api.folder.FolderResource.deleteMessages(java.lang.String,java.util.List<java.lang.Long>)
13:25:58.184 [Test worker] INFO org.springframework.web.servlet.mvc.method.annotation.RequestMappingHandlerMapping - Mapped "{[/v1/folders/{folderId}/messages],methods=[GET],produces=[text/event-stream]}" onto public reactor.core.publisher.Flux<org.springframework.http.codec.ServerSentEvent<java.util.List<com.marcnuri.isotope.api.message.Message>>> com.marcnuri.isotope.api.folder.FolderResource.getMessages(java.lang.String,javax.servlet.http.HttpServletResponse)
13:25:58.184 [Test worker] INFO org.springframework.web.servlet.mvc.method.annotation.RequestMappingHandlerMapping - Mapped "{[/v1/folders/{folderId}/messages],methods=[GET]}" onto public org.springframework.http.ResponseEntity<java.util.List<com.marcnuri.isotope.api.message.Message>> com.marcnuri.isotope.api.folder.FolderResource.preloadMessages(java.lang.String,java.util.List<java.lang.Long>)
13:25:58.184 [Test worker] INFO org.springframework.web.servlet.mvc.method.annotation.RequestMappingHandlerMapping - Mapped "{[/v1/folders/{folderId}/messages/{messageId}/attachments/{id}],methods=[GET]}" onto public org.springframework.http.ResponseEntity<java.lang.Void> com.marcnuri.isotope.api.folder.FolderResource.getAttachment(java.lang.String,java.lang.Long,java.lang.String,java.lang.Boolean,javax.servlet.http.HttpServletResponse)
13:25:58.184 [Test worker] INFO org.springframework.web.servlet.mvc.method.annotation.RequestMappingHandlerMapping - Mapped "{[/v1/folders/{folderId}],methods=[DELETE],produces=[application/hal+json]}" onto public org.springframework.http.ResponseEntity<com.marcnuri.isotope.api.folder.Folder> com.marcnuri.isotope.api.folder.FolderResource.deleteFolder(java.lang.String)
13:25:58.184 [Test worker] INFO org.springframework.web.servlet.mvc.method.annotation.RequestMappingHandlerMapping - Mapped "{[/v1/folders/{fromFolderId}/messages/folder/{toFolderId}],methods=[PUT]}" onto public org.springframework.http.ResponseEntity<java.util.List<com.marcnuri.isotope.api.message.MessageWithFolder>> com.marcnuri.isotope.api.folder.FolderResource.moveMessages(java.lang.String,java.lang.String,java.util.List<java.lang.Long>)
13:25:58.185 [Test worker] INFO org.springframework.web.servlet.mvc.method.annotation.RequestMappingHandlerMapping - Mapped "{[/v1/folders/{folderId}/name],methods=[PUT],produces=[application/hal+json]}" onto public org.springframework.http.ResponseEntity<com.marcnuri.isotope.api.folder.Folder> com.marcnuri.isotope.api.folder.FolderResource.renameFolder(java.lang.String,java.lang.String)
13:25:58.185 [Test worker] INFO org.springframework.web.servlet.mvc.method.annotation.RequestMappingHandlerMapping - Mapped "{[/v1/folders/{fromFolderId}/messages/{messageId}/folder/{toFolderId}],methods=[PUT]}" onto public org.springframework.http.ResponseEntity<java.util.List<com.marcnuri.isotope.api.message.MessageWithFolder>> com.marcnuri.isotope.api.folder.FolderResource.moveMessage(java.lang.String,java.lang.Long,java.lang.String)
13:25:58.185 [Test worker] INFO org.springframework.web.servlet.mvc.method.annotation.RequestMappingHandlerMapping - Mapped "{[/v1/folders/{folderId}/messages/{messageId}/seen],methods=[PUT]}" onto public org.springframework.http.ResponseEntity<java.lang.Void> com.marcnuri.isotope.api.folder.FolderResource.setMessageSeen(java.lang.String,java.lang.Long,boolean)
13:25:58.192 [Test worker] DEBUG org.hibernate.validator.internal.engine.resolver.TraversableResolvers - Cannot find javax.persistence.Persistence on classpath. Assuming non JPA 2 environment. All properties will per default be traversable.
13:25:58.192 [Test worker] DEBUG org.hibernate.validator.messageinterpolation.ResourceBundleMessageInterpolator - Loaded expression factory via original TCCL
13:25:58.192 [Test worker] DEBUG org.hibernate.validator.internal.engine.ConfigurationImpl - Setting custom MessageInterpolator of type org.springframework.validation.beanvalidation.LocaleContextMessageInterpolator
13:25:58.192 [Test worker] DEBUG org.hibernate.validator.internal.engine.ConfigurationImpl - Setting custom ParameterNameProvider of type org.springframework.validation.beanvalidation.LocalValidatorFactoryBean$1
13:25:58.192 [Test worker] DEBUG org.hibernate.validator.internal.xml.config.ValidationXmlParser - Trying to load META-INF/validation.xml for XML based Validator configuration.
13:25:58.192 [Test worker] DEBUG org.hibernate.validator.internal.xml.config.ResourceLoaderHelper - Trying to load META-INF/validation.xml via TCCL
13:25:58.193 [Test worker] DEBUG org.hibernate.validator.internal.xml.config.ResourceLoaderHelper - Trying to load META-INF/validation.xml via Hibernate Validator's class loader
13:25:58.193 [Test worker] DEBUG org.hibernate.validator.internal.xml.config.ValidationXmlParser - No META-INF/validation.xml found. Using annotation based configuration only.
13:25:58.199 [Test worker] DEBUG org.hibernate.validator.internal.engine.ValidatorFactoryImpl - HV000234: Using org.springframework.validation.beanvalidation.LocaleContextMessageInterpolator as ValidatorFactory-scoped message interpolator.
13:25:58.199 [Test worker] DEBUG org.hibernate.validator.internal.engine.ValidatorFactoryImpl - HV000234: Using org.hibernate.validator.internal.engine.resolver.TraverseAllTraversableResolver as ValidatorFactory-scoped traversable resolver.
13:25:58.199 [Test worker] DEBUG org.hibernate.validator.internal.engine.ValidatorFactoryImpl - HV000234: Using org.hibernate.validator.internal.util.ExecutableParameterNameProvider as ValidatorFactory-scoped parameter name provider.
13:25:58.199 [Test worker] DEBUG org.hibernate.validator.internal.engine.ValidatorFactoryImpl - HV000234: Using org.hibernate.validator.internal.engine.DefaultClockProvider as ValidatorFactory-scoped clock provider.
13:25:58.199 [Test worker] DEBUG org.hibernate.validator.internal.engine.ValidatorFactoryImpl - HV000234: Using org.hibernate.validator.internal.engine.scripting.DefaultScriptEvaluatorFactory as ValidatorFactory-scoped script evaluator factory.
13:25:58.200 [Test worker] INFO org.springframework.web.servlet.mvc.method.annotation.RequestMappingHandlerAdapter - Looking for @ControllerAdvice: org.springframework.test.web.servlet.setup.StubWebApplicationContext@3e4b843b
13:25:58.202 [Test worker] DEBUG org.springframework.web.servlet.mvc.method.annotation.ExceptionHandlerExceptionResolver - Looking for exception mappings: org.springframework.test.web.servlet.setup.StubWebApplicationContext@3e4b843b
13:25:58.203 [Test worker] DEBUG org.springframework.test.web.servlet.TestDispatcherServlet - Initializing servlet ''
13:25:58.203 [Test worker] INFO org.springframework.mock.web.MockServletContext - Initializing Spring FrameworkServlet ''
13:25:58.203 [Test worker] INFO org.springframework.test.web.servlet.TestDispatcherServlet - FrameworkServlet '': initialization started
13:25:58.203 [Test worker] DEBUG org.springframework.test.web.servlet.TestDispatcherServlet - Unable to locate MultipartResolver with name 'multipartResolver': no multipart request handling provided
13:25:58.203 [Test worker] DEBUG org.springframework.test.web.servlet.TestDispatcherServlet - Using LocaleResolver [org.springframework.web.servlet.i18n.AcceptHeaderLocaleResolver@6a5acfe9]
13:25:58.203 [Test worker] DEBUG org.springframework.test.web.servlet.TestDispatcherServlet - Using ThemeResolver [org.springframework.web.servlet.theme.FixedThemeResolver@3b8aa7c8]
13:25:58.203 [Test worker] DEBUG org.springframework.test.web.servlet.TestDispatcherServlet - Using RequestToViewNameTranslator [org.springframework.web.servlet.view.DefaultRequestToViewNameTranslator@12e90a74]
13:25:58.203 [Test worker] DEBUG org.springframework.test.web.servlet.TestDispatcherServlet - Using FlashMapManager [org.springframework.web.servlet.support.SessionFlashMapManager@45dddbb5]
13:25:58.203 [Test worker] DEBUG org.springframework.test.web.servlet.TestDispatcherServlet - Published WebApplicationContext of servlet '' as ServletContext attribute with name [org.springframework.web.servlet.FrameworkServlet.CONTEXT.]
13:25:58.203 [Test worker] INFO org.springframework.test.web.servlet.TestDispatcherServlet - FrameworkServlet '': initialization completed in 0 ms
13:25:58.203 [Test worker] DEBUG org.springframework.test.web.servlet.TestDispatcherServlet - Servlet '' configured successfully
13:25:58.204 [Test worker] DEBUG org.springframework.test.web.servlet.TestDispatcherServlet - DispatcherServlet with name '' processing PUT request for [/v1/folders/1337/messages/1337/flagged]
13:25:58.204 [Test worker] DEBUG org.springframework.web.servlet.mvc.method.annotation.RequestMappingHandlerMapping - Looking up handler method for path /v1/folders/1337/messages/1337/flagged
13:25:58.205 [Test worker] DEBUG org.springframework.web.servlet.mvc.method.annotation.RequestMappingHandlerMapping - Returning handler method [public org.springframework.http.ResponseEntity<java.lang.Void> com.marcnuri.isotope.api.folder.FolderResource.setMessageFlagged(java.lang.String,java.lang.Long,boolean)]
13:25:58.206 [Test worker] DEBUG org.springframework.web.servlet.mvc.method.annotation.RequestResponseBodyMethodProcessor - Read [boolean] as "application/json" with [org.springframework.http.converter.json.MappingJackson2HttpMessageConverter@79c46160]
13:25:58.206 [Test worker] DEBUG com.marcnuri.isotope.api.folder.FolderResource - Setting message flagged attribute to true in message 1337 from folder 1337
13:25:58.206 [Test worker] DEBUG org.springframework.beans.factory.support.DefaultListableBeanFactory - Returning cached instance of singleton bean 'prototypeImapService'
13:25:58.207 [Test worker] DEBUG org.springframework.test.web.servlet.TestDispatcherServlet - Null ModelAndView returned to DispatcherServlet with name '': assuming HandlerAdapter completed request handling
13:25:58.207 [Test worker] DEBUG org.springframework.test.web.servlet.TestDispatcherServlet - Successfully completed request
13:25:58.208 [Test worker] DEBUG org.springframework.test.context.cache.DefaultCacheAwareContextLoaderDelegate - Retrieved ApplicationContext from cache with key [[MergedContextConfiguration@6692e92d testClass = FolderResourceTest, locations = '{}', classes = '{class com.marcnuri.isotope.api.folder.FolderResource}', contextInitializerClasses = '[]', activeProfiles = '{}', propertySourceLocations = '{}', propertySourceProperties = '{}', contextCustomizers = set[org.springframework.boot.test.autoconfigure.properties.PropertyMappingContextCustomizer@0, org.springframework.boot.test.autoconfigure.web.servlet.WebDriverContextCustomizerFactory$Customizer@2dc9ad67, org.springframework.boot.test.context.filter.ExcludeFilterContextCustomizer@7975bbf7, org.springframework.boot.test.json.DuplicateJsonObjectContextCustomizerFactory$DuplicateJsonObjectContextCustomizer@2dd9ed03, org.springframework.boot.test.mock.mockito.MockitoContextCustomizer@570072aa], contextLoader = 'org.springframework.test.context.support.DelegatingSmartContextLoader', parent = [null]]]
13:25:58.208 [Test worker] DEBUG org.springframework.test.context.cache - Spring test ApplicationContext cache statistics: [DefaultContextCache@10c13e31 size = 2, maxSize = 32, parentContextCount = 0, hitCount = 92, missCount = 2]
13:25:58.208 [Test worker] DEBUG org.springframework.beans.factory.support.DefaultListableBeanFactory - Returning cached instance of singleton bean 'org.springframework.boot.test.mock.mockito.MockitoBeans'
13:25:58.208 [Test worker] DEBUG org.springframework.test.context.cache.DefaultCacheAwareContextLoaderDelegate - Retrieved ApplicationContext from cache with key [[MergedContextConfiguration@6692e92d testClass = FolderResourceTest, locations = '{}', classes = '{class com.marcnuri.isotope.api.folder.FolderResource}', contextInitializerClasses = '[]', activeProfiles = '{}', propertySourceLocations = '{}', propertySourceProperties = '{}', contextCustomizers = set[org.springframework.boot.test.autoconfigure.properties.PropertyMappingContextCustomizer@0, org.springframework.boot.test.autoconfigure.web.servlet.WebDriverContextCustomizerFactory$Customizer@2dc9ad67, org.springframework.boot.test.context.filter.ExcludeFilterContextCustomizer@7975bbf7, org.springframework.boot.test.json.DuplicateJsonObjectContextCustomizerFactory$DuplicateJsonObjectContextCustomizer@2dd9ed03, org.springframework.boot.test.mock.mockito.MockitoContextCustomizer@570072aa], contextLoader = 'org.springframework.test.context.support.DelegatingSmartContextLoader', parent = [null]]]
13:25:58.208 [Test worker] DEBUG org.springframework.test.context.cache - Spring test ApplicationContext cache statistics: [DefaultContextCache@10c13e31 size = 2, maxSize = 32, parentContextCount = 0, hitCount = 93, missCount = 2]
13:25:58.208 [Test worker] DEBUG org.springframework.test.context.cache.DefaultCacheAwareContextLoaderDelegate - Retrieved ApplicationContext from cache with key [[MergedContextConfiguration@6692e92d testClass = FolderResourceTest, locations = '{}', classes = '{class com.marcnuri.isotope.api.folder.FolderResource}', contextInitializerClasses = '[]', activeProfiles = '{}', propertySourceLocations = '{}', propertySourceProperties = '{}', contextCustomizers = set[org.springframework.boot.test.autoconfigure.properties.PropertyMappingContextCustomizer@0, org.springframework.boot.test.autoconfigure.web.servlet.WebDriverContextCustomizerFactory$Customizer@2dc9ad67, org.springframework.boot.test.context.filter.ExcludeFilterContextCustomizer@7975bbf7, org.springframework.boot.test.json.DuplicateJsonObjectContextCustomizerFactory$DuplicateJsonObjectContextCustomizer@2dd9ed03, org.springframework.boot.test.mock.mockito.MockitoContextCustomizer@570072aa], contextLoader = 'org.springframework.test.context.support.DelegatingSmartContextLoader', parent = [null]]]
13:25:58.208 [Test worker] DEBUG org.springframework.test.context.cache - Spring test ApplicationContext cache statistics: [DefaultContextCache@10c13e31 size = 2, maxSize = 32, parentContextCount = 0, hitCount = 94, missCount = 2]
13:25:58.209 [Test worker] DEBUG reactor.core.publisher.Hooks - Reset to factory defaults : onLastOperator
13:25:58.210 [Test worker] DEBUG org.springframework.test.context.support.AbstractDirtiesContextTestExecutionListener - After test method: context [DefaultTestContext@2ff6fc48 testClass = FolderResourceTest, testInstance = com.marcnuri.isotope.api.folder.FolderResourceTest@147a6850, testMethod = setMessageFlagged_validFolderAndMessage_shouldReturnNoContent@FolderResourceTest, testException = [null], mergedContextConfiguration = [MergedContextConfiguration@6692e92d testClass = FolderResourceTest, locations = '{}', classes = '{class com.marcnuri.isotope.api.folder.FolderResource}', contextInitializerClasses = '[]', activeProfiles = '{}', propertySourceLocations = '{}', propertySourceProperties = '{}', contextCustomizers = set[org.springframework.boot.test.autoconfigure.properties.PropertyMappingContextCustomizer@0, org.springframework.boot.test.autoconfigure.web.servlet.WebDriverContextCustomizerFactory$Customizer@2dc9ad67, org.springframework.boot.test.context.filter.ExcludeFilterContextCustomizer@7975bbf7, org.springframework.boot.test.json.DuplicateJsonObjectContextCustomizerFactory$DuplicateJsonObjectContextCustomizer@2dd9ed03, org.springframework.boot.test.mock.mockito.MockitoContextCustomizer@570072aa], contextLoader = 'org.springframework.test.context.support.DelegatingSmartContextLoader', parent = [null]], attributes = map[[empty]]], class annotated with @DirtiesContext [false] with mode [null], method annotated with @DirtiesContext [false] with mode [null].
13:25:58.210 [Test worker] DEBUG org.springframework.test.annotation.ProfileValueUtils - Retrieved @ProfileValueSourceConfiguration [null] for test class [com.marcnuri.isotope.api.folder.FolderResourceTest]
13:25:58.210 [Test worker] DEBUG org.springframework.test.annotation.ProfileValueUtils - Retrieved ProfileValueSource type [class org.springframework.test.annotation.SystemProfileValueSource] for class [com.marcnuri.isotope.api.folder.FolderResourceTest]
13:25:58.210 [Test worker] DEBUG org.springframework.test.context.cache.DefaultCacheAwareContextLoaderDelegate - Retrieved ApplicationContext from cache with key [[MergedContextConfiguration@6692e92d testClass = FolderResourceTest, locations = '{}', classes = '{class com.marcnuri.isotope.api.folder.FolderResource}', contextInitializerClasses = '[]', activeProfiles = '{}', propertySourceLocations = '{}', propertySourceProperties = '{}', contextCustomizers = set[org.springframework.boot.test.autoconfigure.properties.PropertyMappingContextCustomizer@0, org.springframework.boot.test.autoconfigure.web.servlet.WebDriverContextCustomizerFactory$Customizer@2dc9ad67, org.springframework.boot.test.context.filter.ExcludeFilterContextCustomizer@7975bbf7, org.springframework.boot.test.json.DuplicateJsonObjectContextCustomizerFactory$DuplicateJsonObjectContextCustomizer@2dd9ed03, org.springframework.boot.test.mock.mockito.MockitoContextCustomizer@570072aa], contextLoader = 'org.springframework.test.context.support.DelegatingSmartContextLoader', parent = [null]]]
13:25:58.210 [Test worker] DEBUG org.springframework.test.context.cache - Spring test ApplicationContext cache statistics: [DefaultContextCache@10c13e31 size = 2, maxSize = 32, parentContextCount = 0, hitCount = 95, missCount = 2]
13:25:58.210 [Test worker] DEBUG org.springframework.beans.factory.support.DefaultListableBeanFactory - Returning cached instance of singleton bean 'org.springframework.boot.test.mock.mockito.MockitoPostProcessor'
13:25:58.210 [Test worker] DEBUG org.springframework.beans.factory.support.DefaultListableBeanFactory - Returning cached instance of singleton bean 'prototypeImapService'
13:25:58.210 [Test worker] DEBUG org.springframework.test.context.support.DependencyInjectionTestExecutionListener - Performing dependency injection for test context [[DefaultTestContext@2ff6fc48 testClass = FolderResourceTest, testInstance = com.marcnuri.isotope.api.folder.FolderResourceTest@66555523, testMethod = [null], testException = [null], mergedContextConfiguration = [MergedContextConfiguration@6692e92d testClass = FolderResourceTest, locations = '{}', classes = '{class com.marcnuri.isotope.api.folder.FolderResource}', contextInitializerClasses = '[]', activeProfiles = '{}', propertySourceLocations = '{}', propertySourceProperties = '{}', contextCustomizers = set[org.springframework.boot.test.autoconfigure.properties.PropertyMappingContextCustomizer@0, org.springframework.boot.test.autoconfigure.web.servlet.WebDriverContextCustomizerFactory$Customizer@2dc9ad67, org.springframework.boot.test.context.filter.ExcludeFilterContextCustomizer@7975bbf7, org.springframework.boot.test.json.DuplicateJsonObjectContextCustomizerFactory$DuplicateJsonObjectContextCustomizer@2dd9ed03, org.springframework.boot.test.mock.mockito.MockitoContextCustomizer@570072aa], contextLoader = 'org.springframework.test.context.support.DelegatingSmartContextLoader', parent = [null]], attributes = map[[empty]]]].
13:25:58.210 [Test worker] DEBUG org.springframework.test.context.cache.DefaultCacheAwareContextLoaderDelegate - Retrieved ApplicationContext from cache with key [[MergedContextConfiguration@6692e92d testClass = FolderResourceTest, locations = '{}', classes = '{class com.marcnuri.isotope.api.folder.FolderResource}', contextInitializerClasses = '[]', activeProfiles = '{}', propertySourceLocations = '{}', propertySourceProperties = '{}', contextCustomizers = set[org.springframework.boot.test.autoconfigure.properties.PropertyMappingContextCustomizer@0, org.springframework.boot.test.autoconfigure.web.servlet.WebDriverContextCustomizerFactory$Customizer@2dc9ad67, org.springframework.boot.test.context.filter.ExcludeFilterContextCustomizer@7975bbf7, org.springframework.boot.test.json.DuplicateJsonObjectContextCustomizerFactory$DuplicateJsonObjectContextCustomizer@2dd9ed03, org.springframework.boot.test.mock.mockito.MockitoContextCustomizer@570072aa], contextLoader = 'org.springframework.test.context.support.DelegatingSmartContextLoader', parent = [null]]]
13:25:58.210 [Test worker] DEBUG org.springframework.test.context.cache - Spring test ApplicationContext cache statistics: [DefaultContextCache@10c13e31 size = 2, maxSize = 32, parentContextCount = 0, hitCount = 96, missCount = 2]
13:25:58.211 [Test worker] DEBUG org.springframework.beans.factory.annotation.InjectionMetadata - Processing injected element of bean 'com.marcnuri.isotope.api.folder.FolderResourceTest': AutowiredFieldElement for private com.marcnuri.isotope.api.folder.FolderResource com.marcnuri.isotope.api.folder.FolderResourceTest.folderResource
13:25:58.211 [Test worker] DEBUG org.springframework.beans.factory.support.DefaultListableBeanFactory - Returning cached instance of singleton bean 'folderResource'
13:25:58.211 [Test worker] DEBUG org.springframework.test.context.support.AbstractDirtiesContextTestExecutionListener - Before test method: context [DefaultTestContext@2ff6fc48 testClass = FolderResourceTest, testInstance = com.marcnuri.isotope.api.folder.FolderResourceTest@66555523, testMethod = getMessage_validFolderAndMessageIds_shouldReturnOk@FolderResourceTest, testException = [null], mergedContextConfiguration = [MergedContextConfiguration@6692e92d testClass = FolderResourceTest, locations = '{}', classes = '{class com.marcnuri.isotope.api.folder.FolderResource}', contextInitializerClasses = '[]', activeProfiles = '{}', propertySourceLocations = '{}', propertySourceProperties = '{}', contextCustomizers = set[org.springframework.boot.test.autoconfigure.properties.PropertyMappingContextCustomizer@0, org.springframework.boot.test.autoconfigure.web.servlet.WebDriverContextCustomizerFactory$Customizer@2dc9ad67, org.springframework.boot.test.context.filter.ExcludeFilterContextCustomizer@7975bbf7, org.springframework.boot.test.json.DuplicateJsonObjectContextCustomizerFactory$DuplicateJsonObjectContextCustomizer@2dd9ed03, org.springframework.boot.test.mock.mockito.MockitoContextCustomizer@570072aa], contextLoader = 'org.springframework.test.context.support.DelegatingSmartContextLoader', parent = [null]], attributes = map[[empty]]], class annotated with @DirtiesContext [false] with mode [null], method annotated with @DirtiesContext [false] with mode [null].
13:25:58.211 [Test worker] DEBUG reactor.core.publisher.Hooks - Hooking onLastOperator: reactor.core.publisher.Operators$LiftFunction@3c40f7e8
13:25:58.212 [Test worker] DEBUG org.springframework.test.context.cache.DefaultCacheAwareContextLoaderDelegate - Retrieved ApplicationContext from cache with key [[MergedContextConfiguration@6692e92d testClass = FolderResourceTest, locations = '{}', classes = '{class com.marcnuri.isotope.api.folder.FolderResource}', contextInitializerClasses = '[]', activeProfiles = '{}', propertySourceLocations = '{}', propertySourceProperties = '{}', contextCustomizers = set[org.springframework.boot.test.autoconfigure.properties.PropertyMappingContextCustomizer@0, org.springframework.boot.test.autoconfigure.web.servlet.WebDriverContextCustomizerFactory$Customizer@2dc9ad67, org.springframework.boot.test.context.filter.ExcludeFilterContextCustomizer@7975bbf7, org.springframework.boot.test.json.DuplicateJsonObjectContextCustomizerFactory$DuplicateJsonObjectContextCustomizer@2dd9ed03, org.springframework.boot.test.mock.mockito.MockitoContextCustomizer@570072aa], contextLoader = 'org.springframework.test.context.support.DelegatingSmartContextLoader', parent = [null]]]
13:25:58.212 [Test worker] DEBUG org.springframework.test.context.cache - Spring test ApplicationContext cache statistics: [DefaultContextCache@10c13e31 size = 2, maxSize = 32, parentContextCount = 0, hitCount = 97, missCount = 2]
13:25:58.212 [Test worker] DEBUG org.springframework.beans.factory.support.DefaultListableBeanFactory - Returning cached instance of singleton bean 'org.springframework.boot.test.mock.mockito.MockitoBeans'
13:25:58.212 [Test worker] DEBUG org.springframework.core.env.StandardEnvironment - Adding PropertySource 'systemProperties' with lowest search precedence
13:25:58.212 [Test worker] DEBUG org.springframework.core.env.StandardEnvironment - Adding PropertySource 'systemEnvironment' with lowest search precedence
13:25:58.212 [Test worker] DEBUG org.springframework.core.env.StandardEnvironment - Initialized StandardEnvironment with PropertySources [MapPropertySource@1726701821 {name='systemProperties', properties={java.runtime.name=OpenJDK Runtime Environment, sun.boot.library.path=C:\Program Files\AdoptOpenJDK\jdk-8.0.242.08-hotspot\jre\bin, java.vm.version=25.242-b08, java.vm.vendor=, java.vendor.url=http://java.oracle.com/, path.separator=;, java.vm.name=OpenJDK 64-Bit Server VM, file.encoding.pkg=sun.io, user.script=, sun.java.launcher=SUN_STANDARD, user.country=GB, sun.os.patch.level=, java.vm.specification.name=Java Virtual Machine Specification, user.dir=C:\azure-devops\git\eShopOnContainers\src\Web\WebImapClient\Client\server, java.runtime.version=1.8.0_242-b08, java.awt.graphicsenv=sun.awt.Win32GraphicsEnvironment, java.endorsed.dirs=C:\Program Files\AdoptOpenJDK\jdk-8.0.242.08-hotspot\jre\lib\endorsed, os.arch=amd64, java.io.tmpdir=C:\Users\jorge\AppData\Local\Temp\, line.separator=
, java.vm.specification.vendor=Oracle Corporation, user.variant=, os.name=Windows 10, sun.jnu.encoding=Cp1252, java.library.path=C:\Program Files\AdoptOpenJDK\jdk-8.0.242.08-hotspot\bin;C:\Windows\Sun\Java\bin;C:\Windows\system32;C:\Windows;C:\Program Files\AdoptOpenJDK\jdk-8.0.242.08-hotspot\bin;C:\Program Files (x86)\Common Files\Oracle\Java\javapath;C:\Python27\;C:\Python27\Scripts;C:\ProgramData\DockerDesktop\version-bin;C:\Program Files\Docker\Docker\Resources\bin;C:\Windows\system32;C:\Windows;C:\Windows\System32\Wbem;C:\Windows\System32\WindowsPowerShell\v1.0\;C:\Windows\System32\OpenSSH\;C:\Program Files (x86)\NVIDIA Corporation\PhysX\Common;C:\Program Files\dotnet\;C:\Program Files\Microsoft SQL Server\130\Tools\Binn\;C:\Program Files\Microsoft SQL Server\Client SDK\ODBC\170\Tools\Binn\;C:\Program Files (x86)\Microsoft SQL Server\150\DTS\Binn\;C:\Program Files\Git\cmd;C:\Program Files (x86)\Microsoft ASP.NET\ASP.NET Web Pages\v1.0\;C:\Program Files\Microsoft SQL Server\110\Tools\Binn\;C:\Windows\system32\config\systemprofile\.dnx\bin;C:\Program Files\Microsoft DNX\Dnvm\;C:\Program Files\nodejs\;C:\ProgramData\chocolatey\bin;C:\Program Files\Microsoft\Web Platform Installer\;C:\Users\jorge\AppData\Local\Microsoft\WindowsApps;C:\Users\jorge\AppData\Local\Programs\Microsoft VS Code\bin;C:\Users\jorge\.dotnet\tools;C:\Users\jorge\AppData\Roaming\npm;C:\Users\jorge\AppData\Local\GitHubDesktop\bin;., java.specification.name=Java Platform API Specification, java.class.version=52.0, org.gradle.native=false, sun.management.compiler=HotSpot 64-Bit Tiered Compilers, os.version=10.0, user.home=C:\Users\jorge, user.timezone=Europe/Paris, java.awt.printerjob=sun.awt.windows.WPrinterJob, file.encoding=windows-1252, java.specification.version=1.8, java.class.path=C:\azure-devops\git\eShopOnContainers\src\Web\WebImapClient\Client\server\build\classes\java\test;C:\azure-devops\git\eShopOnContainers\src\Web\WebImapClient\Client\server\build\resources\test;C:\azure-devops\git\eShopOnContainers\src\Web\WebImapClient\Client\server\build\classes\java\main;C:\azure-devops\git\eShopOnContainers\src\Web\WebImapClient\Client\server\build\resources\main;C:\Users\jorge\.gradle\caches\modules-2\files-2.1\org.springframework.boot\spring-boot-starter-actuator\2.0.4.RELEASE\24e901473279d9c18e0a0f8037d58b18c8297dca\spring-boot-starter-actuator-2.0.4.RELEASE.jar;C:\Users\jorge\.gradle\caches\modules-2\files-2.1\org.springframework.boot\spring-boot-starter-security\2.0.4.RELEASE\2ac314e5985fd9ae0d2acaea450f4f6c3dbd7f92\spring-boot-starter-security-2.0.4.RELEASE.jar;C:\Users\jorge\.gradle\caches\modules-2\files-2.1\org.springframework.boot\spring-boot-starter-webflux\2.0.4.RELEASE\a52fcd02fb6129e14f2b4b36acc5748368563c93\spring-boot-starter-webflux-2.0.4.RELEASE.jar;C:\Users\jorge\.gradle\caches\modules-2\files-2.1\org.springframework.boot\spring-boot-starter-test\2.0.4.RELEASE\8f473705d2742b669f0318f10a956f94a93ba3d2\spring-boot-starter-test-2.0.4.RELEASE.jar;C:\Users\jorge\.gradle\caches\modules-2\files-2.1\org.springframework.boot\spring-boot-starter-hateoas\2.0.4.RELEASE\2f115bebeffea81859c6d874457fa8db16b10747\spring-boot-starter-hateoas-2.0.4.RELEASE.jar;C:\Users\jorge\.gradle\caches\modules-2\files-2.1\org.springframework.boot\spring-boot-starter-web\2.0.4.RELEASE\98d49e981ecf804da877d84259b7b0d1ec2fb6f6\spring-boot-starter-web-2.0.4.RELEASE.jar;C:\Users\jorge\.gradle\caches\modules-2\files-2.1\org.springframework.boot\spring-boot-starter-json\2.0.4.RELEASE\c7afabf0d7c85db178da4ce0634e3bd2ddb0eb71\spring-boot-starter-json-2.0.4.RELEASE.jar;C:\Users\jorge\.gradle\caches\modules-2\files-2.1\org.springframework.boot\spring-boot-starter\2.0.4.RELEASE\ec46c63a2adeee40058eff1a6baefca13975dc94\spring-boot-starter-2.0.4.RELEASE.jar;C:\Users\jorge\.gradle\caches\modules-2\files-2.1\com.sun.mail\javax.mail\1.6.1\757ba4630692bb2a1ec2d9d57a616b63f15e947e\javax.mail-1.6.1.jar;C:\Users\jorge\.gradle\caches\modules-2\files-2.1\org.springframework.boot\spring-boot-actuator-autoconfigure\2.0.4.RELEASE\2cadc1d20a1f9ee667a608cfee154138e954f5f2\spring-boot-actuator-autoconfigure-2.0.4.RELEASE.jar;C:\Users\jorge\.gradle\caches\modules-2\files-2.1\com.fasterxml.jackson.datatype\jackson-datatype-jsr310\2.9.6\ea54f6193d224e5e5732bbd4262327eb465397c2\jackson-datatype-jsr310-2.9.6.jar;C:\Users\jorge\.gradle\caches\modules-2\files-2.1\commons-io\commons-io\2.6\815893df5f31da2ece4040fe0a12fd44b577afaf\commons-io-2.6.jar;C:\Users\jorge\.gradle\caches\modules-2\files-2.1\org.springframework.security\spring-security-test\5.0.7.RELEASE\a74c9ab10d53baa3bb7a731753fe0c6d9ab9d848\spring-security-test-5.0.7.RELEASE.jar;C:\Users\jorge\.gradle\caches\modules-2\files-2.1\com.marcnuri\spring-common-test\0.0.2\da9c2c5e849c7dcbbe99d190bedffa5e6fe450a5\spring-common-test-0.0.2.jar;C:\Users\jorge\.gradle\caches\modules-2\files-2.1\org.hamcrest\java-hamcrest\2.0.0.0\f1c8853ade0ecf707f5a261c830e98893983813\java-hamcrest-2.0.0.0.jar;C:\Users\jorge\.gradle\caches\modules-2\files-2.1\org.powermock\powermock-module-junit4\2.0.0-RC.3\b9a04b492e2b93e93617ba457f76aebbf00fc221\powermock-module-junit4-2.0.0-RC.3.jar;C:\Users\jorge\.gradle\caches\modules-2\files-2.1\org.powermock\powermock-api-mockito2\2.0.0-RC.3\f85a8404be063ef15c5fdd3745b11d2fba875fcd\powermock-api-mockito2-2.0.0-RC.3.jar;C:\Users\jorge\.gradle\caches\modules-2\files-2.1\org.springframework.boot\spring-boot-test-autoconfigure\2.0.4.RELEASE\8a2e3f31e607fdb08deda2f59263ce177f1c4310\spring-boot-test-autoconfigure-2.0.4.RELEASE.jar;C:\Users\jorge\.gradle\caches\modules-2\files-2.1\org.springframework.boot\spring-boot-test\2.0.4.RELEASE\8a17fc3cf16b6d75f2ba132ade04409a670095de\spring-boot-test-2.0.4.RELEASE.jar;C:\Users\jorge\.gradle\caches\modules-2\files-2.1\org.springframework.boot\spring-boot-autoconfigure\2.0.4.RELEASE\65cd1244d606acc02ab7bfc47a203a3fe2400dda\spring-boot-autoconfigure-2.0.4.RELEASE.jar;C:\Users\jorge\.gradle\caches\modules-2\files-2.1\org.springframework.boot\spring-boot-actuator\2.0.4.RELEASE\9c02c968eb50a7cdc14fc4c7b586d767df6dc48d\spring-boot-actuator-2.0.4.RELEASE.jar;C:\Users\jorge\.gradle\caches\modules-2\files-2.1\org.springframework.boot\spring-boot\2.0.4.RELEASE\c8619c5b06d4dcdb4cac1e5e9c839e6e8b1c8574\spring-boot-2.0.4.RELEASE.jar;C:\Users\jorge\.gradle\caches\modules-2\files-2.1\org.springframework.boot\spring-boot-starter-logging\2.0.4.RELEASE\dcd1a2c431c970f44adae64d9145133979a513ab\spring-boot-starter-logging-2.0.4.RELEASE.jar;C:\Users\jorge\.gradle\caches\modules-2\files-2.1\org.springframework.boot\spring-boot-starter-tomcat\2.0.4.RELEASE\dcf28989a34b0801fea0e810c371fb9dab1e7784\spring-boot-starter-tomcat-2.0.4.RELEASE.jar;C:\Users\jorge\.gradle\caches\modules-2\files-2.1\javax.annotation\javax.annotation-api\1.3.2\934c04d3cfef185a8008e7bf34331b79730a9d43\javax.annotation-api-1.3.2.jar;C:\Users\jorge\.gradle\caches\modules-2\files-2.1\org.springframework.security\spring-security-config\5.0.7.RELEASE\d702e01048687db4ec6c97fb32d28ffbe348b3e\spring-security-config-5.0.7.RELEASE.jar;C:\Users\jorge\.gradle\caches\modules-2\files-2.1\org.springframework.security\spring-security-web\5.0.7.RELEASE\bab3ed579d4550bb5cc40b0a7fddd0106db7c66\spring-security-web-5.0.7.RELEASE.jar;C:\Users\jorge\.gradle\caches\modules-2\files-2.1\org.springframework.hateoas\spring-hateoas\0.25.0.RELEASE\22d1abd575426709734ab83e7d81d6deb4addbf6\spring-hateoas-0.25.0.RELEASE.jar;C:\Users\jorge\.gradle\caches\modules-2\files-2.1\org.springframework\spring-webflux\5.0.8.RELEASE\d16ce1cf6f95771e821619d6ef13c1f0333fafb\spring-webflux-5.0.8.RELEASE.jar;C:\Users\jorge\.gradle\caches\modules-2\files-2.1\org.springframework\spring-webmvc\5.0.8.RELEASE\7e5fe57590ca8e4468e50fe1d92b0b67aa4a327a\spring-webmvc-5.0.8.RELEASE.jar;C:\Users\jorge\.gradle\caches\modules-2\files-2.1\org.springframework\spring-web\5.0.8.RELEASE\fa43cdadb4ab2491fd1d0ddb06c0808e4b60fc85\spring-web-5.0.8.RELEASE.jar;C:\Users\jorge\.gradle\caches\modules-2\files-2.1\org.springframework\spring-test\5.0.8.RELEASE\5782619373bd7e7b7d9106203c317b04bb613ebb\spring-test-5.0.8.RELEASE.jar;C:\Users\jorge\.gradle\caches\modules-2\files-2.1\org.springframework.security\spring-security-core\5.0.7.RELEASE\40a0c57af6b4c3f8c611216d2579c6ab19672694\spring-security-core-5.0.7.RELEASE.jar;C:\Users\jorge\.gradle\caches\modules-2\files-2.1\org.springframework.plugin\spring-plugin-core\1.2.0.RELEASE\f380e7760032e7d929184f8ad8a33716b75c0657\spring-plugin-core-1.2.0.RELEASE.jar;C:\Users\jorge\.gradle\caches\modules-2\files-2.1\org.springframework\spring-context\5.0.8.RELEASE\3a067d8990761111c9b6d1d895640be26cc1fb38\spring-context-5.0.8.RELEASE.jar;C:\Users\jorge\.gradle\caches\modules-2\files-2.1\org.springframework\spring-aop\5.0.8.RELEASE\f5086c1a3185c481104511837427b39a07a57aa2\spring-aop-5.0.8.RELEASE.jar;C:\Users\jorge\.gradle\caches\modules-2\files-2.1\org.springframework\spring-beans\5.0.8.RELEASE\5fc965d3e7f5515099244857a8ae9e2a208c169b\spring-beans-5.0.8.RELEASE.jar;C:\Users\jorge\.gradle\caches\modules-2\files-2.1\org.springframework\spring-expression\5.0.8.RELEASE\f23158f22c917df2cddf2ecebc398a9e95f95fae\spring-expression-5.0.8.RELEASE.jar;C:\Users\jorge\.gradle\caches\modules-2\files-2.1\org.springframework\spring-core\5.0.8.RELEASE\dc39c49e3246cdf73d3786ac41119140aed3fa08\spring-core-5.0.8.RELEASE.jar;C:\Users\jorge\.gradle\caches\modules-2\files-2.1\org.yaml\snakeyaml\1.19\2d998d3d674b172a588e54ab619854d073f555b5\snakeyaml-1.19.jar;C:\Users\jorge\.gradle\caches\modules-2\files-2.1\io.micrometer\micrometer-core\1.0.6\50299bc8a34c251d62311bbb1a297f3942a82e42\micrometer-core-1.0.6.jar;C:\Users\jorge\.gradle\caches\modules-2\files-2.1\org.springframework.boot\spring-boot-starter-reactor-netty\2.0.4.RELEASE\ed4ac88f7fc699a9cbb6ee804a26e2e30239ca35\spring-boot-starter-reactor-netty-2.0.4.RELEASE.jar;C:\Users\jorge\.gradle\caches\modules-2\files-2.1\org.hibernate.validator\hibernate-validator\6.0.11.Final\36f9d10a11e4768f55e8fb91ebe4338a5c43954e\hibernate-validator-6.0.11.Final.jar;C:\Users\jorge\.gradle\caches\modules-2\files-2.1\org.synchronoss.cloud\nio-multipart-parser\1.1.0\c6c417fec6612584b1c34d4dd98c5a4e47e8c754\nio-multipart-parser-1.1.0.jar;C:\Users\jorge\.gradle\caches\modules-2\files-2.1\javax.activation\activation\1.1\e6cb541461c2834bdea3eb920f1884d1eb508b50\activation-1.1.jar;C:\Users\jorge\.gradle\caches\modules-2\files-2.1\com.fasterxml.jackson.datatype\jackson-datatype-jdk8\2.9.6\456895fc91bf7180b216fead220373e6278230c9\jackson-datatype-jdk8-2.9.6.jar;C:\Users\jorge\.gradle\caches\modules-2\files-2.1\com.fasterxml.jackson.module\jackson-module-parameter-names\2.9.6\129acd77a4b6ee30d62d3a0899b1344c8ec2bff8\jackson-module-parameter-names-2.9.6.jar;C:\Users\jorge\.gradle\caches\modules-2\files-2.1\com.fasterxml.jackson.core\jackson-databind\2.9.6\cfa4f316351a91bfd95cb0644c6a2c95f52db1fc\jackson-databind-2.9.6.jar;C:\Users\jorge\.gradle\caches\modules-2\files-2.1\com.fasterxml.jackson.core\jackson-annotations\2.9.0\7c10d545325e3a6e72e06381afe469fd40eb701\jackson-annotations-2.9.0.jar;C:\Users\jorge\.gradle\caches\modules-2\files-2.1\com.fasterxml.jackson.core\jackson-core\2.9.6\4e393793c37c77e042ccc7be5a914ae39251b365\jackson-core-2.9.6.jar;C:\Users\jorge\.gradle\caches\modules-2\files-2.1\com.jayway.jsonpath\json-path\2.4.0\765a4401ceb2dc8d40553c2075eb80a8fa35c2ae\json-path-2.4.0.jar;C:\Users\jorge\.gradle\caches\modules-2\files-2.1\org.powermock\powermock-module-junit4-common\2.0.0-RC.3\f09137abdf1aeea2df214037eab50ed864602c9a\powermock-module-junit4-common-2.0.0-RC.3.jar;C:\Users\jorge\.gradle\caches\modules-2\files-2.1\junit\junit\4.12\2973d150c0dc1fefe998f834810d68f278ea58ec\junit-4.12.jar;C:\Users\jorge\.gradle\caches\modules-2\files-2.1\org.assertj\assertj-core\3.9.1\c5ce126b15f28d56cd8f960c1a6a058b9c9aea87\assertj-core-3.9.1.jar;C:\Users\jorge\.gradle\caches\modules-2\files-2.1\org.mockito\mockito-core\2.15.0\b84bfbbc29cd22c9529409627af6ea2897f4fa85\mockito-core-2.15.0.jar;C:\Users\jorge\.gradle\caches\modules-2\files-2.1\org.hamcrest\hamcrest-library\1.3\4785a3c21320980282f9f33d0d1264a69040538f\hamcrest-library-1.3.jar;C:\Users\jorge\.gradle\caches\modules-2\files-2.1\org.hamcrest\hamcrest-core\1.3\42a25dc3219429f0e5d060061f71acb49bf010a0\hamcrest-core-1.3.jar;C:\Users\jorge\.gradle\caches\modules-2\files-2.1\org.skyscreamer\jsonassert\1.5.0\6c9d5fe2f59da598d9aefc1cfc6528ff3cf32df3\jsonassert-1.5.0.jar;C:\Users\jorge\.gradle\caches\modules-2\files-2.1\org.xmlunit\xmlunit-core\2.5.1\4ffdb346572a7356f7521cd3119ce5287d2e339d\xmlunit-core-2.5.1.jar;C:\Users\jorge\.gradle\caches\modules-2\files-2.1\org.powermock\powermock-api-support\2.0.0-RC.3\a23d6bdbcf865513c9f6992134152be80504e499\powermock-api-support-2.0.0-RC.3.jar;C:\Users\jorge\.gradle\caches\modules-2\files-2.1\ch.qos.logback\logback-classic\1.2.3\7c4f3c474fb2c041d8028740440937705ebb473a\logback-classic-1.2.3.jar;C:\Users\jorge\.gradle\caches\modules-2\files-2.1\org.apache.logging.log4j\log4j-to-slf4j\2.10.0\f7e631ccf49cfc0aefa4a2a728da7d374c05bd3c\log4j-to-slf4j-2.10.0.jar;C:\Users\jorge\.gradle\caches\modules-2\files-2.1\org.slf4j\jul-to-slf4j\1.7.25\af5364cd6679bfffb114f0dec8a157aaa283b76\jul-to-slf4j-1.7.25.jar;C:\Users\jorge\.gradle\caches\modules-2\files-2.1\org.springframework\spring-jcl\5.0.8.RELEASE\a1fa8fb560fb252321776e16bc9ac8201af4ef5e\spring-jcl-5.0.8.RELEASE.jar;C:\Users\jorge\.gradle\caches\modules-2\files-2.1\org.hdrhistogram\HdrHistogram\2.1.10\9e1ac84eed220281841b75e72fb9de5a297fbf04\HdrHistogram-2.1.10.jar;C:\Users\jorge\.gradle\caches\modules-2\files-2.1\org.latencyutils\LatencyUtils\2.0.3\769c0b82cb2421c8256300e907298a9410a2a3d3\LatencyUtils-2.0.3.jar;C:\Users\jorge\.gradle\caches\modules-2\files-2.1\org.synchronoss.cloud\nio-stream-storage\1.1.3\986dba5f6e5eed20f0dba6ddc8e8a64a9ebdc2f3\nio-stream-storage-1.1.3.jar;C:\Users\jorge\.gradle\caches\modules-2\files-2.1\org.slf4j\slf4j-api\1.7.25\da76ca59f6a57ee3102f8f9bd9cee742973efa8a\slf4j-api-1.7.25.jar;C:\Users\jorge\.gradle\caches\modules-2\files-2.1\io.projectreactor.ipc\reactor-netty\0.7.8.RELEASE\fe25c7d3042b6005690f7d243cef987b696a12ee\reactor-netty-0.7.8.RELEASE.jar;C:\Users\jorge\.gradle\caches\modules-2\files-2.1\javax.validation\validation-api\2.0.1.Final\cb855558e6271b1b32e716d24cb85c7f583ce09e\validation-api-2.0.1.Final.jar;C:\Users\jorge\.gradle\caches\modules-2\files-2.1\org.jboss.logging\jboss-logging\3.3.2.Final\3789d00e859632e6c6206adc0c71625559e6e3b0\jboss-logging-3.3.2.Final.jar;C:\Users\jorge\.gradle\caches\modules-2\files-2.1\com.fasterxml\classmate\1.3.4\3d5f48f10bbe4eb7bd862f10c0583be2e0053c6\classmate-1.3.4.jar;C:\Users\jorge\.gradle\caches\modules-2\files-2.1\io.projectreactor\reactor-core\3.1.8.RELEASE\3bcc30f9161d3d17abe44b4aa20e397e5170566e\reactor-core-3.1.8.RELEASE.jar;C:\Users\jorge\.gradle\caches\modules-2\files-2.1\net.minidev\json-smart\2.3\7396407491352ce4fa30de92efb158adb76b5b\json-smart-2.3.jar;C:\Users\jorge\.gradle\caches\modules-2\files-2.1\org.powermock\powermock-core\2.0.0-RC.3\f958479ea1f0d1ba37cf65b6612fccfbaf4d8dd3\powermock-core-2.0.0-RC.3.jar;C:\Users\jorge\.gradle\caches\modules-2\files-2.1\org.powermock\powermock-reflect\2.0.0-RC.3\c10437486ae35b91666c2591fd7b1a8054b4573c\powermock-reflect-2.0.0-RC.3.jar;C:\Users\jorge\.gradle\caches\modules-2\files-2.1\net.bytebuddy\byte-buddy\1.7.11\f02857a4e2c66ccbe7aaad6100a0a6c461bce9b3\byte-buddy-1.7.11.jar;C:\Users\jorge\.gradle\caches\modules-2\files-2.1\net.bytebuddy\byte-buddy-agent\1.7.11\b425a8933ca07edd03c6dbc8bc3b595fba9780de\byte-buddy-agent-1.7.11.jar;C:\Users\jorge\.gradle\caches\modules-2\files-2.1\org.objenesis\objenesis\3.0.1\11cfac598df9dc48bb9ed9357ed04212694b7808\objenesis-3.0.1.jar;C:\Users\jorge\.gradle\caches\modules-2\files-2.1\com.vaadin.external.google\android-json\0.0.20131108.vaadin1\fa26d351fe62a6a17f5cda1287c1c6110dec413f\android-json-0.0.20131108.vaadin1.jar;C:\Users\jorge\.gradle\caches\modules-2\files-2.1\ch.qos.logback\logback-core\1.2.3\864344400c3d4d92dfeb0a305dc87d953677c03c\logback-core-1.2.3.jar;C:\Users\jorge\.gradle\caches\modules-2\files-2.1\org.apache.logging.log4j\log4j-api\2.10.0\fec5797a55b786184a537abd39c3fa1449d752d6\log4j-api-2.10.0.jar;C:\Users\jorge\.gradle\caches\modules-2\files-2.1\org.apache.tomcat.embed\tomcat-embed-websocket\8.5.32\ea5302e378f1449d4e5dda79e8d810c1e7931f91\tomcat-embed-websocket-8.5.32.jar;C:\Users\jorge\.gradle\caches\modules-2\files-2.1\org.apache.tomcat.embed\tomcat-embed-core\8.5.32\6bc6896200146010cc4666bdc6b9b0cbb453ee22\tomcat-embed-core-8.5.32.jar;C:\Users\jorge\.gradle\caches\modules-2\files-2.1\org.apache.tomcat.embed\tomcat-embed-el\8.5.32\e4fd0ee015d83fa1c5ec93ff1d05bdaf9a4480c5\tomcat-embed-el-8.5.32.jar;C:\Users\jorge\.gradle\caches\modules-2\files-2.1\io.netty\netty-handler-proxy\4.1.27.Final\1a822ce7760bc6eb4937b7e448c9e081fedcc807\netty-handler-proxy-4.1.27.Final.jar;C:\Users\jorge\.gradle\caches\modules-2\files-2.1\io.netty\netty-codec-http\4.1.27.Final\a1722d6bcbbef1c4c7877e8bf38b07a3db5ed07f\netty-codec-http-4.1.27.Final.jar;C:\Users\jorge\.gradle\caches\modules-2\files-2.1\io.netty\netty-handler\4.1.27.Final\21bd9cf565390a8d72579b8664303e3c175dfc6a\netty-handler-4.1.27.Final.jar;C:\Users\jorge\.gradle\caches\modules-2\files-2.1\io.netty\netty-transport-native-epoll\4.1.27.Final\8c3a61a7dd53eafe2f0fe31356f1379598f74517\netty-transport-native-epoll-4.1.27.Final-linux-x86_64.jar;C:\Users\jorge\.gradle\caches\modules-2\files-2.1\org.reactivestreams\reactive-streams\1.0.2\323964c36556eb0e6209f65c1cef72b53b461ab8\reactive-streams-1.0.2.jar;C:\Users\jorge\.gradle\caches\modules-2\files-2.1\net.minidev\accessors-smart\1.2\c592b500269bfde36096641b01238a8350f8aa31\accessors-smart-1.2.jar;C:\Users\jorge\.gradle\caches\modules-2\files-2.1\org.javassist\javassist\3.24.0-GA\d7466fc2e3af7c023e95c510f06448ad29b225b3\javassist-3.24.0-GA.jar;C:\Users\jorge\.gradle\caches\modules-2\files-2.1\io.netty\netty-codec-socks\4.1.27.Final\285b09af98764cf02e4b77b3d95af188469a7133\netty-codec-socks-4.1.27.Final.jar;C:\Users\jorge\.gradle\caches\modules-2\files-2.1\io.netty\netty-codec\4.1.27.Final\d2653d78ebaa650064768fb26b10051f5c8efb2c\netty-codec-4.1.27.Final.jar;C:\Users\jorge\.gradle\caches\modules-2\files-2.1\io.netty\netty-transport-native-unix-common\4.1.27.Final\2b0667fe5c1df78c6cfbf9d53ad8b1fb533fb8e8\netty-transport-native-unix-common-4.1.27.Final.jar;C:\Users\jorge\.gradle\caches\modules-2\files-2.1\io.netty\netty-transport\4.1.27.Final\b5c2da3ea89dd67320925f1504c9eb3615241b7c\netty-transport-4.1.27.Final.jar;C:\Users\jorge\.gradle\caches\modules-2\files-2.1\io.netty\netty-buffer\4.1.27.Final\aafe2b9fb0d8f3b200cf10b9fd6486c6a722d7a1\netty-buffer-4.1.27.Final.jar;C:\Users\jorge\.gradle\caches\modules-2\files-2.1\io.netty\netty-resolver\4.1.27.Final\2536447ef9605ccb2b5203aa22392c6514484ea9\netty-resolver-4.1.27.Final.jar;C:\Users\jorge\.gradle\caches\modules-2\files-2.1\io.netty\netty-common\4.1.27.Final\6a12a969c27fb37b230c4bde5a67bd822fa6b7a4\netty-common-4.1.27.Final.jar;C:\Users\jorge\.gradle\caches\modules-2\files-2.1\org.ow2.asm\asm\5.0.4\da08b8cce7bbf903602a25a3a163ae252435795\asm-5.0.4.jar, user.name=jorge, java.vm.specification.version=1.8, sun.java.command=worker.org.gradle.process.internal.worker.GradleWorkerMain 'Gradle Test Executor 1', java.home=C:\Program Files\AdoptOpenJDK\jdk-8.0.242.08-hotspot\jre, sun.arch.data.model=64, user.language=en, java.specification.vendor=Oracle Corporation, awt.toolkit=sun.awt.windows.WToolkit, java.vm.info=mixed mode, java.version=1.8.0_242, java.ext.dirs=C:\Program Files\AdoptOpenJDK\jdk-8.0.242.08-hotspot\jre\lib\ext;C:\Windows\Sun\Java\lib\ext, sun.boot.class.path=C:\Program Files\AdoptOpenJDK\jdk-8.0.242.08-hotspot\jre\lib\resources.jar;C:\Program Files\AdoptOpenJDK\jdk-8.0.242.08-hotspot\jre\lib\rt.jar;C:\Program Files\AdoptOpenJDK\jdk-8.0.242.08-hotspot\jre\lib\sunrsasign.jar;C:\Program Files\AdoptOpenJDK\jdk-8.0.242.08-hotspot\jre\lib\jsse.jar;C:\Program Files\AdoptOpenJDK\jdk-8.0.242.08-hotspot\jre\lib\jce.jar;C:\Program Files\AdoptOpenJDK\jdk-8.0.242.08-hotspot\jre\lib\charsets.jar;C:\Program Files\AdoptOpenJDK\jdk-8.0.242.08-hotspot\jre\lib\jfr.jar;C:\Program Files\AdoptOpenJDK\jdk-8.0.242.08-hotspot\jre\classes, java.vendor=AdoptOpenJDK, org.gradle.test.worker=1, file.separator=\, java.vendor.url.bug=http://bugreport.sun.com/bugreport/, sun.io.unicode.encoding=UnicodeLittle, sun.cpu.endian=little, sun.desktop=windows, sun.cpu.isalist=amd64}}, SystemEnvironmentPropertySource@719052110 {name='systemEnvironment', properties={USERDOMAIN_ROAMINGPROFILE=DESKTOP-U7U4TE6, PROCESSOR_LEVEL=6, VS140COMNTOOLS=C:\Program Files (x86)\Microsoft Visual Studio 14.0\Common7\Tools\, SESSIONNAME=Console, ALLUSERSPROFILE=C:\ProgramData, PROCESSOR_ARCHITECTURE=AMD64, PSModulePath=C:\Users\jorge\Documents\WindowsPowerShell\Modules;C:\Program Files\WindowsPowerShell\Modules;C:\Windows\system32\WindowsPowerShell\v1.0\Modules, SystemDrive=C:, =ExitCode=00000000, DIRNAME=C:\azure-devops\git\eShopOnContainers\src\Web\WebImapClient\Client\server\, USERNAME=jorge, CMD_LINE_ARGS=b, ProgramFiles(x86)=C:\Program Files (x86), FPS_BROWSER_USER_PROFILE_STRING=Default, APP_HOME=C:\azure-devops\git\eShopOnContainers\src\Web\WebImapClient\Client\server\, PATHEXT=.COM;.EXE;.BAT;.CMD;.VBS;.VBE;.JS;.JSE;.WSF;.WSH;.MSC;.CPL, DriverData=C:\Windows\System32\Drivers\DriverData, OneDriveConsumer=C:\Users\jorge\OneDrive, ProgramData=C:\ProgramData, ProgramW6432=C:\Program Files, HOMEPATH=\Users\jorge, PROCESSOR_IDENTIFIER=Intel64 Family 6 Model 158 Stepping 13, GenuineIntel, ProgramFiles=C:\Program Files, PUBLIC=C:\Users\Public, windir=C:\Windows, =::=::\, _SKIP=2, LOCALAPPDATA=C:\Users\jorge\AppData\Local, ChocolateyLastPathUpdate=132229495750090469, USERDOMAIN=DESKTOP-U7U4TE6, FPS_BROWSER_APP_PROFILE_STRING=Internet Explorer, LOGONSERVER=\\DESKTOP-U7U4TE6, PROMPT=$P$G, OneDrive=C:\Users\jorge\OneDrive, =C:=C:\azure-devops\git\eShopOnContainers\src\Web\WebImapClient\Client\server, APPDATA=C:\Users\jorge\AppData\Roaming, JAVA_EXE=java.exe, ChocolateyInstall=C:\ProgramData\chocolatey, CommonProgramFiles=C:\Program Files\Common Files, Path=C:\Program Files\AdoptOpenJDK\jdk-8.0.242.08-hotspot\bin;C:\Program Files (x86)\Common Files\Oracle\Java\javapath;C:\Python27\;C:\Python27\Scripts;C:\ProgramData\DockerDesktop\version-bin;C:\Program Files\Docker\Docker\Resources\bin;C:\Windows\system32;C:\Windows;C:\Windows\System32\Wbem;C:\Windows\System32\WindowsPowerShell\v1.0\;C:\Windows\System32\OpenSSH\;C:\Program Files (x86)\NVIDIA Corporation\PhysX\Common;C:\Program Files\dotnet\;C:\Program Files\Microsoft SQL Server\130\Tools\Binn\;C:\Program Files\Microsoft SQL Server\Client SDK\ODBC\170\Tools\Binn\;C:\Program Files (x86)\Microsoft SQL Server\150\DTS\Binn\;C:\Program Files\Git\cmd;C:\Program Files (x86)\Microsoft ASP.NET\ASP.NET Web Pages\v1.0\;C:\Program Files\Microsoft SQL Server\110\Tools\Binn\;C:\Windows\system32\config\systemprofile\.dnx\bin;C:\Program Files\Microsoft DNX\Dnvm\;C:\Program Files\nodejs\;C:\ProgramData\chocolatey\bin;C:\Program Files\Microsoft\Web Platform Installer\;C:\Users\jorge\AppData\Local\Microsoft\WindowsApps;C:\Users\jorge\AppData\Local\Programs\Microsoft VS Code\bin;C:\Users\jorge\.dotnet\tools;C:\Users\jorge\AppData\Roaming\npm;C:\Users\jorge\AppData\Local\GitHubDesktop\bin, OS=Windows_NT, COMPUTERNAME=DESKTOP-U7U4TE6, PROCESSOR_REVISION=9e0d, CLASSPATH=C:\azure-devops\git\eShopOnContainers\src\Web\WebImapClient\Client\server\\gradle\wrapper\gradle-wrapper.jar, CommonProgramW6432=C:\Program Files\Common Files, ComSpec=C:\Windows\system32\cmd.exe, APP_BASE_NAME=gradlew, SystemRoot=C:\Windows, TEMP=C:\Users\jorge\AppData\Local\Temp, HOMEDRIVE=C:, USERPROFILE=C:\Users\jorge, TMP=C:\Users\jorge\AppData\Local\Temp, VS110COMNTOOLS=C:\Program Files (x86)\Microsoft Visual Studio 11.0\Common7\Tools\, CommonProgramFiles(x86)=C:\Program Files (x86)\Common Files, NUMBER_OF_PROCESSORS=12}}]
13:25:58.213 [Test worker] DEBUG org.springframework.web.servlet.mvc.method.annotation.RequestMappingHandlerMapping - Looking for request mappings in application context: org.springframework.test.web.servlet.setup.StubWebApplicationContext@5a530082
13:25:58.216 [Test worker] DEBUG org.springframework.web.servlet.mvc.method.annotation.RequestMappingHandlerMapping - 18 request handler methods found on class com.marcnuri.isotope.api.folder.FolderResource: {public org.springframework.http.ResponseEntity com.marcnuri.isotope.api.folder.FolderResource.getMessage(java.lang.String,java.lang.Long)={[/v1/folders/{folderId}/messages/{messageId}],methods=[GET]}, public org.springframework.http.ResponseEntity com.marcnuri.isotope.api.folder.FolderResource.setMessageFlagged(java.lang.String,java.lang.Long,boolean)={[/v1/folders/{folderId}/messages/{messageId}/flagged],methods=[PUT]}, public org.springframework.http.ResponseEntity com.marcnuri.isotope.api.folder.FolderResource.createChildFolder(java.lang.String,java.lang.String)={[/v1/folders/{folderId}],methods=[POST],produces=[application/hal+json]}, public org.springframework.http.ResponseEntity com.marcnuri.isotope.api.folder.FolderResource.deleteAllFolderMessages(java.lang.String)={[/v1/folders/{folderId}/messages],methods=[DELETE]}, public org.springframework.http.ResponseEntity com.marcnuri.isotope.api.folder.FolderResource.moveFolder(java.lang.String,java.lang.String)={[/v1/folders/{folderId}/parent],methods=[PUT],produces=[application/hal+json]}, public org.springframework.http.ResponseEntity com.marcnuri.isotope.api.folder.FolderResource.getMessageRaw(java.lang.String,java.lang.Long)={[/v1/folders/{folderId}/messages/{messageId}/raw],methods=[GET]}, public org.springframework.http.ResponseEntity com.marcnuri.isotope.api.folder.FolderResource.setMessagesSeen(java.lang.String,java.lang.Boolean,java.util.List)={[/v1/folders/{folderId}/messages/seen/{seen}],methods=[PUT]}, public org.springframework.http.ResponseEntity com.marcnuri.isotope.api.folder.FolderResource.getFolders(java.lang.Boolean)={[/v1/folders],methods=[GET],produces=[application/hal+json]}, public org.springframework.http.ResponseEntity com.marcnuri.isotope.api.folder.FolderResource.createRootFolder(java.lang.String)={[/v1/folders],methods=[POST],produces=[application/hal+json]}, public org.springframework.http.ResponseEntity com.marcnuri.isotope.api.folder.FolderResource.deleteMessages(java.lang.String,java.util.List)={[/v1/folders/{folderId}/messages],methods=[DELETE],params=[id]}, public reactor.core.publisher.Flux com.marcnuri.isotope.api.folder.FolderResource.getMessages(java.lang.String,javax.servlet.http.HttpServletResponse)={[/v1/folders/{folderId}/messages],methods=[GET],produces=[text/event-stream]}, public org.springframework.http.ResponseEntity com.marcnuri.isotope.api.folder.FolderResource.preloadMessages(java.lang.String,java.util.List)={[/v1/folders/{folderId}/messages],methods=[GET]}, public org.springframework.http.ResponseEntity com.marcnuri.isotope.api.folder.FolderResource.getAttachment(java.lang.String,java.lang.Long,java.lang.String,java.lang.Boolean,javax.servlet.http.HttpServletResponse)={[/v1/folders/{folderId}/messages/{messageId}/attachments/{id}],methods=[GET]}, public org.springframework.http.ResponseEntity com.marcnuri.isotope.api.folder.FolderResource.deleteFolder(java.lang.String)={[/v1/folders/{folderId}],methods=[DELETE],produces=[application/hal+json]}, public org.springframework.http.ResponseEntity com.marcnuri.isotope.api.folder.FolderResource.moveMessages(java.lang.String,java.lang.String,java.util.List)={[/v1/folders/{fromFolderId}/messages/folder/{toFolderId}],methods=[PUT]}, public org.springframework.http.ResponseEntity com.marcnuri.isotope.api.folder.FolderResource.renameFolder(java.lang.String,java.lang.String)={[/v1/folders/{folderId}/name],methods=[PUT],produces=[application/hal+json]}, public org.springframework.http.ResponseEntity com.marcnuri.isotope.api.folder.FolderResource.moveMessage(java.lang.String,java.lang.Long,java.lang.String)={[/v1/folders/{fromFolderId}/messages/{messageId}/folder/{toFolderId}],methods=[PUT]}, public org.springframework.http.ResponseEntity com.marcnuri.isotope.api.folder.FolderResource.setMessageSeen(java.lang.String,java.lang.Long,boolean)={[/v1/folders/{folderId}/messages/{messageId}/seen],methods=[PUT]}}
13:25:58.216 [Test worker] INFO org.springframework.web.servlet.mvc.method.annotation.RequestMappingHandlerMapping - Mapped "{[/v1/folders/{folderId}/messages/{messageId}],methods=[GET]}" onto public org.springframework.http.ResponseEntity<com.marcnuri.isotope.api.message.MessageWithFolder> com.marcnuri.isotope.api.folder.FolderResource.getMessage(java.lang.String,java.lang.Long)
13:25:58.216 [Test worker] INFO org.springframework.web.servlet.mvc.method.annotation.RequestMappingHandlerMapping - Mapped "{[/v1/folders/{folderId}/messages/{messageId}/flagged],methods=[PUT]}" onto public org.springframework.http.ResponseEntity<java.lang.Void> com.marcnuri.isotope.api.folder.FolderResource.setMessageFlagged(java.lang.String,java.lang.Long,boolean)
13:25:58.216 [Test worker] INFO org.springframework.web.servlet.mvc.method.annotation.RequestMappingHandlerMapping - Mapped "{[/v1/folders/{folderId}],methods=[POST],produces=[application/hal+json]}" onto public org.springframework.http.ResponseEntity<com.marcnuri.isotope.api.folder.Folder> com.marcnuri.isotope.api.folder.FolderResource.createChildFolder(java.lang.String,java.lang.String)
13:25:58.216 [Test worker] INFO org.springframework.web.servlet.mvc.method.annotation.RequestMappingHandlerMapping - Mapped "{[/v1/folders/{folderId}/messages],methods=[DELETE]}" onto public org.springframework.http.ResponseEntity<com.marcnuri.isotope.api.folder.Folder> com.marcnuri.isotope.api.folder.FolderResource.deleteAllFolderMessages(java.lang.String)
13:25:58.216 [Test worker] INFO org.springframework.web.servlet.mvc.method.annotation.RequestMappingHandlerMapping - Mapped "{[/v1/folders/{folderId}/parent],methods=[PUT],produces=[application/hal+json]}" onto public org.springframework.http.ResponseEntity<com.marcnuri.isotope.api.folder.Folder> com.marcnuri.isotope.api.folder.FolderResource.moveFolder(java.lang.String,java.lang.String)
13:25:58.217 [Test worker] INFO org.springframework.web.servlet.mvc.method.annotation.RequestMappingHandlerMapping - Mapped "{[/v1/folders/{folderId}/messages/{messageId}/raw],methods=[GET]}" onto public org.springframework.http.ResponseEntity<java.lang.String> com.marcnuri.isotope.api.folder.FolderResource.getMessageRaw(java.lang.String,java.lang.Long)
13:25:58.217 [Test worker] INFO org.springframework.web.servlet.mvc.method.annotation.RequestMappingHandlerMapping - Mapped "{[/v1/folders/{folderId}/messages/seen/{seen}],methods=[PUT]}" onto public org.springframework.http.ResponseEntity<java.lang.Void> com.marcnuri.isotope.api.folder.FolderResource.setMessagesSeen(java.lang.String,java.lang.Boolean,java.util.List<java.lang.Long>)
13:25:58.217 [Test worker] INFO org.springframework.web.servlet.mvc.method.annotation.RequestMappingHandlerMapping - Mapped "{[/v1/folders],methods=[GET],produces=[application/hal+json]}" onto public org.springframework.http.ResponseEntity<java.util.List<com.marcnuri.isotope.api.folder.Folder>> com.marcnuri.isotope.api.folder.FolderResource.getFolders(java.lang.Boolean)
13:25:58.217 [Test worker] INFO org.springframework.web.servlet.mvc.method.annotation.RequestMappingHandlerMapping - Mapped "{[/v1/folders],methods=[POST],produces=[application/hal+json]}" onto public org.springframework.http.ResponseEntity<java.util.List<com.marcnuri.isotope.api.folder.Folder>> com.marcnuri.isotope.api.folder.FolderResource.createRootFolder(java.lang.String)
13:25:58.217 [Test worker] INFO org.springframework.web.servlet.mvc.method.annotation.RequestMappingHandlerMapping - Mapped "{[/v1/folders/{folderId}/messages],methods=[DELETE],params=[id]}" onto public org.springframework.http.ResponseEntity<com.marcnuri.isotope.api.folder.Folder> com.marcnuri.isotope.api.folder.FolderResource.deleteMessages(java.lang.String,java.util.List<java.lang.Long>)
13:25:58.217 [Test worker] INFO org.springframework.web.servlet.mvc.method.annotation.RequestMappingHandlerMapping - Mapped "{[/v1/folders/{folderId}/messages],methods=[GET],produces=[text/event-stream]}" onto public reactor.core.publisher.Flux<org.springframework.http.codec.ServerSentEvent<java.util.List<com.marcnuri.isotope.api.message.Message>>> com.marcnuri.isotope.api.folder.FolderResource.getMessages(java.lang.String,javax.servlet.http.HttpServletResponse)
13:25:58.218 [Test worker] INFO org.springframework.web.servlet.mvc.method.annotation.RequestMappingHandlerMapping - Mapped "{[/v1/folders/{folderId}/messages],methods=[GET]}" onto public org.springframework.http.ResponseEntity<java.util.List<com.marcnuri.isotope.api.message.Message>> com.marcnuri.isotope.api.folder.FolderResource.preloadMessages(java.lang.String,java.util.List<java.lang.Long>)
13:25:58.218 [Test worker] INFO org.springframework.web.servlet.mvc.method.annotation.RequestMappingHandlerMapping - Mapped "{[/v1/folders/{folderId}/messages/{messageId}/attachments/{id}],methods=[GET]}" onto public org.springframework.http.ResponseEntity<java.lang.Void> com.marcnuri.isotope.api.folder.FolderResource.getAttachment(java.lang.String,java.lang.Long,java.lang.String,java.lang.Boolean,javax.servlet.http.HttpServletResponse)
13:25:58.218 [Test worker] INFO org.springframework.web.servlet.mvc.method.annotation.RequestMappingHandlerMapping - Mapped "{[/v1/folders/{folderId}],methods=[DELETE],produces=[application/hal+json]}" onto public org.springframework.http.ResponseEntity<com.marcnuri.isotope.api.folder.Folder> com.marcnuri.isotope.api.folder.FolderResource.deleteFolder(java.lang.String)
13:25:58.218 [Test worker] INFO org.springframework.web.servlet.mvc.method.annotation.RequestMappingHandlerMapping - Mapped "{[/v1/folders/{fromFolderId}/messages/folder/{toFolderId}],methods=[PUT]}" onto public org.springframework.http.ResponseEntity<java.util.List<com.marcnuri.isotope.api.message.MessageWithFolder>> com.marcnuri.isotope.api.folder.FolderResource.moveMessages(java.lang.String,java.lang.String,java.util.List<java.lang.Long>)
13:25:58.218 [Test worker] INFO org.springframework.web.servlet.mvc.method.annotation.RequestMappingHandlerMapping - Mapped "{[/v1/folders/{folderId}/name],methods=[PUT],produces=[application/hal+json]}" onto public org.springframework.http.ResponseEntity<com.marcnuri.isotope.api.folder.Folder> com.marcnuri.isotope.api.folder.FolderResource.renameFolder(java.lang.String,java.lang.String)
13:25:58.218 [Test worker] INFO org.springframework.web.servlet.mvc.method.annotation.RequestMappingHandlerMapping - Mapped "{[/v1/folders/{fromFolderId}/messages/{messageId}/folder/{toFolderId}],methods=[PUT]}" onto public org.springframework.http.ResponseEntity<java.util.List<com.marcnuri.isotope.api.message.MessageWithFolder>> com.marcnuri.isotope.api.folder.FolderResource.moveMessage(java.lang.String,java.lang.Long,java.lang.String)
13:25:58.218 [Test worker] INFO org.springframework.web.servlet.mvc.method.annotation.RequestMappingHandlerMapping - Mapped "{[/v1/folders/{folderId}/messages/{messageId}/seen],methods=[PUT]}" onto public org.springframework.http.ResponseEntity<java.lang.Void> com.marcnuri.isotope.api.folder.FolderResource.setMessageSeen(java.lang.String,java.lang.Long,boolean)
13:25:58.224 [Test worker] DEBUG org.hibernate.validator.internal.engine.resolver.TraversableResolvers - Cannot find javax.persistence.Persistence on classpath. Assuming non JPA 2 environment. All properties will per default be traversable.
13:25:58.224 [Test worker] DEBUG org.hibernate.validator.messageinterpolation.ResourceBundleMessageInterpolator - Loaded expression factory via original TCCL
13:25:58.224 [Test worker] DEBUG org.hibernate.validator.internal.engine.ConfigurationImpl - Setting custom MessageInterpolator of type org.springframework.validation.beanvalidation.LocaleContextMessageInterpolator
13:25:58.224 [Test worker] DEBUG org.hibernate.validator.internal.engine.ConfigurationImpl - Setting custom ParameterNameProvider of type org.springframework.validation.beanvalidation.LocalValidatorFactoryBean$1
13:25:58.224 [Test worker] DEBUG org.hibernate.validator.internal.xml.config.ValidationXmlParser - Trying to load META-INF/validation.xml for XML based Validator configuration.
13:25:58.225 [Test worker] DEBUG org.hibernate.validator.internal.xml.config.ResourceLoaderHelper - Trying to load META-INF/validation.xml via TCCL
13:25:58.225 [Test worker] DEBUG org.hibernate.validator.internal.xml.config.ResourceLoaderHelper - Trying to load META-INF/validation.xml via Hibernate Validator's class loader
13:25:58.225 [Test worker] DEBUG org.hibernate.validator.internal.xml.config.ValidationXmlParser - No META-INF/validation.xml found. Using annotation based configuration only.
13:25:58.230 [Test worker] DEBUG org.hibernate.validator.internal.engine.ValidatorFactoryImpl - HV000234: Using org.springframework.validation.beanvalidation.LocaleContextMessageInterpolator as ValidatorFactory-scoped message interpolator.
13:25:58.230 [Test worker] DEBUG org.hibernate.validator.internal.engine.ValidatorFactoryImpl - HV000234: Using org.hibernate.validator.internal.engine.resolver.TraverseAllTraversableResolver as ValidatorFactory-scoped traversable resolver.
13:25:58.230 [Test worker] DEBUG org.hibernate.validator.internal.engine.ValidatorFactoryImpl - HV000234: Using org.hibernate.validator.internal.util.ExecutableParameterNameProvider as ValidatorFactory-scoped parameter name provider.
13:25:58.230 [Test worker] DEBUG org.hibernate.validator.internal.engine.ValidatorFactoryImpl - HV000234: Using org.hibernate.validator.internal.engine.DefaultClockProvider as ValidatorFactory-scoped clock provider.
13:25:58.230 [Test worker] DEBUG org.hibernate.validator.internal.engine.ValidatorFactoryImpl - HV000234: Using org.hibernate.validator.internal.engine.scripting.DefaultScriptEvaluatorFactory as ValidatorFactory-scoped script evaluator factory.
13:25:58.231 [Test worker] INFO org.springframework.web.servlet.mvc.method.annotation.RequestMappingHandlerAdapter - Looking for @ControllerAdvice: org.springframework.test.web.servlet.setup.StubWebApplicationContext@5a530082
13:25:58.233 [Test worker] DEBUG org.springframework.web.servlet.mvc.method.annotation.ExceptionHandlerExceptionResolver - Looking for exception mappings: org.springframework.test.web.servlet.setup.StubWebApplicationContext@5a530082
13:25:58.233 [Test worker] DEBUG org.springframework.test.web.servlet.TestDispatcherServlet - Initializing servlet ''
13:25:58.233 [Test worker] INFO org.springframework.mock.web.MockServletContext - Initializing Spring FrameworkServlet ''
13:25:58.233 [Test worker] INFO org.springframework.test.web.servlet.TestDispatcherServlet - FrameworkServlet '': initialization started
13:25:58.233 [Test worker] DEBUG org.springframework.test.web.servlet.TestDispatcherServlet - Unable to locate MultipartResolver with name 'multipartResolver': no multipart request handling provided
13:25:58.233 [Test worker] DEBUG org.springframework.test.web.servlet.TestDispatcherServlet - Using LocaleResolver [org.springframework.web.servlet.i18n.AcceptHeaderLocaleResolver@6c04d607]
13:25:58.233 [Test worker] DEBUG org.springframework.test.web.servlet.TestDispatcherServlet - Using ThemeResolver [org.springframework.web.servlet.theme.FixedThemeResolver@3b787f59]
13:25:58.233 [Test worker] DEBUG org.springframework.test.web.servlet.TestDispatcherServlet - Using RequestToViewNameTranslator [org.springframework.web.servlet.view.DefaultRequestToViewNameTranslator@7b272933]
13:25:58.233 [Test worker] DEBUG org.springframework.test.web.servlet.TestDispatcherServlet - Using FlashMapManager [org.springframework.web.servlet.support.SessionFlashMapManager@ba4ca20]
13:25:58.233 [Test worker] DEBUG org.springframework.test.web.servlet.TestDispatcherServlet - Published WebApplicationContext of servlet '' as ServletContext attribute with name [org.springframework.web.servlet.FrameworkServlet.CONTEXT.]
13:25:58.234 [Test worker] INFO org.springframework.test.web.servlet.TestDispatcherServlet - FrameworkServlet '': initialization completed in 0 ms
13:25:58.234 [Test worker] DEBUG org.springframework.test.web.servlet.TestDispatcherServlet - Servlet '' configured successfully
13:25:58.234 [Test worker] DEBUG org.springframework.test.web.servlet.TestDispatcherServlet - DispatcherServlet with name '' processing GET request for [/v1/folders/MTMzNw==/messages/1337]
13:25:58.234 [Test worker] DEBUG org.springframework.web.servlet.mvc.method.annotation.RequestMappingHandlerMapping - Looking up handler method for path /v1/folders/MTMzNw==/messages/1337
13:25:58.235 [Test worker] DEBUG org.springframework.web.servlet.mvc.method.annotation.RequestMappingHandlerMapping - Returning handler method [public org.springframework.http.ResponseEntity<com.marcnuri.isotope.api.message.MessageWithFolder> com.marcnuri.isotope.api.folder.FolderResource.getMessage(java.lang.String,java.lang.Long)]
13:25:58.235 [Test worker] DEBUG org.springframework.test.web.servlet.TestDispatcherServlet - Last-Modified value for [/v1/folders/MTMzNw==/messages/1337] is: -1
13:25:58.236 [Test worker] DEBUG com.marcnuri.isotope.api.folder.FolderResource - Loading message 1337 from folder MTMzNw==
13:25:58.236 [Test worker] DEBUG org.springframework.beans.factory.support.DefaultListableBeanFactory - Returning cached instance of singleton bean 'prototypeImapService'
13:25:58.250 [Test worker] DEBUG org.springframework.web.servlet.mvc.method.annotation.HttpEntityMethodProcessor - Written [links: []] as "application/hal+json" using [org.springframework.http.converter.json.MappingJackson2HttpMessageConverter@7f69d7bd]
13:25:58.251 [Test worker] DEBUG org.springframework.test.web.servlet.TestDispatcherServlet - Null ModelAndView returned to DispatcherServlet with name '': assuming HandlerAdapter completed request handling
13:25:58.251 [Test worker] DEBUG org.springframework.test.web.servlet.TestDispatcherServlet - Successfully completed request
13:25:58.251 [Test worker] DEBUG com.jayway.jsonpath.internal.path.CompiledPath - Evaluating path: $['uid']
13:25:58.251 [Test worker] DEBUG com.jayway.jsonpath.internal.path.CompiledPath - Evaluating path: $['uid']
13:25:58.251 [Test worker] DEBUG com.jayway.jsonpath.internal.path.CompiledPath - Evaluating path: $['subject']
13:25:58.252 [Test worker] DEBUG com.jayway.jsonpath.internal.path.CompiledPath - Evaluating path: $['folder']['folderId']
13:25:58.252 [Test worker] DEBUG org.springframework.test.context.cache.DefaultCacheAwareContextLoaderDelegate - Retrieved ApplicationContext from cache with key [[MergedContextConfiguration@6692e92d testClass = FolderResourceTest, locations = '{}', classes = '{class com.marcnuri.isotope.api.folder.FolderResource}', contextInitializerClasses = '[]', activeProfiles = '{}', propertySourceLocations = '{}', propertySourceProperties = '{}', contextCustomizers = set[org.springframework.boot.test.autoconfigure.properties.PropertyMappingContextCustomizer@0, org.springframework.boot.test.autoconfigure.web.servlet.WebDriverContextCustomizerFactory$Customizer@2dc9ad67, org.springframework.boot.test.context.filter.ExcludeFilterContextCustomizer@7975bbf7, org.springframework.boot.test.json.DuplicateJsonObjectContextCustomizerFactory$DuplicateJsonObjectContextCustomizer@2dd9ed03, org.springframework.boot.test.mock.mockito.MockitoContextCustomizer@570072aa], contextLoader = 'org.springframework.test.context.support.DelegatingSmartContextLoader', parent = [null]]]
13:25:58.252 [Test worker] DEBUG org.springframework.test.context.cache - Spring test ApplicationContext cache statistics: [DefaultContextCache@10c13e31 size = 2, maxSize = 32, parentContextCount = 0, hitCount = 98, missCount = 2]
13:25:58.252 [Test worker] DEBUG org.springframework.beans.factory.support.DefaultListableBeanFactory - Returning cached instance of singleton bean 'org.springframework.boot.test.mock.mockito.MockitoBeans'
13:25:58.252 [Test worker] DEBUG org.springframework.test.context.cache.DefaultCacheAwareContextLoaderDelegate - Retrieved ApplicationContext from cache with key [[MergedContextConfiguration@6692e92d testClass = FolderResourceTest, locations = '{}', classes = '{class com.marcnuri.isotope.api.folder.FolderResource}', contextInitializerClasses = '[]', activeProfiles = '{}', propertySourceLocations = '{}', propertySourceProperties = '{}', contextCustomizers = set[org.springframework.boot.test.autoconfigure.properties.PropertyMappingContextCustomizer@0, org.springframework.boot.test.autoconfigure.web.servlet.WebDriverContextCustomizerFactory$Customizer@2dc9ad67, org.springframework.boot.test.context.filter.ExcludeFilterContextCustomizer@7975bbf7, org.springframework.boot.test.json.DuplicateJsonObjectContextCustomizerFactory$DuplicateJsonObjectContextCustomizer@2dd9ed03, org.springframework.boot.test.mock.mockito.MockitoContextCustomizer@570072aa], contextLoader = 'org.springframework.test.context.support.DelegatingSmartContextLoader', parent = [null]]]
13:25:58.252 [Test worker] DEBUG org.springframework.test.context.cache - Spring test ApplicationContext cache statistics: [DefaultContextCache@10c13e31 size = 2, maxSize = 32, parentContextCount = 0, hitCount = 99, missCount = 2]
13:25:58.252 [Test worker] DEBUG org.springframework.test.context.cache.DefaultCacheAwareContextLoaderDelegate - Retrieved ApplicationContext from cache with key [[MergedContextConfiguration@6692e92d testClass = FolderResourceTest, locations = '{}', classes = '{class com.marcnuri.isotope.api.folder.FolderResource}', contextInitializerClasses = '[]', activeProfiles = '{}', propertySourceLocations = '{}', propertySourceProperties = '{}', contextCustomizers = set[org.springframework.boot.test.autoconfigure.properties.PropertyMappingContextCustomizer@0, org.springframework.boot.test.autoconfigure.web.servlet.WebDriverContextCustomizerFactory$Customizer@2dc9ad67, org.springframework.boot.test.context.filter.ExcludeFilterContextCustomizer@7975bbf7, org.springframework.boot.test.json.DuplicateJsonObjectContextCustomizerFactory$DuplicateJsonObjectContextCustomizer@2dd9ed03, org.springframework.boot.test.mock.mockito.MockitoContextCustomizer@570072aa], contextLoader = 'org.springframework.test.context.support.DelegatingSmartContextLoader', parent = [null]]]
13:25:58.252 [Test worker] DEBUG org.springframework.test.context.cache - Spring test ApplicationContext cache statistics: [DefaultContextCache@10c13e31 size = 2, maxSize = 32, parentContextCount = 0, hitCount = 100, missCount = 2]
13:25:58.253 [Test worker] DEBUG reactor.core.publisher.Hooks - Reset to factory defaults : onLastOperator
13:25:58.253 [Test worker] DEBUG org.springframework.test.context.support.AbstractDirtiesContextTestExecutionListener - After test method: context [DefaultTestContext@2ff6fc48 testClass = FolderResourceTest, testInstance = com.marcnuri.isotope.api.folder.FolderResourceTest@66555523, testMethod = getMessage_validFolderAndMessageIds_shouldReturnOk@FolderResourceTest, testException = [null], mergedContextConfiguration = [MergedContextConfiguration@6692e92d testClass = FolderResourceTest, locations = '{}', classes = '{class com.marcnuri.isotope.api.folder.FolderResource}', contextInitializerClasses = '[]', activeProfiles = '{}', propertySourceLocations = '{}', propertySourceProperties = '{}', contextCustomizers = set[org.springframework.boot.test.autoconfigure.properties.PropertyMappingContextCustomizer@0, org.springframework.boot.test.autoconfigure.web.servlet.WebDriverContextCustomizerFactory$Customizer@2dc9ad67, org.springframework.boot.test.context.filter.ExcludeFilterContextCustomizer@7975bbf7, org.springframework.boot.test.json.DuplicateJsonObjectContextCustomizerFactory$DuplicateJsonObjectContextCustomizer@2dd9ed03, org.springframework.boot.test.mock.mockito.MockitoContextCustomizer@570072aa], contextLoader = 'org.springframework.test.context.support.DelegatingSmartContextLoader', parent = [null]], attributes = map[[empty]]], class annotated with @DirtiesContext [false] with mode [null], method annotated with @DirtiesContext [false] with mode [null].
13:25:58.254 [Test worker] DEBUG org.springframework.test.annotation.ProfileValueUtils - Retrieved @ProfileValueSourceConfiguration [null] for test class [com.marcnuri.isotope.api.folder.FolderResourceTest]
13:25:58.254 [Test worker] DEBUG org.springframework.test.annotation.ProfileValueUtils - Retrieved ProfileValueSource type [class org.springframework.test.annotation.SystemProfileValueSource] for class [com.marcnuri.isotope.api.folder.FolderResourceTest]
13:25:58.254 [Test worker] DEBUG org.springframework.test.context.cache.DefaultCacheAwareContextLoaderDelegate - Retrieved ApplicationContext from cache with key [[MergedContextConfiguration@6692e92d testClass = FolderResourceTest, locations = '{}', classes = '{class com.marcnuri.isotope.api.folder.FolderResource}', contextInitializerClasses = '[]', activeProfiles = '{}', propertySourceLocations = '{}', propertySourceProperties = '{}', contextCustomizers = set[org.springframework.boot.test.autoconfigure.properties.PropertyMappingContextCustomizer@0, org.springframework.boot.test.autoconfigure.web.servlet.WebDriverContextCustomizerFactory$Customizer@2dc9ad67, org.springframework.boot.test.context.filter.ExcludeFilterContextCustomizer@7975bbf7, org.springframework.boot.test.json.DuplicateJsonObjectContextCustomizerFactory$DuplicateJsonObjectContextCustomizer@2dd9ed03, org.springframework.boot.test.mock.mockito.MockitoContextCustomizer@570072aa], contextLoader = 'org.springframework.test.context.support.DelegatingSmartContextLoader', parent = [null]]]
13:25:58.254 [Test worker] DEBUG org.springframework.test.context.cache - Spring test ApplicationContext cache statistics: [DefaultContextCache@10c13e31 size = 2, maxSize = 32, parentContextCount = 0, hitCount = 101, missCount = 2]
13:25:58.254 [Test worker] DEBUG org.springframework.beans.factory.support.DefaultListableBeanFactory - Returning cached instance of singleton bean 'org.springframework.boot.test.mock.mockito.MockitoPostProcessor'
13:25:58.254 [Test worker] DEBUG org.springframework.beans.factory.support.DefaultListableBeanFactory - Returning cached instance of singleton bean 'prototypeImapService'
13:25:58.254 [Test worker] DEBUG org.springframework.test.context.support.DependencyInjectionTestExecutionListener - Performing dependency injection for test context [[DefaultTestContext@2ff6fc48 testClass = FolderResourceTest, testInstance = com.marcnuri.isotope.api.folder.FolderResourceTest@675b768a, testMethod = [null], testException = [null], mergedContextConfiguration = [MergedContextConfiguration@6692e92d testClass = FolderResourceTest, locations = '{}', classes = '{class com.marcnuri.isotope.api.folder.FolderResource}', contextInitializerClasses = '[]', activeProfiles = '{}', propertySourceLocations = '{}', propertySourceProperties = '{}', contextCustomizers = set[org.springframework.boot.test.autoconfigure.properties.PropertyMappingContextCustomizer@0, org.springframework.boot.test.autoconfigure.web.servlet.WebDriverContextCustomizerFactory$Customizer@2dc9ad67, org.springframework.boot.test.context.filter.ExcludeFilterContextCustomizer@7975bbf7, org.springframework.boot.test.json.DuplicateJsonObjectContextCustomizerFactory$DuplicateJsonObjectContextCustomizer@2dd9ed03, org.springframework.boot.test.mock.mockito.MockitoContextCustomizer@570072aa], contextLoader = 'org.springframework.test.context.support.DelegatingSmartContextLoader', parent = [null]], attributes = map[[empty]]]].
13:25:58.254 [Test worker] DEBUG org.springframework.test.context.cache.DefaultCacheAwareContextLoaderDelegate - Retrieved ApplicationContext from cache with key [[MergedContextConfiguration@6692e92d testClass = FolderResourceTest, locations = '{}', classes = '{class com.marcnuri.isotope.api.folder.FolderResource}', contextInitializerClasses = '[]', activeProfiles = '{}', propertySourceLocations = '{}', propertySourceProperties = '{}', contextCustomizers = set[org.springframework.boot.test.autoconfigure.properties.PropertyMappingContextCustomizer@0, org.springframework.boot.test.autoconfigure.web.servlet.WebDriverContextCustomizerFactory$Customizer@2dc9ad67, org.springframework.boot.test.context.filter.ExcludeFilterContextCustomizer@7975bbf7, org.springframework.boot.test.json.DuplicateJsonObjectContextCustomizerFactory$DuplicateJsonObjectContextCustomizer@2dd9ed03, org.springframework.boot.test.mock.mockito.MockitoContextCustomizer@570072aa], contextLoader = 'org.springframework.test.context.support.DelegatingSmartContextLoader', parent = [null]]]
13:25:58.254 [Test worker] DEBUG org.springframework.test.context.cache - Spring test ApplicationContext cache statistics: [DefaultContextCache@10c13e31 size = 2, maxSize = 32, parentContextCount = 0, hitCount = 102, missCount = 2]
13:25:58.254 [Test worker] DEBUG org.springframework.beans.factory.annotation.InjectionMetadata - Processing injected element of bean 'com.marcnuri.isotope.api.folder.FolderResourceTest': AutowiredFieldElement for private com.marcnuri.isotope.api.folder.FolderResource com.marcnuri.isotope.api.folder.FolderResourceTest.folderResource
13:25:58.255 [Test worker] DEBUG org.springframework.beans.factory.support.DefaultListableBeanFactory - Returning cached instance of singleton bean 'folderResource'
13:25:58.255 [Test worker] DEBUG org.springframework.test.context.support.AbstractDirtiesContextTestExecutionListener - Before test method: context [DefaultTestContext@2ff6fc48 testClass = FolderResourceTest, testInstance = com.marcnuri.isotope.api.folder.FolderResourceTest@675b768a, testMethod = moveFolder_validFolderAndNullBody_shouldReturnOk_movesTargetToRoot@FolderResourceTest, testException = [null], mergedContextConfiguration = [MergedContextConfiguration@6692e92d testClass = FolderResourceTest, locations = '{}', classes = '{class com.marcnuri.isotope.api.folder.FolderResource}', contextInitializerClasses = '[]', activeProfiles = '{}', propertySourceLocations = '{}', propertySourceProperties = '{}', contextCustomizers = set[org.springframework.boot.test.autoconfigure.properties.PropertyMappingContextCustomizer@0, org.springframework.boot.test.autoconfigure.web.servlet.WebDriverContextCustomizerFactory$Customizer@2dc9ad67, org.springframework.boot.test.context.filter.ExcludeFilterContextCustomizer@7975bbf7, org.springframework.boot.test.json.DuplicateJsonObjectContextCustomizerFactory$DuplicateJsonObjectContextCustomizer@2dd9ed03, org.springframework.boot.test.mock.mockito.MockitoContextCustomizer@570072aa], contextLoader = 'org.springframework.test.context.support.DelegatingSmartContextLoader', parent = [null]], attributes = map[[empty]]], class annotated with @DirtiesContext [false] with mode [null], method annotated with @DirtiesContext [false] with mode [null].
13:25:58.255 [Test worker] DEBUG reactor.core.publisher.Hooks - Hooking onLastOperator: reactor.core.publisher.Operators$LiftFunction@135960d8
13:25:58.256 [Test worker] DEBUG org.springframework.test.context.cache.DefaultCacheAwareContextLoaderDelegate - Retrieved ApplicationContext from cache with key [[MergedContextConfiguration@6692e92d testClass = FolderResourceTest, locations = '{}', classes = '{class com.marcnuri.isotope.api.folder.FolderResource}', contextInitializerClasses = '[]', activeProfiles = '{}', propertySourceLocations = '{}', propertySourceProperties = '{}', contextCustomizers = set[org.springframework.boot.test.autoconfigure.properties.PropertyMappingContextCustomizer@0, org.springframework.boot.test.autoconfigure.web.servlet.WebDriverContextCustomizerFactory$Customizer@2dc9ad67, org.springframework.boot.test.context.filter.ExcludeFilterContextCustomizer@7975bbf7, org.springframework.boot.test.json.DuplicateJsonObjectContextCustomizerFactory$DuplicateJsonObjectContextCustomizer@2dd9ed03, org.springframework.boot.test.mock.mockito.MockitoContextCustomizer@570072aa], contextLoader = 'org.springframework.test.context.support.DelegatingSmartContextLoader', parent = [null]]]
13:25:58.256 [Test worker] DEBUG org.springframework.test.context.cache - Spring test ApplicationContext cache statistics: [DefaultContextCache@10c13e31 size = 2, maxSize = 32, parentContextCount = 0, hitCount = 103, missCount = 2]
13:25:58.256 [Test worker] DEBUG org.springframework.beans.factory.support.DefaultListableBeanFactory - Returning cached instance of singleton bean 'org.springframework.boot.test.mock.mockito.MockitoBeans'
13:25:58.256 [Test worker] DEBUG org.springframework.core.env.StandardEnvironment - Adding PropertySource 'systemProperties' with lowest search precedence
13:25:58.256 [Test worker] DEBUG org.springframework.core.env.StandardEnvironment - Adding PropertySource 'systemEnvironment' with lowest search precedence
13:25:58.256 [Test worker] DEBUG org.springframework.core.env.StandardEnvironment - Initialized StandardEnvironment with PropertySources [MapPropertySource@1448917413 {name='systemProperties', properties={java.runtime.name=OpenJDK Runtime Environment, sun.boot.library.path=C:\Program Files\AdoptOpenJDK\jdk-8.0.242.08-hotspot\jre\bin, java.vm.version=25.242-b08, java.vm.vendor=, java.vendor.url=http://java.oracle.com/, path.separator=;, java.vm.name=OpenJDK 64-Bit Server VM, file.encoding.pkg=sun.io, user.script=, sun.java.launcher=SUN_STANDARD, user.country=GB, sun.os.patch.level=, java.vm.specification.name=Java Virtual Machine Specification, user.dir=C:\azure-devops\git\eShopOnContainers\src\Web\WebImapClient\Client\server, java.runtime.version=1.8.0_242-b08, java.awt.graphicsenv=sun.awt.Win32GraphicsEnvironment, java.endorsed.dirs=C:\Program Files\AdoptOpenJDK\jdk-8.0.242.08-hotspot\jre\lib\endorsed, os.arch=amd64, java.io.tmpdir=C:\Users\jorge\AppData\Local\Temp\, line.separator=
, java.vm.specification.vendor=Oracle Corporation, user.variant=, os.name=Windows 10, sun.jnu.encoding=Cp1252, java.library.path=C:\Program Files\AdoptOpenJDK\jdk-8.0.242.08-hotspot\bin;C:\Windows\Sun\Java\bin;C:\Windows\system32;C:\Windows;C:\Program Files\AdoptOpenJDK\jdk-8.0.242.08-hotspot\bin;C:\Program Files (x86)\Common Files\Oracle\Java\javapath;C:\Python27\;C:\Python27\Scripts;C:\ProgramData\DockerDesktop\version-bin;C:\Program Files\Docker\Docker\Resources\bin;C:\Windows\system32;C:\Windows;C:\Windows\System32\Wbem;C:\Windows\System32\WindowsPowerShell\v1.0\;C:\Windows\System32\OpenSSH\;C:\Program Files (x86)\NVIDIA Corporation\PhysX\Common;C:\Program Files\dotnet\;C:\Program Files\Microsoft SQL Server\130\Tools\Binn\;C:\Program Files\Microsoft SQL Server\Client SDK\ODBC\170\Tools\Binn\;C:\Program Files (x86)\Microsoft SQL Server\150\DTS\Binn\;C:\Program Files\Git\cmd;C:\Program Files (x86)\Microsoft ASP.NET\ASP.NET Web Pages\v1.0\;C:\Program Files\Microsoft SQL Server\110\Tools\Binn\;C:\Windows\system32\config\systemprofile\.dnx\bin;C:\Program Files\Microsoft DNX\Dnvm\;C:\Program Files\nodejs\;C:\ProgramData\chocolatey\bin;C:\Program Files\Microsoft\Web Platform Installer\;C:\Users\jorge\AppData\Local\Microsoft\WindowsApps;C:\Users\jorge\AppData\Local\Programs\Microsoft VS Code\bin;C:\Users\jorge\.dotnet\tools;C:\Users\jorge\AppData\Roaming\npm;C:\Users\jorge\AppData\Local\GitHubDesktop\bin;., java.specification.name=Java Platform API Specification, java.class.version=52.0, org.gradle.native=false, sun.management.compiler=HotSpot 64-Bit Tiered Compilers, os.version=10.0, user.home=C:\Users\jorge, user.timezone=Europe/Paris, java.awt.printerjob=sun.awt.windows.WPrinterJob, file.encoding=windows-1252, java.specification.version=1.8, java.class.path=C:\azure-devops\git\eShopOnContainers\src\Web\WebImapClient\Client\server\build\classes\java\test;C:\azure-devops\git\eShopOnContainers\src\Web\WebImapClient\Client\server\build\resources\test;C:\azure-devops\git\eShopOnContainers\src\Web\WebImapClient\Client\server\build\classes\java\main;C:\azure-devops\git\eShopOnContainers\src\Web\WebImapClient\Client\server\build\resources\main;C:\Users\jorge\.gradle\caches\modules-2\files-2.1\org.springframework.boot\spring-boot-starter-actuator\2.0.4.RELEASE\24e901473279d9c18e0a0f8037d58b18c8297dca\spring-boot-starter-actuator-2.0.4.RELEASE.jar;C:\Users\jorge\.gradle\caches\modules-2\files-2.1\org.springframework.boot\spring-boot-starter-security\2.0.4.RELEASE\2ac314e5985fd9ae0d2acaea450f4f6c3dbd7f92\spring-boot-starter-security-2.0.4.RELEASE.jar;C:\Users\jorge\.gradle\caches\modules-2\files-2.1\org.springframework.boot\spring-boot-starter-webflux\2.0.4.RELEASE\a52fcd02fb6129e14f2b4b36acc5748368563c93\spring-boot-starter-webflux-2.0.4.RELEASE.jar;C:\Users\jorge\.gradle\caches\modules-2\files-2.1\org.springframework.boot\spring-boot-starter-test\2.0.4.RELEASE\8f473705d2742b669f0318f10a956f94a93ba3d2\spring-boot-starter-test-2.0.4.RELEASE.jar;C:\Users\jorge\.gradle\caches\modules-2\files-2.1\org.springframework.boot\spring-boot-starter-hateoas\2.0.4.RELEASE\2f115bebeffea81859c6d874457fa8db16b10747\spring-boot-starter-hateoas-2.0.4.RELEASE.jar;C:\Users\jorge\.gradle\caches\modules-2\files-2.1\org.springframework.boot\spring-boot-starter-web\2.0.4.RELEASE\98d49e981ecf804da877d84259b7b0d1ec2fb6f6\spring-boot-starter-web-2.0.4.RELEASE.jar;C:\Users\jorge\.gradle\caches\modules-2\files-2.1\org.springframework.boot\spring-boot-starter-json\2.0.4.RELEASE\c7afabf0d7c85db178da4ce0634e3bd2ddb0eb71\spring-boot-starter-json-2.0.4.RELEASE.jar;C:\Users\jorge\.gradle\caches\modules-2\files-2.1\org.springframework.boot\spring-boot-starter\2.0.4.RELEASE\ec46c63a2adeee40058eff1a6baefca13975dc94\spring-boot-starter-2.0.4.RELEASE.jar;C:\Users\jorge\.gradle\caches\modules-2\files-2.1\com.sun.mail\javax.mail\1.6.1\757ba4630692bb2a1ec2d9d57a616b63f15e947e\javax.mail-1.6.1.jar;C:\Users\jorge\.gradle\caches\modules-2\files-2.1\org.springframework.boot\spring-boot-actuator-autoconfigure\2.0.4.RELEASE\2cadc1d20a1f9ee667a608cfee154138e954f5f2\spring-boot-actuator-autoconfigure-2.0.4.RELEASE.jar;C:\Users\jorge\.gradle\caches\modules-2\files-2.1\com.fasterxml.jackson.datatype\jackson-datatype-jsr310\2.9.6\ea54f6193d224e5e5732bbd4262327eb465397c2\jackson-datatype-jsr310-2.9.6.jar;C:\Users\jorge\.gradle\caches\modules-2\files-2.1\commons-io\commons-io\2.6\815893df5f31da2ece4040fe0a12fd44b577afaf\commons-io-2.6.jar;C:\Users\jorge\.gradle\caches\modules-2\files-2.1\org.springframework.security\spring-security-test\5.0.7.RELEASE\a74c9ab10d53baa3bb7a731753fe0c6d9ab9d848\spring-security-test-5.0.7.RELEASE.jar;C:\Users\jorge\.gradle\caches\modules-2\files-2.1\com.marcnuri\spring-common-test\0.0.2\da9c2c5e849c7dcbbe99d190bedffa5e6fe450a5\spring-common-test-0.0.2.jar;C:\Users\jorge\.gradle\caches\modules-2\files-2.1\org.hamcrest\java-hamcrest\2.0.0.0\f1c8853ade0ecf707f5a261c830e98893983813\java-hamcrest-2.0.0.0.jar;C:\Users\jorge\.gradle\caches\modules-2\files-2.1\org.powermock\powermock-module-junit4\2.0.0-RC.3\b9a04b492e2b93e93617ba457f76aebbf00fc221\powermock-module-junit4-2.0.0-RC.3.jar;C:\Users\jorge\.gradle\caches\modules-2\files-2.1\org.powermock\powermock-api-mockito2\2.0.0-RC.3\f85a8404be063ef15c5fdd3745b11d2fba875fcd\powermock-api-mockito2-2.0.0-RC.3.jar;C:\Users\jorge\.gradle\caches\modules-2\files-2.1\org.springframework.boot\spring-boot-test-autoconfigure\2.0.4.RELEASE\8a2e3f31e607fdb08deda2f59263ce177f1c4310\spring-boot-test-autoconfigure-2.0.4.RELEASE.jar;C:\Users\jorge\.gradle\caches\modules-2\files-2.1\org.springframework.boot\spring-boot-test\2.0.4.RELEASE\8a17fc3cf16b6d75f2ba132ade04409a670095de\spring-boot-test-2.0.4.RELEASE.jar;C:\Users\jorge\.gradle\caches\modules-2\files-2.1\org.springframework.boot\spring-boot-autoconfigure\2.0.4.RELEASE\65cd1244d606acc02ab7bfc47a203a3fe2400dda\spring-boot-autoconfigure-2.0.4.RELEASE.jar;C:\Users\jorge\.gradle\caches\modules-2\files-2.1\org.springframework.boot\spring-boot-actuator\2.0.4.RELEASE\9c02c968eb50a7cdc14fc4c7b586d767df6dc48d\spring-boot-actuator-2.0.4.RELEASE.jar;C:\Users\jorge\.gradle\caches\modules-2\files-2.1\org.springframework.boot\spring-boot\2.0.4.RELEASE\c8619c5b06d4dcdb4cac1e5e9c839e6e8b1c8574\spring-boot-2.0.4.RELEASE.jar;C:\Users\jorge\.gradle\caches\modules-2\files-2.1\org.springframework.boot\spring-boot-starter-logging\2.0.4.RELEASE\dcd1a2c431c970f44adae64d9145133979a513ab\spring-boot-starter-logging-2.0.4.RELEASE.jar;C:\Users\jorge\.gradle\caches\modules-2\files-2.1\org.springframework.boot\spring-boot-starter-tomcat\2.0.4.RELEASE\dcf28989a34b0801fea0e810c371fb9dab1e7784\spring-boot-starter-tomcat-2.0.4.RELEASE.jar;C:\Users\jorge\.gradle\caches\modules-2\files-2.1\javax.annotation\javax.annotation-api\1.3.2\934c04d3cfef185a8008e7bf34331b79730a9d43\javax.annotation-api-1.3.2.jar;C:\Users\jorge\.gradle\caches\modules-2\files-2.1\org.springframework.security\spring-security-config\5.0.7.RELEASE\d702e01048687db4ec6c97fb32d28ffbe348b3e\spring-security-config-5.0.7.RELEASE.jar;C:\Users\jorge\.gradle\caches\modules-2\files-2.1\org.springframework.security\spring-security-web\5.0.7.RELEASE\bab3ed579d4550bb5cc40b0a7fddd0106db7c66\spring-security-web-5.0.7.RELEASE.jar;C:\Users\jorge\.gradle\caches\modules-2\files-2.1\org.springframework.hateoas\spring-hateoas\0.25.0.RELEASE\22d1abd575426709734ab83e7d81d6deb4addbf6\spring-hateoas-0.25.0.RELEASE.jar;C:\Users\jorge\.gradle\caches\modules-2\files-2.1\org.springframework\spring-webflux\5.0.8.RELEASE\d16ce1cf6f95771e821619d6ef13c1f0333fafb\spring-webflux-5.0.8.RELEASE.jar;C:\Users\jorge\.gradle\caches\modules-2\files-2.1\org.springframework\spring-webmvc\5.0.8.RELEASE\7e5fe57590ca8e4468e50fe1d92b0b67aa4a327a\spring-webmvc-5.0.8.RELEASE.jar;C:\Users\jorge\.gradle\caches\modules-2\files-2.1\org.springframework\spring-web\5.0.8.RELEASE\fa43cdadb4ab2491fd1d0ddb06c0808e4b60fc85\spring-web-5.0.8.RELEASE.jar;C:\Users\jorge\.gradle\caches\modules-2\files-2.1\org.springframework\spring-test\5.0.8.RELEASE\5782619373bd7e7b7d9106203c317b04bb613ebb\spring-test-5.0.8.RELEASE.jar;C:\Users\jorge\.gradle\caches\modules-2\files-2.1\org.springframework.security\spring-security-core\5.0.7.RELEASE\40a0c57af6b4c3f8c611216d2579c6ab19672694\spring-security-core-5.0.7.RELEASE.jar;C:\Users\jorge\.gradle\caches\modules-2\files-2.1\org.springframework.plugin\spring-plugin-core\1.2.0.RELEASE\f380e7760032e7d929184f8ad8a33716b75c0657\spring-plugin-core-1.2.0.RELEASE.jar;C:\Users\jorge\.gradle\caches\modules-2\files-2.1\org.springframework\spring-context\5.0.8.RELEASE\3a067d8990761111c9b6d1d895640be26cc1fb38\spring-context-5.0.8.RELEASE.jar;C:\Users\jorge\.gradle\caches\modules-2\files-2.1\org.springframework\spring-aop\5.0.8.RELEASE\f5086c1a3185c481104511837427b39a07a57aa2\spring-aop-5.0.8.RELEASE.jar;C:\Users\jorge\.gradle\caches\modules-2\files-2.1\org.springframework\spring-beans\5.0.8.RELEASE\5fc965d3e7f5515099244857a8ae9e2a208c169b\spring-beans-5.0.8.RELEASE.jar;C:\Users\jorge\.gradle\caches\modules-2\files-2.1\org.springframework\spring-expression\5.0.8.RELEASE\f23158f22c917df2cddf2ecebc398a9e95f95fae\spring-expression-5.0.8.RELEASE.jar;C:\Users\jorge\.gradle\caches\modules-2\files-2.1\org.springframework\spring-core\5.0.8.RELEASE\dc39c49e3246cdf73d3786ac41119140aed3fa08\spring-core-5.0.8.RELEASE.jar;C:\Users\jorge\.gradle\caches\modules-2\files-2.1\org.yaml\snakeyaml\1.19\2d998d3d674b172a588e54ab619854d073f555b5\snakeyaml-1.19.jar;C:\Users\jorge\.gradle\caches\modules-2\files-2.1\io.micrometer\micrometer-core\1.0.6\50299bc8a34c251d62311bbb1a297f3942a82e42\micrometer-core-1.0.6.jar;C:\Users\jorge\.gradle\caches\modules-2\files-2.1\org.springframework.boot\spring-boot-starter-reactor-netty\2.0.4.RELEASE\ed4ac88f7fc699a9cbb6ee804a26e2e30239ca35\spring-boot-starter-reactor-netty-2.0.4.RELEASE.jar;C:\Users\jorge\.gradle\caches\modules-2\files-2.1\org.hibernate.validator\hibernate-validator\6.0.11.Final\36f9d10a11e4768f55e8fb91ebe4338a5c43954e\hibernate-validator-6.0.11.Final.jar;C:\Users\jorge\.gradle\caches\modules-2\files-2.1\org.synchronoss.cloud\nio-multipart-parser\1.1.0\c6c417fec6612584b1c34d4dd98c5a4e47e8c754\nio-multipart-parser-1.1.0.jar;C:\Users\jorge\.gradle\caches\modules-2\files-2.1\javax.activation\activation\1.1\e6cb541461c2834bdea3eb920f1884d1eb508b50\activation-1.1.jar;C:\Users\jorge\.gradle\caches\modules-2\files-2.1\com.fasterxml.jackson.datatype\jackson-datatype-jdk8\2.9.6\456895fc91bf7180b216fead220373e6278230c9\jackson-datatype-jdk8-2.9.6.jar;C:\Users\jorge\.gradle\caches\modules-2\files-2.1\com.fasterxml.jackson.module\jackson-module-parameter-names\2.9.6\129acd77a4b6ee30d62d3a0899b1344c8ec2bff8\jackson-module-parameter-names-2.9.6.jar;C:\Users\jorge\.gradle\caches\modules-2\files-2.1\com.fasterxml.jackson.core\jackson-databind\2.9.6\cfa4f316351a91bfd95cb0644c6a2c95f52db1fc\jackson-databind-2.9.6.jar;C:\Users\jorge\.gradle\caches\modules-2\files-2.1\com.fasterxml.jackson.core\jackson-annotations\2.9.0\7c10d545325e3a6e72e06381afe469fd40eb701\jackson-annotations-2.9.0.jar;C:\Users\jorge\.gradle\caches\modules-2\files-2.1\com.fasterxml.jackson.core\jackson-core\2.9.6\4e393793c37c77e042ccc7be5a914ae39251b365\jackson-core-2.9.6.jar;C:\Users\jorge\.gradle\caches\modules-2\files-2.1\com.jayway.jsonpath\json-path\2.4.0\765a4401ceb2dc8d40553c2075eb80a8fa35c2ae\json-path-2.4.0.jar;C:\Users\jorge\.gradle\caches\modules-2\files-2.1\org.powermock\powermock-module-junit4-common\2.0.0-RC.3\f09137abdf1aeea2df214037eab50ed864602c9a\powermock-module-junit4-common-2.0.0-RC.3.jar;C:\Users\jorge\.gradle\caches\modules-2\files-2.1\junit\junit\4.12\2973d150c0dc1fefe998f834810d68f278ea58ec\junit-4.12.jar;C:\Users\jorge\.gradle\caches\modules-2\files-2.1\org.assertj\assertj-core\3.9.1\c5ce126b15f28d56cd8f960c1a6a058b9c9aea87\assertj-core-3.9.1.jar;C:\Users\jorge\.gradle\caches\modules-2\files-2.1\org.mockito\mockito-core\2.15.0\b84bfbbc29cd22c9529409627af6ea2897f4fa85\mockito-core-2.15.0.jar;C:\Users\jorge\.gradle\caches\modules-2\files-2.1\org.hamcrest\hamcrest-library\1.3\4785a3c21320980282f9f33d0d1264a69040538f\hamcrest-library-1.3.jar;C:\Users\jorge\.gradle\caches\modules-2\files-2.1\org.hamcrest\hamcrest-core\1.3\42a25dc3219429f0e5d060061f71acb49bf010a0\hamcrest-core-1.3.jar;C:\Users\jorge\.gradle\caches\modules-2\files-2.1\org.skyscreamer\jsonassert\1.5.0\6c9d5fe2f59da598d9aefc1cfc6528ff3cf32df3\jsonassert-1.5.0.jar;C:\Users\jorge\.gradle\caches\modules-2\files-2.1\org.xmlunit\xmlunit-core\2.5.1\4ffdb346572a7356f7521cd3119ce5287d2e339d\xmlunit-core-2.5.1.jar;C:\Users\jorge\.gradle\caches\modules-2\files-2.1\org.powermock\powermock-api-support\2.0.0-RC.3\a23d6bdbcf865513c9f6992134152be80504e499\powermock-api-support-2.0.0-RC.3.jar;C:\Users\jorge\.gradle\caches\modules-2\files-2.1\ch.qos.logback\logback-classic\1.2.3\7c4f3c474fb2c041d8028740440937705ebb473a\logback-classic-1.2.3.jar;C:\Users\jorge\.gradle\caches\modules-2\files-2.1\org.apache.logging.log4j\log4j-to-slf4j\2.10.0\f7e631ccf49cfc0aefa4a2a728da7d374c05bd3c\log4j-to-slf4j-2.10.0.jar;C:\Users\jorge\.gradle\caches\modules-2\files-2.1\org.slf4j\jul-to-slf4j\1.7.25\af5364cd6679bfffb114f0dec8a157aaa283b76\jul-to-slf4j-1.7.25.jar;C:\Users\jorge\.gradle\caches\modules-2\files-2.1\org.springframework\spring-jcl\5.0.8.RELEASE\a1fa8fb560fb252321776e16bc9ac8201af4ef5e\spring-jcl-5.0.8.RELEASE.jar;C:\Users\jorge\.gradle\caches\modules-2\files-2.1\org.hdrhistogram\HdrHistogram\2.1.10\9e1ac84eed220281841b75e72fb9de5a297fbf04\HdrHistogram-2.1.10.jar;C:\Users\jorge\.gradle\caches\modules-2\files-2.1\org.latencyutils\LatencyUtils\2.0.3\769c0b82cb2421c8256300e907298a9410a2a3d3\LatencyUtils-2.0.3.jar;C:\Users\jorge\.gradle\caches\modules-2\files-2.1\org.synchronoss.cloud\nio-stream-storage\1.1.3\986dba5f6e5eed20f0dba6ddc8e8a64a9ebdc2f3\nio-stream-storage-1.1.3.jar;C:\Users\jorge\.gradle\caches\modules-2\files-2.1\org.slf4j\slf4j-api\1.7.25\da76ca59f6a57ee3102f8f9bd9cee742973efa8a\slf4j-api-1.7.25.jar;C:\Users\jorge\.gradle\caches\modules-2\files-2.1\io.projectreactor.ipc\reactor-netty\0.7.8.RELEASE\fe25c7d3042b6005690f7d243cef987b696a12ee\reactor-netty-0.7.8.RELEASE.jar;C:\Users\jorge\.gradle\caches\modules-2\files-2.1\javax.validation\validation-api\2.0.1.Final\cb855558e6271b1b32e716d24cb85c7f583ce09e\validation-api-2.0.1.Final.jar;C:\Users\jorge\.gradle\caches\modules-2\files-2.1\org.jboss.logging\jboss-logging\3.3.2.Final\3789d00e859632e6c6206adc0c71625559e6e3b0\jboss-logging-3.3.2.Final.jar;C:\Users\jorge\.gradle\caches\modules-2\files-2.1\com.fasterxml\classmate\1.3.4\3d5f48f10bbe4eb7bd862f10c0583be2e0053c6\classmate-1.3.4.jar;C:\Users\jorge\.gradle\caches\modules-2\files-2.1\io.projectreactor\reactor-core\3.1.8.RELEASE\3bcc30f9161d3d17abe44b4aa20e397e5170566e\reactor-core-3.1.8.RELEASE.jar;C:\Users\jorge\.gradle\caches\modules-2\files-2.1\net.minidev\json-smart\2.3\7396407491352ce4fa30de92efb158adb76b5b\json-smart-2.3.jar;C:\Users\jorge\.gradle\caches\modules-2\files-2.1\org.powermock\powermock-core\2.0.0-RC.3\f958479ea1f0d1ba37cf65b6612fccfbaf4d8dd3\powermock-core-2.0.0-RC.3.jar;C:\Users\jorge\.gradle\caches\modules-2\files-2.1\org.powermock\powermock-reflect\2.0.0-RC.3\c10437486ae35b91666c2591fd7b1a8054b4573c\powermock-reflect-2.0.0-RC.3.jar;C:\Users\jorge\.gradle\caches\modules-2\files-2.1\net.bytebuddy\byte-buddy\1.7.11\f02857a4e2c66ccbe7aaad6100a0a6c461bce9b3\byte-buddy-1.7.11.jar;C:\Users\jorge\.gradle\caches\modules-2\files-2.1\net.bytebuddy\byte-buddy-agent\1.7.11\b425a8933ca07edd03c6dbc8bc3b595fba9780de\byte-buddy-agent-1.7.11.jar;C:\Users\jorge\.gradle\caches\modules-2\files-2.1\org.objenesis\objenesis\3.0.1\11cfac598df9dc48bb9ed9357ed04212694b7808\objenesis-3.0.1.jar;C:\Users\jorge\.gradle\caches\modules-2\files-2.1\com.vaadin.external.google\android-json\0.0.20131108.vaadin1\fa26d351fe62a6a17f5cda1287c1c6110dec413f\android-json-0.0.20131108.vaadin1.jar;C:\Users\jorge\.gradle\caches\modules-2\files-2.1\ch.qos.logback\logback-core\1.2.3\864344400c3d4d92dfeb0a305dc87d953677c03c\logback-core-1.2.3.jar;C:\Users\jorge\.gradle\caches\modules-2\files-2.1\org.apache.logging.log4j\log4j-api\2.10.0\fec5797a55b786184a537abd39c3fa1449d752d6\log4j-api-2.10.0.jar;C:\Users\jorge\.gradle\caches\modules-2\files-2.1\org.apache.tomcat.embed\tomcat-embed-websocket\8.5.32\ea5302e378f1449d4e5dda79e8d810c1e7931f91\tomcat-embed-websocket-8.5.32.jar;C:\Users\jorge\.gradle\caches\modules-2\files-2.1\org.apache.tomcat.embed\tomcat-embed-core\8.5.32\6bc6896200146010cc4666bdc6b9b0cbb453ee22\tomcat-embed-core-8.5.32.jar;C:\Users\jorge\.gradle\caches\modules-2\files-2.1\org.apache.tomcat.embed\tomcat-embed-el\8.5.32\e4fd0ee015d83fa1c5ec93ff1d05bdaf9a4480c5\tomcat-embed-el-8.5.32.jar;C:\Users\jorge\.gradle\caches\modules-2\files-2.1\io.netty\netty-handler-proxy\4.1.27.Final\1a822ce7760bc6eb4937b7e448c9e081fedcc807\netty-handler-proxy-4.1.27.Final.jar;C:\Users\jorge\.gradle\caches\modules-2\files-2.1\io.netty\netty-codec-http\4.1.27.Final\a1722d6bcbbef1c4c7877e8bf38b07a3db5ed07f\netty-codec-http-4.1.27.Final.jar;C:\Users\jorge\.gradle\caches\modules-2\files-2.1\io.netty\netty-handler\4.1.27.Final\21bd9cf565390a8d72579b8664303e3c175dfc6a\netty-handler-4.1.27.Final.jar;C:\Users\jorge\.gradle\caches\modules-2\files-2.1\io.netty\netty-transport-native-epoll\4.1.27.Final\8c3a61a7dd53eafe2f0fe31356f1379598f74517\netty-transport-native-epoll-4.1.27.Final-linux-x86_64.jar;C:\Users\jorge\.gradle\caches\modules-2\files-2.1\org.reactivestreams\reactive-streams\1.0.2\323964c36556eb0e6209f65c1cef72b53b461ab8\reactive-streams-1.0.2.jar;C:\Users\jorge\.gradle\caches\modules-2\files-2.1\net.minidev\accessors-smart\1.2\c592b500269bfde36096641b01238a8350f8aa31\accessors-smart-1.2.jar;C:\Users\jorge\.gradle\caches\modules-2\files-2.1\org.javassist\javassist\3.24.0-GA\d7466fc2e3af7c023e95c510f06448ad29b225b3\javassist-3.24.0-GA.jar;C:\Users\jorge\.gradle\caches\modules-2\files-2.1\io.netty\netty-codec-socks\4.1.27.Final\285b09af98764cf02e4b77b3d95af188469a7133\netty-codec-socks-4.1.27.Final.jar;C:\Users\jorge\.gradle\caches\modules-2\files-2.1\io.netty\netty-codec\4.1.27.Final\d2653d78ebaa650064768fb26b10051f5c8efb2c\netty-codec-4.1.27.Final.jar;C:\Users\jorge\.gradle\caches\modules-2\files-2.1\io.netty\netty-transport-native-unix-common\4.1.27.Final\2b0667fe5c1df78c6cfbf9d53ad8b1fb533fb8e8\netty-transport-native-unix-common-4.1.27.Final.jar;C:\Users\jorge\.gradle\caches\modules-2\files-2.1\io.netty\netty-transport\4.1.27.Final\b5c2da3ea89dd67320925f1504c9eb3615241b7c\netty-transport-4.1.27.Final.jar;C:\Users\jorge\.gradle\caches\modules-2\files-2.1\io.netty\netty-buffer\4.1.27.Final\aafe2b9fb0d8f3b200cf10b9fd6486c6a722d7a1\netty-buffer-4.1.27.Final.jar;C:\Users\jorge\.gradle\caches\modules-2\files-2.1\io.netty\netty-resolver\4.1.27.Final\2536447ef9605ccb2b5203aa22392c6514484ea9\netty-resolver-4.1.27.Final.jar;C:\Users\jorge\.gradle\caches\modules-2\files-2.1\io.netty\netty-common\4.1.27.Final\6a12a969c27fb37b230c4bde5a67bd822fa6b7a4\netty-common-4.1.27.Final.jar;C:\Users\jorge\.gradle\caches\modules-2\files-2.1\org.ow2.asm\asm\5.0.4\da08b8cce7bbf903602a25a3a163ae252435795\asm-5.0.4.jar, user.name=jorge, java.vm.specification.version=1.8, sun.java.command=worker.org.gradle.process.internal.worker.GradleWorkerMain 'Gradle Test Executor 1', java.home=C:\Program Files\AdoptOpenJDK\jdk-8.0.242.08-hotspot\jre, sun.arch.data.model=64, user.language=en, java.specification.vendor=Oracle Corporation, awt.toolkit=sun.awt.windows.WToolkit, java.vm.info=mixed mode, java.version=1.8.0_242, java.ext.dirs=C:\Program Files\AdoptOpenJDK\jdk-8.0.242.08-hotspot\jre\lib\ext;C:\Windows\Sun\Java\lib\ext, sun.boot.class.path=C:\Program Files\AdoptOpenJDK\jdk-8.0.242.08-hotspot\jre\lib\resources.jar;C:\Program Files\AdoptOpenJDK\jdk-8.0.242.08-hotspot\jre\lib\rt.jar;C:\Program Files\AdoptOpenJDK\jdk-8.0.242.08-hotspot\jre\lib\sunrsasign.jar;C:\Program Files\AdoptOpenJDK\jdk-8.0.242.08-hotspot\jre\lib\jsse.jar;C:\Program Files\AdoptOpenJDK\jdk-8.0.242.08-hotspot\jre\lib\jce.jar;C:\Program Files\AdoptOpenJDK\jdk-8.0.242.08-hotspot\jre\lib\charsets.jar;C:\Program Files\AdoptOpenJDK\jdk-8.0.242.08-hotspot\jre\lib\jfr.jar;C:\Program Files\AdoptOpenJDK\jdk-8.0.242.08-hotspot\jre\classes, java.vendor=AdoptOpenJDK, org.gradle.test.worker=1, file.separator=\, java.vendor.url.bug=http://bugreport.sun.com/bugreport/, sun.io.unicode.encoding=UnicodeLittle, sun.cpu.endian=little, sun.desktop=windows, sun.cpu.isalist=amd64}}, SystemEnvironmentPropertySource@1779399362 {name='systemEnvironment', properties={USERDOMAIN_ROAMINGPROFILE=DESKTOP-U7U4TE6, PROCESSOR_LEVEL=6, VS140COMNTOOLS=C:\Program Files (x86)\Microsoft Visual Studio 14.0\Common7\Tools\, SESSIONNAME=Console, ALLUSERSPROFILE=C:\ProgramData, PROCESSOR_ARCHITECTURE=AMD64, PSModulePath=C:\Users\jorge\Documents\WindowsPowerShell\Modules;C:\Program Files\WindowsPowerShell\Modules;C:\Windows\system32\WindowsPowerShell\v1.0\Modules, SystemDrive=C:, =ExitCode=00000000, DIRNAME=C:\azure-devops\git\eShopOnContainers\src\Web\WebImapClient\Client\server\, USERNAME=jorge, CMD_LINE_ARGS=b, ProgramFiles(x86)=C:\Program Files (x86), FPS_BROWSER_USER_PROFILE_STRING=Default, APP_HOME=C:\azure-devops\git\eShopOnContainers\src\Web\WebImapClient\Client\server\, PATHEXT=.COM;.EXE;.BAT;.CMD;.VBS;.VBE;.JS;.JSE;.WSF;.WSH;.MSC;.CPL, DriverData=C:\Windows\System32\Drivers\DriverData, OneDriveConsumer=C:\Users\jorge\OneDrive, ProgramData=C:\ProgramData, ProgramW6432=C:\Program Files, HOMEPATH=\Users\jorge, PROCESSOR_IDENTIFIER=Intel64 Family 6 Model 158 Stepping 13, GenuineIntel, ProgramFiles=C:\Program Files, PUBLIC=C:\Users\Public, windir=C:\Windows, =::=::\, _SKIP=2, LOCALAPPDATA=C:\Users\jorge\AppData\Local, ChocolateyLastPathUpdate=132229495750090469, USERDOMAIN=DESKTOP-U7U4TE6, FPS_BROWSER_APP_PROFILE_STRING=Internet Explorer, LOGONSERVER=\\DESKTOP-U7U4TE6, PROMPT=$P$G, OneDrive=C:\Users\jorge\OneDrive, =C:=C:\azure-devops\git\eShopOnContainers\src\Web\WebImapClient\Client\server, APPDATA=C:\Users\jorge\AppData\Roaming, JAVA_EXE=java.exe, ChocolateyInstall=C:\ProgramData\chocolatey, CommonProgramFiles=C:\Program Files\Common Files, Path=C:\Program Files\AdoptOpenJDK\jdk-8.0.242.08-hotspot\bin;C:\Program Files (x86)\Common Files\Oracle\Java\javapath;C:\Python27\;C:\Python27\Scripts;C:\ProgramData\DockerDesktop\version-bin;C:\Program Files\Docker\Docker\Resources\bin;C:\Windows\system32;C:\Windows;C:\Windows\System32\Wbem;C:\Windows\System32\WindowsPowerShell\v1.0\;C:\Windows\System32\OpenSSH\;C:\Program Files (x86)\NVIDIA Corporation\PhysX\Common;C:\Program Files\dotnet\;C:\Program Files\Microsoft SQL Server\130\Tools\Binn\;C:\Program Files\Microsoft SQL Server\Client SDK\ODBC\170\Tools\Binn\;C:\Program Files (x86)\Microsoft SQL Server\150\DTS\Binn\;C:\Program Files\Git\cmd;C:\Program Files (x86)\Microsoft ASP.NET\ASP.NET Web Pages\v1.0\;C:\Program Files\Microsoft SQL Server\110\Tools\Binn\;C:\Windows\system32\config\systemprofile\.dnx\bin;C:\Program Files\Microsoft DNX\Dnvm\;C:\Program Files\nodejs\;C:\ProgramData\chocolatey\bin;C:\Program Files\Microsoft\Web Platform Installer\;C:\Users\jorge\AppData\Local\Microsoft\WindowsApps;C:\Users\jorge\AppData\Local\Programs\Microsoft VS Code\bin;C:\Users\jorge\.dotnet\tools;C:\Users\jorge\AppData\Roaming\npm;C:\Users\jorge\AppData\Local\GitHubDesktop\bin, OS=Windows_NT, COMPUTERNAME=DESKTOP-U7U4TE6, PROCESSOR_REVISION=9e0d, CLASSPATH=C:\azure-devops\git\eShopOnContainers\src\Web\WebImapClient\Client\server\\gradle\wrapper\gradle-wrapper.jar, CommonProgramW6432=C:\Program Files\Common Files, ComSpec=C:\Windows\system32\cmd.exe, APP_BASE_NAME=gradlew, SystemRoot=C:\Windows, TEMP=C:\Users\jorge\AppData\Local\Temp, HOMEDRIVE=C:, USERPROFILE=C:\Users\jorge, TMP=C:\Users\jorge\AppData\Local\Temp, VS110COMNTOOLS=C:\Program Files (x86)\Microsoft Visual Studio 11.0\Common7\Tools\, CommonProgramFiles(x86)=C:\Program Files (x86)\Common Files, NUMBER_OF_PROCESSORS=12}}]
13:25:58.258 [Test worker] DEBUG org.springframework.web.servlet.mvc.method.annotation.RequestMappingHandlerMapping - Looking for request mappings in application context: org.springframework.test.web.servlet.setup.StubWebApplicationContext@67394ec0
13:25:58.261 [Test worker] DEBUG org.springframework.web.servlet.mvc.method.annotation.RequestMappingHandlerMapping - 18 request handler methods found on class com.marcnuri.isotope.api.folder.FolderResource: {public org.springframework.http.ResponseEntity com.marcnuri.isotope.api.folder.FolderResource.getMessage(java.lang.String,java.lang.Long)={[/v1/folders/{folderId}/messages/{messageId}],methods=[GET]}, public org.springframework.http.ResponseEntity com.marcnuri.isotope.api.folder.FolderResource.setMessageFlagged(java.lang.String,java.lang.Long,boolean)={[/v1/folders/{folderId}/messages/{messageId}/flagged],methods=[PUT]}, public org.springframework.http.ResponseEntity com.marcnuri.isotope.api.folder.FolderResource.createChildFolder(java.lang.String,java.lang.String)={[/v1/folders/{folderId}],methods=[POST],produces=[application/hal+json]}, public org.springframework.http.ResponseEntity com.marcnuri.isotope.api.folder.FolderResource.deleteAllFolderMessages(java.lang.String)={[/v1/folders/{folderId}/messages],methods=[DELETE]}, public org.springframework.http.ResponseEntity com.marcnuri.isotope.api.folder.FolderResource.moveFolder(java.lang.String,java.lang.String)={[/v1/folders/{folderId}/parent],methods=[PUT],produces=[application/hal+json]}, public org.springframework.http.ResponseEntity com.marcnuri.isotope.api.folder.FolderResource.getMessageRaw(java.lang.String,java.lang.Long)={[/v1/folders/{folderId}/messages/{messageId}/raw],methods=[GET]}, public org.springframework.http.ResponseEntity com.marcnuri.isotope.api.folder.FolderResource.setMessagesSeen(java.lang.String,java.lang.Boolean,java.util.List)={[/v1/folders/{folderId}/messages/seen/{seen}],methods=[PUT]}, public org.springframework.http.ResponseEntity com.marcnuri.isotope.api.folder.FolderResource.getFolders(java.lang.Boolean)={[/v1/folders],methods=[GET],produces=[application/hal+json]}, public org.springframework.http.ResponseEntity com.marcnuri.isotope.api.folder.FolderResource.createRootFolder(java.lang.String)={[/v1/folders],methods=[POST],produces=[application/hal+json]}, public org.springframework.http.ResponseEntity com.marcnuri.isotope.api.folder.FolderResource.deleteMessages(java.lang.String,java.util.List)={[/v1/folders/{folderId}/messages],methods=[DELETE],params=[id]}, public reactor.core.publisher.Flux com.marcnuri.isotope.api.folder.FolderResource.getMessages(java.lang.String,javax.servlet.http.HttpServletResponse)={[/v1/folders/{folderId}/messages],methods=[GET],produces=[text/event-stream]}, public org.springframework.http.ResponseEntity com.marcnuri.isotope.api.folder.FolderResource.preloadMessages(java.lang.String,java.util.List)={[/v1/folders/{folderId}/messages],methods=[GET]}, public org.springframework.http.ResponseEntity com.marcnuri.isotope.api.folder.FolderResource.getAttachment(java.lang.String,java.lang.Long,java.lang.String,java.lang.Boolean,javax.servlet.http.HttpServletResponse)={[/v1/folders/{folderId}/messages/{messageId}/attachments/{id}],methods=[GET]}, public org.springframework.http.ResponseEntity com.marcnuri.isotope.api.folder.FolderResource.deleteFolder(java.lang.String)={[/v1/folders/{folderId}],methods=[DELETE],produces=[application/hal+json]}, public org.springframework.http.ResponseEntity com.marcnuri.isotope.api.folder.FolderResource.moveMessages(java.lang.String,java.lang.String,java.util.List)={[/v1/folders/{fromFolderId}/messages/folder/{toFolderId}],methods=[PUT]}, public org.springframework.http.ResponseEntity com.marcnuri.isotope.api.folder.FolderResource.renameFolder(java.lang.String,java.lang.String)={[/v1/folders/{folderId}/name],methods=[PUT],produces=[application/hal+json]}, public org.springframework.http.ResponseEntity com.marcnuri.isotope.api.folder.FolderResource.moveMessage(java.lang.String,java.lang.Long,java.lang.String)={[/v1/folders/{fromFolderId}/messages/{messageId}/folder/{toFolderId}],methods=[PUT]}, public org.springframework.http.ResponseEntity com.marcnuri.isotope.api.folder.FolderResource.setMessageSeen(java.lang.String,java.lang.Long,boolean)={[/v1/folders/{folderId}/messages/{messageId}/seen],methods=[PUT]}}
13:25:58.262 [Test worker] INFO org.springframework.web.servlet.mvc.method.annotation.RequestMappingHandlerMapping - Mapped "{[/v1/folders/{folderId}/messages/{messageId}],methods=[GET]}" onto public org.springframework.http.ResponseEntity<com.marcnuri.isotope.api.message.MessageWithFolder> com.marcnuri.isotope.api.folder.FolderResource.getMessage(java.lang.String,java.lang.Long)
13:25:58.262 [Test worker] INFO org.springframework.web.servlet.mvc.method.annotation.RequestMappingHandlerMapping - Mapped "{[/v1/folders/{folderId}/messages/{messageId}/flagged],methods=[PUT]}" onto public org.springframework.http.ResponseEntity<java.lang.Void> com.marcnuri.isotope.api.folder.FolderResource.setMessageFlagged(java.lang.String,java.lang.Long,boolean)
13:25:58.262 [Test worker] INFO org.springframework.web.servlet.mvc.method.annotation.RequestMappingHandlerMapping - Mapped "{[/v1/folders/{folderId}],methods=[POST],produces=[application/hal+json]}" onto public org.springframework.http.ResponseEntity<com.marcnuri.isotope.api.folder.Folder> com.marcnuri.isotope.api.folder.FolderResource.createChildFolder(java.lang.String,java.lang.String)
13:25:58.262 [Test worker] INFO org.springframework.web.servlet.mvc.method.annotation.RequestMappingHandlerMapping - Mapped "{[/v1/folders/{folderId}/messages],methods=[DELETE]}" onto public org.springframework.http.ResponseEntity<com.marcnuri.isotope.api.folder.Folder> com.marcnuri.isotope.api.folder.FolderResource.deleteAllFolderMessages(java.lang.String)
13:25:58.262 [Test worker] INFO org.springframework.web.servlet.mvc.method.annotation.RequestMappingHandlerMapping - Mapped "{[/v1/folders/{folderId}/parent],methods=[PUT],produces=[application/hal+json]}" onto public org.springframework.http.ResponseEntity<com.marcnuri.isotope.api.folder.Folder> com.marcnuri.isotope.api.folder.FolderResource.moveFolder(java.lang.String,java.lang.String)
13:25:58.262 [Test worker] INFO org.springframework.web.servlet.mvc.method.annotation.RequestMappingHandlerMapping - Mapped "{[/v1/folders/{folderId}/messages/{messageId}/raw],methods=[GET]}" onto public org.springframework.http.ResponseEntity<java.lang.String> com.marcnuri.isotope.api.folder.FolderResource.getMessageRaw(java.lang.String,java.lang.Long)
13:25:58.262 [Test worker] INFO org.springframework.web.servlet.mvc.method.annotation.RequestMappingHandlerMapping - Mapped "{[/v1/folders/{folderId}/messages/seen/{seen}],methods=[PUT]}" onto public org.springframework.http.ResponseEntity<java.lang.Void> com.marcnuri.isotope.api.folder.FolderResource.setMessagesSeen(java.lang.String,java.lang.Boolean,java.util.List<java.lang.Long>)
13:25:58.262 [Test worker] INFO org.springframework.web.servlet.mvc.method.annotation.RequestMappingHandlerMapping - Mapped "{[/v1/folders],methods=[GET],produces=[application/hal+json]}" onto public org.springframework.http.ResponseEntity<java.util.List<com.marcnuri.isotope.api.folder.Folder>> com.marcnuri.isotope.api.folder.FolderResource.getFolders(java.lang.Boolean)
13:25:58.263 [Test worker] INFO org.springframework.web.servlet.mvc.method.annotation.RequestMappingHandlerMapping - Mapped "{[/v1/folders],methods=[POST],produces=[application/hal+json]}" onto public org.springframework.http.ResponseEntity<java.util.List<com.marcnuri.isotope.api.folder.Folder>> com.marcnuri.isotope.api.folder.FolderResource.createRootFolder(java.lang.String)
13:25:58.263 [Test worker] INFO org.springframework.web.servlet.mvc.method.annotation.RequestMappingHandlerMapping - Mapped "{[/v1/folders/{folderId}/messages],methods=[DELETE],params=[id]}" onto public org.springframework.http.ResponseEntity<com.marcnuri.isotope.api.folder.Folder> com.marcnuri.isotope.api.folder.FolderResource.deleteMessages(java.lang.String,java.util.List<java.lang.Long>)
13:25:58.263 [Test worker] INFO org.springframework.web.servlet.mvc.method.annotation.RequestMappingHandlerMapping - Mapped "{[/v1/folders/{folderId}/messages],methods=[GET],produces=[text/event-stream]}" onto public reactor.core.publisher.Flux<org.springframework.http.codec.ServerSentEvent<java.util.List<com.marcnuri.isotope.api.message.Message>>> com.marcnuri.isotope.api.folder.FolderResource.getMessages(java.lang.String,javax.servlet.http.HttpServletResponse)
13:25:58.263 [Test worker] INFO org.springframework.web.servlet.mvc.method.annotation.RequestMappingHandlerMapping - Mapped "{[/v1/folders/{folderId}/messages],methods=[GET]}" onto public org.springframework.http.ResponseEntity<java.util.List<com.marcnuri.isotope.api.message.Message>> com.marcnuri.isotope.api.folder.FolderResource.preloadMessages(java.lang.String,java.util.List<java.lang.Long>)
13:25:58.263 [Test worker] INFO org.springframework.web.servlet.mvc.method.annotation.RequestMappingHandlerMapping - Mapped "{[/v1/folders/{folderId}/messages/{messageId}/attachments/{id}],methods=[GET]}" onto public org.springframework.http.ResponseEntity<java.lang.Void> com.marcnuri.isotope.api.folder.FolderResource.getAttachment(java.lang.String,java.lang.Long,java.lang.String,java.lang.Boolean,javax.servlet.http.HttpServletResponse)
13:25:58.263 [Test worker] INFO org.springframework.web.servlet.mvc.method.annotation.RequestMappingHandlerMapping - Mapped "{[/v1/folders/{folderId}],methods=[DELETE],produces=[application/hal+json]}" onto public org.springframework.http.ResponseEntity<com.marcnuri.isotope.api.folder.Folder> com.marcnuri.isotope.api.folder.FolderResource.deleteFolder(java.lang.String)
13:25:58.263 [Test worker] INFO org.springframework.web.servlet.mvc.method.annotation.RequestMappingHandlerMapping - Mapped "{[/v1/folders/{fromFolderId}/messages/folder/{toFolderId}],methods=[PUT]}" onto public org.springframework.http.ResponseEntity<java.util.List<com.marcnuri.isotope.api.message.MessageWithFolder>> com.marcnuri.isotope.api.folder.FolderResource.moveMessages(java.lang.String,java.lang.String,java.util.List<java.lang.Long>)
13:25:58.263 [Test worker] INFO org.springframework.web.servlet.mvc.method.annotation.RequestMappingHandlerMapping - Mapped "{[/v1/folders/{folderId}/name],methods=[PUT],produces=[application/hal+json]}" onto public org.springframework.http.ResponseEntity<com.marcnuri.isotope.api.folder.Folder> com.marcnuri.isotope.api.folder.FolderResource.renameFolder(java.lang.String,java.lang.String)
13:25:58.264 [Test worker] INFO org.springframework.web.servlet.mvc.method.annotation.RequestMappingHandlerMapping - Mapped "{[/v1/folders/{fromFolderId}/messages/{messageId}/folder/{toFolderId}],methods=[PUT]}" onto public org.springframework.http.ResponseEntity<java.util.List<com.marcnuri.isotope.api.message.MessageWithFolder>> com.marcnuri.isotope.api.folder.FolderResource.moveMessage(java.lang.String,java.lang.Long,java.lang.String)
13:25:58.264 [Test worker] INFO org.springframework.web.servlet.mvc.method.annotation.RequestMappingHandlerMapping - Mapped "{[/v1/folders/{folderId}/messages/{messageId}/seen],methods=[PUT]}" onto public org.springframework.http.ResponseEntity<java.lang.Void> com.marcnuri.isotope.api.folder.FolderResource.setMessageSeen(java.lang.String,java.lang.Long,boolean)
13:25:58.269 [Test worker] DEBUG org.hibernate.validator.internal.engine.resolver.TraversableResolvers - Cannot find javax.persistence.Persistence on classpath. Assuming non JPA 2 environment. All properties will per default be traversable.
13:25:58.270 [Test worker] DEBUG org.hibernate.validator.messageinterpolation.ResourceBundleMessageInterpolator - Loaded expression factory via original TCCL
13:25:58.270 [Test worker] DEBUG org.hibernate.validator.internal.engine.ConfigurationImpl - Setting custom MessageInterpolator of type org.springframework.validation.beanvalidation.LocaleContextMessageInterpolator
13:25:58.270 [Test worker] DEBUG org.hibernate.validator.internal.engine.ConfigurationImpl - Setting custom ParameterNameProvider of type org.springframework.validation.beanvalidation.LocalValidatorFactoryBean$1
13:25:58.270 [Test worker] DEBUG org.hibernate.validator.internal.xml.config.ValidationXmlParser - Trying to load META-INF/validation.xml for XML based Validator configuration.
13:25:58.270 [Test worker] DEBUG org.hibernate.validator.internal.xml.config.ResourceLoaderHelper - Trying to load META-INF/validation.xml via TCCL
13:25:58.271 [Test worker] DEBUG org.hibernate.validator.internal.xml.config.ResourceLoaderHelper - Trying to load META-INF/validation.xml via Hibernate Validator's class loader
13:25:58.271 [Test worker] DEBUG org.hibernate.validator.internal.xml.config.ValidationXmlParser - No META-INF/validation.xml found. Using annotation based configuration only.
13:25:58.277 [Test worker] DEBUG org.hibernate.validator.internal.engine.ValidatorFactoryImpl - HV000234: Using org.springframework.validation.beanvalidation.LocaleContextMessageInterpolator as ValidatorFactory-scoped message interpolator.
13:25:58.277 [Test worker] DEBUG org.hibernate.validator.internal.engine.ValidatorFactoryImpl - HV000234: Using org.hibernate.validator.internal.engine.resolver.TraverseAllTraversableResolver as ValidatorFactory-scoped traversable resolver.
13:25:58.277 [Test worker] DEBUG org.hibernate.validator.internal.engine.ValidatorFactoryImpl - HV000234: Using org.hibernate.validator.internal.util.ExecutableParameterNameProvider as ValidatorFactory-scoped parameter name provider.
13:25:58.277 [Test worker] DEBUG org.hibernate.validator.internal.engine.ValidatorFactoryImpl - HV000234: Using org.hibernate.validator.internal.engine.DefaultClockProvider as ValidatorFactory-scoped clock provider.
13:25:58.277 [Test worker] DEBUG org.hibernate.validator.internal.engine.ValidatorFactoryImpl - HV000234: Using org.hibernate.validator.internal.engine.scripting.DefaultScriptEvaluatorFactory as ValidatorFactory-scoped script evaluator factory.
13:25:58.278 [Test worker] INFO org.springframework.web.servlet.mvc.method.annotation.RequestMappingHandlerAdapter - Looking for @ControllerAdvice: org.springframework.test.web.servlet.setup.StubWebApplicationContext@67394ec0
13:25:58.280 [Test worker] DEBUG org.springframework.web.servlet.mvc.method.annotation.ExceptionHandlerExceptionResolver - Looking for exception mappings: org.springframework.test.web.servlet.setup.StubWebApplicationContext@67394ec0
13:25:58.280 [Test worker] DEBUG org.springframework.test.web.servlet.TestDispatcherServlet - Initializing servlet ''
13:25:58.280 [Test worker] INFO org.springframework.mock.web.MockServletContext - Initializing Spring FrameworkServlet ''
13:25:58.281 [Test worker] INFO org.springframework.test.web.servlet.TestDispatcherServlet - FrameworkServlet '': initialization started
13:25:58.281 [Test worker] DEBUG org.springframework.test.web.servlet.TestDispatcherServlet - Unable to locate MultipartResolver with name 'multipartResolver': no multipart request handling provided
13:25:58.281 [Test worker] DEBUG org.springframework.test.web.servlet.TestDispatcherServlet - Using LocaleResolver [org.springframework.web.servlet.i18n.AcceptHeaderLocaleResolver@125bdc4a]
13:25:58.281 [Test worker] DEBUG org.springframework.test.web.servlet.TestDispatcherServlet - Using ThemeResolver [org.springframework.web.servlet.theme.FixedThemeResolver@28b0c4d5]
13:25:58.281 [Test worker] DEBUG org.springframework.test.web.servlet.TestDispatcherServlet - Using RequestToViewNameTranslator [org.springframework.web.servlet.view.DefaultRequestToViewNameTranslator@6e85f494]
13:25:58.281 [Test worker] DEBUG org.springframework.test.web.servlet.TestDispatcherServlet - Using FlashMapManager [org.springframework.web.servlet.support.SessionFlashMapManager@57a1946]
13:25:58.281 [Test worker] DEBUG org.springframework.test.web.servlet.TestDispatcherServlet - Published WebApplicationContext of servlet '' as ServletContext attribute with name [org.springframework.web.servlet.FrameworkServlet.CONTEXT.]
13:25:58.281 [Test worker] INFO org.springframework.test.web.servlet.TestDispatcherServlet - FrameworkServlet '': initialization completed in 0 ms
13:25:58.281 [Test worker] DEBUG org.springframework.test.web.servlet.TestDispatcherServlet - Servlet '' configured successfully
13:25:58.282 [Test worker] DEBUG org.springframework.test.web.servlet.TestDispatcherServlet - DispatcherServlet with name '' processing PUT request for [/v1/folders/L29yaWdpbmFsL2ZvbGRlcg==/parent]
13:25:58.282 [Test worker] DEBUG org.springframework.web.servlet.mvc.method.annotation.RequestMappingHandlerMapping - Looking up handler method for path /v1/folders/L29yaWdpbmFsL2ZvbGRlcg==/parent
13:25:58.283 [Test worker] DEBUG org.springframework.web.servlet.mvc.method.annotation.RequestMappingHandlerMapping - Returning handler method [public org.springframework.http.ResponseEntity<com.marcnuri.isotope.api.folder.Folder> com.marcnuri.isotope.api.folder.FolderResource.moveFolder(java.lang.String,java.lang.String)]
13:25:58.284 [Test worker] DEBUG org.springframework.web.servlet.mvc.method.annotation.RequestResponseBodyMethodProcessor - Read [class java.lang.String] as "application/json" with [org.springframework.http.converter.StringHttpMessageConverter@43ec1f29]
13:25:58.284 [Test worker] DEBUG org.springframework.beans.factory.support.DefaultListableBeanFactory - Returning cached instance of singleton bean 'prototypeImapService'
13:25:58.293 [Test worker] DEBUG org.springframework.web.servlet.mvc.method.annotation.HttpEntityMethodProcessor - Written [links: [<http://localhost/v1/folders//>;rel="self", <http://localhost/v1/folders///messages>;rel="messages", <http://localhost/v1/folders//>;rel="delete", <http://localhost/v1/folders///name>;rel="rename", <http://localhost/v1/folders///parent>;rel="move", <http://localhost/v1/folders///messages/{messageId}>;rel="message", <http://localhost/v1/folders///messages/{messageId}/flagged>;rel="message.flagged", <http://localhost/v1/folders///messages/{messageId}/folder/{toFolderId}>;rel="message.move", <http://localhost/v1/folders///messages/folder/{toFolderId}>;rel="message.move.bulk", <http://localhost/v1/folders///messages/{messageId}/seen>;rel="message.seen", <http://localhost/v1/folders///messages/seen/{seen}>;rel="message.seen.bulk"]] as "application/hal+json" using [org.springframework.http.converter.json.MappingJackson2HttpMessageConverter@40b8cae4]
13:25:58.293 [Test worker] DEBUG org.springframework.test.web.servlet.TestDispatcherServlet - Null ModelAndView returned to DispatcherServlet with name '': assuming HandlerAdapter completed request handling
13:25:58.293 [Test worker] DEBUG org.springframework.test.web.servlet.TestDispatcherServlet - Successfully completed request
13:25:58.293 [Test worker] DEBUG com.jayway.jsonpath.internal.path.CompiledPath - Evaluating path: $['folderId']
13:25:58.293 [Test worker] DEBUG com.jayway.jsonpath.internal.path.CompiledPath - Evaluating path: $['_links']
13:25:58.293 [Test worker] DEBUG com.jayway.jsonpath.internal.path.CompiledPath - Evaluating path: $['_links']
13:25:58.294 [Test worker] DEBUG org.springframework.test.context.cache.DefaultCacheAwareContextLoaderDelegate - Retrieved ApplicationContext from cache with key [[MergedContextConfiguration@6692e92d testClass = FolderResourceTest, locations = '{}', classes = '{class com.marcnuri.isotope.api.folder.FolderResource}', contextInitializerClasses = '[]', activeProfiles = '{}', propertySourceLocations = '{}', propertySourceProperties = '{}', contextCustomizers = set[org.springframework.boot.test.autoconfigure.properties.PropertyMappingContextCustomizer@0, org.springframework.boot.test.autoconfigure.web.servlet.WebDriverContextCustomizerFactory$Customizer@2dc9ad67, org.springframework.boot.test.context.filter.ExcludeFilterContextCustomizer@7975bbf7, org.springframework.boot.test.json.DuplicateJsonObjectContextCustomizerFactory$DuplicateJsonObjectContextCustomizer@2dd9ed03, org.springframework.boot.test.mock.mockito.MockitoContextCustomizer@570072aa], contextLoader = 'org.springframework.test.context.support.DelegatingSmartContextLoader', parent = [null]]]
13:25:58.294 [Test worker] DEBUG org.springframework.test.context.cache - Spring test ApplicationContext cache statistics: [DefaultContextCache@10c13e31 size = 2, maxSize = 32, parentContextCount = 0, hitCount = 104, missCount = 2]
13:25:58.294 [Test worker] DEBUG org.springframework.beans.factory.support.DefaultListableBeanFactory - Returning cached instance of singleton bean 'org.springframework.boot.test.mock.mockito.MockitoBeans'
13:25:58.294 [Test worker] DEBUG org.springframework.test.context.cache.DefaultCacheAwareContextLoaderDelegate - Retrieved ApplicationContext from cache with key [[MergedContextConfiguration@6692e92d testClass = FolderResourceTest, locations = '{}', classes = '{class com.marcnuri.isotope.api.folder.FolderResource}', contextInitializerClasses = '[]', activeProfiles = '{}', propertySourceLocations = '{}', propertySourceProperties = '{}', contextCustomizers = set[org.springframework.boot.test.autoconfigure.properties.PropertyMappingContextCustomizer@0, org.springframework.boot.test.autoconfigure.web.servlet.WebDriverContextCustomizerFactory$Customizer@2dc9ad67, org.springframework.boot.test.context.filter.ExcludeFilterContextCustomizer@7975bbf7, org.springframework.boot.test.json.DuplicateJsonObjectContextCustomizerFactory$DuplicateJsonObjectContextCustomizer@2dd9ed03, org.springframework.boot.test.mock.mockito.MockitoContextCustomizer@570072aa], contextLoader = 'org.springframework.test.context.support.DelegatingSmartContextLoader', parent = [null]]]
13:25:58.294 [Test worker] DEBUG org.springframework.test.context.cache - Spring test ApplicationContext cache statistics: [DefaultContextCache@10c13e31 size = 2, maxSize = 32, parentContextCount = 0, hitCount = 105, missCount = 2]
13:25:58.294 [Test worker] DEBUG org.springframework.test.context.cache.DefaultCacheAwareContextLoaderDelegate - Retrieved ApplicationContext from cache with key [[MergedContextConfiguration@6692e92d testClass = FolderResourceTest, locations = '{}', classes = '{class com.marcnuri.isotope.api.folder.FolderResource}', contextInitializerClasses = '[]', activeProfiles = '{}', propertySourceLocations = '{}', propertySourceProperties = '{}', contextCustomizers = set[org.springframework.boot.test.autoconfigure.properties.PropertyMappingContextCustomizer@0, org.springframework.boot.test.autoconfigure.web.servlet.WebDriverContextCustomizerFactory$Customizer@2dc9ad67, org.springframework.boot.test.context.filter.ExcludeFilterContextCustomizer@7975bbf7, org.springframework.boot.test.json.DuplicateJsonObjectContextCustomizerFactory$DuplicateJsonObjectContextCustomizer@2dd9ed03, org.springframework.boot.test.mock.mockito.MockitoContextCustomizer@570072aa], contextLoader = 'org.springframework.test.context.support.DelegatingSmartContextLoader', parent = [null]]]
13:25:58.294 [Test worker] DEBUG org.springframework.test.context.cache - Spring test ApplicationContext cache statistics: [DefaultContextCache@10c13e31 size = 2, maxSize = 32, parentContextCount = 0, hitCount = 106, missCount = 2]
13:25:58.295 [Test worker] DEBUG reactor.core.publisher.Hooks - Reset to factory defaults : onLastOperator
13:25:58.295 [Test worker] DEBUG org.springframework.test.context.support.AbstractDirtiesContextTestExecutionListener - After test method: context [DefaultTestContext@2ff6fc48 testClass = FolderResourceTest, testInstance = com.marcnuri.isotope.api.folder.FolderResourceTest@675b768a, testMethod = moveFolder_validFolderAndNullBody_shouldReturnOk_movesTargetToRoot@FolderResourceTest, testException = [null], mergedContextConfiguration = [MergedContextConfiguration@6692e92d testClass = FolderResourceTest, locations = '{}', classes = '{class com.marcnuri.isotope.api.folder.FolderResource}', contextInitializerClasses = '[]', activeProfiles = '{}', propertySourceLocations = '{}', propertySourceProperties = '{}', contextCustomizers = set[org.springframework.boot.test.autoconfigure.properties.PropertyMappingContextCustomizer@0, org.springframework.boot.test.autoconfigure.web.servlet.WebDriverContextCustomizerFactory$Customizer@2dc9ad67, org.springframework.boot.test.context.filter.ExcludeFilterContextCustomizer@7975bbf7, org.springframework.boot.test.json.DuplicateJsonObjectContextCustomizerFactory$DuplicateJsonObjectContextCustomizer@2dd9ed03, org.springframework.boot.test.mock.mockito.MockitoContextCustomizer@570072aa], contextLoader = 'org.springframework.test.context.support.DelegatingSmartContextLoader', parent = [null]], attributes = map[[empty]]], class annotated with @DirtiesContext [false] with mode [null], method annotated with @DirtiesContext [false] with mode [null].
13:25:58.295 [Test worker] DEBUG org.springframework.test.annotation.ProfileValueUtils - Retrieved @ProfileValueSourceConfiguration [null] for test class [com.marcnuri.isotope.api.folder.FolderResourceTest]
13:25:58.295 [Test worker] DEBUG org.springframework.test.annotation.ProfileValueUtils - Retrieved ProfileValueSource type [class org.springframework.test.annotation.SystemProfileValueSource] for class [com.marcnuri.isotope.api.folder.FolderResourceTest]
13:25:58.295 [Test worker] DEBUG org.springframework.test.context.cache.DefaultCacheAwareContextLoaderDelegate - Retrieved ApplicationContext from cache with key [[MergedContextConfiguration@6692e92d testClass = FolderResourceTest, locations = '{}', classes = '{class com.marcnuri.isotope.api.folder.FolderResource}', contextInitializerClasses = '[]', activeProfiles = '{}', propertySourceLocations = '{}', propertySourceProperties = '{}', contextCustomizers = set[org.springframework.boot.test.autoconfigure.properties.PropertyMappingContextCustomizer@0, org.springframework.boot.test.autoconfigure.web.servlet.WebDriverContextCustomizerFactory$Customizer@2dc9ad67, org.springframework.boot.test.context.filter.ExcludeFilterContextCustomizer@7975bbf7, org.springframework.boot.test.json.DuplicateJsonObjectContextCustomizerFactory$DuplicateJsonObjectContextCustomizer@2dd9ed03, org.springframework.boot.test.mock.mockito.MockitoContextCustomizer@570072aa], contextLoader = 'org.springframework.test.context.support.DelegatingSmartContextLoader', parent = [null]]]
13:25:58.295 [Test worker] DEBUG org.springframework.test.context.cache - Spring test ApplicationContext cache statistics: [DefaultContextCache@10c13e31 size = 2, maxSize = 32, parentContextCount = 0, hitCount = 107, missCount = 2]
13:25:58.295 [Test worker] DEBUG org.springframework.beans.factory.support.DefaultListableBeanFactory - Returning cached instance of singleton bean 'org.springframework.boot.test.mock.mockito.MockitoPostProcessor'
13:25:58.296 [Test worker] DEBUG org.springframework.beans.factory.support.DefaultListableBeanFactory - Returning cached instance of singleton bean 'prototypeImapService'
13:25:58.296 [Test worker] DEBUG org.springframework.test.context.support.DependencyInjectionTestExecutionListener - Performing dependency injection for test context [[DefaultTestContext@2ff6fc48 testClass = FolderResourceTest, testInstance = com.marcnuri.isotope.api.folder.FolderResourceTest@2770f7ed, testMethod = [null], testException = [null], mergedContextConfiguration = [MergedContextConfiguration@6692e92d testClass = FolderResourceTest, locations = '{}', classes = '{class com.marcnuri.isotope.api.folder.FolderResource}', contextInitializerClasses = '[]', activeProfiles = '{}', propertySourceLocations = '{}', propertySourceProperties = '{}', contextCustomizers = set[org.springframework.boot.test.autoconfigure.properties.PropertyMappingContextCustomizer@0, org.springframework.boot.test.autoconfigure.web.servlet.WebDriverContextCustomizerFactory$Customizer@2dc9ad67, org.springframework.boot.test.context.filter.ExcludeFilterContextCustomizer@7975bbf7, org.springframework.boot.test.json.DuplicateJsonObjectContextCustomizerFactory$DuplicateJsonObjectContextCustomizer@2dd9ed03, org.springframework.boot.test.mock.mockito.MockitoContextCustomizer@570072aa], contextLoader = 'org.springframework.test.context.support.DelegatingSmartContextLoader', parent = [null]], attributes = map[[empty]]]].
13:25:58.296 [Test worker] DEBUG org.springframework.test.context.cache.DefaultCacheAwareContextLoaderDelegate - Retrieved ApplicationContext from cache with key [[MergedContextConfiguration@6692e92d testClass = FolderResourceTest, locations = '{}', classes = '{class com.marcnuri.isotope.api.folder.FolderResource}', contextInitializerClasses = '[]', activeProfiles = '{}', propertySourceLocations = '{}', propertySourceProperties = '{}', contextCustomizers = set[org.springframework.boot.test.autoconfigure.properties.PropertyMappingContextCustomizer@0, org.springframework.boot.test.autoconfigure.web.servlet.WebDriverContextCustomizerFactory$Customizer@2dc9ad67, org.springframework.boot.test.context.filter.ExcludeFilterContextCustomizer@7975bbf7, org.springframework.boot.test.json.DuplicateJsonObjectContextCustomizerFactory$DuplicateJsonObjectContextCustomizer@2dd9ed03, org.springframework.boot.test.mock.mockito.MockitoContextCustomizer@570072aa], contextLoader = 'org.springframework.test.context.support.DelegatingSmartContextLoader', parent = [null]]]
13:25:58.296 [Test worker] DEBUG org.springframework.test.context.cache - Spring test ApplicationContext cache statistics: [DefaultContextCache@10c13e31 size = 2, maxSize = 32, parentContextCount = 0, hitCount = 108, missCount = 2]
13:25:58.296 [Test worker] DEBUG org.springframework.beans.factory.annotation.InjectionMetadata - Processing injected element of bean 'com.marcnuri.isotope.api.folder.FolderResourceTest': AutowiredFieldElement for private com.marcnuri.isotope.api.folder.FolderResource com.marcnuri.isotope.api.folder.FolderResourceTest.folderResource
13:25:58.296 [Test worker] DEBUG org.springframework.beans.factory.support.DefaultListableBeanFactory - Returning cached instance of singleton bean 'folderResource'
13:25:58.297 [Test worker] DEBUG org.springframework.test.context.support.AbstractDirtiesContextTestExecutionListener - Before test method: context [DefaultTestContext@2ff6fc48 testClass = FolderResourceTest, testInstance = com.marcnuri.isotope.api.folder.FolderResourceTest@2770f7ed, testMethod = getFolders_na_shouldReturnOk@FolderResourceTest, testException = [null], mergedContextConfiguration = [MergedContextConfiguration@6692e92d testClass = FolderResourceTest, locations = '{}', classes = '{class com.marcnuri.isotope.api.folder.FolderResource}', contextInitializerClasses = '[]', activeProfiles = '{}', propertySourceLocations = '{}', propertySourceProperties = '{}', contextCustomizers = set[org.springframework.boot.test.autoconfigure.properties.PropertyMappingContextCustomizer@0, org.springframework.boot.test.autoconfigure.web.servlet.WebDriverContextCustomizerFactory$Customizer@2dc9ad67, org.springframework.boot.test.context.filter.ExcludeFilterContextCustomizer@7975bbf7, org.springframework.boot.test.json.DuplicateJsonObjectContextCustomizerFactory$DuplicateJsonObjectContextCustomizer@2dd9ed03, org.springframework.boot.test.mock.mockito.MockitoContextCustomizer@570072aa], contextLoader = 'org.springframework.test.context.support.DelegatingSmartContextLoader', parent = [null]], attributes = map[[empty]]], class annotated with @DirtiesContext [false] with mode [null], method annotated with @DirtiesContext [false] with mode [null].
13:25:58.297 [Test worker] DEBUG reactor.core.publisher.Hooks - Hooking onLastOperator: reactor.core.publisher.Operators$LiftFunction@ad4f1b9
13:25:58.298 [Test worker] DEBUG org.springframework.test.context.cache.DefaultCacheAwareContextLoaderDelegate - Retrieved ApplicationContext from cache with key [[MergedContextConfiguration@6692e92d testClass = FolderResourceTest, locations = '{}', classes = '{class com.marcnuri.isotope.api.folder.FolderResource}', contextInitializerClasses = '[]', activeProfiles = '{}', propertySourceLocations = '{}', propertySourceProperties = '{}', contextCustomizers = set[org.springframework.boot.test.autoconfigure.properties.PropertyMappingContextCustomizer@0, org.springframework.boot.test.autoconfigure.web.servlet.WebDriverContextCustomizerFactory$Customizer@2dc9ad67, org.springframework.boot.test.context.filter.ExcludeFilterContextCustomizer@7975bbf7, org.springframework.boot.test.json.DuplicateJsonObjectContextCustomizerFactory$DuplicateJsonObjectContextCustomizer@2dd9ed03, org.springframework.boot.test.mock.mockito.MockitoContextCustomizer@570072aa], contextLoader = 'org.springframework.test.context.support.DelegatingSmartContextLoader', parent = [null]]]
13:25:58.298 [Test worker] DEBUG org.springframework.test.context.cache - Spring test ApplicationContext cache statistics: [DefaultContextCache@10c13e31 size = 2, maxSize = 32, parentContextCount = 0, hitCount = 109, missCount = 2]
13:25:58.298 [Test worker] DEBUG org.springframework.beans.factory.support.DefaultListableBeanFactory - Returning cached instance of singleton bean 'org.springframework.boot.test.mock.mockito.MockitoBeans'
13:25:58.298 [Test worker] DEBUG org.springframework.core.env.StandardEnvironment - Adding PropertySource 'systemProperties' with lowest search precedence
13:25:58.298 [Test worker] DEBUG org.springframework.core.env.StandardEnvironment - Adding PropertySource 'systemEnvironment' with lowest search precedence
13:25:58.298 [Test worker] DEBUG org.springframework.core.env.StandardEnvironment - Initialized StandardEnvironment with PropertySources [MapPropertySource@743613464 {name='systemProperties', properties={java.runtime.name=OpenJDK Runtime Environment, sun.boot.library.path=C:\Program Files\AdoptOpenJDK\jdk-8.0.242.08-hotspot\jre\bin, java.vm.version=25.242-b08, java.vm.vendor=, java.vendor.url=http://java.oracle.com/, path.separator=;, java.vm.name=OpenJDK 64-Bit Server VM, file.encoding.pkg=sun.io, user.script=, sun.java.launcher=SUN_STANDARD, user.country=GB, sun.os.patch.level=, java.vm.specification.name=Java Virtual Machine Specification, user.dir=C:\azure-devops\git\eShopOnContainers\src\Web\WebImapClient\Client\server, java.runtime.version=1.8.0_242-b08, java.awt.graphicsenv=sun.awt.Win32GraphicsEnvironment, java.endorsed.dirs=C:\Program Files\AdoptOpenJDK\jdk-8.0.242.08-hotspot\jre\lib\endorsed, os.arch=amd64, java.io.tmpdir=C:\Users\jorge\AppData\Local\Temp\, line.separator=
, java.vm.specification.vendor=Oracle Corporation, user.variant=, os.name=Windows 10, sun.jnu.encoding=Cp1252, java.library.path=C:\Program Files\AdoptOpenJDK\jdk-8.0.242.08-hotspot\bin;C:\Windows\Sun\Java\bin;C:\Windows\system32;C:\Windows;C:\Program Files\AdoptOpenJDK\jdk-8.0.242.08-hotspot\bin;C:\Program Files (x86)\Common Files\Oracle\Java\javapath;C:\Python27\;C:\Python27\Scripts;C:\ProgramData\DockerDesktop\version-bin;C:\Program Files\Docker\Docker\Resources\bin;C:\Windows\system32;C:\Windows;C:\Windows\System32\Wbem;C:\Windows\System32\WindowsPowerShell\v1.0\;C:\Windows\System32\OpenSSH\;C:\Program Files (x86)\NVIDIA Corporation\PhysX\Common;C:\Program Files\dotnet\;C:\Program Files\Microsoft SQL Server\130\Tools\Binn\;C:\Program Files\Microsoft SQL Server\Client SDK\ODBC\170\Tools\Binn\;C:\Program Files (x86)\Microsoft SQL Server\150\DTS\Binn\;C:\Program Files\Git\cmd;C:\Program Files (x86)\Microsoft ASP.NET\ASP.NET Web Pages\v1.0\;C:\Program Files\Microsoft SQL Server\110\Tools\Binn\;C:\Windows\system32\config\systemprofile\.dnx\bin;C:\Program Files\Microsoft DNX\Dnvm\;C:\Program Files\nodejs\;C:\ProgramData\chocolatey\bin;C:\Program Files\Microsoft\Web Platform Installer\;C:\Users\jorge\AppData\Local\Microsoft\WindowsApps;C:\Users\jorge\AppData\Local\Programs\Microsoft VS Code\bin;C:\Users\jorge\.dotnet\tools;C:\Users\jorge\AppData\Roaming\npm;C:\Users\jorge\AppData\Local\GitHubDesktop\bin;., java.specification.name=Java Platform API Specification, java.class.version=52.0, org.gradle.native=false, sun.management.compiler=HotSpot 64-Bit Tiered Compilers, os.version=10.0, user.home=C:\Users\jorge, user.timezone=Europe/Paris, java.awt.printerjob=sun.awt.windows.WPrinterJob, file.encoding=windows-1252, java.specification.version=1.8, java.class.path=C:\azure-devops\git\eShopOnContainers\src\Web\WebImapClient\Client\server\build\classes\java\test;C:\azure-devops\git\eShopOnContainers\src\Web\WebImapClient\Client\server\build\resources\test;C:\azure-devops\git\eShopOnContainers\src\Web\WebImapClient\Client\server\build\classes\java\main;C:\azure-devops\git\eShopOnContainers\src\Web\WebImapClient\Client\server\build\resources\main;C:\Users\jorge\.gradle\caches\modules-2\files-2.1\org.springframework.boot\spring-boot-starter-actuator\2.0.4.RELEASE\24e901473279d9c18e0a0f8037d58b18c8297dca\spring-boot-starter-actuator-2.0.4.RELEASE.jar;C:\Users\jorge\.gradle\caches\modules-2\files-2.1\org.springframework.boot\spring-boot-starter-security\2.0.4.RELEASE\2ac314e5985fd9ae0d2acaea450f4f6c3dbd7f92\spring-boot-starter-security-2.0.4.RELEASE.jar;C:\Users\jorge\.gradle\caches\modules-2\files-2.1\org.springframework.boot\spring-boot-starter-webflux\2.0.4.RELEASE\a52fcd02fb6129e14f2b4b36acc5748368563c93\spring-boot-starter-webflux-2.0.4.RELEASE.jar;C:\Users\jorge\.gradle\caches\modules-2\files-2.1\org.springframework.boot\spring-boot-starter-test\2.0.4.RELEASE\8f473705d2742b669f0318f10a956f94a93ba3d2\spring-boot-starter-test-2.0.4.RELEASE.jar;C:\Users\jorge\.gradle\caches\modules-2\files-2.1\org.springframework.boot\spring-boot-starter-hateoas\2.0.4.RELEASE\2f115bebeffea81859c6d874457fa8db16b10747\spring-boot-starter-hateoas-2.0.4.RELEASE.jar;C:\Users\jorge\.gradle\caches\modules-2\files-2.1\org.springframework.boot\spring-boot-starter-web\2.0.4.RELEASE\98d49e981ecf804da877d84259b7b0d1ec2fb6f6\spring-boot-starter-web-2.0.4.RELEASE.jar;C:\Users\jorge\.gradle\caches\modules-2\files-2.1\org.springframework.boot\spring-boot-starter-json\2.0.4.RELEASE\c7afabf0d7c85db178da4ce0634e3bd2ddb0eb71\spring-boot-starter-json-2.0.4.RELEASE.jar;C:\Users\jorge\.gradle\caches\modules-2\files-2.1\org.springframework.boot\spring-boot-starter\2.0.4.RELEASE\ec46c63a2adeee40058eff1a6baefca13975dc94\spring-boot-starter-2.0.4.RELEASE.jar;C:\Users\jorge\.gradle\caches\modules-2\files-2.1\com.sun.mail\javax.mail\1.6.1\757ba4630692bb2a1ec2d9d57a616b63f15e947e\javax.mail-1.6.1.jar;C:\Users\jorge\.gradle\caches\modules-2\files-2.1\org.springframework.boot\spring-boot-actuator-autoconfigure\2.0.4.RELEASE\2cadc1d20a1f9ee667a608cfee154138e954f5f2\spring-boot-actuator-autoconfigure-2.0.4.RELEASE.jar;C:\Users\jorge\.gradle\caches\modules-2\files-2.1\com.fasterxml.jackson.datatype\jackson-datatype-jsr310\2.9.6\ea54f6193d224e5e5732bbd4262327eb465397c2\jackson-datatype-jsr310-2.9.6.jar;C:\Users\jorge\.gradle\caches\modules-2\files-2.1\commons-io\commons-io\2.6\815893df5f31da2ece4040fe0a12fd44b577afaf\commons-io-2.6.jar;C:\Users\jorge\.gradle\caches\modules-2\files-2.1\org.springframework.security\spring-security-test\5.0.7.RELEASE\a74c9ab10d53baa3bb7a731753fe0c6d9ab9d848\spring-security-test-5.0.7.RELEASE.jar;C:\Users\jorge\.gradle\caches\modules-2\files-2.1\com.marcnuri\spring-common-test\0.0.2\da9c2c5e849c7dcbbe99d190bedffa5e6fe450a5\spring-common-test-0.0.2.jar;C:\Users\jorge\.gradle\caches\modules-2\files-2.1\org.hamcrest\java-hamcrest\2.0.0.0\f1c8853ade0ecf707f5a261c830e98893983813\java-hamcrest-2.0.0.0.jar;C:\Users\jorge\.gradle\caches\modules-2\files-2.1\org.powermock\powermock-module-junit4\2.0.0-RC.3\b9a04b492e2b93e93617ba457f76aebbf00fc221\powermock-module-junit4-2.0.0-RC.3.jar;C:\Users\jorge\.gradle\caches\modules-2\files-2.1\org.powermock\powermock-api-mockito2\2.0.0-RC.3\f85a8404be063ef15c5fdd3745b11d2fba875fcd\powermock-api-mockito2-2.0.0-RC.3.jar;C:\Users\jorge\.gradle\caches\modules-2\files-2.1\org.springframework.boot\spring-boot-test-autoconfigure\2.0.4.RELEASE\8a2e3f31e607fdb08deda2f59263ce177f1c4310\spring-boot-test-autoconfigure-2.0.4.RELEASE.jar;C:\Users\jorge\.gradle\caches\modules-2\files-2.1\org.springframework.boot\spring-boot-test\2.0.4.RELEASE\8a17fc3cf16b6d75f2ba132ade04409a670095de\spring-boot-test-2.0.4.RELEASE.jar;C:\Users\jorge\.gradle\caches\modules-2\files-2.1\org.springframework.boot\spring-boot-autoconfigure\2.0.4.RELEASE\65cd1244d606acc02ab7bfc47a203a3fe2400dda\spring-boot-autoconfigure-2.0.4.RELEASE.jar;C:\Users\jorge\.gradle\caches\modules-2\files-2.1\org.springframework.boot\spring-boot-actuator\2.0.4.RELEASE\9c02c968eb50a7cdc14fc4c7b586d767df6dc48d\spring-boot-actuator-2.0.4.RELEASE.jar;C:\Users\jorge\.gradle\caches\modules-2\files-2.1\org.springframework.boot\spring-boot\2.0.4.RELEASE\c8619c5b06d4dcdb4cac1e5e9c839e6e8b1c8574\spring-boot-2.0.4.RELEASE.jar;C:\Users\jorge\.gradle\caches\modules-2\files-2.1\org.springframework.boot\spring-boot-starter-logging\2.0.4.RELEASE\dcd1a2c431c970f44adae64d9145133979a513ab\spring-boot-starter-logging-2.0.4.RELEASE.jar;C:\Users\jorge\.gradle\caches\modules-2\files-2.1\org.springframework.boot\spring-boot-starter-tomcat\2.0.4.RELEASE\dcf28989a34b0801fea0e810c371fb9dab1e7784\spring-boot-starter-tomcat-2.0.4.RELEASE.jar;C:\Users\jorge\.gradle\caches\modules-2\files-2.1\javax.annotation\javax.annotation-api\1.3.2\934c04d3cfef185a8008e7bf34331b79730a9d43\javax.annotation-api-1.3.2.jar;C:\Users\jorge\.gradle\caches\modules-2\files-2.1\org.springframework.security\spring-security-config\5.0.7.RELEASE\d702e01048687db4ec6c97fb32d28ffbe348b3e\spring-security-config-5.0.7.RELEASE.jar;C:\Users\jorge\.gradle\caches\modules-2\files-2.1\org.springframework.security\spring-security-web\5.0.7.RELEASE\bab3ed579d4550bb5cc40b0a7fddd0106db7c66\spring-security-web-5.0.7.RELEASE.jar;C:\Users\jorge\.gradle\caches\modules-2\files-2.1\org.springframework.hateoas\spring-hateoas\0.25.0.RELEASE\22d1abd575426709734ab83e7d81d6deb4addbf6\spring-hateoas-0.25.0.RELEASE.jar;C:\Users\jorge\.gradle\caches\modules-2\files-2.1\org.springframework\spring-webflux\5.0.8.RELEASE\d16ce1cf6f95771e821619d6ef13c1f0333fafb\spring-webflux-5.0.8.RELEASE.jar;C:\Users\jorge\.gradle\caches\modules-2\files-2.1\org.springframework\spring-webmvc\5.0.8.RELEASE\7e5fe57590ca8e4468e50fe1d92b0b67aa4a327a\spring-webmvc-5.0.8.RELEASE.jar;C:\Users\jorge\.gradle\caches\modules-2\files-2.1\org.springframework\spring-web\5.0.8.RELEASE\fa43cdadb4ab2491fd1d0ddb06c0808e4b60fc85\spring-web-5.0.8.RELEASE.jar;C:\Users\jorge\.gradle\caches\modules-2\files-2.1\org.springframework\spring-test\5.0.8.RELEASE\5782619373bd7e7b7d9106203c317b04bb613ebb\spring-test-5.0.8.RELEASE.jar;C:\Users\jorge\.gradle\caches\modules-2\files-2.1\org.springframework.security\spring-security-core\5.0.7.RELEASE\40a0c57af6b4c3f8c611216d2579c6ab19672694\spring-security-core-5.0.7.RELEASE.jar;C:\Users\jorge\.gradle\caches\modules-2\files-2.1\org.springframework.plugin\spring-plugin-core\1.2.0.RELEASE\f380e7760032e7d929184f8ad8a33716b75c0657\spring-plugin-core-1.2.0.RELEASE.jar;C:\Users\jorge\.gradle\caches\modules-2\files-2.1\org.springframework\spring-context\5.0.8.RELEASE\3a067d8990761111c9b6d1d895640be26cc1fb38\spring-context-5.0.8.RELEASE.jar;C:\Users\jorge\.gradle\caches\modules-2\files-2.1\org.springframework\spring-aop\5.0.8.RELEASE\f5086c1a3185c481104511837427b39a07a57aa2\spring-aop-5.0.8.RELEASE.jar;C:\Users\jorge\.gradle\caches\modules-2\files-2.1\org.springframework\spring-beans\5.0.8.RELEASE\5fc965d3e7f5515099244857a8ae9e2a208c169b\spring-beans-5.0.8.RELEASE.jar;C:\Users\jorge\.gradle\caches\modules-2\files-2.1\org.springframework\spring-expression\5.0.8.RELEASE\f23158f22c917df2cddf2ecebc398a9e95f95fae\spring-expression-5.0.8.RELEASE.jar;C:\Users\jorge\.gradle\caches\modules-2\files-2.1\org.springframework\spring-core\5.0.8.RELEASE\dc39c49e3246cdf73d3786ac41119140aed3fa08\spring-core-5.0.8.RELEASE.jar;C:\Users\jorge\.gradle\caches\modules-2\files-2.1\org.yaml\snakeyaml\1.19\2d998d3d674b172a588e54ab619854d073f555b5\snakeyaml-1.19.jar;C:\Users\jorge\.gradle\caches\modules-2\files-2.1\io.micrometer\micrometer-core\1.0.6\50299bc8a34c251d62311bbb1a297f3942a82e42\micrometer-core-1.0.6.jar;C:\Users\jorge\.gradle\caches\modules-2\files-2.1\org.springframework.boot\spring-boot-starter-reactor-netty\2.0.4.RELEASE\ed4ac88f7fc699a9cbb6ee804a26e2e30239ca35\spring-boot-starter-reactor-netty-2.0.4.RELEASE.jar;C:\Users\jorge\.gradle\caches\modules-2\files-2.1\org.hibernate.validator\hibernate-validator\6.0.11.Final\36f9d10a11e4768f55e8fb91ebe4338a5c43954e\hibernate-validator-6.0.11.Final.jar;C:\Users\jorge\.gradle\caches\modules-2\files-2.1\org.synchronoss.cloud\nio-multipart-parser\1.1.0\c6c417fec6612584b1c34d4dd98c5a4e47e8c754\nio-multipart-parser-1.1.0.jar;C:\Users\jorge\.gradle\caches\modules-2\files-2.1\javax.activation\activation\1.1\e6cb541461c2834bdea3eb920f1884d1eb508b50\activation-1.1.jar;C:\Users\jorge\.gradle\caches\modules-2\files-2.1\com.fasterxml.jackson.datatype\jackson-datatype-jdk8\2.9.6\456895fc91bf7180b216fead220373e6278230c9\jackson-datatype-jdk8-2.9.6.jar;C:\Users\jorge\.gradle\caches\modules-2\files-2.1\com.fasterxml.jackson.module\jackson-module-parameter-names\2.9.6\129acd77a4b6ee30d62d3a0899b1344c8ec2bff8\jackson-module-parameter-names-2.9.6.jar;C:\Users\jorge\.gradle\caches\modules-2\files-2.1\com.fasterxml.jackson.core\jackson-databind\2.9.6\cfa4f316351a91bfd95cb0644c6a2c95f52db1fc\jackson-databind-2.9.6.jar;C:\Users\jorge\.gradle\caches\modules-2\files-2.1\com.fasterxml.jackson.core\jackson-annotations\2.9.0\7c10d545325e3a6e72e06381afe469fd40eb701\jackson-annotations-2.9.0.jar;C:\Users\jorge\.gradle\caches\modules-2\files-2.1\com.fasterxml.jackson.core\jackson-core\2.9.6\4e393793c37c77e042ccc7be5a914ae39251b365\jackson-core-2.9.6.jar;C:\Users\jorge\.gradle\caches\modules-2\files-2.1\com.jayway.jsonpath\json-path\2.4.0\765a4401ceb2dc8d40553c2075eb80a8fa35c2ae\json-path-2.4.0.jar;C:\Users\jorge\.gradle\caches\modules-2\files-2.1\org.powermock\powermock-module-junit4-common\2.0.0-RC.3\f09137abdf1aeea2df214037eab50ed864602c9a\powermock-module-junit4-common-2.0.0-RC.3.jar;C:\Users\jorge\.gradle\caches\modules-2\files-2.1\junit\junit\4.12\2973d150c0dc1fefe998f834810d68f278ea58ec\junit-4.12.jar;C:\Users\jorge\.gradle\caches\modules-2\files-2.1\org.assertj\assertj-core\3.9.1\c5ce126b15f28d56cd8f960c1a6a058b9c9aea87\assertj-core-3.9.1.jar;C:\Users\jorge\.gradle\caches\modules-2\files-2.1\org.mockito\mockito-core\2.15.0\b84bfbbc29cd22c9529409627af6ea2897f4fa85\mockito-core-2.15.0.jar;C:\Users\jorge\.gradle\caches\modules-2\files-2.1\org.hamcrest\hamcrest-library\1.3\4785a3c21320980282f9f33d0d1264a69040538f\hamcrest-library-1.3.jar;C:\Users\jorge\.gradle\caches\modules-2\files-2.1\org.hamcrest\hamcrest-core\1.3\42a25dc3219429f0e5d060061f71acb49bf010a0\hamcrest-core-1.3.jar;C:\Users\jorge\.gradle\caches\modules-2\files-2.1\org.skyscreamer\jsonassert\1.5.0\6c9d5fe2f59da598d9aefc1cfc6528ff3cf32df3\jsonassert-1.5.0.jar;C:\Users\jorge\.gradle\caches\modules-2\files-2.1\org.xmlunit\xmlunit-core\2.5.1\4ffdb346572a7356f7521cd3119ce5287d2e339d\xmlunit-core-2.5.1.jar;C:\Users\jorge\.gradle\caches\modules-2\files-2.1\org.powermock\powermock-api-support\2.0.0-RC.3\a23d6bdbcf865513c9f6992134152be80504e499\powermock-api-support-2.0.0-RC.3.jar;C:\Users\jorge\.gradle\caches\modules-2\files-2.1\ch.qos.logback\logback-classic\1.2.3\7c4f3c474fb2c041d8028740440937705ebb473a\logback-classic-1.2.3.jar;C:\Users\jorge\.gradle\caches\modules-2\files-2.1\org.apache.logging.log4j\log4j-to-slf4j\2.10.0\f7e631ccf49cfc0aefa4a2a728da7d374c05bd3c\log4j-to-slf4j-2.10.0.jar;C:\Users\jorge\.gradle\caches\modules-2\files-2.1\org.slf4j\jul-to-slf4j\1.7.25\af5364cd6679bfffb114f0dec8a157aaa283b76\jul-to-slf4j-1.7.25.jar;C:\Users\jorge\.gradle\caches\modules-2\files-2.1\org.springframework\spring-jcl\5.0.8.RELEASE\a1fa8fb560fb252321776e16bc9ac8201af4ef5e\spring-jcl-5.0.8.RELEASE.jar;C:\Users\jorge\.gradle\caches\modules-2\files-2.1\org.hdrhistogram\HdrHistogram\2.1.10\9e1ac84eed220281841b75e72fb9de5a297fbf04\HdrHistogram-2.1.10.jar;C:\Users\jorge\.gradle\caches\modules-2\files-2.1\org.latencyutils\LatencyUtils\2.0.3\769c0b82cb2421c8256300e907298a9410a2a3d3\LatencyUtils-2.0.3.jar;C:\Users\jorge\.gradle\caches\modules-2\files-2.1\org.synchronoss.cloud\nio-stream-storage\1.1.3\986dba5f6e5eed20f0dba6ddc8e8a64a9ebdc2f3\nio-stream-storage-1.1.3.jar;C:\Users\jorge\.gradle\caches\modules-2\files-2.1\org.slf4j\slf4j-api\1.7.25\da76ca59f6a57ee3102f8f9bd9cee742973efa8a\slf4j-api-1.7.25.jar;C:\Users\jorge\.gradle\caches\modules-2\files-2.1\io.projectreactor.ipc\reactor-netty\0.7.8.RELEASE\fe25c7d3042b6005690f7d243cef987b696a12ee\reactor-netty-0.7.8.RELEASE.jar;C:\Users\jorge\.gradle\caches\modules-2\files-2.1\javax.validation\validation-api\2.0.1.Final\cb855558e6271b1b32e716d24cb85c7f583ce09e\validation-api-2.0.1.Final.jar;C:\Users\jorge\.gradle\caches\modules-2\files-2.1\org.jboss.logging\jboss-logging\3.3.2.Final\3789d00e859632e6c6206adc0c71625559e6e3b0\jboss-logging-3.3.2.Final.jar;C:\Users\jorge\.gradle\caches\modules-2\files-2.1\com.fasterxml\classmate\1.3.4\3d5f48f10bbe4eb7bd862f10c0583be2e0053c6\classmate-1.3.4.jar;C:\Users\jorge\.gradle\caches\modules-2\files-2.1\io.projectreactor\reactor-core\3.1.8.RELEASE\3bcc30f9161d3d17abe44b4aa20e397e5170566e\reactor-core-3.1.8.RELEASE.jar;C:\Users\jorge\.gradle\caches\modules-2\files-2.1\net.minidev\json-smart\2.3\7396407491352ce4fa30de92efb158adb76b5b\json-smart-2.3.jar;C:\Users\jorge\.gradle\caches\modules-2\files-2.1\org.powermock\powermock-core\2.0.0-RC.3\f958479ea1f0d1ba37cf65b6612fccfbaf4d8dd3\powermock-core-2.0.0-RC.3.jar;C:\Users\jorge\.gradle\caches\modules-2\files-2.1\org.powermock\powermock-reflect\2.0.0-RC.3\c10437486ae35b91666c2591fd7b1a8054b4573c\powermock-reflect-2.0.0-RC.3.jar;C:\Users\jorge\.gradle\caches\modules-2\files-2.1\net.bytebuddy\byte-buddy\1.7.11\f02857a4e2c66ccbe7aaad6100a0a6c461bce9b3\byte-buddy-1.7.11.jar;C:\Users\jorge\.gradle\caches\modules-2\files-2.1\net.bytebuddy\byte-buddy-agent\1.7.11\b425a8933ca07edd03c6dbc8bc3b595fba9780de\byte-buddy-agent-1.7.11.jar;C:\Users\jorge\.gradle\caches\modules-2\files-2.1\org.objenesis\objenesis\3.0.1\11cfac598df9dc48bb9ed9357ed04212694b7808\objenesis-3.0.1.jar;C:\Users\jorge\.gradle\caches\modules-2\files-2.1\com.vaadin.external.google\android-json\0.0.20131108.vaadin1\fa26d351fe62a6a17f5cda1287c1c6110dec413f\android-json-0.0.20131108.vaadin1.jar;C:\Users\jorge\.gradle\caches\modules-2\files-2.1\ch.qos.logback\logback-core\1.2.3\864344400c3d4d92dfeb0a305dc87d953677c03c\logback-core-1.2.3.jar;C:\Users\jorge\.gradle\caches\modules-2\files-2.1\org.apache.logging.log4j\log4j-api\2.10.0\fec5797a55b786184a537abd39c3fa1449d752d6\log4j-api-2.10.0.jar;C:\Users\jorge\.gradle\caches\modules-2\files-2.1\org.apache.tomcat.embed\tomcat-embed-websocket\8.5.32\ea5302e378f1449d4e5dda79e8d810c1e7931f91\tomcat-embed-websocket-8.5.32.jar;C:\Users\jorge\.gradle\caches\modules-2\files-2.1\org.apache.tomcat.embed\tomcat-embed-core\8.5.32\6bc6896200146010cc4666bdc6b9b0cbb453ee22\tomcat-embed-core-8.5.32.jar;C:\Users\jorge\.gradle\caches\modules-2\files-2.1\org.apache.tomcat.embed\tomcat-embed-el\8.5.32\e4fd0ee015d83fa1c5ec93ff1d05bdaf9a4480c5\tomcat-embed-el-8.5.32.jar;C:\Users\jorge\.gradle\caches\modules-2\files-2.1\io.netty\netty-handler-proxy\4.1.27.Final\1a822ce7760bc6eb4937b7e448c9e081fedcc807\netty-handler-proxy-4.1.27.Final.jar;C:\Users\jorge\.gradle\caches\modules-2\files-2.1\io.netty\netty-codec-http\4.1.27.Final\a1722d6bcbbef1c4c7877e8bf38b07a3db5ed07f\netty-codec-http-4.1.27.Final.jar;C:\Users\jorge\.gradle\caches\modules-2\files-2.1\io.netty\netty-handler\4.1.27.Final\21bd9cf565390a8d72579b8664303e3c175dfc6a\netty-handler-4.1.27.Final.jar;C:\Users\jorge\.gradle\caches\modules-2\files-2.1\io.netty\netty-transport-native-epoll\4.1.27.Final\8c3a61a7dd53eafe2f0fe31356f1379598f74517\netty-transport-native-epoll-4.1.27.Final-linux-x86_64.jar;C:\Users\jorge\.gradle\caches\modules-2\files-2.1\org.reactivestreams\reactive-streams\1.0.2\323964c36556eb0e6209f65c1cef72b53b461ab8\reactive-streams-1.0.2.jar;C:\Users\jorge\.gradle\caches\modules-2\files-2.1\net.minidev\accessors-smart\1.2\c592b500269bfde36096641b01238a8350f8aa31\accessors-smart-1.2.jar;C:\Users\jorge\.gradle\caches\modules-2\files-2.1\org.javassist\javassist\3.24.0-GA\d7466fc2e3af7c023e95c510f06448ad29b225b3\javassist-3.24.0-GA.jar;C:\Users\jorge\.gradle\caches\modules-2\files-2.1\io.netty\netty-codec-socks\4.1.27.Final\285b09af98764cf02e4b77b3d95af188469a7133\netty-codec-socks-4.1.27.Final.jar;C:\Users\jorge\.gradle\caches\modules-2\files-2.1\io.netty\netty-codec\4.1.27.Final\d2653d78ebaa650064768fb26b10051f5c8efb2c\netty-codec-4.1.27.Final.jar;C:\Users\jorge\.gradle\caches\modules-2\files-2.1\io.netty\netty-transport-native-unix-common\4.1.27.Final\2b0667fe5c1df78c6cfbf9d53ad8b1fb533fb8e8\netty-transport-native-unix-common-4.1.27.Final.jar;C:\Users\jorge\.gradle\caches\modules-2\files-2.1\io.netty\netty-transport\4.1.27.Final\b5c2da3ea89dd67320925f1504c9eb3615241b7c\netty-transport-4.1.27.Final.jar;C:\Users\jorge\.gradle\caches\modules-2\files-2.1\io.netty\netty-buffer\4.1.27.Final\aafe2b9fb0d8f3b200cf10b9fd6486c6a722d7a1\netty-buffer-4.1.27.Final.jar;C:\Users\jorge\.gradle\caches\modules-2\files-2.1\io.netty\netty-resolver\4.1.27.Final\2536447ef9605ccb2b5203aa22392c6514484ea9\netty-resolver-4.1.27.Final.jar;C:\Users\jorge\.gradle\caches\modules-2\files-2.1\io.netty\netty-common\4.1.27.Final\6a12a969c27fb37b230c4bde5a67bd822fa6b7a4\netty-common-4.1.27.Final.jar;C:\Users\jorge\.gradle\caches\modules-2\files-2.1\org.ow2.asm\asm\5.0.4\da08b8cce7bbf903602a25a3a163ae252435795\asm-5.0.4.jar, user.name=jorge, java.vm.specification.version=1.8, sun.java.command=worker.org.gradle.process.internal.worker.GradleWorkerMain 'Gradle Test Executor 1', java.home=C:\Program Files\AdoptOpenJDK\jdk-8.0.242.08-hotspot\jre, sun.arch.data.model=64, user.language=en, java.specification.vendor=Oracle Corporation, awt.toolkit=sun.awt.windows.WToolkit, java.vm.info=mixed mode, java.version=1.8.0_242, java.ext.dirs=C:\Program Files\AdoptOpenJDK\jdk-8.0.242.08-hotspot\jre\lib\ext;C:\Windows\Sun\Java\lib\ext, sun.boot.class.path=C:\Program Files\AdoptOpenJDK\jdk-8.0.242.08-hotspot\jre\lib\resources.jar;C:\Program Files\AdoptOpenJDK\jdk-8.0.242.08-hotspot\jre\lib\rt.jar;C:\Program Files\AdoptOpenJDK\jdk-8.0.242.08-hotspot\jre\lib\sunrsasign.jar;C:\Program Files\AdoptOpenJDK\jdk-8.0.242.08-hotspot\jre\lib\jsse.jar;C:\Program Files\AdoptOpenJDK\jdk-8.0.242.08-hotspot\jre\lib\jce.jar;C:\Program Files\AdoptOpenJDK\jdk-8.0.242.08-hotspot\jre\lib\charsets.jar;C:\Program Files\AdoptOpenJDK\jdk-8.0.242.08-hotspot\jre\lib\jfr.jar;C:\Program Files\AdoptOpenJDK\jdk-8.0.242.08-hotspot\jre\classes, java.vendor=AdoptOpenJDK, org.gradle.test.worker=1, file.separator=\, java.vendor.url.bug=http://bugreport.sun.com/bugreport/, sun.io.unicode.encoding=UnicodeLittle, sun.cpu.endian=little, sun.desktop=windows, sun.cpu.isalist=amd64}}, SystemEnvironmentPropertySource@1707899326 {name='systemEnvironment', properties={USERDOMAIN_ROAMINGPROFILE=DESKTOP-U7U4TE6, PROCESSOR_LEVEL=6, VS140COMNTOOLS=C:\Program Files (x86)\Microsoft Visual Studio 14.0\Common7\Tools\, SESSIONNAME=Console, ALLUSERSPROFILE=C:\ProgramData, PROCESSOR_ARCHITECTURE=AMD64, PSModulePath=C:\Users\jorge\Documents\WindowsPowerShell\Modules;C:\Program Files\WindowsPowerShell\Modules;C:\Windows\system32\WindowsPowerShell\v1.0\Modules, SystemDrive=C:, =ExitCode=00000000, DIRNAME=C:\azure-devops\git\eShopOnContainers\src\Web\WebImapClient\Client\server\, USERNAME=jorge, CMD_LINE_ARGS=b, ProgramFiles(x86)=C:\Program Files (x86), FPS_BROWSER_USER_PROFILE_STRING=Default, APP_HOME=C:\azure-devops\git\eShopOnContainers\src\Web\WebImapClient\Client\server\, PATHEXT=.COM;.EXE;.BAT;.CMD;.VBS;.VBE;.JS;.JSE;.WSF;.WSH;.MSC;.CPL, DriverData=C:\Windows\System32\Drivers\DriverData, OneDriveConsumer=C:\Users\jorge\OneDrive, ProgramData=C:\ProgramData, ProgramW6432=C:\Program Files, HOMEPATH=\Users\jorge, PROCESSOR_IDENTIFIER=Intel64 Family 6 Model 158 Stepping 13, GenuineIntel, ProgramFiles=C:\Program Files, PUBLIC=C:\Users\Public, windir=C:\Windows, =::=::\, _SKIP=2, LOCALAPPDATA=C:\Users\jorge\AppData\Local, ChocolateyLastPathUpdate=132229495750090469, USERDOMAIN=DESKTOP-U7U4TE6, FPS_BROWSER_APP_PROFILE_STRING=Internet Explorer, LOGONSERVER=\\DESKTOP-U7U4TE6, PROMPT=$P$G, OneDrive=C:\Users\jorge\OneDrive, =C:=C:\azure-devops\git\eShopOnContainers\src\Web\WebImapClient\Client\server, APPDATA=C:\Users\jorge\AppData\Roaming, JAVA_EXE=java.exe, ChocolateyInstall=C:\ProgramData\chocolatey, CommonProgramFiles=C:\Program Files\Common Files, Path=C:\Program Files\AdoptOpenJDK\jdk-8.0.242.08-hotspot\bin;C:\Program Files (x86)\Common Files\Oracle\Java\javapath;C:\Python27\;C:\Python27\Scripts;C:\ProgramData\DockerDesktop\version-bin;C:\Program Files\Docker\Docker\Resources\bin;C:\Windows\system32;C:\Windows;C:\Windows\System32\Wbem;C:\Windows\System32\WindowsPowerShell\v1.0\;C:\Windows\System32\OpenSSH\;C:\Program Files (x86)\NVIDIA Corporation\PhysX\Common;C:\Program Files\dotnet\;C:\Program Files\Microsoft SQL Server\130\Tools\Binn\;C:\Program Files\Microsoft SQL Server\Client SDK\ODBC\170\Tools\Binn\;C:\Program Files (x86)\Microsoft SQL Server\150\DTS\Binn\;C:\Program Files\Git\cmd;C:\Program Files (x86)\Microsoft ASP.NET\ASP.NET Web Pages\v1.0\;C:\Program Files\Microsoft SQL Server\110\Tools\Binn\;C:\Windows\system32\config\systemprofile\.dnx\bin;C:\Program Files\Microsoft DNX\Dnvm\;C:\Program Files\nodejs\;C:\ProgramData\chocolatey\bin;C:\Program Files\Microsoft\Web Platform Installer\;C:\Users\jorge\AppData\Local\Microsoft\WindowsApps;C:\Users\jorge\AppData\Local\Programs\Microsoft VS Code\bin;C:\Users\jorge\.dotnet\tools;C:\Users\jorge\AppData\Roaming\npm;C:\Users\jorge\AppData\Local\GitHubDesktop\bin, OS=Windows_NT, COMPUTERNAME=DESKTOP-U7U4TE6, PROCESSOR_REVISION=9e0d, CLASSPATH=C:\azure-devops\git\eShopOnContainers\src\Web\WebImapClient\Client\server\\gradle\wrapper\gradle-wrapper.jar, CommonProgramW6432=C:\Program Files\Common Files, ComSpec=C:\Windows\system32\cmd.exe, APP_BASE_NAME=gradlew, SystemRoot=C:\Windows, TEMP=C:\Users\jorge\AppData\Local\Temp, HOMEDRIVE=C:, USERPROFILE=C:\Users\jorge, TMP=C:\Users\jorge\AppData\Local\Temp, VS110COMNTOOLS=C:\Program Files (x86)\Microsoft Visual Studio 11.0\Common7\Tools\, CommonProgramFiles(x86)=C:\Program Files (x86)\Common Files, NUMBER_OF_PROCESSORS=12}}]
13:25:58.299 [Test worker] DEBUG org.springframework.web.servlet.mvc.method.annotation.RequestMappingHandlerMapping - Looking for request mappings in application context: org.springframework.test.web.servlet.setup.StubWebApplicationContext@c3de5ed
13:25:58.302 [Test worker] DEBUG org.springframework.web.servlet.mvc.method.annotation.RequestMappingHandlerMapping - 18 request handler methods found on class com.marcnuri.isotope.api.folder.FolderResource: {public org.springframework.http.ResponseEntity com.marcnuri.isotope.api.folder.FolderResource.getMessage(java.lang.String,java.lang.Long)={[/v1/folders/{folderId}/messages/{messageId}],methods=[GET]}, public org.springframework.http.ResponseEntity com.marcnuri.isotope.api.folder.FolderResource.setMessageFlagged(java.lang.String,java.lang.Long,boolean)={[/v1/folders/{folderId}/messages/{messageId}/flagged],methods=[PUT]}, public org.springframework.http.ResponseEntity com.marcnuri.isotope.api.folder.FolderResource.createChildFolder(java.lang.String,java.lang.String)={[/v1/folders/{folderId}],methods=[POST],produces=[application/hal+json]}, public org.springframework.http.ResponseEntity com.marcnuri.isotope.api.folder.FolderResource.deleteAllFolderMessages(java.lang.String)={[/v1/folders/{folderId}/messages],methods=[DELETE]}, public org.springframework.http.ResponseEntity com.marcnuri.isotope.api.folder.FolderResource.moveFolder(java.lang.String,java.lang.String)={[/v1/folders/{folderId}/parent],methods=[PUT],produces=[application/hal+json]}, public org.springframework.http.ResponseEntity com.marcnuri.isotope.api.folder.FolderResource.getMessageRaw(java.lang.String,java.lang.Long)={[/v1/folders/{folderId}/messages/{messageId}/raw],methods=[GET]}, public org.springframework.http.ResponseEntity com.marcnuri.isotope.api.folder.FolderResource.setMessagesSeen(java.lang.String,java.lang.Boolean,java.util.List)={[/v1/folders/{folderId}/messages/seen/{seen}],methods=[PUT]}, public org.springframework.http.ResponseEntity com.marcnuri.isotope.api.folder.FolderResource.getFolders(java.lang.Boolean)={[/v1/folders],methods=[GET],produces=[application/hal+json]}, public org.springframework.http.ResponseEntity com.marcnuri.isotope.api.folder.FolderResource.createRootFolder(java.lang.String)={[/v1/folders],methods=[POST],produces=[application/hal+json]}, public org.springframework.http.ResponseEntity com.marcnuri.isotope.api.folder.FolderResource.deleteMessages(java.lang.String,java.util.List)={[/v1/folders/{folderId}/messages],methods=[DELETE],params=[id]}, public reactor.core.publisher.Flux com.marcnuri.isotope.api.folder.FolderResource.getMessages(java.lang.String,javax.servlet.http.HttpServletResponse)={[/v1/folders/{folderId}/messages],methods=[GET],produces=[text/event-stream]}, public org.springframework.http.ResponseEntity com.marcnuri.isotope.api.folder.FolderResource.preloadMessages(java.lang.String,java.util.List)={[/v1/folders/{folderId}/messages],methods=[GET]}, public org.springframework.http.ResponseEntity com.marcnuri.isotope.api.folder.FolderResource.getAttachment(java.lang.String,java.lang.Long,java.lang.String,java.lang.Boolean,javax.servlet.http.HttpServletResponse)={[/v1/folders/{folderId}/messages/{messageId}/attachments/{id}],methods=[GET]}, public org.springframework.http.ResponseEntity com.marcnuri.isotope.api.folder.FolderResource.deleteFolder(java.lang.String)={[/v1/folders/{folderId}],methods=[DELETE],produces=[application/hal+json]}, public org.springframework.http.ResponseEntity com.marcnuri.isotope.api.folder.FolderResource.moveMessages(java.lang.String,java.lang.String,java.util.List)={[/v1/folders/{fromFolderId}/messages/folder/{toFolderId}],methods=[PUT]}, public org.springframework.http.ResponseEntity com.marcnuri.isotope.api.folder.FolderResource.renameFolder(java.lang.String,java.lang.String)={[/v1/folders/{folderId}/name],methods=[PUT],produces=[application/hal+json]}, public org.springframework.http.ResponseEntity com.marcnuri.isotope.api.folder.FolderResource.moveMessage(java.lang.String,java.lang.Long,java.lang.String)={[/v1/folders/{fromFolderId}/messages/{messageId}/folder/{toFolderId}],methods=[PUT]}, public org.springframework.http.ResponseEntity com.marcnuri.isotope.api.folder.FolderResource.setMessageSeen(java.lang.String,java.lang.Long,boolean)={[/v1/folders/{folderId}/messages/{messageId}/seen],methods=[PUT]}}
13:25:58.302 [Test worker] INFO org.springframework.web.servlet.mvc.method.annotation.RequestMappingHandlerMapping - Mapped "{[/v1/folders/{folderId}/messages/{messageId}],methods=[GET]}" onto public org.springframework.http.ResponseEntity<com.marcnuri.isotope.api.message.MessageWithFolder> com.marcnuri.isotope.api.folder.FolderResource.getMessage(java.lang.String,java.lang.Long)
13:25:58.303 [Test worker] INFO org.springframework.web.servlet.mvc.method.annotation.RequestMappingHandlerMapping - Mapped "{[/v1/folders/{folderId}/messages/{messageId}/flagged],methods=[PUT]}" onto public org.springframework.http.ResponseEntity<java.lang.Void> com.marcnuri.isotope.api.folder.FolderResource.setMessageFlagged(java.lang.String,java.lang.Long,boolean)
13:25:58.303 [Test worker] INFO org.springframework.web.servlet.mvc.method.annotation.RequestMappingHandlerMapping - Mapped "{[/v1/folders/{folderId}],methods=[POST],produces=[application/hal+json]}" onto public org.springframework.http.ResponseEntity<com.marcnuri.isotope.api.folder.Folder> com.marcnuri.isotope.api.folder.FolderResource.createChildFolder(java.lang.String,java.lang.String)
13:25:58.303 [Test worker] INFO org.springframework.web.servlet.mvc.method.annotation.RequestMappingHandlerMapping - Mapped "{[/v1/folders/{folderId}/messages],methods=[DELETE]}" onto public org.springframework.http.ResponseEntity<com.marcnuri.isotope.api.folder.Folder> com.marcnuri.isotope.api.folder.FolderResource.deleteAllFolderMessages(java.lang.String)
13:25:58.303 [Test worker] INFO org.springframework.web.servlet.mvc.method.annotation.RequestMappingHandlerMapping - Mapped "{[/v1/folders/{folderId}/parent],methods=[PUT],produces=[application/hal+json]}" onto public org.springframework.http.ResponseEntity<com.marcnuri.isotope.api.folder.Folder> com.marcnuri.isotope.api.folder.FolderResource.moveFolder(java.lang.String,java.lang.String)
13:25:58.303 [Test worker] INFO org.springframework.web.servlet.mvc.method.annotation.RequestMappingHandlerMapping - Mapped "{[/v1/folders/{folderId}/messages/{messageId}/raw],methods=[GET]}" onto public org.springframework.http.ResponseEntity<java.lang.String> com.marcnuri.isotope.api.folder.FolderResource.getMessageRaw(java.lang.String,java.lang.Long)
13:25:58.303 [Test worker] INFO org.springframework.web.servlet.mvc.method.annotation.RequestMappingHandlerMapping - Mapped "{[/v1/folders/{folderId}/messages/seen/{seen}],methods=[PUT]}" onto public org.springframework.http.ResponseEntity<java.lang.Void> com.marcnuri.isotope.api.folder.FolderResource.setMessagesSeen(java.lang.String,java.lang.Boolean,java.util.List<java.lang.Long>)
13:25:58.303 [Test worker] INFO org.springframework.web.servlet.mvc.method.annotation.RequestMappingHandlerMapping - Mapped "{[/v1/folders],methods=[GET],produces=[application/hal+json]}" onto public org.springframework.http.ResponseEntity<java.util.List<com.marcnuri.isotope.api.folder.Folder>> com.marcnuri.isotope.api.folder.FolderResource.getFolders(java.lang.Boolean)
13:25:58.303 [Test worker] INFO org.springframework.web.servlet.mvc.method.annotation.RequestMappingHandlerMapping - Mapped "{[/v1/folders],methods=[POST],produces=[application/hal+json]}" onto public org.springframework.http.ResponseEntity<java.util.List<com.marcnuri.isotope.api.folder.Folder>> com.marcnuri.isotope.api.folder.FolderResource.createRootFolder(java.lang.String)
13:25:58.304 [Test worker] INFO org.springframework.web.servlet.mvc.method.annotation.RequestMappingHandlerMapping - Mapped "{[/v1/folders/{folderId}/messages],methods=[DELETE],params=[id]}" onto public org.springframework.http.ResponseEntity<com.marcnuri.isotope.api.folder.Folder> com.marcnuri.isotope.api.folder.FolderResource.deleteMessages(java.lang.String,java.util.List<java.lang.Long>)
13:25:58.304 [Test worker] INFO org.springframework.web.servlet.mvc.method.annotation.RequestMappingHandlerMapping - Mapped "{[/v1/folders/{folderId}/messages],methods=[GET],produces=[text/event-stream]}" onto public reactor.core.publisher.Flux<org.springframework.http.codec.ServerSentEvent<java.util.List<com.marcnuri.isotope.api.message.Message>>> com.marcnuri.isotope.api.folder.FolderResource.getMessages(java.lang.String,javax.servlet.http.HttpServletResponse)
13:25:58.304 [Test worker] INFO org.springframework.web.servlet.mvc.method.annotation.RequestMappingHandlerMapping - Mapped "{[/v1/folders/{folderId}/messages],methods=[GET]}" onto public org.springframework.http.ResponseEntity<java.util.List<com.marcnuri.isotope.api.message.Message>> com.marcnuri.isotope.api.folder.FolderResource.preloadMessages(java.lang.String,java.util.List<java.lang.Long>)
13:25:58.304 [Test worker] INFO org.springframework.web.servlet.mvc.method.annotation.RequestMappingHandlerMapping - Mapped "{[/v1/folders/{folderId}/messages/{messageId}/attachments/{id}],methods=[GET]}" onto public org.springframework.http.ResponseEntity<java.lang.Void> com.marcnuri.isotope.api.folder.FolderResource.getAttachment(java.lang.String,java.lang.Long,java.lang.String,java.lang.Boolean,javax.servlet.http.HttpServletResponse)
13:25:58.304 [Test worker] INFO org.springframework.web.servlet.mvc.method.annotation.RequestMappingHandlerMapping - Mapped "{[/v1/folders/{folderId}],methods=[DELETE],produces=[application/hal+json]}" onto public org.springframework.http.ResponseEntity<com.marcnuri.isotope.api.folder.Folder> com.marcnuri.isotope.api.folder.FolderResource.deleteFolder(java.lang.String)
13:25:58.304 [Test worker] INFO org.springframework.web.servlet.mvc.method.annotation.RequestMappingHandlerMapping - Mapped "{[/v1/folders/{fromFolderId}/messages/folder/{toFolderId}],methods=[PUT]}" onto public org.springframework.http.ResponseEntity<java.util.List<com.marcnuri.isotope.api.message.MessageWithFolder>> com.marcnuri.isotope.api.folder.FolderResource.moveMessages(java.lang.String,java.lang.String,java.util.List<java.lang.Long>)
13:25:58.304 [Test worker] INFO org.springframework.web.servlet.mvc.method.annotation.RequestMappingHandlerMapping - Mapped "{[/v1/folders/{folderId}/name],methods=[PUT],produces=[application/hal+json]}" onto public org.springframework.http.ResponseEntity<com.marcnuri.isotope.api.folder.Folder> com.marcnuri.isotope.api.folder.FolderResource.renameFolder(java.lang.String,java.lang.String)
13:25:58.304 [Test worker] INFO org.springframework.web.servlet.mvc.method.annotation.RequestMappingHandlerMapping - Mapped "{[/v1/folders/{fromFolderId}/messages/{messageId}/folder/{toFolderId}],methods=[PUT]}" onto public org.springframework.http.ResponseEntity<java.util.List<com.marcnuri.isotope.api.message.MessageWithFolder>> com.marcnuri.isotope.api.folder.FolderResource.moveMessage(java.lang.String,java.lang.Long,java.lang.String)
13:25:58.304 [Test worker] INFO org.springframework.web.servlet.mvc.method.annotation.RequestMappingHandlerMapping - Mapped "{[/v1/folders/{folderId}/messages/{messageId}/seen],methods=[PUT]}" onto public org.springframework.http.ResponseEntity<java.lang.Void> com.marcnuri.isotope.api.folder.FolderResource.setMessageSeen(java.lang.String,java.lang.Long,boolean)
13:25:58.310 [Test worker] DEBUG org.hibernate.validator.internal.engine.resolver.TraversableResolvers - Cannot find javax.persistence.Persistence on classpath. Assuming non JPA 2 environment. All properties will per default be traversable.
13:25:58.310 [Test worker] DEBUG org.hibernate.validator.messageinterpolation.ResourceBundleMessageInterpolator - Loaded expression factory via original TCCL
13:25:58.310 [Test worker] DEBUG org.hibernate.validator.internal.engine.ConfigurationImpl - Setting custom MessageInterpolator of type org.springframework.validation.beanvalidation.LocaleContextMessageInterpolator
13:25:58.310 [Test worker] DEBUG org.hibernate.validator.internal.engine.ConfigurationImpl - Setting custom ParameterNameProvider of type org.springframework.validation.beanvalidation.LocalValidatorFactoryBean$1
13:25:58.310 [Test worker] DEBUG org.hibernate.validator.internal.xml.config.ValidationXmlParser - Trying to load META-INF/validation.xml for XML based Validator configuration.
13:25:58.310 [Test worker] DEBUG org.hibernate.validator.internal.xml.config.ResourceLoaderHelper - Trying to load META-INF/validation.xml via TCCL
13:25:58.310 [Test worker] DEBUG org.hibernate.validator.internal.xml.config.ResourceLoaderHelper - Trying to load META-INF/validation.xml via Hibernate Validator's class loader
13:25:58.311 [Test worker] DEBUG org.hibernate.validator.internal.xml.config.ValidationXmlParser - No META-INF/validation.xml found. Using annotation based configuration only.
13:25:58.314 [Test worker] DEBUG org.hibernate.validator.internal.engine.ValidatorFactoryImpl - HV000234: Using org.springframework.validation.beanvalidation.LocaleContextMessageInterpolator as ValidatorFactory-scoped message interpolator.
13:25:58.314 [Test worker] DEBUG org.hibernate.validator.internal.engine.ValidatorFactoryImpl - HV000234: Using org.hibernate.validator.internal.engine.resolver.TraverseAllTraversableResolver as ValidatorFactory-scoped traversable resolver.
13:25:58.314 [Test worker] DEBUG org.hibernate.validator.internal.engine.ValidatorFactoryImpl - HV000234: Using org.hibernate.validator.internal.util.ExecutableParameterNameProvider as ValidatorFactory-scoped parameter name provider.
13:25:58.314 [Test worker] DEBUG org.hibernate.validator.internal.engine.ValidatorFactoryImpl - HV000234: Using org.hibernate.validator.internal.engine.DefaultClockProvider as ValidatorFactory-scoped clock provider.
13:25:58.314 [Test worker] DEBUG org.hibernate.validator.internal.engine.ValidatorFactoryImpl - HV000234: Using org.hibernate.validator.internal.engine.scripting.DefaultScriptEvaluatorFactory as ValidatorFactory-scoped script evaluator factory.
13:25:58.315 [Test worker] INFO org.springframework.web.servlet.mvc.method.annotation.RequestMappingHandlerAdapter - Looking for @ControllerAdvice: org.springframework.test.web.servlet.setup.StubWebApplicationContext@c3de5ed
13:25:58.316 [Test worker] DEBUG org.springframework.web.servlet.mvc.method.annotation.ExceptionHandlerExceptionResolver - Looking for exception mappings: org.springframework.test.web.servlet.setup.StubWebApplicationContext@c3de5ed
13:25:58.317 [Test worker] DEBUG org.springframework.test.web.servlet.TestDispatcherServlet - Initializing servlet ''
13:25:58.317 [Test worker] INFO org.springframework.mock.web.MockServletContext - Initializing Spring FrameworkServlet ''
13:25:58.317 [Test worker] INFO org.springframework.test.web.servlet.TestDispatcherServlet - FrameworkServlet '': initialization started
13:25:58.317 [Test worker] DEBUG org.springframework.test.web.servlet.TestDispatcherServlet - Unable to locate MultipartResolver with name 'multipartResolver': no multipart request handling provided
13:25:58.317 [Test worker] DEBUG org.springframework.test.web.servlet.TestDispatcherServlet - Using LocaleResolver [org.springframework.web.servlet.i18n.AcceptHeaderLocaleResolver@1fc83139]
13:25:58.317 [Test worker] DEBUG org.springframework.test.web.servlet.TestDispatcherServlet - Using ThemeResolver [org.springframework.web.servlet.theme.FixedThemeResolver@2c68efb7]
13:25:58.317 [Test worker] DEBUG org.springframework.test.web.servlet.TestDispatcherServlet - Using RequestToViewNameTranslator [org.springframework.web.servlet.view.DefaultRequestToViewNameTranslator@22ba1055]
13:25:58.317 [Test worker] DEBUG org.springframework.test.web.servlet.TestDispatcherServlet - Using FlashMapManager [org.springframework.web.servlet.support.SessionFlashMapManager@988870b]
13:25:58.317 [Test worker] DEBUG org.springframework.test.web.servlet.TestDispatcherServlet - Published WebApplicationContext of servlet '' as ServletContext attribute with name [org.springframework.web.servlet.FrameworkServlet.CONTEXT.]
13:25:58.317 [Test worker] INFO org.springframework.test.web.servlet.TestDispatcherServlet - FrameworkServlet '': initialization completed in 0 ms
13:25:58.317 [Test worker] DEBUG org.springframework.test.web.servlet.TestDispatcherServlet - Servlet '' configured successfully
13:25:58.317 [Test worker] DEBUG org.springframework.test.web.servlet.TestDispatcherServlet - DispatcherServlet with name '' processing GET request for [/v1/folders]
13:25:58.317 [Test worker] DEBUG org.springframework.web.servlet.mvc.method.annotation.RequestMappingHandlerMapping - Looking up handler method for path /v1/folders
13:25:58.317 [Test worker] DEBUG org.springframework.web.servlet.mvc.method.annotation.RequestMappingHandlerMapping - Returning handler method [public org.springframework.http.ResponseEntity<java.util.List<com.marcnuri.isotope.api.folder.Folder>> com.marcnuri.isotope.api.folder.FolderResource.getFolders(java.lang.Boolean)]
13:25:58.318 [Test worker] DEBUG org.springframework.test.web.servlet.TestDispatcherServlet - Last-Modified value for [/v1/folders] is: -1
13:25:58.318 [Test worker] DEBUG com.marcnuri.isotope.api.folder.FolderResource - Loading list of folders [children:null]
13:25:58.318 [Test worker] DEBUG org.springframework.beans.factory.support.DefaultListableBeanFactory - Returning cached instance of singleton bean 'prototypeImapService'
13:25:58.325 [Test worker] DEBUG org.springframework.web.servlet.mvc.method.annotation.HttpEntityMethodProcessor - Written [[links: [<http://localhost/v1/folders/1337>;rel="self", <http://localhost/v1/folders/1337/messages>;rel="messages", <http://localhost/v1/folders/1337>;rel="delete", <http://localhost/v1/folders/1337/name>;rel="rename", <http://localhost/v1/folders/1337/parent>;rel="move", <http://localhost/v1/folders/1337/messages/{messageId}>;rel="message", <http://localhost/v1/folders/1337/messages/{messageId}/flagged>;rel="message.flagged", <http://localhost/v1/folders/1337/messages/{messageId}/folder/{toFolderId}>;rel="message.move", <http://localhost/v1/folders/1337/messages/folder/{toFolderId}>;rel="message.move.bulk", <http://localhost/v1/folders/1337/messages/{messageId}/seen>;rel="message.seen", <http://localhost/v1/folders/1337/messages/seen/{seen}>;rel="message.seen.bulk"]]] as "application/hal+json" using [org.springframework.http.converter.json.MappingJackson2HttpMessageConverter@6d5089f7]
13:25:58.325 [Test worker] DEBUG org.springframework.test.web.servlet.TestDispatcherServlet - Null ModelAndView returned to DispatcherServlet with name '': assuming HandlerAdapter completed request handling
13:25:58.325 [Test worker] DEBUG org.springframework.test.web.servlet.TestDispatcherServlet - Successfully completed request
13:25:58.325 [Test worker] DEBUG com.jayway.jsonpath.internal.path.CompiledPath - Evaluating path: $
13:25:58.326 [Test worker] DEBUG com.jayway.jsonpath.internal.path.CompiledPath - Evaluating path: $[0]['folderId']
13:25:58.326 [Test worker] DEBUG com.jayway.jsonpath.internal.path.CompiledPath - Evaluating path: $[0]['_links']
13:25:58.326 [Test worker] DEBUG com.jayway.jsonpath.internal.path.CompiledPath - Evaluating path: $[0]['_links']
13:25:58.326 [Test worker] DEBUG com.jayway.jsonpath.internal.path.CompiledPath - Evaluating path: $[0]['_links']['self']['href']
13:25:58.326 [Test worker] DEBUG com.jayway.jsonpath.internal.path.CompiledPath - Evaluating path: $[0]['_links']['messages']['href']
13:25:58.327 [Test worker] DEBUG com.jayway.jsonpath.internal.path.CompiledPath - Evaluating path: $[0]['_links']['message']['href']
13:25:58.327 [Test worker] DEBUG com.jayway.jsonpath.internal.path.CompiledPath - Evaluating path: $[0]['_links']['message.flagged']['href']
13:25:58.327 [Test worker] DEBUG com.jayway.jsonpath.internal.path.CompiledPath - Evaluating path: $[0]['_links']['message.move']['href']
13:25:58.327 [Test worker] DEBUG com.jayway.jsonpath.internal.path.CompiledPath - Evaluating path: $[0]['_links']['message.move.bulk']['href']
13:25:58.327 [Test worker] DEBUG com.jayway.jsonpath.internal.path.CompiledPath - Evaluating path: $[0]['_links']['message.seen']['href']
13:25:58.327 [Test worker] DEBUG com.jayway.jsonpath.internal.path.CompiledPath - Evaluating path: $[0]['_links']['message.seen.bulk']['href']
13:25:58.328 [Test worker] DEBUG org.springframework.test.context.cache.DefaultCacheAwareContextLoaderDelegate - Retrieved ApplicationContext from cache with key [[MergedContextConfiguration@6692e92d testClass = FolderResourceTest, locations = '{}', classes = '{class com.marcnuri.isotope.api.folder.FolderResource}', contextInitializerClasses = '[]', activeProfiles = '{}', propertySourceLocations = '{}', propertySourceProperties = '{}', contextCustomizers = set[org.springframework.boot.test.autoconfigure.properties.PropertyMappingContextCustomizer@0, org.springframework.boot.test.autoconfigure.web.servlet.WebDriverContextCustomizerFactory$Customizer@2dc9ad67, org.springframework.boot.test.context.filter.ExcludeFilterContextCustomizer@7975bbf7, org.springframework.boot.test.json.DuplicateJsonObjectContextCustomizerFactory$DuplicateJsonObjectContextCustomizer@2dd9ed03, org.springframework.boot.test.mock.mockito.MockitoContextCustomizer@570072aa], contextLoader = 'org.springframework.test.context.support.DelegatingSmartContextLoader', parent = [null]]]
13:25:58.328 [Test worker] DEBUG org.springframework.test.context.cache - Spring test ApplicationContext cache statistics: [DefaultContextCache@10c13e31 size = 2, maxSize = 32, parentContextCount = 0, hitCount = 110, missCount = 2]
13:25:58.328 [Test worker] DEBUG org.springframework.beans.factory.support.DefaultListableBeanFactory - Returning cached instance of singleton bean 'org.springframework.boot.test.mock.mockito.MockitoBeans'
13:25:58.328 [Test worker] DEBUG org.springframework.test.context.cache.DefaultCacheAwareContextLoaderDelegate - Retrieved ApplicationContext from cache with key [[MergedContextConfiguration@6692e92d testClass = FolderResourceTest, locations = '{}', classes = '{class com.marcnuri.isotope.api.folder.FolderResource}', contextInitializerClasses = '[]', activeProfiles = '{}', propertySourceLocations = '{}', propertySourceProperties = '{}', contextCustomizers = set[org.springframework.boot.test.autoconfigure.properties.PropertyMappingContextCustomizer@0, org.springframework.boot.test.autoconfigure.web.servlet.WebDriverContextCustomizerFactory$Customizer@2dc9ad67, org.springframework.boot.test.context.filter.ExcludeFilterContextCustomizer@7975bbf7, org.springframework.boot.test.json.DuplicateJsonObjectContextCustomizerFactory$DuplicateJsonObjectContextCustomizer@2dd9ed03, org.springframework.boot.test.mock.mockito.MockitoContextCustomizer@570072aa], contextLoader = 'org.springframework.test.context.support.DelegatingSmartContextLoader', parent = [null]]]
13:25:58.328 [Test worker] DEBUG org.springframework.test.context.cache - Spring test ApplicationContext cache statistics: [DefaultContextCache@10c13e31 size = 2, maxSize = 32, parentContextCount = 0, hitCount = 111, missCount = 2]
13:25:58.328 [Test worker] DEBUG org.springframework.test.context.cache.DefaultCacheAwareContextLoaderDelegate - Retrieved ApplicationContext from cache with key [[MergedContextConfiguration@6692e92d testClass = FolderResourceTest, locations = '{}', classes = '{class com.marcnuri.isotope.api.folder.FolderResource}', contextInitializerClasses = '[]', activeProfiles = '{}', propertySourceLocations = '{}', propertySourceProperties = '{}', contextCustomizers = set[org.springframework.boot.test.autoconfigure.properties.PropertyMappingContextCustomizer@0, org.springframework.boot.test.autoconfigure.web.servlet.WebDriverContextCustomizerFactory$Customizer@2dc9ad67, org.springframework.boot.test.context.filter.ExcludeFilterContextCustomizer@7975bbf7, org.springframework.boot.test.json.DuplicateJsonObjectContextCustomizerFactory$DuplicateJsonObjectContextCustomizer@2dd9ed03, org.springframework.boot.test.mock.mockito.MockitoContextCustomizer@570072aa], contextLoader = 'org.springframework.test.context.support.DelegatingSmartContextLoader', parent = [null]]]
13:25:58.328 [Test worker] DEBUG org.springframework.test.context.cache - Spring test ApplicationContext cache statistics: [DefaultContextCache@10c13e31 size = 2, maxSize = 32, parentContextCount = 0, hitCount = 112, missCount = 2]
13:25:58.329 [Test worker] DEBUG reactor.core.publisher.Hooks - Reset to factory defaults : onLastOperator
13:25:58.329 [Test worker] DEBUG org.springframework.test.context.support.AbstractDirtiesContextTestExecutionListener - After test method: context [DefaultTestContext@2ff6fc48 testClass = FolderResourceTest, testInstance = com.marcnuri.isotope.api.folder.FolderResourceTest@2770f7ed, testMethod = getFolders_na_shouldReturnOk@FolderResourceTest, testException = [null], mergedContextConfiguration = [MergedContextConfiguration@6692e92d testClass = FolderResourceTest, locations = '{}', classes = '{class com.marcnuri.isotope.api.folder.FolderResource}', contextInitializerClasses = '[]', activeProfiles = '{}', propertySourceLocations = '{}', propertySourceProperties = '{}', contextCustomizers = set[org.springframework.boot.test.autoconfigure.properties.PropertyMappingContextCustomizer@0, org.springframework.boot.test.autoconfigure.web.servlet.WebDriverContextCustomizerFactory$Customizer@2dc9ad67, org.springframework.boot.test.context.filter.ExcludeFilterContextCustomizer@7975bbf7, org.springframework.boot.test.json.DuplicateJsonObjectContextCustomizerFactory$DuplicateJsonObjectContextCustomizer@2dd9ed03, org.springframework.boot.test.mock.mockito.MockitoContextCustomizer@570072aa], contextLoader = 'org.springframework.test.context.support.DelegatingSmartContextLoader', parent = [null]], attributes = map[[empty]]], class annotated with @DirtiesContext [false] with mode [null], method annotated with @DirtiesContext [false] with mode [null].
13:25:58.329 [Test worker] DEBUG org.springframework.test.annotation.ProfileValueUtils - Retrieved @ProfileValueSourceConfiguration [null] for test class [com.marcnuri.isotope.api.folder.FolderResourceTest]
13:25:58.329 [Test worker] DEBUG org.springframework.test.annotation.ProfileValueUtils - Retrieved ProfileValueSource type [class org.springframework.test.annotation.SystemProfileValueSource] for class [com.marcnuri.isotope.api.folder.FolderResourceTest]
13:25:58.329 [Test worker] DEBUG org.springframework.test.context.cache.DefaultCacheAwareContextLoaderDelegate - Retrieved ApplicationContext from cache with key [[MergedContextConfiguration@6692e92d testClass = FolderResourceTest, locations = '{}', classes = '{class com.marcnuri.isotope.api.folder.FolderResource}', contextInitializerClasses = '[]', activeProfiles = '{}', propertySourceLocations = '{}', propertySourceProperties = '{}', contextCustomizers = set[org.springframework.boot.test.autoconfigure.properties.PropertyMappingContextCustomizer@0, org.springframework.boot.test.autoconfigure.web.servlet.WebDriverContextCustomizerFactory$Customizer@2dc9ad67, org.springframework.boot.test.context.filter.ExcludeFilterContextCustomizer@7975bbf7, org.springframework.boot.test.json.DuplicateJsonObjectContextCustomizerFactory$DuplicateJsonObjectContextCustomizer@2dd9ed03, org.springframework.boot.test.mock.mockito.MockitoContextCustomizer@570072aa], contextLoader = 'org.springframework.test.context.support.DelegatingSmartContextLoader', parent = [null]]]
13:25:58.329 [Test worker] DEBUG org.springframework.test.context.cache - Spring test ApplicationContext cache statistics: [DefaultContextCache@10c13e31 size = 2, maxSize = 32, parentContextCount = 0, hitCount = 113, missCount = 2]
13:25:58.329 [Test worker] DEBUG org.springframework.beans.factory.support.DefaultListableBeanFactory - Returning cached instance of singleton bean 'org.springframework.boot.test.mock.mockito.MockitoPostProcessor'
13:25:58.330 [Test worker] DEBUG org.springframework.beans.factory.support.DefaultListableBeanFactory - Returning cached instance of singleton bean 'prototypeImapService'
13:25:58.330 [Test worker] DEBUG org.springframework.test.context.support.DependencyInjectionTestExecutionListener - Performing dependency injection for test context [[DefaultTestContext@2ff6fc48 testClass = FolderResourceTest, testInstance = com.marcnuri.isotope.api.folder.FolderResourceTest@1af9ec03, testMethod = [null], testException = [null], mergedContextConfiguration = [MergedContextConfiguration@6692e92d testClass = FolderResourceTest, locations = '{}', classes = '{class com.marcnuri.isotope.api.folder.FolderResource}', contextInitializerClasses = '[]', activeProfiles = '{}', propertySourceLocations = '{}', propertySourceProperties = '{}', contextCustomizers = set[org.springframework.boot.test.autoconfigure.properties.PropertyMappingContextCustomizer@0, org.springframework.boot.test.autoconfigure.web.servlet.WebDriverContextCustomizerFactory$Customizer@2dc9ad67, org.springframework.boot.test.context.filter.ExcludeFilterContextCustomizer@7975bbf7, org.springframework.boot.test.json.DuplicateJsonObjectContextCustomizerFactory$DuplicateJsonObjectContextCustomizer@2dd9ed03, org.springframework.boot.test.mock.mockito.MockitoContextCustomizer@570072aa], contextLoader = 'org.springframework.test.context.support.DelegatingSmartContextLoader', parent = [null]], attributes = map[[empty]]]].
13:25:58.330 [Test worker] DEBUG org.springframework.test.context.cache.DefaultCacheAwareContextLoaderDelegate - Retrieved ApplicationContext from cache with key [[MergedContextConfiguration@6692e92d testClass = FolderResourceTest, locations = '{}', classes = '{class com.marcnuri.isotope.api.folder.FolderResource}', contextInitializerClasses = '[]', activeProfiles = '{}', propertySourceLocations = '{}', propertySourceProperties = '{}', contextCustomizers = set[org.springframework.boot.test.autoconfigure.properties.PropertyMappingContextCustomizer@0, org.springframework.boot.test.autoconfigure.web.servlet.WebDriverContextCustomizerFactory$Customizer@2dc9ad67, org.springframework.boot.test.context.filter.ExcludeFilterContextCustomizer@7975bbf7, org.springframework.boot.test.json.DuplicateJsonObjectContextCustomizerFactory$DuplicateJsonObjectContextCustomizer@2dd9ed03, org.springframework.boot.test.mock.mockito.MockitoContextCustomizer@570072aa], contextLoader = 'org.springframework.test.context.support.DelegatingSmartContextLoader', parent = [null]]]
13:25:58.330 [Test worker] DEBUG org.springframework.test.context.cache - Spring test ApplicationContext cache statistics: [DefaultContextCache@10c13e31 size = 2, maxSize = 32, parentContextCount = 0, hitCount = 114, missCount = 2]
13:25:58.330 [Test worker] DEBUG org.springframework.beans.factory.annotation.InjectionMetadata - Processing injected element of bean 'com.marcnuri.isotope.api.folder.FolderResourceTest': AutowiredFieldElement for private com.marcnuri.isotope.api.folder.FolderResource com.marcnuri.isotope.api.folder.FolderResourceTest.folderResource
13:25:58.330 [Test worker] DEBUG org.springframework.beans.factory.support.DefaultListableBeanFactory - Returning cached instance of singleton bean 'folderResource'
13:25:58.330 [Test worker] DEBUG org.springframework.test.context.support.AbstractDirtiesContextTestExecutionListener - Before test method: context [DefaultTestContext@2ff6fc48 testClass = FolderResourceTest, testInstance = com.marcnuri.isotope.api.folder.FolderResourceTest@1af9ec03, testMethod = renameFolder_validFolderAndNewName_shouldReturnOk@FolderResourceTest, testException = [null], mergedContextConfiguration = [MergedContextConfiguration@6692e92d testClass = FolderResourceTest, locations = '{}', classes = '{class com.marcnuri.isotope.api.folder.FolderResource}', contextInitializerClasses = '[]', activeProfiles = '{}', propertySourceLocations = '{}', propertySourceProperties = '{}', contextCustomizers = set[org.springframework.boot.test.autoconfigure.properties.PropertyMappingContextCustomizer@0, org.springframework.boot.test.autoconfigure.web.servlet.WebDriverContextCustomizerFactory$Customizer@2dc9ad67, org.springframework.boot.test.context.filter.ExcludeFilterContextCustomizer@7975bbf7, org.springframework.boot.test.json.DuplicateJsonObjectContextCustomizerFactory$DuplicateJsonObjectContextCustomizer@2dd9ed03, org.springframework.boot.test.mock.mockito.MockitoContextCustomizer@570072aa], contextLoader = 'org.springframework.test.context.support.DelegatingSmartContextLoader', parent = [null]], attributes = map[[empty]]], class annotated with @DirtiesContext [false] with mode [null], method annotated with @DirtiesContext [false] with mode [null].
13:25:58.330 [Test worker] DEBUG reactor.core.publisher.Hooks - Hooking onLastOperator: reactor.core.publisher.Operators$LiftFunction@4b077175
13:25:58.331 [Test worker] DEBUG org.springframework.test.context.cache.DefaultCacheAwareContextLoaderDelegate - Retrieved ApplicationContext from cache with key [[MergedContextConfiguration@6692e92d testClass = FolderResourceTest, locations = '{}', classes = '{class com.marcnuri.isotope.api.folder.FolderResource}', contextInitializerClasses = '[]', activeProfiles = '{}', propertySourceLocations = '{}', propertySourceProperties = '{}', contextCustomizers = set[org.springframework.boot.test.autoconfigure.properties.PropertyMappingContextCustomizer@0, org.springframework.boot.test.autoconfigure.web.servlet.WebDriverContextCustomizerFactory$Customizer@2dc9ad67, org.springframework.boot.test.context.filter.ExcludeFilterContextCustomizer@7975bbf7, org.springframework.boot.test.json.DuplicateJsonObjectContextCustomizerFactory$DuplicateJsonObjectContextCustomizer@2dd9ed03, org.springframework.boot.test.mock.mockito.MockitoContextCustomizer@570072aa], contextLoader = 'org.springframework.test.context.support.DelegatingSmartContextLoader', parent = [null]]]
13:25:58.331 [Test worker] DEBUG org.springframework.test.context.cache - Spring test ApplicationContext cache statistics: [DefaultContextCache@10c13e31 size = 2, maxSize = 32, parentContextCount = 0, hitCount = 115, missCount = 2]
13:25:58.331 [Test worker] DEBUG org.springframework.beans.factory.support.DefaultListableBeanFactory - Returning cached instance of singleton bean 'org.springframework.boot.test.mock.mockito.MockitoBeans'
13:25:58.331 [Test worker] DEBUG org.springframework.core.env.StandardEnvironment - Adding PropertySource 'systemProperties' with lowest search precedence
13:25:58.331 [Test worker] DEBUG org.springframework.core.env.StandardEnvironment - Adding PropertySource 'systemEnvironment' with lowest search precedence
13:25:58.331 [Test worker] DEBUG org.springframework.core.env.StandardEnvironment - Initialized StandardEnvironment with PropertySources [MapPropertySource@1432642718 {name='systemProperties', properties={java.runtime.name=OpenJDK Runtime Environment, sun.boot.library.path=C:\Program Files\AdoptOpenJDK\jdk-8.0.242.08-hotspot\jre\bin, java.vm.version=25.242-b08, java.vm.vendor=, java.vendor.url=http://java.oracle.com/, path.separator=;, java.vm.name=OpenJDK 64-Bit Server VM, file.encoding.pkg=sun.io, user.script=, sun.java.launcher=SUN_STANDARD, user.country=GB, sun.os.patch.level=, java.vm.specification.name=Java Virtual Machine Specification, user.dir=C:\azure-devops\git\eShopOnContainers\src\Web\WebImapClient\Client\server, java.runtime.version=1.8.0_242-b08, java.awt.graphicsenv=sun.awt.Win32GraphicsEnvironment, java.endorsed.dirs=C:\Program Files\AdoptOpenJDK\jdk-8.0.242.08-hotspot\jre\lib\endorsed, os.arch=amd64, java.io.tmpdir=C:\Users\jorge\AppData\Local\Temp\, line.separator=
, java.vm.specification.vendor=Oracle Corporation, user.variant=, os.name=Windows 10, sun.jnu.encoding=Cp1252, java.library.path=C:\Program Files\AdoptOpenJDK\jdk-8.0.242.08-hotspot\bin;C:\Windows\Sun\Java\bin;C:\Windows\system32;C:\Windows;C:\Program Files\AdoptOpenJDK\jdk-8.0.242.08-hotspot\bin;C:\Program Files (x86)\Common Files\Oracle\Java\javapath;C:\Python27\;C:\Python27\Scripts;C:\ProgramData\DockerDesktop\version-bin;C:\Program Files\Docker\Docker\Resources\bin;C:\Windows\system32;C:\Windows;C:\Windows\System32\Wbem;C:\Windows\System32\WindowsPowerShell\v1.0\;C:\Windows\System32\OpenSSH\;C:\Program Files (x86)\NVIDIA Corporation\PhysX\Common;C:\Program Files\dotnet\;C:\Program Files\Microsoft SQL Server\130\Tools\Binn\;C:\Program Files\Microsoft SQL Server\Client SDK\ODBC\170\Tools\Binn\;C:\Program Files (x86)\Microsoft SQL Server\150\DTS\Binn\;C:\Program Files\Git\cmd;C:\Program Files (x86)\Microsoft ASP.NET\ASP.NET Web Pages\v1.0\;C:\Program Files\Microsoft SQL Server\110\Tools\Binn\;C:\Windows\system32\config\systemprofile\.dnx\bin;C:\Program Files\Microsoft DNX\Dnvm\;C:\Program Files\nodejs\;C:\ProgramData\chocolatey\bin;C:\Program Files\Microsoft\Web Platform Installer\;C:\Users\jorge\AppData\Local\Microsoft\WindowsApps;C:\Users\jorge\AppData\Local\Programs\Microsoft VS Code\bin;C:\Users\jorge\.dotnet\tools;C:\Users\jorge\AppData\Roaming\npm;C:\Users\jorge\AppData\Local\GitHubDesktop\bin;., java.specification.name=Java Platform API Specification, java.class.version=52.0, org.gradle.native=false, sun.management.compiler=HotSpot 64-Bit Tiered Compilers, os.version=10.0, user.home=C:\Users\jorge, user.timezone=Europe/Paris, java.awt.printerjob=sun.awt.windows.WPrinterJob, file.encoding=windows-1252, java.specification.version=1.8, java.class.path=C:\azure-devops\git\eShopOnContainers\src\Web\WebImapClient\Client\server\build\classes\java\test;C:\azure-devops\git\eShopOnContainers\src\Web\WebImapClient\Client\server\build\resources\test;C:\azure-devops\git\eShopOnContainers\src\Web\WebImapClient\Client\server\build\classes\java\main;C:\azure-devops\git\eShopOnContainers\src\Web\WebImapClient\Client\server\build\resources\main;C:\Users\jorge\.gradle\caches\modules-2\files-2.1\org.springframework.boot\spring-boot-starter-actuator\2.0.4.RELEASE\24e901473279d9c18e0a0f8037d58b18c8297dca\spring-boot-starter-actuator-2.0.4.RELEASE.jar;C:\Users\jorge\.gradle\caches\modules-2\files-2.1\org.springframework.boot\spring-boot-starter-security\2.0.4.RELEASE\2ac314e5985fd9ae0d2acaea450f4f6c3dbd7f92\spring-boot-starter-security-2.0.4.RELEASE.jar;C:\Users\jorge\.gradle\caches\modules-2\files-2.1\org.springframework.boot\spring-boot-starter-webflux\2.0.4.RELEASE\a52fcd02fb6129e14f2b4b36acc5748368563c93\spring-boot-starter-webflux-2.0.4.RELEASE.jar;C:\Users\jorge\.gradle\caches\modules-2\files-2.1\org.springframework.boot\spring-boot-starter-test\2.0.4.RELEASE\8f473705d2742b669f0318f10a956f94a93ba3d2\spring-boot-starter-test-2.0.4.RELEASE.jar;C:\Users\jorge\.gradle\caches\modules-2\files-2.1\org.springframework.boot\spring-boot-starter-hateoas\2.0.4.RELEASE\2f115bebeffea81859c6d874457fa8db16b10747\spring-boot-starter-hateoas-2.0.4.RELEASE.jar;C:\Users\jorge\.gradle\caches\modules-2\files-2.1\org.springframework.boot\spring-boot-starter-web\2.0.4.RELEASE\98d49e981ecf804da877d84259b7b0d1ec2fb6f6\spring-boot-starter-web-2.0.4.RELEASE.jar;C:\Users\jorge\.gradle\caches\modules-2\files-2.1\org.springframework.boot\spring-boot-starter-json\2.0.4.RELEASE\c7afabf0d7c85db178da4ce0634e3bd2ddb0eb71\spring-boot-starter-json-2.0.4.RELEASE.jar;C:\Users\jorge\.gradle\caches\modules-2\files-2.1\org.springframework.boot\spring-boot-starter\2.0.4.RELEASE\ec46c63a2adeee40058eff1a6baefca13975dc94\spring-boot-starter-2.0.4.RELEASE.jar;C:\Users\jorge\.gradle\caches\modules-2\files-2.1\com.sun.mail\javax.mail\1.6.1\757ba4630692bb2a1ec2d9d57a616b63f15e947e\javax.mail-1.6.1.jar;C:\Users\jorge\.gradle\caches\modules-2\files-2.1\org.springframework.boot\spring-boot-actuator-autoconfigure\2.0.4.RELEASE\2cadc1d20a1f9ee667a608cfee154138e954f5f2\spring-boot-actuator-autoconfigure-2.0.4.RELEASE.jar;C:\Users\jorge\.gradle\caches\modules-2\files-2.1\com.fasterxml.jackson.datatype\jackson-datatype-jsr310\2.9.6\ea54f6193d224e5e5732bbd4262327eb465397c2\jackson-datatype-jsr310-2.9.6.jar;C:\Users\jorge\.gradle\caches\modules-2\files-2.1\commons-io\commons-io\2.6\815893df5f31da2ece4040fe0a12fd44b577afaf\commons-io-2.6.jar;C:\Users\jorge\.gradle\caches\modules-2\files-2.1\org.springframework.security\spring-security-test\5.0.7.RELEASE\a74c9ab10d53baa3bb7a731753fe0c6d9ab9d848\spring-security-test-5.0.7.RELEASE.jar;C:\Users\jorge\.gradle\caches\modules-2\files-2.1\com.marcnuri\spring-common-test\0.0.2\da9c2c5e849c7dcbbe99d190bedffa5e6fe450a5\spring-common-test-0.0.2.jar;C:\Users\jorge\.gradle\caches\modules-2\files-2.1\org.hamcrest\java-hamcrest\2.0.0.0\f1c8853ade0ecf707f5a261c830e98893983813\java-hamcrest-2.0.0.0.jar;C:\Users\jorge\.gradle\caches\modules-2\files-2.1\org.powermock\powermock-module-junit4\2.0.0-RC.3\b9a04b492e2b93e93617ba457f76aebbf00fc221\powermock-module-junit4-2.0.0-RC.3.jar;C:\Users\jorge\.gradle\caches\modules-2\files-2.1\org.powermock\powermock-api-mockito2\2.0.0-RC.3\f85a8404be063ef15c5fdd3745b11d2fba875fcd\powermock-api-mockito2-2.0.0-RC.3.jar;C:\Users\jorge\.gradle\caches\modules-2\files-2.1\org.springframework.boot\spring-boot-test-autoconfigure\2.0.4.RELEASE\8a2e3f31e607fdb08deda2f59263ce177f1c4310\spring-boot-test-autoconfigure-2.0.4.RELEASE.jar;C:\Users\jorge\.gradle\caches\modules-2\files-2.1\org.springframework.boot\spring-boot-test\2.0.4.RELEASE\8a17fc3cf16b6d75f2ba132ade04409a670095de\spring-boot-test-2.0.4.RELEASE.jar;C:\Users\jorge\.gradle\caches\modules-2\files-2.1\org.springframework.boot\spring-boot-autoconfigure\2.0.4.RELEASE\65cd1244d606acc02ab7bfc47a203a3fe2400dda\spring-boot-autoconfigure-2.0.4.RELEASE.jar;C:\Users\jorge\.gradle\caches\modules-2\files-2.1\org.springframework.boot\spring-boot-actuator\2.0.4.RELEASE\9c02c968eb50a7cdc14fc4c7b586d767df6dc48d\spring-boot-actuator-2.0.4.RELEASE.jar;C:\Users\jorge\.gradle\caches\modules-2\files-2.1\org.springframework.boot\spring-boot\2.0.4.RELEASE\c8619c5b06d4dcdb4cac1e5e9c839e6e8b1c8574\spring-boot-2.0.4.RELEASE.jar;C:\Users\jorge\.gradle\caches\modules-2\files-2.1\org.springframework.boot\spring-boot-starter-logging\2.0.4.RELEASE\dcd1a2c431c970f44adae64d9145133979a513ab\spring-boot-starter-logging-2.0.4.RELEASE.jar;C:\Users\jorge\.gradle\caches\modules-2\files-2.1\org.springframework.boot\spring-boot-starter-tomcat\2.0.4.RELEASE\dcf28989a34b0801fea0e810c371fb9dab1e7784\spring-boot-starter-tomcat-2.0.4.RELEASE.jar;C:\Users\jorge\.gradle\caches\modules-2\files-2.1\javax.annotation\javax.annotation-api\1.3.2\934c04d3cfef185a8008e7bf34331b79730a9d43\javax.annotation-api-1.3.2.jar;C:\Users\jorge\.gradle\caches\modules-2\files-2.1\org.springframework.security\spring-security-config\5.0.7.RELEASE\d702e01048687db4ec6c97fb32d28ffbe348b3e\spring-security-config-5.0.7.RELEASE.jar;C:\Users\jorge\.gradle\caches\modules-2\files-2.1\org.springframework.security\spring-security-web\5.0.7.RELEASE\bab3ed579d4550bb5cc40b0a7fddd0106db7c66\spring-security-web-5.0.7.RELEASE.jar;C:\Users\jorge\.gradle\caches\modules-2\files-2.1\org.springframework.hateoas\spring-hateoas\0.25.0.RELEASE\22d1abd575426709734ab83e7d81d6deb4addbf6\spring-hateoas-0.25.0.RELEASE.jar;C:\Users\jorge\.gradle\caches\modules-2\files-2.1\org.springframework\spring-webflux\5.0.8.RELEASE\d16ce1cf6f95771e821619d6ef13c1f0333fafb\spring-webflux-5.0.8.RELEASE.jar;C:\Users\jorge\.gradle\caches\modules-2\files-2.1\org.springframework\spring-webmvc\5.0.8.RELEASE\7e5fe57590ca8e4468e50fe1d92b0b67aa4a327a\spring-webmvc-5.0.8.RELEASE.jar;C:\Users\jorge\.gradle\caches\modules-2\files-2.1\org.springframework\spring-web\5.0.8.RELEASE\fa43cdadb4ab2491fd1d0ddb06c0808e4b60fc85\spring-web-5.0.8.RELEASE.jar;C:\Users\jorge\.gradle\caches\modules-2\files-2.1\org.springframework\spring-test\5.0.8.RELEASE\5782619373bd7e7b7d9106203c317b04bb613ebb\spring-test-5.0.8.RELEASE.jar;C:\Users\jorge\.gradle\caches\modules-2\files-2.1\org.springframework.security\spring-security-core\5.0.7.RELEASE\40a0c57af6b4c3f8c611216d2579c6ab19672694\spring-security-core-5.0.7.RELEASE.jar;C:\Users\jorge\.gradle\caches\modules-2\files-2.1\org.springframework.plugin\spring-plugin-core\1.2.0.RELEASE\f380e7760032e7d929184f8ad8a33716b75c0657\spring-plugin-core-1.2.0.RELEASE.jar;C:\Users\jorge\.gradle\caches\modules-2\files-2.1\org.springframework\spring-context\5.0.8.RELEASE\3a067d8990761111c9b6d1d895640be26cc1fb38\spring-context-5.0.8.RELEASE.jar;C:\Users\jorge\.gradle\caches\modules-2\files-2.1\org.springframework\spring-aop\5.0.8.RELEASE\f5086c1a3185c481104511837427b39a07a57aa2\spring-aop-5.0.8.RELEASE.jar;C:\Users\jorge\.gradle\caches\modules-2\files-2.1\org.springframework\spring-beans\5.0.8.RELEASE\5fc965d3e7f5515099244857a8ae9e2a208c169b\spring-beans-5.0.8.RELEASE.jar;C:\Users\jorge\.gradle\caches\modules-2\files-2.1\org.springframework\spring-expression\5.0.8.RELEASE\f23158f22c917df2cddf2ecebc398a9e95f95fae\spring-expression-5.0.8.RELEASE.jar;C:\Users\jorge\.gradle\caches\modules-2\files-2.1\org.springframework\spring-core\5.0.8.RELEASE\dc39c49e3246cdf73d3786ac41119140aed3fa08\spring-core-5.0.8.RELEASE.jar;C:\Users\jorge\.gradle\caches\modules-2\files-2.1\org.yaml\snakeyaml\1.19\2d998d3d674b172a588e54ab619854d073f555b5\snakeyaml-1.19.jar;C:\Users\jorge\.gradle\caches\modules-2\files-2.1\io.micrometer\micrometer-core\1.0.6\50299bc8a34c251d62311bbb1a297f3942a82e42\micrometer-core-1.0.6.jar;C:\Users\jorge\.gradle\caches\modules-2\files-2.1\org.springframework.boot\spring-boot-starter-reactor-netty\2.0.4.RELEASE\ed4ac88f7fc699a9cbb6ee804a26e2e30239ca35\spring-boot-starter-reactor-netty-2.0.4.RELEASE.jar;C:\Users\jorge\.gradle\caches\modules-2\files-2.1\org.hibernate.validator\hibernate-validator\6.0.11.Final\36f9d10a11e4768f55e8fb91ebe4338a5c43954e\hibernate-validator-6.0.11.Final.jar;C:\Users\jorge\.gradle\caches\modules-2\files-2.1\org.synchronoss.cloud\nio-multipart-parser\1.1.0\c6c417fec6612584b1c34d4dd98c5a4e47e8c754\nio-multipart-parser-1.1.0.jar;C:\Users\jorge\.gradle\caches\modules-2\files-2.1\javax.activation\activation\1.1\e6cb541461c2834bdea3eb920f1884d1eb508b50\activation-1.1.jar;C:\Users\jorge\.gradle\caches\modules-2\files-2.1\com.fasterxml.jackson.datatype\jackson-datatype-jdk8\2.9.6\456895fc91bf7180b216fead220373e6278230c9\jackson-datatype-jdk8-2.9.6.jar;C:\Users\jorge\.gradle\caches\modules-2\files-2.1\com.fasterxml.jackson.module\jackson-module-parameter-names\2.9.6\129acd77a4b6ee30d62d3a0899b1344c8ec2bff8\jackson-module-parameter-names-2.9.6.jar;C:\Users\jorge\.gradle\caches\modules-2\files-2.1\com.fasterxml.jackson.core\jackson-databind\2.9.6\cfa4f316351a91bfd95cb0644c6a2c95f52db1fc\jackson-databind-2.9.6.jar;C:\Users\jorge\.gradle\caches\modules-2\files-2.1\com.fasterxml.jackson.core\jackson-annotations\2.9.0\7c10d545325e3a6e72e06381afe469fd40eb701\jackson-annotations-2.9.0.jar;C:\Users\jorge\.gradle\caches\modules-2\files-2.1\com.fasterxml.jackson.core\jackson-core\2.9.6\4e393793c37c77e042ccc7be5a914ae39251b365\jackson-core-2.9.6.jar;C:\Users\jorge\.gradle\caches\modules-2\files-2.1\com.jayway.jsonpath\json-path\2.4.0\765a4401ceb2dc8d40553c2075eb80a8fa35c2ae\json-path-2.4.0.jar;C:\Users\jorge\.gradle\caches\modules-2\files-2.1\org.powermock\powermock-module-junit4-common\2.0.0-RC.3\f09137abdf1aeea2df214037eab50ed864602c9a\powermock-module-junit4-common-2.0.0-RC.3.jar;C:\Users\jorge\.gradle\caches\modules-2\files-2.1\junit\junit\4.12\2973d150c0dc1fefe998f834810d68f278ea58ec\junit-4.12.jar;C:\Users\jorge\.gradle\caches\modules-2\files-2.1\org.assertj\assertj-core\3.9.1\c5ce126b15f28d56cd8f960c1a6a058b9c9aea87\assertj-core-3.9.1.jar;C:\Users\jorge\.gradle\caches\modules-2\files-2.1\org.mockito\mockito-core\2.15.0\b84bfbbc29cd22c9529409627af6ea2897f4fa85\mockito-core-2.15.0.jar;C:\Users\jorge\.gradle\caches\modules-2\files-2.1\org.hamcrest\hamcrest-library\1.3\4785a3c21320980282f9f33d0d1264a69040538f\hamcrest-library-1.3.jar;C:\Users\jorge\.gradle\caches\modules-2\files-2.1\org.hamcrest\hamcrest-core\1.3\42a25dc3219429f0e5d060061f71acb49bf010a0\hamcrest-core-1.3.jar;C:\Users\jorge\.gradle\caches\modules-2\files-2.1\org.skyscreamer\jsonassert\1.5.0\6c9d5fe2f59da598d9aefc1cfc6528ff3cf32df3\jsonassert-1.5.0.jar;C:\Users\jorge\.gradle\caches\modules-2\files-2.1\org.xmlunit\xmlunit-core\2.5.1\4ffdb346572a7356f7521cd3119ce5287d2e339d\xmlunit-core-2.5.1.jar;C:\Users\jorge\.gradle\caches\modules-2\files-2.1\org.powermock\powermock-api-support\2.0.0-RC.3\a23d6bdbcf865513c9f6992134152be80504e499\powermock-api-support-2.0.0-RC.3.jar;C:\Users\jorge\.gradle\caches\modules-2\files-2.1\ch.qos.logback\logback-classic\1.2.3\7c4f3c474fb2c041d8028740440937705ebb473a\logback-classic-1.2.3.jar;C:\Users\jorge\.gradle\caches\modules-2\files-2.1\org.apache.logging.log4j\log4j-to-slf4j\2.10.0\f7e631ccf49cfc0aefa4a2a728da7d374c05bd3c\log4j-to-slf4j-2.10.0.jar;C:\Users\jorge\.gradle\caches\modules-2\files-2.1\org.slf4j\jul-to-slf4j\1.7.25\af5364cd6679bfffb114f0dec8a157aaa283b76\jul-to-slf4j-1.7.25.jar;C:\Users\jorge\.gradle\caches\modules-2\files-2.1\org.springframework\spring-jcl\5.0.8.RELEASE\a1fa8fb560fb252321776e16bc9ac8201af4ef5e\spring-jcl-5.0.8.RELEASE.jar;C:\Users\jorge\.gradle\caches\modules-2\files-2.1\org.hdrhistogram\HdrHistogram\2.1.10\9e1ac84eed220281841b75e72fb9de5a297fbf04\HdrHistogram-2.1.10.jar;C:\Users\jorge\.gradle\caches\modules-2\files-2.1\org.latencyutils\LatencyUtils\2.0.3\769c0b82cb2421c8256300e907298a9410a2a3d3\LatencyUtils-2.0.3.jar;C:\Users\jorge\.gradle\caches\modules-2\files-2.1\org.synchronoss.cloud\nio-stream-storage\1.1.3\986dba5f6e5eed20f0dba6ddc8e8a64a9ebdc2f3\nio-stream-storage-1.1.3.jar;C:\Users\jorge\.gradle\caches\modules-2\files-2.1\org.slf4j\slf4j-api\1.7.25\da76ca59f6a57ee3102f8f9bd9cee742973efa8a\slf4j-api-1.7.25.jar;C:\Users\jorge\.gradle\caches\modules-2\files-2.1\io.projectreactor.ipc\reactor-netty\0.7.8.RELEASE\fe25c7d3042b6005690f7d243cef987b696a12ee\reactor-netty-0.7.8.RELEASE.jar;C:\Users\jorge\.gradle\caches\modules-2\files-2.1\javax.validation\validation-api\2.0.1.Final\cb855558e6271b1b32e716d24cb85c7f583ce09e\validation-api-2.0.1.Final.jar;C:\Users\jorge\.gradle\caches\modules-2\files-2.1\org.jboss.logging\jboss-logging\3.3.2.Final\3789d00e859632e6c6206adc0c71625559e6e3b0\jboss-logging-3.3.2.Final.jar;C:\Users\jorge\.gradle\caches\modules-2\files-2.1\com.fasterxml\classmate\1.3.4\3d5f48f10bbe4eb7bd862f10c0583be2e0053c6\classmate-1.3.4.jar;C:\Users\jorge\.gradle\caches\modules-2\files-2.1\io.projectreactor\reactor-core\3.1.8.RELEASE\3bcc30f9161d3d17abe44b4aa20e397e5170566e\reactor-core-3.1.8.RELEASE.jar;C:\Users\jorge\.gradle\caches\modules-2\files-2.1\net.minidev\json-smart\2.3\7396407491352ce4fa30de92efb158adb76b5b\json-smart-2.3.jar;C:\Users\jorge\.gradle\caches\modules-2\files-2.1\org.powermock\powermock-core\2.0.0-RC.3\f958479ea1f0d1ba37cf65b6612fccfbaf4d8dd3\powermock-core-2.0.0-RC.3.jar;C:\Users\jorge\.gradle\caches\modules-2\files-2.1\org.powermock\powermock-reflect\2.0.0-RC.3\c10437486ae35b91666c2591fd7b1a8054b4573c\powermock-reflect-2.0.0-RC.3.jar;C:\Users\jorge\.gradle\caches\modules-2\files-2.1\net.bytebuddy\byte-buddy\1.7.11\f02857a4e2c66ccbe7aaad6100a0a6c461bce9b3\byte-buddy-1.7.11.jar;C:\Users\jorge\.gradle\caches\modules-2\files-2.1\net.bytebuddy\byte-buddy-agent\1.7.11\b425a8933ca07edd03c6dbc8bc3b595fba9780de\byte-buddy-agent-1.7.11.jar;C:\Users\jorge\.gradle\caches\modules-2\files-2.1\org.objenesis\objenesis\3.0.1\11cfac598df9dc48bb9ed9357ed04212694b7808\objenesis-3.0.1.jar;C:\Users\jorge\.gradle\caches\modules-2\files-2.1\com.vaadin.external.google\android-json\0.0.20131108.vaadin1\fa26d351fe62a6a17f5cda1287c1c6110dec413f\android-json-0.0.20131108.vaadin1.jar;C:\Users\jorge\.gradle\caches\modules-2\files-2.1\ch.qos.logback\logback-core\1.2.3\864344400c3d4d92dfeb0a305dc87d953677c03c\logback-core-1.2.3.jar;C:\Users\jorge\.gradle\caches\modules-2\files-2.1\org.apache.logging.log4j\log4j-api\2.10.0\fec5797a55b786184a537abd39c3fa1449d752d6\log4j-api-2.10.0.jar;C:\Users\jorge\.gradle\caches\modules-2\files-2.1\org.apache.tomcat.embed\tomcat-embed-websocket\8.5.32\ea5302e378f1449d4e5dda79e8d810c1e7931f91\tomcat-embed-websocket-8.5.32.jar;C:\Users\jorge\.gradle\caches\modules-2\files-2.1\org.apache.tomcat.embed\tomcat-embed-core\8.5.32\6bc6896200146010cc4666bdc6b9b0cbb453ee22\tomcat-embed-core-8.5.32.jar;C:\Users\jorge\.gradle\caches\modules-2\files-2.1\org.apache.tomcat.embed\tomcat-embed-el\8.5.32\e4fd0ee015d83fa1c5ec93ff1d05bdaf9a4480c5\tomcat-embed-el-8.5.32.jar;C:\Users\jorge\.gradle\caches\modules-2\files-2.1\io.netty\netty-handler-proxy\4.1.27.Final\1a822ce7760bc6eb4937b7e448c9e081fedcc807\netty-handler-proxy-4.1.27.Final.jar;C:\Users\jorge\.gradle\caches\modules-2\files-2.1\io.netty\netty-codec-http\4.1.27.Final\a1722d6bcbbef1c4c7877e8bf38b07a3db5ed07f\netty-codec-http-4.1.27.Final.jar;C:\Users\jorge\.gradle\caches\modules-2\files-2.1\io.netty\netty-handler\4.1.27.Final\21bd9cf565390a8d72579b8664303e3c175dfc6a\netty-handler-4.1.27.Final.jar;C:\Users\jorge\.gradle\caches\modules-2\files-2.1\io.netty\netty-transport-native-epoll\4.1.27.Final\8c3a61a7dd53eafe2f0fe31356f1379598f74517\netty-transport-native-epoll-4.1.27.Final-linux-x86_64.jar;C:\Users\jorge\.gradle\caches\modules-2\files-2.1\org.reactivestreams\reactive-streams\1.0.2\323964c36556eb0e6209f65c1cef72b53b461ab8\reactive-streams-1.0.2.jar;C:\Users\jorge\.gradle\caches\modules-2\files-2.1\net.minidev\accessors-smart\1.2\c592b500269bfde36096641b01238a8350f8aa31\accessors-smart-1.2.jar;C:\Users\jorge\.gradle\caches\modules-2\files-2.1\org.javassist\javassist\3.24.0-GA\d7466fc2e3af7c023e95c510f06448ad29b225b3\javassist-3.24.0-GA.jar;C:\Users\jorge\.gradle\caches\modules-2\files-2.1\io.netty\netty-codec-socks\4.1.27.Final\285b09af98764cf02e4b77b3d95af188469a7133\netty-codec-socks-4.1.27.Final.jar;C:\Users\jorge\.gradle\caches\modules-2\files-2.1\io.netty\netty-codec\4.1.27.Final\d2653d78ebaa650064768fb26b10051f5c8efb2c\netty-codec-4.1.27.Final.jar;C:\Users\jorge\.gradle\caches\modules-2\files-2.1\io.netty\netty-transport-native-unix-common\4.1.27.Final\2b0667fe5c1df78c6cfbf9d53ad8b1fb533fb8e8\netty-transport-native-unix-common-4.1.27.Final.jar;C:\Users\jorge\.gradle\caches\modules-2\files-2.1\io.netty\netty-transport\4.1.27.Final\b5c2da3ea89dd67320925f1504c9eb3615241b7c\netty-transport-4.1.27.Final.jar;C:\Users\jorge\.gradle\caches\modules-2\files-2.1\io.netty\netty-buffer\4.1.27.Final\aafe2b9fb0d8f3b200cf10b9fd6486c6a722d7a1\netty-buffer-4.1.27.Final.jar;C:\Users\jorge\.gradle\caches\modules-2\files-2.1\io.netty\netty-resolver\4.1.27.Final\2536447ef9605ccb2b5203aa22392c6514484ea9\netty-resolver-4.1.27.Final.jar;C:\Users\jorge\.gradle\caches\modules-2\files-2.1\io.netty\netty-common\4.1.27.Final\6a12a969c27fb37b230c4bde5a67bd822fa6b7a4\netty-common-4.1.27.Final.jar;C:\Users\jorge\.gradle\caches\modules-2\files-2.1\org.ow2.asm\asm\5.0.4\da08b8cce7bbf903602a25a3a163ae252435795\asm-5.0.4.jar, user.name=jorge, java.vm.specification.version=1.8, sun.java.command=worker.org.gradle.process.internal.worker.GradleWorkerMain 'Gradle Test Executor 1', java.home=C:\Program Files\AdoptOpenJDK\jdk-8.0.242.08-hotspot\jre, sun.arch.data.model=64, user.language=en, java.specification.vendor=Oracle Corporation, awt.toolkit=sun.awt.windows.WToolkit, java.vm.info=mixed mode, java.version=1.8.0_242, java.ext.dirs=C:\Program Files\AdoptOpenJDK\jdk-8.0.242.08-hotspot\jre\lib\ext;C:\Windows\Sun\Java\lib\ext, sun.boot.class.path=C:\Program Files\AdoptOpenJDK\jdk-8.0.242.08-hotspot\jre\lib\resources.jar;C:\Program Files\AdoptOpenJDK\jdk-8.0.242.08-hotspot\jre\lib\rt.jar;C:\Program Files\AdoptOpenJDK\jdk-8.0.242.08-hotspot\jre\lib\sunrsasign.jar;C:\Program Files\AdoptOpenJDK\jdk-8.0.242.08-hotspot\jre\lib\jsse.jar;C:\Program Files\AdoptOpenJDK\jdk-8.0.242.08-hotspot\jre\lib\jce.jar;C:\Program Files\AdoptOpenJDK\jdk-8.0.242.08-hotspot\jre\lib\charsets.jar;C:\Program Files\AdoptOpenJDK\jdk-8.0.242.08-hotspot\jre\lib\jfr.jar;C:\Program Files\AdoptOpenJDK\jdk-8.0.242.08-hotspot\jre\classes, java.vendor=AdoptOpenJDK, org.gradle.test.worker=1, file.separator=\, java.vendor.url.bug=http://bugreport.sun.com/bugreport/, sun.io.unicode.encoding=UnicodeLittle, sun.cpu.endian=little, sun.desktop=windows, sun.cpu.isalist=amd64}}, SystemEnvironmentPropertySource@11011013 {name='systemEnvironment', properties={USERDOMAIN_ROAMINGPROFILE=DESKTOP-U7U4TE6, PROCESSOR_LEVEL=6, VS140COMNTOOLS=C:\Program Files (x86)\Microsoft Visual Studio 14.0\Common7\Tools\, SESSIONNAME=Console, ALLUSERSPROFILE=C:\ProgramData, PROCESSOR_ARCHITECTURE=AMD64, PSModulePath=C:\Users\jorge\Documents\WindowsPowerShell\Modules;C:\Program Files\WindowsPowerShell\Modules;C:\Windows\system32\WindowsPowerShell\v1.0\Modules, SystemDrive=C:, =ExitCode=00000000, DIRNAME=C:\azure-devops\git\eShopOnContainers\src\Web\WebImapClient\Client\server\, USERNAME=jorge, CMD_LINE_ARGS=b, ProgramFiles(x86)=C:\Program Files (x86), FPS_BROWSER_USER_PROFILE_STRING=Default, APP_HOME=C:\azure-devops\git\eShopOnContainers\src\Web\WebImapClient\Client\server\, PATHEXT=.COM;.EXE;.BAT;.CMD;.VBS;.VBE;.JS;.JSE;.WSF;.WSH;.MSC;.CPL, DriverData=C:\Windows\System32\Drivers\DriverData, OneDriveConsumer=C:\Users\jorge\OneDrive, ProgramData=C:\ProgramData, ProgramW6432=C:\Program Files, HOMEPATH=\Users\jorge, PROCESSOR_IDENTIFIER=Intel64 Family 6 Model 158 Stepping 13, GenuineIntel, ProgramFiles=C:\Program Files, PUBLIC=C:\Users\Public, windir=C:\Windows, =::=::\, _SKIP=2, LOCALAPPDATA=C:\Users\jorge\AppData\Local, ChocolateyLastPathUpdate=132229495750090469, USERDOMAIN=DESKTOP-U7U4TE6, FPS_BROWSER_APP_PROFILE_STRING=Internet Explorer, LOGONSERVER=\\DESKTOP-U7U4TE6, PROMPT=$P$G, OneDrive=C:\Users\jorge\OneDrive, =C:=C:\azure-devops\git\eShopOnContainers\src\Web\WebImapClient\Client\server, APPDATA=C:\Users\jorge\AppData\Roaming, JAVA_EXE=java.exe, ChocolateyInstall=C:\ProgramData\chocolatey, CommonProgramFiles=C:\Program Files\Common Files, Path=C:\Program Files\AdoptOpenJDK\jdk-8.0.242.08-hotspot\bin;C:\Program Files (x86)\Common Files\Oracle\Java\javapath;C:\Python27\;C:\Python27\Scripts;C:\ProgramData\DockerDesktop\version-bin;C:\Program Files\Docker\Docker\Resources\bin;C:\Windows\system32;C:\Windows;C:\Windows\System32\Wbem;C:\Windows\System32\WindowsPowerShell\v1.0\;C:\Windows\System32\OpenSSH\;C:\Program Files (x86)\NVIDIA Corporation\PhysX\Common;C:\Program Files\dotnet\;C:\Program Files\Microsoft SQL Server\130\Tools\Binn\;C:\Program Files\Microsoft SQL Server\Client SDK\ODBC\170\Tools\Binn\;C:\Program Files (x86)\Microsoft SQL Server\150\DTS\Binn\;C:\Program Files\Git\cmd;C:\Program Files (x86)\Microsoft ASP.NET\ASP.NET Web Pages\v1.0\;C:\Program Files\Microsoft SQL Server\110\Tools\Binn\;C:\Windows\system32\config\systemprofile\.dnx\bin;C:\Program Files\Microsoft DNX\Dnvm\;C:\Program Files\nodejs\;C:\ProgramData\chocolatey\bin;C:\Program Files\Microsoft\Web Platform Installer\;C:\Users\jorge\AppData\Local\Microsoft\WindowsApps;C:\Users\jorge\AppData\Local\Programs\Microsoft VS Code\bin;C:\Users\jorge\.dotnet\tools;C:\Users\jorge\AppData\Roaming\npm;C:\Users\jorge\AppData\Local\GitHubDesktop\bin, OS=Windows_NT, COMPUTERNAME=DESKTOP-U7U4TE6, PROCESSOR_REVISION=9e0d, CLASSPATH=C:\azure-devops\git\eShopOnContainers\src\Web\WebImapClient\Client\server\\gradle\wrapper\gradle-wrapper.jar, CommonProgramW6432=C:\Program Files\Common Files, ComSpec=C:\Windows\system32\cmd.exe, APP_BASE_NAME=gradlew, SystemRoot=C:\Windows, TEMP=C:\Users\jorge\AppData\Local\Temp, HOMEDRIVE=C:, USERPROFILE=C:\Users\jorge, TMP=C:\Users\jorge\AppData\Local\Temp, VS110COMNTOOLS=C:\Program Files (x86)\Microsoft Visual Studio 11.0\Common7\Tools\, CommonProgramFiles(x86)=C:\Program Files (x86)\Common Files, NUMBER_OF_PROCESSORS=12}}]
13:25:58.332 [Test worker] DEBUG org.springframework.web.servlet.mvc.method.annotation.RequestMappingHandlerMapping - Looking for request mappings in application context: org.springframework.test.web.servlet.setup.StubWebApplicationContext@3c124dda
13:25:58.336 [Test worker] DEBUG org.springframework.web.servlet.mvc.method.annotation.RequestMappingHandlerMapping - 18 request handler methods found on class com.marcnuri.isotope.api.folder.FolderResource: {public org.springframework.http.ResponseEntity com.marcnuri.isotope.api.folder.FolderResource.getMessage(java.lang.String,java.lang.Long)={[/v1/folders/{folderId}/messages/{messageId}],methods=[GET]}, public org.springframework.http.ResponseEntity com.marcnuri.isotope.api.folder.FolderResource.setMessageFlagged(java.lang.String,java.lang.Long,boolean)={[/v1/folders/{folderId}/messages/{messageId}/flagged],methods=[PUT]}, public org.springframework.http.ResponseEntity com.marcnuri.isotope.api.folder.FolderResource.createChildFolder(java.lang.String,java.lang.String)={[/v1/folders/{folderId}],methods=[POST],produces=[application/hal+json]}, public org.springframework.http.ResponseEntity com.marcnuri.isotope.api.folder.FolderResource.deleteAllFolderMessages(java.lang.String)={[/v1/folders/{folderId}/messages],methods=[DELETE]}, public org.springframework.http.ResponseEntity com.marcnuri.isotope.api.folder.FolderResource.moveFolder(java.lang.String,java.lang.String)={[/v1/folders/{folderId}/parent],methods=[PUT],produces=[application/hal+json]}, public org.springframework.http.ResponseEntity com.marcnuri.isotope.api.folder.FolderResource.getMessageRaw(java.lang.String,java.lang.Long)={[/v1/folders/{folderId}/messages/{messageId}/raw],methods=[GET]}, public org.springframework.http.ResponseEntity com.marcnuri.isotope.api.folder.FolderResource.setMessagesSeen(java.lang.String,java.lang.Boolean,java.util.List)={[/v1/folders/{folderId}/messages/seen/{seen}],methods=[PUT]}, public org.springframework.http.ResponseEntity com.marcnuri.isotope.api.folder.FolderResource.getFolders(java.lang.Boolean)={[/v1/folders],methods=[GET],produces=[application/hal+json]}, public org.springframework.http.ResponseEntity com.marcnuri.isotope.api.folder.FolderResource.createRootFolder(java.lang.String)={[/v1/folders],methods=[POST],produces=[application/hal+json]}, public org.springframework.http.ResponseEntity com.marcnuri.isotope.api.folder.FolderResource.deleteMessages(java.lang.String,java.util.List)={[/v1/folders/{folderId}/messages],methods=[DELETE],params=[id]}, public reactor.core.publisher.Flux com.marcnuri.isotope.api.folder.FolderResource.getMessages(java.lang.String,javax.servlet.http.HttpServletResponse)={[/v1/folders/{folderId}/messages],methods=[GET],produces=[text/event-stream]}, public org.springframework.http.ResponseEntity com.marcnuri.isotope.api.folder.FolderResource.preloadMessages(java.lang.String,java.util.List)={[/v1/folders/{folderId}/messages],methods=[GET]}, public org.springframework.http.ResponseEntity com.marcnuri.isotope.api.folder.FolderResource.getAttachment(java.lang.String,java.lang.Long,java.lang.String,java.lang.Boolean,javax.servlet.http.HttpServletResponse)={[/v1/folders/{folderId}/messages/{messageId}/attachments/{id}],methods=[GET]}, public org.springframework.http.ResponseEntity com.marcnuri.isotope.api.folder.FolderResource.deleteFolder(java.lang.String)={[/v1/folders/{folderId}],methods=[DELETE],produces=[application/hal+json]}, public org.springframework.http.ResponseEntity com.marcnuri.isotope.api.folder.FolderResource.moveMessages(java.lang.String,java.lang.String,java.util.List)={[/v1/folders/{fromFolderId}/messages/folder/{toFolderId}],methods=[PUT]}, public org.springframework.http.ResponseEntity com.marcnuri.isotope.api.folder.FolderResource.renameFolder(java.lang.String,java.lang.String)={[/v1/folders/{folderId}/name],methods=[PUT],produces=[application/hal+json]}, public org.springframework.http.ResponseEntity com.marcnuri.isotope.api.folder.FolderResource.moveMessage(java.lang.String,java.lang.Long,java.lang.String)={[/v1/folders/{fromFolderId}/messages/{messageId}/folder/{toFolderId}],methods=[PUT]}, public org.springframework.http.ResponseEntity com.marcnuri.isotope.api.folder.FolderResource.setMessageSeen(java.lang.String,java.lang.Long,boolean)={[/v1/folders/{folderId}/messages/{messageId}/seen],methods=[PUT]}}
13:25:58.336 [Test worker] INFO org.springframework.web.servlet.mvc.method.annotation.RequestMappingHandlerMapping - Mapped "{[/v1/folders/{folderId}/messages/{messageId}],methods=[GET]}" onto public org.springframework.http.ResponseEntity<com.marcnuri.isotope.api.message.MessageWithFolder> com.marcnuri.isotope.api.folder.FolderResource.getMessage(java.lang.String,java.lang.Long)
13:25:58.337 [Test worker] INFO org.springframework.web.servlet.mvc.method.annotation.RequestMappingHandlerMapping - Mapped "{[/v1/folders/{folderId}/messages/{messageId}/flagged],methods=[PUT]}" onto public org.springframework.http.ResponseEntity<java.lang.Void> com.marcnuri.isotope.api.folder.FolderResource.setMessageFlagged(java.lang.String,java.lang.Long,boolean)
13:25:58.337 [Test worker] INFO org.springframework.web.servlet.mvc.method.annotation.RequestMappingHandlerMapping - Mapped "{[/v1/folders/{folderId}],methods=[POST],produces=[application/hal+json]}" onto public org.springframework.http.ResponseEntity<com.marcnuri.isotope.api.folder.Folder> com.marcnuri.isotope.api.folder.FolderResource.createChildFolder(java.lang.String,java.lang.String)
13:25:58.337 [Test worker] INFO org.springframework.web.servlet.mvc.method.annotation.RequestMappingHandlerMapping - Mapped "{[/v1/folders/{folderId}/messages],methods=[DELETE]}" onto public org.springframework.http.ResponseEntity<com.marcnuri.isotope.api.folder.Folder> com.marcnuri.isotope.api.folder.FolderResource.deleteAllFolderMessages(java.lang.String)
13:25:58.337 [Test worker] INFO org.springframework.web.servlet.mvc.method.annotation.RequestMappingHandlerMapping - Mapped "{[/v1/folders/{folderId}/parent],methods=[PUT],produces=[application/hal+json]}" onto public org.springframework.http.ResponseEntity<com.marcnuri.isotope.api.folder.Folder> com.marcnuri.isotope.api.folder.FolderResource.moveFolder(java.lang.String,java.lang.String)
13:25:58.338 [Test worker] INFO org.springframework.web.servlet.mvc.method.annotation.RequestMappingHandlerMapping - Mapped "{[/v1/folders/{folderId}/messages/{messageId}/raw],methods=[GET]}" onto public org.springframework.http.ResponseEntity<java.lang.String> com.marcnuri.isotope.api.folder.FolderResource.getMessageRaw(java.lang.String,java.lang.Long)
13:25:58.338 [Test worker] INFO org.springframework.web.servlet.mvc.method.annotation.RequestMappingHandlerMapping - Mapped "{[/v1/folders/{folderId}/messages/seen/{seen}],methods=[PUT]}" onto public org.springframework.http.ResponseEntity<java.lang.Void> com.marcnuri.isotope.api.folder.FolderResource.setMessagesSeen(java.lang.String,java.lang.Boolean,java.util.List<java.lang.Long>)
13:25:58.338 [Test worker] INFO org.springframework.web.servlet.mvc.method.annotation.RequestMappingHandlerMapping - Mapped "{[/v1/folders],methods=[GET],produces=[application/hal+json]}" onto public org.springframework.http.ResponseEntity<java.util.List<com.marcnuri.isotope.api.folder.Folder>> com.marcnuri.isotope.api.folder.FolderResource.getFolders(java.lang.Boolean)
13:25:58.338 [Test worker] INFO org.springframework.web.servlet.mvc.method.annotation.RequestMappingHandlerMapping - Mapped "{[/v1/folders],methods=[POST],produces=[application/hal+json]}" onto public org.springframework.http.ResponseEntity<java.util.List<com.marcnuri.isotope.api.folder.Folder>> com.marcnuri.isotope.api.folder.FolderResource.createRootFolder(java.lang.String)
13:25:58.338 [Test worker] INFO org.springframework.web.servlet.mvc.method.annotation.RequestMappingHandlerMapping - Mapped "{[/v1/folders/{folderId}/messages],methods=[DELETE],params=[id]}" onto public org.springframework.http.ResponseEntity<com.marcnuri.isotope.api.folder.Folder> com.marcnuri.isotope.api.folder.FolderResource.deleteMessages(java.lang.String,java.util.List<java.lang.Long>)
13:25:58.338 [Test worker] INFO org.springframework.web.servlet.mvc.method.annotation.RequestMappingHandlerMapping - Mapped "{[/v1/folders/{folderId}/messages],methods=[GET],produces=[text/event-stream]}" onto public reactor.core.publisher.Flux<org.springframework.http.codec.ServerSentEvent<java.util.List<com.marcnuri.isotope.api.message.Message>>> com.marcnuri.isotope.api.folder.FolderResource.getMessages(java.lang.String,javax.servlet.http.HttpServletResponse)
13:25:58.338 [Test worker] INFO org.springframework.web.servlet.mvc.method.annotation.RequestMappingHandlerMapping - Mapped "{[/v1/folders/{folderId}/messages],methods=[GET]}" onto public org.springframework.http.ResponseEntity<java.util.List<com.marcnuri.isotope.api.message.Message>> com.marcnuri.isotope.api.folder.FolderResource.preloadMessages(java.lang.String,java.util.List<java.lang.Long>)
13:25:58.339 [Test worker] INFO org.springframework.web.servlet.mvc.method.annotation.RequestMappingHandlerMapping - Mapped "{[/v1/folders/{folderId}/messages/{messageId}/attachments/{id}],methods=[GET]}" onto public org.springframework.http.ResponseEntity<java.lang.Void> com.marcnuri.isotope.api.folder.FolderResource.getAttachment(java.lang.String,java.lang.Long,java.lang.String,java.lang.Boolean,javax.servlet.http.HttpServletResponse)
13:25:58.339 [Test worker] INFO org.springframework.web.servlet.mvc.method.annotation.RequestMappingHandlerMapping - Mapped "{[/v1/folders/{folderId}],methods=[DELETE],produces=[application/hal+json]}" onto public org.springframework.http.ResponseEntity<com.marcnuri.isotope.api.folder.Folder> com.marcnuri.isotope.api.folder.FolderResource.deleteFolder(java.lang.String)
13:25:58.339 [Test worker] INFO org.springframework.web.servlet.mvc.method.annotation.RequestMappingHandlerMapping - Mapped "{[/v1/folders/{fromFolderId}/messages/folder/{toFolderId}],methods=[PUT]}" onto public org.springframework.http.ResponseEntity<java.util.List<com.marcnuri.isotope.api.message.MessageWithFolder>> com.marcnuri.isotope.api.folder.FolderResource.moveMessages(java.lang.String,java.lang.String,java.util.List<java.lang.Long>)
13:25:58.339 [Test worker] INFO org.springframework.web.servlet.mvc.method.annotation.RequestMappingHandlerMapping - Mapped "{[/v1/folders/{folderId}/name],methods=[PUT],produces=[application/hal+json]}" onto public org.springframework.http.ResponseEntity<com.marcnuri.isotope.api.folder.Folder> com.marcnuri.isotope.api.folder.FolderResource.renameFolder(java.lang.String,java.lang.String)
13:25:58.339 [Test worker] INFO org.springframework.web.servlet.mvc.method.annotation.RequestMappingHandlerMapping - Mapped "{[/v1/folders/{fromFolderId}/messages/{messageId}/folder/{toFolderId}],methods=[PUT]}" onto public org.springframework.http.ResponseEntity<java.util.List<com.marcnuri.isotope.api.message.MessageWithFolder>> com.marcnuri.isotope.api.folder.FolderResource.moveMessage(java.lang.String,java.lang.Long,java.lang.String)
13:25:58.339 [Test worker] INFO org.springframework.web.servlet.mvc.method.annotation.RequestMappingHandlerMapping - Mapped "{[/v1/folders/{folderId}/messages/{messageId}/seen],methods=[PUT]}" onto public org.springframework.http.ResponseEntity<java.lang.Void> com.marcnuri.isotope.api.folder.FolderResource.setMessageSeen(java.lang.String,java.lang.Long,boolean)
13:25:58.344 [Test worker] DEBUG org.hibernate.validator.internal.engine.resolver.TraversableResolvers - Cannot find javax.persistence.Persistence on classpath. Assuming non JPA 2 environment. All properties will per default be traversable.
13:25:58.344 [Test worker] DEBUG org.hibernate.validator.messageinterpolation.ResourceBundleMessageInterpolator - Loaded expression factory via original TCCL
13:25:58.344 [Test worker] DEBUG org.hibernate.validator.internal.engine.ConfigurationImpl - Setting custom MessageInterpolator of type org.springframework.validation.beanvalidation.LocaleContextMessageInterpolator
13:25:58.344 [Test worker] DEBUG org.hibernate.validator.internal.engine.ConfigurationImpl - Setting custom ParameterNameProvider of type org.springframework.validation.beanvalidation.LocalValidatorFactoryBean$1
13:25:58.344 [Test worker] DEBUG org.hibernate.validator.internal.xml.config.ValidationXmlParser - Trying to load META-INF/validation.xml for XML based Validator configuration.
13:25:58.344 [Test worker] DEBUG org.hibernate.validator.internal.xml.config.ResourceLoaderHelper - Trying to load META-INF/validation.xml via TCCL
13:25:58.345 [Test worker] DEBUG org.hibernate.validator.internal.xml.config.ResourceLoaderHelper - Trying to load META-INF/validation.xml via Hibernate Validator's class loader
13:25:58.345 [Test worker] DEBUG org.hibernate.validator.internal.xml.config.ValidationXmlParser - No META-INF/validation.xml found. Using annotation based configuration only.
13:25:58.349 [Test worker] DEBUG org.hibernate.validator.internal.engine.ValidatorFactoryImpl - HV000234: Using org.springframework.validation.beanvalidation.LocaleContextMessageInterpolator as ValidatorFactory-scoped message interpolator.
13:25:58.349 [Test worker] DEBUG org.hibernate.validator.internal.engine.ValidatorFactoryImpl - HV000234: Using org.hibernate.validator.internal.engine.resolver.TraverseAllTraversableResolver as ValidatorFactory-scoped traversable resolver.
13:25:58.349 [Test worker] DEBUG org.hibernate.validator.internal.engine.ValidatorFactoryImpl - HV000234: Using org.hibernate.validator.internal.util.ExecutableParameterNameProvider as ValidatorFactory-scoped parameter name provider.
13:25:58.349 [Test worker] DEBUG org.hibernate.validator.internal.engine.ValidatorFactoryImpl - HV000234: Using org.hibernate.validator.internal.engine.DefaultClockProvider as ValidatorFactory-scoped clock provider.
13:25:58.349 [Test worker] DEBUG org.hibernate.validator.internal.engine.ValidatorFactoryImpl - HV000234: Using org.hibernate.validator.internal.engine.scripting.DefaultScriptEvaluatorFactory as ValidatorFactory-scoped script evaluator factory.
13:25:58.350 [Test worker] INFO org.springframework.web.servlet.mvc.method.annotation.RequestMappingHandlerAdapter - Looking for @ControllerAdvice: org.springframework.test.web.servlet.setup.StubWebApplicationContext@3c124dda
13:25:58.351 [Test worker] DEBUG org.springframework.web.servlet.mvc.method.annotation.ExceptionHandlerExceptionResolver - Looking for exception mappings: org.springframework.test.web.servlet.setup.StubWebApplicationContext@3c124dda
13:25:58.352 [Test worker] DEBUG org.springframework.test.web.servlet.TestDispatcherServlet - Initializing servlet ''
13:25:58.352 [Test worker] INFO org.springframework.mock.web.MockServletContext - Initializing Spring FrameworkServlet ''
13:25:58.352 [Test worker] INFO org.springframework.test.web.servlet.TestDispatcherServlet - FrameworkServlet '': initialization started
13:25:58.352 [Test worker] DEBUG org.springframework.test.web.servlet.TestDispatcherServlet - Unable to locate MultipartResolver with name 'multipartResolver': no multipart request handling provided
13:25:58.352 [Test worker] DEBUG org.springframework.test.web.servlet.TestDispatcherServlet - Using LocaleResolver [org.springframework.web.servlet.i18n.AcceptHeaderLocaleResolver@737406a3]
13:25:58.352 [Test worker] DEBUG org.springframework.test.web.servlet.TestDispatcherServlet - Using ThemeResolver [org.springframework.web.servlet.theme.FixedThemeResolver@6d2875ae]
13:25:58.352 [Test worker] DEBUG org.springframework.test.web.servlet.TestDispatcherServlet - Using RequestToViewNameTranslator [org.springframework.web.servlet.view.DefaultRequestToViewNameTranslator@30e4d89c]
13:25:58.352 [Test worker] DEBUG org.springframework.test.web.servlet.TestDispatcherServlet - Using FlashMapManager [org.springframework.web.servlet.support.SessionFlashMapManager@1498dc14]
13:25:58.352 [Test worker] DEBUG org.springframework.test.web.servlet.TestDispatcherServlet - Published WebApplicationContext of servlet '' as ServletContext attribute with name [org.springframework.web.servlet.FrameworkServlet.CONTEXT.]
13:25:58.352 [Test worker] INFO org.springframework.test.web.servlet.TestDispatcherServlet - FrameworkServlet '': initialization completed in 0 ms
13:25:58.352 [Test worker] DEBUG org.springframework.test.web.servlet.TestDispatcherServlet - Servlet '' configured successfully
13:25:58.353 [Test worker] DEBUG org.springframework.test.web.servlet.TestDispatcherServlet - DispatcherServlet with name '' processing PUT request for [/v1/folders/L29yaWdpbmFsL2ZvbGRlcg==/name]
13:25:58.353 [Test worker] DEBUG org.springframework.web.servlet.mvc.method.annotation.RequestMappingHandlerMapping - Looking up handler method for path /v1/folders/L29yaWdpbmFsL2ZvbGRlcg==/name
13:25:58.354 [Test worker] DEBUG org.springframework.web.servlet.mvc.method.annotation.RequestMappingHandlerMapping - Returning handler method [public org.springframework.http.ResponseEntity<com.marcnuri.isotope.api.folder.Folder> com.marcnuri.isotope.api.folder.FolderResource.renameFolder(java.lang.String,java.lang.String)]
13:25:58.355 [Test worker] DEBUG org.springframework.web.servlet.mvc.method.annotation.RequestResponseBodyMethodProcessor - Read [class java.lang.String] as "application/json" with [org.springframework.http.converter.StringHttpMessageConverter@470a913a]
13:25:58.355 [Test worker] DEBUG com.marcnuri.isotope.api.folder.FolderResource - Renaming folder with id L29yaWdpbmFsL2ZvbGRlcg== to 31337
13:25:58.355 [Test worker] DEBUG org.springframework.beans.factory.support.DefaultListableBeanFactory - Returning cached instance of singleton bean 'prototypeImapService'
13:25:58.364 [Test worker] DEBUG org.springframework.web.servlet.mvc.method.annotation.HttpEntityMethodProcessor - Written [links: [<http://localhost/v1/folders/1337>;rel="self", <http://localhost/v1/folders/1337/messages>;rel="messages", <http://localhost/v1/folders/1337>;rel="delete", <http://localhost/v1/folders/1337/name>;rel="rename", <http://localhost/v1/folders/1337/parent>;rel="move", <http://localhost/v1/folders/1337/messages/{messageId}>;rel="message", <http://localhost/v1/folders/1337/messages/{messageId}/flagged>;rel="message.flagged", <http://localhost/v1/folders/1337/messages/{messageId}/folder/{toFolderId}>;rel="message.move", <http://localhost/v1/folders/1337/messages/folder/{toFolderId}>;rel="message.move.bulk", <http://localhost/v1/folders/1337/messages/{messageId}/seen>;rel="message.seen", <http://localhost/v1/folders/1337/messages/seen/{seen}>;rel="message.seen.bulk"]] as "application/hal+json" using [org.springframework.http.converter.json.MappingJackson2HttpMessageConverter@3eadc0b6]
13:25:58.364 [Test worker] DEBUG org.springframework.test.web.servlet.TestDispatcherServlet - Null ModelAndView returned to DispatcherServlet with name '': assuming HandlerAdapter completed request handling
13:25:58.364 [Test worker] DEBUG org.springframework.test.web.servlet.TestDispatcherServlet - Successfully completed request
13:25:58.364 [Test worker] DEBUG com.jayway.jsonpath.internal.path.CompiledPath - Evaluating path: $['folderId']
13:25:58.365 [Test worker] DEBUG com.jayway.jsonpath.internal.path.CompiledPath - Evaluating path: $['name']
13:25:58.365 [Test worker] DEBUG com.jayway.jsonpath.internal.path.CompiledPath - Evaluating path: $['_links']
13:25:58.365 [Test worker] DEBUG com.jayway.jsonpath.internal.path.CompiledPath - Evaluating path: $['_links']
13:25:58.365 [Test worker] DEBUG org.springframework.test.context.cache.DefaultCacheAwareContextLoaderDelegate - Retrieved ApplicationContext from cache with key [[MergedContextConfiguration@6692e92d testClass = FolderResourceTest, locations = '{}', classes = '{class com.marcnuri.isotope.api.folder.FolderResource}', contextInitializerClasses = '[]', activeProfiles = '{}', propertySourceLocations = '{}', propertySourceProperties = '{}', contextCustomizers = set[org.springframework.boot.test.autoconfigure.properties.PropertyMappingContextCustomizer@0, org.springframework.boot.test.autoconfigure.web.servlet.WebDriverContextCustomizerFactory$Customizer@2dc9ad67, org.springframework.boot.test.context.filter.ExcludeFilterContextCustomizer@7975bbf7, org.springframework.boot.test.json.DuplicateJsonObjectContextCustomizerFactory$DuplicateJsonObjectContextCustomizer@2dd9ed03, org.springframework.boot.test.mock.mockito.MockitoContextCustomizer@570072aa], contextLoader = 'org.springframework.test.context.support.DelegatingSmartContextLoader', parent = [null]]]
13:25:58.365 [Test worker] DEBUG org.springframework.test.context.cache - Spring test ApplicationContext cache statistics: [DefaultContextCache@10c13e31 size = 2, maxSize = 32, parentContextCount = 0, hitCount = 116, missCount = 2]
13:25:58.365 [Test worker] DEBUG org.springframework.beans.factory.support.DefaultListableBeanFactory - Returning cached instance of singleton bean 'org.springframework.boot.test.mock.mockito.MockitoBeans'
13:25:58.365 [Test worker] DEBUG org.springframework.test.context.cache.DefaultCacheAwareContextLoaderDelegate - Retrieved ApplicationContext from cache with key [[MergedContextConfiguration@6692e92d testClass = FolderResourceTest, locations = '{}', classes = '{class com.marcnuri.isotope.api.folder.FolderResource}', contextInitializerClasses = '[]', activeProfiles = '{}', propertySourceLocations = '{}', propertySourceProperties = '{}', contextCustomizers = set[org.springframework.boot.test.autoconfigure.properties.PropertyMappingContextCustomizer@0, org.springframework.boot.test.autoconfigure.web.servlet.WebDriverContextCustomizerFactory$Customizer@2dc9ad67, org.springframework.boot.test.context.filter.ExcludeFilterContextCustomizer@7975bbf7, org.springframework.boot.test.json.DuplicateJsonObjectContextCustomizerFactory$DuplicateJsonObjectContextCustomizer@2dd9ed03, org.springframework.boot.test.mock.mockito.MockitoContextCustomizer@570072aa], contextLoader = 'org.springframework.test.context.support.DelegatingSmartContextLoader', parent = [null]]]
13:25:58.365 [Test worker] DEBUG org.springframework.test.context.cache - Spring test ApplicationContext cache statistics: [DefaultContextCache@10c13e31 size = 2, maxSize = 32, parentContextCount = 0, hitCount = 117, missCount = 2]
13:25:58.365 [Test worker] DEBUG org.springframework.test.context.cache.DefaultCacheAwareContextLoaderDelegate - Retrieved ApplicationContext from cache with key [[MergedContextConfiguration@6692e92d testClass = FolderResourceTest, locations = '{}', classes = '{class com.marcnuri.isotope.api.folder.FolderResource}', contextInitializerClasses = '[]', activeProfiles = '{}', propertySourceLocations = '{}', propertySourceProperties = '{}', contextCustomizers = set[org.springframework.boot.test.autoconfigure.properties.PropertyMappingContextCustomizer@0, org.springframework.boot.test.autoconfigure.web.servlet.WebDriverContextCustomizerFactory$Customizer@2dc9ad67, org.springframework.boot.test.context.filter.ExcludeFilterContextCustomizer@7975bbf7, org.springframework.boot.test.json.DuplicateJsonObjectContextCustomizerFactory$DuplicateJsonObjectContextCustomizer@2dd9ed03, org.springframework.boot.test.mock.mockito.MockitoContextCustomizer@570072aa], contextLoader = 'org.springframework.test.context.support.DelegatingSmartContextLoader', parent = [null]]]
13:25:58.366 [Test worker] DEBUG org.springframework.test.context.cache - Spring test ApplicationContext cache statistics: [DefaultContextCache@10c13e31 size = 2, maxSize = 32, parentContextCount = 0, hitCount = 118, missCount = 2]
13:25:58.366 [Test worker] DEBUG reactor.core.publisher.Hooks - Reset to factory defaults : onLastOperator
13:25:58.367 [Test worker] DEBUG org.springframework.test.context.support.AbstractDirtiesContextTestExecutionListener - After test method: context [DefaultTestContext@2ff6fc48 testClass = FolderResourceTest, testInstance = com.marcnuri.isotope.api.folder.FolderResourceTest@1af9ec03, testMethod = renameFolder_validFolderAndNewName_shouldReturnOk@FolderResourceTest, testException = [null], mergedContextConfiguration = [MergedContextConfiguration@6692e92d testClass = FolderResourceTest, locations = '{}', classes = '{class com.marcnuri.isotope.api.folder.FolderResource}', contextInitializerClasses = '[]', activeProfiles = '{}', propertySourceLocations = '{}', propertySourceProperties = '{}', contextCustomizers = set[org.springframework.boot.test.autoconfigure.properties.PropertyMappingContextCustomizer@0, org.springframework.boot.test.autoconfigure.web.servlet.WebDriverContextCustomizerFactory$Customizer@2dc9ad67, org.springframework.boot.test.context.filter.ExcludeFilterContextCustomizer@7975bbf7, org.springframework.boot.test.json.DuplicateJsonObjectContextCustomizerFactory$DuplicateJsonObjectContextCustomizer@2dd9ed03, org.springframework.boot.test.mock.mockito.MockitoContextCustomizer@570072aa], contextLoader = 'org.springframework.test.context.support.DelegatingSmartContextLoader', parent = [null]], attributes = map[[empty]]], class annotated with @DirtiesContext [false] with mode [null], method annotated with @DirtiesContext [false] with mode [null].
13:25:58.367 [Test worker] DEBUG org.springframework.test.annotation.ProfileValueUtils - Retrieved @ProfileValueSourceConfiguration [null] for test class [com.marcnuri.isotope.api.folder.FolderResourceTest]
13:25:58.367 [Test worker] DEBUG org.springframework.test.annotation.ProfileValueUtils - Retrieved ProfileValueSource type [class org.springframework.test.annotation.SystemProfileValueSource] for class [com.marcnuri.isotope.api.folder.FolderResourceTest]
13:25:58.367 [Test worker] DEBUG org.springframework.test.context.cache.DefaultCacheAwareContextLoaderDelegate - Retrieved ApplicationContext from cache with key [[MergedContextConfiguration@6692e92d testClass = FolderResourceTest, locations = '{}', classes = '{class com.marcnuri.isotope.api.folder.FolderResource}', contextInitializerClasses = '[]', activeProfiles = '{}', propertySourceLocations = '{}', propertySourceProperties = '{}', contextCustomizers = set[org.springframework.boot.test.autoconfigure.properties.PropertyMappingContextCustomizer@0, org.springframework.boot.test.autoconfigure.web.servlet.WebDriverContextCustomizerFactory$Customizer@2dc9ad67, org.springframework.boot.test.context.filter.ExcludeFilterContextCustomizer@7975bbf7, org.springframework.boot.test.json.DuplicateJsonObjectContextCustomizerFactory$DuplicateJsonObjectContextCustomizer@2dd9ed03, org.springframework.boot.test.mock.mockito.MockitoContextCustomizer@570072aa], contextLoader = 'org.springframework.test.context.support.DelegatingSmartContextLoader', parent = [null]]]
13:25:58.367 [Test worker] DEBUG org.springframework.test.context.cache - Spring test ApplicationContext cache statistics: [DefaultContextCache@10c13e31 size = 2, maxSize = 32, parentContextCount = 0, hitCount = 119, missCount = 2]
13:25:58.367 [Test worker] DEBUG org.springframework.beans.factory.support.DefaultListableBeanFactory - Returning cached instance of singleton bean 'org.springframework.boot.test.mock.mockito.MockitoPostProcessor'
13:25:58.367 [Test worker] DEBUG org.springframework.beans.factory.support.DefaultListableBeanFactory - Returning cached instance of singleton bean 'prototypeImapService'
13:25:58.368 [Test worker] DEBUG org.springframework.test.context.support.DependencyInjectionTestExecutionListener - Performing dependency injection for test context [[DefaultTestContext@2ff6fc48 testClass = FolderResourceTest, testInstance = com.marcnuri.isotope.api.folder.FolderResourceTest@5fa6248a, testMethod = [null], testException = [null], mergedContextConfiguration = [MergedContextConfiguration@6692e92d testClass = FolderResourceTest, locations = '{}', classes = '{class com.marcnuri.isotope.api.folder.FolderResource}', contextInitializerClasses = '[]', activeProfiles = '{}', propertySourceLocations = '{}', propertySourceProperties = '{}', contextCustomizers = set[org.springframework.boot.test.autoconfigure.properties.PropertyMappingContextCustomizer@0, org.springframework.boot.test.autoconfigure.web.servlet.WebDriverContextCustomizerFactory$Customizer@2dc9ad67, org.springframework.boot.test.context.filter.ExcludeFilterContextCustomizer@7975bbf7, org.springframework.boot.test.json.DuplicateJsonObjectContextCustomizerFactory$DuplicateJsonObjectContextCustomizer@2dd9ed03, org.springframework.boot.test.mock.mockito.MockitoContextCustomizer@570072aa], contextLoader = 'org.springframework.test.context.support.DelegatingSmartContextLoader', parent = [null]], attributes = map[[empty]]]].
13:25:58.368 [Test worker] DEBUG org.springframework.test.context.cache.DefaultCacheAwareContextLoaderDelegate - Retrieved ApplicationContext from cache with key [[MergedContextConfiguration@6692e92d testClass = FolderResourceTest, locations = '{}', classes = '{class com.marcnuri.isotope.api.folder.FolderResource}', contextInitializerClasses = '[]', activeProfiles = '{}', propertySourceLocations = '{}', propertySourceProperties = '{}', contextCustomizers = set[org.springframework.boot.test.autoconfigure.properties.PropertyMappingContextCustomizer@0, org.springframework.boot.test.autoconfigure.web.servlet.WebDriverContextCustomizerFactory$Customizer@2dc9ad67, org.springframework.boot.test.context.filter.ExcludeFilterContextCustomizer@7975bbf7, org.springframework.boot.test.json.DuplicateJsonObjectContextCustomizerFactory$DuplicateJsonObjectContextCustomizer@2dd9ed03, org.springframework.boot.test.mock.mockito.MockitoContextCustomizer@570072aa], contextLoader = 'org.springframework.test.context.support.DelegatingSmartContextLoader', parent = [null]]]
13:25:58.368 [Test worker] DEBUG org.springframework.test.context.cache - Spring test ApplicationContext cache statistics: [DefaultContextCache@10c13e31 size = 2, maxSize = 32, parentContextCount = 0, hitCount = 120, missCount = 2]
13:25:58.368 [Test worker] DEBUG org.springframework.beans.factory.annotation.InjectionMetadata - Processing injected element of bean 'com.marcnuri.isotope.api.folder.FolderResourceTest': AutowiredFieldElement for private com.marcnuri.isotope.api.folder.FolderResource com.marcnuri.isotope.api.folder.FolderResourceTest.folderResource
13:25:58.368 [Test worker] DEBUG org.springframework.beans.factory.support.DefaultListableBeanFactory - Returning cached instance of singleton bean 'folderResource'
13:25:58.368 [Test worker] DEBUG org.springframework.test.context.support.AbstractDirtiesContextTestExecutionListener - Before test method: context [DefaultTestContext@2ff6fc48 testClass = FolderResourceTest, testInstance = com.marcnuri.isotope.api.folder.FolderResourceTest@5fa6248a, testMethod = createRootFolder_validNewName_shouldReturnOk@FolderResourceTest, testException = [null], mergedContextConfiguration = [MergedContextConfiguration@6692e92d testClass = FolderResourceTest, locations = '{}', classes = '{class com.marcnuri.isotope.api.folder.FolderResource}', contextInitializerClasses = '[]', activeProfiles = '{}', propertySourceLocations = '{}', propertySourceProperties = '{}', contextCustomizers = set[org.springframework.boot.test.autoconfigure.properties.PropertyMappingContextCustomizer@0, org.springframework.boot.test.autoconfigure.web.servlet.WebDriverContextCustomizerFactory$Customizer@2dc9ad67, org.springframework.boot.test.context.filter.ExcludeFilterContextCustomizer@7975bbf7, org.springframework.boot.test.json.DuplicateJsonObjectContextCustomizerFactory$DuplicateJsonObjectContextCustomizer@2dd9ed03, org.springframework.boot.test.mock.mockito.MockitoContextCustomizer@570072aa], contextLoader = 'org.springframework.test.context.support.DelegatingSmartContextLoader', parent = [null]], attributes = map[[empty]]], class annotated with @DirtiesContext [false] with mode [null], method annotated with @DirtiesContext [false] with mode [null].
13:25:58.369 [Test worker] DEBUG reactor.core.publisher.Hooks - Hooking onLastOperator: reactor.core.publisher.Operators$LiftFunction@18914392
13:25:58.369 [Test worker] DEBUG org.springframework.test.context.cache.DefaultCacheAwareContextLoaderDelegate - Retrieved ApplicationContext from cache with key [[MergedContextConfiguration@6692e92d testClass = FolderResourceTest, locations = '{}', classes = '{class com.marcnuri.isotope.api.folder.FolderResource}', contextInitializerClasses = '[]', activeProfiles = '{}', propertySourceLocations = '{}', propertySourceProperties = '{}', contextCustomizers = set[org.springframework.boot.test.autoconfigure.properties.PropertyMappingContextCustomizer@0, org.springframework.boot.test.autoconfigure.web.servlet.WebDriverContextCustomizerFactory$Customizer@2dc9ad67, org.springframework.boot.test.context.filter.ExcludeFilterContextCustomizer@7975bbf7, org.springframework.boot.test.json.DuplicateJsonObjectContextCustomizerFactory$DuplicateJsonObjectContextCustomizer@2dd9ed03, org.springframework.boot.test.mock.mockito.MockitoContextCustomizer@570072aa], contextLoader = 'org.springframework.test.context.support.DelegatingSmartContextLoader', parent = [null]]]
13:25:58.370 [Test worker] DEBUG org.springframework.test.context.cache - Spring test ApplicationContext cache statistics: [DefaultContextCache@10c13e31 size = 2, maxSize = 32, parentContextCount = 0, hitCount = 121, missCount = 2]
13:25:58.370 [Test worker] DEBUG org.springframework.beans.factory.support.DefaultListableBeanFactory - Returning cached instance of singleton bean 'org.springframework.boot.test.mock.mockito.MockitoBeans'
13:25:58.370 [Test worker] DEBUG org.springframework.core.env.StandardEnvironment - Adding PropertySource 'systemProperties' with lowest search precedence
13:25:58.370 [Test worker] DEBUG org.springframework.core.env.StandardEnvironment - Adding PropertySource 'systemEnvironment' with lowest search precedence
13:25:58.370 [Test worker] DEBUG org.springframework.core.env.StandardEnvironment - Initialized StandardEnvironment with PropertySources [MapPropertySource@220877505 {name='systemProperties', properties={java.runtime.name=OpenJDK Runtime Environment, sun.boot.library.path=C:\Program Files\AdoptOpenJDK\jdk-8.0.242.08-hotspot\jre\bin, java.vm.version=25.242-b08, java.vm.vendor=, java.vendor.url=http://java.oracle.com/, path.separator=;, java.vm.name=OpenJDK 64-Bit Server VM, file.encoding.pkg=sun.io, user.script=, sun.java.launcher=SUN_STANDARD, user.country=GB, sun.os.patch.level=, java.vm.specification.name=Java Virtual Machine Specification, user.dir=C:\azure-devops\git\eShopOnContainers\src\Web\WebImapClient\Client\server, java.runtime.version=1.8.0_242-b08, java.awt.graphicsenv=sun.awt.Win32GraphicsEnvironment, java.endorsed.dirs=C:\Program Files\AdoptOpenJDK\jdk-8.0.242.08-hotspot\jre\lib\endorsed, os.arch=amd64, java.io.tmpdir=C:\Users\jorge\AppData\Local\Temp\, line.separator=
, java.vm.specification.vendor=Oracle Corporation, user.variant=, os.name=Windows 10, sun.jnu.encoding=Cp1252, java.library.path=C:\Program Files\AdoptOpenJDK\jdk-8.0.242.08-hotspot\bin;C:\Windows\Sun\Java\bin;C:\Windows\system32;C:\Windows;C:\Program Files\AdoptOpenJDK\jdk-8.0.242.08-hotspot\bin;C:\Program Files (x86)\Common Files\Oracle\Java\javapath;C:\Python27\;C:\Python27\Scripts;C:\ProgramData\DockerDesktop\version-bin;C:\Program Files\Docker\Docker\Resources\bin;C:\Windows\system32;C:\Windows;C:\Windows\System32\Wbem;C:\Windows\System32\WindowsPowerShell\v1.0\;C:\Windows\System32\OpenSSH\;C:\Program Files (x86)\NVIDIA Corporation\PhysX\Common;C:\Program Files\dotnet\;C:\Program Files\Microsoft SQL Server\130\Tools\Binn\;C:\Program Files\Microsoft SQL Server\Client SDK\ODBC\170\Tools\Binn\;C:\Program Files (x86)\Microsoft SQL Server\150\DTS\Binn\;C:\Program Files\Git\cmd;C:\Program Files (x86)\Microsoft ASP.NET\ASP.NET Web Pages\v1.0\;C:\Program Files\Microsoft SQL Server\110\Tools\Binn\;C:\Windows\system32\config\systemprofile\.dnx\bin;C:\Program Files\Microsoft DNX\Dnvm\;C:\Program Files\nodejs\;C:\ProgramData\chocolatey\bin;C:\Program Files\Microsoft\Web Platform Installer\;C:\Users\jorge\AppData\Local\Microsoft\WindowsApps;C:\Users\jorge\AppData\Local\Programs\Microsoft VS Code\bin;C:\Users\jorge\.dotnet\tools;C:\Users\jorge\AppData\Roaming\npm;C:\Users\jorge\AppData\Local\GitHubDesktop\bin;., java.specification.name=Java Platform API Specification, java.class.version=52.0, org.gradle.native=false, sun.management.compiler=HotSpot 64-Bit Tiered Compilers, os.version=10.0, user.home=C:\Users\jorge, user.timezone=Europe/Paris, java.awt.printerjob=sun.awt.windows.WPrinterJob, file.encoding=windows-1252, java.specification.version=1.8, java.class.path=C:\azure-devops\git\eShopOnContainers\src\Web\WebImapClient\Client\server\build\classes\java\test;C:\azure-devops\git\eShopOnContainers\src\Web\WebImapClient\Client\server\build\resources\test;C:\azure-devops\git\eShopOnContainers\src\Web\WebImapClient\Client\server\build\classes\java\main;C:\azure-devops\git\eShopOnContainers\src\Web\WebImapClient\Client\server\build\resources\main;C:\Users\jorge\.gradle\caches\modules-2\files-2.1\org.springframework.boot\spring-boot-starter-actuator\2.0.4.RELEASE\24e901473279d9c18e0a0f8037d58b18c8297dca\spring-boot-starter-actuator-2.0.4.RELEASE.jar;C:\Users\jorge\.gradle\caches\modules-2\files-2.1\org.springframework.boot\spring-boot-starter-security\2.0.4.RELEASE\2ac314e5985fd9ae0d2acaea450f4f6c3dbd7f92\spring-boot-starter-security-2.0.4.RELEASE.jar;C:\Users\jorge\.gradle\caches\modules-2\files-2.1\org.springframework.boot\spring-boot-starter-webflux\2.0.4.RELEASE\a52fcd02fb6129e14f2b4b36acc5748368563c93\spring-boot-starter-webflux-2.0.4.RELEASE.jar;C:\Users\jorge\.gradle\caches\modules-2\files-2.1\org.springframework.boot\spring-boot-starter-test\2.0.4.RELEASE\8f473705d2742b669f0318f10a956f94a93ba3d2\spring-boot-starter-test-2.0.4.RELEASE.jar;C:\Users\jorge\.gradle\caches\modules-2\files-2.1\org.springframework.boot\spring-boot-starter-hateoas\2.0.4.RELEASE\2f115bebeffea81859c6d874457fa8db16b10747\spring-boot-starter-hateoas-2.0.4.RELEASE.jar;C:\Users\jorge\.gradle\caches\modules-2\files-2.1\org.springframework.boot\spring-boot-starter-web\2.0.4.RELEASE\98d49e981ecf804da877d84259b7b0d1ec2fb6f6\spring-boot-starter-web-2.0.4.RELEASE.jar;C:\Users\jorge\.gradle\caches\modules-2\files-2.1\org.springframework.boot\spring-boot-starter-json\2.0.4.RELEASE\c7afabf0d7c85db178da4ce0634e3bd2ddb0eb71\spring-boot-starter-json-2.0.4.RELEASE.jar;C:\Users\jorge\.gradle\caches\modules-2\files-2.1\org.springframework.boot\spring-boot-starter\2.0.4.RELEASE\ec46c63a2adeee40058eff1a6baefca13975dc94\spring-boot-starter-2.0.4.RELEASE.jar;C:\Users\jorge\.gradle\caches\modules-2\files-2.1\com.sun.mail\javax.mail\1.6.1\757ba4630692bb2a1ec2d9d57a616b63f15e947e\javax.mail-1.6.1.jar;C:\Users\jorge\.gradle\caches\modules-2\files-2.1\org.springframework.boot\spring-boot-actuator-autoconfigure\2.0.4.RELEASE\2cadc1d20a1f9ee667a608cfee154138e954f5f2\spring-boot-actuator-autoconfigure-2.0.4.RELEASE.jar;C:\Users\jorge\.gradle\caches\modules-2\files-2.1\com.fasterxml.jackson.datatype\jackson-datatype-jsr310\2.9.6\ea54f6193d224e5e5732bbd4262327eb465397c2\jackson-datatype-jsr310-2.9.6.jar;C:\Users\jorge\.gradle\caches\modules-2\files-2.1\commons-io\commons-io\2.6\815893df5f31da2ece4040fe0a12fd44b577afaf\commons-io-2.6.jar;C:\Users\jorge\.gradle\caches\modules-2\files-2.1\org.springframework.security\spring-security-test\5.0.7.RELEASE\a74c9ab10d53baa3bb7a731753fe0c6d9ab9d848\spring-security-test-5.0.7.RELEASE.jar;C:\Users\jorge\.gradle\caches\modules-2\files-2.1\com.marcnuri\spring-common-test\0.0.2\da9c2c5e849c7dcbbe99d190bedffa5e6fe450a5\spring-common-test-0.0.2.jar;C:\Users\jorge\.gradle\caches\modules-2\files-2.1\org.hamcrest\java-hamcrest\2.0.0.0\f1c8853ade0ecf707f5a261c830e98893983813\java-hamcrest-2.0.0.0.jar;C:\Users\jorge\.gradle\caches\modules-2\files-2.1\org.powermock\powermock-module-junit4\2.0.0-RC.3\b9a04b492e2b93e93617ba457f76aebbf00fc221\powermock-module-junit4-2.0.0-RC.3.jar;C:\Users\jorge\.gradle\caches\modules-2\files-2.1\org.powermock\powermock-api-mockito2\2.0.0-RC.3\f85a8404be063ef15c5fdd3745b11d2fba875fcd\powermock-api-mockito2-2.0.0-RC.3.jar;C:\Users\jorge\.gradle\caches\modules-2\files-2.1\org.springframework.boot\spring-boot-test-autoconfigure\2.0.4.RELEASE\8a2e3f31e607fdb08deda2f59263ce177f1c4310\spring-boot-test-autoconfigure-2.0.4.RELEASE.jar;C:\Users\jorge\.gradle\caches\modules-2\files-2.1\org.springframework.boot\spring-boot-test\2.0.4.RELEASE\8a17fc3cf16b6d75f2ba132ade04409a670095de\spring-boot-test-2.0.4.RELEASE.jar;C:\Users\jorge\.gradle\caches\modules-2\files-2.1\org.springframework.boot\spring-boot-autoconfigure\2.0.4.RELEASE\65cd1244d606acc02ab7bfc47a203a3fe2400dda\spring-boot-autoconfigure-2.0.4.RELEASE.jar;C:\Users\jorge\.gradle\caches\modules-2\files-2.1\org.springframework.boot\spring-boot-actuator\2.0.4.RELEASE\9c02c968eb50a7cdc14fc4c7b586d767df6dc48d\spring-boot-actuator-2.0.4.RELEASE.jar;C:\Users\jorge\.gradle\caches\modules-2\files-2.1\org.springframework.boot\spring-boot\2.0.4.RELEASE\c8619c5b06d4dcdb4cac1e5e9c839e6e8b1c8574\spring-boot-2.0.4.RELEASE.jar;C:\Users\jorge\.gradle\caches\modules-2\files-2.1\org.springframework.boot\spring-boot-starter-logging\2.0.4.RELEASE\dcd1a2c431c970f44adae64d9145133979a513ab\spring-boot-starter-logging-2.0.4.RELEASE.jar;C:\Users\jorge\.gradle\caches\modules-2\files-2.1\org.springframework.boot\spring-boot-starter-tomcat\2.0.4.RELEASE\dcf28989a34b0801fea0e810c371fb9dab1e7784\spring-boot-starter-tomcat-2.0.4.RELEASE.jar;C:\Users\jorge\.gradle\caches\modules-2\files-2.1\javax.annotation\javax.annotation-api\1.3.2\934c04d3cfef185a8008e7bf34331b79730a9d43\javax.annotation-api-1.3.2.jar;C:\Users\jorge\.gradle\caches\modules-2\files-2.1\org.springframework.security\spring-security-config\5.0.7.RELEASE\d702e01048687db4ec6c97fb32d28ffbe348b3e\spring-security-config-5.0.7.RELEASE.jar;C:\Users\jorge\.gradle\caches\modules-2\files-2.1\org.springframework.security\spring-security-web\5.0.7.RELEASE\bab3ed579d4550bb5cc40b0a7fddd0106db7c66\spring-security-web-5.0.7.RELEASE.jar;C:\Users\jorge\.gradle\caches\modules-2\files-2.1\org.springframework.hateoas\spring-hateoas\0.25.0.RELEASE\22d1abd575426709734ab83e7d81d6deb4addbf6\spring-hateoas-0.25.0.RELEASE.jar;C:\Users\jorge\.gradle\caches\modules-2\files-2.1\org.springframework\spring-webflux\5.0.8.RELEASE\d16ce1cf6f95771e821619d6ef13c1f0333fafb\spring-webflux-5.0.8.RELEASE.jar;C:\Users\jorge\.gradle\caches\modules-2\files-2.1\org.springframework\spring-webmvc\5.0.8.RELEASE\7e5fe57590ca8e4468e50fe1d92b0b67aa4a327a\spring-webmvc-5.0.8.RELEASE.jar;C:\Users\jorge\.gradle\caches\modules-2\files-2.1\org.springframework\spring-web\5.0.8.RELEASE\fa43cdadb4ab2491fd1d0ddb06c0808e4b60fc85\spring-web-5.0.8.RELEASE.jar;C:\Users\jorge\.gradle\caches\modules-2\files-2.1\org.springframework\spring-test\5.0.8.RELEASE\5782619373bd7e7b7d9106203c317b04bb613ebb\spring-test-5.0.8.RELEASE.jar;C:\Users\jorge\.gradle\caches\modules-2\files-2.1\org.springframework.security\spring-security-core\5.0.7.RELEASE\40a0c57af6b4c3f8c611216d2579c6ab19672694\spring-security-core-5.0.7.RELEASE.jar;C:\Users\jorge\.gradle\caches\modules-2\files-2.1\org.springframework.plugin\spring-plugin-core\1.2.0.RELEASE\f380e7760032e7d929184f8ad8a33716b75c0657\spring-plugin-core-1.2.0.RELEASE.jar;C:\Users\jorge\.gradle\caches\modules-2\files-2.1\org.springframework\spring-context\5.0.8.RELEASE\3a067d8990761111c9b6d1d895640be26cc1fb38\spring-context-5.0.8.RELEASE.jar;C:\Users\jorge\.gradle\caches\modules-2\files-2.1\org.springframework\spring-aop\5.0.8.RELEASE\f5086c1a3185c481104511837427b39a07a57aa2\spring-aop-5.0.8.RELEASE.jar;C:\Users\jorge\.gradle\caches\modules-2\files-2.1\org.springframework\spring-beans\5.0.8.RELEASE\5fc965d3e7f5515099244857a8ae9e2a208c169b\spring-beans-5.0.8.RELEASE.jar;C:\Users\jorge\.gradle\caches\modules-2\files-2.1\org.springframework\spring-expression\5.0.8.RELEASE\f23158f22c917df2cddf2ecebc398a9e95f95fae\spring-expression-5.0.8.RELEASE.jar;C:\Users\jorge\.gradle\caches\modules-2\files-2.1\org.springframework\spring-core\5.0.8.RELEASE\dc39c49e3246cdf73d3786ac41119140aed3fa08\spring-core-5.0.8.RELEASE.jar;C:\Users\jorge\.gradle\caches\modules-2\files-2.1\org.yaml\snakeyaml\1.19\2d998d3d674b172a588e54ab619854d073f555b5\snakeyaml-1.19.jar;C:\Users\jorge\.gradle\caches\modules-2\files-2.1\io.micrometer\micrometer-core\1.0.6\50299bc8a34c251d62311bbb1a297f3942a82e42\micrometer-core-1.0.6.jar;C:\Users\jorge\.gradle\caches\modules-2\files-2.1\org.springframework.boot\spring-boot-starter-reactor-netty\2.0.4.RELEASE\ed4ac88f7fc699a9cbb6ee804a26e2e30239ca35\spring-boot-starter-reactor-netty-2.0.4.RELEASE.jar;C:\Users\jorge\.gradle\caches\modules-2\files-2.1\org.hibernate.validator\hibernate-validator\6.0.11.Final\36f9d10a11e4768f55e8fb91ebe4338a5c43954e\hibernate-validator-6.0.11.Final.jar;C:\Users\jorge\.gradle\caches\modules-2\files-2.1\org.synchronoss.cloud\nio-multipart-parser\1.1.0\c6c417fec6612584b1c34d4dd98c5a4e47e8c754\nio-multipart-parser-1.1.0.jar;C:\Users\jorge\.gradle\caches\modules-2\files-2.1\javax.activation\activation\1.1\e6cb541461c2834bdea3eb920f1884d1eb508b50\activation-1.1.jar;C:\Users\jorge\.gradle\caches\modules-2\files-2.1\com.fasterxml.jackson.datatype\jackson-datatype-jdk8\2.9.6\456895fc91bf7180b216fead220373e6278230c9\jackson-datatype-jdk8-2.9.6.jar;C:\Users\jorge\.gradle\caches\modules-2\files-2.1\com.fasterxml.jackson.module\jackson-module-parameter-names\2.9.6\129acd77a4b6ee30d62d3a0899b1344c8ec2bff8\jackson-module-parameter-names-2.9.6.jar;C:\Users\jorge\.gradle\caches\modules-2\files-2.1\com.fasterxml.jackson.core\jackson-databind\2.9.6\cfa4f316351a91bfd95cb0644c6a2c95f52db1fc\jackson-databind-2.9.6.jar;C:\Users\jorge\.gradle\caches\modules-2\files-2.1\com.fasterxml.jackson.core\jackson-annotations\2.9.0\7c10d545325e3a6e72e06381afe469fd40eb701\jackson-annotations-2.9.0.jar;C:\Users\jorge\.gradle\caches\modules-2\files-2.1\com.fasterxml.jackson.core\jackson-core\2.9.6\4e393793c37c77e042ccc7be5a914ae39251b365\jackson-core-2.9.6.jar;C:\Users\jorge\.gradle\caches\modules-2\files-2.1\com.jayway.jsonpath\json-path\2.4.0\765a4401ceb2dc8d40553c2075eb80a8fa35c2ae\json-path-2.4.0.jar;C:\Users\jorge\.gradle\caches\modules-2\files-2.1\org.powermock\powermock-module-junit4-common\2.0.0-RC.3\f09137abdf1aeea2df214037eab50ed864602c9a\powermock-module-junit4-common-2.0.0-RC.3.jar;C:\Users\jorge\.gradle\caches\modules-2\files-2.1\junit\junit\4.12\2973d150c0dc1fefe998f834810d68f278ea58ec\junit-4.12.jar;C:\Users\jorge\.gradle\caches\modules-2\files-2.1\org.assertj\assertj-core\3.9.1\c5ce126b15f28d56cd8f960c1a6a058b9c9aea87\assertj-core-3.9.1.jar;C:\Users\jorge\.gradle\caches\modules-2\files-2.1\org.mockito\mockito-core\2.15.0\b84bfbbc29cd22c9529409627af6ea2897f4fa85\mockito-core-2.15.0.jar;C:\Users\jorge\.gradle\caches\modules-2\files-2.1\org.hamcrest\hamcrest-library\1.3\4785a3c21320980282f9f33d0d1264a69040538f\hamcrest-library-1.3.jar;C:\Users\jorge\.gradle\caches\modules-2\files-2.1\org.hamcrest\hamcrest-core\1.3\42a25dc3219429f0e5d060061f71acb49bf010a0\hamcrest-core-1.3.jar;C:\Users\jorge\.gradle\caches\modules-2\files-2.1\org.skyscreamer\jsonassert\1.5.0\6c9d5fe2f59da598d9aefc1cfc6528ff3cf32df3\jsonassert-1.5.0.jar;C:\Users\jorge\.gradle\caches\modules-2\files-2.1\org.xmlunit\xmlunit-core\2.5.1\4ffdb346572a7356f7521cd3119ce5287d2e339d\xmlunit-core-2.5.1.jar;C:\Users\jorge\.gradle\caches\modules-2\files-2.1\org.powermock\powermock-api-support\2.0.0-RC.3\a23d6bdbcf865513c9f6992134152be80504e499\powermock-api-support-2.0.0-RC.3.jar;C:\Users\jorge\.gradle\caches\modules-2\files-2.1\ch.qos.logback\logback-classic\1.2.3\7c4f3c474fb2c041d8028740440937705ebb473a\logback-classic-1.2.3.jar;C:\Users\jorge\.gradle\caches\modules-2\files-2.1\org.apache.logging.log4j\log4j-to-slf4j\2.10.0\f7e631ccf49cfc0aefa4a2a728da7d374c05bd3c\log4j-to-slf4j-2.10.0.jar;C:\Users\jorge\.gradle\caches\modules-2\files-2.1\org.slf4j\jul-to-slf4j\1.7.25\af5364cd6679bfffb114f0dec8a157aaa283b76\jul-to-slf4j-1.7.25.jar;C:\Users\jorge\.gradle\caches\modules-2\files-2.1\org.springframework\spring-jcl\5.0.8.RELEASE\a1fa8fb560fb252321776e16bc9ac8201af4ef5e\spring-jcl-5.0.8.RELEASE.jar;C:\Users\jorge\.gradle\caches\modules-2\files-2.1\org.hdrhistogram\HdrHistogram\2.1.10\9e1ac84eed220281841b75e72fb9de5a297fbf04\HdrHistogram-2.1.10.jar;C:\Users\jorge\.gradle\caches\modules-2\files-2.1\org.latencyutils\LatencyUtils\2.0.3\769c0b82cb2421c8256300e907298a9410a2a3d3\LatencyUtils-2.0.3.jar;C:\Users\jorge\.gradle\caches\modules-2\files-2.1\org.synchronoss.cloud\nio-stream-storage\1.1.3\986dba5f6e5eed20f0dba6ddc8e8a64a9ebdc2f3\nio-stream-storage-1.1.3.jar;C:\Users\jorge\.gradle\caches\modules-2\files-2.1\org.slf4j\slf4j-api\1.7.25\da76ca59f6a57ee3102f8f9bd9cee742973efa8a\slf4j-api-1.7.25.jar;C:\Users\jorge\.gradle\caches\modules-2\files-2.1\io.projectreactor.ipc\reactor-netty\0.7.8.RELEASE\fe25c7d3042b6005690f7d243cef987b696a12ee\reactor-netty-0.7.8.RELEASE.jar;C:\Users\jorge\.gradle\caches\modules-2\files-2.1\javax.validation\validation-api\2.0.1.Final\cb855558e6271b1b32e716d24cb85c7f583ce09e\validation-api-2.0.1.Final.jar;C:\Users\jorge\.gradle\caches\modules-2\files-2.1\org.jboss.logging\jboss-logging\3.3.2.Final\3789d00e859632e6c6206adc0c71625559e6e3b0\jboss-logging-3.3.2.Final.jar;C:\Users\jorge\.gradle\caches\modules-2\files-2.1\com.fasterxml\classmate\1.3.4\3d5f48f10bbe4eb7bd862f10c0583be2e0053c6\classmate-1.3.4.jar;C:\Users\jorge\.gradle\caches\modules-2\files-2.1\io.projectreactor\reactor-core\3.1.8.RELEASE\3bcc30f9161d3d17abe44b4aa20e397e5170566e\reactor-core-3.1.8.RELEASE.jar;C:\Users\jorge\.gradle\caches\modules-2\files-2.1\net.minidev\json-smart\2.3\7396407491352ce4fa30de92efb158adb76b5b\json-smart-2.3.jar;C:\Users\jorge\.gradle\caches\modules-2\files-2.1\org.powermock\powermock-core\2.0.0-RC.3\f958479ea1f0d1ba37cf65b6612fccfbaf4d8dd3\powermock-core-2.0.0-RC.3.jar;C:\Users\jorge\.gradle\caches\modules-2\files-2.1\org.powermock\powermock-reflect\2.0.0-RC.3\c10437486ae35b91666c2591fd7b1a8054b4573c\powermock-reflect-2.0.0-RC.3.jar;C:\Users\jorge\.gradle\caches\modules-2\files-2.1\net.bytebuddy\byte-buddy\1.7.11\f02857a4e2c66ccbe7aaad6100a0a6c461bce9b3\byte-buddy-1.7.11.jar;C:\Users\jorge\.gradle\caches\modules-2\files-2.1\net.bytebuddy\byte-buddy-agent\1.7.11\b425a8933ca07edd03c6dbc8bc3b595fba9780de\byte-buddy-agent-1.7.11.jar;C:\Users\jorge\.gradle\caches\modules-2\files-2.1\org.objenesis\objenesis\3.0.1\11cfac598df9dc48bb9ed9357ed04212694b7808\objenesis-3.0.1.jar;C:\Users\jorge\.gradle\caches\modules-2\files-2.1\com.vaadin.external.google\android-json\0.0.20131108.vaadin1\fa26d351fe62a6a17f5cda1287c1c6110dec413f\android-json-0.0.20131108.vaadin1.jar;C:\Users\jorge\.gradle\caches\modules-2\files-2.1\ch.qos.logback\logback-core\1.2.3\864344400c3d4d92dfeb0a305dc87d953677c03c\logback-core-1.2.3.jar;C:\Users\jorge\.gradle\caches\modules-2\files-2.1\org.apache.logging.log4j\log4j-api\2.10.0\fec5797a55b786184a537abd39c3fa1449d752d6\log4j-api-2.10.0.jar;C:\Users\jorge\.gradle\caches\modules-2\files-2.1\org.apache.tomcat.embed\tomcat-embed-websocket\8.5.32\ea5302e378f1449d4e5dda79e8d810c1e7931f91\tomcat-embed-websocket-8.5.32.jar;C:\Users\jorge\.gradle\caches\modules-2\files-2.1\org.apache.tomcat.embed\tomcat-embed-core\8.5.32\6bc6896200146010cc4666bdc6b9b0cbb453ee22\tomcat-embed-core-8.5.32.jar;C:\Users\jorge\.gradle\caches\modules-2\files-2.1\org.apache.tomcat.embed\tomcat-embed-el\8.5.32\e4fd0ee015d83fa1c5ec93ff1d05bdaf9a4480c5\tomcat-embed-el-8.5.32.jar;C:\Users\jorge\.gradle\caches\modules-2\files-2.1\io.netty\netty-handler-proxy\4.1.27.Final\1a822ce7760bc6eb4937b7e448c9e081fedcc807\netty-handler-proxy-4.1.27.Final.jar;C:\Users\jorge\.gradle\caches\modules-2\files-2.1\io.netty\netty-codec-http\4.1.27.Final\a1722d6bcbbef1c4c7877e8bf38b07a3db5ed07f\netty-codec-http-4.1.27.Final.jar;C:\Users\jorge\.gradle\caches\modules-2\files-2.1\io.netty\netty-handler\4.1.27.Final\21bd9cf565390a8d72579b8664303e3c175dfc6a\netty-handler-4.1.27.Final.jar;C:\Users\jorge\.gradle\caches\modules-2\files-2.1\io.netty\netty-transport-native-epoll\4.1.27.Final\8c3a61a7dd53eafe2f0fe31356f1379598f74517\netty-transport-native-epoll-4.1.27.Final-linux-x86_64.jar;C:\Users\jorge\.gradle\caches\modules-2\files-2.1\org.reactivestreams\reactive-streams\1.0.2\323964c36556eb0e6209f65c1cef72b53b461ab8\reactive-streams-1.0.2.jar;C:\Users\jorge\.gradle\caches\modules-2\files-2.1\net.minidev\accessors-smart\1.2\c592b500269bfde36096641b01238a8350f8aa31\accessors-smart-1.2.jar;C:\Users\jorge\.gradle\caches\modules-2\files-2.1\org.javassist\javassist\3.24.0-GA\d7466fc2e3af7c023e95c510f06448ad29b225b3\javassist-3.24.0-GA.jar;C:\Users\jorge\.gradle\caches\modules-2\files-2.1\io.netty\netty-codec-socks\4.1.27.Final\285b09af98764cf02e4b77b3d95af188469a7133\netty-codec-socks-4.1.27.Final.jar;C:\Users\jorge\.gradle\caches\modules-2\files-2.1\io.netty\netty-codec\4.1.27.Final\d2653d78ebaa650064768fb26b10051f5c8efb2c\netty-codec-4.1.27.Final.jar;C:\Users\jorge\.gradle\caches\modules-2\files-2.1\io.netty\netty-transport-native-unix-common\4.1.27.Final\2b0667fe5c1df78c6cfbf9d53ad8b1fb533fb8e8\netty-transport-native-unix-common-4.1.27.Final.jar;C:\Users\jorge\.gradle\caches\modules-2\files-2.1\io.netty\netty-transport\4.1.27.Final\b5c2da3ea89dd67320925f1504c9eb3615241b7c\netty-transport-4.1.27.Final.jar;C:\Users\jorge\.gradle\caches\modules-2\files-2.1\io.netty\netty-buffer\4.1.27.Final\aafe2b9fb0d8f3b200cf10b9fd6486c6a722d7a1\netty-buffer-4.1.27.Final.jar;C:\Users\jorge\.gradle\caches\modules-2\files-2.1\io.netty\netty-resolver\4.1.27.Final\2536447ef9605ccb2b5203aa22392c6514484ea9\netty-resolver-4.1.27.Final.jar;C:\Users\jorge\.gradle\caches\modules-2\files-2.1\io.netty\netty-common\4.1.27.Final\6a12a969c27fb37b230c4bde5a67bd822fa6b7a4\netty-common-4.1.27.Final.jar;C:\Users\jorge\.gradle\caches\modules-2\files-2.1\org.ow2.asm\asm\5.0.4\da08b8cce7bbf903602a25a3a163ae252435795\asm-5.0.4.jar, user.name=jorge, java.vm.specification.version=1.8, sun.java.command=worker.org.gradle.process.internal.worker.GradleWorkerMain 'Gradle Test Executor 1', java.home=C:\Program Files\AdoptOpenJDK\jdk-8.0.242.08-hotspot\jre, sun.arch.data.model=64, user.language=en, java.specification.vendor=Oracle Corporation, awt.toolkit=sun.awt.windows.WToolkit, java.vm.info=mixed mode, java.version=1.8.0_242, java.ext.dirs=C:\Program Files\AdoptOpenJDK\jdk-8.0.242.08-hotspot\jre\lib\ext;C:\Windows\Sun\Java\lib\ext, sun.boot.class.path=C:\Program Files\AdoptOpenJDK\jdk-8.0.242.08-hotspot\jre\lib\resources.jar;C:\Program Files\AdoptOpenJDK\jdk-8.0.242.08-hotspot\jre\lib\rt.jar;C:\Program Files\AdoptOpenJDK\jdk-8.0.242.08-hotspot\jre\lib\sunrsasign.jar;C:\Program Files\AdoptOpenJDK\jdk-8.0.242.08-hotspot\jre\lib\jsse.jar;C:\Program Files\AdoptOpenJDK\jdk-8.0.242.08-hotspot\jre\lib\jce.jar;C:\Program Files\AdoptOpenJDK\jdk-8.0.242.08-hotspot\jre\lib\charsets.jar;C:\Program Files\AdoptOpenJDK\jdk-8.0.242.08-hotspot\jre\lib\jfr.jar;C:\Program Files\AdoptOpenJDK\jdk-8.0.242.08-hotspot\jre\classes, java.vendor=AdoptOpenJDK, org.gradle.test.worker=1, file.separator=\, java.vendor.url.bug=http://bugreport.sun.com/bugreport/, sun.io.unicode.encoding=UnicodeLittle, sun.cpu.endian=little, sun.desktop=windows, sun.cpu.isalist=amd64}}, SystemEnvironmentPropertySource@1665574298 {name='systemEnvironment', properties={USERDOMAIN_ROAMINGPROFILE=DESKTOP-U7U4TE6, PROCESSOR_LEVEL=6, VS140COMNTOOLS=C:\Program Files (x86)\Microsoft Visual Studio 14.0\Common7\Tools\, SESSIONNAME=Console, ALLUSERSPROFILE=C:\ProgramData, PROCESSOR_ARCHITECTURE=AMD64, PSModulePath=C:\Users\jorge\Documents\WindowsPowerShell\Modules;C:\Program Files\WindowsPowerShell\Modules;C:\Windows\system32\WindowsPowerShell\v1.0\Modules, SystemDrive=C:, =ExitCode=00000000, DIRNAME=C:\azure-devops\git\eShopOnContainers\src\Web\WebImapClient\Client\server\, USERNAME=jorge, CMD_LINE_ARGS=b, ProgramFiles(x86)=C:\Program Files (x86), FPS_BROWSER_USER_PROFILE_STRING=Default, APP_HOME=C:\azure-devops\git\eShopOnContainers\src\Web\WebImapClient\Client\server\, PATHEXT=.COM;.EXE;.BAT;.CMD;.VBS;.VBE;.JS;.JSE;.WSF;.WSH;.MSC;.CPL, DriverData=C:\Windows\System32\Drivers\DriverData, OneDriveConsumer=C:\Users\jorge\OneDrive, ProgramData=C:\ProgramData, ProgramW6432=C:\Program Files, HOMEPATH=\Users\jorge, PROCESSOR_IDENTIFIER=Intel64 Family 6 Model 158 Stepping 13, GenuineIntel, ProgramFiles=C:\Program Files, PUBLIC=C:\Users\Public, windir=C:\Windows, =::=::\, _SKIP=2, LOCALAPPDATA=C:\Users\jorge\AppData\Local, ChocolateyLastPathUpdate=132229495750090469, USERDOMAIN=DESKTOP-U7U4TE6, FPS_BROWSER_APP_PROFILE_STRING=Internet Explorer, LOGONSERVER=\\DESKTOP-U7U4TE6, PROMPT=$P$G, OneDrive=C:\Users\jorge\OneDrive, =C:=C:\azure-devops\git\eShopOnContainers\src\Web\WebImapClient\Client\server, APPDATA=C:\Users\jorge\AppData\Roaming, JAVA_EXE=java.exe, ChocolateyInstall=C:\ProgramData\chocolatey, CommonProgramFiles=C:\Program Files\Common Files, Path=C:\Program Files\AdoptOpenJDK\jdk-8.0.242.08-hotspot\bin;C:\Program Files (x86)\Common Files\Oracle\Java\javapath;C:\Python27\;C:\Python27\Scripts;C:\ProgramData\DockerDesktop\version-bin;C:\Program Files\Docker\Docker\Resources\bin;C:\Windows\system32;C:\Windows;C:\Windows\System32\Wbem;C:\Windows\System32\WindowsPowerShell\v1.0\;C:\Windows\System32\OpenSSH\;C:\Program Files (x86)\NVIDIA Corporation\PhysX\Common;C:\Program Files\dotnet\;C:\Program Files\Microsoft SQL Server\130\Tools\Binn\;C:\Program Files\Microsoft SQL Server\Client SDK\ODBC\170\Tools\Binn\;C:\Program Files (x86)\Microsoft SQL Server\150\DTS\Binn\;C:\Program Files\Git\cmd;C:\Program Files (x86)\Microsoft ASP.NET\ASP.NET Web Pages\v1.0\;C:\Program Files\Microsoft SQL Server\110\Tools\Binn\;C:\Windows\system32\config\systemprofile\.dnx\bin;C:\Program Files\Microsoft DNX\Dnvm\;C:\Program Files\nodejs\;C:\ProgramData\chocolatey\bin;C:\Program Files\Microsoft\Web Platform Installer\;C:\Users\jorge\AppData\Local\Microsoft\WindowsApps;C:\Users\jorge\AppData\Local\Programs\Microsoft VS Code\bin;C:\Users\jorge\.dotnet\tools;C:\Users\jorge\AppData\Roaming\npm;C:\Users\jorge\AppData\Local\GitHubDesktop\bin, OS=Windows_NT, COMPUTERNAME=DESKTOP-U7U4TE6, PROCESSOR_REVISION=9e0d, CLASSPATH=C:\azure-devops\git\eShopOnContainers\src\Web\WebImapClient\Client\server\\gradle\wrapper\gradle-wrapper.jar, CommonProgramW6432=C:\Program Files\Common Files, ComSpec=C:\Windows\system32\cmd.exe, APP_BASE_NAME=gradlew, SystemRoot=C:\Windows, TEMP=C:\Users\jorge\AppData\Local\Temp, HOMEDRIVE=C:, USERPROFILE=C:\Users\jorge, TMP=C:\Users\jorge\AppData\Local\Temp, VS110COMNTOOLS=C:\Program Files (x86)\Microsoft Visual Studio 11.0\Common7\Tools\, CommonProgramFiles(x86)=C:\Program Files (x86)\Common Files, NUMBER_OF_PROCESSORS=12}}]
13:25:58.371 [Test worker] DEBUG org.springframework.web.servlet.mvc.method.annotation.RequestMappingHandlerMapping - Looking for request mappings in application context: org.springframework.test.web.servlet.setup.StubWebApplicationContext@5d5291ad
13:25:58.375 [Test worker] DEBUG org.springframework.web.servlet.mvc.method.annotation.RequestMappingHandlerMapping - 18 request handler methods found on class com.marcnuri.isotope.api.folder.FolderResource: {public org.springframework.http.ResponseEntity com.marcnuri.isotope.api.folder.FolderResource.getMessage(java.lang.String,java.lang.Long)={[/v1/folders/{folderId}/messages/{messageId}],methods=[GET]}, public org.springframework.http.ResponseEntity com.marcnuri.isotope.api.folder.FolderResource.setMessageFlagged(java.lang.String,java.lang.Long,boolean)={[/v1/folders/{folderId}/messages/{messageId}/flagged],methods=[PUT]}, public org.springframework.http.ResponseEntity com.marcnuri.isotope.api.folder.FolderResource.createChildFolder(java.lang.String,java.lang.String)={[/v1/folders/{folderId}],methods=[POST],produces=[application/hal+json]}, public org.springframework.http.ResponseEntity com.marcnuri.isotope.api.folder.FolderResource.deleteAllFolderMessages(java.lang.String)={[/v1/folders/{folderId}/messages],methods=[DELETE]}, public org.springframework.http.ResponseEntity com.marcnuri.isotope.api.folder.FolderResource.moveFolder(java.lang.String,java.lang.String)={[/v1/folders/{folderId}/parent],methods=[PUT],produces=[application/hal+json]}, public org.springframework.http.ResponseEntity com.marcnuri.isotope.api.folder.FolderResource.getMessageRaw(java.lang.String,java.lang.Long)={[/v1/folders/{folderId}/messages/{messageId}/raw],methods=[GET]}, public org.springframework.http.ResponseEntity com.marcnuri.isotope.api.folder.FolderResource.setMessagesSeen(java.lang.String,java.lang.Boolean,java.util.List)={[/v1/folders/{folderId}/messages/seen/{seen}],methods=[PUT]}, public org.springframework.http.ResponseEntity com.marcnuri.isotope.api.folder.FolderResource.getFolders(java.lang.Boolean)={[/v1/folders],methods=[GET],produces=[application/hal+json]}, public org.springframework.http.ResponseEntity com.marcnuri.isotope.api.folder.FolderResource.createRootFolder(java.lang.String)={[/v1/folders],methods=[POST],produces=[application/hal+json]}, public org.springframework.http.ResponseEntity com.marcnuri.isotope.api.folder.FolderResource.deleteMessages(java.lang.String,java.util.List)={[/v1/folders/{folderId}/messages],methods=[DELETE],params=[id]}, public reactor.core.publisher.Flux com.marcnuri.isotope.api.folder.FolderResource.getMessages(java.lang.String,javax.servlet.http.HttpServletResponse)={[/v1/folders/{folderId}/messages],methods=[GET],produces=[text/event-stream]}, public org.springframework.http.ResponseEntity com.marcnuri.isotope.api.folder.FolderResource.preloadMessages(java.lang.String,java.util.List)={[/v1/folders/{folderId}/messages],methods=[GET]}, public org.springframework.http.ResponseEntity com.marcnuri.isotope.api.folder.FolderResource.getAttachment(java.lang.String,java.lang.Long,java.lang.String,java.lang.Boolean,javax.servlet.http.HttpServletResponse)={[/v1/folders/{folderId}/messages/{messageId}/attachments/{id}],methods=[GET]}, public org.springframework.http.ResponseEntity com.marcnuri.isotope.api.folder.FolderResource.deleteFolder(java.lang.String)={[/v1/folders/{folderId}],methods=[DELETE],produces=[application/hal+json]}, public org.springframework.http.ResponseEntity com.marcnuri.isotope.api.folder.FolderResource.moveMessages(java.lang.String,java.lang.String,java.util.List)={[/v1/folders/{fromFolderId}/messages/folder/{toFolderId}],methods=[PUT]}, public org.springframework.http.ResponseEntity com.marcnuri.isotope.api.folder.FolderResource.renameFolder(java.lang.String,java.lang.String)={[/v1/folders/{folderId}/name],methods=[PUT],produces=[application/hal+json]}, public org.springframework.http.ResponseEntity com.marcnuri.isotope.api.folder.FolderResource.moveMessage(java.lang.String,java.lang.Long,java.lang.String)={[/v1/folders/{fromFolderId}/messages/{messageId}/folder/{toFolderId}],methods=[PUT]}, public org.springframework.http.ResponseEntity com.marcnuri.isotope.api.folder.FolderResource.setMessageSeen(java.lang.String,java.lang.Long,boolean)={[/v1/folders/{folderId}/messages/{messageId}/seen],methods=[PUT]}}
13:25:58.375 [Test worker] INFO org.springframework.web.servlet.mvc.method.annotation.RequestMappingHandlerMapping - Mapped "{[/v1/folders/{folderId}/messages/{messageId}],methods=[GET]}" onto public org.springframework.http.ResponseEntity<com.marcnuri.isotope.api.message.MessageWithFolder> com.marcnuri.isotope.api.folder.FolderResource.getMessage(java.lang.String,java.lang.Long)
13:25:58.375 [Test worker] INFO org.springframework.web.servlet.mvc.method.annotation.RequestMappingHandlerMapping - Mapped "{[/v1/folders/{folderId}/messages/{messageId}/flagged],methods=[PUT]}" onto public org.springframework.http.ResponseEntity<java.lang.Void> com.marcnuri.isotope.api.folder.FolderResource.setMessageFlagged(java.lang.String,java.lang.Long,boolean)
13:25:58.375 [Test worker] INFO org.springframework.web.servlet.mvc.method.annotation.RequestMappingHandlerMapping - Mapped "{[/v1/folders/{folderId}],methods=[POST],produces=[application/hal+json]}" onto public org.springframework.http.ResponseEntity<com.marcnuri.isotope.api.folder.Folder> com.marcnuri.isotope.api.folder.FolderResource.createChildFolder(java.lang.String,java.lang.String)
13:25:58.375 [Test worker] INFO org.springframework.web.servlet.mvc.method.annotation.RequestMappingHandlerMapping - Mapped "{[/v1/folders/{folderId}/messages],methods=[DELETE]}" onto public org.springframework.http.ResponseEntity<com.marcnuri.isotope.api.folder.Folder> com.marcnuri.isotope.api.folder.FolderResource.deleteAllFolderMessages(java.lang.String)
13:25:58.375 [Test worker] INFO org.springframework.web.servlet.mvc.method.annotation.RequestMappingHandlerMapping - Mapped "{[/v1/folders/{folderId}/parent],methods=[PUT],produces=[application/hal+json]}" onto public org.springframework.http.ResponseEntity<com.marcnuri.isotope.api.folder.Folder> com.marcnuri.isotope.api.folder.FolderResource.moveFolder(java.lang.String,java.lang.String)
13:25:58.376 [Test worker] INFO org.springframework.web.servlet.mvc.method.annotation.RequestMappingHandlerMapping - Mapped "{[/v1/folders/{folderId}/messages/{messageId}/raw],methods=[GET]}" onto public org.springframework.http.ResponseEntity<java.lang.String> com.marcnuri.isotope.api.folder.FolderResource.getMessageRaw(java.lang.String,java.lang.Long)
13:25:58.376 [Test worker] INFO org.springframework.web.servlet.mvc.method.annotation.RequestMappingHandlerMapping - Mapped "{[/v1/folders/{folderId}/messages/seen/{seen}],methods=[PUT]}" onto public org.springframework.http.ResponseEntity<java.lang.Void> com.marcnuri.isotope.api.folder.FolderResource.setMessagesSeen(java.lang.String,java.lang.Boolean,java.util.List<java.lang.Long>)
13:25:58.376 [Test worker] INFO org.springframework.web.servlet.mvc.method.annotation.RequestMappingHandlerMapping - Mapped "{[/v1/folders],methods=[GET],produces=[application/hal+json]}" onto public org.springframework.http.ResponseEntity<java.util.List<com.marcnuri.isotope.api.folder.Folder>> com.marcnuri.isotope.api.folder.FolderResource.getFolders(java.lang.Boolean)
13:25:58.376 [Test worker] INFO org.springframework.web.servlet.mvc.method.annotation.RequestMappingHandlerMapping - Mapped "{[/v1/folders],methods=[POST],produces=[application/hal+json]}" onto public org.springframework.http.ResponseEntity<java.util.List<com.marcnuri.isotope.api.folder.Folder>> com.marcnuri.isotope.api.folder.FolderResource.createRootFolder(java.lang.String)
13:25:58.376 [Test worker] INFO org.springframework.web.servlet.mvc.method.annotation.RequestMappingHandlerMapping - Mapped "{[/v1/folders/{folderId}/messages],methods=[DELETE],params=[id]}" onto public org.springframework.http.ResponseEntity<com.marcnuri.isotope.api.folder.Folder> com.marcnuri.isotope.api.folder.FolderResource.deleteMessages(java.lang.String,java.util.List<java.lang.Long>)
13:25:58.376 [Test worker] INFO org.springframework.web.servlet.mvc.method.annotation.RequestMappingHandlerMapping - Mapped "{[/v1/folders/{folderId}/messages],methods=[GET],produces=[text/event-stream]}" onto public reactor.core.publisher.Flux<org.springframework.http.codec.ServerSentEvent<java.util.List<com.marcnuri.isotope.api.message.Message>>> com.marcnuri.isotope.api.folder.FolderResource.getMessages(java.lang.String,javax.servlet.http.HttpServletResponse)
13:25:58.376 [Test worker] INFO org.springframework.web.servlet.mvc.method.annotation.RequestMappingHandlerMapping - Mapped "{[/v1/folders/{folderId}/messages],methods=[GET]}" onto public org.springframework.http.ResponseEntity<java.util.List<com.marcnuri.isotope.api.message.Message>> com.marcnuri.isotope.api.folder.FolderResource.preloadMessages(java.lang.String,java.util.List<java.lang.Long>)
13:25:58.376 [Test worker] INFO org.springframework.web.servlet.mvc.method.annotation.RequestMappingHandlerMapping - Mapped "{[/v1/folders/{folderId}/messages/{messageId}/attachments/{id}],methods=[GET]}" onto public org.springframework.http.ResponseEntity<java.lang.Void> com.marcnuri.isotope.api.folder.FolderResource.getAttachment(java.lang.String,java.lang.Long,java.lang.String,java.lang.Boolean,javax.servlet.http.HttpServletResponse)
13:25:58.377 [Test worker] INFO org.springframework.web.servlet.mvc.method.annotation.RequestMappingHandlerMapping - Mapped "{[/v1/folders/{folderId}],methods=[DELETE],produces=[application/hal+json]}" onto public org.springframework.http.ResponseEntity<com.marcnuri.isotope.api.folder.Folder> com.marcnuri.isotope.api.folder.FolderResource.deleteFolder(java.lang.String)
13:25:58.377 [Test worker] INFO org.springframework.web.servlet.mvc.method.annotation.RequestMappingHandlerMapping - Mapped "{[/v1/folders/{fromFolderId}/messages/folder/{toFolderId}],methods=[PUT]}" onto public org.springframework.http.ResponseEntity<java.util.List<com.marcnuri.isotope.api.message.MessageWithFolder>> com.marcnuri.isotope.api.folder.FolderResource.moveMessages(java.lang.String,java.lang.String,java.util.List<java.lang.Long>)
13:25:58.377 [Test worker] INFO org.springframework.web.servlet.mvc.method.annotation.RequestMappingHandlerMapping - Mapped "{[/v1/folders/{folderId}/name],methods=[PUT],produces=[application/hal+json]}" onto public org.springframework.http.ResponseEntity<com.marcnuri.isotope.api.folder.Folder> com.marcnuri.isotope.api.folder.FolderResource.renameFolder(java.lang.String,java.lang.String)
13:25:58.377 [Test worker] INFO org.springframework.web.servlet.mvc.method.annotation.RequestMappingHandlerMapping - Mapped "{[/v1/folders/{fromFolderId}/messages/{messageId}/folder/{toFolderId}],methods=[PUT]}" onto public org.springframework.http.ResponseEntity<java.util.List<com.marcnuri.isotope.api.message.MessageWithFolder>> com.marcnuri.isotope.api.folder.FolderResource.moveMessage(java.lang.String,java.lang.Long,java.lang.String)
13:25:58.377 [Test worker] INFO org.springframework.web.servlet.mvc.method.annotation.RequestMappingHandlerMapping - Mapped "{[/v1/folders/{folderId}/messages/{messageId}/seen],methods=[PUT]}" onto public org.springframework.http.ResponseEntity<java.lang.Void> com.marcnuri.isotope.api.folder.FolderResource.setMessageSeen(java.lang.String,java.lang.Long,boolean)
13:25:58.383 [Test worker] DEBUG org.hibernate.validator.internal.engine.resolver.TraversableResolvers - Cannot find javax.persistence.Persistence on classpath. Assuming non JPA 2 environment. All properties will per default be traversable.
13:25:58.383 [Test worker] DEBUG org.hibernate.validator.messageinterpolation.ResourceBundleMessageInterpolator - Loaded expression factory via original TCCL
13:25:58.384 [Test worker] DEBUG org.hibernate.validator.internal.engine.ConfigurationImpl - Setting custom MessageInterpolator of type org.springframework.validation.beanvalidation.LocaleContextMessageInterpolator
13:25:58.384 [Test worker] DEBUG org.hibernate.validator.internal.engine.ConfigurationImpl - Setting custom ParameterNameProvider of type org.springframework.validation.beanvalidation.LocalValidatorFactoryBean$1
13:25:58.384 [Test worker] DEBUG org.hibernate.validator.internal.xml.config.ValidationXmlParser - Trying to load META-INF/validation.xml for XML based Validator configuration.
13:25:58.384 [Test worker] DEBUG org.hibernate.validator.internal.xml.config.ResourceLoaderHelper - Trying to load META-INF/validation.xml via TCCL
13:25:58.384 [Test worker] DEBUG org.hibernate.validator.internal.xml.config.ResourceLoaderHelper - Trying to load META-INF/validation.xml via Hibernate Validator's class loader
13:25:58.385 [Test worker] DEBUG org.hibernate.validator.internal.xml.config.ValidationXmlParser - No META-INF/validation.xml found. Using annotation based configuration only.
13:25:58.388 [Test worker] DEBUG org.hibernate.validator.internal.engine.ValidatorFactoryImpl - HV000234: Using org.springframework.validation.beanvalidation.LocaleContextMessageInterpolator as ValidatorFactory-scoped message interpolator.
13:25:58.389 [Test worker] DEBUG org.hibernate.validator.internal.engine.ValidatorFactoryImpl - HV000234: Using org.hibernate.validator.internal.engine.resolver.TraverseAllTraversableResolver as ValidatorFactory-scoped traversable resolver.
13:25:58.389 [Test worker] DEBUG org.hibernate.validator.internal.engine.ValidatorFactoryImpl - HV000234: Using org.hibernate.validator.internal.util.ExecutableParameterNameProvider as ValidatorFactory-scoped parameter name provider.
13:25:58.389 [Test worker] DEBUG org.hibernate.validator.internal.engine.ValidatorFactoryImpl - HV000234: Using org.hibernate.validator.internal.engine.DefaultClockProvider as ValidatorFactory-scoped clock provider.
13:25:58.389 [Test worker] DEBUG org.hibernate.validator.internal.engine.ValidatorFactoryImpl - HV000234: Using org.hibernate.validator.internal.engine.scripting.DefaultScriptEvaluatorFactory as ValidatorFactory-scoped script evaluator factory.
13:25:58.389 [Test worker] INFO org.springframework.web.servlet.mvc.method.annotation.RequestMappingHandlerAdapter - Looking for @ControllerAdvice: org.springframework.test.web.servlet.setup.StubWebApplicationContext@5d5291ad
13:25:58.391 [Test worker] DEBUG org.springframework.web.servlet.mvc.method.annotation.ExceptionHandlerExceptionResolver - Looking for exception mappings: org.springframework.test.web.servlet.setup.StubWebApplicationContext@5d5291ad
13:25:58.392 [Test worker] DEBUG org.springframework.test.web.servlet.TestDispatcherServlet - Initializing servlet ''
13:25:58.392 [Test worker] INFO org.springframework.mock.web.MockServletContext - Initializing Spring FrameworkServlet ''
13:25:58.392 [Test worker] INFO org.springframework.test.web.servlet.TestDispatcherServlet - FrameworkServlet '': initialization started
13:25:58.392 [Test worker] DEBUG org.springframework.test.web.servlet.TestDispatcherServlet - Unable to locate MultipartResolver with name 'multipartResolver': no multipart request handling provided
13:25:58.392 [Test worker] DEBUG org.springframework.test.web.servlet.TestDispatcherServlet - Using LocaleResolver [org.springframework.web.servlet.i18n.AcceptHeaderLocaleResolver@24cc2320]
13:25:58.392 [Test worker] DEBUG org.springframework.test.web.servlet.TestDispatcherServlet - Using ThemeResolver [org.springframework.web.servlet.theme.FixedThemeResolver@44185767]
13:25:58.392 [Test worker] DEBUG org.springframework.test.web.servlet.TestDispatcherServlet - Using RequestToViewNameTranslator [org.springframework.web.servlet.view.DefaultRequestToViewNameTranslator@25276f06]
13:25:58.392 [Test worker] DEBUG org.springframework.test.web.servlet.TestDispatcherServlet - Using FlashMapManager [org.springframework.web.servlet.support.SessionFlashMapManager@5b0e204]
13:25:58.392 [Test worker] DEBUG org.springframework.test.web.servlet.TestDispatcherServlet - Published WebApplicationContext of servlet '' as ServletContext attribute with name [org.springframework.web.servlet.FrameworkServlet.CONTEXT.]
13:25:58.392 [Test worker] INFO org.springframework.test.web.servlet.TestDispatcherServlet - FrameworkServlet '': initialization completed in 0 ms
13:25:58.392 [Test worker] DEBUG org.springframework.test.web.servlet.TestDispatcherServlet - Servlet '' configured successfully
13:25:58.392 [Test worker] DEBUG org.springframework.test.web.servlet.TestDispatcherServlet - DispatcherServlet with name '' processing POST request for [/v1/folders]
13:25:58.393 [Test worker] DEBUG org.springframework.web.servlet.mvc.method.annotation.RequestMappingHandlerMapping - Looking up handler method for path /v1/folders
13:25:58.393 [Test worker] DEBUG org.springframework.web.servlet.mvc.method.annotation.RequestMappingHandlerMapping - Returning handler method [public org.springframework.http.ResponseEntity<java.util.List<com.marcnuri.isotope.api.folder.Folder>> com.marcnuri.isotope.api.folder.FolderResource.createRootFolder(java.lang.String)]
13:25:58.393 [Test worker] DEBUG org.springframework.web.servlet.mvc.method.annotation.RequestResponseBodyMethodProcessor - Read [class java.lang.String] as "application/json" with [org.springframework.http.converter.StringHttpMessageConverter@402004b1]
13:25:58.393 [Test worker] DEBUG com.marcnuri.isotope.api.folder.FolderResource - Creating new 1st level folder with name new-folder
13:25:58.394 [Test worker] DEBUG org.springframework.beans.factory.support.DefaultListableBeanFactory - Returning cached instance of singleton bean 'prototypeImapService'
13:25:58.404 [Test worker] DEBUG org.springframework.web.servlet.mvc.method.annotation.HttpEntityMethodProcessor - Written [[links: [<http://localhost/v1/folders/new-folder>;rel="self", <http://localhost/v1/folders/new-folder/messages>;rel="messages", <http://localhost/v1/folders/new-folder>;rel="delete", <http://localhost/v1/folders/new-folder/name>;rel="rename", <http://localhost/v1/folders/new-folder/parent>;rel="move", <http://localhost/v1/folders/new-folder/messages/{messageId}>;rel="message", <http://localhost/v1/folders/new-folder/messages/{messageId}/flagged>;rel="message.flagged", <http://localhost/v1/folders/new-folder/messages/{messageId}/folder/{toFolderId}>;rel="message.move", <http://localhost/v1/folders/new-folder/messages/folder/{toFolderId}>;rel="message.move.bulk", <http://localhost/v1/folders/new-folder/messages/{messageId}/seen>;rel="message.seen", <http://localhost/v1/folders/new-folder/messages/seen/{seen}>;rel="message.seen.bulk"]]] as "application/hal+json" using [org.springframework.http.converter.json.MappingJackson2HttpMessageConverter@1aa3338b]
13:25:58.404 [Test worker] DEBUG org.springframework.test.web.servlet.TestDispatcherServlet - Null ModelAndView returned to DispatcherServlet with name '': assuming HandlerAdapter completed request handling
13:25:58.404 [Test worker] DEBUG org.springframework.test.web.servlet.TestDispatcherServlet - Successfully completed request
13:25:58.404 [Test worker] DEBUG com.jayway.jsonpath.internal.path.CompiledPath - Evaluating path: $
13:25:58.405 [Test worker] DEBUG com.jayway.jsonpath.internal.path.CompiledPath - Evaluating path: $[0]['folderId']
13:25:58.405 [Test worker] DEBUG org.springframework.test.context.cache.DefaultCacheAwareContextLoaderDelegate - Retrieved ApplicationContext from cache with key [[MergedContextConfiguration@6692e92d testClass = FolderResourceTest, locations = '{}', classes = '{class com.marcnuri.isotope.api.folder.FolderResource}', contextInitializerClasses = '[]', activeProfiles = '{}', propertySourceLocations = '{}', propertySourceProperties = '{}', contextCustomizers = set[org.springframework.boot.test.autoconfigure.properties.PropertyMappingContextCustomizer@0, org.springframework.boot.test.autoconfigure.web.servlet.WebDriverContextCustomizerFactory$Customizer@2dc9ad67, org.springframework.boot.test.context.filter.ExcludeFilterContextCustomizer@7975bbf7, org.springframework.boot.test.json.DuplicateJsonObjectContextCustomizerFactory$DuplicateJsonObjectContextCustomizer@2dd9ed03, org.springframework.boot.test.mock.mockito.MockitoContextCustomizer@570072aa], contextLoader = 'org.springframework.test.context.support.DelegatingSmartContextLoader', parent = [null]]]
13:25:58.405 [Test worker] DEBUG org.springframework.test.context.cache - Spring test ApplicationContext cache statistics: [DefaultContextCache@10c13e31 size = 2, maxSize = 32, parentContextCount = 0, hitCount = 122, missCount = 2]
13:25:58.405 [Test worker] DEBUG org.springframework.beans.factory.support.DefaultListableBeanFactory - Returning cached instance of singleton bean 'org.springframework.boot.test.mock.mockito.MockitoBeans'
13:25:58.405 [Test worker] DEBUG org.springframework.test.context.cache.DefaultCacheAwareContextLoaderDelegate - Retrieved ApplicationContext from cache with key [[MergedContextConfiguration@6692e92d testClass = FolderResourceTest, locations = '{}', classes = '{class com.marcnuri.isotope.api.folder.FolderResource}', contextInitializerClasses = '[]', activeProfiles = '{}', propertySourceLocations = '{}', propertySourceProperties = '{}', contextCustomizers = set[org.springframework.boot.test.autoconfigure.properties.PropertyMappingContextCustomizer@0, org.springframework.boot.test.autoconfigure.web.servlet.WebDriverContextCustomizerFactory$Customizer@2dc9ad67, org.springframework.boot.test.context.filter.ExcludeFilterContextCustomizer@7975bbf7, org.springframework.boot.test.json.DuplicateJsonObjectContextCustomizerFactory$DuplicateJsonObjectContextCustomizer@2dd9ed03, org.springframework.boot.test.mock.mockito.MockitoContextCustomizer@570072aa], contextLoader = 'org.springframework.test.context.support.DelegatingSmartContextLoader', parent = [null]]]
13:25:58.405 [Test worker] DEBUG org.springframework.test.context.cache - Spring test ApplicationContext cache statistics: [DefaultContextCache@10c13e31 size = 2, maxSize = 32, parentContextCount = 0, hitCount = 123, missCount = 2]
13:25:58.406 [Test worker] DEBUG org.springframework.test.context.cache.DefaultCacheAwareContextLoaderDelegate - Retrieved ApplicationContext from cache with key [[MergedContextConfiguration@6692e92d testClass = FolderResourceTest, locations = '{}', classes = '{class com.marcnuri.isotope.api.folder.FolderResource}', contextInitializerClasses = '[]', activeProfiles = '{}', propertySourceLocations = '{}', propertySourceProperties = '{}', contextCustomizers = set[org.springframework.boot.test.autoconfigure.properties.PropertyMappingContextCustomizer@0, org.springframework.boot.test.autoconfigure.web.servlet.WebDriverContextCustomizerFactory$Customizer@2dc9ad67, org.springframework.boot.test.context.filter.ExcludeFilterContextCustomizer@7975bbf7, org.springframework.boot.test.json.DuplicateJsonObjectContextCustomizerFactory$DuplicateJsonObjectContextCustomizer@2dd9ed03, org.springframework.boot.test.mock.mockito.MockitoContextCustomizer@570072aa], contextLoader = 'org.springframework.test.context.support.DelegatingSmartContextLoader', parent = [null]]]
13:25:58.406 [Test worker] DEBUG org.springframework.test.context.cache - Spring test ApplicationContext cache statistics: [DefaultContextCache@10c13e31 size = 2, maxSize = 32, parentContextCount = 0, hitCount = 124, missCount = 2]
13:25:58.406 [Test worker] DEBUG reactor.core.publisher.Hooks - Reset to factory defaults : onLastOperator
13:25:58.407 [Test worker] DEBUG org.springframework.test.context.support.AbstractDirtiesContextTestExecutionListener - After test method: context [DefaultTestContext@2ff6fc48 testClass = FolderResourceTest, testInstance = com.marcnuri.isotope.api.folder.FolderResourceTest@5fa6248a, testMethod = createRootFolder_validNewName_shouldReturnOk@FolderResourceTest, testException = [null], mergedContextConfiguration = [MergedContextConfiguration@6692e92d testClass = FolderResourceTest, locations = '{}', classes = '{class com.marcnuri.isotope.api.folder.FolderResource}', contextInitializerClasses = '[]', activeProfiles = '{}', propertySourceLocations = '{}', propertySourceProperties = '{}', contextCustomizers = set[org.springframework.boot.test.autoconfigure.properties.PropertyMappingContextCustomizer@0, org.springframework.boot.test.autoconfigure.web.servlet.WebDriverContextCustomizerFactory$Customizer@2dc9ad67, org.springframework.boot.test.context.filter.ExcludeFilterContextCustomizer@7975bbf7, org.springframework.boot.test.json.DuplicateJsonObjectContextCustomizerFactory$DuplicateJsonObjectContextCustomizer@2dd9ed03, org.springframework.boot.test.mock.mockito.MockitoContextCustomizer@570072aa], contextLoader = 'org.springframework.test.context.support.DelegatingSmartContextLoader', parent = [null]], attributes = map[[empty]]], class annotated with @DirtiesContext [false] with mode [null], method annotated with @DirtiesContext [false] with mode [null].
13:25:58.407 [Test worker] DEBUG org.springframework.test.context.support.AbstractDirtiesContextTestExecutionListener - After test class: context [DefaultTestContext@2ff6fc48 testClass = FolderResourceTest, testInstance = [null], testMethod = [null], testException = [null], mergedContextConfiguration = [MergedContextConfiguration@6692e92d testClass = FolderResourceTest, locations = '{}', classes = '{class com.marcnuri.isotope.api.folder.FolderResource}', contextInitializerClasses = '[]', activeProfiles = '{}', propertySourceLocations = '{}', propertySourceProperties = '{}', contextCustomizers = set[org.springframework.boot.test.autoconfigure.properties.PropertyMappingContextCustomizer@0, org.springframework.boot.test.autoconfigure.web.servlet.WebDriverContextCustomizerFactory$Customizer@2dc9ad67, org.springframework.boot.test.context.filter.ExcludeFilterContextCustomizer@7975bbf7, org.springframework.boot.test.json.DuplicateJsonObjectContextCustomizerFactory$DuplicateJsonObjectContextCustomizer@2dd9ed03, org.springframework.boot.test.mock.mockito.MockitoContextCustomizer@570072aa], contextLoader = 'org.springframework.test.context.support.DelegatingSmartContextLoader', parent = [null]], attributes = map[[empty]]], class annotated with @DirtiesContext [false] with mode [null].
]]></system-out>
  <system-err><![CDATA[]]></system-err>
</testsuite>
