<?xml version="1.0" encoding="UTF-8"?>
<testsuite name="com.marcnuri.isotope.api.credentials.CredentialsRefreshFilterTest" tests="2" skipped="0" failures="0" errors="0" timestamp="2020-02-10T08:21:26" hostname="DESKTOP-PCQTJ6P" time="0.003">
  <properties/>
  <testcase name="doFilter_authenticatedUser_shouldRefreshCredentials" classname="com.marcnuri.isotope.api.credentials.CredentialsRefreshFilterTest" time="0.002"/>
  <testcase name="doFilter_unAuthenticatedUser_shouldRefreshCredentials" classname="com.marcnuri.isotope.api.credentials.CredentialsRefreshFilterTest" time="0.001"/>
  <system-out><![CDATA[]]></system-out>
  <system-err><![CDATA[]]></system-err>
</testsuite>
