<?xml version="1.0" encoding="UTF-8"?>
<testsuite name="com.marcnuri.isotope.api.credentials.CredentialsAuthenticationFilterTest" tests="3" skipped="0" failures="0" errors="0" timestamp="2020-06-26T10:32:25" hostname="DESKTOP-U7U4TE6" time="1.095">
  <properties/>
  <testcase name="doFilter_nonMatchingRequest_shouldNotSetAuthentication" classname="com.marcnuri.isotope.api.credentials.CredentialsAuthenticationFilterTest" time="1.057"/>
  <testcase name="doFilter_validRequestAndInvalidAuthentication_shouldReturnUnauthorized" classname="com.marcnuri.isotope.api.credentials.CredentialsAuthenticationFilterTest" time="0.036"/>
  <testcase name="doFilter_validRequestAndAuthentication_shouldSetAuthentication" classname="com.marcnuri.isotope.api.credentials.CredentialsAuthenticationFilterTest" time="0.001"/>
  <system-out><![CDATA[12:32:26.163 [Test worker] INFO com.marcnuri.isotope.api.credentials.CredentialsAuthenticationFilter - Couldn't authenticate request
]]></system-out>
  <system-err><![CDATA[]]></system-err>
</testsuite>
