<?xml version="1.0" encoding="UTF-8"?>
<testsuite name="com.marcnuri.isotope.api.folder.FolderUtilsTest" tests="8" skipped="0" failures="0" errors="0" timestamp="2020-03-04T12:25:58" hostname="DESKTOP-U7U4TE6" time="0.383">
  <properties/>
  <testcase name="getFileWithRef_URLNameWithEndHash_shouldReturnProperFolderName" classname="com.marcnuri.isotope.api.folder.FolderUtilsTest" time="0.001"/>
  <testcase name="getFileWithRef_URLNameWithHash_shouldReturnProperFolderName" classname="com.marcnuri.isotope.api.folder.FolderUtilsTest" time="0.0"/>
  <testcase name="renameFolder_validFolderAndName_shouldReturnParentWithRenamedChild" classname="com.marcnuri.isotope.api.folder.FolderUtilsTest" time="0.308"/>
  <testcase name="addSystemFolders_emptyList_shouldAddTrashFolder" classname="com.marcnuri.isotope.api.folder.FolderUtilsTest" time="0.002"/>
  <testcase name="addSystemFolders_listWithTrashAttribute_shouldDoNothing" classname="com.marcnuri.isotope.api.folder.FolderUtilsTest" time="0.067"/>
  <testcase name="getFileWithRef_URLNameWithNoHash_shouldReturnProperFolderName" classname="com.marcnuri.isotope.api.folder.FolderUtilsTest" time="0.0"/>
  <testcase name="renameFolder_validFolderAndInvalidName_shouldThrowException" classname="com.marcnuri.isotope.api.folder.FolderUtilsTest" time="0.001"/>
  <testcase name="addSystemFolders_listWithTrashFolderName_shouldAddAttributeToExistingTrash" classname="com.marcnuri.isotope.api.folder.FolderUtilsTest" time="0.003"/>
  <system-out><![CDATA[]]></system-out>
  <system-err><![CDATA[]]></system-err>
</testsuite>
